9.6911 	WARNING 	User requested fullscreen with size [2560 1440], but screen is actually [3840, 2160]. Using actual size
12.9791 	WARNING 	Couldn't measure a consistent frame rate!
  - Is your graphics card set to sync to vertical blank?
  - Are you running other processes on your computer?

12.9794 	EXP 	Created window1 = Window(allowGUI=False, allowStencil=False, autoLog=True, backendConf=UNKNOWN, bitsMode=UNKNOWN, blendMode='avg', bpc=(8, 8, 8), color=array([0, 0, 0]), colorSpace='rgb', depthBits=8, fullscr=<method-wrapper '__getattribute__' of attributeSetter object at 0x000002BE2CB09B20>, gamma=None, gammaErrorPolicy='raise', lms=UNKNOWN, monitor=<psychopy.monitors.calibTools.Monitor object at 0x000002BE2E7B60A0>, multiSample=False, name='window1', numSamples=2, pos=(0, 0), screen=0, size=array([3840, 2160]), stencilBits=0, stereo=False, units='height', useFBO=True, useRetina=False, viewOri=0.0, viewPos=None, viewScale=None, waitBlanking=True, winType='pyglet')
12.9798 	EXP 	window1: mouseVisible = True
12.9798 	EXP 	window1: Attempting to measure frame rate of screen (0) ...
12.9798 	EXP 	window1: recordFrameIntervals = False
13.2130 	EXP 	window1: recordFrameIntervals = True
13.2647 	WARNING 	t of last frame was 21.77ms (=1/45)
13.3131 	WARNING 	t of last frame was 32.99ms (=1/30)
13.3430 	WARNING 	t of last frame was 29.91ms (=1/33)
13.3647 	WARNING 	t of last frame was 21.72ms (=1/46)
13.4135 	WARNING 	Multiple dropped frames have occurred - I'll stop bothering you about them!
15.2662 	WARNING 	Couldn't measure a consistent frame rate!
  - Is your graphics card set to sync to vertical blank?
  - Are you running other processes on your computer?

17.2786 	EXP 	Created text = TextStim(__class__=<class 'psychopy.visual.text.TextStim'>, alignHoriz=method-wrapper(...), alignText='center', alignVert=method-wrapper(...), anchorHoriz='center', anchorVert='center', antialias=True, autoLog=True, bold=False, color=array([1., 1., 1.]), colorSpace='rgb', contrast=1.0, depth=-3.0, flipHoriz=False, flipVert=False, font='Open Sans', fontFiles=[], height=0.05, italic=False, languageStyle='LTR', name='text', opacity=1, ori=0.0, pos=array([0., 0.]), rgb=UNKNOWN, text=str(...), units='height', win=Window(...), wrapWidth=1)
17.2804 	EXP 	Created blank_txt = TextStim(__class__=<class 'psychopy.visual.text.TextStim'>, alignHoriz=method-wrapper(...), alignText='center', alignVert=method-wrapper(...), anchorHoriz='center', anchorVert='center', antialias=True, autoLog=True, bold=False, color=array([1., 1., 1.]), colorSpace='rgb', contrast=1.0, depth=0.0, flipHoriz=False, flipVert=False, font='Open Sans', fontFiles=[], height=0.1, italic=False, languageStyle='LTR', name='blank_txt', opacity=1, ori=0.0, pos=array([0., 0.]), rgb=UNKNOWN, text='', units='height', win=Window(...), wrapWidth=1)
17.3362 	EXP 	Sound tProbe set volume 1.000
17.3375 	EXP 	Created you_done_goofed = TextStim(__class__=<class 'psychopy.visual.text.TextStim'>, alignHoriz=method-wrapper(...), alignText='center', alignVert=method-wrapper(...), anchorHoriz='center', anchorVert='center', antialias=True, autoLog=True, bold=False, color=array([1., 1., 1.]), colorSpace='rgb', contrast=1.0, depth=-1.0, flipHoriz=False, flipVert=False, font='Open Sans', fontFiles=[], height=0.05, italic=False, languageStyle='LTR', name='you_done_goofed', opacity=1, ori=0.0, pos=array([0., 0.]), rgb=UNKNOWN, text='', units='height', win=Window(...), wrapWidth=1)
17.6450 	EXP 	Created text_2 = TextStim(__class__=<class 'psychopy.visual.text.TextStim'>, alignHoriz=method-wrapper(...), alignText='center', alignVert=method-wrapper(...), anchorHoriz='center', anchorVert='center', antialias=True, autoLog=True, bold=False, color=array([1., 1., 1.]), colorSpace='rgb', contrast=1.0, depth=-2.0, flipHoriz=False, flipVert=False, font='Open Sans', fontFiles=[], height=0.05, italic=False, languageStyle='LTR', name='text_2', opacity=1, ori=0.0, pos=array([0., 0.]), rgb=UNKNOWN, text='', units='height', win=Window(...), wrapWidth=1)
17.6463 	EXP 	Created blank_txt = TextStim(__class__=<class 'psychopy.visual.text.TextStim'>, alignHoriz=method-wrapper(...), alignText='center', alignVert=method-wrapper(...), anchorHoriz='center', anchorVert='center', antialias=True, autoLog=True, bold=False, color=array([1., 1., 1.]), colorSpace='rgb', contrast=1.0, depth=0.0, flipHoriz=False, flipVert=False, font='Open Sans', fontFiles=[], height=0.1, italic=False, languageStyle='LTR', name='blank_txt', opacity=1, ori=0.0, pos=array([0., 0.]), rgb=UNKNOWN, text='', units='height', win=Window(...), wrapWidth=1)
17.6584 	EXP 	Sound probe set volume 1.000
17.6689 	EXP 	Created goodbye_text = TextStim(__class__=<class 'psychopy.visual.text.TextStim'>, alignHoriz=method-wrapper(...), alignText='center', alignVert=method-wrapper(...), anchorHoriz='center', anchorVert='center', antialias=True, autoLog=True, bold=False, color=array([1., 1., 1.]), colorSpace='rgb', contrast=1.0, depth=0.0, flipHoriz=False, flipVert=False, font='Open Sans', fontFiles=[], height=0.05, italic=False, languageStyle='LTR', name='goodbye_text', opacity=1, ori=0.0, pos=array([0., 0.]), rgb=UNKNOWN, text=str(...), units='height', win=Window(...), wrapWidth=1)
17.6713 	EXP 	Created fixation_cross = ShapeStim(__class__=<class 'psychopy.visual.shape.ShapeStim'>, anchor=('center', 'center'), autoDraw=False, autoLog=True, closeShape=True, color=method-wrapper(...), colorSpace='rgb', contrast=None, depth=-3.0, fillColor=array([1, 1, 1]), fillColorSpace='rgb', fillRGB=array([1, 1, 1]), interpolate=True, lineColor=array([1., 1., 1.]), lineColorSpace='rgb', lineRGB=array([1, 1, 1]), lineWidth=1.0, name='fixation_cross', opacity=1, ori=0.0, pos=array([0., 0.]), size=array([0.15, 0.15]), units='height', vertices=ndarray(...), win=Window(...), windingRule=None)
17.6846 	EXP 	text: autoDraw = True
92.2148 	DATA 	Keypress: g
92.2354 	EXP 	text: autoDraw = False
92.2354 	EXP 	blank_txt: autoDraw = True
93.2308 	EXP 	Created sequence: random, trialTypes=1, nReps=3, seed=None
93.2310 	EXP 	New trial (rep=0, index=0): None
93.2529 	EXP 	blank_txt: autoDraw = False
94.2323 	EXP 	Sound tProbe started
94.4424 	EXP 	Sound tProbe reached end of file
95.2685 	DATA 	Keypress: space
95.4890 	DATA 	Keypress: g
95.9907 	DATA 	Keypress: space
96.2709 	EXP 	New trial (rep=1, index=0): None
96.2899 	EXP 	you_done_goofed: height = 0.05
96.2899 	EXP 	you_done_goofed: height = 0.05
96.2899 	EXP 	you_done_goofed: text = "Vous avez appuyé trop tard.\n            \n\nVeuillez essayer de répondre dans la seconde suivant le ton.\n            \n\nAppuyez sur n'importe quelle touche pour poursuivre."
96.2899 	EXP 	you_done_goofed: autoDraw = True
96.2899 	EXP 	you_done_goofed: autoDraw = False
97.2801 	EXP 	Sound tProbe started
97.4944 	EXP 	Sound tProbe reached end of file
98.1282 	DATA 	Keypress: g
98.1287 	DATA 	Keypress: h
98.4277 	DATA 	Keypress: space
99.3428 	EXP 	New trial (rep=2, index=0): None
99.3702 	EXP 	you_done_goofed: text = "Vous avez appuyé trop tard.\n            \n\nVeuillez essayer de répondre dans la seconde suivant le ton.\n            \n\nAppuyez sur n'importe quelle touche pour poursuivre."
99.3702 	EXP 	you_done_goofed: autoDraw = True
99.3702 	EXP 	you_done_goofed: autoDraw = False
100.3357 	EXP 	Sound tProbe started
100.5542 	EXP 	Sound tProbe reached end of file
100.8002 	DATA 	Keypress: space
102.4103 	EXP 	you_done_goofed: height = 0.05
102.4103 	EXP 	you_done_goofed: height = 0.05
102.4103 	EXP 	you_done_goofed: text = "C'est très bien! \n            \n\nAppuyez sur n'importe quelle touche pour poursuivre."
102.4103 	EXP 	you_done_goofed: autoDraw = True
104.6763 	EXP 	Created fixation_cross = ShapeStim(__class__=<class 'psychopy.visual.shape.ShapeStim'>, anchor=('center', 'center'), autoDraw=False, autoLog=True, closeShape=True, color=method-wrapper(...), colorSpace='rgb', contrast=None, depth=-3.0, fillColor=array([1, 1, 1]), fillColorSpace='rgb', fillRGB=array([1, 1, 1]), interpolate=True, lineColor=array([1., 1., 1.]), lineColorSpace='rgb', lineRGB=array([1, 1, 1]), lineWidth=1.0, name='fixation_cross', opacity=1, ori=0.0, pos=array([0., 0.]), size=array([0.15, 0.15]), units='height', vertices=ndarray(...), win=Window(...), windingRule=None)
104.6977 	DATA 	Keypress: b
104.7092 	EXP 	you_done_goofed: autoDraw = False
104.7092 	EXP 	text_2: height = 0.05
104.7092 	EXP 	text_2: height = 0.05
104.7092 	EXP 	text_2: text = "Appuyez sur la barre d'espace dès que vous entendez un son. \n\n Les réponses enregistrées plus d'une seconde après le son ne seront pas comptabilisées. \n\n\n Appuyez sur n'importe quelle touche pour démarrer."
104.7092 	EXP 	text_2: autoDraw = True
111.0803 	DATA 	Keypress: space
111.1002 	EXP 	text_2: autoDraw = False
111.1002 	EXP 	blank_txt: autoDraw = True
112.0919 	EXP 	Created sequence: random, trialTypes=1, nReps=999, seed=None
112.0942 	EXP 	New trial (rep=0, index=0): None
112.1732 	EXP 	Sound probe started
112.1812 	EXP 	blank_txt: autoDraw = False
112.3823 	EXP 	Sound probe reached end of file
112.5051 	DATA 	Keypress: space
115.0088 	EXP 	New trial (rep=1, index=0): None
115.2798 	EXP 	Sound probe started
115.4823 	EXP 	Sound probe stopped
115.5902 	DATA 	Keypress: space
119.1303 	EXP 	New trial (rep=2, index=0): None
119.2010 	EXP 	Sound probe started
119.4104 	EXP 	Sound probe reached end of file
119.5934 	DATA 	Keypress: space
121.5345 	EXP 	New trial (rep=3, index=0): None
121.5393 	EXP 	Sound probe started
121.7503 	EXP 	Sound probe reached end of file
123.9760 	EXP 	New trial (rep=4, index=0): None
124.0663 	EXP 	Sound probe started
124.2701 	EXP 	Sound probe stopped
126.1253 	EXP 	New trial (rep=5, index=0): None
126.1923 	EXP 	Sound probe started
126.4100 	EXP 	Sound probe reached end of file
128.3166 	EXP 	New trial (rep=6, index=0): None
128.3840 	EXP 	Sound probe started
128.6024 	EXP 	Sound probe reached end of file
128.7930 	DATA 	Keypress: space
131.6358 	EXP 	New trial (rep=7, index=0): None
131.7103 	EXP 	Sound probe started
131.9302 	EXP 	Sound probe reached end of file
132.3725 	DATA 	Keypress: space
134.2218 	EXP 	New trial (rep=8, index=0): None
134.2905 	EXP 	Sound probe started
134.5100 	EXP 	Sound probe reached end of file
137.4177 	EXP 	New trial (rep=9, index=0): None
137.4232 	EXP 	Sound probe started
137.6420 	EXP 	Sound probe reached end of file
141.0676 	EXP 	New trial (rep=10, index=0): None
141.1441 	EXP 	Sound probe started
141.3503 	EXP 	Sound probe stopped
141.5385 	DATA 	Keypress: space
144.7261 	EXP 	New trial (rep=11, index=0): None
144.7950 	EXP 	Sound probe started
145.0102 	EXP 	Sound probe reached end of file
147.6607 	EXP 	New trial (rep=12, index=0): None
147.7354 	EXP 	Sound probe started
147.9501 	EXP 	Sound probe reached end of file
148.0399 	DATA 	Keypress: space
149.9305 	EXP 	New trial (rep=13, index=0): None
150.0048 	EXP 	Sound probe started
150.2182 	EXP 	Sound probe reached end of file
152.4966 	EXP 	New trial (rep=14, index=0): None
152.5689 	EXP 	Sound probe started
152.7833 	EXP 	Sound probe reached end of file
152.9170 	DATA 	Keypress: space
156.5377 	EXP 	New trial (rep=15, index=0): None
156.6100 	EXP 	Sound probe started
156.8301 	EXP 	Sound probe reached end of file
159.0377 	EXP 	New trial (rep=16, index=0): None
159.0439 	EXP 	Sound probe started
159.2581 	EXP 	Sound probe reached end of file
161.8728 	EXP 	New trial (rep=17, index=0): None
161.9604 	EXP 	Sound probe started
162.1783 	EXP 	Sound probe reached end of file
162.2504 	DATA 	Keypress: space
165.8518 	EXP 	New trial (rep=18, index=0): None
165.9239 	EXP 	Sound probe started
166.1382 	EXP 	Sound probe reached end of file
166.3656 	DATA 	Keypress: space
168.3918 	EXP 	New trial (rep=19, index=0): None
168.4620 	EXP 	Sound probe started
168.6781 	EXP 	Sound probe reached end of file
169.0000 	DATA 	Keypress: space
171.3307 	EXP 	New trial (rep=20, index=0): None
171.3981 	EXP 	Sound probe started
171.6182 	EXP 	Sound probe reached end of file
174.1849 	EXP 	New trial (rep=21, index=0): None
174.1912 	EXP 	Sound probe started
174.4066 	EXP 	Sound probe reached end of file
177.4630 	EXP 	New trial (rep=22, index=0): None
177.5353 	EXP 	Sound probe started
177.7461 	EXP 	Sound probe reached end of file
179.8011 	EXP 	New trial (rep=23, index=0): None
179.8699 	EXP 	Sound probe started
180.0861 	EXP 	Sound probe reached end of file
180.2112 	DATA 	Keypress: space
183.2326 	EXP 	New trial (rep=24, index=0): None
183.3074 	EXP 	Sound probe started
183.5261 	EXP 	Sound probe reached end of file
183.7816 	DATA 	Keypress: space
186.6727 	EXP 	New trial (rep=25, index=0): None
186.6747 	EXP 	Sound probe started
186.8861 	EXP 	Sound probe reached end of file
190.2355 	EXP 	New trial (rep=26, index=0): None
190.3103 	EXP 	Sound probe started
190.5261 	EXP 	Sound probe reached end of file
193.8116 	EXP 	New trial (rep=27, index=0): None
193.8827 	EXP 	Sound probe started
194.0980 	EXP 	Sound probe reached end of file
194.6609 	DATA 	Keypress: space
196.0464 	EXP 	New trial (rep=28, index=0): None
196.1215 	EXP 	Sound probe started
196.3341 	EXP 	Sound probe reached end of file
199.1032 	EXP 	New trial (rep=29, index=0): None
200.9077 	EXP 	Sound probe started
201.1262 	EXP 	Sound probe reached end of file
203.5572 	EXP 	New trial (rep=30, index=0): None
205.3922 	EXP 	Sound probe started
205.6058 	EXP 	Sound probe reached end of file
205.8366 	DATA 	Keypress: space
208.1955 	EXP 	New trial (rep=31, index=0): None
209.2202 	EXP 	Sound probe started
209.4341 	EXP 	Sound probe reached end of file
209.6797 	DATA 	Keypress: space
212.8506 	EXP 	New trial (rep=32, index=0): None
212.8516 	EXP 	Sound probe started
213.0661 	EXP 	Sound probe reached end of file
216.3331 	EXP 	New trial (rep=33, index=0): None
217.4029 	EXP 	Sound probe started
217.6156 	EXP 	Sound probe reached end of file
217.8534 	DATA 	Keypress: space
221.3353 	EXP 	New trial (rep=34, index=0): None
222.4115 	EXP 	Sound probe started
222.6218 	EXP 	Sound probe reached end of file
226.3502 	EXP 	New trial (rep=35, index=0): None
227.5580 	EXP 	Sound probe started
227.7742 	EXP 	Sound probe reached end of file
231.1830 	EXP 	New trial (rep=36, index=0): None
232.4215 	EXP 	Sound probe started
232.6341 	EXP 	Sound probe reached end of file
232.8932 	DATA 	Keypress: space
235.9164 	EXP 	New trial (rep=37, index=0): None
235.9188 	EXP 	Sound probe started
236.1340 	EXP 	Sound probe reached end of file
238.4181 	EXP 	New trial (rep=38, index=0): None
239.5740 	EXP 	Sound probe started
239.7823 	EXP 	Sound probe stopped
239.9387 	DATA 	Keypress: space
242.5203 	EXP 	New trial (rep=39, index=0): None
244.0549 	EXP 	Sound probe started
244.2741 	EXP 	Sound probe reached end of file
244.4795 	DATA 	Keypress: space
246.1594 	EXP 	New trial (rep=40, index=0): None
247.4621 	EXP 	Sound probe started
247.6819 	EXP 	Sound probe reached end of file
250.5647 	EXP 	New trial (rep=41, index=0): None
251.8725 	EXP 	Sound probe started
252.0898 	EXP 	Sound probe reached end of file
254.9017 	EXP 	New trial (rep=42, index=0): None
254.9053 	EXP 	Sound probe started
255.1227 	EXP 	Sound probe reached end of file
257.1355 	EXP 	New trial (rep=43, index=0): None
258.4252 	EXP 	Sound probe started
258.6420 	EXP 	Sound probe reached end of file
258.8558 	DATA 	Keypress: space
260.7817 	EXP 	New trial (rep=44, index=0): None
262.1204 	EXP 	Sound probe started
262.3301 	EXP 	Sound probe reached end of file
265.3428 	EXP 	New trial (rep=45, index=0): None
266.6381 	EXP 	Sound probe started
266.8500 	EXP 	Sound probe reached end of file
267.0391 	DATA 	Keypress: space
269.3869 	EXP 	New trial (rep=46, index=0): None
270.6930 	EXP 	Sound probe started
270.9102 	EXP 	Sound probe reached end of file
271.3516 	DATA 	Keypress: space
273.3230 	EXP 	New trial (rep=47, index=0): None
274.7067 	EXP 	Sound probe started
274.9180 	EXP 	Sound probe reached end of file
275.3222 	DATA 	Keypress: space
277.5288 	EXP 	New trial (rep=48, index=0): None
277.5327 	EXP 	Sound probe started
277.7502 	EXP 	Sound probe reached end of file
281.4980 	EXP 	New trial (rep=49, index=0): None
282.9617 	EXP 	Sound probe started
283.1702 	EXP 	Sound probe stopped
283.4855 	DATA 	Keypress: space
285.5361 	EXP 	New trial (rep=50, index=0): None
286.9229 	EXP 	Sound probe started
287.1377 	EXP 	Sound probe reached end of file
287.3890 	DATA 	Keypress: space
289.6769 	EXP 	New trial (rep=51, index=0): None
291.1122 	EXP 	Sound probe started
291.3299 	EXP 	Sound probe reached end of file
291.5603 	DATA 	Keypress: space
294.8640 	EXP 	New trial (rep=52, index=0): None
294.8651 	EXP 	Sound probe started
295.0779 	EXP 	Sound probe reached end of file
297.8149 	EXP 	New trial (rep=53, index=0): None
299.3471 	EXP 	Sound probe started
299.5660 	EXP 	Sound probe reached end of file
299.8459 	DATA 	Keypress: space
302.6324 	EXP 	New trial (rep=54, index=0): None
304.2982 	EXP 	Sound probe started
304.5181 	EXP 	Sound probe reached end of file
304.7619 	DATA 	Keypress: space
307.0624 	EXP 	New trial (rep=55, index=0): None
308.5831 	EXP 	Sound probe started
308.7981 	EXP 	Sound probe reached end of file
311.8631 	EXP 	New trial (rep=56, index=0): None
313.4188 	EXP 	Sound probe started
313.6260 	EXP 	Sound probe stopped
317.3577 	EXP 	New trial (rep=57, index=0): None
317.3592 	EXP 	Sound probe started
317.5659 	EXP 	Sound probe stopped
320.9472 	EXP 	New trial (rep=58, index=0): None
322.6075 	EXP 	Sound probe started
322.8273 	EXP 	Sound probe reached end of file
323.0460 	DATA 	Keypress: space
326.3907 	EXP 	New trial (rep=59, index=0): None
328.0670 	EXP 	Sound probe started
328.2739 	EXP 	Sound probe stopped
331.8234 	EXP 	New trial (rep=60, index=0): None
333.5365 	EXP 	Sound probe started
333.7541 	EXP 	Sound probe reached end of file
336.7807 	EXP 	New trial (rep=61, index=0): None
336.7817 	EXP 	Sound probe started
336.9940 	EXP 	Sound probe reached end of file
340.3505 	EXP 	New trial (rep=62, index=0): None
342.0262 	EXP 	Sound probe started
342.2460 	EXP 	Sound probe reached end of file
342.5364 	DATA 	Keypress: space
345.8310 	EXP 	New trial (rep=63, index=0): None
347.6188 	EXP 	Sound probe started
347.8338 	EXP 	Sound probe reached end of file
350.2008 	EXP 	New trial (rep=64, index=0): None
351.9097 	EXP 	Sound probe started
352.1217 	EXP 	Sound probe reached end of file
352.4796 	DATA 	Keypress: space
354.9183 	EXP 	New trial (rep=65, index=0): None
356.6806 	EXP 	Sound probe started
356.8941 	EXP 	Sound probe reached end of file
360.5834 	EXP 	New trial (rep=66, index=0): None
360.5874 	EXP 	Sound probe started
360.8022 	EXP 	Sound probe reached end of file
364.1529 	EXP 	New trial (rep=67, index=0): None
366.0210 	EXP 	Sound probe started
366.2338 	EXP 	Sound probe reached end of file
369.7518 	EXP 	New trial (rep=68, index=0): None
371.4957 	EXP 	Sound probe started
371.7141 	EXP 	Sound probe reached end of file
371.9836 	DATA 	Keypress: space
374.8342 	EXP 	New trial (rep=69, index=0): None
376.5912 	EXP 	Sound probe started
376.8019 	EXP 	Sound probe stopped
379.0021 	EXP 	New trial (rep=70, index=0): None
381.0191 	EXP 	Sound probe started
381.2298 	EXP 	Sound probe reached end of file
381.5589 	DATA 	Keypress: space
384.6120 	EXP 	New trial (rep=71, index=0): None
384.6137 	EXP 	Sound probe started
384.8298 	EXP 	Sound probe reached end of file
387.7612 	EXP 	New trial (rep=72, index=0): None
389.7248 	EXP 	Sound probe started
389.9418 	EXP 	Sound probe reached end of file
393.5474 	EXP 	New trial (rep=73, index=0): None
395.3777 	EXP 	Sound probe started
395.5816 	EXP 	Sound probe stopped
396.0211 	DATA 	Keypress: space
398.8207 	EXP 	New trial (rep=74, index=0): None
400.7031 	EXP 	Sound probe started
400.9178 	EXP 	Sound probe reached end of file
403.9560 	EXP 	New trial (rep=75, index=0): None
405.9157 	EXP 	Sound probe started
406.1296 	EXP 	Sound probe reached end of file
409.3301 	EXP 	New trial (rep=76, index=0): None
411.6233 	EXP 	Sound probe started
411.8299 	EXP 	Sound probe stopped
412.1229 	DATA 	Keypress: space
415.2610 	EXP 	New trial (rep=77, index=0): None
417.3577 	EXP 	Sound probe started
417.5778 	EXP 	Sound probe reached end of file
420.6593 	EXP 	New trial (rep=78, index=0): None
420.6602 	EXP 	Sound probe started
420.8578 	EXP 	Sound probe stopped
424.0089 	EXP 	New trial (rep=79, index=0): None
426.0549 	EXP 	Sound probe started
426.2655 	EXP 	Sound probe reached end of file
428.2137 	EXP 	New trial (rep=80, index=0): None
430.3009 	EXP 	Sound probe started
430.5056 	EXP 	Sound probe stopped
433.0791 	EXP 	New trial (rep=81, index=0): None
435.0398 	EXP 	Sound probe started
435.2457 	EXP 	Sound probe stopped
435.5656 	DATA 	Keypress: space
438.2078 	EXP 	New trial (rep=82, index=0): None
440.1899 	EXP 	Sound probe started
440.3978 	EXP 	Sound probe stopped
442.3552 	EXP 	New trial (rep=83, index=0): None
442.3593 	EXP 	Sound probe started
442.5779 	EXP 	Sound probe reached end of file
445.9924 	EXP 	New trial (rep=84, index=0): None
447.9510 	EXP 	Sound probe started
448.1577 	EXP 	Sound probe stopped
451.3307 	EXP 	New trial (rep=85, index=0): None
453.3837 	EXP 	Sound probe started
453.5938 	EXP 	Sound probe reached end of file
453.7850 	DATA 	Keypress: space
455.5699 	EXP 	New trial (rep=86, index=0): None
457.6602 	EXP 	Sound probe started
457.8656 	EXP 	Sound probe stopped
459.8383 	EXP 	New trial (rep=87, index=0): None
461.9433 	EXP 	Sound probe started
462.1536 	EXP 	Sound probe reached end of file
462.4612 	DATA 	Keypress: space
464.0681 	EXP 	New trial (rep=88, index=0): None
466.1410 	EXP 	Sound probe started
466.3538 	EXP 	Sound probe reached end of file
469.5488 	EXP 	New trial (rep=89, index=0): None
469.5525 	EXP 	Sound probe started
469.7657 	EXP 	Sound probe reached end of file
472.1939 	EXP 	New trial (rep=90, index=0): None
474.4194 	EXP 	Sound probe started
474.6337 	EXP 	Sound probe reached end of file
477.1808 	EXP 	New trial (rep=91, index=0): None
479.3218 	EXP 	Sound probe started
479.5338 	EXP 	Sound probe stopped
481.8943 	EXP 	New trial (rep=92, index=0): None
484.5069 	EXP 	Sound probe started
484.7216 	EXP 	Sound probe reached end of file
486.8002 	EXP 	New trial (rep=93, index=0): None
486.8041 	EXP 	Sound probe started
487.0217 	EXP 	Sound probe reached end of file
489.2866 	EXP 	New trial (rep=94, index=0): None
491.5463 	EXP 	Sound probe started
491.7539 	EXP 	Sound probe stopped
492.0233 	DATA 	Keypress: space
495.3075 	EXP 	New trial (rep=95, index=0): None
497.5066 	EXP 	Sound probe started
497.7138 	EXP 	Sound probe stopped
498.2406 	DATA 	Keypress: space
501.5139 	EXP 	New trial (rep=96, index=0): None
503.8996 	EXP 	Sound probe started
504.1098 	EXP 	Sound probe reached end of file
507.6543 	EXP 	New trial (rep=97, index=0): None
510.0381 	EXP 	Sound probe started
510.2497 	EXP 	Sound probe reached end of file
512.7675 	EXP 	New trial (rep=98, index=0): None
515.1951 	EXP 	Sound probe started
515.4019 	EXP 	Sound probe stopped
517.8638 	EXP 	New trial (rep=99, index=0): None
517.8668 	EXP 	Sound probe started
518.0815 	EXP 	Sound probe reached end of file
520.1794 	EXP 	New trial (rep=100, index=0): None
522.5838 	EXP 	Sound probe started
522.8016 	EXP 	Sound probe reached end of file
523.0874 	DATA 	Keypress: space
525.9006 	EXP 	New trial (rep=101, index=0): None
528.4088 	EXP 	Sound probe started
528.6178 	EXP 	Sound probe reached end of file
531.3426 	EXP 	New trial (rep=102, index=0): None
533.7382 	EXP 	Sound probe started
533.9377 	EXP 	Sound probe stopped
536.1811 	EXP 	New trial (rep=103, index=0): None
536.1846 	EXP 	Sound probe started
536.4020 	EXP 	Sound probe reached end of file
539.3657 	EXP 	New trial (rep=104, index=0): None
542.3554 	EXP 	Sound probe started
542.5576 	EXP 	Sound probe stopped
542.8395 	DATA 	Keypress: space
544.9407 	EXP 	New trial (rep=105, index=0): None
547.3671 	EXP 	Sound probe started
547.5777 	EXP 	Sound probe reached end of file
547.7835 	DATA 	Keypress: space
550.2978 	EXP 	New trial (rep=106, index=0): None
552.8459 	EXP 	Sound probe started
553.0656 	EXP 	Sound probe reached end of file
555.6038 	EXP 	New trial (rep=107, index=0): None
558.1969 	EXP 	Sound probe started
558.4058 	EXP 	Sound probe reached end of file
558.6867 	DATA 	Keypress: space
562.2140 	EXP 	New trial (rep=108, index=0): None
564.7744 	EXP 	Sound probe started
564.9778 	EXP 	Sound probe stopped
566.8777 	EXP 	New trial (rep=109, index=0): None
569.4945 	EXP 	Sound probe started
569.7066 	EXP 	Sound probe reached end of file
572.0026 	EXP 	New trial (rep=110, index=0): None
574.5704 	EXP 	Sound probe started
574.7857 	EXP 	Sound probe reached end of file
577.9598 	EXP 	New trial (rep=111, index=0): None
577.9635 	EXP 	Sound probe started
578.1738 	EXP 	Sound probe reached end of file
580.3620 	EXP 	New trial (rep=112, index=0): None
583.0707 	EXP 	Sound probe started
583.2856 	EXP 	Sound probe reached end of file
586.5803 	EXP 	New trial (rep=113, index=0): None
589.2379 	EXP 	Sound probe started
589.4600 	EXP 	Sound probe reached end of file
589.9574 	DATA 	Keypress: space
593.1268 	EXP 	New trial (rep=114, index=0): None
595.8041 	EXP 	Sound probe started
596.0138 	EXP 	Sound probe reached end of file
599.0944 	EXP 	New trial (rep=115, index=0): None
599.0956 	EXP 	Sound probe started
599.3134 	EXP 	Sound probe reached end of file
601.7846 	EXP 	New trial (rep=116, index=0): None
604.9009 	EXP 	Sound probe started
605.1135 	EXP 	Sound probe reached end of file
608.0835 	EXP 	New trial (rep=117, index=0): None
610.9547 	EXP 	Sound probe started
611.1615 	EXP 	Sound probe stopped
614.9698 	EXP 	New trial (rep=118, index=0): None
617.7929 	EXP 	Sound probe started
618.0014 	EXP 	Sound probe reached end of file
618.3454 	DATA 	Keypress: space
619.8302 	EXP 	New trial (rep=119, index=0): None
623.1798 	EXP 	Sound probe started
623.3933 	EXP 	Sound probe reached end of file
623.8183 	DATA 	Keypress: space
625.2660 	EXP 	New trial (rep=120, index=0): None
625.2670 	EXP 	Sound probe started
625.4817 	EXP 	Sound probe reached end of file
628.7254 	EXP 	New trial (rep=121, index=0): None
631.6371 	EXP 	Sound probe started
631.8493 	EXP 	Sound probe reached end of file
634.7407 	EXP 	New trial (rep=122, index=0): None
637.6204 	EXP 	Sound probe started
637.8296 	EXP 	Sound probe reached end of file
638.2992 	DATA 	Keypress: space
641.4429 	EXP 	New trial (rep=123, index=0): None
644.3471 	EXP 	Sound probe started
644.5613 	EXP 	Sound probe reached end of file
644.8835 	DATA 	Keypress: space
648.2479 	EXP 	New trial (rep=124, index=0): None
648.2518 	EXP 	Sound probe stopped
648.2760 	EXP 	goodbye_text: autoDraw = True
651.0646 	DATA 	Keypress: space
651.0818 	EXP 	goodbye_text: autoDraw = False
651.1818 	EXP 	window1: mouseVisible = True
