10.2470 	WARNING 	User requested fullscreen with size [2560 1440], but screen is actually [3840, 2160]. Using actual size
13.1619 	WARNING 	Couldn't measure a consistent frame rate!
  - Is your graphics card set to sync to vertical blank?
  - Are you running other processes on your computer?

13.1623 	EXP 	Created window1 = Window(allowGUI=False, allowStencil=False, autoLog=True, backendConf=UNKNOWN, bitsMode=UNKNOWN, blendMode='avg', bpc=(8, 8, 8), color=array([0, 0, 0]), colorSpace='rgb', depthBits=8, fullscr=<method-wrapper '__getattribute__' of attributeSetter object at 0x000002B4D8CC7B20>, gamma=None, gammaErrorPolicy='raise', lms=UNKNOWN, monitor=<psychopy.monitors.calibTools.Monitor object at 0x000002B4DA977130>, multiSample=False, name='window1', numSamples=2, pos=(0, 0), screen=0, size=array([3840, 2160]), stencilBits=0, stereo=False, units='height', useFBO=True, useRetina=False, viewOri=0.0, viewPos=None, viewScale=None, waitBlanking=True, winType='pyglet')
13.1634 	EXP 	window1: mouseVisible = True
13.1635 	EXP 	window1: Attempting to measure frame rate of screen (0) ...
13.1635 	EXP 	window1: recordFrameIntervals = False
13.3492 	EXP 	window1: recordFrameIntervals = True
13.3849 	WARNING 	t of last frame was 25.44ms (=1/39)
13.4245 	WARNING 	t of last frame was 30.43ms (=1/32)
13.4544 	WARNING 	t of last frame was 20.45ms (=1/48)
13.4826 	WARNING 	t of last frame was 28.26ms (=1/35)
13.5186 	WARNING 	Multiple dropped frames have occurred - I'll stop bothering you about them!
15.1941 	WARNING 	Couldn't measure a consistent frame rate!
  - Is your graphics card set to sync to vertical blank?
  - Are you running other processes on your computer?

17.0538 	EXP 	Created text = TextStim(__class__=<class 'psychopy.visual.text.TextStim'>, alignHoriz=method-wrapper(...), alignText='center', alignVert=method-wrapper(...), anchorHoriz='center', anchorVert='center', antialias=True, autoLog=True, bold=False, color=array([1., 1., 1.]), colorSpace='rgb', contrast=1.0, depth=-3.0, flipHoriz=False, flipVert=False, font='Open Sans', fontFiles=[], height=0.05, italic=False, languageStyle='LTR', name='text', opacity=1, ori=0.0, pos=array([0., 0.]), rgb=UNKNOWN, text=str(...), units='height', win=Window(...), wrapWidth=1)
17.0556 	EXP 	Created blank_txt = TextStim(__class__=<class 'psychopy.visual.text.TextStim'>, alignHoriz=method-wrapper(...), alignText='center', alignVert=method-wrapper(...), anchorHoriz='center', anchorVert='center', antialias=True, autoLog=True, bold=False, color=array([1., 1., 1.]), colorSpace='rgb', contrast=1.0, depth=0.0, flipHoriz=False, flipVert=False, font='Open Sans', fontFiles=[], height=0.1, italic=False, languageStyle='LTR', name='blank_txt', opacity=1, ori=0.0, pos=array([0., 0.]), rgb=UNKNOWN, text='', units='height', win=Window(...), wrapWidth=1)
17.1502 	EXP 	Sound tProbe set volume 1.000
17.1516 	EXP 	Created you_done_goofed = TextStim(__class__=<class 'psychopy.visual.text.TextStim'>, alignHoriz=method-wrapper(...), alignText='center', alignVert=method-wrapper(...), anchorHoriz='center', anchorVert='center', antialias=True, autoLog=True, bold=False, color=array([1., 1., 1.]), colorSpace='rgb', contrast=1.0, depth=-1.0, flipHoriz=False, flipVert=False, font='Open Sans', fontFiles=[], height=0.05, italic=False, languageStyle='LTR', name='you_done_goofed', opacity=1, ori=0.0, pos=array([0., 0.]), rgb=UNKNOWN, text='', units='height', win=Window(...), wrapWidth=1)
17.4606 	EXP 	Created text_2 = TextStim(__class__=<class 'psychopy.visual.text.TextStim'>, alignHoriz=method-wrapper(...), alignText='center', alignVert=method-wrapper(...), anchorHoriz='center', anchorVert='center', antialias=True, autoLog=True, bold=False, color=array([1., 1., 1.]), colorSpace='rgb', contrast=1.0, depth=-2.0, flipHoriz=False, flipVert=False, font='Open Sans', fontFiles=[], height=0.05, italic=False, languageStyle='LTR', name='text_2', opacity=1, ori=0.0, pos=array([0., 0.]), rgb=UNKNOWN, text='', units='height', win=Window(...), wrapWidth=1)
17.4620 	EXP 	Created blank_txt = TextStim(__class__=<class 'psychopy.visual.text.TextStim'>, alignHoriz=method-wrapper(...), alignText='center', alignVert=method-wrapper(...), anchorHoriz='center', anchorVert='center', antialias=True, autoLog=True, bold=False, color=array([1., 1., 1.]), colorSpace='rgb', contrast=1.0, depth=0.0, flipHoriz=False, flipVert=False, font='Open Sans', fontFiles=[], height=0.1, italic=False, languageStyle='LTR', name='blank_txt', opacity=1, ori=0.0, pos=array([0., 0.]), rgb=UNKNOWN, text='', units='height', win=Window(...), wrapWidth=1)
17.4741 	EXP 	Sound probe set volume 1.000
17.4846 	EXP 	Created goodbye_text = TextStim(__class__=<class 'psychopy.visual.text.TextStim'>, alignHoriz=method-wrapper(...), alignText='center', alignVert=method-wrapper(...), anchorHoriz='center', anchorVert='center', antialias=True, autoLog=True, bold=False, color=array([1., 1., 1.]), colorSpace='rgb', contrast=1.0, depth=0.0, flipHoriz=False, flipVert=False, font='Open Sans', fontFiles=[], height=0.05, italic=False, languageStyle='LTR', name='goodbye_text', opacity=1, ori=0.0, pos=array([0., 0.]), rgb=UNKNOWN, text=str(...), units='height', win=Window(...), wrapWidth=1)
17.4879 	EXP 	Created fixation_cross = ShapeStim(__class__=<class 'psychopy.visual.shape.ShapeStim'>, anchor=('center', 'center'), autoDraw=False, autoLog=True, closeShape=True, color=method-wrapper(...), colorSpace='rgb', contrast=None, depth=-3.0, fillColor=array([1, 1, 1]), fillColorSpace='rgb', fillRGB=array([1, 1, 1]), interpolate=True, lineColor=array([1., 1., 1.]), lineColorSpace='rgb', lineRGB=array([1, 1, 1]), lineWidth=1.0, name='fixation_cross', opacity=1, ori=0.0, pos=array([0., 0.]), size=array([0.15, 0.15]), units='height', vertices=ndarray(...), win=Window(...), windingRule=None)
17.5008 	EXP 	text: autoDraw = True
81.3353 	DATA 	Keypress: space
81.3559 	EXP 	text: autoDraw = False
81.3559 	EXP 	blank_txt: autoDraw = True
82.3597 	EXP 	Created sequence: random, trialTypes=1, nReps=3, seed=None
82.3600 	EXP 	New trial (rep=0, index=0): None
82.3810 	EXP 	blank_txt: autoDraw = False
83.3494 	EXP 	Sound tProbe started
83.5608 	EXP 	Sound tProbe reached end of file
83.9641 	DATA 	Keypress: space
85.4013 	EXP 	you_done_goofed: height = 0.05
85.4013 	EXP 	you_done_goofed: height = 0.05
85.4013 	EXP 	you_done_goofed: text = "C'est très bien! \n            \n\nAppuyez sur n'importe quelle touche pour poursuivre."
85.4013 	EXP 	you_done_goofed: autoDraw = True
88.9340 	EXP 	New trial (rep=1, index=0): None
88.9356 	DATA 	Keypress: space
88.9540 	EXP 	you_done_goofed: autoDraw = False
89.9350 	EXP 	Sound tProbe started
90.1528 	EXP 	Sound tProbe reached end of file
90.5151 	DATA 	Keypress: space
92.0234 	EXP 	you_done_goofed: text = "C'est très bien! \n            \n\nAppuyez sur n'importe quelle touche pour poursuivre."
92.0234 	EXP 	you_done_goofed: autoDraw = True
93.2051 	EXP 	New trial (rep=2, index=0): None
93.2066 	DATA 	Keypress: space
93.2253 	EXP 	you_done_goofed: autoDraw = False
94.2059 	EXP 	Sound tProbe started
94.4208 	EXP 	Sound tProbe reached end of file
94.6798 	DATA 	Keypress: space
96.2758 	EXP 	you_done_goofed: text = "C'est très bien! \n            \n\nAppuyez sur n'importe quelle touche pour poursuivre."
96.2758 	EXP 	you_done_goofed: autoDraw = True
101.3880 	EXP 	Created fixation_cross = ShapeStim(__class__=<class 'psychopy.visual.shape.ShapeStim'>, anchor=('center', 'center'), autoDraw=False, autoLog=True, closeShape=True, color=method-wrapper(...), colorSpace='rgb', contrast=None, depth=-3.0, fillColor=array([1, 1, 1]), fillColorSpace='rgb', fillRGB=array([1, 1, 1]), interpolate=True, lineColor=array([1., 1., 1.]), lineColorSpace='rgb', lineRGB=array([1, 1, 1]), lineWidth=1.0, name='fixation_cross', opacity=1, ori=0.0, pos=array([0., 0.]), size=array([0.15, 0.15]), units='height', vertices=ndarray(...), win=Window(...), windingRule=None)
101.4091 	DATA 	Keypress: space
101.4197 	EXP 	you_done_goofed: autoDraw = False
101.4197 	EXP 	text_2: height = 0.05
101.4197 	EXP 	text_2: height = 0.05
101.4197 	EXP 	text_2: text = "Appuyez sur la barre d'espace dès que vous entendez un son. \n\n Les réponses enregistrées plus d'une seconde après le son ne seront pas comptabilisées. \n\n\n Appuyez sur n'importe quelle touche pour démarrer."
101.4197 	EXP 	text_2: autoDraw = True
105.8427 	DATA 	Keypress: space
105.8681 	EXP 	text_2: autoDraw = False
105.8681 	EXP 	blank_txt: autoDraw = True
106.8584 	EXP 	Created sequence: random, trialTypes=1, nReps=999, seed=None
106.8620 	EXP 	New trial (rep=0, index=0): None
106.9396 	EXP 	Sound probe started
106.9474 	EXP 	blank_txt: autoDraw = False
107.1491 	EXP 	Sound probe reached end of file
107.1885 	DATA 	Keypress: space
109.0093 	EXP 	New trial (rep=1, index=0): None
109.0783 	EXP 	Sound probe started
109.2891 	EXP 	Sound probe reached end of file
109.3527 	DATA 	Keypress: space
111.3424 	EXP 	New trial (rep=2, index=0): None
111.4313 	EXP 	Sound probe started
111.6411 	EXP 	Sound probe stopped
111.8153 	DATA 	Keypress: space
113.9111 	EXP 	New trial (rep=3, index=0): None
113.9812 	EXP 	Sound probe started
114.2012 	EXP 	Sound probe reached end of file
114.4160 	DATA 	Keypress: space
117.7438 	EXP 	New trial (rep=4, index=0): None
117.7454 	EXP 	Sound probe started
117.9576 	EXP 	Sound probe reached end of file
120.1685 	EXP 	New trial (rep=5, index=0): None
120.2476 	EXP 	Sound probe started
120.4567 	EXP 	Sound probe reached end of file
122.8746 	EXP 	New trial (rep=6, index=0): None
122.9424 	EXP 	Sound probe started
123.1567 	EXP 	Sound probe reached end of file
125.6581 	EXP 	New trial (rep=7, index=0): None
125.7407 	EXP 	Sound probe started
125.9571 	EXP 	Sound probe reached end of file
126.1629 	DATA 	Keypress: space
129.7611 	EXP 	New trial (rep=8, index=0): None
129.7627 	EXP 	Sound probe started
129.9770 	EXP 	Sound probe reached end of file
132.5157 	EXP 	New trial (rep=9, index=0): None
132.5932 	EXP 	Sound probe started
132.8090 	EXP 	Sound probe reached end of file
135.4659 	EXP 	New trial (rep=10, index=0): None
135.5351 	EXP 	Sound probe started
135.7491 	EXP 	Sound probe reached end of file
135.8721 	DATA 	Keypress: space
138.2040 	EXP 	New trial (rep=11, index=0): None
138.2736 	EXP 	Sound probe started
138.4888 	EXP 	Sound probe reached end of file
142.1604 	EXP 	New trial (rep=12, index=0): None
142.2286 	EXP 	Sound probe started
142.4452 	EXP 	Sound probe reached end of file
142.6130 	DATA 	Keypress: space
145.9454 	EXP 	New trial (rep=13, index=0): None
145.9507 	EXP 	Sound probe started
146.1653 	EXP 	Sound probe reached end of file
149.2422 	EXP 	New trial (rep=14, index=0): None
149.3139 	EXP 	Sound probe started
149.5251 	EXP 	Sound probe reached end of file
152.5718 	EXP 	New trial (rep=15, index=0): None
152.6395 	EXP 	Sound probe started
152.8573 	EXP 	Sound probe reached end of file
153.0222 	DATA 	Keypress: space
156.4907 	EXP 	New trial (rep=16, index=0): None
156.5666 	EXP 	Sound probe started
156.7850 	EXP 	Sound probe reached end of file
158.8615 	EXP 	New trial (rep=17, index=0): None
158.9337 	EXP 	Sound probe started
159.1450 	EXP 	Sound probe reached end of file
159.2636 	DATA 	Keypress: space
161.4458 	EXP 	New trial (rep=18, index=0): None
161.4520 	EXP 	Sound probe started
161.6654 	EXP 	Sound probe reached end of file
165.3241 	EXP 	New trial (rep=19, index=0): None
165.3927 	EXP 	Sound probe started
165.6049 	EXP 	Sound probe reached end of file
169.0589 	EXP 	New trial (rep=20, index=0): None
169.1336 	EXP 	Sound probe started
169.3527 	EXP 	Sound probe reached end of file
169.5747 	DATA 	Keypress: space
171.8595 	EXP 	New trial (rep=21, index=0): None
171.9311 	EXP 	Sound probe started
172.1449 	EXP 	Sound probe reached end of file
175.8536 	EXP 	New trial (rep=22, index=0): None
175.9259 	EXP 	Sound probe started
176.1471 	EXP 	Sound probe reached end of file
176.3833 	DATA 	Keypress: space
178.4693 	EXP 	New trial (rep=23, index=0): None
178.5453 	EXP 	Sound probe started
178.7651 	EXP 	Sound probe reached end of file
181.2006 	EXP 	New trial (rep=24, index=0): None
181.2741 	EXP 	Sound probe started
181.4930 	EXP 	Sound probe reached end of file
181.7208 	DATA 	Keypress: space
185.2384 	EXP 	New trial (rep=25, index=0): None
185.2435 	EXP 	Sound probe started
185.4529 	EXP 	Sound probe reached end of file
189.1778 	EXP 	New trial (rep=26, index=0): None
189.2533 	EXP 	Sound probe started
189.4727 	EXP 	Sound probe reached end of file
192.0030 	EXP 	New trial (rep=27, index=0): None
192.1466 	EXP 	Sound probe started
192.3527 	EXP 	Sound probe stopped
192.6315 	DATA 	Keypress: space
195.2308 	EXP 	New trial (rep=28, index=0): None
195.2987 	EXP 	Sound probe started
195.5129 	EXP 	Sound probe reached end of file
197.7534 	EXP 	New trial (rep=29, index=0): None
197.7572 	EXP 	Sound probe started
197.9729 	EXP 	Sound probe reached end of file
200.9233 	EXP 	New trial (rep=30, index=0): None
200.9948 	EXP 	Sound probe started
201.2131 	EXP 	Sound probe reached end of file
204.2156 	EXP 	New trial (rep=31, index=0): None
204.2918 	EXP 	Sound probe started
204.5010 	EXP 	Sound probe reached end of file
205.0120 	DATA 	Keypress: space
207.1725 	EXP 	New trial (rep=32, index=0): None
208.2216 	EXP 	Sound probe started
208.4407 	EXP 	Sound probe reached end of file
211.2691 	EXP 	New trial (rep=33, index=0): None
212.4229 	EXP 	Sound probe started
212.6329 	EXP 	Sound probe stopped
213.0153 	DATA 	Keypress: space
215.0001 	EXP 	New trial (rep=34, index=0): None
215.0035 	EXP 	Sound probe started
215.2216 	EXP 	Sound probe reached end of file
217.7970 	EXP 	New trial (rep=35, index=0): None
218.9077 	EXP 	Sound probe started
219.1088 	EXP 	Sound probe stopped
219.4317 	DATA 	Keypress: space
222.7102 	EXP 	New trial (rep=36, index=0): None
223.8437 	EXP 	Sound probe started
224.0668 	EXP 	Sound probe reached end of file
226.6138 	EXP 	New trial (rep=37, index=0): None
227.7814 	EXP 	Sound probe started
228.0008 	EXP 	Sound probe reached end of file
228.2614 	DATA 	Keypress: space
230.6512 	EXP 	New trial (rep=38, index=0): None
231.8674 	EXP 	Sound probe started
232.0809 	EXP 	Sound probe reached end of file
234.9010 	EXP 	New trial (rep=39, index=0): None
236.1430 	EXP 	Sound probe started
236.3610 	EXP 	Sound probe reached end of file
238.7726 	EXP 	New trial (rep=40, index=0): None
240.0147 	EXP 	Sound probe started
240.2289 	EXP 	Sound probe reached end of file
243.0359 	EXP 	New trial (rep=41, index=0): None
243.0381 	EXP 	Sound probe started
243.2569 	EXP 	Sound probe reached end of file
245.5364 	EXP 	New trial (rep=42, index=0): None
246.7776 	EXP 	Sound probe started
246.9969 	EXP 	Sound probe reached end of file
249.1081 	EXP 	New trial (rep=43, index=0): None
250.4404 	EXP 	Sound probe started
250.6490 	EXP 	Sound probe stopped
254.0879 	EXP 	New trial (rep=44, index=0): None
255.3862 	EXP 	Sound probe started
255.5969 	EXP 	Sound probe reached end of file
255.7947 	DATA 	Keypress: space
258.3266 	EXP 	New trial (rep=45, index=0): None
259.6358 	EXP 	Sound probe started
259.8487 	EXP 	Sound probe reached end of file
263.1656 	EXP 	New trial (rep=46, index=0): None
263.1666 	EXP 	Sound probe started
263.3769 	EXP 	Sound probe reached end of file
266.6334 	EXP 	New trial (rep=47, index=0): None
268.1094 	EXP 	Sound probe started
268.3249 	EXP 	Sound probe reached end of file
271.3479 	EXP 	New trial (rep=48, index=0): None
272.7334 	EXP 	Sound probe started
272.9445 	EXP 	Sound probe reached end of file
276.4984 	EXP 	New trial (rep=49, index=0): None
277.8732 	EXP 	Sound probe started
278.0846 	EXP 	Sound probe reached end of file
280.1141 	EXP 	New trial (rep=50, index=0): None
280.1155 	EXP 	Sound probe started
280.3252 	EXP 	Sound probe reached end of file
284.0703 	EXP 	New trial (rep=51, index=0): None
285.5406 	EXP 	Sound probe started
285.7591 	EXP 	Sound probe reached end of file
286.0637 	DATA 	Keypress: space
288.5461 	EXP 	New trial (rep=52, index=0): None
290.0316 	EXP 	Sound probe started
290.2449 	EXP 	Sound probe reached end of file
293.5534 	EXP 	New trial (rep=53, index=0): None
295.0285 	EXP 	Sound probe started
295.2448 	EXP 	Sound probe reached end of file
295.5733 	DATA 	Keypress: space
298.1892 	EXP 	New trial (rep=54, index=0): None
299.6234 	EXP 	Sound probe started
299.8327 	EXP 	Sound probe reached end of file
303.4266 	EXP 	New trial (rep=55, index=0): None
303.4295 	EXP 	Sound probe started
303.6448 	EXP 	Sound probe reached end of file
306.9238 	EXP 	New trial (rep=56, index=0): None
308.3870 	EXP 	Sound probe started
308.6047 	EXP 	Sound probe reached end of file
308.9794 	DATA 	Keypress: space
310.8696 	EXP 	New trial (rep=57, index=0): None
312.8215 	EXP 	Sound probe started
313.0328 	EXP 	Sound probe reached end of file
315.3394 	EXP 	New trial (rep=58, index=0): None
316.8476 	EXP 	Sound probe started
317.0606 	EXP 	Sound probe reached end of file
317.5286 	DATA 	Keypress: space
320.4711 	EXP 	New trial (rep=59, index=0): None
320.4721 	EXP 	Sound probe started
320.6809 	EXP 	Sound probe reached end of file
324.3884 	EXP 	New trial (rep=60, index=0): None
326.1932 	EXP 	Sound probe started
326.4130 	EXP 	Sound probe reached end of file
326.9027 	DATA 	Keypress: space
328.7218 	EXP 	New trial (rep=61, index=0): None
330.3705 	EXP 	Sound probe started
330.5810 	EXP 	Sound probe reached end of file
333.8593 	EXP 	New trial (rep=62, index=0): None
335.4834 	EXP 	Sound probe started
335.6925 	EXP 	Sound probe stopped
338.3966 	EXP 	New trial (rep=63, index=0): None
338.4067 	EXP 	Sound probe stopped
338.4316 	EXP 	goodbye_text: autoDraw = True
342.5189 	DATA 	Keypress: space
342.5279 	EXP 	goodbye_text: autoDraw = False
342.6411 	EXP 	window1: mouseVisible = True
