12.6284 	WARNING 	User requested fullscreen with size [2560 1440], but screen is actually [3840, 2160]. Using actual size
15.8565 	WARNING 	Couldn't measure a consistent frame rate!
  - Is your graphics card set to sync to vertical blank?
  - Are you running other processes on your computer?

15.8573 	EXP 	Created window1 = Window(allowGUI=False, allowStencil=False, autoLog=True, backendConf=UNKNOWN, bitsMode=UNKNOWN, blendMode='avg', bpc=(8, 8, 8), color=array([0, 0, 0]), colorSpace='rgb', depthBits=8, fullscr=<method-wrapper '__getattribute__' of attributeSetter object at 0x00000159F52D6B20>, gamma=None, gammaErrorPolicy='raise', lms=UNKNOWN, monitor=<psychopy.monitors.calibTools.Monitor object at 0x00000159F5FC5130>, multiSample=False, name='window1', numSamples=2, pos=(0, 0), screen=0, size=array([3840, 2160]), stencilBits=0, stereo=False, units='height', useFBO=True, useRetina=False, viewOri=0.0, viewPos=None, viewScale=None, waitBlanking=True, winType='pyglet')
15.8590 	EXP 	window1: mouseVisible = True
15.8592 	EXP 	window1: Attempting to measure frame rate of screen (0) ...
15.8593 	EXP 	window1: recordFrameIntervals = False
16.0820 	EXP 	window1: recordFrameIntervals = True
16.1462 	WARNING 	t of last frame was 25.39ms (=1/39)
16.1863 	WARNING 	t of last frame was 29.54ms (=1/33)
16.2439 	WARNING 	t of last frame was 28.87ms (=1/34)
16.2804 	WARNING 	t of last frame was 25.66ms (=1/38)
16.3210 	WARNING 	Multiple dropped frames have occurred - I'll stop bothering you about them!
18.0899 	WARNING 	Couldn't measure a consistent frame rate!
  - Is your graphics card set to sync to vertical blank?
  - Are you running other processes on your computer?

19.8257 	EXP 	Created text = TextStim(__class__=<class 'psychopy.visual.text.TextStim'>, alignHoriz=method-wrapper(...), alignText='center', alignVert=method-wrapper(...), anchorHoriz='center', anchorVert='center', antialias=True, autoLog=True, bold=False, color=array([1., 1., 1.]), colorSpace='rgb', contrast=1.0, depth=-3.0, flipHoriz=False, flipVert=False, font='Open Sans', fontFiles=[], height=0.05, italic=False, languageStyle='LTR', name='text', opacity=1, ori=0.0, pos=array([0., 0.]), rgb=UNKNOWN, text=str(...), units='height', win=Window(...), wrapWidth=1)
19.8276 	EXP 	Created blank_txt = TextStim(__class__=<class 'psychopy.visual.text.TextStim'>, alignHoriz=method-wrapper(...), alignText='center', alignVert=method-wrapper(...), anchorHoriz='center', anchorVert='center', antialias=True, autoLog=True, bold=False, color=array([1., 1., 1.]), colorSpace='rgb', contrast=1.0, depth=0.0, flipHoriz=False, flipVert=False, font='Open Sans', fontFiles=[], height=0.1, italic=False, languageStyle='LTR', name='blank_txt', opacity=1, ori=0.0, pos=array([0., 0.]), rgb=UNKNOWN, text='', units='height', win=Window(...), wrapWidth=1)
19.8809 	EXP 	Sound tProbe set volume 1.000
19.8822 	EXP 	Created you_done_goofed = TextStim(__class__=<class 'psychopy.visual.text.TextStim'>, alignHoriz=method-wrapper(...), alignText='center', alignVert=method-wrapper(...), anchorHoriz='center', anchorVert='center', antialias=True, autoLog=True, bold=False, color=array([1., 1., 1.]), colorSpace='rgb', contrast=1.0, depth=-1.0, flipHoriz=False, flipVert=False, font='Open Sans', fontFiles=[], height=0.05, italic=False, languageStyle='LTR', name='you_done_goofed', opacity=1, ori=0.0, pos=array([0., 0.]), rgb=UNKNOWN, text='', units='height', win=Window(...), wrapWidth=1)
20.1877 	EXP 	Created text_2 = TextStim(__class__=<class 'psychopy.visual.text.TextStim'>, alignHoriz=method-wrapper(...), alignText='center', alignVert=method-wrapper(...), anchorHoriz='center', anchorVert='center', antialias=True, autoLog=True, bold=False, color=array([1., 1., 1.]), colorSpace='rgb', contrast=1.0, depth=-2.0, flipHoriz=False, flipVert=False, font='Open Sans', fontFiles=[], height=0.05, italic=False, languageStyle='LTR', name='text_2', opacity=1, ori=0.0, pos=array([0., 0.]), rgb=UNKNOWN, text='', units='height', win=Window(...), wrapWidth=1)
20.1889 	EXP 	Created blank_txt = TextStim(__class__=<class 'psychopy.visual.text.TextStim'>, alignHoriz=method-wrapper(...), alignText='center', alignVert=method-wrapper(...), anchorHoriz='center', anchorVert='center', antialias=True, autoLog=True, bold=False, color=array([1., 1., 1.]), colorSpace='rgb', contrast=1.0, depth=0.0, flipHoriz=False, flipVert=False, font='Open Sans', fontFiles=[], height=0.1, italic=False, languageStyle='LTR', name='blank_txt', opacity=1, ori=0.0, pos=array([0., 0.]), rgb=UNKNOWN, text='', units='height', win=Window(...), wrapWidth=1)
20.2002 	EXP 	Sound probe set volume 1.000
20.2104 	EXP 	Created goodbye_text = TextStim(__class__=<class 'psychopy.visual.text.TextStim'>, alignHoriz=method-wrapper(...), alignText='center', alignVert=method-wrapper(...), anchorHoriz='center', anchorVert='center', antialias=True, autoLog=True, bold=False, color=array([1., 1., 1.]), colorSpace='rgb', contrast=1.0, depth=0.0, flipHoriz=False, flipVert=False, font='Open Sans', fontFiles=[], height=0.05, italic=False, languageStyle='LTR', name='goodbye_text', opacity=1, ori=0.0, pos=array([0., 0.]), rgb=UNKNOWN, text=str(...), units='height', win=Window(...), wrapWidth=1)
20.2129 	EXP 	Created fixation_cross = ShapeStim(__class__=<class 'psychopy.visual.shape.ShapeStim'>, anchor=('center', 'center'), autoDraw=False, autoLog=True, closeShape=True, color=method-wrapper(...), colorSpace='rgb', contrast=None, depth=-3.0, fillColor=array([1, 1, 1]), fillColorSpace='rgb', fillRGB=array([1, 1, 1]), interpolate=True, lineColor=array([1., 1., 1.]), lineColorSpace='rgb', lineRGB=array([1, 1, 1]), lineWidth=1.0, name='fixation_cross', opacity=1, ori=0.0, pos=array([0., 0.]), size=array([0.15, 0.15]), units='height', vertices=ndarray(...), win=Window(...), windingRule=None)
20.2256 	EXP 	text: autoDraw = True
80.4548 	DATA 	Keypress: space
80.4643 	EXP 	text: autoDraw = False
80.4643 	EXP 	blank_txt: autoDraw = True
81.4547 	EXP 	Created sequence: random, trialTypes=1, nReps=3, seed=None
81.4548 	EXP 	New trial (rep=0, index=0): None
81.4847 	EXP 	blank_txt: autoDraw = False
82.4576 	EXP 	Sound tProbe started
82.6682 	EXP 	Sound tProbe reached end of file
83.5582 	DATA 	Keypress: space
84.5279 	EXP 	you_done_goofed: height = 0.05
84.5279 	EXP 	you_done_goofed: height = 0.05
84.5279 	EXP 	you_done_goofed: text = "Vous avez appuyé trop tard.\n            \n\nVeuillez essayer de répondre dans la seconde suivant le ton.\n            \n\nAppuyez sur n'importe quelle touche pour poursuivre."
84.5279 	EXP 	you_done_goofed: autoDraw = True
93.5497 	EXP 	New trial (rep=1, index=0): None
93.5561 	DATA 	Keypress: space
93.5792 	EXP 	you_done_goofed: autoDraw = False
94.5418 	EXP 	Sound tProbe started
94.7599 	EXP 	Sound tProbe reached end of file
94.9573 	DATA 	Keypress: space
96.6044 	EXP 	you_done_goofed: height = 0.05
96.6044 	EXP 	you_done_goofed: height = 0.05
96.6044 	EXP 	you_done_goofed: text = "C'est très bien! \n            \n\nAppuyez sur n'importe quelle touche pour poursuivre."
96.6044 	EXP 	you_done_goofed: autoDraw = True
97.9570 	EXP 	New trial (rep=2, index=0): None
97.9584 	DATA 	Keypress: space
97.9666 	EXP 	you_done_goofed: autoDraw = False
98.9553 	EXP 	Sound tProbe started
99.1680 	EXP 	Sound tProbe reached end of file
99.3043 	DATA 	Keypress: space
101.0258 	EXP 	you_done_goofed: text = "C'est très bien! \n            \n\nAppuyez sur n'importe quelle touche pour poursuivre."
101.0258 	EXP 	you_done_goofed: autoDraw = True
101.7714 	EXP 	Created fixation_cross = ShapeStim(__class__=<class 'psychopy.visual.shape.ShapeStim'>, anchor=('center', 'center'), autoDraw=False, autoLog=True, closeShape=True, color=method-wrapper(...), colorSpace='rgb', contrast=None, depth=-3.0, fillColor=array([1, 1, 1]), fillColorSpace='rgb', fillRGB=array([1, 1, 1]), interpolate=True, lineColor=array([1., 1., 1.]), lineColorSpace='rgb', lineRGB=array([1, 1, 1]), lineWidth=1.0, name='fixation_cross', opacity=1, ori=0.0, pos=array([0., 0.]), size=array([0.15, 0.15]), units='height', vertices=ndarray(...), win=Window(...), windingRule=None)
101.7905 	DATA 	Keypress: space
101.8015 	EXP 	you_done_goofed: autoDraw = False
101.8015 	EXP 	text_2: height = 0.05
101.8015 	EXP 	text_2: height = 0.05
101.8015 	EXP 	text_2: text = "Appuyez sur la barre d'espace dès que vous entendez un son. \n\n Les réponses enregistrées plus d'une seconde après le son ne seront pas comptabilisées. \n\n\n Appuyez sur n'importe quelle touche pour démarrer."
101.8015 	EXP 	text_2: autoDraw = True
102.7099 	DATA 	Keypress: space
102.7193 	EXP 	text_2: autoDraw = False
102.7193 	EXP 	blank_txt: autoDraw = True
103.7153 	EXP 	Created sequence: random, trialTypes=1, nReps=999, seed=None
103.7176 	EXP 	New trial (rep=0, index=0): None
103.8056 	EXP 	Sound probe started
103.8147 	EXP 	blank_txt: autoDraw = False
104.0080 	EXP 	Sound probe stopped
104.1137 	DATA 	Keypress: space
106.3168 	EXP 	New trial (rep=1, index=0): None
106.3822 	EXP 	Sound probe started
106.5960 	EXP 	Sound probe reached end of file
106.7675 	DATA 	Keypress: space
109.1046 	EXP 	New trial (rep=2, index=0): None
109.1823 	EXP 	Sound probe started
109.3959 	EXP 	Sound probe reached end of file
109.4939 	DATA 	Keypress: space
111.8974 	EXP 	New trial (rep=3, index=0): None
111.9626 	EXP 	Sound probe started
112.1560 	EXP 	Sound probe stopped
112.3719 	DATA 	Keypress: space
114.3352 	EXP 	New trial (rep=4, index=0): None
114.3388 	EXP 	Sound probe started
114.5561 	EXP 	Sound probe reached end of file
117.6051 	EXP 	New trial (rep=5, index=0): None
117.6731 	EXP 	Sound probe started
117.8880 	EXP 	Sound probe reached end of file
120.0402 	EXP 	New trial (rep=6, index=0): None
120.1185 	EXP 	Sound probe started
120.3361 	EXP 	Sound probe reached end of file
123.2979 	EXP 	New trial (rep=7, index=0): None
123.3739 	EXP 	Sound probe started
123.5839 	EXP 	Sound probe reached end of file
123.9748 	DATA 	Keypress: space
126.6712 	EXP 	New trial (rep=8, index=0): None
126.6727 	EXP 	Sound probe started
126.8838 	EXP 	Sound probe reached end of file
129.4739 	EXP 	New trial (rep=9, index=0): None
129.5422 	EXP 	Sound probe started
129.7561 	EXP 	Sound probe reached end of file
131.6226 	EXP 	New trial (rep=10, index=0): None
131.7000 	EXP 	Sound probe started
131.9159 	EXP 	Sound probe reached end of file
132.2607 	DATA 	Keypress: space
134.7293 	EXP 	New trial (rep=11, index=0): None
134.8015 	EXP 	Sound probe started
135.0161 	EXP 	Sound probe reached end of file
137.3115 	EXP 	New trial (rep=12, index=0): None
137.3164 	EXP 	Sound probe started
137.5360 	EXP 	Sound probe reached end of file
140.8345 	EXP 	New trial (rep=13, index=0): None
140.9056 	EXP 	Sound probe started
141.1160 	EXP 	Sound probe stopped
141.4059 	DATA 	Keypress: space
143.6993 	EXP 	New trial (rep=14, index=0): None
143.7741 	EXP 	Sound probe started
143.9839 	EXP 	Sound probe reached end of file
147.3525 	EXP 	New trial (rep=15, index=0): None
147.4261 	EXP 	Sound probe started
147.6441 	EXP 	Sound probe reached end of file
147.8503 	DATA 	Keypress: space
150.1416 	EXP 	New trial (rep=16, index=0): None
150.2097 	EXP 	Sound probe started
150.4241 	EXP 	Sound probe reached end of file
154.1983 	EXP 	New trial (rep=17, index=0): None
154.2654 	EXP 	Sound probe started
154.4840 	EXP 	Sound probe reached end of file
154.7144 	DATA 	Keypress: space
157.2957 	EXP 	New trial (rep=18, index=0): None
157.3736 	EXP 	Sound probe started
157.5840 	EXP 	Sound probe stopped
159.7000 	EXP 	New trial (rep=19, index=0): None
159.7041 	EXP 	Sound probe started
159.9252 	EXP 	Sound probe reached end of file
162.3770 	EXP 	New trial (rep=20, index=0): None
162.4552 	EXP 	Sound probe started
162.6720 	EXP 	Sound probe reached end of file
163.0280 	DATA 	Keypress: space
166.3187 	EXP 	New trial (rep=21, index=0): None
166.3855 	EXP 	Sound probe started
166.6038 	EXP 	Sound probe reached end of file
169.6393 	EXP 	New trial (rep=22, index=0): None
169.7099 	EXP 	Sound probe started
169.9240 	EXP 	Sound probe reached end of file
170.1583 	DATA 	Keypress: space
173.4426 	EXP 	New trial (rep=23, index=0): None
173.5144 	EXP 	Sound probe started
173.7197 	EXP 	Sound probe stopped
176.9049 	EXP 	New trial (rep=24, index=0): None
176.9067 	EXP 	Sound probe started
177.1200 	EXP 	Sound probe reached end of file
179.1574 	EXP 	New trial (rep=25, index=0): None
179.2322 	EXP 	Sound probe started
179.4517 	EXP 	Sound probe reached end of file
179.5783 	DATA 	Keypress: space
181.4614 	EXP 	New trial (rep=26, index=0): None
181.5329 	EXP 	Sound probe started
181.7519 	EXP 	Sound probe reached end of file
184.4629 	EXP 	New trial (rep=27, index=0): None
184.5378 	EXP 	Sound probe started
184.7519 	EXP 	Sound probe reached end of file
185.0157 	DATA 	Keypress: space
187.3539 	EXP 	New trial (rep=28, index=0): None
187.4213 	EXP 	Sound probe started
187.6317 	EXP 	Sound probe stopped
191.4181 	EXP 	New trial (rep=29, index=0): None
191.4854 	EXP 	Sound probe started
191.6998 	EXP 	Sound probe reached end of file
193.9485 	EXP 	New trial (rep=30, index=0): None
193.9525 	EXP 	Sound probe started
194.1719 	EXP 	Sound probe reached end of file
197.3429 	EXP 	New trial (rep=31, index=0): None
197.4177 	EXP 	Sound probe started
197.6319 	EXP 	Sound probe reached end of file
197.9956 	DATA 	Keypress: space
200.2851 	EXP 	New trial (rep=32, index=0): None
201.2932 	EXP 	Sound probe started
201.5077 	EXP 	Sound probe reached end of file
204.0511 	EXP 	New trial (rep=33, index=0): None
205.1256 	EXP 	Sound probe started
205.3398 	EXP 	Sound probe reached end of file
208.0318 	EXP 	New trial (rep=34, index=0): None
208.0328 	EXP 	Sound probe started
208.2478 	EXP 	Sound probe reached end of file
211.8511 	EXP 	New trial (rep=35, index=0): None
213.0609 	EXP 	Sound probe started
213.2799 	EXP 	Sound probe reached end of file
216.1919 	EXP 	New trial (rep=36, index=0): None
217.5489 	EXP 	Sound probe started
217.7679 	EXP 	Sound probe reached end of file
218.1524 	DATA 	Keypress: space
220.4684 	EXP 	New trial (rep=37, index=0): None
221.6389 	EXP 	Sound probe started
221.8515 	EXP 	Sound probe reached end of file
225.6757 	EXP 	New trial (rep=38, index=0): None
225.6779 	EXP 	Sound probe started
225.8959 	EXP 	Sound probe reached end of file
229.0181 	EXP 	New trial (rep=39, index=0): None
230.5661 	EXP 	Sound probe started
230.7760 	EXP 	Sound probe reached end of file
233.5263 	EXP 	New trial (rep=40, index=0): None
234.8165 	EXP 	Sound probe started
235.0278 	EXP 	Sound probe stopped
235.4659 	DATA 	Keypress: space
237.6322 	EXP 	New trial (rep=41, index=0): None
238.8463 	EXP 	Sound probe started
239.0556 	EXP 	Sound probe reached end of file
239.4327 	DATA 	Keypress: space
241.6334 	EXP 	New trial (rep=42, index=0): None
242.9137 	EXP 	Sound probe started
243.1277 	EXP 	Sound probe reached end of file
243.4825 	DATA 	Keypress: space
246.8969 	EXP 	New trial (rep=43, index=0): None
246.9000 	EXP 	Sound probe started
247.1159 	EXP 	Sound probe reached end of file
250.6968 	EXP 	New trial (rep=44, index=0): None
252.0413 	EXP 	Sound probe started
252.2558 	EXP 	Sound probe reached end of file
252.6550 	DATA 	Keypress: space
255.3383 	EXP 	New trial (rep=45, index=0): None
256.6345 	EXP 	Sound probe started
256.8440 	EXP 	Sound probe reached end of file
257.3527 	DATA 	Keypress: space
258.9045 	EXP 	New trial (rep=46, index=0): None
260.2366 	EXP 	Sound probe started
260.4439 	EXP 	Sound probe stopped
260.9233 	DATA 	Keypress: space
263.7902 	EXP 	New trial (rep=47, index=0): None
265.1354 	EXP 	Sound probe started
265.3436 	EXP 	Sound probe reached end of file
265.6990 	DATA 	Keypress: space
268.4162 	EXP 	New trial (rep=48, index=0): None
269.8604 	EXP 	Sound probe started
270.0758 	EXP 	Sound probe reached end of file
273.1551 	EXP 	New trial (rep=49, index=0): None
273.1586 	EXP 	Sound probe started
273.3759 	EXP 	Sound probe reached end of file
276.3363 	EXP 	New trial (rep=50, index=0): None
277.8980 	EXP 	Sound probe started
278.1039 	EXP 	Sound probe stopped
278.7774 	DATA 	Keypress: space
280.0015 	EXP 	New trial (rep=51, index=0): None
281.4790 	EXP 	Sound probe started
281.6918 	EXP 	Sound probe reached end of file
282.1216 	DATA 	Keypress: space
284.1154 	EXP 	New trial (rep=52, index=0): None
285.6360 	EXP 	Sound probe started
285.8315 	EXP 	Sound probe stopped
286.2192 	DATA 	Keypress: space
288.1225 	EXP 	New trial (rep=53, index=0): None
289.5839 	EXP 	Sound probe started
289.8040 	EXP 	Sound probe reached end of file
290.2585 	DATA 	Keypress: space
292.5482 	EXP 	New trial (rep=54, index=0): None
292.5492 	EXP 	Sound probe started
292.7639 	EXP 	Sound probe reached end of file
294.6387 	EXP 	New trial (rep=55, index=0): None
296.1089 	EXP 	Sound probe started
296.3237 	EXP 	Sound probe reached end of file
299.2361 	EXP 	New trial (rep=56, index=0): None
300.7361 	EXP 	Sound probe started
300.9520 	EXP 	Sound probe reached end of file
302.7989 	EXP 	New trial (rep=57, index=0): None
304.3889 	EXP 	Sound probe started
304.5998 	EXP 	Sound probe reached end of file
305.0178 	DATA 	Keypress: space
307.1078 	EXP 	New trial (rep=58, index=0): None
308.6547 	EXP 	Sound probe started
308.8718 	EXP 	Sound probe reached end of file
309.3385 	DATA 	Keypress: space
312.4291 	EXP 	New trial (rep=59, index=0): None
312.4324 	EXP 	Sound probe started
312.6514 	EXP 	Sound probe reached end of file
315.3125 	EXP 	New trial (rep=60, index=0): None
316.8475 	EXP 	Sound probe started
317.0597 	EXP 	Sound probe reached end of file
320.1213 	EXP 	New trial (rep=61, index=0): None
321.6999 	EXP 	Sound probe started
321.9119 	EXP 	Sound probe stopped
325.5596 	EXP 	New trial (rep=62, index=0): None
327.5361 	EXP 	Sound probe started
327.7480 	EXP 	Sound probe reached end of file
328.5306 	DATA 	Keypress: space
329.5972 	EXP 	New trial (rep=63, index=0): None
329.6010 	EXP 	Sound probe stopped
329.6265 	EXP 	goodbye_text: autoDraw = True
342.8098 	DATA 	Keypress: escape
342.8293 	EXP 	goodbye_text: autoDraw = False
342.9416 	EXP 	window1: mouseVisible = True
