22.5830 	WARNING 	User requested fullscreen with size [2560 1440], but screen is actually [3840, 2160]. Using actual size
25.6302 	WARNING 	Couldn't measure a consistent frame rate!
  - Is your graphics card set to sync to vertical blank?
  - Are you running other processes on your computer?

25.6312 	EXP 	Created window1 = Window(allowGUI=False, allowStencil=False, autoLog=True, backendConf=UNKNOWN, bitsMode=UNKNOWN, blendMode='avg', bpc=(8, 8, 8), color=array([0, 0, 0]), colorSpace='rgb', depthBits=8, fullscr=<method-wrapper '__getattribute__' of attributeSetter object at 0x0000023AD64D6B20>, gamma=None, gammaErrorPolicy='raise', lms=UNKNOWN, monitor=<psychopy.monitors.calibTools.Monitor object at 0x0000023AD71B6130>, multiSample=False, name='window1', numSamples=2, pos=(0, 0), screen=0, size=array([3840, 2160]), stencilBits=0, stereo=False, units='height', useFBO=True, useRetina=False, viewOri=0.0, viewPos=None, viewScale=None, waitBlanking=True, winType='pyglet')
25.6320 	EXP 	window1: mouseVisible = True
25.6320 	EXP 	window1: Attempting to measure frame rate of screen (0) ...
25.6321 	EXP 	window1: recordFrameIntervals = False
25.8113 	EXP 	window1: recordFrameIntervals = True
25.8626 	WARNING 	t of last frame was 21.27ms (=1/47)
25.8829 	WARNING 	t of last frame was 20.30ms (=1/49)
25.9156 	WARNING 	t of last frame was 22.79ms (=1/43)
26.0299 	WARNING 	t of last frame was 29.26ms (=1/34)
26.0623 	WARNING 	Multiple dropped frames have occurred - I'll stop bothering you about them!
27.7660 	WARNING 	Couldn't measure a consistent frame rate!
  - Is your graphics card set to sync to vertical blank?
  - Are you running other processes on your computer?

29.4963 	EXP 	Created text = TextStim(__class__=<class 'psychopy.visual.text.TextStim'>, alignHoriz=method-wrapper(...), alignText='center', alignVert=method-wrapper(...), anchorHoriz='center', anchorVert='center', antialias=True, autoLog=True, bold=False, color=array([1., 1., 1.]), colorSpace='rgb', contrast=1.0, depth=-3.0, flipHoriz=False, flipVert=False, font='Open Sans', fontFiles=[], height=0.05, italic=False, languageStyle='LTR', name='text', opacity=1, ori=0.0, pos=array([0., 0.]), rgb=UNKNOWN, text=str(...), units='height', win=Window(...), wrapWidth=1)
29.4983 	EXP 	Created blank_txt = TextStim(__class__=<class 'psychopy.visual.text.TextStim'>, alignHoriz=method-wrapper(...), alignText='center', alignVert=method-wrapper(...), anchorHoriz='center', anchorVert='center', antialias=True, autoLog=True, bold=False, color=array([1., 1., 1.]), colorSpace='rgb', contrast=1.0, depth=0.0, flipHoriz=False, flipVert=False, font='Open Sans', fontFiles=[], height=0.1, italic=False, languageStyle='LTR', name='blank_txt', opacity=1, ori=0.0, pos=array([0., 0.]), rgb=UNKNOWN, text='', units='height', win=Window(...), wrapWidth=1)
29.5579 	EXP 	Sound tProbe set volume 1.000
29.5593 	EXP 	Created you_done_goofed = TextStim(__class__=<class 'psychopy.visual.text.TextStim'>, alignHoriz=method-wrapper(...), alignText='center', alignVert=method-wrapper(...), anchorHoriz='center', anchorVert='center', antialias=True, autoLog=True, bold=False, color=array([1., 1., 1.]), colorSpace='rgb', contrast=1.0, depth=-1.0, flipHoriz=False, flipVert=False, font='Open Sans', fontFiles=[], height=0.05, italic=False, languageStyle='LTR', name='you_done_goofed', opacity=1, ori=0.0, pos=array([0., 0.]), rgb=UNKNOWN, text='', units='height', win=Window(...), wrapWidth=1)
29.8743 	EXP 	Created text_2 = TextStim(__class__=<class 'psychopy.visual.text.TextStim'>, alignHoriz=method-wrapper(...), alignText='center', alignVert=method-wrapper(...), anchorHoriz='center', anchorVert='center', antialias=True, autoLog=True, bold=False, color=array([1., 1., 1.]), colorSpace='rgb', contrast=1.0, depth=-2.0, flipHoriz=False, flipVert=False, font='Open Sans', fontFiles=[], height=0.05, italic=False, languageStyle='LTR', name='text_2', opacity=1, ori=0.0, pos=array([0., 0.]), rgb=UNKNOWN, text='', units='height', win=Window(...), wrapWidth=1)
29.8756 	EXP 	Created blank_txt = TextStim(__class__=<class 'psychopy.visual.text.TextStim'>, alignHoriz=method-wrapper(...), alignText='center', alignVert=method-wrapper(...), anchorHoriz='center', anchorVert='center', antialias=True, autoLog=True, bold=False, color=array([1., 1., 1.]), colorSpace='rgb', contrast=1.0, depth=0.0, flipHoriz=False, flipVert=False, font='Open Sans', fontFiles=[], height=0.1, italic=False, languageStyle='LTR', name='blank_txt', opacity=1, ori=0.0, pos=array([0., 0.]), rgb=UNKNOWN, text='', units='height', win=Window(...), wrapWidth=1)
29.8895 	EXP 	Sound probe set volume 1.000
29.9013 	EXP 	Created goodbye_text = TextStim(__class__=<class 'psychopy.visual.text.TextStim'>, alignHoriz=method-wrapper(...), alignText='center', alignVert=method-wrapper(...), anchorHoriz='center', anchorVert='center', antialias=True, autoLog=True, bold=False, color=array([1., 1., 1.]), colorSpace='rgb', contrast=1.0, depth=0.0, flipHoriz=False, flipVert=False, font='Open Sans', fontFiles=[], height=0.05, italic=False, languageStyle='LTR', name='goodbye_text', opacity=1, ori=0.0, pos=array([0., 0.]), rgb=UNKNOWN, text=str(...), units='height', win=Window(...), wrapWidth=1)
29.9043 	EXP 	Created fixation_cross = ShapeStim(__class__=<class 'psychopy.visual.shape.ShapeStim'>, anchor=('center', 'center'), autoDraw=False, autoLog=True, closeShape=True, color=method-wrapper(...), colorSpace='rgb', contrast=None, depth=-3.0, fillColor=array([1, 1, 1]), fillColorSpace='rgb', fillRGB=array([1, 1, 1]), interpolate=True, lineColor=array([1., 1., 1.]), lineColorSpace='rgb', lineRGB=array([1, 1, 1]), lineWidth=1.0, name='fixation_cross', opacity=1, ori=0.0, pos=array([0., 0.]), size=array([0.15, 0.15]), units='height', vertices=ndarray(...), win=Window(...), windingRule=None)
29.9195 	EXP 	text: autoDraw = True
32.6313 	DATA 	Keypress: space
32.6517 	EXP 	text: autoDraw = False
32.6517 	EXP 	blank_txt: autoDraw = True
33.6565 	EXP 	Created sequence: random, trialTypes=1, nReps=3, seed=None
33.6571 	EXP 	New trial (rep=0, index=0): None
33.6768 	EXP 	blank_txt: autoDraw = False
34.6604 	EXP 	Sound tProbe started
34.8731 	EXP 	Sound tProbe reached end of file
35.1224 	DATA 	Keypress: space
36.7475 	EXP 	you_done_goofed: height = 0.05
36.7475 	EXP 	you_done_goofed: height = 0.05
36.7475 	EXP 	you_done_goofed: text = "You're doing great! \n            \n\nPress any key to continue."
36.7475 	EXP 	you_done_goofed: autoDraw = True
39.6020 	EXP 	New trial (rep=1, index=0): None
39.6037 	DATA 	Keypress: space
39.6135 	EXP 	you_done_goofed: autoDraw = False
40.6133 	EXP 	Sound tProbe started
40.8317 	EXP 	Sound tProbe reached end of file
41.1025 	DATA 	Keypress: space
42.6803 	EXP 	you_done_goofed: text = "You're doing great! \n            \n\nPress any key to continue."
42.6803 	EXP 	you_done_goofed: autoDraw = True
44.0402 	EXP 	New trial (rep=2, index=0): None
44.0418 	DATA 	Keypress: space
44.0519 	EXP 	you_done_goofed: autoDraw = False
45.0502 	EXP 	Sound tProbe started
45.2694 	EXP 	Sound tProbe reached end of file
45.4741 	DATA 	Keypress: space
47.1206 	EXP 	you_done_goofed: text = "You're doing great! \n            \n\nPress any key to continue."
47.1206 	EXP 	you_done_goofed: autoDraw = True
48.6777 	DATA 	Keypress: space
48.6922 	EXP 	Created fixation_cross = ShapeStim(__class__=<class 'psychopy.visual.shape.ShapeStim'>, anchor=('center', 'center'), autoDraw=False, autoLog=True, closeShape=True, color=method-wrapper(...), colorSpace='rgb', contrast=None, depth=-3.0, fillColor=array([1, 1, 1]), fillColorSpace='rgb', fillRGB=array([1, 1, 1]), interpolate=True, lineColor=array([1., 1., 1.]), lineColorSpace='rgb', lineRGB=array([1, 1, 1]), lineWidth=1.0, name='fixation_cross', opacity=1, ori=0.0, pos=array([0., 0.]), size=array([0.15, 0.15]), units='height', vertices=ndarray(...), win=Window(...), windingRule=None)
48.7409 	EXP 	you_done_goofed: autoDraw = False
48.7409 	EXP 	text_2: height = 0.05
48.7409 	EXP 	text_2: height = 0.05
48.7409 	EXP 	text_2: text = 'We can now start the experiment. \n\nPress <spacebar> as fast as possible each time you hear a sound. \n\n Please note that responses recorded later than 1 second after the sound will not be counted. \n\n\n Press any key to start.'
48.7409 	EXP 	text_2: autoDraw = True
50.2620 	DATA 	Keypress: space
50.2718 	EXP 	text_2: autoDraw = False
50.2718 	EXP 	blank_txt: autoDraw = True
51.2684 	EXP 	Created sequence: random, trialTypes=1, nReps=999, seed=None
51.2721 	EXP 	New trial (rep=0, index=0): None
51.3460 	EXP 	Sound probe started
51.3558 	EXP 	blank_txt: autoDraw = False
51.3558 	EXP 	blank_txt: autoDraw = False
51.5635 	EXP 	Sound probe reached end of file
51.7049 	DATA 	Keypress: space
54.7440 	EXP 	New trial (rep=1, index=0): None
54.8214 	EXP 	Sound probe started
55.0396 	EXP 	Sound probe reached end of file
55.2643 	DATA 	Keypress: space
58.5681 	EXP 	New trial (rep=2, index=0): None
58.6517 	EXP 	Sound probe started
58.8593 	EXP 	Sound probe stopped
59.0213 	DATA 	Keypress: space
62.4887 	EXP 	New trial (rep=3, index=0): None
62.5602 	EXP 	Sound probe started
62.7797 	EXP 	Sound probe reached end of file
65.8060 	EXP 	New trial (rep=4, index=0): None
65.8103 	EXP 	Sound probe started
66.0194 	EXP 	Sound probe reached end of file
69.3563 	EXP 	New trial (rep=5, index=0): None
69.4334 	EXP 	Sound probe started
69.6513 	EXP 	Sound probe reached end of file
73.1647 	EXP 	New trial (rep=6, index=0): None
73.2435 	EXP 	Sound probe started
73.4594 	EXP 	Sound probe reached end of file
73.8267 	DATA 	Keypress: space
75.6759 	EXP 	New trial (rep=7, index=0): None
75.7541 	EXP 	Sound probe started
75.9764 	EXP 	Sound probe reached end of file
76.6187 	DATA 	Keypress: space
79.3988 	EXP 	New trial (rep=8, index=0): None
79.4695 	EXP 	Sound probe started
79.6793 	EXP 	Sound probe reached end of file
81.8046 	EXP 	New trial (rep=9, index=0): None
81.8809 	EXP 	Sound probe started
82.0874 	EXP 	Sound probe stopped
82.4161 	DATA 	Keypress: space
85.1171 	EXP 	New trial (rep=10, index=0): None
85.2019 	EXP 	Sound probe started
85.4193 	EXP 	Sound probe reached end of file
86.5801 	DATA 	Keypress: space
89.1100 	EXP 	New trial (rep=11, index=0): None
89.1867 	EXP 	Sound probe started
89.3874 	EXP 	Sound probe stopped
89.7924 	DATA 	Keypress: space
92.9507 	EXP 	New trial (rep=12, index=0): None
92.9523 	EXP 	Sound probe started
93.1674 	EXP 	Sound probe reached end of file
96.7158 	EXP 	New trial (rep=13, index=0): None
96.7894 	EXP 	Sound probe started
97.0075 	EXP 	Sound probe reached end of file
98.9844 	EXP 	New trial (rep=14, index=0): None
99.0587 	EXP 	Sound probe started
99.2695 	EXP 	Sound probe reached end of file
99.6041 	DATA 	Keypress: space
102.8909 	EXP 	New trial (rep=15, index=0): None
102.9627 	EXP 	Sound probe started
103.1673 	EXP 	Sound probe stopped
105.2810 	EXP 	New trial (rep=16, index=0): None
105.3612 	EXP 	Sound probe started
105.5754 	EXP 	Sound probe reached end of file
105.8612 	DATA 	Keypress: space
107.9959 	EXP 	New trial (rep=17, index=0): None
107.9978 	EXP 	Sound probe started
108.2153 	EXP 	Sound probe reached end of file
110.1248 	EXP 	New trial (rep=18, index=0): None
110.2050 	EXP 	Sound probe started
110.4156 	EXP 	Sound probe reached end of file
110.7884 	DATA 	Keypress: space
113.3747 	EXP 	New trial (rep=19, index=0): None
113.4464 	EXP 	Sound probe started
113.6555 	EXP 	Sound probe reached end of file
114.0784 	DATA 	Keypress: space
117.2567 	EXP 	New trial (rep=20, index=0): None
117.3333 	EXP 	Sound probe started
117.5475 	EXP 	Sound probe reached end of file
119.4404 	EXP 	New trial (rep=21, index=0): None
119.4421 	EXP 	Sound probe started
119.6553 	EXP 	Sound probe reached end of file
122.2430 	EXP 	New trial (rep=22, index=0): None
122.3148 	EXP 	Sound probe started
122.5274 	EXP 	Sound probe reached end of file
122.8931 	DATA 	Keypress: space
125.7124 	EXP 	New trial (rep=23, index=0): None
125.7818 	EXP 	Sound probe started
125.9956 	EXP 	Sound probe reached end of file
129.6808 	EXP 	New trial (rep=24, index=0): None
129.7539 	EXP 	Sound probe started
129.9673 	EXP 	Sound probe reached end of file
130.4652 	DATA 	Keypress: space
131.9895 	EXP 	New trial (rep=25, index=0): None
131.9912 	EXP 	Sound probe started
132.2034 	EXP 	Sound probe reached end of file
134.6550 	EXP 	New trial (rep=26, index=0): None
134.7294 	EXP 	Sound probe started
134.9431 	EXP 	Sound probe reached end of file
137.2098 	EXP 	New trial (rep=27, index=0): None
137.2856 	EXP 	Sound probe started
137.5036 	EXP 	Sound probe reached end of file
137.9125 	DATA 	Keypress: space
140.4407 	EXP 	New trial (rep=28, index=0): None
140.5168 	EXP 	Sound probe started
140.7237 	EXP 	Sound probe stopped
143.0289 	EXP 	New trial (rep=29, index=0): None
143.0359 	EXP 	Sound probe started
143.2434 	EXP 	Sound probe stopped
145.4651 	EXP 	New trial (rep=30, index=0): None
146.8692 	EXP 	Sound probe started
147.0835 	EXP 	Sound probe reached end of file
150.5358 	EXP 	New trial (rep=31, index=0): None
151.5141 	EXP 	Sound probe started
151.7234 	EXP 	Sound probe reached end of file
152.6548 	DATA 	Keypress: space
155.3768 	EXP 	New trial (rep=32, index=0): None
156.4982 	EXP 	Sound probe started
156.7114 	EXP 	Sound probe reached end of file
157.1261 	DATA 	Keypress: space
159.2060 	EXP 	New trial (rep=33, index=0): None
159.2103 	EXP 	Sound probe started
159.4290 	EXP 	Sound probe reached end of file
161.5140 	EXP 	New trial (rep=34, index=0): None
163.3940 	EXP 	Sound probe started
163.3947 	DATA 	Keypress: space
163.6034 	EXP 	Sound probe stopped
167.1510 	EXP 	New trial (rep=35, index=0): None
168.1868 	EXP 	Sound probe started
168.4035 	EXP 	Sound probe reached end of file
172.1255 	EXP 	New trial (rep=36, index=0): None
173.2056 	EXP 	Sound probe started
173.4235 	EXP 	Sound probe reached end of file
175.7084 	EXP 	New trial (rep=37, index=0): None
176.8685 	EXP 	Sound probe started
177.0835 	EXP 	Sound probe reached end of file
177.5132 	DATA 	Keypress: space
180.1377 	EXP 	New trial (rep=38, index=0): None
180.1388 	EXP 	Sound probe started
180.3513 	EXP 	Sound probe reached end of file
184.0702 	EXP 	New trial (rep=39, index=0): None
185.5407 	EXP 	Sound probe started
185.7596 	EXP 	Sound probe reached end of file
186.1676 	DATA 	Keypress: space
187.8122 	EXP 	New trial (rep=40, index=0): None
188.9371 	EXP 	Sound probe started
189.1513 	EXP 	Sound probe reached end of file
192.3403 	EXP 	New trial (rep=41, index=0): None
193.5252 	EXP 	Sound probe started
193.7392 	EXP 	Sound probe reached end of file
196.9821 	EXP 	New trial (rep=42, index=0): None
196.9865 	EXP 	Sound probe started
197.2025 	EXP 	Sound probe reached end of file
199.0853 	EXP 	New trial (rep=43, index=0): None
200.2159 	EXP 	Sound probe started
200.4196 	EXP 	Sound probe stopped
200.9984 	DATA 	Keypress: space
203.7120 	EXP 	New trial (rep=44, index=0): None
204.9384 	EXP 	Sound probe started
205.1514 	EXP 	Sound probe reached end of file
205.7449 	DATA 	Keypress: space
207.9577 	EXP 	New trial (rep=45, index=0): None
209.1214 	EXP 	Sound probe started
209.3276 	EXP 	Sound probe stopped
211.4506 	EXP 	New trial (rep=46, index=0): None
212.6216 	EXP 	Sound probe started
212.8395 	EXP 	Sound probe reached end of file
216.2412 	EXP 	New trial (rep=47, index=0): None
216.2426 	EXP 	Sound probe started
216.4595 	EXP 	Sound probe reached end of file
218.6627 	EXP 	New trial (rep=48, index=0): None
219.9853 	EXP 	Sound probe started
220.1993 	EXP 	Sound probe reached end of file
221.0137 	DATA 	Keypress: space
224.0049 	EXP 	New trial (rep=49, index=0): None
225.2447 	EXP 	Sound probe started
225.4592 	EXP 	Sound probe reached end of file
226.0258 	DATA 	Keypress: space
228.5906 	EXP 	New trial (rep=50, index=0): None
229.8761 	EXP 	Sound probe started
230.0874 	EXP 	Sound probe reached end of file
232.2915 	EXP 	New trial (rep=51, index=0): None
232.2926 	EXP 	Sound probe started
232.5074 	EXP 	Sound probe reached end of file
235.4805 	EXP 	New trial (rep=52, index=0): None
236.7870 	EXP 	Sound probe started
236.9954 	EXP 	Sound probe reached end of file
237.4727 	DATA 	Keypress: space
239.7546 	EXP 	New trial (rep=53, index=0): None
241.1303 	EXP 	Sound probe started
241.3474 	EXP 	Sound probe reached end of file
243.2232 	EXP 	New trial (rep=54, index=0): None
244.4978 	EXP 	Sound probe started
244.7074 	EXP 	Sound probe stopped
245.5888 	DATA 	Keypress: space
247.2617 	EXP 	New trial (rep=55, index=0): None
248.5778 	EXP 	Sound probe started
248.7954 	EXP 	Sound probe reached end of file
249.7517 	DATA 	Keypress: space
250.9449 	EXP 	New trial (rep=56, index=0): None
250.9461 	EXP 	Sound probe started
251.1557 	EXP 	Sound probe reached end of file
254.5463 	EXP 	New trial (rep=57, index=0): None
255.9108 	EXP 	Sound probe started
256.1275 	EXP 	Sound probe reached end of file
259.4444 	EXP 	New trial (rep=58, index=0): None
260.8727 	EXP 	Sound probe started
261.0833 	EXP 	Sound probe reached end of file
261.4097 	DATA 	Keypress: space
263.6369 	EXP 	New trial (rep=59, index=0): None
264.9831 	EXP 	Sound probe started
265.1955 	EXP 	Sound probe stopped
265.6028 	DATA 	Keypress: space
268.3210 	EXP 	New trial (rep=60, index=0): None
268.3266 	EXP 	Sound probe started
268.5432 	EXP 	Sound probe reached end of file
272.2600 	EXP 	New trial (rep=61, index=0): None
273.6429 	EXP 	Sound probe started
273.8554 	EXP 	Sound probe reached end of file
274.3043 	DATA 	Keypress: space
276.0308 	EXP 	New trial (rep=62, index=0): None
278.1981 	EXP 	Sound probe started
278.4033 	EXP 	Sound probe stopped
281.1291 	EXP 	New trial (rep=63, index=0): None
283.0249 	EXP 	Sound probe started
283.2436 	EXP 	Sound probe reached end of file
283.8281 	DATA 	Keypress: space
285.1683 	EXP 	New trial (rep=64, index=0): None
285.1693 	EXP 	Sound probe started
285.3834 	EXP 	Sound probe reached end of file
288.2370 	EXP 	New trial (rep=65, index=0): None
289.6538 	EXP 	Sound probe started
289.8715 	EXP 	Sound probe reached end of file
293.4192 	EXP 	New trial (rep=66, index=0): None
294.8957 	EXP 	Sound probe started
295.0914 	EXP 	Sound probe stopped
295.6926 	DATA 	Keypress: space
298.0891 	EXP 	New trial (rep=67, index=0): None
298.0931 	EXP 	Sound probe stopped
298.1190 	EXP 	goodbye_text: autoDraw = True
303.1743 	DATA 	Keypress: space
303.1833 	EXP 	goodbye_text: autoDraw = False
303.2518 	EXP 	window1: mouseVisible = True
