14.7197 	WARNING 	User requested fullscreen with size [2560 1440], but screen is actually [3840, 2160]. Using actual size
17.6627 	WARNING 	Couldn't measure a consistent frame rate!
  - Is your graphics card set to sync to vertical blank?
  - Are you running other processes on your computer?

17.6637 	EXP 	Created window1 = Window(allowGUI=False, allowStencil=False, autoLog=True, backendConf=UNKNOWN, bitsMode=UNKNOWN, blendMode='avg', bpc=(8, 8, 8), color=array([0, 0, 0]), colorSpace='rgb', depthBits=8, fullscr=<method-wrapper '__getattribute__' of attributeSetter object at 0x000002936E6E78E0>, gamma=None, gammaErrorPolicy='raise', lms=UNKNOWN, monitor=<psychopy.monitors.calibTools.Monitor object at 0x0000029370398190>, multiSample=False, name='window1', numSamples=2, pos=(0, 0), screen=0, size=array([3840, 2160]), stencilBits=0, stereo=False, units='height', useFBO=True, useRetina=False, viewOri=0.0, viewPos=None, viewScale=None, waitBlanking=True, winType='pyglet')
17.6645 	EXP 	window1: mouseVisible = True
17.6646 	EXP 	window1: Attempting to measure frame rate of screen (0) ...
17.6647 	EXP 	window1: recordFrameIntervals = False
17.8412 	EXP 	window1: recordFrameIntervals = True
17.8905 	WARNING 	t of last frame was 28.84ms (=1/34)
17.9308 	WARNING 	t of last frame was 28.24ms (=1/35)
17.9618 	WARNING 	t of last frame was 20.26ms (=1/49)
18.0308 	WARNING 	t of last frame was 28.84ms (=1/34)
18.0624 	WARNING 	Multiple dropped frames have occurred - I'll stop bothering you about them!
19.6433 	WARNING 	Couldn't measure a consistent frame rate!
  - Is your graphics card set to sync to vertical blank?
  - Are you running other processes on your computer?

21.5135 	EXP 	Created text = TextStim(__class__=<class 'psychopy.visual.text.TextStim'>, alignHoriz=method-wrapper(...), alignText='center', alignVert=method-wrapper(...), anchorHoriz='center', anchorVert='center', antialias=True, autoLog=True, bold=False, color=array([1., 1., 1.]), colorSpace='rgb', contrast=1.0, depth=-3.0, flipHoriz=False, flipVert=False, font='Open Sans', fontFiles=[], height=0.05, italic=False, languageStyle='LTR', name='text', opacity=1, ori=0.0, pos=array([0., 0.]), rgb=UNKNOWN, text=str(...), units='height', win=Window(...), wrapWidth=1)
21.5153 	EXP 	Created blank_txt = TextStim(__class__=<class 'psychopy.visual.text.TextStim'>, alignHoriz=method-wrapper(...), alignText='center', alignVert=method-wrapper(...), anchorHoriz='center', anchorVert='center', antialias=True, autoLog=True, bold=False, color=array([1., 1., 1.]), colorSpace='rgb', contrast=1.0, depth=0.0, flipHoriz=False, flipVert=False, font='Open Sans', fontFiles=[], height=0.1, italic=False, languageStyle='LTR', name='blank_txt', opacity=1, ori=0.0, pos=array([0., 0.]), rgb=UNKNOWN, text='', units='height', win=Window(...), wrapWidth=1)
21.5750 	EXP 	Sound tProbe set volume 1.000
21.5763 	EXP 	Created you_done_goofed = TextStim(__class__=<class 'psychopy.visual.text.TextStim'>, alignHoriz=method-wrapper(...), alignText='center', alignVert=method-wrapper(...), anchorHoriz='center', anchorVert='center', antialias=True, autoLog=True, bold=False, color=array([1., 1., 1.]), colorSpace='rgb', contrast=1.0, depth=-1.0, flipHoriz=False, flipVert=False, font='Open Sans', fontFiles=[], height=0.05, italic=False, languageStyle='LTR', name='you_done_goofed', opacity=1, ori=0.0, pos=array([0., 0.]), rgb=UNKNOWN, text='', units='height', win=Window(...), wrapWidth=1)
21.8890 	EXP 	Created text_2 = TextStim(__class__=<class 'psychopy.visual.text.TextStim'>, alignHoriz=method-wrapper(...), alignText='center', alignVert=method-wrapper(...), anchorHoriz='center', anchorVert='center', antialias=True, autoLog=True, bold=False, color=array([1., 1., 1.]), colorSpace='rgb', contrast=1.0, depth=-2.0, flipHoriz=False, flipVert=False, font='Open Sans', fontFiles=[], height=0.05, italic=False, languageStyle='LTR', name='text_2', opacity=1, ori=0.0, pos=array([0., 0.]), rgb=UNKNOWN, text='', units='height', win=Window(...), wrapWidth=1)
21.8903 	EXP 	Created blank_txt = TextStim(__class__=<class 'psychopy.visual.text.TextStim'>, alignHoriz=method-wrapper(...), alignText='center', alignVert=method-wrapper(...), anchorHoriz='center', anchorVert='center', antialias=True, autoLog=True, bold=False, color=array([1., 1., 1.]), colorSpace='rgb', contrast=1.0, depth=0.0, flipHoriz=False, flipVert=False, font='Open Sans', fontFiles=[], height=0.1, italic=False, languageStyle='LTR', name='blank_txt', opacity=1, ori=0.0, pos=array([0., 0.]), rgb=UNKNOWN, text='', units='height', win=Window(...), wrapWidth=1)
21.9046 	EXP 	Sound probe set volume 1.000
21.9154 	EXP 	Created goodbye_text = TextStim(__class__=<class 'psychopy.visual.text.TextStim'>, alignHoriz=method-wrapper(...), alignText='center', alignVert=method-wrapper(...), anchorHoriz='center', anchorVert='center', antialias=True, autoLog=True, bold=False, color=array([1., 1., 1.]), colorSpace='rgb', contrast=1.0, depth=0.0, flipHoriz=False, flipVert=False, font='Open Sans', fontFiles=[], height=0.05, italic=False, languageStyle='LTR', name='goodbye_text', opacity=1, ori=0.0, pos=array([0., 0.]), rgb=UNKNOWN, text=str(...), units='height', win=Window(...), wrapWidth=1)
21.9181 	EXP 	Created fixation_cross = ShapeStim(__class__=<class 'psychopy.visual.shape.ShapeStim'>, anchor=('center', 'center'), autoDraw=False, autoLog=True, closeShape=True, color=method-wrapper(...), colorSpace='rgb', contrast=None, depth=-3.0, fillColor=array([1, 1, 1]), fillColorSpace='rgb', fillRGB=array([1, 1, 1]), interpolate=True, lineColor=array([1., 1., 1.]), lineColorSpace='rgb', lineRGB=array([1, 1, 1]), lineWidth=1.0, name='fixation_cross', opacity=1, ori=0.0, pos=array([0., 0.]), size=array([0.15, 0.15]), units='height', vertices=ndarray(...), win=Window(...), windingRule=None)
21.9308 	EXP 	text: autoDraw = True
32.4880 	DATA 	Keypress: space
32.5093 	EXP 	text: autoDraw = False
32.5093 	EXP 	blank_txt: autoDraw = True
33.4931 	EXP 	Created sequence: random, trialTypes=1, nReps=3, seed=None
33.4933 	EXP 	New trial (rep=0, index=0): None
33.5103 	EXP 	blank_txt: autoDraw = False
34.4830 	EXP 	Sound tProbe started
34.6914 	EXP 	Sound tProbe reached end of file
35.1790 	DATA 	Keypress: space
36.5584 	EXP 	you_done_goofed: height = 0.05
36.5584 	EXP 	you_done_goofed: height = 0.05
36.5584 	EXP 	you_done_goofed: text = "C'est très bien! \n            \n\nAppuyez sur n'importe quelle touche pour poursuivre."
36.5584 	EXP 	you_done_goofed: autoDraw = True
38.3953 	EXP 	New trial (rep=1, index=0): None
38.3969 	DATA 	Keypress: space
38.4184 	EXP 	you_done_goofed: autoDraw = False
39.3892 	EXP 	Sound tProbe started
39.6032 	EXP 	Sound tProbe reached end of file
40.1557 	DATA 	Keypress: space
41.4221 	EXP 	you_done_goofed: text = "C'est très bien! \n            \n\nAppuyez sur n'importe quelle touche pour poursuivre."
41.4221 	EXP 	you_done_goofed: autoDraw = True
42.7962 	EXP 	New trial (rep=2, index=0): None
42.7980 	DATA 	Keypress: space
42.8250 	EXP 	you_done_goofed: autoDraw = False
43.7957 	EXP 	Sound tProbe started
44.0114 	EXP 	Sound tProbe reached end of file
44.6940 	DATA 	Keypress: space
45.8624 	EXP 	you_done_goofed: text = "C'est très bien! \n            \n\nAppuyez sur n'importe quelle touche pour poursuivre."
45.8624 	EXP 	you_done_goofed: autoDraw = True
47.0010 	EXP 	Created fixation_cross = ShapeStim(__class__=<class 'psychopy.visual.shape.ShapeStim'>, anchor=('center', 'center'), autoDraw=False, autoLog=True, closeShape=True, color=method-wrapper(...), colorSpace='rgb', contrast=None, depth=-3.0, fillColor=array([1, 1, 1]), fillColorSpace='rgb', fillRGB=array([1, 1, 1]), interpolate=True, lineColor=array([1., 1., 1.]), lineColorSpace='rgb', lineRGB=array([1, 1, 1]), lineWidth=1.0, name='fixation_cross', opacity=1, ori=0.0, pos=array([0., 0.]), size=array([0.15, 0.15]), units='height', vertices=ndarray(...), win=Window(...), windingRule=None)
47.0203 	DATA 	Keypress: space
47.0305 	EXP 	you_done_goofed: autoDraw = False
47.0305 	EXP 	text_2: height = 0.05
47.0305 	EXP 	text_2: height = 0.05
47.0305 	EXP 	text_2: text = "Appuyez sur la barre d'espace dès que vous entendez un son. \n\n Les réponses enregistrées plus d'une seconde après le son ne seront pas comptabilisées. \n\n\n Appuyez sur n'importe quelle touche pour démarrer."
47.0305 	EXP 	text_2: autoDraw = True
48.6690 	DATA 	Keypress: space
48.6901 	EXP 	text_2: autoDraw = False
48.6901 	EXP 	blank_txt: autoDraw = True
49.6748 	EXP 	Created sequence: random, trialTypes=1, nReps=999, seed=None
49.6771 	EXP 	New trial (rep=0, index=0): None
49.7511 	EXP 	Sound probe started
49.7592 	EXP 	blank_txt: autoDraw = False
49.9594 	EXP 	Sound probe stopped
50.2769 	DATA 	Keypress: space
52.0542 	EXP 	New trial (rep=1, index=0): None
52.1610 	EXP 	Sound probe started
52.3790 	EXP 	Sound probe reached end of file
52.5375 	DATA 	Keypress: space
55.2534 	EXP 	New trial (rep=2, index=0): None
55.3425 	EXP 	Sound probe started
55.5591 	EXP 	Sound probe reached end of file
55.8762 	DATA 	Keypress: space
58.1231 	EXP 	New trial (rep=3, index=0): None
58.1950 	EXP 	Sound probe started
58.4113 	EXP 	Sound probe reached end of file
58.7927 	DATA 	Keypress: space
61.8928 	EXP 	New trial (rep=4, index=0): None
61.9623 	EXP 	Sound probe started
62.1822 	EXP 	Sound probe reached end of file
65.6894 	EXP 	New trial (rep=5, index=0): None
65.7587 	EXP 	Sound probe started
65.9715 	EXP 	Sound probe reached end of file
68.4312 	EXP 	New trial (rep=6, index=0): None
68.4370 	EXP 	Sound probe started
68.6541 	EXP 	Sound probe reached end of file
72.2869 	EXP 	New trial (rep=7, index=0): None
72.3534 	EXP 	Sound probe started
72.5670 	EXP 	Sound probe reached end of file
73.1226 	DATA 	Keypress: space
75.7555 	EXP 	New trial (rep=8, index=0): None
75.8262 	EXP 	Sound probe started
76.0393 	EXP 	Sound probe reached end of file
79.3082 	EXP 	New trial (rep=9, index=0): None
79.3792 	EXP 	Sound probe started
79.5991 	EXP 	Sound probe reached end of file
79.9372 	DATA 	Keypress: space
83.1762 	EXP 	New trial (rep=10, index=0): None
83.2479 	EXP 	Sound probe started
83.4671 	EXP 	Sound probe reached end of file
85.5190 	EXP 	New trial (rep=11, index=0): None
85.5258 	EXP 	Sound probe started
85.7394 	EXP 	Sound probe reached end of file
89.3353 	EXP 	New trial (rep=12, index=0): None
89.4054 	EXP 	Sound probe started
89.6191 	EXP 	Sound probe reached end of file
90.0445 	DATA 	Keypress: space
92.0198 	EXP 	New trial (rep=13, index=0): None
92.0926 	EXP 	Sound probe started
92.3116 	EXP 	Sound probe reached end of file
92.7115 	DATA 	Keypress: space
95.3333 	EXP 	New trial (rep=14, index=0): None
95.4054 	EXP 	Sound probe started
95.6192 	EXP 	Sound probe reached end of file
98.3789 	EXP 	New trial (rep=15, index=0): None
98.3807 	EXP 	Sound probe started
98.5954 	EXP 	Sound probe reached end of file
101.5412 	EXP 	New trial (rep=16, index=0): None
101.6135 	EXP 	Sound probe started
101.8272 	EXP 	Sound probe reached end of file
102.1203 	DATA 	Keypress: space
105.1348 	EXP 	New trial (rep=17, index=0): None
105.2060 	EXP 	Sound probe started
105.4168 	EXP 	Sound probe reached end of file
107.2829 	EXP 	New trial (rep=18, index=0): None
107.3523 	EXP 	Sound probe started
107.5673 	EXP 	Sound probe reached end of file
110.8466 	EXP 	New trial (rep=19, index=0): None
110.8513 	EXP 	Sound probe started
111.0673 	EXP 	Sound probe reached end of file
113.0875 	EXP 	New trial (rep=20, index=0): None
113.1652 	EXP 	Sound probe started
113.3752 	EXP 	Sound probe reached end of file
113.6081 	DATA 	Keypress: space
115.4690 	EXP 	New trial (rep=21, index=0): None
115.5363 	EXP 	Sound probe started
115.7551 	EXP 	Sound probe reached end of file
118.3846 	EXP 	New trial (rep=22, index=0): None
118.4598 	EXP 	Sound probe started
118.6754 	EXP 	Sound probe reached end of file
119.1002 	DATA 	Keypress: space
121.7199 	EXP 	New trial (rep=23, index=0): None
121.7218 	EXP 	Sound probe started
121.9352 	EXP 	Sound probe reached end of file
123.8170 	EXP 	New trial (rep=24, index=0): None
123.8902 	EXP 	Sound probe started
124.1031 	EXP 	Sound probe reached end of file
127.5611 	EXP 	New trial (rep=25, index=0): None
127.6397 	EXP 	Sound probe started
127.8552 	EXP 	Sound probe reached end of file
128.1746 	DATA 	Keypress: space
130.8655 	EXP 	New trial (rep=26, index=0): None
130.9380 	EXP 	Sound probe started
131.1551 	EXP 	Sound probe reached end of file
133.5327 	EXP 	New trial (rep=27, index=0): None
133.6053 	EXP 	Sound probe started
133.8230 	EXP 	Sound probe reached end of file
134.1884 	DATA 	Keypress: space
137.2340 	EXP 	New trial (rep=28, index=0): None
137.2399 	EXP 	Sound probe started
137.4569 	EXP 	Sound probe reached end of file
141.2413 	EXP 	New trial (rep=29, index=0): None
141.3141 	EXP 	Sound probe started
141.5232 	EXP 	Sound probe reached end of file
144.5451 	EXP 	New trial (rep=30, index=0): None
144.6103 	EXP 	Sound probe started
144.8232 	EXP 	Sound probe reached end of file
145.3426 	DATA 	Keypress: space
148.2314 	EXP 	New trial (rep=31, index=0): None
149.2596 	EXP 	Sound probe started
149.4710 	EXP 	Sound probe reached end of file
151.3868 	EXP 	New trial (rep=32, index=0): None
152.5198 	EXP 	Sound probe started
152.7234 	EXP 	Sound probe stopped
155.3252 	EXP 	New trial (rep=33, index=0): None
156.5118 	EXP 	Sound probe started
156.7231 	EXP 	Sound probe stopped
157.0872 	DATA 	Keypress: space
160.4136 	EXP 	New trial (rep=34, index=0): None
160.4154 	EXP 	Sound probe started
160.6313 	EXP 	Sound probe reached end of file
163.5154 	EXP 	New trial (rep=35, index=0): None
164.5869 	EXP 	Sound probe started
164.8030 	EXP 	Sound probe reached end of file
167.7498 	EXP 	New trial (rep=36, index=0): None
168.8227 	EXP 	Sound probe started
169.0313 	EXP 	Sound probe reached end of file
171.1372 	EXP 	New trial (rep=37, index=0): None
172.2640 	EXP 	Sound probe started
172.4712 	EXP 	Sound probe stopped
174.3753 	EXP 	New trial (rep=38, index=0): None
175.6090 	EXP 	Sound probe started
175.8193 	EXP 	Sound probe reached end of file
176.1627 	DATA 	Keypress: space
179.2838 	EXP 	New trial (rep=39, index=0): None
179.2871 	EXP 	Sound probe started
179.4993 	EXP 	Sound probe reached end of file
183.2862 	EXP 	New trial (rep=40, index=0): None
184.7729 	EXP 	Sound probe started
184.9913 	EXP 	Sound probe reached end of file
187.7835 	EXP 	New trial (rep=41, index=0): None
188.9792 	EXP 	Sound probe started
189.1990 	EXP 	Sound probe reached end of file
189.6770 	DATA 	Keypress: space
192.1646 	EXP 	New trial (rep=42, index=0): None
193.4132 	EXP 	Sound probe started
193.6191 	EXP 	Sound probe stopped
196.9237 	EXP 	New trial (rep=43, index=0): None
198.3087 	EXP 	Sound probe started
198.5191 	EXP 	Sound probe reached end of file
199.8793 	DATA 	Keypress: space
200.3464 	EXP 	New trial (rep=44, index=0): None
201.6275 	EXP 	Sound probe started
201.8472 	EXP 	Sound probe reached end of file
204.9116 	EXP 	New trial (rep=45, index=0): None
204.9147 	EXP 	Sound probe started
205.1268 	EXP 	Sound probe reached end of file
207.8438 	EXP 	New trial (rep=46, index=0): None
209.1213 	EXP 	Sound probe started
209.3392 	EXP 	Sound probe reached end of file
212.5068 	EXP 	New trial (rep=47, index=0): None
213.8712 	EXP 	Sound probe started
214.0872 	EXP 	Sound probe reached end of file
214.3608 	DATA 	Keypress: space
216.0208 	EXP 	New trial (rep=48, index=0): None
217.3719 	EXP 	Sound probe started
217.5869 	EXP 	Sound probe reached end of file
218.2483 	DATA 	Keypress: space
220.9267 	EXP 	New trial (rep=49, index=0): None
220.9308 	EXP 	Sound probe started
221.1470 	EXP 	Sound probe reached end of file
223.7941 	EXP 	New trial (rep=50, index=0): None
225.1890 	EXP 	Sound probe started
225.3951 	EXP 	Sound probe stopped
227.2994 	EXP 	New trial (rep=51, index=0): None
228.6797 	EXP 	Sound probe started
228.8951 	EXP 	Sound probe reached end of file
229.2104 	DATA 	Keypress: space
231.1023 	EXP 	New trial (rep=52, index=0): None
232.5580 	EXP 	Sound probe started
232.7755 	EXP 	Sound probe reached end of file
235.2090 	EXP 	New trial (rep=53, index=0): None
236.6471 	EXP 	Sound probe started
236.6478 	DATA 	Keypress: space
236.8551 	EXP 	Sound probe stopped
240.0171 	EXP 	New trial (rep=54, index=0): None
240.0183 	EXP 	Sound probe started
240.2350 	EXP 	Sound probe reached end of file
243.0168 	EXP 	New trial (rep=55, index=0): None
244.7705 	EXP 	Sound probe started
244.7712 	DATA 	Keypress: space
244.9753 	EXP 	Sound probe stopped
247.6794 	EXP 	New trial (rep=56, index=0): None
249.1407 	EXP 	Sound probe started
249.3551 	EXP 	Sound probe reached end of file
249.7856 	DATA 	Keypress: space
252.2675 	EXP 	New trial (rep=57, index=0): None
253.8320 	EXP 	Sound probe started
254.0432 	EXP 	Sound probe reached end of file
257.0719 	EXP 	New trial (rep=58, index=0): None
257.0738 	EXP 	Sound probe started
257.2831 	EXP 	Sound probe reached end of file
259.3873 	EXP 	New trial (rep=59, index=0): None
260.9525 	EXP 	Sound probe started
261.1630 	EXP 	Sound probe reached end of file
261.5576 	DATA 	Keypress: space
264.6068 	EXP 	New trial (rep=60, index=0): None
266.1186 	EXP 	Sound probe started
266.3230 	EXP 	Sound probe stopped
269.3275 	EXP 	New trial (rep=61, index=0): None
270.9894 	EXP 	Sound probe started
271.2031 	EXP 	Sound probe reached end of file
273.2973 	EXP 	New trial (rep=62, index=0): None
274.9323 	EXP 	Sound probe started
275.1512 	EXP 	Sound probe reached end of file
275.9715 	DATA 	Keypress: space
277.6649 	EXP 	New trial (rep=63, index=0): None
277.6690 	EXP 	Sound probe stopped
277.6953 	EXP 	goodbye_text: autoDraw = True
279.3864 	DATA 	Keypress: space
279.4167 	EXP 	goodbye_text: autoDraw = False
279.5184 	EXP 	window1: mouseVisible = True
