12.3637 	WARNING 	User requested fullscreen with size [2560 1440], but screen is actually [3840, 2160]. Using actual size
14.4087 	EXP 	Created window1 = Window(allowGUI=False, allowStencil=False, autoLog=True, backendConf=UNKNOWN, bitsMode=UNKNOWN, blendMode='avg', bpc=(8, 8, 8), color=array([ 0.6078, -0.2784, -0.2784]), colorSpace='rgb', depthBits=8, fullscr=<method-wrapper '__getattribute__' of attributeSetter object at 0x000001EACD5F7AF0>, gamma=None, gammaErrorPolicy='raise', lms=UNKNOWN, monitor=<psychopy.monitors.calibTools.Monitor object at 0x000001EACF2432B0>, multiSample=False, name='window1', numSamples=2, pos=(0, 0), screen=0, size=array([3840, 2160]), stencilBits=0, stereo=False, units='height', useFBO=True, useRetina=False, viewOri=0.0, viewPos=None, viewScale=None, waitBlanking=True, winType='pyglet')
14.4093 	EXP 	window1: mouseVisible = True
14.4094 	EXP 	window1: Attempting to measure frame rate of screen (0) ...
14.4095 	EXP 	window1: recordFrameIntervals = False
14.6914 	EXP 	window1: recordFrameIntervals = True
15.6702 	EXP 	Screen (0) actual frame rate measured at 35.31Hz
15.6702 	EXP 	window1: recordFrameIntervals = False
17.4504 	EXP 	window1: Attempting to measure frame rate of screen (0) ...
17.4505 	EXP 	window1: recordFrameIntervals = False
17.7242 	EXP 	window1: recordFrameIntervals = True
19.3441 	EXP 	Screen (0) actual frame rate measured at 34.52Hz
19.3442 	EXP 	window1: recordFrameIntervals = False
19.4599 	EXP 	Created instructions = TextStim(__class__=<class 'psychopy.visual.text.TextStim'>, alignHoriz=method-wrapper(...), alignText='center', alignVert=method-wrapper(...), anchorHoriz='center', anchorVert='center', antialias=True, autoLog=True, bold=False, color=array([1., 1., 1.]), colorSpace='rgb', contrast=1.0, depth=-2.0, flipHoriz=False, flipVert=False, font='Open Sans', fontFiles=[], height=0.03, italic=False, languageStyle='LTR', name='instructions', opacity=1, ori=0.0, pos=array([0., 0.]), rgb=UNKNOWN, text=str(...), units='height', win=Window(...), wrapWidth=1)
19.4616 	EXP 	Created blank_text = TextStim(__class__=<class 'psychopy.visual.text.TextStim'>, alignHoriz=method-wrapper(...), alignText='center', alignVert=method-wrapper(...), anchorHoriz='center', anchorVert='center', antialias=True, autoLog=True, bold=False, color=array([1., 1., 1.]), colorSpace='rgb', contrast=1.0, depth=0.0, flipHoriz=False, flipVert=False, font='Open Sans', fontFiles=[], height=0.05, italic=False, languageStyle='LTR', name='blank_text', opacity=1, ori=0.0, pos=array([0., 0.]), rgb=UNKNOWN, text='', units='height', win=Window(...), wrapWidth=1)
19.4662 	EXP 	Created fixation_cross = ShapeStim(__class__=<class 'psychopy.visual.shape.ShapeStim'>, anchor=('center', 'center'), autoDraw=False, autoLog=True, closeShape=True, color=method-wrapper(...), colorSpace='rgb', contrast=None, depth=-3.0, fillColor=array([1, 1, 1]), fillColorSpace='rgb', fillRGB=array([1, 1, 1]), interpolate=True, lineColor=array([1., 1., 1.]), lineColorSpace='rgb', lineRGB=array([1, 1, 1]), lineWidth=1.0, name='fixation_cross', opacity=1, ori=0.0, pos=array([0., 0.]), size=array([0.15, 0.15]), units='height', vertices=ndarray(...), win=Window(...), windingRule=None)
19.4673 	EXP 	Created text = TextStim(__class__=<class 'psychopy.visual.text.TextStim'>, alignHoriz=method-wrapper(...), alignText='center', alignVert=method-wrapper(...), anchorHoriz='center', anchorVert='center', antialias=True, autoLog=True, bold=False, color=array([1., 1., 1.]), colorSpace='rgb', contrast=1.0, depth=-2.0, flipHoriz=False, flipVert=False, font='Open Sans', fontFiles=[], height=0.05, italic=False, languageStyle='LTR', name='text', opacity=1, ori=0.0, pos=array([0., 0.]), rgb=UNKNOWN, text='', units='height', win=Window(...), wrapWidth=1)
19.5332 	EXP 	Sound probe set volume 1.000
19.5348 	EXP 	Created text_2 = TextStim(__class__=<class 'psychopy.visual.text.TextStim'>, alignHoriz=method-wrapper(...), alignText='center', alignVert=method-wrapper(...), anchorHoriz='center', anchorVert='center', antialias=True, autoLog=True, bold=False, color=array([1., 1., 1.]), colorSpace='rgb', contrast=1.0, depth=-4.0, flipHoriz=False, flipVert=False, font='Open Sans', fontFiles=[], height=0.05, italic=False, languageStyle='LTR', name='text_2', opacity=1, ori=0.0, pos=array([0., 0.]), rgb=UNKNOWN, text='', units='height', win=Window(...), wrapWidth=1)
19.5361 	EXP 	Created blank_text = TextStim(__class__=<class 'psychopy.visual.text.TextStim'>, alignHoriz=method-wrapper(...), alignText='center', alignVert=method-wrapper(...), anchorHoriz='center', anchorVert='center', antialias=True, autoLog=True, bold=False, color=array([1., 1., 1.]), colorSpace='rgb', contrast=1.0, depth=0.0, flipHoriz=False, flipVert=False, font='Open Sans', fontFiles=[], height=0.05, italic=False, languageStyle='LTR', name='blank_text', opacity=1, ori=0.0, pos=array([0., 0.]), rgb=UNKNOWN, text='', units='height', win=Window(...), wrapWidth=1)
19.5590 	EXP 	Created end_txt = TextStim(__class__=<class 'psychopy.visual.text.TextStim'>, alignHoriz=method-wrapper(...), alignText='center', alignVert=method-wrapper(...), anchorHoriz='center', anchorVert='center', antialias=True, autoLog=True, bold=False, color=array([1., 1., 1.]), colorSpace='rgb', contrast=1.0, depth=0.0, flipHoriz=False, flipVert=False, font='Open Sans', fontFiles=[], height=0.05, italic=False, languageStyle='LTR', name='end_txt', opacity=1, ori=0.0, pos=array([0., 0.]), rgb=UNKNOWN, text=str(...), units='height', win=Window(...), wrapWidth=1)
19.5775 	EXP 	instructions: autoDraw = True
59.7802 	DATA 	Keypress: space
59.8120 	EXP 	instructions: autoDraw = False
59.8120 	EXP 	blank_text: autoDraw = True
60.8110 	EXP 	Created sequence: fullRandom, trialTypes=1, nReps=999, seed=None
60.8134 	EXP 	New trial (rep=0, index=0): None
61.9163 	EXP 	blank_text: autoDraw = False
61.9163 	EXP 	text: height = 0.05
61.9163 	EXP 	text: height = 0.05
61.9163 	EXP 	text: text = 'Prochaine série : \n\n X \n\n\n\n Appuyez sur une touche pour démarrer.'
61.9163 	EXP 	text: autoDraw = True
66.1912 	EXP 	Created sequence: sequential, trialTypes=1, nReps=8, seed=None
66.1913 	EXP 	New trial (rep=0, index=0): None
66.1936 	EXP 	Sound probe started
66.1943 	DATA 	Keypress: space
66.2247 	EXP 	text: autoDraw = False
66.4028 	EXP 	Sound probe reached end of file
66.4039 	EXP 	window1: recordFrameIntervals = False
66.4254 	EXP 	text_2: autoDraw = True
66.4266 	EXP 	window1: recordFrameIntervals = False
68.8842 	EXP 	New trial (rep=1, index=0): None
68.8851 	EXP 	Sound probe started
68.9109 	EXP 	text_2: autoDraw = False
68.9109 	EXP 	text_2: autoDraw = False
69.1027 	EXP 	Sound probe reached end of file
69.1038 	EXP 	window1: recordFrameIntervals = False
69.1254 	EXP 	text_2: autoDraw = True
69.1267 	EXP 	window1: recordFrameIntervals = False
71.6862 	EXP 	New trial (rep=2, index=0): None
71.6871 	EXP 	Sound probe started
71.7138 	EXP 	text_2: autoDraw = False
71.7138 	EXP 	text_2: autoDraw = False
71.9025 	EXP 	Sound probe reached end of file
71.9030 	EXP 	window1: recordFrameIntervals = False
71.9308 	EXP 	text_2: autoDraw = True
71.9320 	EXP 	window1: recordFrameIntervals = False
74.7974 	EXP 	New trial (rep=3, index=0): None
74.8007 	EXP 	Sound probe started
74.8247 	EXP 	text_2: autoDraw = False
74.8247 	EXP 	text_2: autoDraw = False
75.0104 	EXP 	Sound probe reached end of file
75.0109 	EXP 	window1: recordFrameIntervals = False
75.0403 	EXP 	text_2: autoDraw = True
75.0414 	EXP 	window1: recordFrameIntervals = False
77.8645 	EXP 	New trial (rep=4, index=0): None
77.8655 	EXP 	Sound probe started
77.8936 	EXP 	text_2: autoDraw = False
77.8936 	EXP 	text_2: autoDraw = False
78.0824 	EXP 	Sound probe reached end of file
78.0828 	EXP 	window1: recordFrameIntervals = False
78.1140 	EXP 	text_2: autoDraw = True
78.1155 	EXP 	window1: recordFrameIntervals = False
80.0958 	EXP 	New trial (rep=5, index=0): None
80.0966 	EXP 	Sound probe started
80.1227 	EXP 	text_2: autoDraw = False
80.1227 	EXP 	text_2: autoDraw = False
80.3107 	EXP 	Sound probe reached end of file
80.3111 	EXP 	window1: recordFrameIntervals = False
80.3390 	EXP 	text_2: autoDraw = True
80.3405 	EXP 	window1: recordFrameIntervals = False
83.2478 	EXP 	New trial (rep=6, index=0): None
83.2488 	EXP 	Sound probe started
83.2760 	EXP 	text_2: autoDraw = False
83.2760 	EXP 	text_2: autoDraw = False
83.4625 	EXP 	Sound probe reached end of file
83.4629 	EXP 	window1: recordFrameIntervals = False
83.4912 	EXP 	text_2: autoDraw = True
83.4924 	EXP 	window1: recordFrameIntervals = False
85.0928 	EXP 	New trial (rep=7, index=0): None
85.0963 	EXP 	Sound probe started
85.1185 	EXP 	text_2: autoDraw = False
85.1185 	EXP 	text_2: autoDraw = False
85.3106 	EXP 	Sound probe reached end of file
85.3126 	EXP 	window1: recordFrameIntervals = False
85.3387 	EXP 	text_2: autoDraw = True
85.3400 	EXP 	window1: recordFrameIntervals = False
86.8445 	DATA 	Keypress: space
87.0680 	EXP 	New trial (rep=1, index=0): None
88.0799 	EXP 	text_2: autoDraw = False
88.0799 	EXP 	text_2: autoDraw = False
88.0799 	EXP 	text: height = 0.05
88.0799 	EXP 	text: height = 0.05
88.0799 	EXP 	text: text = 'Prochaine série : \n\n RYTHME \n\n\n\n Appuyez sur une touche pour démarrer.'
88.0799 	EXP 	text: autoDraw = True
90.9204 	EXP 	Created sequence: sequential, trialTypes=1, nReps=8, seed=None
90.9206 	EXP 	New trial (rep=0, index=0): None
90.9217 	EXP 	Sound probe started
90.9223 	DATA 	Keypress: space
90.9515 	EXP 	text: autoDraw = False
91.1382 	EXP 	Sound probe reached end of file
91.1386 	EXP 	window1: recordFrameIntervals = False
91.1689 	EXP 	text_2: autoDraw = True
91.1702 	EXP 	window1: recordFrameIntervals = False
93.2837 	EXP 	New trial (rep=1, index=0): None
93.2874 	EXP 	Sound probe started
93.3097 	EXP 	text_2: autoDraw = False
93.3097 	EXP 	text_2: autoDraw = False
93.5026 	EXP 	Sound probe reached end of file
93.5048 	EXP 	window1: recordFrameIntervals = False
93.5304 	EXP 	text_2: autoDraw = True
93.5317 	EXP 	window1: recordFrameIntervals = False
95.6411 	EXP 	New trial (rep=2, index=0): None
95.6420 	EXP 	Sound probe started
95.6674 	EXP 	text_2: autoDraw = False
95.6674 	EXP 	text_2: autoDraw = False
95.8585 	EXP 	Sound probe reached end of file
95.8607 	EXP 	window1: recordFrameIntervals = False
95.8870 	EXP 	text_2: autoDraw = True
95.8882 	EXP 	window1: recordFrameIntervals = False
97.7759 	DATA 	Keypress: space
97.9968 	EXP 	New trial (rep=3, index=0): None
97.9978 	EXP 	Sound probe started
98.0247 	EXP 	text_2: autoDraw = False
98.0247 	EXP 	text_2: autoDraw = False
98.2102 	EXP 	Sound probe reached end of file
98.2107 	EXP 	window1: recordFrameIntervals = False
98.2383 	EXP 	text_2: autoDraw = True
98.2397 	EXP 	window1: recordFrameIntervals = False
100.3468 	EXP 	New trial (rep=4, index=0): None
100.3477 	EXP 	Sound probe started
100.3748 	EXP 	text_2: autoDraw = False
100.3748 	EXP 	text_2: autoDraw = False
100.5584 	EXP 	Sound probe reached end of file
100.5589 	EXP 	window1: recordFrameIntervals = False
100.5925 	EXP 	text_2: autoDraw = True
100.5939 	EXP 	window1: recordFrameIntervals = False
102.6981 	EXP 	New trial (rep=5, index=0): None
102.7020 	EXP 	Sound probe started
102.7219 	EXP 	text_2: autoDraw = False
102.7219 	EXP 	text_2: autoDraw = False
102.9183 	EXP 	Sound probe reached end of file
102.9203 	EXP 	window1: recordFrameIntervals = False
102.9416 	EXP 	text_2: autoDraw = True
102.9436 	EXP 	window1: recordFrameIntervals = False
105.0563 	EXP 	New trial (rep=6, index=0): None
105.0571 	EXP 	Sound probe started
105.0830 	EXP 	text_2: autoDraw = False
105.0830 	EXP 	text_2: autoDraw = False
105.2705 	EXP 	Sound probe reached end of file
105.2710 	EXP 	window1: recordFrameIntervals = False
105.2993 	EXP 	text_2: autoDraw = True
105.3005 	EXP 	window1: recordFrameIntervals = False
107.4062 	EXP 	New trial (rep=7, index=0): None
107.4073 	EXP 	Sound probe started
107.4341 	EXP 	text_2: autoDraw = False
107.4341 	EXP 	text_2: autoDraw = False
107.6186 	EXP 	Sound probe reached end of file
107.6207 	EXP 	window1: recordFrameIntervals = False
107.6456 	EXP 	text_2: autoDraw = True
107.6468 	EXP 	window1: recordFrameIntervals = False
109.5358 	DATA 	Keypress: space
109.7606 	EXP 	New trial (rep=2, index=0): None
110.7665 	EXP 	text_2: autoDraw = False
110.7665 	EXP 	text_2: autoDraw = False
110.7665 	EXP 	text: height = 0.05
110.7665 	EXP 	text: height = 0.05
110.7665 	EXP 	text: text = 'Prochaine série : \n\n HAUTEUR \n\n\n\n Appuyez sur une touche pour démarrer.'
110.7665 	EXP 	text: autoDraw = True
111.7786 	EXP 	Created sequence: sequential, trialTypes=1, nReps=10, seed=None
111.7788 	EXP 	New trial (rep=0, index=0): None
111.7799 	EXP 	Sound probe started
111.7804 	DATA 	Keypress: space
111.8098 	EXP 	text: autoDraw = False
111.9985 	EXP 	Sound probe reached end of file
111.9989 	EXP 	window1: recordFrameIntervals = False
112.0310 	EXP 	text_2: autoDraw = True
112.0322 	EXP 	window1: recordFrameIntervals = False
113.1805 	EXP 	New trial (rep=1, index=0): None
113.1814 	EXP 	Sound probe started
113.2072 	EXP 	text_2: autoDraw = False
113.2072 	EXP 	text_2: autoDraw = False
113.3985 	EXP 	Sound probe reached end of file
113.3990 	EXP 	window1: recordFrameIntervals = False
113.4193 	EXP 	text_2: autoDraw = True
113.4218 	EXP 	window1: recordFrameIntervals = False
115.4459 	EXP 	New trial (rep=2, index=0): None
115.4469 	EXP 	Sound probe started
115.4726 	EXP 	text_2: autoDraw = False
115.4726 	EXP 	text_2: autoDraw = False
115.6584 	EXP 	Sound probe reached end of file
115.6605 	EXP 	window1: recordFrameIntervals = False
115.6874 	EXP 	text_2: autoDraw = True
115.6886 	EXP 	window1: recordFrameIntervals = False
118.4118 	DATA 	Keypress: space
118.6340 	EXP 	New trial (rep=3, index=0): None
118.6350 	EXP 	Sound probe started
118.6611 	EXP 	text_2: autoDraw = False
118.6611 	EXP 	text_2: autoDraw = False
118.8505 	EXP 	Sound probe reached end of file
118.8527 	EXP 	window1: recordFrameIntervals = False
118.8771 	EXP 	text_2: autoDraw = True
118.8784 	EXP 	window1: recordFrameIntervals = False
120.2347 	EXP 	New trial (rep=4, index=0): None
120.2357 	EXP 	Sound probe started
120.2618 	EXP 	text_2: autoDraw = False
120.2618 	EXP 	text_2: autoDraw = False
120.4464 	EXP 	Sound probe reached end of file
120.4472 	EXP 	window1: recordFrameIntervals = False
120.4776 	EXP 	text_2: autoDraw = True
120.4791 	EXP 	window1: recordFrameIntervals = False
122.6636 	DATA 	Keypress: space
122.8854 	EXP 	New trial (rep=5, index=0): None
122.8864 	EXP 	Sound probe started
122.9120 	EXP 	text_2: autoDraw = False
122.9120 	EXP 	text_2: autoDraw = False
123.1066 	EXP 	Sound probe reached end of file
123.1085 	EXP 	window1: recordFrameIntervals = False
123.1299 	EXP 	text_2: autoDraw = True
123.1321 	EXP 	window1: recordFrameIntervals = False
125.0995 	DATA 	Keypress: space
125.3213 	EXP 	New trial (rep=6, index=0): None
125.3223 	EXP 	Sound probe started
125.3478 	EXP 	text_2: autoDraw = False
125.3478 	EXP 	text_2: autoDraw = False
125.5388 	EXP 	Sound probe reached end of file
125.5405 	EXP 	window1: recordFrameIntervals = False
125.5608 	EXP 	text_2: autoDraw = True
125.5620 	EXP 	window1: recordFrameIntervals = False
127.3554 	DATA 	Keypress: space
127.5770 	EXP 	New trial (rep=7, index=0): None
127.5780 	EXP 	Sound probe started
127.6043 	EXP 	text_2: autoDraw = False
127.6043 	EXP 	text_2: autoDraw = False
127.7864 	EXP 	Sound probe reached end of file
127.7868 	EXP 	window1: recordFrameIntervals = False
127.8186 	EXP 	text_2: autoDraw = True
127.8199 	EXP 	window1: recordFrameIntervals = False
130.3514 	EXP 	New trial (rep=8, index=0): None
130.3523 	EXP 	Sound probe started
130.3802 	EXP 	text_2: autoDraw = False
130.3802 	EXP 	text_2: autoDraw = False
130.5662 	EXP 	Sound probe reached end of file
130.5666 	EXP 	window1: recordFrameIntervals = False
130.5958 	EXP 	text_2: autoDraw = True
130.5969 	EXP 	window1: recordFrameIntervals = False
132.3342 	EXP 	New trial (rep=9, index=0): None
132.3350 	EXP 	Sound probe started
132.3606 	EXP 	text_2: autoDraw = False
132.3606 	EXP 	text_2: autoDraw = False
132.5466 	EXP 	Sound probe reached end of file
132.5483 	EXP 	window1: recordFrameIntervals = False
132.5680 	EXP 	text_2: autoDraw = True
132.5694 	EXP 	window1: recordFrameIntervals = False
134.5490 	EXP 	New trial (rep=3, index=0): None
135.5533 	EXP 	text_2: autoDraw = False
135.5533 	EXP 	text_2: autoDraw = False
135.5533 	EXP 	text: height = 0.05
135.5533 	EXP 	text: height = 0.05
135.5533 	EXP 	text: text = 'Prochaine série : \n\n RYTHME\n\nHAUTEUR \n\n\n\n Appuyez sur une touche pour démarrer.'
135.5533 	EXP 	text: autoDraw = True
136.3313 	EXP 	Created sequence: sequential, trialTypes=1, nReps=10, seed=None
136.3315 	EXP 	New trial (rep=0, index=0): None
136.3328 	EXP 	Sound probe started
136.3335 	DATA 	Keypress: space
136.3606 	EXP 	text: autoDraw = False
136.5494 	EXP 	Sound probe reached end of file
136.5499 	EXP 	window1: recordFrameIntervals = False
136.5773 	EXP 	text_2: autoDraw = True
136.5787 	EXP 	window1: recordFrameIntervals = False
138.1354 	EXP 	New trial (rep=1, index=0): None
138.1365 	EXP 	Sound probe started
138.1621 	EXP 	text_2: autoDraw = False
138.1621 	EXP 	text_2: autoDraw = False
138.3464 	EXP 	Sound probe reached end of file
138.3475 	EXP 	window1: recordFrameIntervals = False
138.3732 	EXP 	text_2: autoDraw = True
138.3745 	EXP 	window1: recordFrameIntervals = False
139.9331 	EXP 	New trial (rep=2, index=0): None
139.9366 	EXP 	Sound probe started
139.9592 	EXP 	text_2: autoDraw = False
139.9592 	EXP 	text_2: autoDraw = False
140.1464 	EXP 	Sound probe reached end of file
140.1468 	EXP 	window1: recordFrameIntervals = False
140.1759 	EXP 	text_2: autoDraw = True
140.1770 	EXP 	window1: recordFrameIntervals = False
141.7323 	EXP 	New trial (rep=3, index=0): None
141.7333 	EXP 	Sound probe started
141.7607 	EXP 	text_2: autoDraw = False
141.7607 	EXP 	text_2: autoDraw = False
141.9465 	EXP 	Sound probe reached end of file
141.9469 	EXP 	window1: recordFrameIntervals = False
141.9767 	EXP 	text_2: autoDraw = True
141.9778 	EXP 	window1: recordFrameIntervals = False
143.5340 	EXP 	New trial (rep=4, index=0): None
143.5351 	EXP 	Sound probe started
143.5636 	EXP 	text_2: autoDraw = False
143.5636 	EXP 	text_2: autoDraw = False
143.7463 	EXP 	Sound probe reached end of file
143.7467 	EXP 	window1: recordFrameIntervals = False
143.7769 	EXP 	text_2: autoDraw = True
143.7780 	EXP 	window1: recordFrameIntervals = False
145.3333 	EXP 	New trial (rep=5, index=0): None
145.3342 	EXP 	Sound probe started
145.3622 	EXP 	text_2: autoDraw = False
145.3622 	EXP 	text_2: autoDraw = False
145.5466 	EXP 	Sound probe reached end of file
145.5480 	EXP 	window1: recordFrameIntervals = False
145.5681 	EXP 	text_2: autoDraw = True
145.5694 	EXP 	window1: recordFrameIntervals = False
147.1337 	EXP 	New trial (rep=6, index=0): None
147.1345 	EXP 	Sound probe started
147.1601 	EXP 	text_2: autoDraw = False
147.1601 	EXP 	text_2: autoDraw = False
147.3546 	EXP 	Sound probe reached end of file
147.3550 	EXP 	window1: recordFrameIntervals = False
147.3761 	EXP 	text_2: autoDraw = True
147.3774 	EXP 	window1: recordFrameIntervals = False
148.9396 	EXP 	New trial (rep=7, index=0): None
148.9406 	EXP 	Sound probe started
148.9679 	EXP 	text_2: autoDraw = False
148.9679 	EXP 	text_2: autoDraw = False
149.1545 	EXP 	Sound probe reached end of file
149.1549 	EXP 	window1: recordFrameIntervals = False
149.1842 	EXP 	text_2: autoDraw = True
149.1853 	EXP 	window1: recordFrameIntervals = False
150.7405 	EXP 	New trial (rep=8, index=0): None
150.7414 	EXP 	Sound probe started
150.7695 	EXP 	text_2: autoDraw = False
150.7695 	EXP 	text_2: autoDraw = False
150.9545 	EXP 	Sound probe reached end of file
150.9549 	EXP 	window1: recordFrameIntervals = False
150.9839 	EXP 	text_2: autoDraw = True
150.9850 	EXP 	window1: recordFrameIntervals = False
152.5398 	EXP 	New trial (rep=9, index=0): None
152.5408 	EXP 	Sound probe started
152.5666 	EXP 	text_2: autoDraw = False
152.5666 	EXP 	text_2: autoDraw = False
152.7545 	EXP 	Sound probe reached end of file
152.7550 	EXP 	window1: recordFrameIntervals = False
152.7825 	EXP 	text_2: autoDraw = True
152.7837 	EXP 	window1: recordFrameIntervals = False
154.3428 	EXP 	New trial (rep=4, index=0): None
156.4660 	EXP 	text_2: autoDraw = False
156.4660 	EXP 	text_2: autoDraw = False
156.4660 	EXP 	text: height = 0.05
156.4660 	EXP 	text: height = 0.05
156.4660 	EXP 	text: text = 'Prochaine série : \n\n RYTHME \n\n\n\n Appuyez sur une touche pour démarrer.'
156.4660 	EXP 	text: autoDraw = True
156.5898 	EXP 	Created sequence: sequential, trialTypes=1, nReps=10, seed=None
156.5900 	EXP 	New trial (rep=0, index=0): None
156.5912 	EXP 	Sound probe started
156.5918 	DATA 	Keypress: space
156.6214 	EXP 	text: autoDraw = False
156.8063 	EXP 	Sound probe reached end of file
156.8067 	EXP 	window1: recordFrameIntervals = False
156.8363 	EXP 	text_2: autoDraw = True
156.8374 	EXP 	window1: recordFrameIntervals = False
159.1150 	EXP 	New trial (rep=1, index=0): None
159.1159 	EXP 	Sound probe started
159.1443 	EXP 	text_2: autoDraw = False
159.1443 	EXP 	text_2: autoDraw = False
159.3345 	EXP 	Sound probe reached end of file
159.3350 	EXP 	window1: recordFrameIntervals = False
159.3659 	EXP 	text_2: autoDraw = True
159.3687 	EXP 	window1: recordFrameIntervals = False
161.6484 	EXP 	New trial (rep=2, index=0): None
161.6495 	EXP 	Sound probe started
161.6702 	EXP 	text_2: autoDraw = False
161.6702 	EXP 	text_2: autoDraw = False
161.8545 	EXP 	Sound probe stopped
161.8553 	EXP 	window1: recordFrameIntervals = False
161.8858 	EXP 	text_2: autoDraw = True
161.8872 	EXP 	window1: recordFrameIntervals = False
164.1693 	EXP 	New trial (rep=3, index=0): None
164.1705 	EXP 	Sound probe started
164.1920 	EXP 	text_2: autoDraw = False
164.1920 	EXP 	text_2: autoDraw = False
164.3864 	EXP 	Sound probe reached end of file
164.3869 	EXP 	window1: recordFrameIntervals = False
164.4080 	EXP 	text_2: autoDraw = True
164.4090 	EXP 	window1: recordFrameIntervals = False
166.7072 	EXP 	New trial (rep=4, index=0): None
166.7087 	EXP 	Sound probe started
166.7308 	EXP 	text_2: autoDraw = False
166.7308 	EXP 	text_2: autoDraw = False
166.9263 	EXP 	Sound probe reached end of file
166.9268 	EXP 	window1: recordFrameIntervals = False
166.9475 	EXP 	text_2: autoDraw = True
166.9486 	EXP 	window1: recordFrameIntervals = False
169.2413 	EXP 	New trial (rep=5, index=0): None
169.2424 	EXP 	Sound probe started
169.2635 	EXP 	text_2: autoDraw = False
169.2635 	EXP 	text_2: autoDraw = False
169.4544 	EXP 	Sound probe reached end of file
169.4565 	EXP 	window1: recordFrameIntervals = False
169.4778 	EXP 	text_2: autoDraw = True
169.4790 	EXP 	window1: recordFrameIntervals = False
171.7638 	EXP 	New trial (rep=6, index=0): None
171.7645 	EXP 	Sound probe started
171.7919 	EXP 	text_2: autoDraw = False
171.7919 	EXP 	text_2: autoDraw = False
171.9825 	EXP 	Sound probe reached end of file
171.9843 	EXP 	window1: recordFrameIntervals = False
172.0133 	EXP 	text_2: autoDraw = True
172.0146 	EXP 	window1: recordFrameIntervals = False
174.2899 	EXP 	New trial (rep=7, index=0): None
174.2908 	EXP 	Sound probe started
174.3163 	EXP 	text_2: autoDraw = False
174.3163 	EXP 	text_2: autoDraw = False
174.5027 	EXP 	Sound probe reached end of file
174.5042 	EXP 	window1: recordFrameIntervals = False
174.5285 	EXP 	text_2: autoDraw = True
174.5296 	EXP 	window1: recordFrameIntervals = False
176.8111 	EXP 	New trial (rep=8, index=0): None
176.8121 	EXP 	Sound probe started
176.8378 	EXP 	text_2: autoDraw = False
176.8378 	EXP 	text_2: autoDraw = False
177.0225 	EXP 	Sound probe reached end of file
177.0244 	EXP 	window1: recordFrameIntervals = False
177.0528 	EXP 	text_2: autoDraw = True
177.0541 	EXP 	window1: recordFrameIntervals = False
179.3319 	EXP 	New trial (rep=9, index=0): None
179.3329 	EXP 	Sound probe started
179.3595 	EXP 	text_2: autoDraw = False
179.3595 	EXP 	text_2: autoDraw = False
179.5426 	EXP 	Sound probe reached end of file
179.5446 	EXP 	window1: recordFrameIntervals = False
179.5715 	EXP 	text_2: autoDraw = True
179.5727 	EXP 	window1: recordFrameIntervals = False
181.8540 	EXP 	New trial (rep=5, index=0): None
183.2100 	EXP 	text_2: autoDraw = False
183.2100 	EXP 	text_2: autoDraw = False
183.2100 	EXP 	text: height = 0.05
183.2100 	EXP 	text: height = 0.05
183.2100 	EXP 	text: text = 'Prochaine série : \n\n HAUTEUR \n\n\n\n Appuyez sur une touche pour démarrer.'
183.2100 	EXP 	text: autoDraw = True
184.4309 	EXP 	Created sequence: sequential, trialTypes=1, nReps=10, seed=None
184.4310 	EXP 	New trial (rep=0, index=0): None
184.4323 	EXP 	Sound probe started
184.4329 	DATA 	Keypress: space
184.4650 	EXP 	text: autoDraw = False
184.6424 	EXP 	Sound probe reached end of file
184.6428 	EXP 	window1: recordFrameIntervals = False
184.6758 	EXP 	text_2: autoDraw = True
184.6773 	EXP 	window1: recordFrameIntervals = False
186.9919 	EXP 	New trial (rep=1, index=0): None
186.9928 	EXP 	Sound probe started
187.0188 	EXP 	text_2: autoDraw = False
187.0188 	EXP 	text_2: autoDraw = False
187.2023 	EXP 	Sound probe reached end of file
187.2027 	EXP 	window1: recordFrameIntervals = False
187.2306 	EXP 	text_2: autoDraw = True
187.2318 	EXP 	window1: recordFrameIntervals = False
188.2233 	EXP 	New trial (rep=2, index=0): None
188.2255 	EXP 	Sound probe started
188.2450 	EXP 	text_2: autoDraw = False
188.2450 	EXP 	text_2: autoDraw = False
188.4426 	EXP 	Sound probe reached end of file
188.4443 	EXP 	window1: recordFrameIntervals = False
188.4654 	EXP 	text_2: autoDraw = True
188.4679 	EXP 	window1: recordFrameIntervals = False
189.7384 	DATA 	Keypress: space
189.9617 	EXP 	New trial (rep=3, index=0): None
189.9627 	EXP 	Sound probe started
189.9885 	EXP 	text_2: autoDraw = False
189.9885 	EXP 	text_2: autoDraw = False
190.1824 	EXP 	Sound probe reached end of file
190.1828 	EXP 	window1: recordFrameIntervals = False
190.2131 	EXP 	text_2: autoDraw = True
190.2145 	EXP 	window1: recordFrameIntervals = False
191.8491 	EXP 	New trial (rep=4, index=0): None
191.8501 	EXP 	Sound probe started
191.8784 	EXP 	text_2: autoDraw = False
191.8784 	EXP 	text_2: autoDraw = False
192.0625 	EXP 	Sound probe reached end of file
192.0629 	EXP 	window1: recordFrameIntervals = False
192.0907 	EXP 	text_2: autoDraw = True
192.0919 	EXP 	window1: recordFrameIntervals = False
193.9633 	EXP 	New trial (rep=5, index=0): None
193.9642 	EXP 	Sound probe started
193.9906 	EXP 	text_2: autoDraw = False
193.9906 	EXP 	text_2: autoDraw = False
194.1826 	EXP 	Sound probe reached end of file
194.1836 	EXP 	window1: recordFrameIntervals = False
194.2049 	EXP 	text_2: autoDraw = True
194.2072 	EXP 	window1: recordFrameIntervals = False
195.8636 	DATA 	Keypress: space
196.0871 	EXP 	New trial (rep=6, index=0): None
196.0881 	EXP 	Sound probe started
196.1163 	EXP 	text_2: autoDraw = False
196.1163 	EXP 	text_2: autoDraw = False
196.3025 	EXP 	Sound probe reached end of file
196.3028 	EXP 	window1: recordFrameIntervals = False
196.3320 	EXP 	text_2: autoDraw = True
196.3331 	EXP 	window1: recordFrameIntervals = False
198.5368 	EXP 	New trial (rep=7, index=0): None
198.5375 	EXP 	Sound probe started
198.5647 	EXP 	text_2: autoDraw = False
198.5647 	EXP 	text_2: autoDraw = False
198.7503 	EXP 	Sound probe reached end of file
198.7507 	EXP 	window1: recordFrameIntervals = False
198.7813 	EXP 	text_2: autoDraw = True
198.7825 	EXP 	window1: recordFrameIntervals = False
200.0757 	EXP 	New trial (rep=8, index=0): None
200.0767 	EXP 	Sound probe started
200.1049 	EXP 	text_2: autoDraw = False
200.1049 	EXP 	text_2: autoDraw = False
200.2901 	EXP 	Sound probe reached end of file
200.2905 	EXP 	window1: recordFrameIntervals = False
200.3200 	EXP 	text_2: autoDraw = True
200.3211 	EXP 	window1: recordFrameIntervals = False
202.2119 	DATA 	Keypress: space
202.4413 	EXP 	New trial (rep=9, index=0): None
202.4424 	EXP 	Sound probe started
202.4628 	EXP 	text_2: autoDraw = False
202.4628 	EXP 	text_2: autoDraw = False
202.6506 	EXP 	Sound probe stopped
202.6529 	EXP 	window1: recordFrameIntervals = False
202.6791 	EXP 	text_2: autoDraw = True
202.6803 	EXP 	window1: recordFrameIntervals = False
204.6991 	DATA 	Keypress: space
204.9323 	EXP 	New trial (rep=6, index=0): None
206.4922 	EXP 	text_2: autoDraw = False
206.4922 	EXP 	text_2: autoDraw = False
206.4922 	EXP 	text: text = 'Prochaine série : \n\n HAUTEUR \n\n\n\n Appuyez sur une touche pour démarrer.'
206.4922 	EXP 	text: autoDraw = True
207.2248 	EXP 	Created sequence: sequential, trialTypes=1, nReps=5, seed=None
207.2250 	EXP 	New trial (rep=0, index=0): None
207.2262 	EXP 	Sound probe started
207.2268 	DATA 	Keypress: space
207.2539 	EXP 	text: autoDraw = False
207.4426 	EXP 	Sound probe reached end of file
207.4443 	EXP 	window1: recordFrameIntervals = False
207.4646 	EXP 	text_2: autoDraw = True
207.4658 	EXP 	window1: recordFrameIntervals = False
208.7878 	EXP 	New trial (rep=1, index=0): None
208.7909 	EXP 	Sound probe started
208.8148 	EXP 	text_2: autoDraw = False
208.8148 	EXP 	text_2: autoDraw = False
209.0104 	EXP 	Sound probe reached end of file
209.0126 	EXP 	window1: recordFrameIntervals = False
209.0363 	EXP 	text_2: autoDraw = True
209.0376 	EXP 	window1: recordFrameIntervals = False
210.1632 	EXP 	New trial (rep=2, index=0): None
210.1641 	EXP 	Sound probe started
210.1899 	EXP 	text_2: autoDraw = False
210.1899 	EXP 	text_2: autoDraw = False
210.3824 	EXP 	Sound probe reached end of file
210.3829 	EXP 	window1: recordFrameIntervals = False
210.4095 	EXP 	text_2: autoDraw = True
210.4105 	EXP 	window1: recordFrameIntervals = False
211.6008 	EXP 	New trial (rep=3, index=0): None
211.6017 	EXP 	Sound probe started
211.6277 	EXP 	text_2: autoDraw = False
211.6277 	EXP 	text_2: autoDraw = False
211.8103 	EXP 	Sound probe reached end of file
211.8126 	EXP 	window1: recordFrameIntervals = False
211.8396 	EXP 	text_2: autoDraw = True
211.8408 	EXP 	window1: recordFrameIntervals = False
213.5088 	EXP 	New trial (rep=4, index=0): None
213.5111 	EXP 	Sound probe started
213.5367 	EXP 	text_2: autoDraw = False
213.5367 	EXP 	text_2: autoDraw = False
213.7304 	EXP 	Sound probe reached end of file
213.7326 	EXP 	window1: recordFrameIntervals = False
213.7575 	EXP 	text_2: autoDraw = True
213.7588 	EXP 	window1: recordFrameIntervals = False
216.4812 	DATA 	Keypress: space
216.7077 	EXP 	New trial (rep=7, index=0): None
218.0730 	EXP 	text_2: autoDraw = False
218.0730 	EXP 	text_2: autoDraw = False
218.0730 	EXP 	text: height = 0.05
218.0730 	EXP 	text: height = 0.05
218.0730 	EXP 	text: text = 'Prochaine série : \n\n X \n\n\n\n Appuyez sur une touche pour démarrer.'
218.0730 	EXP 	text: autoDraw = True
219.0673 	EXP 	Created sequence: sequential, trialTypes=1, nReps=7, seed=None
219.0674 	EXP 	New trial (rep=0, index=0): None
219.0688 	EXP 	Sound probe started
219.0694 	DATA 	Keypress: space
219.1027 	EXP 	text: autoDraw = False
219.2822 	EXP 	Sound probe reached end of file
219.2846 	EXP 	window1: recordFrameIntervals = False
219.3095 	EXP 	text_2: autoDraw = True
219.3108 	EXP 	window1: recordFrameIntervals = False
220.5698 	DATA 	Keypress: space
220.7935 	EXP 	New trial (rep=1, index=0): None
220.7945 	EXP 	Sound probe started
220.8212 	EXP 	text_2: autoDraw = False
220.8212 	EXP 	text_2: autoDraw = False
221.0103 	EXP 	Sound probe reached end of file
221.0107 	EXP 	window1: recordFrameIntervals = False
221.0381 	EXP 	text_2: autoDraw = True
221.0394 	EXP 	window1: recordFrameIntervals = False
223.1298 	EXP 	New trial (rep=2, index=0): None
223.1307 	EXP 	Sound probe started
223.1573 	EXP 	text_2: autoDraw = False
223.1573 	EXP 	text_2: autoDraw = False
223.3504 	EXP 	Sound probe reached end of file
223.3509 	EXP 	window1: recordFrameIntervals = False
223.3806 	EXP 	text_2: autoDraw = True
223.3818 	EXP 	window1: recordFrameIntervals = False
224.7132 	EXP 	New trial (rep=3, index=0): None
224.7142 	EXP 	Sound probe started
224.7411 	EXP 	text_2: autoDraw = False
224.7411 	EXP 	text_2: autoDraw = False
224.9306 	EXP 	Sound probe reached end of file
224.9330 	EXP 	window1: recordFrameIntervals = False
224.9549 	EXP 	text_2: autoDraw = True
224.9560 	EXP 	window1: recordFrameIntervals = False
226.2645 	EXP 	New trial (rep=4, index=0): None
226.2656 	EXP 	Sound probe started
226.2921 	EXP 	text_2: autoDraw = False
226.2921 	EXP 	text_2: autoDraw = False
226.4784 	EXP 	Sound probe reached end of file
226.4789 	EXP 	window1: recordFrameIntervals = False
226.5114 	EXP 	text_2: autoDraw = True
226.5124 	EXP 	window1: recordFrameIntervals = False
227.9321 	DATA 	Keypress: space
228.1561 	EXP 	New trial (rep=5, index=0): None
228.1571 	EXP 	Sound probe started
228.1856 	EXP 	text_2: autoDraw = False
228.1856 	EXP 	text_2: autoDraw = False
228.3702 	EXP 	Sound probe reached end of file
228.3706 	EXP 	window1: recordFrameIntervals = False
228.4003 	EXP 	text_2: autoDraw = True
228.4014 	EXP 	window1: recordFrameIntervals = False
230.3432 	EXP 	New trial (rep=6, index=0): None
230.3448 	EXP 	Sound probe started
230.3710 	EXP 	text_2: autoDraw = False
230.3710 	EXP 	text_2: autoDraw = False
230.5583 	EXP 	Sound probe reached end of file
230.5587 	EXP 	window1: recordFrameIntervals = False
230.5881 	EXP 	text_2: autoDraw = True
230.5892 	EXP 	window1: recordFrameIntervals = False
232.7634 	EXP 	New trial (rep=8, index=0): None
236.4821 	EXP 	text_2: autoDraw = False
236.4821 	EXP 	text_2: autoDraw = False
236.4821 	EXP 	text: height = 0.05
236.4821 	EXP 	text: height = 0.05
236.4821 	EXP 	text: text = 'Prochaine série : \n\n RYTHME \n\n\n\n Appuyez sur une touche pour démarrer.'
236.4821 	EXP 	text: autoDraw = True
237.1868 	EXP 	Created sequence: sequential, trialTypes=1, nReps=8, seed=None
237.1869 	EXP 	New trial (rep=0, index=0): None
237.1881 	EXP 	Sound probe started
237.1887 	DATA 	Keypress: space
237.2205 	EXP 	text: autoDraw = False
237.3985 	EXP 	Sound probe reached end of file
237.4005 	EXP 	window1: recordFrameIntervals = False
237.4277 	EXP 	text_2: autoDraw = True
237.4290 	EXP 	window1: recordFrameIntervals = False
239.2176 	EXP 	New trial (rep=1, index=0): None
239.2186 	EXP 	Sound probe started
239.2466 	EXP 	text_2: autoDraw = False
239.2466 	EXP 	text_2: autoDraw = False
239.4384 	EXP 	Sound probe reached end of file
239.4407 	EXP 	window1: recordFrameIntervals = False
239.4674 	EXP 	text_2: autoDraw = True
239.4687 	EXP 	window1: recordFrameIntervals = False
241.2628 	EXP 	New trial (rep=2, index=0): None
241.2652 	EXP 	Sound probe started
241.2852 	EXP 	text_2: autoDraw = False
241.2852 	EXP 	text_2: autoDraw = False
241.4785 	EXP 	Sound probe reached end of file
241.4806 	EXP 	window1: recordFrameIntervals = False
241.5038 	EXP 	text_2: autoDraw = True
241.5051 	EXP 	window1: recordFrameIntervals = False
243.2971 	EXP 	New trial (rep=3, index=0): None
243.2982 	EXP 	Sound probe started
243.3236 	EXP 	text_2: autoDraw = False
243.3236 	EXP 	text_2: autoDraw = False
243.5182 	EXP 	Sound probe reached end of file
243.5187 	EXP 	window1: recordFrameIntervals = False
243.5386 	EXP 	text_2: autoDraw = True
243.5399 	EXP 	window1: recordFrameIntervals = False
245.1123 	DATA 	Keypress: space
245.3364 	EXP 	New trial (rep=4, index=0): None
245.3374 	EXP 	Sound probe started
245.3630 	EXP 	text_2: autoDraw = False
245.3630 	EXP 	text_2: autoDraw = False
245.5504 	EXP 	Sound probe reached end of file
245.5526 	EXP 	window1: recordFrameIntervals = False
245.5752 	EXP 	text_2: autoDraw = True
245.5765 	EXP 	window1: recordFrameIntervals = False
247.3715 	EXP 	New trial (rep=5, index=0): None
247.3725 	EXP 	Sound probe started
247.3983 	EXP 	text_2: autoDraw = False
247.3983 	EXP 	text_2: autoDraw = False
247.5861 	EXP 	Sound probe reached end of file
247.5869 	EXP 	window1: recordFrameIntervals = False
247.6161 	EXP 	text_2: autoDraw = True
247.6173 	EXP 	window1: recordFrameIntervals = False
249.1799 	DATA 	Keypress: space
249.4050 	EXP 	New trial (rep=6, index=0): None
249.4060 	EXP 	Sound probe started
249.4327 	EXP 	text_2: autoDraw = False
249.4327 	EXP 	text_2: autoDraw = False
249.6183 	EXP 	Sound probe reached end of file
249.6206 	EXP 	window1: recordFrameIntervals = False
249.6457 	EXP 	text_2: autoDraw = True
249.6469 	EXP 	window1: recordFrameIntervals = False
251.2139 	DATA 	Keypress: space
251.4451 	EXP 	New trial (rep=7, index=0): None
251.4462 	EXP 	Sound probe started
251.4672 	EXP 	text_2: autoDraw = False
251.4672 	EXP 	text_2: autoDraw = False
251.6665 	EXP 	Sound probe reached end of file
251.6670 	EXP 	window1: recordFrameIntervals = False
251.6869 	EXP 	text_2: autoDraw = True
251.6880 	EXP 	window1: recordFrameIntervals = False
253.2604 	DATA 	Keypress: space
253.4887 	EXP 	New trial (rep=9, index=0): None
257.4207 	EXP 	text_2: autoDraw = False
257.4207 	EXP 	text_2: autoDraw = False
257.4207 	EXP 	text: text = 'Prochaine série : \n\n RYTHME \n\n\n\n Appuyez sur une touche pour démarrer.'
257.4207 	EXP 	text: autoDraw = True
258.1285 	EXP 	Created sequence: sequential, trialTypes=1, nReps=5, seed=None
258.1286 	EXP 	New trial (rep=0, index=0): None
258.1297 	EXP 	Sound probe started
258.1305 	DATA 	Keypress: space
258.1574 	EXP 	text: autoDraw = False
258.3464 	EXP 	Sound probe reached end of file
258.3469 	EXP 	window1: recordFrameIntervals = False
258.3797 	EXP 	text_2: autoDraw = True
258.3809 	EXP 	window1: recordFrameIntervals = False
261.1219 	EXP 	New trial (rep=1, index=0): None
261.1232 	EXP 	Sound probe started
261.1473 	EXP 	text_2: autoDraw = False
261.1473 	EXP 	text_2: autoDraw = False
261.3383 	EXP 	Sound probe reached end of file
261.3387 	EXP 	window1: recordFrameIntervals = False
261.3599 	EXP 	text_2: autoDraw = True
261.3610 	EXP 	window1: recordFrameIntervals = False
264.1074 	EXP 	New trial (rep=2, index=0): None
264.1084 	EXP 	Sound probe started
264.1297 	EXP 	text_2: autoDraw = False
264.1297 	EXP 	text_2: autoDraw = False
264.3266 	EXP 	Sound probe reached end of file
264.3290 	EXP 	window1: recordFrameIntervals = False
264.3555 	EXP 	text_2: autoDraw = True
264.3567 	EXP 	window1: recordFrameIntervals = False
267.0933 	EXP 	New trial (rep=3, index=0): None
267.0943 	EXP 	Sound probe started
267.1198 	EXP 	text_2: autoDraw = False
267.1198 	EXP 	text_2: autoDraw = False
267.3063 	EXP 	Sound probe reached end of file
267.3067 	EXP 	window1: recordFrameIntervals = False
267.3344 	EXP 	text_2: autoDraw = True
267.3356 	EXP 	window1: recordFrameIntervals = False
270.0730 	EXP 	New trial (rep=4, index=0): None
270.0768 	EXP 	Sound probe started
270.0972 	EXP 	text_2: autoDraw = False
270.0972 	EXP 	text_2: autoDraw = False
270.2863 	EXP 	Sound probe reached end of file
270.2880 	EXP 	window1: recordFrameIntervals = False
270.3170 	EXP 	text_2: autoDraw = True
270.3182 	EXP 	window1: recordFrameIntervals = False
273.0539 	EXP 	New trial (rep=10, index=0): None
275.2701 	EXP 	text_2: autoDraw = False
275.2701 	EXP 	text_2: autoDraw = False
275.2701 	EXP 	text: text = 'Prochaine série : \n\n RYTHME \n\n\n\n Appuyez sur une touche pour démarrer.'
275.2701 	EXP 	text: autoDraw = True
275.8925 	EXP 	Created sequence: sequential, trialTypes=1, nReps=6, seed=None
275.8926 	EXP 	New trial (rep=0, index=0): None
275.8938 	EXP 	Sound probe started
275.8945 	DATA 	Keypress: space
275.9257 	EXP 	text: autoDraw = False
276.1064 	EXP 	Sound probe reached end of file
276.1084 	EXP 	window1: recordFrameIntervals = False
276.1332 	EXP 	text_2: autoDraw = True
276.1345 	EXP 	window1: recordFrameIntervals = False
278.7381 	EXP 	New trial (rep=1, index=0): None
278.7391 	EXP 	Sound probe started
278.7650 	EXP 	text_2: autoDraw = False
278.7650 	EXP 	text_2: autoDraw = False
278.9546 	EXP 	Sound probe reached end of file
278.9567 	EXP 	window1: recordFrameIntervals = False
278.9778 	EXP 	text_2: autoDraw = True
278.9803 	EXP 	window1: recordFrameIntervals = False
281.5944 	EXP 	New trial (rep=2, index=0): None
281.5954 	EXP 	Sound probe started
281.6161 	EXP 	text_2: autoDraw = False
281.6161 	EXP 	text_2: autoDraw = False
281.8143 	EXP 	Sound probe reached end of file
281.8171 	EXP 	window1: recordFrameIntervals = False
281.8403 	EXP 	text_2: autoDraw = True
281.8415 	EXP 	window1: recordFrameIntervals = False
284.4474 	EXP 	New trial (rep=3, index=0): None
284.4482 	EXP 	Sound probe started
284.4768 	EXP 	text_2: autoDraw = False
284.4768 	EXP 	text_2: autoDraw = False
284.6663 	EXP 	Sound probe reached end of file
284.6667 	EXP 	window1: recordFrameIntervals = False
284.6981 	EXP 	text_2: autoDraw = True
284.6995 	EXP 	window1: recordFrameIntervals = False
287.2950 	EXP 	New trial (rep=4, index=0): None
287.2959 	EXP 	Sound probe started
287.3221 	EXP 	text_2: autoDraw = False
287.3221 	EXP 	text_2: autoDraw = False
287.5144 	EXP 	Sound probe reached end of file
287.5160 	EXP 	window1: recordFrameIntervals = False
287.5422 	EXP 	text_2: autoDraw = True
287.5435 	EXP 	window1: recordFrameIntervals = False
290.1520 	EXP 	New trial (rep=5, index=0): None
290.1532 	EXP 	Sound probe started
290.1744 	EXP 	text_2: autoDraw = False
290.1744 	EXP 	text_2: autoDraw = False
290.3663 	EXP 	Sound probe reached end of file
290.3682 	EXP 	window1: recordFrameIntervals = False
290.3896 	EXP 	text_2: autoDraw = True
290.3918 	EXP 	window1: recordFrameIntervals = False
292.7734 	DATA 	Keypress: space
293.0051 	EXP 	New trial (rep=11, index=0): None
294.5720 	EXP 	text_2: autoDraw = False
294.5720 	EXP 	text_2: autoDraw = False
294.5720 	EXP 	text: height = 0.05
294.5720 	EXP 	text: height = 0.05
294.5720 	EXP 	text: text = 'Prochaine série : \n\n X \n\n\n\n Appuyez sur une touche pour démarrer.'
294.5720 	EXP 	text: autoDraw = True
295.7493 	EXP 	Created sequence: sequential, trialTypes=1, nReps=6, seed=None
295.7494 	EXP 	New trial (rep=0, index=0): None
295.7506 	EXP 	Sound probe started
295.7513 	DATA 	Keypress: space
295.7831 	EXP 	text: autoDraw = False
295.9734 	EXP 	Sound probe reached end of file
295.9739 	EXP 	window1: recordFrameIntervals = False
296.0065 	EXP 	text_2: autoDraw = True
296.0078 	EXP 	window1: recordFrameIntervals = False
297.1897 	EXP 	New trial (rep=1, index=0): None
297.1906 	EXP 	Sound probe started
297.2105 	EXP 	text_2: autoDraw = False
297.2105 	EXP 	text_2: autoDraw = False
297.4025 	EXP 	Sound probe reached end of file
297.4047 	EXP 	window1: recordFrameIntervals = False
297.4293 	EXP 	text_2: autoDraw = True
297.4306 	EXP 	window1: recordFrameIntervals = False
299.1037 	EXP 	New trial (rep=2, index=0): None
299.1083 	EXP 	Sound probe started
299.1289 	EXP 	text_2: autoDraw = False
299.1289 	EXP 	text_2: autoDraw = False
299.3224 	EXP 	Sound probe reached end of file
299.3246 	EXP 	window1: recordFrameIntervals = False
299.3479 	EXP 	text_2: autoDraw = True
299.3492 	EXP 	window1: recordFrameIntervals = False
301.9987 	DATA 	Keypress: space
302.2275 	EXP 	New trial (rep=3, index=0): None
302.2292 	EXP 	Sound probe started
302.2489 	EXP 	text_2: autoDraw = False
302.2489 	EXP 	text_2: autoDraw = False
302.4424 	EXP 	Sound probe reached end of file
302.4448 	EXP 	window1: recordFrameIntervals = False
302.4685 	EXP 	text_2: autoDraw = True
302.4697 	EXP 	window1: recordFrameIntervals = False
303.6100 	DATA 	Keypress: space
303.8364 	EXP 	New trial (rep=4, index=0): None
303.8373 	EXP 	Sound probe started
303.8648 	EXP 	text_2: autoDraw = False
303.8648 	EXP 	text_2: autoDraw = False
304.0542 	EXP 	Sound probe reached end of file
304.0547 	EXP 	window1: recordFrameIntervals = False
304.0817 	EXP 	text_2: autoDraw = True
304.0830 	EXP 	window1: recordFrameIntervals = False
305.5457 	DATA 	Keypress: space
305.7709 	EXP 	New trial (rep=5, index=0): None
305.7719 	EXP 	Sound probe started
305.8001 	EXP 	text_2: autoDraw = False
305.8001 	EXP 	text_2: autoDraw = False
305.9821 	EXP 	Sound probe reached end of file
305.9825 	EXP 	window1: recordFrameIntervals = False
306.0117 	EXP 	text_2: autoDraw = True
306.0128 	EXP 	window1: recordFrameIntervals = False
307.3254 	EXP 	New trial (rep=12, index=0): None
308.6831 	EXP 	text_2: autoDraw = False
308.6831 	EXP 	text_2: autoDraw = False
308.6831 	EXP 	text: height = 0.05
308.6831 	EXP 	text: height = 0.05
308.6831 	EXP 	text: text = 'Prochaine série : \n\n RYTHME\n\nHAUTEUR \n\n\n\n Appuyez sur une touche pour démarrer.'
308.6831 	EXP 	text: autoDraw = True
309.4953 	EXP 	Created sequence: sequential, trialTypes=1, nReps=8, seed=None
309.4954 	EXP 	New trial (rep=0, index=0): None
309.4966 	EXP 	Sound probe started
309.4972 	DATA 	Keypress: space
309.5295 	EXP 	text: autoDraw = False
309.7237 	EXP 	Sound probe reached end of file
309.7241 	EXP 	window1: recordFrameIntervals = False
309.7569 	EXP 	text_2: autoDraw = True
309.7582 	EXP 	window1: recordFrameIntervals = False
312.6739 	EXP 	New trial (rep=1, index=0): None
312.6748 	EXP 	Sound probe started
312.6952 	EXP 	text_2: autoDraw = False
312.6952 	EXP 	text_2: autoDraw = False
312.8941 	EXP 	Sound probe reached end of file
312.8945 	EXP 	window1: recordFrameIntervals = False
312.9151 	EXP 	text_2: autoDraw = True
312.9162 	EXP 	window1: recordFrameIntervals = False
315.8427 	EXP 	New trial (rep=2, index=0): None
315.8439 	EXP 	Sound probe started
315.8640 	EXP 	text_2: autoDraw = False
315.8640 	EXP 	text_2: autoDraw = False
316.0621 	EXP 	Sound probe reached end of file
316.0625 	EXP 	window1: recordFrameIntervals = False
316.0830 	EXP 	text_2: autoDraw = True
316.0844 	EXP 	window1: recordFrameIntervals = False
319.0103 	EXP 	New trial (rep=3, index=0): None
319.0130 	EXP 	Sound probe started
319.0328 	EXP 	text_2: autoDraw = False
319.0328 	EXP 	text_2: autoDraw = False
319.2223 	EXP 	Sound probe reached end of file
319.2244 	EXP 	window1: recordFrameIntervals = False
319.2518 	EXP 	text_2: autoDraw = True
319.2530 	EXP 	window1: recordFrameIntervals = False
322.1699 	EXP 	New trial (rep=4, index=0): None
322.1709 	EXP 	Sound probe started
322.1994 	EXP 	text_2: autoDraw = False
322.1994 	EXP 	text_2: autoDraw = False
322.3904 	EXP 	Sound probe reached end of file
322.3909 	EXP 	window1: recordFrameIntervals = False
322.4167 	EXP 	text_2: autoDraw = True
322.4180 	EXP 	window1: recordFrameIntervals = False
325.1109 	DATA 	Keypress: space
325.3361 	EXP 	New trial (rep=5, index=0): None
325.3370 	EXP 	Sound probe started
325.3636 	EXP 	text_2: autoDraw = False
325.3636 	EXP 	text_2: autoDraw = False
325.5502 	EXP 	Sound probe reached end of file
325.5507 	EXP 	window1: recordFrameIntervals = False
325.5769 	EXP 	text_2: autoDraw = True
325.5783 	EXP 	window1: recordFrameIntervals = False
328.2704 	DATA 	Keypress: space
328.4961 	EXP 	New trial (rep=6, index=0): None
328.4972 	EXP 	Sound probe started
328.5244 	EXP 	text_2: autoDraw = False
328.5244 	EXP 	text_2: autoDraw = False
328.7102 	EXP 	Sound probe reached end of file
328.7105 	EXP 	window1: recordFrameIntervals = False
328.7407 	EXP 	text_2: autoDraw = True
328.7418 	EXP 	window1: recordFrameIntervals = False
331.4307 	DATA 	Keypress: space
331.6604 	EXP 	New trial (rep=7, index=0): None
331.6615 	EXP 	Sound probe started
331.6822 	EXP 	text_2: autoDraw = False
331.6822 	EXP 	text_2: autoDraw = False
331.8705 	EXP 	Sound probe reached end of file
331.8723 	EXP 	window1: recordFrameIntervals = False
331.8940 	EXP 	text_2: autoDraw = True
331.8952 	EXP 	window1: recordFrameIntervals = False
334.5922 	DATA 	Keypress: space
334.8200 	EXP 	New trial (rep=13, index=0): None
337.4361 	EXP 	text_2: autoDraw = False
337.4361 	EXP 	text_2: autoDraw = False
337.4361 	EXP 	text: height = 0.05
337.4361 	EXP 	text: height = 0.05
337.4361 	EXP 	text: text = 'Prochaine série : \n\n X \n\n\n\n Appuyez sur une touche pour démarrer.'
337.4361 	EXP 	text: autoDraw = True
338.1905 	EXP 	Created sequence: sequential, trialTypes=1, nReps=10, seed=None
338.1906 	EXP 	New trial (rep=0, index=0): None
338.1918 	EXP 	Sound probe started
338.1925 	DATA 	Keypress: space
338.2244 	EXP 	text: autoDraw = False
338.4025 	EXP 	Sound probe stopped
338.4045 	EXP 	window1: recordFrameIntervals = False
338.4286 	EXP 	text_2: autoDraw = True
338.4298 	EXP 	window1: recordFrameIntervals = False
341.0867 	EXP 	New trial (rep=1, index=0): None
341.0878 	EXP 	Sound probe started
341.1080 	EXP 	text_2: autoDraw = False
341.1080 	EXP 	text_2: autoDraw = False
341.3023 	EXP 	Sound probe reached end of file
341.3045 	EXP 	window1: recordFrameIntervals = False
341.3270 	EXP 	text_2: autoDraw = True
341.3292 	EXP 	window1: recordFrameIntervals = False
344.2566 	EXP 	New trial (rep=2, index=0): None
344.2576 	EXP 	Sound probe started
344.2848 	EXP 	text_2: autoDraw = False
344.2848 	EXP 	text_2: autoDraw = False
344.4701 	EXP 	Sound probe reached end of file
344.4709 	EXP 	window1: recordFrameIntervals = False
344.4982 	EXP 	text_2: autoDraw = True
344.4995 	EXP 	window1: recordFrameIntervals = False
346.1456 	EXP 	New trial (rep=3, index=0): None
346.1466 	EXP 	Sound probe started
346.1745 	EXP 	text_2: autoDraw = False
346.1745 	EXP 	text_2: autoDraw = False
346.3623 	EXP 	Sound probe reached end of file
346.3627 	EXP 	window1: recordFrameIntervals = False
346.3928 	EXP 	text_2: autoDraw = True
346.3938 	EXP 	window1: recordFrameIntervals = False
348.5062 	EXP 	New trial (rep=4, index=0): None
348.5096 	EXP 	Sound probe started
348.5303 	EXP 	text_2: autoDraw = False
348.5303 	EXP 	text_2: autoDraw = False
348.7183 	EXP 	Sound probe reached end of file
348.7188 	EXP 	window1: recordFrameIntervals = False
348.7509 	EXP 	text_2: autoDraw = True
348.7528 	EXP 	window1: recordFrameIntervals = False
350.3946 	DATA 	Keypress: space
350.6205 	EXP 	New trial (rep=5, index=0): None
350.6232 	EXP 	Sound probe started
350.6478 	EXP 	text_2: autoDraw = False
350.6478 	EXP 	text_2: autoDraw = False
350.8385 	EXP 	Sound probe reached end of file
350.8408 	EXP 	window1: recordFrameIntervals = False
350.8684 	EXP 	text_2: autoDraw = True
350.8696 	EXP 	window1: recordFrameIntervals = False
352.8660 	EXP 	New trial (rep=6, index=0): None
352.8671 	EXP 	Sound probe started
352.8936 	EXP 	text_2: autoDraw = False
352.8936 	EXP 	text_2: autoDraw = False
353.0786 	EXP 	Sound probe reached end of file
353.0790 	EXP 	window1: recordFrameIntervals = False
353.1088 	EXP 	text_2: autoDraw = True
353.1101 	EXP 	window1: recordFrameIntervals = False
354.7445 	DATA 	Keypress: space
354.9849 	EXP 	New trial (rep=7, index=0): None
354.9880 	EXP 	Sound probe started
355.0118 	EXP 	text_2: autoDraw = False
355.0118 	EXP 	text_2: autoDraw = False
355.1983 	EXP 	Sound probe reached end of file
355.2003 	EXP 	window1: recordFrameIntervals = False
355.2216 	EXP 	text_2: autoDraw = True
355.2231 	EXP 	window1: recordFrameIntervals = False
358.1445 	EXP 	New trial (rep=8, index=0): None
358.1458 	EXP 	Sound probe started
358.1735 	EXP 	text_2: autoDraw = False
358.1735 	EXP 	text_2: autoDraw = False
358.3619 	EXP 	Sound probe reached end of file
358.3626 	EXP 	window1: recordFrameIntervals = False
358.3893 	EXP 	text_2: autoDraw = True
358.3907 	EXP 	window1: recordFrameIntervals = False
360.4876 	DATA 	Keypress: space
360.7145 	EXP 	New trial (rep=9, index=0): None
360.7171 	EXP 	Sound probe started
360.7445 	EXP 	text_2: autoDraw = False
360.7445 	EXP 	text_2: autoDraw = False
360.9304 	EXP 	Sound probe reached end of file
360.9308 	EXP 	window1: recordFrameIntervals = False
360.9595 	EXP 	text_2: autoDraw = True
360.9608 	EXP 	window1: recordFrameIntervals = False
363.1289 	EXP 	New trial (rep=14, index=0): None
366.0208 	EXP 	text_2: autoDraw = False
366.0208 	EXP 	text_2: autoDraw = False
366.0208 	EXP 	text: text = 'Prochaine série : \n\n X \n\n\n\n Appuyez sur une touche pour démarrer.'
366.0208 	EXP 	text: autoDraw = True
366.9562 	EXP 	Created sequence: sequential, trialTypes=1, nReps=6, seed=None
366.9563 	EXP 	New trial (rep=0, index=0): None
366.9575 	EXP 	Sound probe started
366.9583 	DATA 	Keypress: space
366.9906 	EXP 	text: autoDraw = False
367.1702 	EXP 	Sound probe reached end of file
367.1713 	EXP 	window1: recordFrameIntervals = False
367.1929 	EXP 	text_2: autoDraw = True
367.1940 	EXP 	window1: recordFrameIntervals = False
368.9425 	EXP 	New trial (rep=1, index=0): None
368.9459 	EXP 	Sound probe started
368.9679 	EXP 	text_2: autoDraw = False
368.9679 	EXP 	text_2: autoDraw = False
369.1584 	EXP 	Sound probe reached end of file
369.1608 	EXP 	window1: recordFrameIntervals = False
369.1883 	EXP 	text_2: autoDraw = True
369.1894 	EXP 	window1: recordFrameIntervals = False
372.1520 	EXP 	New trial (rep=2, index=0): None
372.1529 	EXP 	Sound probe started
372.1792 	EXP 	text_2: autoDraw = False
372.1792 	EXP 	text_2: autoDraw = False
372.3661 	EXP 	Sound probe reached end of file
372.3666 	EXP 	window1: recordFrameIntervals = False
372.3942 	EXP 	text_2: autoDraw = True
372.3955 	EXP 	window1: recordFrameIntervals = False
373.2194 	DATA 	Keypress: space
373.4472 	EXP 	New trial (rep=3, index=0): None
373.4508 	EXP 	Sound probe started
373.4722 	EXP 	text_2: autoDraw = False
373.4722 	EXP 	text_2: autoDraw = False
373.6664 	EXP 	Sound probe reached end of file
373.6686 	EXP 	window1: recordFrameIntervals = False
373.6937 	EXP 	text_2: autoDraw = True
373.6950 	EXP 	window1: recordFrameIntervals = False
376.0105 	EXP 	New trial (rep=4, index=0): None
376.0115 	EXP 	Sound probe started
376.0393 	EXP 	text_2: autoDraw = False
376.0393 	EXP 	text_2: autoDraw = False
376.2264 	EXP 	Sound probe reached end of file
376.2267 	EXP 	window1: recordFrameIntervals = False
376.2561 	EXP 	text_2: autoDraw = True
376.2572 	EXP 	window1: recordFrameIntervals = False
378.0727 	DATA 	Keypress: space
378.3029 	EXP 	New trial (rep=5, index=0): None
378.3064 	EXP 	Sound probe started
378.3272 	EXP 	text_2: autoDraw = False
378.3272 	EXP 	text_2: autoDraw = False
378.5183 	EXP 	Sound probe stopped
378.5208 	EXP 	window1: recordFrameIntervals = False
378.5477 	EXP 	text_2: autoDraw = True
378.5491 	EXP 	window1: recordFrameIntervals = False
379.5283 	DATA 	Keypress: space
379.7609 	EXP 	New trial (rep=15, index=0): None
384.1433 	DATA 	Keypress: space
384.1600 	EXP 	text_2: autoDraw = False
384.1600 	EXP 	text_2: autoDraw = False
384.1600 	EXP 	text: text = 'Prochaine série : \n\n X \n\n\n\n Appuyez sur une touche pour démarrer.'
384.1600 	EXP 	text: autoDraw = True
384.8768 	EXP 	Created sequence: sequential, trialTypes=1, nReps=5, seed=None
384.8769 	EXP 	New trial (rep=0, index=0): None
384.8781 	EXP 	Sound probe started
384.8788 	DATA 	Keypress: space
384.9108 	EXP 	text: autoDraw = False
385.1061 	EXP 	Sound probe reached end of file
385.1065 	EXP 	window1: recordFrameIntervals = False
385.1393 	EXP 	text_2: autoDraw = True
385.1406 	EXP 	window1: recordFrameIntervals = False
387.6707 	EXP 	New trial (rep=1, index=0): None
387.6718 	EXP 	Sound probe started
387.6924 	EXP 	text_2: autoDraw = False
387.6924 	EXP 	text_2: autoDraw = False
387.8863 	EXP 	Sound probe reached end of file
387.8877 	EXP 	window1: recordFrameIntervals = False
387.9090 	EXP 	text_2: autoDraw = True
387.9111 	EXP 	window1: recordFrameIntervals = False
390.4635 	DATA 	Keypress: space
390.6899 	EXP 	New trial (rep=2, index=0): None
390.6909 	EXP 	Sound probe started
390.7170 	EXP 	text_2: autoDraw = False
390.7170 	EXP 	text_2: autoDraw = False
390.9063 	EXP 	Sound probe reached end of file
390.9068 	EXP 	window1: recordFrameIntervals = False
390.9332 	EXP 	text_2: autoDraw = True
390.9343 	EXP 	window1: recordFrameIntervals = False
392.6085 	EXP 	New trial (rep=3, index=0): None
392.6096 	EXP 	Sound probe started
392.6302 	EXP 	text_2: autoDraw = False
392.6302 	EXP 	text_2: autoDraw = False
392.8263 	EXP 	Sound probe reached end of file
392.8267 	EXP 	window1: recordFrameIntervals = False
392.8480 	EXP 	text_2: autoDraw = True
392.8492 	EXP 	window1: recordFrameIntervals = False
394.4990 	DATA 	Keypress: space
394.7323 	EXP 	New trial (rep=4, index=0): None
394.7334 	EXP 	Sound probe started
394.7545 	EXP 	text_2: autoDraw = False
394.7545 	EXP 	text_2: autoDraw = False
394.9462 	EXP 	Sound probe reached end of file
394.9467 	EXP 	window1: recordFrameIntervals = False
394.9677 	EXP 	text_2: autoDraw = True
394.9688 	EXP 	window1: recordFrameIntervals = False
397.2839 	DATA 	Keypress: space
397.5147 	EXP 	New trial (rep=16, index=0): None
399.1269 	EXP 	text_2: autoDraw = False
399.1269 	EXP 	text_2: autoDraw = False
399.1269 	EXP 	text: height = 0.05
399.1269 	EXP 	text: height = 0.05
399.1269 	EXP 	text: text = 'Prochaine série : \n\n RYTHME\n\nHAUTEUR \n\n\n\n Appuyez sur une touche pour démarrer.'
399.1269 	EXP 	text: autoDraw = True
399.8158 	EXP 	Created sequence: sequential, trialTypes=1, nReps=5, seed=None
399.8160 	EXP 	New trial (rep=0, index=0): None
399.8171 	EXP 	Sound probe started
399.8180 	DATA 	Keypress: space
399.8495 	EXP 	text: autoDraw = False
400.0448 	EXP 	Sound probe reached end of file
400.0453 	EXP 	window1: recordFrameIntervals = False
400.0780 	EXP 	text_2: autoDraw = True
400.0792 	EXP 	window1: recordFrameIntervals = False
401.9693 	EXP 	New trial (rep=1, index=0): None
401.9704 	EXP 	Sound probe started
401.9913 	EXP 	text_2: autoDraw = False
401.9913 	EXP 	text_2: autoDraw = False
402.1862 	EXP 	Sound probe reached end of file
402.1866 	EXP 	window1: recordFrameIntervals = False
402.2072 	EXP 	text_2: autoDraw = True
402.2088 	EXP 	window1: recordFrameIntervals = False
404.1077 	EXP 	New trial (rep=2, index=0): None
404.1086 	EXP 	Sound probe started
404.1371 	EXP 	text_2: autoDraw = False
404.1371 	EXP 	text_2: autoDraw = False
404.3263 	EXP 	Sound probe reached end of file
404.3267 	EXP 	window1: recordFrameIntervals = False
404.3583 	EXP 	text_2: autoDraw = True
404.3595 	EXP 	window1: recordFrameIntervals = False
406.2458 	EXP 	New trial (rep=3, index=0): None
406.2484 	EXP 	Sound probe started
406.2738 	EXP 	text_2: autoDraw = False
406.2738 	EXP 	text_2: autoDraw = False
406.4663 	EXP 	Sound probe reached end of file
406.4687 	EXP 	window1: recordFrameIntervals = False
406.4944 	EXP 	text_2: autoDraw = True
406.4956 	EXP 	window1: recordFrameIntervals = False
408.3935 	EXP 	New trial (rep=4, index=0): None
408.3946 	EXP 	Sound probe started
408.4154 	EXP 	text_2: autoDraw = False
408.4154 	EXP 	text_2: autoDraw = False
408.6140 	EXP 	Sound probe reached end of file
408.6145 	EXP 	window1: recordFrameIntervals = False
408.6360 	EXP 	text_2: autoDraw = True
408.6373 	EXP 	window1: recordFrameIntervals = False
410.5353 	EXP 	New trial (rep=17, index=0): None
413.1983 	EXP 	text_2: autoDraw = False
413.1983 	EXP 	text_2: autoDraw = False
413.1983 	EXP 	text: height = 0.05
413.1983 	EXP 	text: height = 0.05
413.1983 	EXP 	text: text = 'Prochaine série : \n\n RYTHME \n\n\n\n Appuyez sur une touche pour démarrer.'
413.1983 	EXP 	text: autoDraw = True
415.7429 	EXP 	Created sequence: sequential, trialTypes=1, nReps=6, seed=None
415.7430 	EXP 	New trial (rep=0, index=0): None
415.7441 	EXP 	Sound probe started
415.7448 	DATA 	Keypress: space
415.7767 	EXP 	text: autoDraw = False
415.9613 	EXP 	Sound probe reached end of file
415.9617 	EXP 	window1: recordFrameIntervals = False
415.9912 	EXP 	text_2: autoDraw = True
415.9952 	EXP 	window1: recordFrameIntervals = False
417.0249 	EXP 	New trial (rep=1, index=0): None
417.0279 	EXP 	Sound probe started
417.0509 	EXP 	text_2: autoDraw = False
417.0509 	EXP 	text_2: autoDraw = False
417.2464 	EXP 	Sound probe reached end of file
417.2482 	EXP 	window1: recordFrameIntervals = False
417.2679 	EXP 	text_2: autoDraw = True
417.2692 	EXP 	window1: recordFrameIntervals = False
418.3127 	EXP 	New trial (rep=2, index=0): None
418.3164 	EXP 	Sound probe started
418.3368 	EXP 	text_2: autoDraw = False
418.3368 	EXP 	text_2: autoDraw = False
418.5344 	EXP 	Sound probe reached end of file
418.5355 	EXP 	window1: recordFrameIntervals = False
418.5563 	EXP 	text_2: autoDraw = True
418.5577 	EXP 	window1: recordFrameIntervals = False
419.3711 	DATA 	Keypress: space
419.6015 	EXP 	New trial (rep=3, index=0): None
419.6031 	EXP 	Sound probe started
419.6233 	EXP 	text_2: autoDraw = False
419.6233 	EXP 	text_2: autoDraw = False
419.8143 	EXP 	Sound probe reached end of file
419.8161 	EXP 	window1: recordFrameIntervals = False
419.8366 	EXP 	text_2: autoDraw = True
419.8378 	EXP 	window1: recordFrameIntervals = False
420.6513 	DATA 	Keypress: space
420.8796 	EXP 	New trial (rep=4, index=0): None
420.8830 	EXP 	Sound probe started
420.9058 	EXP 	text_2: autoDraw = False
420.9058 	EXP 	text_2: autoDraw = False
421.0942 	EXP 	Sound probe reached end of file
421.0947 	EXP 	window1: recordFrameIntervals = False
421.1257 	EXP 	text_2: autoDraw = True
421.1271 	EXP 	window1: recordFrameIntervals = False
421.9313 	DATA 	Keypress: space
422.1588 	EXP 	New trial (rep=5, index=0): None
422.1597 	EXP 	Sound probe started
422.1881 	EXP 	text_2: autoDraw = False
422.1881 	EXP 	text_2: autoDraw = False
422.3743 	EXP 	Sound probe reached end of file
422.3747 	EXP 	window1: recordFrameIntervals = False
422.4041 	EXP 	text_2: autoDraw = True
422.4052 	EXP 	window1: recordFrameIntervals = False
423.2108 	DATA 	Keypress: space
423.4446 	EXP 	New trial (rep=18, index=0): None
425.0675 	EXP 	text_2: autoDraw = False
425.0675 	EXP 	text_2: autoDraw = False
425.0675 	EXP 	text: height = 0.05
425.0675 	EXP 	text: height = 0.05
425.0675 	EXP 	text: text = 'Prochaine série : \n\n RYTHME\n\nHAUTEUR \n\n\n\n Appuyez sur une touche pour démarrer.'
425.0675 	EXP 	text: autoDraw = True
425.6902 	EXP 	Created sequence: sequential, trialTypes=1, nReps=9, seed=None
425.6903 	EXP 	New trial (rep=0, index=0): None
425.6921 	EXP 	Sound probe started
425.6928 	DATA 	Keypress: space
425.7193 	EXP 	text: autoDraw = False
425.9035 	EXP 	Sound probe reached end of file
425.9039 	EXP 	window1: recordFrameIntervals = False
425.9317 	EXP 	text_2: autoDraw = True
425.9328 	EXP 	window1: recordFrameIntervals = False
427.5130 	EXP 	New trial (rep=1, index=0): None
427.5141 	EXP 	Sound probe started
427.5347 	EXP 	text_2: autoDraw = False
427.5347 	EXP 	text_2: autoDraw = False
427.7340 	EXP 	Sound probe reached end of file
427.7345 	EXP 	window1: recordFrameIntervals = False
427.7557 	EXP 	text_2: autoDraw = True
427.7570 	EXP 	window1: recordFrameIntervals = False
429.1127 	DATA 	Keypress: space
429.3430 	EXP 	New trial (rep=2, index=0): None
429.3462 	EXP 	Sound probe started
429.3661 	EXP 	text_2: autoDraw = False
429.3661 	EXP 	text_2: autoDraw = False
429.5624 	EXP 	Sound probe reached end of file
429.5645 	EXP 	window1: recordFrameIntervals = False
429.5869 	EXP 	text_2: autoDraw = True
429.5882 	EXP 	window1: recordFrameIntervals = False
430.9425 	DATA 	Keypress: space
431.1704 	EXP 	New trial (rep=3, index=0): None
431.1714 	EXP 	Sound probe started
431.1995 	EXP 	text_2: autoDraw = False
431.1995 	EXP 	text_2: autoDraw = False
431.3854 	EXP 	Sound probe reached end of file
431.3858 	EXP 	window1: recordFrameIntervals = False
431.4192 	EXP 	text_2: autoDraw = True
431.4205 	EXP 	window1: recordFrameIntervals = False
432.9925 	EXP 	New trial (rep=4, index=0): None
432.9959 	EXP 	Sound probe started
433.0180 	EXP 	text_2: autoDraw = False
433.0180 	EXP 	text_2: autoDraw = False
433.2145 	EXP 	Sound probe reached end of file
433.2167 	EXP 	window1: recordFrameIntervals = False
433.2410 	EXP 	text_2: autoDraw = True
433.2422 	EXP 	window1: recordFrameIntervals = False
434.8220 	EXP 	New trial (rep=5, index=0): None
434.8230 	EXP 	Sound probe started
434.8509 	EXP 	text_2: autoDraw = False
434.8509 	EXP 	text_2: autoDraw = False
435.0422 	EXP 	Sound probe reached end of file
435.0427 	EXP 	window1: recordFrameIntervals = False
435.0695 	EXP 	text_2: autoDraw = True
435.0707 	EXP 	window1: recordFrameIntervals = False
436.6509 	EXP 	New trial (rep=6, index=0): None
436.6539 	EXP 	Sound probe started
436.6736 	EXP 	text_2: autoDraw = False
436.6736 	EXP 	text_2: autoDraw = False
436.8623 	EXP 	Sound probe reached end of file
436.8641 	EXP 	window1: recordFrameIntervals = False
436.8926 	EXP 	text_2: autoDraw = True
436.8939 	EXP 	window1: recordFrameIntervals = False
438.4733 	EXP 	New trial (rep=7, index=0): None
438.4745 	EXP 	Sound probe started
438.4951 	EXP 	text_2: autoDraw = False
438.4951 	EXP 	text_2: autoDraw = False
438.6939 	EXP 	Sound probe reached end of file
438.6943 	EXP 	window1: recordFrameIntervals = False
438.7150 	EXP 	text_2: autoDraw = True
438.7161 	EXP 	window1: recordFrameIntervals = False
440.0721 	DATA 	Keypress: space
440.3035 	EXP 	New trial (rep=8, index=0): None
440.3064 	EXP 	Sound probe started
440.3270 	EXP 	text_2: autoDraw = False
440.3270 	EXP 	text_2: autoDraw = False
440.5223 	EXP 	Sound probe reached end of file
440.5244 	EXP 	window1: recordFrameIntervals = False
440.5469 	EXP 	text_2: autoDraw = True
440.5482 	EXP 	window1: recordFrameIntervals = False
442.1308 	EXP 	New trial (rep=19, index=0): None
444.8876 	DATA 	Keypress: space
444.9043 	EXP 	text_2: autoDraw = False
444.9043 	EXP 	text_2: autoDraw = False
444.9043 	EXP 	text: text = 'Prochaine série : \n\n RYTHME\n\nHAUTEUR \n\n\n\n Appuyez sur une touche pour démarrer.'
444.9043 	EXP 	text: autoDraw = True
445.5711 	EXP 	Created sequence: sequential, trialTypes=1, nReps=7, seed=None
445.5713 	EXP 	New trial (rep=0, index=0): None
445.5755 	EXP 	Sound probe started
445.5792 	DATA 	Keypress: space
445.6025 	EXP 	text: autoDraw = False
445.7967 	EXP 	Sound probe reached end of file
445.7971 	EXP 	window1: recordFrameIntervals = False
445.8261 	EXP 	text_2: autoDraw = True
445.8272 	EXP 	window1: recordFrameIntervals = False
446.8380 	EXP 	New trial (rep=1, index=0): None
446.8393 	EXP 	Sound probe started
446.8595 	EXP 	text_2: autoDraw = False
446.8595 	EXP 	text_2: autoDraw = False
447.0541 	EXP 	Sound probe reached end of file
447.0545 	EXP 	window1: recordFrameIntervals = False
447.0758 	EXP 	text_2: autoDraw = True
447.0770 	EXP 	window1: recordFrameIntervals = False
448.0903 	EXP 	New trial (rep=2, index=0): None
448.0924 	EXP 	Sound probe started
448.1185 	EXP 	text_2: autoDraw = False
448.1185 	EXP 	text_2: autoDraw = False
448.3105 	EXP 	Sound probe reached end of file
448.3127 	EXP 	window1: recordFrameIntervals = False
448.3398 	EXP 	text_2: autoDraw = True
448.3410 	EXP 	window1: recordFrameIntervals = False
449.1197 	DATA 	Keypress: space
449.3537 	EXP 	New trial (rep=3, index=0): None
449.3550 	EXP 	Sound probe started
449.3769 	EXP 	text_2: autoDraw = False
449.3769 	EXP 	text_2: autoDraw = False
449.5709 	EXP 	Sound probe reached end of file
449.5721 	EXP 	window1: recordFrameIntervals = False
449.6018 	EXP 	text_2: autoDraw = True
449.6056 	EXP 	window1: recordFrameIntervals = False
450.3786 	DATA 	Keypress: space
450.6065 	EXP 	New trial (rep=4, index=0): None
450.6073 	EXP 	Sound probe started
450.6358 	EXP 	text_2: autoDraw = False
450.6358 	EXP 	text_2: autoDraw = False
450.8221 	EXP 	Sound probe reached end of file
450.8225 	EXP 	window1: recordFrameIntervals = False
450.8524 	EXP 	text_2: autoDraw = True
450.8534 	EXP 	window1: recordFrameIntervals = False
451.6292 	DATA 	Keypress: space
451.8560 	EXP 	New trial (rep=5, index=0): None
451.8569 	EXP 	Sound probe started
451.8834 	EXP 	text_2: autoDraw = False
451.8834 	EXP 	text_2: autoDraw = False
452.0701 	EXP 	Sound probe reached end of file
452.0705 	EXP 	window1: recordFrameIntervals = False
452.1005 	EXP 	text_2: autoDraw = True
452.1016 	EXP 	window1: recordFrameIntervals = False
452.8778 	DATA 	Keypress: space
453.1134 	EXP 	New trial (rep=6, index=0): None
453.1146 	EXP 	Sound probe started
453.1343 	EXP 	text_2: autoDraw = False
453.1343 	EXP 	text_2: autoDraw = False
453.3301 	EXP 	Sound probe reached end of file
453.3306 	EXP 	window1: recordFrameIntervals = False
453.3502 	EXP 	text_2: autoDraw = True
453.3513 	EXP 	window1: recordFrameIntervals = False
454.1370 	DATA 	Keypress: space
454.3695 	EXP 	New trial (rep=20, index=0): None
457.5598 	EXP 	text_2: autoDraw = False
457.5598 	EXP 	text_2: autoDraw = False
457.5598 	EXP 	text: height = 0.05
457.5598 	EXP 	text: height = 0.05
457.5598 	EXP 	text: text = 'Prochaine série : \n\n RYTHME \n\n\n\n Appuyez sur une touche pour démarrer.'
457.5598 	EXP 	text: autoDraw = True
458.2420 	EXP 	Created sequence: sequential, trialTypes=1, nReps=5, seed=None
458.2421 	EXP 	New trial (rep=0, index=0): None
458.2432 	EXP 	Sound probe started
458.2439 	DATA 	Keypress: space
458.2707 	EXP 	text: autoDraw = False
458.4654 	EXP 	Sound probe reached end of file
458.4658 	EXP 	window1: recordFrameIntervals = False
458.4985 	EXP 	text_2: autoDraw = True
458.4997 	EXP 	window1: recordFrameIntervals = False
460.3872 	EXP 	New trial (rep=1, index=0): None
460.3902 	EXP 	Sound probe started
460.4137 	EXP 	text_2: autoDraw = False
460.4137 	EXP 	text_2: autoDraw = False
460.6021 	EXP 	Sound probe reached end of file
460.6025 	EXP 	window1: recordFrameIntervals = False
460.6345 	EXP 	text_2: autoDraw = True
460.6362 	EXP 	window1: recordFrameIntervals = False
462.5225 	EXP 	New trial (rep=2, index=0): None
462.5257 	EXP 	Sound probe started
462.5493 	EXP 	text_2: autoDraw = False
462.5493 	EXP 	text_2: autoDraw = False
462.7422 	EXP 	Sound probe reached end of file
462.7444 	EXP 	window1: recordFrameIntervals = False
462.7699 	EXP 	text_2: autoDraw = True
462.7711 	EXP 	window1: recordFrameIntervals = False
464.4365 	DATA 	Keypress: space
464.6677 	EXP 	New trial (rep=3, index=0): None
464.6689 	EXP 	Sound probe started
464.6900 	EXP 	text_2: autoDraw = False
464.6900 	EXP 	text_2: autoDraw = False
464.8821 	EXP 	Sound probe reached end of file
464.8831 	EXP 	window1: recordFrameIntervals = False
464.9023 	EXP 	text_2: autoDraw = True
464.9035 	EXP 	window1: recordFrameIntervals = False
466.5757 	DATA 	Keypress: space
466.5759 	DATA 	Keypress: space
466.8045 	EXP 	New trial (rep=4, index=0): None
466.8054 	EXP 	Sound probe started
466.8313 	EXP 	text_2: autoDraw = False
466.8313 	EXP 	text_2: autoDraw = False
467.0223 	EXP 	Sound probe reached end of file
467.0227 	EXP 	window1: recordFrameIntervals = False
467.0548 	EXP 	text_2: autoDraw = True
467.0560 	EXP 	window1: recordFrameIntervals = False
468.9467 	EXP 	New trial (rep=21, index=0): None
471.9221 	EXP 	text_2: autoDraw = False
471.9221 	EXP 	text_2: autoDraw = False
471.9221 	EXP 	text: height = 0.05
471.9221 	EXP 	text: height = 0.05
471.9221 	EXP 	text: text = 'Prochaine série : \n\n RYTHME\n\nHAUTEUR \n\n\n\n Appuyez sur une touche pour démarrer.'
471.9221 	EXP 	text: autoDraw = True
472.4828 	EXP 	Created sequence: sequential, trialTypes=1, nReps=10, seed=None
472.4830 	EXP 	New trial (rep=0, index=0): None
472.4842 	EXP 	Sound probe started
472.4849 	DATA 	Keypress: space
472.5160 	EXP 	text: autoDraw = False
472.7021 	EXP 	Sound probe reached end of file
472.7043 	EXP 	window1: recordFrameIntervals = False
472.7286 	EXP 	text_2: autoDraw = True
472.7300 	EXP 	window1: recordFrameIntervals = False
475.1883 	EXP 	New trial (rep=1, index=0): None
475.1921 	EXP 	Sound probe started
475.2127 	EXP 	text_2: autoDraw = False
475.2127 	EXP 	text_2: autoDraw = False
475.4101 	EXP 	Sound probe reached end of file
475.4123 	EXP 	window1: recordFrameIntervals = False
475.4343 	EXP 	text_2: autoDraw = True
475.4354 	EXP 	window1: recordFrameIntervals = False
477.8987 	EXP 	New trial (rep=2, index=0): None
477.8998 	EXP 	Sound probe started
477.9204 	EXP 	text_2: autoDraw = False
477.9204 	EXP 	text_2: autoDraw = False
478.1102 	EXP 	Sound probe stopped
478.1123 	EXP 	window1: recordFrameIntervals = False
478.1372 	EXP 	text_2: autoDraw = True
478.1392 	EXP 	window1: recordFrameIntervals = False
480.5996 	EXP 	New trial (rep=3, index=0): None
480.6010 	EXP 	Sound probe started
480.6221 	EXP 	text_2: autoDraw = False
480.6221 	EXP 	text_2: autoDraw = False
480.8182 	EXP 	Sound probe reached end of file
480.8187 	EXP 	window1: recordFrameIntervals = False
480.8397 	EXP 	text_2: autoDraw = True
480.8412 	EXP 	window1: recordFrameIntervals = False
483.3056 	EXP 	New trial (rep=4, index=0): None
483.3067 	EXP 	Sound probe started
483.3280 	EXP 	text_2: autoDraw = False
483.3280 	EXP 	text_2: autoDraw = False
483.5183 	EXP 	Sound probe reached end of file
483.5206 	EXP 	window1: recordFrameIntervals = False
483.5429 	EXP 	text_2: autoDraw = True
483.5440 	EXP 	window1: recordFrameIntervals = False
486.0066 	EXP 	New trial (rep=5, index=0): None
486.0076 	EXP 	Sound probe started
486.0281 	EXP 	text_2: autoDraw = False
486.0281 	EXP 	text_2: autoDraw = False
486.2181 	EXP 	Sound probe reached end of file
486.2200 	EXP 	window1: recordFrameIntervals = False
486.2410 	EXP 	text_2: autoDraw = True
486.2422 	EXP 	window1: recordFrameIntervals = False
488.7098 	EXP 	New trial (rep=6, index=0): None
488.7109 	EXP 	Sound probe started
488.7315 	EXP 	text_2: autoDraw = False
488.7315 	EXP 	text_2: autoDraw = False
488.9299 	EXP 	Sound probe reached end of file
488.9303 	EXP 	window1: recordFrameIntervals = False
488.9507 	EXP 	text_2: autoDraw = True
488.9518 	EXP 	window1: recordFrameIntervals = False
491.4204 	EXP 	New trial (rep=7, index=0): None
491.4214 	EXP 	Sound probe started
491.4412 	EXP 	text_2: autoDraw = False
491.4412 	EXP 	text_2: autoDraw = False
491.6303 	EXP 	Sound probe stopped
491.6309 	EXP 	window1: recordFrameIntervals = False
491.6521 	EXP 	text_2: autoDraw = True
491.6546 	EXP 	window1: recordFrameIntervals = False
494.1160 	EXP 	New trial (rep=8, index=0): None
494.1171 	EXP 	Sound probe started
494.1382 	EXP 	text_2: autoDraw = False
494.1382 	EXP 	text_2: autoDraw = False
494.3302 	EXP 	Sound probe reached end of file
494.3308 	EXP 	window1: recordFrameIntervals = False
494.3511 	EXP 	text_2: autoDraw = True
494.3523 	EXP 	window1: recordFrameIntervals = False
496.8173 	EXP 	New trial (rep=9, index=0): None
496.8185 	EXP 	Sound probe started
496.8386 	EXP 	text_2: autoDraw = False
496.8386 	EXP 	text_2: autoDraw = False
497.0303 	EXP 	Sound probe stopped
497.0328 	EXP 	window1: recordFrameIntervals = False
497.0566 	EXP 	text_2: autoDraw = True
497.0577 	EXP 	window1: recordFrameIntervals = False
499.5224 	EXP 	New trial (rep=22, index=0): None
502.3037 	EXP 	text_2: autoDraw = False
502.3037 	EXP 	text_2: autoDraw = False
502.3037 	EXP 	text: text = 'Prochaine série : \n\n RYTHME\n\nHAUTEUR \n\n\n\n Appuyez sur une touche pour démarrer.'
502.3037 	EXP 	text: autoDraw = True
503.1477 	DATA 	Keypress: space
503.1830 	EXP 	Created sequence: sequential, trialTypes=1, nReps=6, seed=None
503.1831 	EXP 	New trial (rep=0, index=0): None
503.1843 	EXP 	Sound probe started
503.2167 	EXP 	text: autoDraw = False
503.4033 	EXP 	Sound probe reached end of file
503.4037 	EXP 	window1: recordFrameIntervals = False
503.4313 	EXP 	text_2: autoDraw = True
503.4345 	EXP 	window1: recordFrameIntervals = False
506.3805 	EXP 	New trial (rep=1, index=0): None
506.3816 	EXP 	Sound probe started
506.4025 	EXP 	text_2: autoDraw = False
506.4025 	EXP 	text_2: autoDraw = False
506.5981 	EXP 	Sound probe reached end of file
506.5985 	EXP 	window1: recordFrameIntervals = False
506.6197 	EXP 	text_2: autoDraw = True
506.6208 	EXP 	window1: recordFrameIntervals = False
509.5843 	EXP 	New trial (rep=2, index=0): None
509.5854 	EXP 	Sound probe started
509.6069 	EXP 	text_2: autoDraw = False
509.6069 	EXP 	text_2: autoDraw = False
509.7983 	EXP 	Sound probe reached end of file
509.7998 	EXP 	window1: recordFrameIntervals = False
509.8211 	EXP 	text_2: autoDraw = True
509.8234 	EXP 	window1: recordFrameIntervals = False
512.7751 	EXP 	New trial (rep=3, index=0): None
512.7771 	EXP 	Sound probe started
512.8029 	EXP 	text_2: autoDraw = False
512.8029 	EXP 	text_2: autoDraw = False
512.9859 	EXP 	Sound probe reached end of file
512.9863 	EXP 	window1: recordFrameIntervals = False
513.0161 	EXP 	text_2: autoDraw = True
513.0172 	EXP 	window1: recordFrameIntervals = False
515.9600 	EXP 	New trial (rep=4, index=0): None
515.9609 	EXP 	Sound probe started
515.9885 	EXP 	text_2: autoDraw = False
515.9885 	EXP 	text_2: autoDraw = False
516.1782 	EXP 	Sound probe reached end of file
516.1788 	EXP 	window1: recordFrameIntervals = False
516.2094 	EXP 	text_2: autoDraw = True
516.2107 	EXP 	window1: recordFrameIntervals = False
519.1567 	EXP 	New trial (rep=5, index=0): None
519.1580 	EXP 	Sound probe started
519.1780 	EXP 	text_2: autoDraw = False
519.1780 	EXP 	text_2: autoDraw = False
519.3779 	EXP 	Sound probe reached end of file
519.3783 	EXP 	window1: recordFrameIntervals = False
519.3996 	EXP 	text_2: autoDraw = True
519.4007 	EXP 	window1: recordFrameIntervals = False
522.1236 	DATA 	Keypress: space
522.3592 	EXP 	New trial (rep=23, index=0): None
527.7059 	EXP 	text_2: autoDraw = False
527.7059 	EXP 	text_2: autoDraw = False
527.7059 	EXP 	text: height = 0.05
527.7059 	EXP 	text: height = 0.05
527.7059 	EXP 	text: text = 'Prochaine série : \n\n X \n\n\n\n Appuyez sur une touche pour démarrer.'
527.7059 	EXP 	text: autoDraw = True
528.4773 	EXP 	Created sequence: sequential, trialTypes=1, nReps=10, seed=None
528.4774 	EXP 	New trial (rep=0, index=0): None
528.4786 	EXP 	Sound probe started
528.4793 	DATA 	Keypress: space
528.5114 	EXP 	text: autoDraw = False
528.7050 	EXP 	Sound probe reached end of file
528.7054 	EXP 	window1: recordFrameIntervals = False
528.7379 	EXP 	text_2: autoDraw = True
528.7391 	EXP 	window1: recordFrameIntervals = False
530.5549 	EXP 	New trial (rep=1, index=0): None
530.5560 	EXP 	Sound probe started
530.5766 	EXP 	text_2: autoDraw = False
530.5766 	EXP 	text_2: autoDraw = False
530.7739 	EXP 	Sound probe reached end of file
530.7744 	EXP 	window1: recordFrameIntervals = False
530.7950 	EXP 	text_2: autoDraw = True
530.7961 	EXP 	window1: recordFrameIntervals = False
532.7360 	EXP 	New trial (rep=2, index=0): None
532.7386 	EXP 	Sound probe started
532.7586 	EXP 	text_2: autoDraw = False
532.7586 	EXP 	text_2: autoDraw = False
532.9543 	EXP 	Sound probe reached end of file
532.9550 	EXP 	window1: recordFrameIntervals = False
532.9739 	EXP 	text_2: autoDraw = True
532.9752 	EXP 	window1: recordFrameIntervals = False
535.2115 	EXP 	New trial (rep=3, index=0): None
535.2126 	EXP 	Sound probe started
535.2336 	EXP 	text_2: autoDraw = False
535.2336 	EXP 	text_2: autoDraw = False
535.4261 	EXP 	Sound probe reached end of file
535.4265 	EXP 	window1: recordFrameIntervals = False
535.4583 	EXP 	text_2: autoDraw = True
535.4597 	EXP 	window1: recordFrameIntervals = False
538.3698 	EXP 	New trial (rep=4, index=0): None
538.3725 	EXP 	Sound probe started
538.3960 	EXP 	text_2: autoDraw = False
538.3960 	EXP 	text_2: autoDraw = False
538.5861 	EXP 	Sound probe reached end of file
538.5880 	EXP 	window1: recordFrameIntervals = False
538.6164 	EXP 	text_2: autoDraw = True
538.6176 	EXP 	window1: recordFrameIntervals = False
540.1970 	EXP 	New trial (rep=5, index=0): None
540.1981 	EXP 	Sound probe started
540.2186 	EXP 	text_2: autoDraw = False
540.2186 	EXP 	text_2: autoDraw = False
540.4140 	EXP 	Sound probe reached end of file
540.4145 	EXP 	window1: recordFrameIntervals = False
540.4344 	EXP 	text_2: autoDraw = True
540.4356 	EXP 	window1: recordFrameIntervals = False
542.6707 	EXP 	New trial (rep=6, index=0): None
542.6718 	EXP 	Sound probe started
542.7001 	EXP 	text_2: autoDraw = False
542.7001 	EXP 	text_2: autoDraw = False
542.8860 	EXP 	Sound probe reached end of file
542.8864 	EXP 	window1: recordFrameIntervals = False
542.9160 	EXP 	text_2: autoDraw = True
542.9171 	EXP 	window1: recordFrameIntervals = False
545.2736 	DATA 	Keypress: space
545.5109 	EXP 	New trial (rep=7, index=0): None
545.5121 	EXP 	Sound probe started
545.5319 	EXP 	text_2: autoDraw = False
545.5319 	EXP 	text_2: autoDraw = False
545.7261 	EXP 	Sound probe reached end of file
545.7266 	EXP 	window1: recordFrameIntervals = False
545.7464 	EXP 	text_2: autoDraw = True
545.7475 	EXP 	window1: recordFrameIntervals = False
548.1434 	EXP 	New trial (rep=8, index=0): None
548.1444 	EXP 	Sound probe started
548.1659 	EXP 	text_2: autoDraw = False
548.1659 	EXP 	text_2: autoDraw = False
548.3542 	EXP 	Sound probe reached end of file
548.3564 	EXP 	window1: recordFrameIntervals = False
548.3783 	EXP 	text_2: autoDraw = True
548.3807 	EXP 	window1: recordFrameIntervals = False
550.9632 	EXP 	New trial (rep=9, index=0): None
550.9643 	EXP 	Sound probe started
550.9852 	EXP 	text_2: autoDraw = False
550.9852 	EXP 	text_2: autoDraw = False
551.1825 	EXP 	Sound probe reached end of file
551.1850 	EXP 	window1: recordFrameIntervals = False
551.2074 	EXP 	text_2: autoDraw = True
551.2086 	EXP 	window1: recordFrameIntervals = False
552.4083 	DATA 	Keypress: space
552.6459 	EXP 	New trial (rep=24, index=0): None
556.0142 	EXP 	text_2: autoDraw = False
556.0142 	EXP 	text_2: autoDraw = False
556.0142 	EXP 	text: height = 0.05
556.0142 	EXP 	text: height = 0.05
556.0142 	EXP 	text: text = 'Prochaine série : \n\n RYTHME \n\n\n\n Appuyez sur une touche pour démarrer.'
556.0142 	EXP 	text: autoDraw = True
556.7032 	EXP 	Created sequence: sequential, trialTypes=1, nReps=9, seed=None
556.7033 	EXP 	New trial (rep=0, index=0): None
556.7045 	EXP 	Sound probe started
556.7052 	DATA 	Keypress: space
556.7366 	EXP 	text: autoDraw = False
556.9223 	EXP 	Sound probe reached end of file
556.9245 	EXP 	window1: recordFrameIntervals = False
556.9473 	EXP 	text_2: autoDraw = True
556.9486 	EXP 	window1: recordFrameIntervals = False
558.3881 	EXP 	New trial (rep=1, index=0): None
558.3890 	EXP 	Sound probe started
558.4170 	EXP 	text_2: autoDraw = False
558.4170 	EXP 	text_2: autoDraw = False
558.6022 	EXP 	Sound probe reached end of file
558.6026 	EXP 	window1: recordFrameIntervals = False
558.6331 	EXP 	text_2: autoDraw = True
558.6342 	EXP 	window1: recordFrameIntervals = False
559.8360 	DATA 	Keypress: space
560.0703 	EXP 	New trial (rep=2, index=0): None
560.0714 	EXP 	Sound probe started
560.0925 	EXP 	text_2: autoDraw = False
560.0925 	EXP 	text_2: autoDraw = False
560.2820 	EXP 	Sound probe reached end of file
560.2825 	EXP 	window1: recordFrameIntervals = False
560.3104 	EXP 	text_2: autoDraw = True
560.3116 	EXP 	window1: recordFrameIntervals = False
561.7526 	EXP 	New trial (rep=3, index=0): None
561.7537 	EXP 	Sound probe started
561.7745 	EXP 	text_2: autoDraw = False
561.7745 	EXP 	text_2: autoDraw = False
561.9622 	EXP 	Sound probe reached end of file
561.9645 	EXP 	window1: recordFrameIntervals = False
561.9910 	EXP 	text_2: autoDraw = True
561.9924 	EXP 	window1: recordFrameIntervals = False
563.1974 	DATA 	Keypress: space
563.4322 	EXP 	New trial (rep=4, index=0): None
563.4361 	EXP 	Sound probe started
563.4563 	EXP 	text_2: autoDraw = False
563.4563 	EXP 	text_2: autoDraw = False
563.6541 	EXP 	Sound probe reached end of file
563.6546 	EXP 	window1: recordFrameIntervals = False
563.6745 	EXP 	text_2: autoDraw = True
563.6757 	EXP 	window1: recordFrameIntervals = False
564.8867 	DATA 	Keypress: space
565.1231 	EXP 	New trial (rep=5, index=0): None
565.1242 	EXP 	Sound probe started
565.1452 	EXP 	text_2: autoDraw = False
565.1452 	EXP 	text_2: autoDraw = False
565.3420 	EXP 	Sound probe reached end of file
565.3425 	EXP 	window1: recordFrameIntervals = False
565.3636 	EXP 	text_2: autoDraw = True
565.3648 	EXP 	window1: recordFrameIntervals = False
566.5756 	DATA 	Keypress: space
566.8112 	EXP 	New trial (rep=6, index=0): None
566.8122 	EXP 	Sound probe started
566.8330 	EXP 	text_2: autoDraw = False
566.8330 	EXP 	text_2: autoDraw = False
567.0221 	EXP 	Sound probe reached end of file
567.0226 	EXP 	window1: recordFrameIntervals = False
567.0552 	EXP 	text_2: autoDraw = True
567.0565 	EXP 	window1: recordFrameIntervals = False
568.2561 	DATA 	Keypress: space
568.4925 	EXP 	New trial (rep=7, index=0): None
568.4936 	EXP 	Sound probe started
568.5139 	EXP 	text_2: autoDraw = False
568.5139 	EXP 	text_2: autoDraw = False
568.7022 	EXP 	Sound probe reached end of file
568.7042 	EXP 	window1: recordFrameIntervals = False
568.7314 	EXP 	text_2: autoDraw = True
568.7327 	EXP 	window1: recordFrameIntervals = False
570.1696 	EXP 	New trial (rep=8, index=0): None
570.1726 	EXP 	Sound probe started
570.1971 	EXP 	text_2: autoDraw = False
570.1971 	EXP 	text_2: autoDraw = False
570.3822 	EXP 	Sound probe reached end of file
570.3826 	EXP 	window1: recordFrameIntervals = False
570.4128 	EXP 	text_2: autoDraw = True
570.4140 	EXP 	window1: recordFrameIntervals = False
571.8521 	EXP 	New trial (rep=25, index=0): None
573.5229 	EXP 	text_2: autoDraw = False
573.5229 	EXP 	text_2: autoDraw = False
573.5229 	EXP 	text: height = 0.05
573.5229 	EXP 	text: height = 0.05
573.5229 	EXP 	text: text = 'Prochaine série : \n\n HAUTEUR \n\n\n\n Appuyez sur une touche pour démarrer.'
573.5229 	EXP 	text: autoDraw = True
574.2921 	EXP 	Created sequence: sequential, trialTypes=1, nReps=9, seed=None
574.2922 	EXP 	New trial (rep=0, index=0): None
574.2934 	EXP 	Sound probe started
574.2941 	DATA 	Keypress: space
574.3257 	EXP 	text: autoDraw = False
574.5196 	EXP 	Sound probe reached end of file
574.5200 	EXP 	window1: recordFrameIntervals = False
574.5527 	EXP 	text_2: autoDraw = True
574.5539 	EXP 	window1: recordFrameIntervals = False
576.4563 	EXP 	New trial (rep=1, index=0): None
576.4574 	EXP 	Sound probe started
576.4780 	EXP 	text_2: autoDraw = False
576.4780 	EXP 	text_2: autoDraw = False
576.6703 	EXP 	Sound probe reached end of file
576.6723 	EXP 	window1: recordFrameIntervals = False
576.7001 	EXP 	text_2: autoDraw = True
576.7014 	EXP 	window1: recordFrameIntervals = False
578.0786 	EXP 	New trial (rep=2, index=0): None
578.0817 	EXP 	Sound probe started
578.1046 	EXP 	text_2: autoDraw = False
578.1046 	EXP 	text_2: autoDraw = False
578.2899 	EXP 	Sound probe reached end of file
578.2903 	EXP 	window1: recordFrameIntervals = False
578.3197 	EXP 	text_2: autoDraw = True
578.3209 	EXP 	window1: recordFrameIntervals = False
579.8590 	EXP 	New trial (rep=3, index=0): None
579.8600 	EXP 	Sound probe started
579.8809 	EXP 	text_2: autoDraw = False
579.8809 	EXP 	text_2: autoDraw = False
580.0702 	EXP 	Sound probe reached end of file
580.0706 	EXP 	window1: recordFrameIntervals = False
580.1029 	EXP 	text_2: autoDraw = True
580.1041 	EXP 	window1: recordFrameIntervals = False
581.3044 	EXP 	New trial (rep=4, index=0): None
581.3074 	EXP 	Sound probe started
581.3273 	EXP 	text_2: autoDraw = False
581.3273 	EXP 	text_2: autoDraw = False
581.5099 	EXP 	Sound probe stopped
581.5104 	EXP 	window1: recordFrameIntervals = False
581.5408 	EXP 	text_2: autoDraw = True
581.5419 	EXP 	window1: recordFrameIntervals = False
583.9954 	EXP 	New trial (rep=5, index=0): None
583.9964 	EXP 	Sound probe started
584.0172 	EXP 	text_2: autoDraw = False
584.0172 	EXP 	text_2: autoDraw = False
584.2103 	EXP 	Sound probe reached end of file
584.2121 	EXP 	window1: recordFrameIntervals = False
584.2407 	EXP 	text_2: autoDraw = True
584.2419 	EXP 	window1: recordFrameIntervals = False
586.7885 	DATA 	Keypress: space
586.7887 	DATA 	Keypress: space
587.0264 	EXP 	New trial (rep=6, index=0): None
587.0300 	EXP 	Sound probe started
587.0511 	EXP 	text_2: autoDraw = False
587.0511 	EXP 	text_2: autoDraw = False
587.2221 	EXP 	Sound probe stopped
587.2227 	EXP 	window1: recordFrameIntervals = False
587.2451 	EXP 	text_2: autoDraw = True
587.2463 	EXP 	window1: recordFrameIntervals = False
589.1802 	DATA 	Keypress: space
589.4166 	EXP 	New trial (rep=7, index=0): None
589.4177 	EXP 	Sound probe started
589.4385 	EXP 	text_2: autoDraw = False
589.4385 	EXP 	text_2: autoDraw = False
589.6301 	EXP 	Sound probe reached end of file
589.6312 	EXP 	window1: recordFrameIntervals = False
589.6504 	EXP 	text_2: autoDraw = True
589.6516 	EXP 	window1: recordFrameIntervals = False
592.2353 	EXP 	New trial (rep=8, index=0): None
592.2365 	EXP 	Sound probe started
592.2568 	EXP 	text_2: autoDraw = False
592.2568 	EXP 	text_2: autoDraw = False
592.4501 	EXP 	Sound probe reached end of file
592.4521 	EXP 	window1: recordFrameIntervals = False
592.4747 	EXP 	text_2: autoDraw = True
592.4766 	EXP 	window1: recordFrameIntervals = False
594.0076 	DATA 	Keypress: space
594.2467 	EXP 	New trial (rep=26, index=0): None
596.6064 	DATA 	Keypress: space
596.6230 	EXP 	text_2: autoDraw = False
596.6230 	EXP 	text_2: autoDraw = False
596.6230 	EXP 	text: text = 'Prochaine série : \n\n HAUTEUR \n\n\n\n Appuyez sur une touche pour démarrer.'
596.6230 	EXP 	text: autoDraw = True
597.2869 	EXP 	Created sequence: sequential, trialTypes=1, nReps=8, seed=None
597.2871 	EXP 	New trial (rep=0, index=0): None
597.2884 	EXP 	Sound probe started
597.2891 	DATA 	Keypress: space
597.3176 	EXP 	text: autoDraw = False
597.5114 	EXP 	Sound probe reached end of file
597.5118 	EXP 	window1: recordFrameIntervals = False
597.5452 	EXP 	text_2: autoDraw = True
597.5464 	EXP 	window1: recordFrameIntervals = False
600.2001 	EXP 	New trial (rep=1, index=0): None
600.2012 	EXP 	Sound probe started
600.2219 	EXP 	text_2: autoDraw = False
600.2219 	EXP 	text_2: autoDraw = False
600.4180 	EXP 	Sound probe reached end of file
600.4185 	EXP 	window1: recordFrameIntervals = False
600.4391 	EXP 	text_2: autoDraw = True
600.4402 	EXP 	window1: recordFrameIntervals = False
602.3580 	EXP 	New trial (rep=2, index=0): None
602.3615 	EXP 	Sound probe started
602.3817 	EXP 	text_2: autoDraw = False
602.3817 	EXP 	text_2: autoDraw = False
602.5782 	EXP 	Sound probe reached end of file
602.5804 	EXP 	window1: recordFrameIntervals = False
602.6019 	EXP 	text_2: autoDraw = True
602.6039 	EXP 	window1: recordFrameIntervals = False
604.7555 	DATA 	Keypress: space
604.9882 	EXP 	New trial (rep=3, index=0): None
604.9894 	EXP 	Sound probe started
605.0161 	EXP 	text_2: autoDraw = False
605.0161 	EXP 	text_2: autoDraw = False
605.1980 	EXP 	Sound probe reached end of file
605.1983 	EXP 	window1: recordFrameIntervals = False
605.2279 	EXP 	text_2: autoDraw = True
605.2290 	EXP 	window1: recordFrameIntervals = False
606.2339 	DATA 	Keypress: space
606.4706 	EXP 	New trial (rep=4, index=0): None
606.4717 	EXP 	Sound probe started
606.4929 	EXP 	text_2: autoDraw = False
606.4929 	EXP 	text_2: autoDraw = False
606.6898 	EXP 	Sound probe reached end of file
606.6902 	EXP 	window1: recordFrameIntervals = False
606.7170 	EXP 	text_2: autoDraw = True
606.7182 	EXP 	window1: recordFrameIntervals = False
607.7578 	DATA 	Keypress: space
607.9994 	EXP 	New trial (rep=5, index=0): None
608.0004 	EXP 	Sound probe started
608.0187 	EXP 	text_2: autoDraw = False
608.0187 	EXP 	text_2: autoDraw = False
608.2101 	EXP 	Sound probe stopped
608.2119 	EXP 	window1: recordFrameIntervals = False
608.2401 	EXP 	text_2: autoDraw = True
608.2414 	EXP 	window1: recordFrameIntervals = False
609.8066 	EXP 	New trial (rep=6, index=0): None
609.8077 	EXP 	Sound probe started
609.8292 	EXP 	text_2: autoDraw = False
609.8292 	EXP 	text_2: autoDraw = False
610.0181 	EXP 	Sound probe reached end of file
610.0186 	EXP 	window1: recordFrameIntervals = False
610.0465 	EXP 	text_2: autoDraw = True
610.0477 	EXP 	window1: recordFrameIntervals = False
612.4767 	DATA 	Keypress: space
612.7139 	EXP 	New trial (rep=7, index=0): None
612.7151 	EXP 	Sound probe started
612.7349 	EXP 	text_2: autoDraw = False
612.7349 	EXP 	text_2: autoDraw = False
612.9299 	EXP 	Sound probe reached end of file
612.9304 	EXP 	window1: recordFrameIntervals = False
612.9506 	EXP 	text_2: autoDraw = True
612.9517 	EXP 	window1: recordFrameIntervals = False
615.6956 	DATA 	Keypress: space
615.9346 	EXP 	New trial (rep=27, index=0): None
618.3010 	EXP 	text_2: autoDraw = False
618.3010 	EXP 	text_2: autoDraw = False
618.3010 	EXP 	text: text = 'Prochaine série : \n\n HAUTEUR \n\n\n\n Appuyez sur une touche pour démarrer.'
618.3010 	EXP 	text: autoDraw = True
618.9718 	EXP 	Created sequence: sequential, trialTypes=1, nReps=10, seed=None
618.9720 	EXP 	New trial (rep=0, index=0): None
618.9732 	EXP 	Sound probe started
618.9739 	DATA 	Keypress: space
619.0065 	EXP 	text: autoDraw = False
619.2011 	EXP 	Sound probe reached end of file
619.2016 	EXP 	window1: recordFrameIntervals = False
619.2345 	EXP 	text_2: autoDraw = True
619.2357 	EXP 	window1: recordFrameIntervals = False
620.5840 	EXP 	New trial (rep=1, index=0): None
620.5851 	EXP 	Sound probe started
620.6062 	EXP 	text_2: autoDraw = False
620.6062 	EXP 	text_2: autoDraw = False
620.7980 	EXP 	Sound probe reached end of file
620.8001 	EXP 	window1: recordFrameIntervals = False
620.8216 	EXP 	text_2: autoDraw = True
620.8238 	EXP 	window1: recordFrameIntervals = False
621.6658 	DATA 	Keypress: space
621.9031 	EXP 	New trial (rep=2, index=0): None
621.9042 	EXP 	Sound probe started
621.9252 	EXP 	text_2: autoDraw = False
621.9252 	EXP 	text_2: autoDraw = False
622.1183 	EXP 	Sound probe reached end of file
622.1205 	EXP 	window1: recordFrameIntervals = False
622.1489 	EXP 	text_2: autoDraw = True
622.1501 	EXP 	window1: recordFrameIntervals = False
623.1277 	DATA 	Keypress: space
623.3643 	EXP 	New trial (rep=3, index=0): None
623.3672 	EXP 	Sound probe started
623.3870 	EXP 	text_2: autoDraw = False
623.3870 	EXP 	text_2: autoDraw = False
623.5783 	EXP 	Sound probe reached end of file
623.5806 	EXP 	window1: recordFrameIntervals = False
623.6061 	EXP 	text_2: autoDraw = True
623.6075 	EXP 	window1: recordFrameIntervals = False
625.8956 	DATA 	Keypress: space
626.1306 	EXP 	New trial (rep=4, index=0): None
626.1338 	EXP 	Sound probe started
626.1551 	EXP 	text_2: autoDraw = False
626.1551 	EXP 	text_2: autoDraw = False
626.3465 	EXP 	Sound probe reached end of file
626.3485 	EXP 	window1: recordFrameIntervals = False
626.3759 	EXP 	text_2: autoDraw = True
626.3771 	EXP 	window1: recordFrameIntervals = False
627.3976 	EXP 	New trial (rep=5, index=0): None
627.3988 	EXP 	Sound probe started
627.4183 	EXP 	text_2: autoDraw = False
627.4183 	EXP 	text_2: autoDraw = False
627.6061 	EXP 	Sound probe stopped
627.6073 	EXP 	window1: recordFrameIntervals = False
627.6288 	EXP 	text_2: autoDraw = True
627.6311 	EXP 	window1: recordFrameIntervals = False
629.4187 	EXP 	New trial (rep=6, index=0): None
629.4223 	EXP 	Sound probe started
629.4428 	EXP 	text_2: autoDraw = False
629.4428 	EXP 	text_2: autoDraw = False
629.6381 	EXP 	Sound probe reached end of file
629.6404 	EXP 	window1: recordFrameIntervals = False
629.6631 	EXP 	text_2: autoDraw = True
629.6644 	EXP 	window1: recordFrameIntervals = False
631.7274 	EXP 	New trial (rep=7, index=0): None
631.7285 	EXP 	Sound probe started
631.7497 	EXP 	text_2: autoDraw = False
631.7497 	EXP 	text_2: autoDraw = False
631.9462 	EXP 	Sound probe reached end of file
631.9466 	EXP 	window1: recordFrameIntervals = False
631.9676 	EXP 	text_2: autoDraw = True
631.9687 	EXP 	window1: recordFrameIntervals = False
633.0918 	EXP 	New trial (rep=8, index=0): None
633.0932 	EXP 	Sound probe started
633.1116 	EXP 	text_2: autoDraw = False
633.1116 	EXP 	text_2: autoDraw = False
633.3061 	EXP 	Sound probe reached end of file
633.3066 	EXP 	window1: recordFrameIntervals = False
633.3299 	EXP 	text_2: autoDraw = True
633.3313 	EXP 	window1: recordFrameIntervals = False
635.0669 	EXP 	New trial (rep=9, index=0): None
635.0680 	EXP 	Sound probe started
635.0888 	EXP 	text_2: autoDraw = False
635.0888 	EXP 	text_2: autoDraw = False
635.2861 	EXP 	Sound probe reached end of file
635.2865 	EXP 	window1: recordFrameIntervals = False
635.3067 	EXP 	text_2: autoDraw = True
635.3077 	EXP 	window1: recordFrameIntervals = False
636.0971 	DATA 	Keypress: space
636.3567 	EXP 	text_2: autoDraw = False
636.3567 	EXP 	text_2: autoDraw = False
636.3567 	EXP 	blank_text: autoDraw = True
637.3818 	EXP 	blank_text: autoDraw = False
637.3818 	EXP 	end_txt: autoDraw = True
638.0569 	DATA 	Keypress: space
638.0882 	EXP 	end_txt: autoDraw = False
638.2131 	EXP 	window1: mouseVisible = True
