18.6359 	WARNING 	User requested fullscreen with size [2560 1440], but screen is actually [3840, 2160]. Using actual size
21.8180 	WARNING 	Couldn't measure a consistent frame rate!
  - Is your graphics card set to sync to vertical blank?
  - Are you running other processes on your computer?

21.8186 	EXP 	Created window1 = Window(allowGUI=False, allowStencil=False, autoLog=True, backendConf=UNKNOWN, bitsMode=UNKNOWN, blendMode='avg', bpc=(8, 8, 8), color=array([0, 0, 0]), colorSpace='rgb', depthBits=8, fullscr=<method-wrapper '__getattribute__' of attributeSetter object at 0x000002729A396B20>, gamma=None, gammaErrorPolicy='raise', lms=UNKNOWN, monitor=<psychopy.monitors.calibTools.Monitor object at 0x000002729C045160>, multiSample=False, name='window1', numSamples=2, pos=(0, 0), screen=0, size=array([3840, 2160]), stencilBits=0, stereo=False, units='height', useFBO=True, useRetina=False, viewOri=0.0, viewPos=None, viewScale=None, waitBlanking=True, winType='pyglet')
21.8191 	EXP 	window1: mouseVisible = True
21.8192 	EXP 	window1: Attempting to measure frame rate of screen (0) ...
21.8192 	EXP 	window1: recordFrameIntervals = False
22.0411 	EXP 	window1: recordFrameIntervals = True
22.0801 	WARNING 	t of last frame was 28.65ms (=1/34)
22.1114 	WARNING 	t of last frame was 31.37ms (=1/31)
22.1464 	WARNING 	t of last frame was 25.46ms (=1/39)
22.1780 	WARNING 	t of last frame was 31.63ms (=1/31)
22.2181 	WARNING 	Multiple dropped frames have occurred - I'll stop bothering you about them!
23.9855 	WARNING 	Couldn't measure a consistent frame rate!
  - Is your graphics card set to sync to vertical blank?
  - Are you running other processes on your computer?

27.3429 	EXP 	Created text = TextStim(__class__=<class 'psychopy.visual.text.TextStim'>, alignHoriz=method-wrapper(...), alignText='center', alignVert=method-wrapper(...), anchorHoriz='center', anchorVert='center', antialias=True, autoLog=True, bold=False, color=array([1., 1., 1.]), colorSpace='rgb', contrast=1.0, depth=-3.0, flipHoriz=False, flipVert=False, font='Open Sans', fontFiles=[], height=0.05, italic=False, languageStyle='LTR', name='text', opacity=1, ori=0.0, pos=array([0., 0.]), rgb=UNKNOWN, text=str(...), units='height', win=Window(...), wrapWidth=1)
27.3446 	EXP 	Created blank_txt = TextStim(__class__=<class 'psychopy.visual.text.TextStim'>, alignHoriz=method-wrapper(...), alignText='center', alignVert=method-wrapper(...), anchorHoriz='center', anchorVert='center', antialias=True, autoLog=True, bold=False, color=array([1., 1., 1.]), colorSpace='rgb', contrast=1.0, depth=0.0, flipHoriz=False, flipVert=False, font='Open Sans', fontFiles=[], height=0.1, italic=False, languageStyle='LTR', name='blank_txt', opacity=1, ori=0.0, pos=array([0., 0.]), rgb=UNKNOWN, text='', units='height', win=Window(...), wrapWidth=1)
27.3984 	EXP 	Sound tProbe set volume 1.000
27.3997 	EXP 	Created you_done_goofed = TextStim(__class__=<class 'psychopy.visual.text.TextStim'>, alignHoriz=method-wrapper(...), alignText='center', alignVert=method-wrapper(...), anchorHoriz='center', anchorVert='center', antialias=True, autoLog=True, bold=False, color=array([1., 1., 1.]), colorSpace='rgb', contrast=1.0, depth=-1.0, flipHoriz=False, flipVert=False, font='Open Sans', fontFiles=[], height=0.05, italic=False, languageStyle='LTR', name='you_done_goofed', opacity=1, ori=0.0, pos=array([0., 0.]), rgb=UNKNOWN, text='', units='height', win=Window(...), wrapWidth=1)
27.7074 	EXP 	Created text_2 = TextStim(__class__=<class 'psychopy.visual.text.TextStim'>, alignHoriz=method-wrapper(...), alignText='center', alignVert=method-wrapper(...), anchorHoriz='center', anchorVert='center', antialias=True, autoLog=True, bold=False, color=array([1., 1., 1.]), colorSpace='rgb', contrast=1.0, depth=-2.0, flipHoriz=False, flipVert=False, font='Open Sans', fontFiles=[], height=0.05, italic=False, languageStyle='LTR', name='text_2', opacity=1, ori=0.0, pos=array([0., 0.]), rgb=UNKNOWN, text='', units='height', win=Window(...), wrapWidth=1)
27.7087 	EXP 	Created blank_txt = TextStim(__class__=<class 'psychopy.visual.text.TextStim'>, alignHoriz=method-wrapper(...), alignText='center', alignVert=method-wrapper(...), anchorHoriz='center', anchorVert='center', antialias=True, autoLog=True, bold=False, color=array([1., 1., 1.]), colorSpace='rgb', contrast=1.0, depth=0.0, flipHoriz=False, flipVert=False, font='Open Sans', fontFiles=[], height=0.1, italic=False, languageStyle='LTR', name='blank_txt', opacity=1, ori=0.0, pos=array([0., 0.]), rgb=UNKNOWN, text='', units='height', win=Window(...), wrapWidth=1)
27.7282 	EXP 	Sound probe set volume 1.000
27.7406 	EXP 	Created goodbye_text = TextStim(__class__=<class 'psychopy.visual.text.TextStim'>, alignHoriz=method-wrapper(...), alignText='center', alignVert=method-wrapper(...), anchorHoriz='center', anchorVert='center', antialias=True, autoLog=True, bold=False, color=array([1., 1., 1.]), colorSpace='rgb', contrast=1.0, depth=0.0, flipHoriz=False, flipVert=False, font='Open Sans', fontFiles=[], height=0.05, italic=False, languageStyle='LTR', name='goodbye_text', opacity=1, ori=0.0, pos=array([0., 0.]), rgb=UNKNOWN, text=str(...), units='height', win=Window(...), wrapWidth=1)
27.7437 	EXP 	Created fixation_cross = ShapeStim(__class__=<class 'psychopy.visual.shape.ShapeStim'>, anchor=('center', 'center'), autoDraw=False, autoLog=True, closeShape=True, color=method-wrapper(...), colorSpace='rgb', contrast=None, depth=-3.0, fillColor=array([1, 1, 1]), fillColorSpace='rgb', fillRGB=array([1, 1, 1]), interpolate=True, lineColor=array([1., 1., 1.]), lineColorSpace='rgb', lineRGB=array([1, 1, 1]), lineWidth=1.0, name='fixation_cross', opacity=1, ori=0.0, pos=array([0., 0.]), size=array([0.15, 0.15]), units='height', vertices=ndarray(...), win=Window(...), windingRule=None)
27.7604 	EXP 	text: autoDraw = True
34.6857 	DATA 	Keypress: space
34.7010 	EXP 	text: autoDraw = False
34.7010 	EXP 	blank_txt: autoDraw = True
35.6802 	EXP 	Created sequence: random, trialTypes=1, nReps=3, seed=None
35.6808 	EXP 	New trial (rep=0, index=0): None
35.6941 	EXP 	blank_txt: autoDraw = False
36.6977 	EXP 	Sound tProbe started
36.9070 	EXP 	Sound tProbe reached end of file
36.9701 	DATA 	Keypress: space
38.7563 	EXP 	you_done_goofed: height = 0.05
38.7563 	EXP 	you_done_goofed: height = 0.05
38.7563 	EXP 	you_done_goofed: text = "C'est très bien! \n            \n\nAppuyez sur n'importe quelle touche pour poursuivre."
38.7563 	EXP 	you_done_goofed: autoDraw = True
44.5251 	EXP 	New trial (rep=1, index=0): None
44.5324 	DATA 	Keypress: space
44.5427 	EXP 	you_done_goofed: autoDraw = False
45.5338 	EXP 	Sound tProbe started
45.7470 	EXP 	Sound tProbe reached end of file
45.8798 	DATA 	Keypress: space
47.5723 	EXP 	you_done_goofed: text = "C'est très bien! \n            \n\nAppuyez sur n'importe quelle touche pour poursuivre."
47.5723 	EXP 	you_done_goofed: autoDraw = True
48.5475 	DATA 	Keypress: space
48.5705 	EXP 	New trial (rep=2, index=0): None
48.5810 	EXP 	you_done_goofed: autoDraw = False
49.5781 	EXP 	Sound tProbe started
49.7871 	EXP 	Sound tProbe reached end of file
49.8499 	DATA 	Keypress: space
51.6148 	EXP 	you_done_goofed: text = "C'est très bien! \n            \n\nAppuyez sur n'importe quelle touche pour poursuivre."
51.6148 	EXP 	you_done_goofed: autoDraw = True
52.4430 	EXP 	Created fixation_cross = ShapeStim(__class__=<class 'psychopy.visual.shape.ShapeStim'>, anchor=('center', 'center'), autoDraw=False, autoLog=True, closeShape=True, color=method-wrapper(...), colorSpace='rgb', contrast=None, depth=-3.0, fillColor=array([1, 1, 1]), fillColorSpace='rgb', fillRGB=array([1, 1, 1]), interpolate=True, lineColor=array([1., 1., 1.]), lineColorSpace='rgb', lineRGB=array([1, 1, 1]), lineWidth=1.0, name='fixation_cross', opacity=1, ori=0.0, pos=array([0., 0.]), size=array([0.15, 0.15]), units='height', vertices=ndarray(...), win=Window(...), windingRule=None)
52.4650 	DATA 	Keypress: space
52.4755 	EXP 	you_done_goofed: autoDraw = False
52.4755 	EXP 	text_2: height = 0.05
52.4755 	EXP 	text_2: height = 0.05
52.4755 	EXP 	text_2: text = "Appuyez sur la barre d'espace dès que vous entendez un son. \n\n Les réponses enregistrées plus d'une seconde après le son ne seront pas comptabilisées. \n\n\n Appuyez sur n'importe quelle touche pour démarrer."
52.4755 	EXP 	text_2: autoDraw = True
56.0519 	DATA 	Keypress: space
56.0716 	EXP 	text_2: autoDraw = False
56.0716 	EXP 	blank_txt: autoDraw = True
57.0579 	EXP 	Created sequence: random, trialTypes=1, nReps=999, seed=None
57.0603 	EXP 	New trial (rep=0, index=0): None
57.1390 	EXP 	Sound probe started
57.1471 	EXP 	blank_txt: autoDraw = False
57.3551 	EXP 	Sound probe reached end of file
57.3797 	DATA 	Keypress: space
59.9749 	EXP 	New trial (rep=1, index=0): None
60.3350 	EXP 	Sound probe started
60.5552 	EXP 	Sound probe reached end of file
60.5563 	DATA 	Keypress: space
62.5713 	EXP 	New trial (rep=2, index=0): None
62.6400 	EXP 	Sound probe started
62.8577 	EXP 	Sound probe reached end of file
62.8920 	DATA 	Keypress: space
65.1237 	EXP 	New trial (rep=3, index=0): None
65.1255 	EXP 	Sound probe started
65.3351 	EXP 	Sound probe reached end of file
65.6852 	DATA 	Keypress: space
68.2915 	EXP 	New trial (rep=4, index=0): None
68.3633 	EXP 	Sound probe started
68.5751 	EXP 	Sound probe reached end of file
71.6488 	EXP 	New trial (rep=5, index=0): None
71.7199 	EXP 	Sound probe started
71.9352 	EXP 	Sound probe reached end of file
72.1363 	DATA 	Keypress: space
74.5579 	EXP 	New trial (rep=6, index=0): None
74.6260 	EXP 	Sound probe started
74.8348 	EXP 	Sound probe reached end of file
77.0205 	EXP 	New trial (rep=7, index=0): None
77.0256 	EXP 	Sound probe started
77.2394 	EXP 	Sound probe reached end of file
79.5299 	EXP 	New trial (rep=8, index=0): None
79.6043 	EXP 	Sound probe started
79.8234 	EXP 	Sound probe reached end of file
79.9501 	DATA 	Keypress: space
83.0269 	EXP 	New trial (rep=9, index=0): None
83.1005 	EXP 	Sound probe started
83.3151 	EXP 	Sound probe reached end of file
85.5609 	EXP 	New trial (rep=10, index=0): None
85.6361 	EXP 	Sound probe started
85.8431 	EXP 	Sound probe stopped
85.9505 	DATA 	Keypress: space
88.8805 	EXP 	New trial (rep=11, index=0): None
88.8822 	EXP 	Sound probe started
89.0950 	EXP 	Sound probe reached end of file
92.8339 	EXP 	New trial (rep=12, index=0): None
92.9069 	EXP 	Sound probe started
93.1230 	EXP 	Sound probe reached end of file
95.9747 	EXP 	New trial (rep=13, index=0): None
96.0580 	EXP 	Sound probe started
96.2751 	EXP 	Sound probe reached end of file
96.3153 	DATA 	Keypress: space
99.9586 	EXP 	New trial (rep=14, index=0): None
100.0293 	EXP 	Sound probe started
100.2431 	EXP 	Sound probe reached end of file
100.7431 	DATA 	Keypress: space
103.5830 	EXP 	New trial (rep=15, index=0): None
103.5890 	EXP 	Sound probe started
103.8035 	EXP 	Sound probe reached end of file
107.5013 	EXP 	New trial (rep=16, index=0): None
107.5809 	EXP 	Sound probe started
107.7911 	EXP 	Sound probe reached end of file
110.9885 	EXP 	New trial (rep=17, index=0): None
111.0628 	EXP 	Sound probe started
111.2711 	EXP 	Sound probe stopped
111.3374 	DATA 	Keypress: space
114.7328 	EXP 	New trial (rep=18, index=0): None
114.8045 	EXP 	Sound probe started
115.0231 	EXP 	Sound probe reached end of file
116.9962 	EXP 	New trial (rep=19, index=0): None
116.9979 	EXP 	Sound probe started
117.2108 	EXP 	Sound probe reached end of file
120.7665 	EXP 	New trial (rep=20, index=0): None
120.8413 	EXP 	Sound probe started
121.0507 	EXP 	Sound probe reached end of file
123.9081 	EXP 	New trial (rep=21, index=0): None
123.9805 	EXP 	Sound probe started
124.1908 	EXP 	Sound probe reached end of file
124.3185 	DATA 	Keypress: space
126.8388 	EXP 	New trial (rep=22, index=0): None
126.9393 	EXP 	Sound probe started
127.1431 	EXP 	Sound probe stopped
127.9600 	DATA 	Keypress: space
130.4997 	EXP 	New trial (rep=23, index=0): None
130.5746 	EXP 	Sound probe started
130.7910 	EXP 	Sound probe reached end of file
130.8590 	DATA 	Keypress: space
133.7818 	EXP 	New trial (rep=24, index=0): None
133.8591 	EXP 	Sound probe started
134.0591 	EXP 	Sound probe stopped
134.2285 	DATA 	Keypress: space
136.8430 	EXP 	New trial (rep=25, index=0): None
136.8446 	EXP 	Sound probe started
137.0591 	EXP 	Sound probe reached end of file
139.9748 	EXP 	New trial (rep=26, index=0): None
140.0524 	EXP 	Sound probe started
140.2592 	EXP 	Sound probe stopped
142.2788 	EXP 	New trial (rep=27, index=0): None
142.3495 	EXP 	Sound probe started
142.5610 	EXP 	Sound probe reached end of file
142.7615 	DATA 	Keypress: space
144.6483 	EXP 	New trial (rep=28, index=0): None
144.7242 	EXP 	Sound probe started
144.9311 	EXP 	Sound probe stopped
147.8264 	EXP 	New trial (rep=29, index=0): None
147.8277 	EXP 	Sound probe started
148.0309 	EXP 	Sound probe stopped
150.7615 	EXP 	New trial (rep=30, index=0): None
150.8343 	EXP 	Sound probe started
151.0510 	EXP 	Sound probe reached end of file
153.3550 	EXP 	New trial (rep=31, index=0): None
153.4239 	EXP 	Sound probe started
153.6388 	EXP 	Sound probe reached end of file
153.7416 	DATA 	Keypress: space
156.4058 	EXP 	New trial (rep=32, index=0): None
158.4684 	EXP 	Sound probe started
158.6671 	EXP 	Sound probe stopped
160.6066 	EXP 	New trial (rep=33, index=0): None
160.6077 	EXP 	Sound probe started
160.8270 	EXP 	Sound probe reached end of file
163.7094 	EXP 	New trial (rep=34, index=0): None
165.5398 	EXP 	Sound probe started
165.7467 	EXP 	Sound probe stopped
168.0219 	EXP 	New trial (rep=35, index=0): None
169.6388 	EXP 	Sound probe started
169.8683 	EXP 	Sound probe reached end of file
170.0425 	DATA 	Keypress: space
172.3902 	EXP 	New trial (rep=36, index=0): None
174.3052 	EXP 	Sound probe started
174.5192 	EXP 	Sound probe reached end of file
174.8314 	DATA 	Keypress: space
177.7211 	EXP 	New trial (rep=37, index=0): None
179.8233 	EXP 	Sound probe started
180.0270 	EXP 	Sound probe stopped
182.7642 	EXP 	New trial (rep=38, index=0): None
182.7651 	EXP 	Sound probe started
182.9668 	EXP 	Sound probe stopped
186.0752 	EXP 	New trial (rep=39, index=0): None
188.0715 	EXP 	Sound probe started
188.2870 	EXP 	Sound probe reached end of file
190.9332 	EXP 	New trial (rep=40, index=0): None
192.9503 	EXP 	Sound probe started
193.1670 	EXP 	Sound probe reached end of file
193.3607 	DATA 	Keypress: space
195.3851 	EXP 	New trial (rep=41, index=0): None
196.6110 	EXP 	Sound probe started
196.8150 	EXP 	Sound probe stopped
199.1155 	EXP 	New trial (rep=42, index=0): None
200.4761 	EXP 	Sound probe started
200.6951 	EXP 	Sound probe reached end of file
204.1279 	EXP 	New trial (rep=43, index=0): None
204.1291 	EXP 	Sound probe started
204.3469 	EXP 	Sound probe reached end of file
206.9286 	EXP 	New trial (rep=44, index=0): None
208.4577 	EXP 	Sound probe started
208.6749 	EXP 	Sound probe reached end of file
208.7822 	DATA 	Keypress: space
210.5550 	EXP 	New trial (rep=45, index=0): None
211.8244 	EXP 	Sound probe started
212.0429 	EXP 	Sound probe reached end of file
212.1719 	DATA 	Keypress: space
215.2354 	EXP 	New trial (rep=46, index=0): None
216.5260 	EXP 	Sound probe started
216.7431 	EXP 	Sound probe reached end of file
220.1896 	EXP 	New trial (rep=47, index=0): None
221.5721 	EXP 	Sound probe started
221.7748 	EXP 	Sound probe stopped
225.5753 	EXP 	New trial (rep=48, index=0): None
226.9324 	EXP 	Sound probe started
227.1428 	EXP 	Sound probe reached end of file
227.7891 	DATA 	Keypress: space
230.2558 	EXP 	New trial (rep=49, index=0): None
230.2605 	EXP 	Sound probe started
230.4750 	EXP 	Sound probe reached end of file
234.1238 	EXP 	New trial (rep=50, index=0): None
235.9491 	EXP 	Sound probe started
236.1631 	EXP 	Sound probe reached end of file
236.4076 	DATA 	Keypress: space
239.0248 	EXP 	New trial (rep=51, index=0): None
240.4242 	EXP 	Sound probe started
240.6426 	EXP 	Sound probe reached end of file
240.8401 	DATA 	Keypress: space
243.7905 	EXP 	New trial (rep=52, index=0): None
245.2593 	EXP 	Sound probe started
245.4708 	EXP 	Sound probe reached end of file
245.6122 	DATA 	Keypress: space
247.3950 	EXP 	New trial (rep=53, index=0): None
248.8109 	EXP 	Sound probe started
249.0230 	EXP 	Sound probe stopped
251.3725 	EXP 	New trial (rep=54, index=0): None
251.3743 	EXP 	Sound probe started
251.5911 	EXP 	Sound probe reached end of file
253.4751 	EXP 	New trial (rep=55, index=0): None
254.9274 	EXP 	Sound probe started
255.1427 	EXP 	Sound probe reached end of file
255.2532 	DATA 	Keypress: space
257.9471 	EXP 	New trial (rep=56, index=0): None
259.4752 	EXP 	Sound probe started
259.6907 	EXP 	Sound probe reached end of file
262.3012 	EXP 	New trial (rep=57, index=0): None
264.1199 	EXP 	Sound probe started
264.3391 	EXP 	Sound probe reached end of file
264.5206 	DATA 	Keypress: space
268.1510 	EXP 	New trial (rep=58, index=0): None
269.7305 	EXP 	Sound probe started
269.9389 	EXP 	Sound probe reached end of file
270.1349 	DATA 	Keypress: space
272.3264 	EXP 	New trial (rep=59, index=0): None
272.3301 	EXP 	Sound probe started
272.5389 	EXP 	Sound probe reached end of file
275.8720 	EXP 	New trial (rep=60, index=0): None
277.4625 	EXP 	Sound probe started
277.4632 	DATA 	Keypress: space
277.6786 	EXP 	Sound probe reached end of file
279.6564 	EXP 	New trial (rep=61, index=0): None
281.2921 	EXP 	Sound probe started
281.4989 	EXP 	Sound probe stopped
281.8104 	DATA 	Keypress: space
284.3572 	EXP 	New trial (rep=62, index=0): None
285.9957 	EXP 	Sound probe started
286.2069 	EXP 	Sound probe reached end of file
286.5132 	DATA 	Keypress: space
288.7984 	EXP 	New trial (rep=63, index=0): None
290.3550 	EXP 	Sound probe started
290.5667 	EXP 	Sound probe reached end of file
294.1733 	EXP 	New trial (rep=64, index=0): None
297.2921 	EXP 	Sound probe started
297.5067 	EXP 	Sound probe reached end of file
297.7681 	DATA 	Keypress: space
299.7440 	EXP 	New trial (rep=65, index=0): None
299.7479 	EXP 	Sound probe started
299.9667 	EXP 	Sound probe reached end of file
302.1429 	EXP 	New trial (rep=66, index=0): None
303.8436 	EXP 	Sound probe started
304.0588 	EXP 	Sound probe reached end of file
306.3216 	EXP 	New trial (rep=67, index=0): None
308.0670 	EXP 	Sound probe started
308.2787 	EXP 	Sound probe stopped
308.4353 	DATA 	Keypress: space
311.6706 	EXP 	New trial (rep=68, index=0): None
313.4193 	EXP 	Sound probe started
313.6348 	EXP 	Sound probe reached end of file
315.6278 	EXP 	New trial (rep=69, index=0): None
317.4697 	EXP 	Sound probe started
317.6866 	EXP 	Sound probe reached end of file
317.8489 	DATA 	Keypress: space
319.5237 	EXP 	New trial (rep=70, index=0): None
321.3186 	EXP 	Sound probe started
321.5352 	EXP 	Sound probe reached end of file
324.0386 	EXP 	New trial (rep=71, index=0): None
324.0417 	EXP 	Sound probe started
324.2548 	EXP 	Sound probe reached end of file
326.7508 	EXP 	New trial (rep=72, index=0): None
328.6186 	EXP 	Sound probe started
328.8348 	EXP 	Sound probe reached end of file
332.1169 	EXP 	New trial (rep=73, index=0): None
333.9781 	EXP 	Sound probe started
334.1867 	EXP 	Sound probe stopped
334.4227 	DATA 	Keypress: space
337.5751 	EXP 	New trial (rep=74, index=0): None
339.6527 	EXP 	Sound probe started
339.8649 	EXP 	Sound probe reached end of file
343.1236 	EXP 	New trial (rep=75, index=0): None
344.9504 	EXP 	Sound probe started
345.1624 	EXP 	Sound probe reached end of file
345.4523 	DATA 	Keypress: space
347.7050 	EXP 	New trial (rep=76, index=0): None
349.6572 	EXP 	Sound probe started
349.8791 	EXP 	Sound probe reached end of file
350.1226 	DATA 	Keypress: space
351.7154 	EXP 	New trial (rep=77, index=0): None
351.7165 	EXP 	Sound probe started
351.9350 	EXP 	Sound probe reached end of file
355.7250 	EXP 	New trial (rep=78, index=0): None
359.7086 	EXP 	Sound probe started
359.9228 	EXP 	Sound probe reached end of file
362.4643 	EXP 	New trial (rep=79, index=0): None
367.1156 	EXP 	Sound probe started
367.3227 	EXP 	Sound probe stopped
369.5864 	EXP 	New trial (rep=80, index=0): None
371.5794 	EXP 	Sound probe started
371.7910 	EXP 	Sound probe reached end of file
373.7927 	EXP 	New trial (rep=81, index=0): None
375.8237 	EXP 	Sound probe started
376.0425 	EXP 	Sound probe reached end of file
376.4410 	DATA 	Keypress: space
378.7285 	EXP 	New trial (rep=82, index=0): None
380.8354 	EXP 	Sound probe started
381.0505 	EXP 	Sound probe reached end of file
384.2681 	EXP 	New trial (rep=83, index=0): None
384.2702 	EXP 	Sound probe started
384.4827 	EXP 	Sound probe reached end of file
387.4678 	EXP 	New trial (rep=84, index=0): None
389.5867 	EXP 	Sound probe started
389.7987 	EXP 	Sound probe reached end of file
392.9297 	EXP 	New trial (rep=85, index=0): None
392.9342 	EXP 	Sound probe stopped
392.9594 	EXP 	goodbye_text: autoDraw = True
398.3839 	DATA 	Keypress: space
398.3980 	EXP 	goodbye_text: autoDraw = False
398.4870 	EXP 	window1: mouseVisible = True
