9.5792 	WARNING 	User requested fullscreen with size [2560 1440], but screen is actually [3840, 2160]. Using actual size
11.4138 	EXP 	Created window1 = Window(allowGUI=False, allowStencil=False, autoLog=True, backendConf=UNKNOWN, bitsMode=UNKNOWN, blendMode='avg', bpc=(8, 8, 8), color=array([ 0.6078, -0.2784, -0.2784]), colorSpace='rgb', depthBits=8, fullscr=<method-wrapper '__getattribute__' of attributeSetter object at 0x000001E277497B20>, gamma=None, gammaErrorPolicy='raise', lms=UNKNOWN, monitor=<psychopy.monitors.calibTools.Monitor object at 0x000001E279146100>, multiSample=False, name='window1', numSamples=2, pos=(0, 0), screen=0, size=array([3840, 2160]), stencilBits=0, stereo=False, units='height', useFBO=True, useRetina=False, viewOri=0.0, viewPos=None, viewScale=None, waitBlanking=True, winType='pyglet')
11.4141 	EXP 	window1: mouseVisible = True
11.4141 	EXP 	window1: Attempting to measure frame rate of screen (0) ...
11.4141 	EXP 	window1: recordFrameIntervals = False
11.6889 	EXP 	window1: recordFrameIntervals = True
12.0014 	WARNING 	t of last frame was 40.79ms (=1/24)
12.0554 	WARNING 	t of last frame was 35.29ms (=1/28)
12.1706 	WARNING 	t of last frame was 42.68ms (=1/23)
12.7337 	WARNING 	t of last frame was 39.97ms (=1/25)
13.1054 	WARNING 	Multiple dropped frames have occurred - I'll stop bothering you about them!
14.5073 	WARNING 	Couldn't measure a consistent frame rate!
  - Is your graphics card set to sync to vertical blank?
  - Are you running other processes on your computer?

16.3146 	EXP 	window1: Attempting to measure frame rate of screen (0) ...
16.3146 	EXP 	window1: recordFrameIntervals = False
16.5881 	EXP 	window1: recordFrameIntervals = True
19.5022 	WARNING 	Couldn't measure a consistent frame rate!
  - Is your graphics card set to sync to vertical blank?
  - Are you running other processes on your computer?

19.6038 	EXP 	Created instructions = TextStim(__class__=<class 'psychopy.visual.text.TextStim'>, alignHoriz=method-wrapper(...), alignText='center', alignVert=method-wrapper(...), anchorHoriz='center', anchorVert='center', antialias=True, autoLog=True, bold=False, color=array([1., 1., 1.]), colorSpace='rgb', contrast=1.0, depth=-2.0, flipHoriz=False, flipVert=False, font='Open Sans', fontFiles=[], height=0.03, italic=False, languageStyle='LTR', name='instructions', opacity=1, ori=0.0, pos=array([0., 0.]), rgb=UNKNOWN, text=str(...), units='height', win=Window(...), wrapWidth=1)
19.6057 	EXP 	Created blank_text = TextStim(__class__=<class 'psychopy.visual.text.TextStim'>, alignHoriz=method-wrapper(...), alignText='center', alignVert=method-wrapper(...), anchorHoriz='center', anchorVert='center', antialias=True, autoLog=True, bold=False, color=array([1., 1., 1.]), colorSpace='rgb', contrast=1.0, depth=0.0, flipHoriz=False, flipVert=False, font='Open Sans', fontFiles=[], height=0.05, italic=False, languageStyle='LTR', name='blank_text', opacity=1, ori=0.0, pos=array([0., 0.]), rgb=UNKNOWN, text='', units='height', win=Window(...), wrapWidth=1)
19.6084 	EXP 	Created fixation_cross = ShapeStim(__class__=<class 'psychopy.visual.shape.ShapeStim'>, anchor=('center', 'center'), autoDraw=False, autoLog=True, closeShape=True, color=method-wrapper(...), colorSpace='rgb', contrast=None, depth=-3.0, fillColor=array([1, 1, 1]), fillColorSpace='rgb', fillRGB=array([1, 1, 1]), interpolate=True, lineColor=array([1., 1., 1.]), lineColorSpace='rgb', lineRGB=array([1, 1, 1]), lineWidth=1.0, name='fixation_cross', opacity=1, ori=0.0, pos=array([0., 0.]), size=array([0.15, 0.15]), units='height', vertices=ndarray(...), win=Window(...), windingRule=None)
19.6095 	EXP 	Created text = TextStim(__class__=<class 'psychopy.visual.text.TextStim'>, alignHoriz=method-wrapper(...), alignText='center', alignVert=method-wrapper(...), anchorHoriz='center', anchorVert='center', antialias=True, autoLog=True, bold=False, color=array([1., 1., 1.]), colorSpace='rgb', contrast=1.0, depth=-2.0, flipHoriz=False, flipVert=False, font='Open Sans', fontFiles=[], height=0.05, italic=False, languageStyle='LTR', name='text', opacity=1, ori=0.0, pos=array([0., 0.]), rgb=UNKNOWN, text='', units='height', win=Window(...), wrapWidth=1)
19.6632 	EXP 	Sound probe set volume 1.000
19.6649 	EXP 	Created text_2 = TextStim(__class__=<class 'psychopy.visual.text.TextStim'>, alignHoriz=method-wrapper(...), alignText='center', alignVert=method-wrapper(...), anchorHoriz='center', anchorVert='center', antialias=True, autoLog=True, bold=False, color=array([1., 1., 1.]), colorSpace='rgb', contrast=1.0, depth=-4.0, flipHoriz=False, flipVert=False, font='Open Sans', fontFiles=[], height=0.05, italic=False, languageStyle='LTR', name='text_2', opacity=1, ori=0.0, pos=array([0., 0.]), rgb=UNKNOWN, text='', units='height', win=Window(...), wrapWidth=1)
19.6809 	EXP 	Created break_txt = TextStim(__class__=<class 'psychopy.visual.text.TextStim'>, alignHoriz=method-wrapper(...), alignText='center', alignVert=method-wrapper(...), anchorHoriz='center', anchorVert='center', antialias=True, autoLog=True, bold=False, color=array([1., 1., 1.]), colorSpace='rgb', contrast=1.0, depth=0.0, flipHoriz=False, flipVert=False, font='Open Sans', fontFiles=[], height=0.04, italic=False, languageStyle='LTR', name='break_txt', opacity=1, ori=0.0, pos=array([0., 0.]), rgb=UNKNOWN, text=str(...), units='height', win=Window(...), wrapWidth=1)
19.6823 	EXP 	Created blank_text = TextStim(__class__=<class 'psychopy.visual.text.TextStim'>, alignHoriz=method-wrapper(...), alignText='center', alignVert=method-wrapper(...), anchorHoriz='center', anchorVert='center', antialias=True, autoLog=True, bold=False, color=array([1., 1., 1.]), colorSpace='rgb', contrast=1.0, depth=0.0, flipHoriz=False, flipVert=False, font='Open Sans', fontFiles=[], height=0.05, italic=False, languageStyle='LTR', name='blank_text', opacity=1, ori=0.0, pos=array([0., 0.]), rgb=UNKNOWN, text='', units='height', win=Window(...), wrapWidth=1)
19.7068 	EXP 	Created end_txt = TextStim(__class__=<class 'psychopy.visual.text.TextStim'>, alignHoriz=method-wrapper(...), alignText='center', alignVert=method-wrapper(...), anchorHoriz='center', anchorVert='center', antialias=True, autoLog=True, bold=False, color=array([1., 1., 1.]), colorSpace='rgb', contrast=1.0, depth=0.0, flipHoriz=False, flipVert=False, font='Open Sans', fontFiles=[], height=0.05, italic=False, languageStyle='LTR', name='end_txt', opacity=1, ori=0.0, pos=array([0., 0.]), rgb=UNKNOWN, text=str(...), units='height', win=Window(...), wrapWidth=1)
19.7250 	EXP 	instructions: autoDraw = True
22.3009 	DATA 	Keypress: space
22.3323 	EXP 	instructions: autoDraw = False
22.3323 	EXP 	blank_text: autoDraw = True
23.3247 	EXP 	Created sequence: fullRandom, trialTypes=1, nReps=999, seed=None
23.3274 	EXP 	New trial (rep=0, index=0): None
26.2606 	EXP 	blank_text: autoDraw = False
26.2606 	EXP 	text: height = 0.05
26.2606 	EXP 	text: height = 0.05
26.2606 	EXP 	text: text = 'RYTHME'
26.2606 	EXP 	text: autoDraw = True
27.2577 	EXP 	Created sequence: sequential, trialTypes=1, nReps=15, seed=None
27.2579 	EXP 	New trial (rep=0, index=0): None
27.2605 	EXP 	Sound probe started
27.2874 	EXP 	text: autoDraw = False
27.2874 	EXP 	text: autoDraw = False
27.4735 	EXP 	Sound probe reached end of file
27.4740 	EXP 	window1: recordFrameIntervals = False
27.5011 	EXP 	text_2: autoDraw = True
27.5025 	EXP 	window1: recordFrameIntervals = True
30.2669 	DATA 	Keypress: space
30.4890 	EXP 	New trial (rep=1, index=0): None
30.4924 	EXP 	Sound probe started
30.5145 	EXP 	text_2: autoDraw = False
30.5145 	EXP 	text_2: autoDraw = False
30.7056 	EXP 	Sound probe reached end of file
30.7075 	EXP 	window1: recordFrameIntervals = False
30.7349 	EXP 	text_2: autoDraw = True
30.7362 	EXP 	window1: recordFrameIntervals = True
33.5008 	DATA 	Keypress: space
33.7217 	EXP 	New trial (rep=2, index=0): None
33.7225 	EXP 	Sound probe started
33.7505 	EXP 	text_2: autoDraw = False
33.7505 	EXP 	text_2: autoDraw = False
33.9333 	EXP 	Sound probe reached end of file
33.9337 	EXP 	window1: recordFrameIntervals = False
33.9632 	EXP 	text_2: autoDraw = True
33.9643 	EXP 	window1: recordFrameIntervals = True
36.8913 	DATA 	Keypress: space
36.9471 	EXP 	New trial (rep=3, index=0): None
36.9481 	EXP 	Sound probe started
36.9738 	EXP 	text_2: autoDraw = False
36.9738 	EXP 	text_2: autoDraw = False
37.1656 	EXP 	Sound probe reached end of file
37.1680 	EXP 	window1: recordFrameIntervals = False
37.1919 	EXP 	text_2: autoDraw = True
37.1933 	EXP 	window1: recordFrameIntervals = True
40.1905 	EXP 	New trial (rep=4, index=0): None
40.1917 	EXP 	Sound probe started
40.2114 	EXP 	text_2: autoDraw = False
40.2114 	EXP 	text_2: autoDraw = False
40.4056 	EXP 	Sound probe reached end of file
40.4084 	EXP 	window1: recordFrameIntervals = False
40.4297 	EXP 	text_2: autoDraw = True
40.4311 	EXP 	window1: recordFrameIntervals = True
43.2015 	DATA 	Keypress: space
43.4235 	EXP 	New trial (rep=5, index=0): None
43.4246 	EXP 	Sound probe started
43.4500 	EXP 	text_2: autoDraw = False
43.4500 	EXP 	text_2: autoDraw = False
43.6336 	EXP 	Sound probe reached end of file
43.6341 	EXP 	window1: recordFrameIntervals = False
43.6668 	EXP 	text_2: autoDraw = True
43.6688 	EXP 	window1: recordFrameIntervals = True
46.4274 	DATA 	Keypress: space
46.6500 	EXP 	New trial (rep=6, index=0): None
46.6511 	EXP 	Sound probe started
46.6782 	EXP 	text_2: autoDraw = False
46.6782 	EXP 	text_2: autoDraw = False
46.8615 	EXP 	Sound probe reached end of file
46.8841 	EXP 	window1: recordFrameIntervals = False
46.9115 	EXP 	text_2: autoDraw = True
46.9127 	EXP 	window1: recordFrameIntervals = True
49.6763 	DATA 	Keypress: space
49.8994 	EXP 	New trial (rep=7, index=0): None
49.9005 	EXP 	Sound probe started
49.9300 	EXP 	text_2: autoDraw = False
49.9300 	EXP 	text_2: autoDraw = False
50.1227 	EXP 	Sound probe reached end of file
50.1232 	EXP 	window1: recordFrameIntervals = False
50.1540 	EXP 	text_2: autoDraw = True
50.1552 	EXP 	window1: recordFrameIntervals = True
52.9173 	DATA 	Keypress: space
52.9708 	DATA 	Keypress: space
53.1453 	EXP 	New trial (rep=8, index=0): None
53.1495 	EXP 	Sound probe started
53.1717 	EXP 	text_2: autoDraw = False
53.1717 	EXP 	text_2: autoDraw = False
53.3614 	EXP 	Sound probe reached end of file
53.3627 	EXP 	window1: recordFrameIntervals = False
53.3879 	EXP 	text_2: autoDraw = True
53.3892 	EXP 	window1: recordFrameIntervals = True
56.3782 	EXP 	New trial (rep=9, index=0): None
56.3792 	EXP 	Sound probe started
56.4073 	EXP 	text_2: autoDraw = False
56.4073 	EXP 	text_2: autoDraw = False
56.5935 	EXP 	Sound probe reached end of file
56.5940 	EXP 	window1: recordFrameIntervals = False
56.6200 	EXP 	text_2: autoDraw = True
56.6212 	EXP 	window1: recordFrameIntervals = True
59.3874 	DATA 	Keypress: space
59.6089 	EXP 	New trial (rep=10, index=0): None
59.6100 	EXP 	Sound probe started
59.6360 	EXP 	text_2: autoDraw = False
59.6360 	EXP 	text_2: autoDraw = False
59.8217 	EXP 	Sound probe reached end of file
59.8240 	EXP 	window1: recordFrameIntervals = False
59.8496 	EXP 	text_2: autoDraw = True
59.8508 	EXP 	window1: recordFrameIntervals = True
62.6174 	DATA 	Keypress: space
62.8402 	EXP 	New trial (rep=11, index=0): None
62.8438 	EXP 	Sound probe started
62.8661 	EXP 	text_2: autoDraw = False
62.8661 	EXP 	text_2: autoDraw = False
63.0617 	EXP 	Sound probe reached end of file
63.0638 	EXP 	window1: recordFrameIntervals = False
63.0864 	EXP 	text_2: autoDraw = True
63.0878 	EXP 	window1: recordFrameIntervals = True
65.8578 	DATA 	Keypress: space
66.0799 	EXP 	New trial (rep=12, index=0): None
66.0811 	EXP 	Sound probe started
66.1067 	EXP 	text_2: autoDraw = False
66.1067 	EXP 	text_2: autoDraw = False
66.2938 	EXP 	Sound probe reached end of file
66.2961 	EXP 	window1: recordFrameIntervals = False
66.3238 	EXP 	text_2: autoDraw = True
66.3257 	EXP 	window1: recordFrameIntervals = True
69.0889 	DATA 	Keypress: space
69.3108 	EXP 	New trial (rep=13, index=0): None
69.3122 	EXP 	Sound probe started
69.3382 	EXP 	text_2: autoDraw = False
69.3382 	EXP 	text_2: autoDraw = False
69.5216 	EXP 	Sound probe reached end of file
69.5221 	EXP 	window1: recordFrameIntervals = False
69.5487 	EXP 	text_2: autoDraw = True
69.5499 	EXP 	window1: recordFrameIntervals = True
72.3152 	DATA 	Keypress: space
72.5371 	EXP 	New trial (rep=14, index=0): None
72.5381 	EXP 	Sound probe started
72.5637 	EXP 	text_2: autoDraw = False
72.5637 	EXP 	text_2: autoDraw = False
72.7493 	EXP 	Sound probe reached end of file
72.7497 	EXP 	window1: recordFrameIntervals = False
72.7813 	EXP 	text_2: autoDraw = True
72.7826 	EXP 	window1: recordFrameIntervals = True
75.5436 	DATA 	Keypress: space
75.7942 	EXP 	text_2: autoDraw = False
75.7942 	EXP 	text_2: autoDraw = False
75.7942 	EXP 	break_txt: autoDraw = True
76.9903 	EXP 	New trial (rep=1, index=0): None
83.8905 	DATA 	Keypress: space
83.8907 	DATA 	Keypress: space
83.9069 	EXP 	break_txt: autoDraw = False
83.9069 	EXP 	text: height = 0.05
83.9069 	EXP 	text: height = 0.05
83.9069 	EXP 	text: text = 'X'
83.9069 	EXP 	text: autoDraw = True
84.8903 	EXP 	Created sequence: sequential, trialTypes=1, nReps=15, seed=None
84.8905 	EXP 	New trial (rep=0, index=0): None
84.8916 	EXP 	Sound probe started
84.9236 	EXP 	text: autoDraw = False
84.9236 	EXP 	text: autoDraw = False
85.1096 	EXP 	Sound probe reached end of file
85.1125 	EXP 	window1: recordFrameIntervals = False
85.1360 	EXP 	text_2: autoDraw = True
85.1372 	EXP 	window1: recordFrameIntervals = True
87.0318 	EXP 	New trial (rep=1, index=0): None
87.0354 	EXP 	Sound probe started
87.0570 	EXP 	text_2: autoDraw = False
87.0570 	EXP 	text_2: autoDraw = False
87.2495 	EXP 	Sound probe reached end of file
87.2512 	EXP 	window1: recordFrameIntervals = False
87.2730 	EXP 	text_2: autoDraw = True
87.2743 	EXP 	window1: recordFrameIntervals = True
89.8215 	DATA 	Keypress: space
90.0440 	EXP 	New trial (rep=2, index=0): None
90.0450 	EXP 	Sound probe started
90.0708 	EXP 	text_2: autoDraw = False
90.0708 	EXP 	text_2: autoDraw = False
90.2615 	EXP 	Sound probe reached end of file
90.2619 	EXP 	window1: recordFrameIntervals = False
90.2826 	EXP 	text_2: autoDraw = True
90.2850 	EXP 	window1: recordFrameIntervals = True
91.7797 	DATA 	Keypress: space
92.0023 	EXP 	New trial (rep=3, index=0): None
92.0055 	EXP 	Sound probe started
92.0297 	EXP 	text_2: autoDraw = False
92.0297 	EXP 	text_2: autoDraw = False
92.2218 	EXP 	Sound probe reached end of file
92.2240 	EXP 	window1: recordFrameIntervals = False
92.2480 	EXP 	text_2: autoDraw = True
92.2520 	EXP 	window1: recordFrameIntervals = True
93.6459 	EXP 	New trial (rep=4, index=0): None
93.6471 	EXP 	Sound probe started
93.6742 	EXP 	text_2: autoDraw = False
93.6742 	EXP 	text_2: autoDraw = False
93.8616 	EXP 	Sound probe reached end of file
93.8637 	EXP 	window1: recordFrameIntervals = False
93.8870 	EXP 	text_2: autoDraw = True
93.8881 	EXP 	window1: recordFrameIntervals = True
95.6357 	EXP 	New trial (rep=5, index=0): None
95.6370 	EXP 	Sound probe started
95.6670 	EXP 	text_2: autoDraw = False
95.6670 	EXP 	text_2: autoDraw = False
95.8493 	EXP 	Sound probe reached end of file
95.8498 	EXP 	window1: recordFrameIntervals = False
95.8789 	EXP 	text_2: autoDraw = True
95.8801 	EXP 	window1: recordFrameIntervals = True
97.8204 	EXP 	New trial (rep=6, index=0): None
97.8214 	EXP 	Sound probe started
97.8471 	EXP 	text_2: autoDraw = False
97.8471 	EXP 	text_2: autoDraw = False
98.0376 	EXP 	Sound probe reached end of file
98.0380 	EXP 	window1: recordFrameIntervals = False
98.0675 	EXP 	text_2: autoDraw = True
98.0687 	EXP 	window1: recordFrameIntervals = True
99.9151 	DATA 	Keypress: space
100.1474 	EXP 	New trial (rep=7, index=0): None
100.1519 	EXP 	Sound probe started
100.1721 	EXP 	text_2: autoDraw = False
100.1721 	EXP 	text_2: autoDraw = False
100.3695 	EXP 	Sound probe reached end of file
100.3717 	EXP 	window1: recordFrameIntervals = False
100.3930 	EXP 	text_2: autoDraw = True
100.3945 	EXP 	window1: recordFrameIntervals = True
103.3568 	EXP 	New trial (rep=8, index=0): None
103.3578 	EXP 	Sound probe started
103.3843 	EXP 	text_2: autoDraw = False
103.3843 	EXP 	text_2: autoDraw = False
103.5776 	EXP 	Sound probe reached end of file
103.5780 	EXP 	window1: recordFrameIntervals = False
103.5984 	EXP 	text_2: autoDraw = True
103.5997 	EXP 	window1: recordFrameIntervals = True
104.8872 	EXP 	New trial (rep=9, index=0): None
104.8911 	EXP 	Sound probe started
104.9105 	EXP 	text_2: autoDraw = False
104.9105 	EXP 	text_2: autoDraw = False
105.0975 	EXP 	Sound probe stopped
105.0979 	EXP 	window1: recordFrameIntervals = False
105.1301 	EXP 	text_2: autoDraw = True
105.1314 	EXP 	window1: recordFrameIntervals = True
106.1474 	DATA 	Keypress: space
106.3741 	EXP 	New trial (rep=10, index=0): None
106.3767 	EXP 	Sound probe started
106.3963 	EXP 	text_2: autoDraw = False
106.3963 	EXP 	text_2: autoDraw = False
106.5895 	EXP 	Sound probe reached end of file
106.5914 	EXP 	window1: recordFrameIntervals = False
106.6113 	EXP 	text_2: autoDraw = True
106.6126 	EXP 	window1: recordFrameIntervals = True
108.2634 	EXP 	New trial (rep=11, index=0): None
108.2643 	EXP 	Sound probe started
108.2850 	EXP 	text_2: autoDraw = False
108.2850 	EXP 	text_2: autoDraw = False
108.4775 	EXP 	Sound probe reached end of file
108.4797 	EXP 	window1: recordFrameIntervals = False
108.5012 	EXP 	text_2: autoDraw = True
108.5024 	EXP 	window1: recordFrameIntervals = True
110.2411 	EXP 	New trial (rep=12, index=0): None
110.2450 	EXP 	Sound probe started
110.2654 	EXP 	text_2: autoDraw = False
110.2654 	EXP 	text_2: autoDraw = False
110.4578 	EXP 	Sound probe reached end of file
110.4600 	EXP 	window1: recordFrameIntervals = False
110.4857 	EXP 	text_2: autoDraw = True
110.4869 	EXP 	window1: recordFrameIntervals = True
113.0733 	DATA 	Keypress: space
113.3042 	EXP 	New trial (rep=13, index=0): None
113.3054 	EXP 	Sound probe started
113.3264 	EXP 	text_2: autoDraw = False
113.3264 	EXP 	text_2: autoDraw = False
113.5176 	EXP 	Sound probe reached end of file
113.5192 	EXP 	window1: recordFrameIntervals = False
113.5403 	EXP 	text_2: autoDraw = True
113.5418 	EXP 	window1: recordFrameIntervals = True
115.7959 	EXP 	New trial (rep=14, index=0): None
115.8000 	EXP 	Sound probe started
115.8209 	EXP 	text_2: autoDraw = False
115.8209 	EXP 	text_2: autoDraw = False
116.0176 	EXP 	Sound probe reached end of file
116.0197 	EXP 	window1: recordFrameIntervals = False
116.0420 	EXP 	text_2: autoDraw = True
116.0433 	EXP 	window1: recordFrameIntervals = True
118.0457 	EXP 	text_2: autoDraw = False
118.0457 	EXP 	text_2: autoDraw = False
118.0457 	EXP 	break_txt: autoDraw = True
122.3974 	EXP 	New trial (rep=2, index=0): None
125.6912 	DATA 	Keypress: space
125.7075 	EXP 	break_txt: autoDraw = False
125.7075 	EXP 	text: height = 0.05
125.7075 	EXP 	text: height = 0.05
125.7075 	EXP 	text: text = 'RYTHME\n\nHAUTEUR'
125.7075 	EXP 	text: autoDraw = True
126.6984 	EXP 	Created sequence: sequential, trialTypes=1, nReps=9, seed=None
126.6986 	EXP 	New trial (rep=0, index=0): None
126.7000 	EXP 	Sound probe started
126.7316 	EXP 	text: autoDraw = False
126.7316 	EXP 	text: autoDraw = False
126.9174 	EXP 	Sound probe reached end of file
126.9195 	EXP 	window1: recordFrameIntervals = False
126.9423 	EXP 	text_2: autoDraw = True
126.9437 	EXP 	window1: recordFrameIntervals = True
128.9054 	DATA 	Keypress: space
129.1322 	EXP 	New trial (rep=1, index=0): None
129.1333 	EXP 	Sound probe started
129.1590 	EXP 	text_2: autoDraw = False
129.1590 	EXP 	text_2: autoDraw = False
129.3454 	EXP 	Sound probe reached end of file
129.3459 	EXP 	window1: recordFrameIntervals = False
129.3768 	EXP 	text_2: autoDraw = True
129.3781 	EXP 	window1: recordFrameIntervals = True
131.3316 	DATA 	Keypress: space
131.5554 	EXP 	New trial (rep=2, index=0): None
131.5564 	EXP 	Sound probe started
131.5823 	EXP 	text_2: autoDraw = False
131.5823 	EXP 	text_2: autoDraw = False
131.7656 	EXP 	Sound probe reached end of file
131.7674 	EXP 	window1: recordFrameIntervals = False
131.7888 	EXP 	text_2: autoDraw = True
131.7900 	EXP 	window1: recordFrameIntervals = True
133.9768 	EXP 	New trial (rep=3, index=0): None
133.9782 	EXP 	Sound probe started
134.0068 	EXP 	text_2: autoDraw = False
134.0068 	EXP 	text_2: autoDraw = False
134.1975 	EXP 	Sound probe reached end of file
134.1994 	EXP 	window1: recordFrameIntervals = False
134.2272 	EXP 	text_2: autoDraw = True
134.2285 	EXP 	window1: recordFrameIntervals = True
136.1848 	DATA 	Keypress: space
136.4090 	EXP 	New trial (rep=4, index=0): None
136.4100 	EXP 	Sound probe started
136.4355 	EXP 	text_2: autoDraw = False
136.4355 	EXP 	text_2: autoDraw = False
136.6256 	EXP 	Sound probe reached end of file
136.6279 	EXP 	window1: recordFrameIntervals = False
136.6474 	EXP 	text_2: autoDraw = True
136.6485 	EXP 	window1: recordFrameIntervals = True
138.6126 	DATA 	Keypress: space
138.8400 	EXP 	New trial (rep=5, index=0): None
138.8436 	EXP 	Sound probe started
138.8633 	EXP 	text_2: autoDraw = False
138.8633 	EXP 	text_2: autoDraw = False
139.0575 	EXP 	Sound probe reached end of file
139.0596 	EXP 	window1: recordFrameIntervals = False
139.0834 	EXP 	text_2: autoDraw = True
139.0847 	EXP 	window1: recordFrameIntervals = True
141.2698 	EXP 	New trial (rep=6, index=0): None
141.2710 	EXP 	Sound probe started
141.2970 	EXP 	text_2: autoDraw = False
141.2970 	EXP 	text_2: autoDraw = False
141.4855 	EXP 	Sound probe reached end of file
141.4860 	EXP 	window1: recordFrameIntervals = False
141.5137 	EXP 	text_2: autoDraw = True
141.5150 	EXP 	window1: recordFrameIntervals = True
143.6992 	EXP 	New trial (rep=7, index=0): None
143.7007 	EXP 	Sound probe started
143.7208 	EXP 	text_2: autoDraw = False
143.7208 	EXP 	text_2: autoDraw = False
143.9174 	EXP 	Sound probe reached end of file
143.9182 	EXP 	window1: recordFrameIntervals = False
143.9394 	EXP 	text_2: autoDraw = True
143.9406 	EXP 	window1: recordFrameIntervals = True
146.1317 	EXP 	New trial (rep=8, index=0): None
146.1346 	EXP 	Sound probe started
146.1555 	EXP 	text_2: autoDraw = False
146.1555 	EXP 	text_2: autoDraw = False
146.3456 	EXP 	Sound probe stopped
146.3480 	EXP 	window1: recordFrameIntervals = False
146.3745 	EXP 	text_2: autoDraw = True
146.3758 	EXP 	window1: recordFrameIntervals = True
148.3333 	DATA 	Keypress: space
148.5841 	EXP 	text_2: autoDraw = False
148.5841 	EXP 	text_2: autoDraw = False
148.5841 	EXP 	break_txt: autoDraw = True
152.1806 	EXP 	New trial (rep=3, index=0): None
155.6141 	DATA 	Keypress: space
155.6303 	EXP 	break_txt: autoDraw = False
155.6303 	EXP 	text: height = 0.05
155.6303 	EXP 	text: height = 0.05
155.6303 	EXP 	text: text = 'HAUTEUR'
155.6303 	EXP 	text: autoDraw = True
156.6310 	EXP 	Created sequence: sequential, trialTypes=1, nReps=15, seed=None
156.6311 	EXP 	New trial (rep=0, index=0): None
156.6324 	EXP 	Sound probe started
156.6639 	EXP 	text: autoDraw = False
156.6639 	EXP 	text: autoDraw = False
156.8453 	EXP 	Sound probe reached end of file
156.8474 	EXP 	window1: recordFrameIntervals = False
156.8729 	EXP 	text_2: autoDraw = True
156.8742 	EXP 	window1: recordFrameIntervals = True
157.8194 	DATA 	Keypress: space
158.0517 	EXP 	New trial (rep=1, index=0): None
158.0528 	EXP 	Sound probe started
158.0736 	EXP 	text_2: autoDraw = False
158.0736 	EXP 	text_2: autoDraw = False
158.2656 	EXP 	Sound probe reached end of file
158.2663 	EXP 	window1: recordFrameIntervals = False
158.2876 	EXP 	text_2: autoDraw = True
158.2899 	EXP 	window1: recordFrameIntervals = True
160.5637 	DATA 	Keypress: space
160.7886 	EXP 	New trial (rep=2, index=0): None
160.7897 	EXP 	Sound probe started
160.8178 	EXP 	text_2: autoDraw = False
160.8178 	EXP 	text_2: autoDraw = False
161.0053 	EXP 	Sound probe reached end of file
161.0058 	EXP 	window1: recordFrameIntervals = False
161.0339 	EXP 	text_2: autoDraw = True
161.0352 	EXP 	window1: recordFrameIntervals = True
162.5512 	EXP 	New trial (rep=3, index=0): None
162.5522 	EXP 	Sound probe started
162.5784 	EXP 	text_2: autoDraw = False
162.5784 	EXP 	text_2: autoDraw = False
162.7655 	EXP 	Sound probe reached end of file
162.7676 	EXP 	window1: recordFrameIntervals = False
162.7914 	EXP 	text_2: autoDraw = True
162.7927 	EXP 	window1: recordFrameIntervals = True
164.6275 	EXP 	New trial (rep=4, index=0): None
164.6287 	EXP 	Sound probe started
164.6553 	EXP 	text_2: autoDraw = False
164.6553 	EXP 	text_2: autoDraw = False
164.8456 	EXP 	Sound probe reached end of file
164.8462 	EXP 	window1: recordFrameIntervals = False
164.8782 	EXP 	text_2: autoDraw = True
164.8794 	EXP 	window1: recordFrameIntervals = True
167.0047 	DATA 	Keypress: space
167.2302 	EXP 	New trial (rep=5, index=0): None
167.2314 	EXP 	Sound probe started
167.2580 	EXP 	text_2: autoDraw = False
167.2580 	EXP 	text_2: autoDraw = False
167.4453 	EXP 	Sound probe reached end of file
167.4457 	EXP 	window1: recordFrameIntervals = False
167.4751 	EXP 	text_2: autoDraw = True
167.4762 	EXP 	window1: recordFrameIntervals = True
170.1502 	EXP 	New trial (rep=6, index=0): None
170.1514 	EXP 	Sound probe started
170.1787 	EXP 	text_2: autoDraw = False
170.1787 	EXP 	text_2: autoDraw = False
170.3615 	EXP 	Sound probe reached end of file
170.3619 	EXP 	window1: recordFrameIntervals = False
170.3913 	EXP 	text_2: autoDraw = True
170.3924 	EXP 	window1: recordFrameIntervals = True
173.1132 	EXP 	New trial (rep=7, index=0): None
173.1144 	EXP 	Sound probe started
173.1365 	EXP 	text_2: autoDraw = False
173.1365 	EXP 	text_2: autoDraw = False
173.3331 	EXP 	Sound probe reached end of file
173.3336 	EXP 	window1: recordFrameIntervals = False
173.3548 	EXP 	text_2: autoDraw = True
173.3559 	EXP 	window1: recordFrameIntervals = True
175.4198 	EXP 	New trial (rep=8, index=0): None
175.4207 	EXP 	Sound probe started
175.4482 	EXP 	text_2: autoDraw = False
175.4482 	EXP 	text_2: autoDraw = False
175.6335 	EXP 	Sound probe reached end of file
175.6339 	EXP 	window1: recordFrameIntervals = False
175.6636 	EXP 	text_2: autoDraw = True
175.6646 	EXP 	window1: recordFrameIntervals = True
178.5250 	EXP 	New trial (rep=9, index=0): None
178.5261 	EXP 	Sound probe started
178.5539 	EXP 	text_2: autoDraw = False
178.5539 	EXP 	text_2: autoDraw = False
178.7414 	EXP 	Sound probe reached end of file
178.7418 	EXP 	window1: recordFrameIntervals = False
178.7706 	EXP 	text_2: autoDraw = True
178.7717 	EXP 	window1: recordFrameIntervals = True
179.6687 	DATA 	Keypress: space
179.8941 	EXP 	New trial (rep=10, index=0): None
179.8962 	EXP 	Sound probe started
179.9214 	EXP 	text_2: autoDraw = False
179.9214 	EXP 	text_2: autoDraw = False
180.1140 	EXP 	Sound probe reached end of file
180.1186 	EXP 	window1: recordFrameIntervals = False
180.1454 	EXP 	text_2: autoDraw = True
180.1465 	EXP 	window1: recordFrameIntervals = True
181.8799 	DATA 	Keypress: space
182.1053 	EXP 	New trial (rep=11, index=0): None
182.1064 	EXP 	Sound probe started
182.1338 	EXP 	text_2: autoDraw = False
182.1338 	EXP 	text_2: autoDraw = False
182.3215 	EXP 	Sound probe reached end of file
182.3238 	EXP 	window1: recordFrameIntervals = False
182.3455 	EXP 	text_2: autoDraw = True
182.3467 	EXP 	window1: recordFrameIntervals = True
184.0448 	DATA 	Keypress: space
184.2749 	EXP 	New trial (rep=12, index=0): None
184.2759 	EXP 	Sound probe started
184.2957 	EXP 	text_2: autoDraw = False
184.2957 	EXP 	text_2: autoDraw = False
184.4935 	EXP 	Sound probe reached end of file
184.4939 	EXP 	window1: recordFrameIntervals = False
184.5141 	EXP 	text_2: autoDraw = True
184.5154 	EXP 	window1: recordFrameIntervals = True
186.5969 	EXP 	New trial (rep=13, index=0): None
186.5979 	EXP 	Sound probe started
186.6240 	EXP 	text_2: autoDraw = False
186.6240 	EXP 	text_2: autoDraw = False
186.8134 	EXP 	Sound probe reached end of file
186.8139 	EXP 	window1: recordFrameIntervals = False
186.8344 	EXP 	text_2: autoDraw = True
186.8359 	EXP 	window1: recordFrameIntervals = True
187.8800 	EXP 	New trial (rep=14, index=0): None
187.8812 	EXP 	Sound probe started
187.9013 	EXP 	text_2: autoDraw = False
187.9013 	EXP 	text_2: autoDraw = False
188.1011 	EXP 	Sound probe reached end of file
188.1016 	EXP 	window1: recordFrameIntervals = False
188.1235 	EXP 	text_2: autoDraw = True
188.1247 	EXP 	window1: recordFrameIntervals = True
189.7324 	EXP 	text_2: autoDraw = False
189.7324 	EXP 	text_2: autoDraw = False
189.7324 	EXP 	break_txt: autoDraw = True
196.3463 	EXP 	New trial (rep=4, index=0): None
200.2546 	DATA 	Keypress: space
200.2708 	EXP 	break_txt: autoDraw = False
200.2708 	EXP 	text: height = 0.05
200.2708 	EXP 	text: height = 0.05
200.2708 	EXP 	text: text = 'RYTHME'
200.2708 	EXP 	text: autoDraw = True
201.2495 	EXP 	Created sequence: sequential, trialTypes=1, nReps=10, seed=None
201.2497 	EXP 	New trial (rep=0, index=0): None
201.2510 	EXP 	Sound probe started
201.2787 	EXP 	text: autoDraw = False
201.2787 	EXP 	text: autoDraw = False
201.4693 	EXP 	Sound probe reached end of file
201.4709 	EXP 	window1: recordFrameIntervals = False
201.4934 	EXP 	text_2: autoDraw = True
201.4947 	EXP 	window1: recordFrameIntervals = True
204.1105 	DATA 	Keypress: space
204.3364 	EXP 	New trial (rep=1, index=0): None
204.3380 	EXP 	Sound probe started
204.3638 	EXP 	text_2: autoDraw = False
204.3638 	EXP 	text_2: autoDraw = False
204.5495 	EXP 	Sound probe reached end of file
204.5499 	EXP 	window1: recordFrameIntervals = False
204.5794 	EXP 	text_2: autoDraw = True
204.5805 	EXP 	window1: recordFrameIntervals = True
207.4204 	EXP 	New trial (rep=2, index=0): None
207.4215 	EXP 	Sound probe started
207.4423 	EXP 	text_2: autoDraw = False
207.4423 	EXP 	text_2: autoDraw = False
207.6294 	EXP 	Sound probe stopped
207.6315 	EXP 	window1: recordFrameIntervals = False
207.6559 	EXP 	text_2: autoDraw = True
207.6572 	EXP 	window1: recordFrameIntervals = True
210.4659 	DATA 	Keypress: space
210.5023 	EXP 	New trial (rep=3, index=0): None
210.5034 	EXP 	Sound probe started
210.5239 	EXP 	text_2: autoDraw = False
210.5239 	EXP 	text_2: autoDraw = False
210.7094 	EXP 	Sound probe stopped
210.7098 	EXP 	window1: recordFrameIntervals = False
210.7409 	EXP 	text_2: autoDraw = True
210.7423 	EXP 	window1: recordFrameIntervals = True
213.5820 	EXP 	New trial (rep=4, index=0): None
213.5860 	EXP 	Sound probe started
213.6085 	EXP 	text_2: autoDraw = False
213.6085 	EXP 	text_2: autoDraw = False
213.7894 	EXP 	Sound probe stopped
213.7922 	EXP 	window1: recordFrameIntervals = False
213.8159 	EXP 	text_2: autoDraw = True
213.8175 	EXP 	window1: recordFrameIntervals = True
216.6638 	EXP 	New trial (rep=5, index=0): None
216.6650 	EXP 	Sound probe started
216.6854 	EXP 	text_2: autoDraw = False
216.6854 	EXP 	text_2: autoDraw = False
216.8811 	EXP 	Sound probe reached end of file
216.8817 	EXP 	window1: recordFrameIntervals = False
216.9043 	EXP 	text_2: autoDraw = True
216.9057 	EXP 	window1: recordFrameIntervals = True
219.7467 	EXP 	New trial (rep=6, index=0): None
219.7475 	EXP 	Sound probe started
219.7734 	EXP 	text_2: autoDraw = False
219.7734 	EXP 	text_2: autoDraw = False
219.9612 	EXP 	Sound probe reached end of file
219.9616 	EXP 	window1: recordFrameIntervals = False
219.9905 	EXP 	text_2: autoDraw = True
219.9916 	EXP 	window1: recordFrameIntervals = True
222.6006 	DATA 	Keypress: space
222.8308 	EXP 	New trial (rep=7, index=0): None
222.8325 	EXP 	Sound probe started
222.8516 	EXP 	text_2: autoDraw = False
222.8516 	EXP 	text_2: autoDraw = False
223.0495 	EXP 	Sound probe reached end of file
223.0510 	EXP 	window1: recordFrameIntervals = False
223.0725 	EXP 	text_2: autoDraw = True
223.0748 	EXP 	window1: recordFrameIntervals = True
225.6909 	DATA 	Keypress: space
225.9195 	EXP 	New trial (rep=8, index=0): None
225.9206 	EXP 	Sound probe started
225.9409 	EXP 	text_2: autoDraw = False
225.9409 	EXP 	text_2: autoDraw = False
226.1380 	EXP 	Sound probe reached end of file
226.1384 	EXP 	window1: recordFrameIntervals = False
226.1588 	EXP 	text_2: autoDraw = True
226.1601 	EXP 	window1: recordFrameIntervals = True
229.0079 	EXP 	New trial (rep=9, index=0): None
229.0090 	EXP 	Sound probe started
229.0297 	EXP 	text_2: autoDraw = False
229.0297 	EXP 	text_2: autoDraw = False
229.2173 	EXP 	Sound probe reached end of file
229.2194 	EXP 	window1: recordFrameIntervals = False
229.2439 	EXP 	text_2: autoDraw = True
229.2452 	EXP 	window1: recordFrameIntervals = True
232.1114 	EXP 	text_2: autoDraw = False
232.1114 	EXP 	text_2: autoDraw = False
232.1114 	EXP 	break_txt: autoDraw = True
236.1414 	DATA 	Keypress: space
236.1975 	EXP 	New trial (rep=5, index=0): None
240.7428 	EXP 	break_txt: autoDraw = False
240.7428 	EXP 	text: text = 'RYTHME'
240.7428 	EXP 	text: autoDraw = True
241.7287 	EXP 	Created sequence: sequential, trialTypes=1, nReps=10, seed=None
241.7292 	EXP 	New trial (rep=0, index=0): None
241.7332 	EXP 	Sound probe started
241.7572 	EXP 	text: autoDraw = False
241.7572 	EXP 	text: autoDraw = False
241.9493 	EXP 	Sound probe reached end of file
241.9498 	EXP 	window1: recordFrameIntervals = False
241.9803 	EXP 	text_2: autoDraw = True
241.9814 	EXP 	window1: recordFrameIntervals = True
243.4919 	EXP 	New trial (rep=1, index=0): None
243.4929 	EXP 	Sound probe started
243.5210 	EXP 	text_2: autoDraw = False
243.5210 	EXP 	text_2: autoDraw = False
243.7093 	EXP 	Sound probe reached end of file
243.7098 	EXP 	window1: recordFrameIntervals = False
243.7377 	EXP 	text_2: autoDraw = True
243.7389 	EXP 	window1: recordFrameIntervals = True
245.0253 	DATA 	Keypress: space
245.2566 	EXP 	New trial (rep=2, index=0): None
245.2578 	EXP 	Sound probe started
245.2779 	EXP 	text_2: autoDraw = False
245.2779 	EXP 	text_2: autoDraw = False
245.4694 	EXP 	Sound probe stopped
245.4715 	EXP 	window1: recordFrameIntervals = False
245.4949 	EXP 	text_2: autoDraw = True
245.4962 	EXP 	window1: recordFrameIntervals = True
247.0154 	EXP 	New trial (rep=3, index=0): None
247.0178 	EXP 	Sound probe started
247.0419 	EXP 	text_2: autoDraw = False
247.0419 	EXP 	text_2: autoDraw = False
247.2375 	EXP 	Sound probe reached end of file
247.2396 	EXP 	window1: recordFrameIntervals = False
247.2632 	EXP 	text_2: autoDraw = True
247.2646 	EXP 	window1: recordFrameIntervals = True
248.5547 	DATA 	Keypress: space
248.7818 	EXP 	New trial (rep=4, index=0): None
248.7829 	EXP 	Sound probe started
248.8106 	EXP 	text_2: autoDraw = False
248.8106 	EXP 	text_2: autoDraw = False
248.9973 	EXP 	Sound probe reached end of file
248.9977 	EXP 	window1: recordFrameIntervals = False
249.0269 	EXP 	text_2: autoDraw = True
249.0281 	EXP 	window1: recordFrameIntervals = True
250.3139 	DATA 	Keypress: space
250.5454 	EXP 	New trial (rep=5, index=0): None
250.5466 	EXP 	Sound probe started
250.5666 	EXP 	text_2: autoDraw = False
250.5666 	EXP 	text_2: autoDraw = False
250.7651 	EXP 	Sound probe reached end of file
250.7656 	EXP 	window1: recordFrameIntervals = False
250.7861 	EXP 	text_2: autoDraw = True
250.7872 	EXP 	window1: recordFrameIntervals = True
252.0828 	DATA 	Keypress: space
252.3131 	EXP 	New trial (rep=6, index=0): None
252.3146 	EXP 	Sound probe started
252.3345 	EXP 	text_2: autoDraw = False
252.3345 	EXP 	text_2: autoDraw = False
252.5255 	EXP 	Sound probe reached end of file
252.5276 	EXP 	window1: recordFrameIntervals = False
252.5538 	EXP 	text_2: autoDraw = True
252.5561 	EXP 	window1: recordFrameIntervals = True
253.8443 	DATA 	Keypress: space
254.0709 	EXP 	New trial (rep=7, index=0): None
254.0719 	EXP 	Sound probe started
254.1015 	EXP 	text_2: autoDraw = False
254.1015 	EXP 	text_2: autoDraw = False
254.2854 	EXP 	Sound probe reached end of file
254.2858 	EXP 	window1: recordFrameIntervals = False
254.3157 	EXP 	text_2: autoDraw = True
254.3169 	EXP 	window1: recordFrameIntervals = True
255.6015 	DATA 	Keypress: space
255.8309 	EXP 	New trial (rep=8, index=0): None
255.8339 	EXP 	Sound probe started
255.8533 	EXP 	text_2: autoDraw = False
255.8533 	EXP 	text_2: autoDraw = False
256.0456 	EXP 	Sound probe reached end of file
256.0478 	EXP 	window1: recordFrameIntervals = False
256.0722 	EXP 	text_2: autoDraw = True
256.0735 	EXP 	window1: recordFrameIntervals = True
257.3643 	DATA 	Keypress: space
257.5910 	EXP 	New trial (rep=9, index=0): None
257.5920 	EXP 	Sound probe started
257.6201 	EXP 	text_2: autoDraw = False
257.6201 	EXP 	text_2: autoDraw = False
257.8053 	EXP 	Sound probe reached end of file
257.8057 	EXP 	window1: recordFrameIntervals = False
257.8347 	EXP 	text_2: autoDraw = True
257.8358 	EXP 	window1: recordFrameIntervals = True
259.1212 	DATA 	Keypress: space
259.3732 	EXP 	text_2: autoDraw = False
259.3732 	EXP 	text_2: autoDraw = False
259.3732 	EXP 	break_txt: autoDraw = True
261.3328 	EXP 	New trial (rep=6, index=0): None
265.6398 	DATA 	Keypress: space
265.6570 	EXP 	break_txt: autoDraw = False
265.6570 	EXP 	text: text = 'RYTHME'
265.6570 	EXP 	text: autoDraw = True
266.6339 	EXP 	Created sequence: sequential, trialTypes=1, nReps=10, seed=None
266.6340 	EXP 	New trial (rep=0, index=0): None
266.6352 	EXP 	Sound probe started
266.6670 	EXP 	text: autoDraw = False
266.6670 	EXP 	text: autoDraw = False
266.8453 	EXP 	Sound probe reached end of file
266.8458 	EXP 	window1: recordFrameIntervals = False
266.8784 	EXP 	text_2: autoDraw = True
266.8796 	EXP 	window1: recordFrameIntervals = True
268.8446 	DATA 	Keypress: space
269.0715 	EXP 	New trial (rep=1, index=0): None
269.0732 	EXP 	Sound probe started
269.0988 	EXP 	text_2: autoDraw = False
269.0988 	EXP 	text_2: autoDraw = False
269.2869 	EXP 	Sound probe reached end of file
269.2874 	EXP 	window1: recordFrameIntervals = False
269.3155 	EXP 	text_2: autoDraw = True
269.3168 	EXP 	window1: recordFrameIntervals = True
271.2843 	DATA 	Keypress: space
271.5154 	EXP 	New trial (rep=2, index=0): None
271.5173 	EXP 	Sound probe started
271.5368 	EXP 	text_2: autoDraw = False
271.5368 	EXP 	text_2: autoDraw = False
271.7254 	EXP 	Sound probe stopped
271.7276 	EXP 	window1: recordFrameIntervals = False
271.7561 	EXP 	text_2: autoDraw = True
271.7574 	EXP 	window1: recordFrameIntervals = True
273.9561 	EXP 	New trial (rep=3, index=0): None
273.9573 	EXP 	Sound probe started
273.9778 	EXP 	text_2: autoDraw = False
273.9778 	EXP 	text_2: autoDraw = False
274.1732 	EXP 	Sound probe reached end of file
274.1737 	EXP 	window1: recordFrameIntervals = False
274.1946 	EXP 	text_2: autoDraw = True
274.1957 	EXP 	window1: recordFrameIntervals = True
276.1718 	DATA 	Keypress: space
276.4014 	EXP 	New trial (rep=4, index=0): None
276.4052 	EXP 	Sound probe started
276.4247 	EXP 	text_2: autoDraw = False
276.4247 	EXP 	text_2: autoDraw = False
276.6133 	EXP 	Sound probe stopped
276.6149 	EXP 	window1: recordFrameIntervals = False
276.6442 	EXP 	text_2: autoDraw = True
276.6457 	EXP 	window1: recordFrameIntervals = True
278.6132 	DATA 	Keypress: space
278.8444 	EXP 	New trial (rep=5, index=0): None
278.8455 	EXP 	Sound probe started
278.8658 	EXP 	text_2: autoDraw = False
278.8658 	EXP 	text_2: autoDraw = False
279.0533 	EXP 	Sound probe stopped
279.0551 	EXP 	window1: recordFrameIntervals = False
279.0756 	EXP 	text_2: autoDraw = True
279.0769 	EXP 	window1: recordFrameIntervals = True
281.0529 	DATA 	Keypress: space
281.2802 	EXP 	New trial (rep=6, index=0): None
281.2812 	EXP 	Sound probe started
281.3070 	EXP 	text_2: autoDraw = False
281.3070 	EXP 	text_2: autoDraw = False
281.4934 	EXP 	Sound probe reached end of file
281.4939 	EXP 	window1: recordFrameIntervals = False
281.5217 	EXP 	text_2: autoDraw = True
281.5229 	EXP 	window1: recordFrameIntervals = True
283.4917 	DATA 	Keypress: space
283.7186 	EXP 	New trial (rep=7, index=0): None
283.7197 	EXP 	Sound probe started
283.7476 	EXP 	text_2: autoDraw = False
283.7476 	EXP 	text_2: autoDraw = False
283.9333 	EXP 	Sound probe reached end of file
283.9338 	EXP 	window1: recordFrameIntervals = False
283.9595 	EXP 	text_2: autoDraw = True
283.9607 	EXP 	window1: recordFrameIntervals = True
285.9329 	DATA 	Keypress: space
286.1633 	EXP 	New trial (rep=8, index=0): None
286.1659 	EXP 	Sound probe started
286.1852 	EXP 	text_2: autoDraw = False
286.1852 	EXP 	text_2: autoDraw = False
286.3733 	EXP 	Sound probe stopped
286.3739 	EXP 	window1: recordFrameIntervals = False
286.4042 	EXP 	text_2: autoDraw = True
286.4054 	EXP 	window1: recordFrameIntervals = True
288.3721 	DATA 	Keypress: space
288.5141 	DATA 	Keypress: space
288.6099 	EXP 	New trial (rep=9, index=0): None
288.6114 	EXP 	Sound probe started
288.6307 	EXP 	text_2: autoDraw = False
288.6307 	EXP 	text_2: autoDraw = False
288.8253 	EXP 	Sound probe reached end of file
288.8257 	EXP 	window1: recordFrameIntervals = False
288.8570 	EXP 	text_2: autoDraw = True
288.8583 	EXP 	window1: recordFrameIntervals = True
291.0770 	EXP 	text_2: autoDraw = False
291.0770 	EXP 	text_2: autoDraw = False
291.0770 	EXP 	break_txt: autoDraw = True
294.1694 	EXP 	New trial (rep=7, index=0): None
299.2510 	DATA 	Keypress: space
299.2673 	EXP 	break_txt: autoDraw = False
299.2673 	EXP 	text: text = 'RYTHME'
299.2673 	EXP 	text: autoDraw = True
300.2493 	EXP 	Created sequence: sequential, trialTypes=1, nReps=14, seed=None
300.2494 	EXP 	New trial (rep=0, index=0): None
300.2507 	EXP 	Sound probe started
300.2797 	EXP 	text: autoDraw = False
300.2797 	EXP 	text: autoDraw = False
300.4690 	EXP 	Sound probe reached end of file
300.4694 	EXP 	window1: recordFrameIntervals = False
300.5014 	EXP 	text_2: autoDraw = True
300.5026 	EXP 	window1: recordFrameIntervals = True
301.3961 	DATA 	Keypress: space
301.6242 	EXP 	New trial (rep=1, index=0): None
301.6284 	EXP 	Sound probe started
301.6504 	EXP 	text_2: autoDraw = False
301.6504 	EXP 	text_2: autoDraw = False
301.8413 	EXP 	Sound probe reached end of file
301.8431 	EXP 	window1: recordFrameIntervals = False
301.8705 	EXP 	text_2: autoDraw = True
301.8717 	EXP 	window1: recordFrameIntervals = True
302.7694 	DATA 	Keypress: space
303.0007 	EXP 	New trial (rep=2, index=0): None
303.0019 	EXP 	Sound probe started
303.0234 	EXP 	text_2: autoDraw = False
303.0234 	EXP 	text_2: autoDraw = False
303.2210 	EXP 	Sound probe reached end of file
303.2214 	EXP 	window1: recordFrameIntervals = False
303.2432 	EXP 	text_2: autoDraw = True
303.2443 	EXP 	window1: recordFrameIntervals = True
304.1474 	DATA 	Keypress: space
304.3756 	EXP 	New trial (rep=3, index=0): None
304.3783 	EXP 	Sound probe started
304.4031 	EXP 	text_2: autoDraw = False
304.4031 	EXP 	text_2: autoDraw = False
304.5933 	EXP 	Sound probe reached end of file
304.5951 	EXP 	window1: recordFrameIntervals = False
304.6232 	EXP 	text_2: autoDraw = True
304.6244 	EXP 	window1: recordFrameIntervals = True
305.5206 	DATA 	Keypress: space
305.7521 	EXP 	New trial (rep=4, index=0): None
305.7535 	EXP 	Sound probe started
305.7736 	EXP 	text_2: autoDraw = False
305.7736 	EXP 	text_2: autoDraw = False
305.9730 	EXP 	Sound probe reached end of file
305.9734 	EXP 	window1: recordFrameIntervals = False
305.9943 	EXP 	text_2: autoDraw = True
305.9955 	EXP 	window1: recordFrameIntervals = True
306.8996 	DATA 	Keypress: space
307.1294 	EXP 	New trial (rep=5, index=0): None
307.1327 	EXP 	Sound probe started
307.1564 	EXP 	text_2: autoDraw = False
307.1564 	EXP 	text_2: autoDraw = False
307.3412 	EXP 	Sound probe reached end of file
307.3416 	EXP 	window1: recordFrameIntervals = False
307.3702 	EXP 	text_2: autoDraw = True
307.3713 	EXP 	window1: recordFrameIntervals = True
308.2682 	DATA 	Keypress: space
308.4961 	EXP 	New trial (rep=6, index=0): None
308.4974 	EXP 	Sound probe started
308.5239 	EXP 	text_2: autoDraw = False
308.5239 	EXP 	text_2: autoDraw = False
308.7132 	EXP 	Sound probe reached end of file
308.7137 	EXP 	window1: recordFrameIntervals = False
308.7439 	EXP 	text_2: autoDraw = True
308.7452 	EXP 	window1: recordFrameIntervals = True
309.6400 	DATA 	Keypress: space
309.8737 	EXP 	New trial (rep=7, index=0): None
309.8748 	EXP 	Sound probe started
309.8943 	EXP 	text_2: autoDraw = False
309.8943 	EXP 	text_2: autoDraw = False
310.0812 	EXP 	Sound probe stopped
310.0816 	EXP 	window1: recordFrameIntervals = False
310.1129 	EXP 	text_2: autoDraw = True
310.1141 	EXP 	window1: recordFrameIntervals = True
311.0080 	DATA 	Keypress: space
311.2380 	EXP 	New trial (rep=8, index=0): None
311.2417 	EXP 	Sound probe started
311.2611 	EXP 	text_2: autoDraw = False
311.2611 	EXP 	text_2: autoDraw = False
311.4533 	EXP 	Sound probe stopped
311.4553 	EXP 	window1: recordFrameIntervals = False
311.4817 	EXP 	text_2: autoDraw = True
311.4830 	EXP 	window1: recordFrameIntervals = True
312.3824 	DATA 	Keypress: space
312.6190 	EXP 	New trial (rep=9, index=0): None
312.6203 	EXP 	Sound probe started
312.6397 	EXP 	text_2: autoDraw = False
312.6397 	EXP 	text_2: autoDraw = False
312.8213 	EXP 	Sound probe stopped
312.8233 	EXP 	window1: recordFrameIntervals = False
312.8486 	EXP 	text_2: autoDraw = True
312.8498 	EXP 	window1: recordFrameIntervals = True
313.7494 	DATA 	Keypress: space
313.9817 	EXP 	New trial (rep=10, index=0): None
313.9830 	EXP 	Sound probe started
314.0033 	EXP 	text_2: autoDraw = False
314.0033 	EXP 	text_2: autoDraw = False
314.2012 	EXP 	Sound probe reached end of file
314.2017 	EXP 	window1: recordFrameIntervals = False
314.2220 	EXP 	text_2: autoDraw = True
314.2231 	EXP 	window1: recordFrameIntervals = True
315.1279 	DATA 	Keypress: space
315.3574 	EXP 	New trial (rep=11, index=0): None
315.3612 	EXP 	Sound probe started
315.3818 	EXP 	text_2: autoDraw = False
315.3818 	EXP 	text_2: autoDraw = False
315.5733 	EXP 	Sound probe reached end of file
315.5751 	EXP 	window1: recordFrameIntervals = False
315.6015 	EXP 	text_2: autoDraw = True
315.6027 	EXP 	window1: recordFrameIntervals = True
316.5782 	DATA 	Keypress: space
316.7318 	EXP 	New trial (rep=12, index=0): None
316.7330 	EXP 	Sound probe started
316.7530 	EXP 	text_2: autoDraw = False
316.7530 	EXP 	text_2: autoDraw = False
316.9413 	EXP 	Sound probe stopped
316.9432 	EXP 	window1: recordFrameIntervals = False
316.9698 	EXP 	text_2: autoDraw = True
316.9710 	EXP 	window1: recordFrameIntervals = True
318.1025 	EXP 	New trial (rep=13, index=0): None
318.1036 	EXP 	Sound probe started
318.1255 	EXP 	text_2: autoDraw = False
318.1255 	EXP 	text_2: autoDraw = False
318.3213 	EXP 	Sound probe reached end of file
318.3217 	EXP 	window1: recordFrameIntervals = False
318.3418 	EXP 	text_2: autoDraw = True
318.3429 	EXP 	window1: recordFrameIntervals = True
319.5032 	EXP 	text_2: autoDraw = False
319.5032 	EXP 	text_2: autoDraw = False
319.5032 	EXP 	break_txt: autoDraw = True
326.2009 	EXP 	New trial (rep=8, index=0): None
331.8625 	DATA 	Keypress: space
331.8789 	EXP 	break_txt: autoDraw = False
331.8789 	EXP 	text: text = 'RYTHME'
331.8789 	EXP 	text: autoDraw = True
332.8797 	EXP 	Created sequence: sequential, trialTypes=1, nReps=9, seed=None
332.8798 	EXP 	New trial (rep=0, index=0): None
332.8810 	EXP 	Sound probe started
332.9096 	EXP 	text: autoDraw = False
332.9096 	EXP 	text: autoDraw = False
333.1016 	EXP 	Sound probe reached end of file
333.1020 	EXP 	window1: recordFrameIntervals = False
333.1377 	EXP 	text_2: autoDraw = True
333.1389 	EXP 	window1: recordFrameIntervals = True
334.7485 	EXP 	New trial (rep=1, index=0): None
334.7511 	EXP 	Sound probe started
334.7708 	EXP 	text_2: autoDraw = False
334.7708 	EXP 	text_2: autoDraw = False
334.9691 	EXP 	Sound probe reached end of file
334.9700 	EXP 	window1: recordFrameIntervals = False
334.9908 	EXP 	text_2: autoDraw = True
334.9920 	EXP 	window1: recordFrameIntervals = True
336.3838 	DATA 	Keypress: space
336.6142 	EXP 	New trial (rep=2, index=0): None
336.6182 	EXP 	Sound probe started
336.6386 	EXP 	text_2: autoDraw = False
336.6386 	EXP 	text_2: autoDraw = False
336.8294 	EXP 	Sound probe reached end of file
336.8321 	EXP 	window1: recordFrameIntervals = False
336.8589 	EXP 	text_2: autoDraw = True
336.8637 	EXP 	window1: recordFrameIntervals = True
338.4749 	EXP 	New trial (rep=3, index=0): None
338.4759 	EXP 	Sound probe started
338.5043 	EXP 	text_2: autoDraw = False
338.5043 	EXP 	text_2: autoDraw = False
338.6893 	EXP 	Sound probe reached end of file
338.6897 	EXP 	window1: recordFrameIntervals = False
338.7160 	EXP 	text_2: autoDraw = True
338.7171 	EXP 	window1: recordFrameIntervals = True
340.1044 	DATA 	Keypress: space
340.3347 	EXP 	New trial (rep=4, index=0): None
340.3394 	EXP 	Sound probe started
340.3591 	EXP 	text_2: autoDraw = False
340.3591 	EXP 	text_2: autoDraw = False
340.5492 	EXP 	Sound probe reached end of file
340.5511 	EXP 	window1: recordFrameIntervals = False
340.5806 	EXP 	text_2: autoDraw = True
340.5820 	EXP 	window1: recordFrameIntervals = True
342.1988 	EXP 	New trial (rep=5, index=0): None
342.2002 	EXP 	Sound probe started
342.2210 	EXP 	text_2: autoDraw = False
342.2210 	EXP 	text_2: autoDraw = False
342.4094 	EXP 	Sound probe reached end of file
342.4104 	EXP 	window1: recordFrameIntervals = False
342.4317 	EXP 	text_2: autoDraw = True
342.4342 	EXP 	window1: recordFrameIntervals = True
343.8252 	DATA 	Keypress: space
344.0623 	EXP 	New trial (rep=6, index=0): None
344.0635 	EXP 	Sound probe started
344.0848 	EXP 	text_2: autoDraw = False
344.0848 	EXP 	text_2: autoDraw = False
344.2613 	EXP 	Sound probe stopped
344.2629 	EXP 	window1: recordFrameIntervals = False
344.2856 	EXP 	text_2: autoDraw = True
344.2882 	EXP 	window1: recordFrameIntervals = True
345.6776 	DATA 	Keypress: space
345.9110 	EXP 	New trial (rep=7, index=0): None
345.9123 	EXP 	Sound probe started
345.9321 	EXP 	text_2: autoDraw = False
345.9321 	EXP 	text_2: autoDraw = False
346.1293 	EXP 	Sound probe reached end of file
346.1306 	EXP 	window1: recordFrameIntervals = False
346.1542 	EXP 	text_2: autoDraw = True
346.1579 	EXP 	window1: recordFrameIntervals = True
347.5441 	DATA 	Keypress: space
347.7758 	EXP 	New trial (rep=8, index=0): None
347.7799 	EXP 	Sound probe started
347.7993 	EXP 	text_2: autoDraw = False
347.7993 	EXP 	text_2: autoDraw = False
347.9972 	EXP 	Sound probe reached end of file
347.9993 	EXP 	window1: recordFrameIntervals = False
348.0204 	EXP 	text_2: autoDraw = True
348.0216 	EXP 	window1: recordFrameIntervals = True
349.4133 	DATA 	Keypress: space
349.6680 	EXP 	text_2: autoDraw = False
349.6680 	EXP 	text_2: autoDraw = False
349.6680 	EXP 	break_txt: autoDraw = True
351.7056 	DATA 	Keypress: space
351.7349 	EXP 	break_txt: autoDraw = False
351.7349 	EXP 	blank_text: autoDraw = True
352.7639 	EXP 	blank_text: autoDraw = False
352.7639 	EXP 	end_txt: autoDraw = True
354.7597 	DATA 	Keypress: space
354.7867 	EXP 	end_txt: autoDraw = False
354.9355 	EXP 	window1: mouseVisible = True
