10.5129 	WARNING 	User requested fullscreen with size [2560 1440], but screen is actually [3840, 2160]. Using actual size
14.3918 	WARNING 	Couldn't measure a consistent frame rate!
  - Is your graphics card set to sync to vertical blank?
  - Are you running other processes on your computer?

14.3931 	EXP 	Created window1 = Window(allowGUI=False, allowStencil=False, autoLog=True, backendConf=UNKNOWN, bitsMode=UNKNOWN, blendMode='avg', bpc=(8, 8, 8), color=array([ 0.6078, -0.2784, -0.2784]), colorSpace='rgb', depthBits=8, fullscr=<method-wrapper '__getattribute__' of attributeSetter object at 0x0000026EE1B57B20>, gamma=None, gammaErrorPolicy='raise', lms=UNKNOWN, monitor=<psychopy.monitors.calibTools.Monitor object at 0x0000026EE3805100>, multiSample=False, name='window1', numSamples=2, pos=(0, 0), screen=0, size=array([3840, 2160]), stencilBits=0, stereo=False, units='height', useFBO=True, useRetina=False, viewOri=0.0, viewPos=None, viewScale=None, waitBlanking=True, winType='pyglet')
14.3938 	EXP 	window1: mouseVisible = True
14.3939 	EXP 	window1: Attempting to measure frame rate of screen (0) ...
14.3940 	EXP 	window1: recordFrameIntervals = False
14.6634 	EXP 	window1: recordFrameIntervals = True
14.7063 	WARNING 	t of last frame was 24.96ms (=1/40)
14.7417 	WARNING 	t of last frame was 35.37ms (=1/28)
14.7687 	WARNING 	t of last frame was 27.01ms (=1/37)
14.7952 	WARNING 	t of last frame was 26.52ms (=1/37)
14.8200 	WARNING 	Multiple dropped frames have occurred - I'll stop bothering you about them!
17.3684 	WARNING 	Couldn't measure a consistent frame rate!
  - Is your graphics card set to sync to vertical blank?
  - Are you running other processes on your computer?

19.0566 	EXP 	window1: Attempting to measure frame rate of screen (0) ...
19.0567 	EXP 	window1: recordFrameIntervals = False
19.3229 	EXP 	window1: recordFrameIntervals = True
20.5330 	EXP 	Screen (0) actual frame rate measured at 36.45Hz
20.5330 	EXP 	window1: recordFrameIntervals = True
20.6216 	EXP 	Created instructions = TextStim(__class__=<class 'psychopy.visual.text.TextStim'>, alignHoriz=method-wrapper(...), alignText='center', alignVert=method-wrapper(...), anchorHoriz='center', anchorVert='center', antialias=True, autoLog=True, bold=False, color=array([1., 1., 1.]), colorSpace='rgb', contrast=1.0, depth=-2.0, flipHoriz=False, flipVert=False, font='Open Sans', fontFiles=[], height=0.03, italic=False, languageStyle='LTR', name='instructions', opacity=1, ori=0.0, pos=array([0., 0.]), rgb=UNKNOWN, text=str(...), units='height', win=Window(...), wrapWidth=1)
20.6234 	EXP 	Created blank_text = TextStim(__class__=<class 'psychopy.visual.text.TextStim'>, alignHoriz=method-wrapper(...), alignText='center', alignVert=method-wrapper(...), anchorHoriz='center', anchorVert='center', antialias=True, autoLog=True, bold=False, color=array([1., 1., 1.]), colorSpace='rgb', contrast=1.0, depth=0.0, flipHoriz=False, flipVert=False, font='Open Sans', fontFiles=[], height=0.05, italic=False, languageStyle='LTR', name='blank_text', opacity=1, ori=0.0, pos=array([0., 0.]), rgb=UNKNOWN, text='', units='height', win=Window(...), wrapWidth=1)
20.6260 	EXP 	Created fixation_cross = ShapeStim(__class__=<class 'psychopy.visual.shape.ShapeStim'>, anchor=('center', 'center'), autoDraw=False, autoLog=True, closeShape=True, color=method-wrapper(...), colorSpace='rgb', contrast=None, depth=-3.0, fillColor=array([1, 1, 1]), fillColorSpace='rgb', fillRGB=array([1, 1, 1]), interpolate=True, lineColor=array([1., 1., 1.]), lineColorSpace='rgb', lineRGB=array([1, 1, 1]), lineWidth=1.0, name='fixation_cross', opacity=1, ori=0.0, pos=array([0., 0.]), size=array([0.15, 0.15]), units='height', vertices=ndarray(...), win=Window(...), windingRule=None)
20.6271 	EXP 	Created text = TextStim(__class__=<class 'psychopy.visual.text.TextStim'>, alignHoriz=method-wrapper(...), alignText='center', alignVert=method-wrapper(...), anchorHoriz='center', anchorVert='center', antialias=True, autoLog=True, bold=False, color=array([1., 1., 1.]), colorSpace='rgb', contrast=1.0, depth=-2.0, flipHoriz=False, flipVert=False, font='Open Sans', fontFiles=[], height=0.05, italic=False, languageStyle='LTR', name='text', opacity=1, ori=0.0, pos=array([0., 0.]), rgb=UNKNOWN, text='', units='height', win=Window(...), wrapWidth=1)
20.6821 	EXP 	Sound probe set volume 1.000
20.6838 	EXP 	Created text_2 = TextStim(__class__=<class 'psychopy.visual.text.TextStim'>, alignHoriz=method-wrapper(...), alignText='center', alignVert=method-wrapper(...), anchorHoriz='center', anchorVert='center', antialias=True, autoLog=True, bold=False, color=array([1., 1., 1.]), colorSpace='rgb', contrast=1.0, depth=-4.0, flipHoriz=False, flipVert=False, font='Open Sans', fontFiles=[], height=0.05, italic=False, languageStyle='LTR', name='text_2', opacity=1, ori=0.0, pos=array([0., 0.]), rgb=UNKNOWN, text='', units='height', win=Window(...), wrapWidth=1)
20.6995 	EXP 	Created break_txt = TextStim(__class__=<class 'psychopy.visual.text.TextStim'>, alignHoriz=method-wrapper(...), alignText='center', alignVert=method-wrapper(...), anchorHoriz='center', anchorVert='center', antialias=True, autoLog=True, bold=False, color=array([1., 1., 1.]), colorSpace='rgb', contrast=1.0, depth=0.0, flipHoriz=False, flipVert=False, font='Open Sans', fontFiles=[], height=0.04, italic=False, languageStyle='LTR', name='break_txt', opacity=1, ori=0.0, pos=array([0., 0.]), rgb=UNKNOWN, text=str(...), units='height', win=Window(...), wrapWidth=1)
20.7009 	EXP 	Created blank_text = TextStim(__class__=<class 'psychopy.visual.text.TextStim'>, alignHoriz=method-wrapper(...), alignText='center', alignVert=method-wrapper(...), anchorHoriz='center', anchorVert='center', antialias=True, autoLog=True, bold=False, color=array([1., 1., 1.]), colorSpace='rgb', contrast=1.0, depth=0.0, flipHoriz=False, flipVert=False, font='Open Sans', fontFiles=[], height=0.05, italic=False, languageStyle='LTR', name='blank_text', opacity=1, ori=0.0, pos=array([0., 0.]), rgb=UNKNOWN, text='', units='height', win=Window(...), wrapWidth=1)
20.7238 	EXP 	Created end_txt = TextStim(__class__=<class 'psychopy.visual.text.TextStim'>, alignHoriz=method-wrapper(...), alignText='center', alignVert=method-wrapper(...), anchorHoriz='center', anchorVert='center', antialias=True, autoLog=True, bold=False, color=array([1., 1., 1.]), colorSpace='rgb', contrast=1.0, depth=0.0, flipHoriz=False, flipVert=False, font='Open Sans', fontFiles=[], height=0.05, italic=False, languageStyle='LTR', name='end_txt', opacity=1, ori=0.0, pos=array([0., 0.]), rgb=UNKNOWN, text=str(...), units='height', win=Window(...), wrapWidth=1)
20.7416 	EXP 	instructions: autoDraw = True
22.4180 	DATA 	Keypress: space
22.4479 	EXP 	instructions: autoDraw = False
22.4479 	EXP 	blank_text: autoDraw = True
23.4254 	EXP 	Created sequence: fullRandom, trialTypes=1, nReps=999, seed=None
23.4277 	EXP 	New trial (rep=0, index=0): None
26.0397 	EXP 	blank_text: autoDraw = False
26.0397 	EXP 	text: height = 0.05
26.0397 	EXP 	text: height = 0.05
26.0397 	EXP 	text: text = 'HAUTEUR'
26.0397 	EXP 	text: autoDraw = True
27.0426 	EXP 	Created sequence: sequential, trialTypes=1, nReps=10, seed=None
27.0432 	EXP 	New trial (rep=0, index=0): None
27.0470 	EXP 	Sound probe started
27.0666 	EXP 	text: autoDraw = False
27.0666 	EXP 	text: autoDraw = False
27.2506 	EXP 	Sound probe stopped
27.2510 	EXP 	window1: recordFrameIntervals = False
27.2771 	EXP 	text_2: autoDraw = True
27.2783 	EXP 	window1: recordFrameIntervals = True
29.8329 	EXP 	New trial (rep=1, index=0): None
29.8366 	EXP 	Sound probe started
29.8557 	EXP 	text_2: autoDraw = False
29.8557 	EXP 	text_2: autoDraw = False
30.0425 	EXP 	Sound probe stopped
30.0429 	EXP 	window1: recordFrameIntervals = False
30.0630 	EXP 	text_2: autoDraw = True
30.0642 	EXP 	window1: recordFrameIntervals = True
31.6114 	EXP 	New trial (rep=2, index=0): None
31.6124 	EXP 	Sound probe started
31.6387 	EXP 	text_2: autoDraw = False
31.6387 	EXP 	text_2: autoDraw = False
31.8308 	EXP 	Sound probe reached end of file
31.8324 	EXP 	window1: recordFrameIntervals = False
31.8491 	EXP 	text_2: autoDraw = True
31.8505 	EXP 	window1: recordFrameIntervals = True
33.5923 	EXP 	New trial (rep=3, index=0): None
33.5934 	EXP 	Sound probe started
33.6124 	EXP 	text_2: autoDraw = False
33.6124 	EXP 	text_2: autoDraw = False
33.8025 	EXP 	Sound probe stopped
33.8030 	EXP 	window1: recordFrameIntervals = False
33.8240 	EXP 	text_2: autoDraw = True
33.8252 	EXP 	window1: recordFrameIntervals = True
36.3009 	EXP 	New trial (rep=4, index=0): None
36.3021 	EXP 	Sound probe started
36.3283 	EXP 	text_2: autoDraw = False
36.3283 	EXP 	text_2: autoDraw = False
36.5107 	EXP 	Sound probe reached end of file
36.5120 	EXP 	window1: recordFrameIntervals = False
36.5320 	EXP 	text_2: autoDraw = True
36.5334 	EXP 	window1: recordFrameIntervals = True
38.2452 	EXP 	New trial (rep=5, index=0): None
38.2462 	EXP 	Sound probe started
38.2725 	EXP 	text_2: autoDraw = False
38.2725 	EXP 	text_2: autoDraw = False
38.4625 	EXP 	Sound probe reached end of file
38.4636 	EXP 	window1: recordFrameIntervals = False
38.4920 	EXP 	text_2: autoDraw = True
38.4931 	EXP 	window1: recordFrameIntervals = True
41.1465 	DATA 	Keypress: space
41.3689 	EXP 	New trial (rep=6, index=0): None
41.3698 	EXP 	Sound probe started
41.3964 	EXP 	text_2: autoDraw = False
41.3964 	EXP 	text_2: autoDraw = False
41.5826 	EXP 	Sound probe reached end of file
41.5831 	EXP 	window1: recordFrameIntervals = False
41.6020 	EXP 	text_2: autoDraw = True
41.6033 	EXP 	window1: recordFrameIntervals = True
42.5893 	DATA 	Keypress: space
42.8122 	EXP 	New trial (rep=7, index=0): None
42.8159 	EXP 	Sound probe started
42.8349 	EXP 	text_2: autoDraw = False
42.8349 	EXP 	text_2: autoDraw = False
43.0223 	EXP 	Sound probe stopped
43.0228 	EXP 	window1: recordFrameIntervals = False
43.0426 	EXP 	text_2: autoDraw = True
43.0438 	EXP 	window1: recordFrameIntervals = True
43.9231 	DATA 	Keypress: space
44.1459 	EXP 	New trial (rep=8, index=0): None
44.1492 	EXP 	Sound probe started
44.1691 	EXP 	text_2: autoDraw = False
44.1691 	EXP 	text_2: autoDraw = False
44.3623 	EXP 	Sound probe reached end of file
44.3627 	EXP 	window1: recordFrameIntervals = False
44.3814 	EXP 	text_2: autoDraw = True
44.3826 	EXP 	window1: recordFrameIntervals = True
46.3183 	DATA 	Keypress: space
46.5395 	EXP 	New trial (rep=9, index=0): None
46.5405 	EXP 	Sound probe started
46.5661 	EXP 	text_2: autoDraw = False
46.5661 	EXP 	text_2: autoDraw = False
46.7584 	EXP 	Sound probe reached end of file
46.7589 	EXP 	window1: recordFrameIntervals = False
46.7791 	EXP 	text_2: autoDraw = True
46.7802 	EXP 	window1: recordFrameIntervals = True
49.2273 	DATA 	Keypress: space
49.4750 	EXP 	text_2: autoDraw = False
49.4750 	EXP 	text_2: autoDraw = False
49.4750 	EXP 	break_txt: autoDraw = True
52.0439 	EXP 	New trial (rep=1, index=0): None
53.1795 	DATA 	Keypress: space
53.1952 	EXP 	break_txt: autoDraw = False
53.1952 	EXP 	text: height = 0.05
53.1952 	EXP 	text: height = 0.05
53.1952 	EXP 	text: text = 'RYTHME'
53.1952 	EXP 	text: autoDraw = True
54.1979 	EXP 	Created sequence: sequential, trialTypes=1, nReps=9, seed=None
54.1981 	EXP 	New trial (rep=0, index=0): None
54.1994 	EXP 	Sound probe started
54.2298 	EXP 	text: autoDraw = False
54.2298 	EXP 	text: autoDraw = False
54.4186 	EXP 	Sound probe reached end of file
54.4190 	EXP 	window1: recordFrameIntervals = False
54.4476 	EXP 	text_2: autoDraw = True
54.4487 	EXP 	window1: recordFrameIntervals = True
56.9167 	DATA 	Keypress: space
57.1392 	EXP 	New trial (rep=1, index=0): None
57.1403 	EXP 	Sound probe started
57.1658 	EXP 	text_2: autoDraw = False
57.1658 	EXP 	text_2: autoDraw = False
57.3507 	EXP 	Sound probe stopped
57.3532 	EXP 	window1: recordFrameIntervals = False
57.3744 	EXP 	text_2: autoDraw = True
57.3757 	EXP 	window1: recordFrameIntervals = True
60.0740 	EXP 	New trial (rep=2, index=0): None
60.0750 	EXP 	Sound probe started
60.1019 	EXP 	text_2: autoDraw = False
60.1019 	EXP 	text_2: autoDraw = False
60.2906 	EXP 	Sound probe reached end of file
60.2925 	EXP 	window1: recordFrameIntervals = False
60.3106 	EXP 	text_2: autoDraw = True
60.3119 	EXP 	window1: recordFrameIntervals = True
63.0131 	EXP 	New trial (rep=3, index=0): None
63.0163 	EXP 	Sound probe started
63.0388 	EXP 	text_2: autoDraw = False
63.0388 	EXP 	text_2: autoDraw = False
63.2308 	EXP 	Sound probe reached end of file
63.2317 	EXP 	window1: recordFrameIntervals = False
63.2484 	EXP 	text_2: autoDraw = True
63.2496 	EXP 	window1: recordFrameIntervals = True
65.9544 	EXP 	New trial (rep=4, index=0): None
65.9576 	EXP 	Sound probe started
65.9764 	EXP 	text_2: autoDraw = False
65.9764 	EXP 	text_2: autoDraw = False
66.1586 	EXP 	Sound probe stopped
66.1608 	EXP 	window1: recordFrameIntervals = False
66.1821 	EXP 	text_2: autoDraw = True
66.1834 	EXP 	window1: recordFrameIntervals = True
68.6596 	DATA 	Keypress: space
68.8810 	EXP 	New trial (rep=5, index=0): None
68.8820 	EXP 	Sound probe started
68.9075 	EXP 	text_2: autoDraw = False
68.9075 	EXP 	text_2: autoDraw = False
69.0986 	EXP 	Sound probe reached end of file
69.1005 	EXP 	window1: recordFrameIntervals = False
69.1240 	EXP 	text_2: autoDraw = True
69.1254 	EXP 	window1: recordFrameIntervals = True
71.8202 	EXP 	New trial (rep=6, index=0): None
71.8211 	EXP 	Sound probe started
71.8481 	EXP 	text_2: autoDraw = False
71.8481 	EXP 	text_2: autoDraw = False
72.0386 	EXP 	Sound probe reached end of file
72.0402 	EXP 	window1: recordFrameIntervals = False
72.0565 	EXP 	text_2: autoDraw = True
72.0577 	EXP 	window1: recordFrameIntervals = True
74.7631 	EXP 	New trial (rep=7, index=0): None
74.7663 	EXP 	Sound probe started
74.7858 	EXP 	text_2: autoDraw = False
74.7858 	EXP 	text_2: autoDraw = False
74.9666 	EXP 	Sound probe stopped
74.9684 	EXP 	window1: recordFrameIntervals = False
74.9911 	EXP 	text_2: autoDraw = True
74.9924 	EXP 	window1: recordFrameIntervals = True
77.6871 	EXP 	New trial (rep=8, index=0): None
77.6881 	EXP 	Sound probe started
77.7130 	EXP 	text_2: autoDraw = False
77.7130 	EXP 	text_2: autoDraw = False
77.9067 	EXP 	Sound probe reached end of file
77.9087 	EXP 	window1: recordFrameIntervals = False
77.9320 	EXP 	text_2: autoDraw = True
77.9332 	EXP 	window1: recordFrameIntervals = True
80.6580 	EXP 	text_2: autoDraw = False
80.6580 	EXP 	text_2: autoDraw = False
80.6580 	EXP 	break_txt: autoDraw = True
81.6161 	EXP 	New trial (rep=2, index=0): None
83.4660 	DATA 	Keypress: space
83.4813 	EXP 	break_txt: autoDraw = False
83.4813 	EXP 	text: text = 'RYTHME'
83.4813 	EXP 	text: autoDraw = True
84.4910 	EXP 	Created sequence: sequential, trialTypes=1, nReps=8, seed=None
84.4911 	EXP 	New trial (rep=0, index=0): None
84.4923 	EXP 	Sound probe started
84.5181 	EXP 	text: autoDraw = False
84.5181 	EXP 	text: autoDraw = False
84.7065 	EXP 	Sound probe reached end of file
84.7071 	EXP 	window1: recordFrameIntervals = False
84.7271 	EXP 	text_2: autoDraw = True
84.7283 	EXP 	window1: recordFrameIntervals = True
87.6458 	EXP 	New trial (rep=1, index=0): None
87.6468 	EXP 	Sound probe started
87.6714 	EXP 	text_2: autoDraw = False
87.6714 	EXP 	text_2: autoDraw = False
87.8667 	EXP 	Sound probe reached end of file
87.8678 	EXP 	window1: recordFrameIntervals = False
87.8896 	EXP 	text_2: autoDraw = True
87.8932 	EXP 	window1: recordFrameIntervals = True
90.8065 	EXP 	New trial (rep=2, index=0): None
90.8075 	EXP 	Sound probe started
90.8343 	EXP 	text_2: autoDraw = False
90.8343 	EXP 	text_2: autoDraw = False
91.0263 	EXP 	Sound probe reached end of file
91.0267 	EXP 	window1: recordFrameIntervals = False
91.0428 	EXP 	text_2: autoDraw = True
91.0440 	EXP 	window1: recordFrameIntervals = True
93.9680 	EXP 	New trial (rep=3, index=0): None
93.9713 	EXP 	Sound probe started
93.9895 	EXP 	text_2: autoDraw = False
93.9895 	EXP 	text_2: autoDraw = False
94.1784 	EXP 	Sound probe stopped
94.1788 	EXP 	window1: recordFrameIntervals = False
94.1981 	EXP 	text_2: autoDraw = True
94.1994 	EXP 	window1: recordFrameIntervals = True
97.1192 	EXP 	New trial (rep=4, index=0): None
97.1229 	EXP 	Sound probe started
97.1423 	EXP 	text_2: autoDraw = False
97.1423 	EXP 	text_2: autoDraw = False
97.3346 	EXP 	Sound probe reached end of file
97.3351 	EXP 	window1: recordFrameIntervals = False
97.3551 	EXP 	text_2: autoDraw = True
97.3562 	EXP 	window1: recordFrameIntervals = True
100.0521 	DATA 	Keypress: space
100.2807 	EXP 	New trial (rep=5, index=0): None
100.2816 	EXP 	Sound probe started
100.3011 	EXP 	text_2: autoDraw = False
100.3011 	EXP 	text_2: autoDraw = False
100.4863 	EXP 	Sound probe stopped
100.4877 	EXP 	window1: recordFrameIntervals = False
100.5109 	EXP 	text_2: autoDraw = True
100.5121 	EXP 	window1: recordFrameIntervals = True
103.4263 	EXP 	New trial (rep=6, index=0): None
103.4299 	EXP 	Sound probe started
103.4489 	EXP 	text_2: autoDraw = False
103.4489 	EXP 	text_2: autoDraw = False
103.6346 	EXP 	Sound probe stopped
103.6365 	EXP 	window1: recordFrameIntervals = False
103.6542 	EXP 	text_2: autoDraw = True
103.6553 	EXP 	window1: recordFrameIntervals = True
106.5751 	EXP 	New trial (rep=7, index=0): None
106.5761 	EXP 	Sound probe started
106.6011 	EXP 	text_2: autoDraw = False
106.6011 	EXP 	text_2: autoDraw = False
106.7864 	EXP 	Sound probe stopped
106.7868 	EXP 	window1: recordFrameIntervals = False
106.8067 	EXP 	text_2: autoDraw = True
106.8079 	EXP 	window1: recordFrameIntervals = True
109.7526 	EXP 	text_2: autoDraw = False
109.7526 	EXP 	text_2: autoDraw = False
109.7526 	EXP 	break_txt: autoDraw = True
110.8164 	EXP 	New trial (rep=3, index=0): None
114.2402 	DATA 	Keypress: space
114.2558 	EXP 	break_txt: autoDraw = False
114.2558 	EXP 	text: height = 0.05
114.2558 	EXP 	text: height = 0.05
114.2558 	EXP 	text: text = 'RYTHME\n\nHAUTEUR'
114.2558 	EXP 	text: autoDraw = True
115.2619 	EXP 	Created sequence: sequential, trialTypes=1, nReps=11, seed=None
115.2624 	EXP 	New trial (rep=0, index=0): None
115.2658 	EXP 	Sound probe started
115.2850 	EXP 	text: autoDraw = False
115.2850 	EXP 	text: autoDraw = False
115.4746 	EXP 	Sound probe reached end of file
115.4765 	EXP 	window1: recordFrameIntervals = False
115.5024 	EXP 	text_2: autoDraw = True
115.5037 	EXP 	window1: recordFrameIntervals = True
118.3440 	EXP 	New trial (rep=1, index=0): None
118.3448 	EXP 	Sound probe started
118.3695 	EXP 	text_2: autoDraw = False
118.3695 	EXP 	text_2: autoDraw = False
118.5545 	EXP 	Sound probe reached end of file
118.5552 	EXP 	window1: recordFrameIntervals = False
118.5840 	EXP 	text_2: autoDraw = True
118.5852 	EXP 	window1: recordFrameIntervals = True
121.4218 	EXP 	New trial (rep=2, index=0): None
121.4227 	EXP 	Sound probe started
121.4498 	EXP 	text_2: autoDraw = False
121.4498 	EXP 	text_2: autoDraw = False
121.6423 	EXP 	Sound probe reached end of file
121.6427 	EXP 	window1: recordFrameIntervals = False
121.6622 	EXP 	text_2: autoDraw = True
121.6632 	EXP 	window1: recordFrameIntervals = True
124.2874 	DATA 	Keypress: space
124.5102 	EXP 	New trial (rep=3, index=0): None
124.5112 	EXP 	Sound probe started
124.5368 	EXP 	text_2: autoDraw = False
124.5368 	EXP 	text_2: autoDraw = False
124.7227 	EXP 	Sound probe reached end of file
124.7248 	EXP 	window1: recordFrameIntervals = False
124.7459 	EXP 	text_2: autoDraw = True
124.7472 	EXP 	window1: recordFrameIntervals = True
127.6031 	EXP 	New trial (rep=4, index=0): None
127.6066 	EXP 	Sound probe started
127.6249 	EXP 	text_2: autoDraw = False
127.6249 	EXP 	text_2: autoDraw = False
127.8255 	EXP 	Sound probe reached end of file
127.8258 	EXP 	window1: recordFrameIntervals = False
127.8541 	EXP 	text_2: autoDraw = True
127.8552 	EXP 	window1: recordFrameIntervals = True
130.6942 	EXP 	New trial (rep=5, index=0): None
130.6952 	EXP 	Sound probe started
130.7204 	EXP 	text_2: autoDraw = False
130.7204 	EXP 	text_2: autoDraw = False
130.9142 	EXP 	Sound probe reached end of file
130.9147 	EXP 	window1: recordFrameIntervals = False
130.9342 	EXP 	text_2: autoDraw = True
130.9353 	EXP 	window1: recordFrameIntervals = True
133.7822 	EXP 	New trial (rep=6, index=0): None
133.7831 	EXP 	Sound probe started
133.8079 	EXP 	text_2: autoDraw = False
133.8079 	EXP 	text_2: autoDraw = False
134.0023 	EXP 	Sound probe reached end of file
134.0028 	EXP 	window1: recordFrameIntervals = False
134.0229 	EXP 	text_2: autoDraw = True
134.0243 	EXP 	window1: recordFrameIntervals = True
136.8708 	EXP 	New trial (rep=7, index=0): None
136.8718 	EXP 	Sound probe started
136.8986 	EXP 	text_2: autoDraw = False
136.8986 	EXP 	text_2: autoDraw = False
137.0825 	EXP 	Sound probe reached end of file
137.0845 	EXP 	window1: recordFrameIntervals = False
137.1048 	EXP 	text_2: autoDraw = True
137.1060 	EXP 	window1: recordFrameIntervals = True
139.9514 	EXP 	New trial (rep=8, index=0): None
139.9523 	EXP 	Sound probe started
139.9778 	EXP 	text_2: autoDraw = False
139.9778 	EXP 	text_2: autoDraw = False
140.1625 	EXP 	Sound probe reached end of file
140.1629 	EXP 	window1: recordFrameIntervals = False
140.1939 	EXP 	text_2: autoDraw = True
140.1953 	EXP 	window1: recordFrameIntervals = True
142.8084 	DATA 	Keypress: space
143.0311 	EXP 	New trial (rep=9, index=0): None
143.0343 	EXP 	Sound probe started
143.0568 	EXP 	text_2: autoDraw = False
143.0568 	EXP 	text_2: autoDraw = False
143.2425 	EXP 	Sound probe reached end of file
143.2444 	EXP 	window1: recordFrameIntervals = False
143.2643 	EXP 	text_2: autoDraw = True
143.2656 	EXP 	window1: recordFrameIntervals = True
145.8896 	DATA 	Keypress: space
146.1119 	EXP 	New trial (rep=10, index=0): None
146.1128 	EXP 	Sound probe started
146.1374 	EXP 	text_2: autoDraw = False
146.1374 	EXP 	text_2: autoDraw = False
146.3225 	EXP 	Sound probe reached end of file
146.3246 	EXP 	window1: recordFrameIntervals = False
146.3471 	EXP 	text_2: autoDraw = True
146.3484 	EXP 	window1: recordFrameIntervals = True
148.9702 	DATA 	Keypress: space
149.2204 	EXP 	text_2: autoDraw = False
149.2204 	EXP 	text_2: autoDraw = False
149.2204 	EXP 	break_txt: autoDraw = True
150.1975 	EXP 	New trial (rep=4, index=0): None
159.7709 	DATA 	Keypress: space
159.7711 	DATA 	Keypress: space
159.7866 	EXP 	break_txt: autoDraw = False
159.7866 	EXP 	text: height = 0.05
159.7866 	EXP 	text: height = 0.05
159.7866 	EXP 	text: text = 'X'
159.7866 	EXP 	text: autoDraw = True
160.7792 	EXP 	Created sequence: sequential, trialTypes=1, nReps=9, seed=None
160.7793 	EXP 	New trial (rep=0, index=0): None
160.7805 	EXP 	Sound probe started
160.8113 	EXP 	text: autoDraw = False
160.8113 	EXP 	text: autoDraw = False
160.9948 	EXP 	Sound probe reached end of file
160.9953 	EXP 	window1: recordFrameIntervals = False
161.0201 	EXP 	text_2: autoDraw = True
161.0212 	EXP 	window1: recordFrameIntervals = True
163.9623 	EXP 	New trial (rep=1, index=0): None
163.9634 	EXP 	Sound probe started
163.9889 	EXP 	text_2: autoDraw = False
163.9889 	EXP 	text_2: autoDraw = False
164.1822 	EXP 	Sound probe reached end of file
164.1827 	EXP 	window1: recordFrameIntervals = False
164.2031 	EXP 	text_2: autoDraw = True
164.2043 	EXP 	window1: recordFrameIntervals = True
166.6641 	EXP 	New trial (rep=2, index=0): None
166.6655 	EXP 	Sound probe started
166.6843 	EXP 	text_2: autoDraw = False
166.6843 	EXP 	text_2: autoDraw = False
166.8704 	EXP 	Sound probe stopped
166.8709 	EXP 	window1: recordFrameIntervals = False
166.8911 	EXP 	text_2: autoDraw = True
166.8922 	EXP 	window1: recordFrameIntervals = True
169.0544 	EXP 	New trial (rep=3, index=0): None
169.0555 	EXP 	Sound probe started
169.0829 	EXP 	text_2: autoDraw = False
169.0829 	EXP 	text_2: autoDraw = False
169.2705 	EXP 	Sound probe reached end of file
169.2710 	EXP 	window1: recordFrameIntervals = False
169.2912 	EXP 	text_2: autoDraw = True
169.2925 	EXP 	window1: recordFrameIntervals = True
171.8412 	EXP 	New trial (rep=4, index=0): None
171.8422 	EXP 	Sound probe started
171.8692 	EXP 	text_2: autoDraw = False
171.8692 	EXP 	text_2: autoDraw = False
172.0582 	EXP 	Sound probe reached end of file
172.0588 	EXP 	window1: recordFrameIntervals = False
172.0784 	EXP 	text_2: autoDraw = True
172.0795 	EXP 	window1: recordFrameIntervals = True
173.2070 	EXP 	New trial (rep=5, index=0): None
173.2079 	EXP 	Sound probe started
173.2324 	EXP 	text_2: autoDraw = False
173.2324 	EXP 	text_2: autoDraw = False
173.4184 	EXP 	Sound probe reached end of file
173.4201 	EXP 	window1: recordFrameIntervals = False
173.4388 	EXP 	text_2: autoDraw = True
173.4400 	EXP 	window1: recordFrameIntervals = True
174.2497 	DATA 	Keypress: space
174.4733 	EXP 	New trial (rep=6, index=0): None
174.4743 	EXP 	Sound probe started
174.4999 	EXP 	text_2: autoDraw = False
174.4999 	EXP 	text_2: autoDraw = False
174.6904 	EXP 	Sound probe reached end of file
174.6915 	EXP 	window1: recordFrameIntervals = False
174.7111 	EXP 	text_2: autoDraw = True
174.7123 	EXP 	window1: recordFrameIntervals = True
176.2997 	DATA 	Keypress: space
176.5303 	EXP 	New trial (rep=7, index=0): None
176.5314 	EXP 	Sound probe started
176.5510 	EXP 	text_2: autoDraw = False
176.5510 	EXP 	text_2: autoDraw = False
176.7385 	EXP 	Sound probe stopped
176.7406 	EXP 	window1: recordFrameIntervals = False
176.7641 	EXP 	text_2: autoDraw = True
176.7653 	EXP 	window1: recordFrameIntervals = True
178.2504 	EXP 	New trial (rep=8, index=0): None
178.2513 	EXP 	Sound probe started
178.2763 	EXP 	text_2: autoDraw = False
178.2763 	EXP 	text_2: autoDraw = False
178.4585 	EXP 	Sound probe stopped
178.4605 	EXP 	window1: recordFrameIntervals = False
178.4814 	EXP 	text_2: autoDraw = True
178.4827 	EXP 	window1: recordFrameIntervals = True
180.1440 	EXP 	text_2: autoDraw = False
180.1440 	EXP 	text_2: autoDraw = False
180.1440 	EXP 	break_txt: autoDraw = True
180.9395 	EXP 	New trial (rep=5, index=0): None
183.3554 	DATA 	Keypress: space
183.3715 	EXP 	break_txt: autoDraw = False
183.3715 	EXP 	text: height = 0.05
183.3715 	EXP 	text: height = 0.05
183.3715 	EXP 	text: text = 'RYTHME'
183.3715 	EXP 	text: autoDraw = True
184.3589 	EXP 	Created sequence: sequential, trialTypes=1, nReps=9, seed=None
184.3591 	EXP 	New trial (rep=0, index=0): None
184.3603 	EXP 	Sound probe started
184.3878 	EXP 	text: autoDraw = False
184.3878 	EXP 	text: autoDraw = False
184.5789 	EXP 	Sound probe reached end of file
184.5809 	EXP 	window1: recordFrameIntervals = False
184.6065 	EXP 	text_2: autoDraw = True
184.6078 	EXP 	window1: recordFrameIntervals = True
187.2376 	EXP 	New trial (rep=1, index=0): None
187.2386 	EXP 	Sound probe started
187.2640 	EXP 	text_2: autoDraw = False
187.2640 	EXP 	text_2: autoDraw = False
187.4585 	EXP 	Sound probe reached end of file
187.4589 	EXP 	window1: recordFrameIntervals = False
187.4792 	EXP 	text_2: autoDraw = True
187.4805 	EXP 	window1: recordFrameIntervals = True
190.1191 	EXP 	New trial (rep=2, index=0): None
190.1226 	EXP 	Sound probe started
190.1410 	EXP 	text_2: autoDraw = False
190.1410 	EXP 	text_2: autoDraw = False
190.3304 	EXP 	Sound probe stopped
190.3309 	EXP 	window1: recordFrameIntervals = False
190.3507 	EXP 	text_2: autoDraw = True
190.3520 	EXP 	window1: recordFrameIntervals = True
192.9936 	EXP 	New trial (rep=3, index=0): None
192.9947 	EXP 	Sound probe started
193.0140 	EXP 	text_2: autoDraw = False
193.0140 	EXP 	text_2: autoDraw = False
193.1984 	EXP 	Sound probe stopped
193.1989 	EXP 	window1: recordFrameIntervals = False
193.2253 	EXP 	text_2: autoDraw = True
193.2267 	EXP 	window1: recordFrameIntervals = True
195.6323 	DATA 	Keypress: space
195.8590 	EXP 	New trial (rep=4, index=0): None
195.8618 	EXP 	Sound probe started
195.8806 	EXP 	text_2: autoDraw = False
195.8806 	EXP 	text_2: autoDraw = False
196.0704 	EXP 	Sound probe stopped
196.0709 	EXP 	window1: recordFrameIntervals = False
196.0907 	EXP 	text_2: autoDraw = True
196.0919 	EXP 	window1: recordFrameIntervals = True
198.7320 	EXP 	New trial (rep=5, index=0): None
198.7332 	EXP 	Sound probe started
198.7522 	EXP 	text_2: autoDraw = False
198.7522 	EXP 	text_2: autoDraw = False
198.9384 	EXP 	Sound probe stopped
198.9388 	EXP 	window1: recordFrameIntervals = False
198.9643 	EXP 	text_2: autoDraw = True
198.9655 	EXP 	window1: recordFrameIntervals = True
201.5986 	EXP 	New trial (rep=6, index=0): None
201.6011 	EXP 	Sound probe started
201.6196 	EXP 	text_2: autoDraw = False
201.6196 	EXP 	text_2: autoDraw = False
201.8062 	EXP 	Sound probe stopped
201.8066 	EXP 	window1: recordFrameIntervals = False
201.8267 	EXP 	text_2: autoDraw = True
201.8278 	EXP 	window1: recordFrameIntervals = True
204.4639 	EXP 	New trial (rep=7, index=0): None
204.4671 	EXP 	Sound probe started
204.4879 	EXP 	text_2: autoDraw = False
204.4879 	EXP 	text_2: autoDraw = False
204.6784 	EXP 	Sound probe stopped
204.6789 	EXP 	window1: recordFrameIntervals = False
204.6987 	EXP 	text_2: autoDraw = True
204.6998 	EXP 	window1: recordFrameIntervals = True
207.1120 	DATA 	Keypress: space
207.3401 	EXP 	New trial (rep=8, index=0): None
207.3413 	EXP 	Sound probe started
207.3598 	EXP 	text_2: autoDraw = False
207.3598 	EXP 	text_2: autoDraw = False
207.5463 	EXP 	Sound probe stopped
207.5468 	EXP 	window1: recordFrameIntervals = False
207.5664 	EXP 	text_2: autoDraw = True
207.5675 	EXP 	window1: recordFrameIntervals = True
210.2305 	EXP 	text_2: autoDraw = False
210.2305 	EXP 	text_2: autoDraw = False
210.2305 	EXP 	break_txt: autoDraw = True
210.9277 	EXP 	New trial (rep=6, index=0): None
213.3778 	DATA 	Keypress: space
213.3935 	EXP 	break_txt: autoDraw = False
213.3935 	EXP 	text: text = 'RYTHME'
213.3935 	EXP 	text: autoDraw = True
214.4001 	EXP 	Created sequence: sequential, trialTypes=1, nReps=10, seed=None
214.4002 	EXP 	New trial (rep=0, index=0): None
214.4015 	EXP 	Sound probe started
214.4262 	EXP 	text: autoDraw = False
214.4262 	EXP 	text: autoDraw = False
214.6183 	EXP 	Sound probe reached end of file
214.6187 	EXP 	window1: recordFrameIntervals = False
214.6390 	EXP 	text_2: autoDraw = True
214.6414 	EXP 	window1: recordFrameIntervals = True
216.7776 	EXP 	New trial (rep=1, index=0): None
216.7812 	EXP 	Sound probe started
216.8011 	EXP 	text_2: autoDraw = False
216.8011 	EXP 	text_2: autoDraw = False
216.9863 	EXP 	Sound probe stopped
216.9868 	EXP 	window1: recordFrameIntervals = False
217.0067 	EXP 	text_2: autoDraw = True
217.0079 	EXP 	window1: recordFrameIntervals = True
219.1423 	EXP 	New trial (rep=2, index=0): None
219.1432 	EXP 	Sound probe started
219.1700 	EXP 	text_2: autoDraw = False
219.1700 	EXP 	text_2: autoDraw = False
219.3583 	EXP 	Sound probe reached end of file
219.3587 	EXP 	window1: recordFrameIntervals = False
219.3857 	EXP 	text_2: autoDraw = True
219.3870 	EXP 	window1: recordFrameIntervals = True
221.5169 	EXP 	New trial (rep=3, index=0): None
221.5206 	EXP 	Sound probe started
221.5400 	EXP 	text_2: autoDraw = False
221.5400 	EXP 	text_2: autoDraw = False
221.7263 	EXP 	Sound probe stopped
221.7268 	EXP 	window1: recordFrameIntervals = False
221.7467 	EXP 	text_2: autoDraw = True
221.7478 	EXP 	window1: recordFrameIntervals = True
223.8840 	EXP 	New trial (rep=4, index=0): None
223.8875 	EXP 	Sound probe started
223.9085 	EXP 	text_2: autoDraw = False
223.9085 	EXP 	text_2: autoDraw = False
224.0943 	EXP 	Sound probe stopped
224.0948 	EXP 	window1: recordFrameIntervals = False
224.1148 	EXP 	text_2: autoDraw = True
224.1159 	EXP 	window1: recordFrameIntervals = True
226.0266 	DATA 	Keypress: space
226.2516 	EXP 	New trial (rep=5, index=0): None
226.2545 	EXP 	Sound probe started
226.2776 	EXP 	text_2: autoDraw = False
226.2776 	EXP 	text_2: autoDraw = False
226.4663 	EXP 	Sound probe stopped
226.4667 	EXP 	window1: recordFrameIntervals = False
226.4862 	EXP 	text_2: autoDraw = True
226.4873 	EXP 	window1: recordFrameIntervals = True
228.3997 	DATA 	Keypress: space
228.6279 	EXP 	New trial (rep=6, index=0): None
228.6306 	EXP 	Sound probe started
228.6493 	EXP 	text_2: autoDraw = False
228.6493 	EXP 	text_2: autoDraw = False
228.8344 	EXP 	Sound probe stopped
228.8349 	EXP 	window1: recordFrameIntervals = False
228.8559 	EXP 	text_2: autoDraw = True
228.8569 	EXP 	window1: recordFrameIntervals = True
230.7667 	DATA 	Keypress: space
230.9926 	EXP 	New trial (rep=7, index=0): None
230.9959 	EXP 	Sound probe started
231.0162 	EXP 	text_2: autoDraw = False
231.0162 	EXP 	text_2: autoDraw = False
231.2063 	EXP 	Sound probe stopped
231.2067 	EXP 	window1: recordFrameIntervals = False
231.2261 	EXP 	text_2: autoDraw = True
231.2271 	EXP 	window1: recordFrameIntervals = True
233.3668 	EXP 	New trial (rep=8, index=0): None
233.3685 	EXP 	Sound probe started
233.3870 	EXP 	text_2: autoDraw = False
233.3870 	EXP 	text_2: autoDraw = False
233.5742 	EXP 	Sound probe stopped
233.5747 	EXP 	window1: recordFrameIntervals = False
233.5941 	EXP 	text_2: autoDraw = True
233.5951 	EXP 	window1: recordFrameIntervals = True
235.5075 	DATA 	Keypress: space
235.7366 	EXP 	New trial (rep=9, index=0): None
235.7379 	EXP 	Sound probe started
235.7566 	EXP 	text_2: autoDraw = False
235.7566 	EXP 	text_2: autoDraw = False
235.9462 	EXP 	Sound probe stopped
235.9467 	EXP 	window1: recordFrameIntervals = False
235.9657 	EXP 	text_2: autoDraw = True
235.9669 	EXP 	window1: recordFrameIntervals = True
237.8787 	DATA 	Keypress: space
238.1276 	EXP 	text_2: autoDraw = False
238.1276 	EXP 	text_2: autoDraw = False
238.1276 	EXP 	break_txt: autoDraw = True
239.1550 	EXP 	New trial (rep=7, index=0): None
242.1056 	DATA 	Keypress: space
242.1213 	EXP 	break_txt: autoDraw = False
242.1213 	EXP 	text: height = 0.05
242.1213 	EXP 	text: height = 0.05
242.1213 	EXP 	text: text = 'RYTHME\n\nHAUTEUR'
242.1213 	EXP 	text: autoDraw = True
242.3252 	DATA 	Keypress: space
243.1433 	EXP 	Created sequence: sequential, trialTypes=1, nReps=9, seed=None
243.1434 	EXP 	New trial (rep=0, index=0): None
243.1445 	EXP 	Sound probe started
243.1710 	EXP 	text: autoDraw = False
243.1710 	EXP 	text: autoDraw = False
243.3545 	EXP 	Sound probe reached end of file
243.3549 	EXP 	window1: recordFrameIntervals = False
243.3851 	EXP 	text_2: autoDraw = True
243.3865 	EXP 	window1: recordFrameIntervals = True
245.8459 	DATA 	Keypress: space
246.0712 	EXP 	New trial (rep=1, index=0): None
246.0722 	EXP 	Sound probe started
246.0981 	EXP 	text_2: autoDraw = False
246.0981 	EXP 	text_2: autoDraw = False
246.2862 	EXP 	Sound probe reached end of file
246.2867 	EXP 	window1: recordFrameIntervals = False
246.3066 	EXP 	text_2: autoDraw = True
246.3077 	EXP 	window1: recordFrameIntervals = True
248.7784 	DATA 	Keypress: space
249.0033 	EXP 	New trial (rep=2, index=0): None
249.0043 	EXP 	Sound probe started
249.0289 	EXP 	text_2: autoDraw = False
249.0289 	EXP 	text_2: autoDraw = False
249.2220 	EXP 	Sound probe reached end of file
249.2225 	EXP 	window1: recordFrameIntervals = False
249.2422 	EXP 	text_2: autoDraw = True
249.2434 	EXP 	window1: recordFrameIntervals = True
251.9398 	EXP 	New trial (rep=3, index=0): None
251.9407 	EXP 	Sound probe started
251.9653 	EXP 	text_2: autoDraw = False
251.9653 	EXP 	text_2: autoDraw = False
252.1542 	EXP 	Sound probe reached end of file
252.1546 	EXP 	window1: recordFrameIntervals = False
252.1741 	EXP 	text_2: autoDraw = True
252.1753 	EXP 	window1: recordFrameIntervals = True
254.8726 	EXP 	New trial (rep=4, index=0): None
254.8745 	EXP 	Sound probe started
254.8931 	EXP 	text_2: autoDraw = False
254.8931 	EXP 	text_2: autoDraw = False
255.0825 	EXP 	Sound probe stopped
255.0843 	EXP 	window1: recordFrameIntervals = False
255.1040 	EXP 	text_2: autoDraw = True
255.1052 	EXP 	window1: recordFrameIntervals = True
257.5763 	DATA 	Keypress: space
257.8012 	EXP 	New trial (rep=5, index=0): None
257.8029 	EXP 	Sound probe started
257.8276 	EXP 	text_2: autoDraw = False
257.8276 	EXP 	text_2: autoDraw = False
258.0227 	EXP 	Sound probe reached end of file
258.0245 	EXP 	window1: recordFrameIntervals = False
258.0445 	EXP 	text_2: autoDraw = True
258.0457 	EXP 	window1: recordFrameIntervals = True
260.5153 	DATA 	Keypress: space
260.7431 	EXP 	New trial (rep=6, index=0): None
260.7467 	EXP 	Sound probe started
260.7654 	EXP 	text_2: autoDraw = False
260.7654 	EXP 	text_2: autoDraw = False
260.9624 	EXP 	Sound probe reached end of file
260.9644 	EXP 	window1: recordFrameIntervals = False
260.9852 	EXP 	text_2: autoDraw = True
260.9864 	EXP 	window1: recordFrameIntervals = True
263.4563 	DATA 	Keypress: space
263.6878 	EXP 	New trial (rep=7, index=0): None
263.6889 	EXP 	Sound probe started
263.7087 	EXP 	text_2: autoDraw = False
263.7087 	EXP 	text_2: autoDraw = False
263.8944 	EXP 	Sound probe stopped
263.8960 	EXP 	window1: recordFrameIntervals = False
263.9166 	EXP 	text_2: autoDraw = True
263.9179 	EXP 	window1: recordFrameIntervals = True
266.6165 	EXP 	New trial (rep=8, index=0): None
266.6199 	EXP 	Sound probe started
266.6382 	EXP 	text_2: autoDraw = False
266.6382 	EXP 	text_2: autoDraw = False
266.8342 	EXP 	Sound probe reached end of file
266.8359 	EXP 	window1: recordFrameIntervals = False
266.8548 	EXP 	text_2: autoDraw = True
266.8561 	EXP 	window1: recordFrameIntervals = True
269.5768 	EXP 	text_2: autoDraw = False
269.5768 	EXP 	text_2: autoDraw = False
269.5768 	EXP 	break_txt: autoDraw = True
271.0973 	EXP 	New trial (rep=8, index=0): None
273.8787 	DATA 	Keypress: space
273.8947 	EXP 	break_txt: autoDraw = False
273.8947 	EXP 	text: height = 0.05
273.8947 	EXP 	text: height = 0.05
273.8947 	EXP 	text: text = 'RYTHME'
273.8947 	EXP 	text: autoDraw = True
274.9026 	EXP 	Created sequence: sequential, trialTypes=1, nReps=9, seed=None
274.9027 	EXP 	New trial (rep=0, index=0): None
274.9066 	EXP 	Sound probe started
274.9320 	EXP 	text: autoDraw = False
274.9320 	EXP 	text: autoDraw = False
275.1223 	EXP 	Sound probe reached end of file
275.1240 	EXP 	window1: recordFrameIntervals = False
275.1455 	EXP 	text_2: autoDraw = True
275.1468 	EXP 	window1: recordFrameIntervals = True
277.0682 	EXP 	New trial (rep=1, index=0): None
277.0691 	EXP 	Sound probe started
277.0958 	EXP 	text_2: autoDraw = False
277.0958 	EXP 	text_2: autoDraw = False
277.2823 	EXP 	Sound probe reached end of file
277.2827 	EXP 	window1: recordFrameIntervals = False
277.3026 	EXP 	text_2: autoDraw = True
277.3038 	EXP 	window1: recordFrameIntervals = True
279.0012 	DATA 	Keypress: space
279.2285 	EXP 	New trial (rep=2, index=0): None
279.2322 	EXP 	Sound probe started
279.2509 	EXP 	text_2: autoDraw = False
279.2509 	EXP 	text_2: autoDraw = False
279.4421 	EXP 	Sound probe stopped
279.4439 	EXP 	window1: recordFrameIntervals = False
279.4626 	EXP 	text_2: autoDraw = True
279.4639 	EXP 	window1: recordFrameIntervals = True
281.1635 	DATA 	Keypress: space
281.3887 	EXP 	New trial (rep=3, index=0): None
281.3897 	EXP 	Sound probe started
281.4164 	EXP 	text_2: autoDraw = False
281.4164 	EXP 	text_2: autoDraw = False
281.6023 	EXP 	Sound probe reached end of file
281.6027 	EXP 	window1: recordFrameIntervals = False
281.6338 	EXP 	text_2: autoDraw = True
281.6350 	EXP 	window1: recordFrameIntervals = True
283.3217 	DATA 	Keypress: space
283.5484 	EXP 	New trial (rep=4, index=0): None
283.5523 	EXP 	Sound probe started
283.5723 	EXP 	text_2: autoDraw = False
283.5723 	EXP 	text_2: autoDraw = False
283.7622 	EXP 	Sound probe stopped
283.7627 	EXP 	window1: recordFrameIntervals = False
283.7818 	EXP 	text_2: autoDraw = True
283.7829 	EXP 	window1: recordFrameIntervals = True
285.4816 	DATA 	Keypress: space
285.7080 	EXP 	New trial (rep=5, index=0): None
285.7089 	EXP 	Sound probe started
285.7346 	EXP 	text_2: autoDraw = False
285.7346 	EXP 	text_2: autoDraw = False
285.9223 	EXP 	Sound probe reached end of file
285.9245 	EXP 	window1: recordFrameIntervals = False
285.9456 	EXP 	text_2: autoDraw = True
285.9469 	EXP 	window1: recordFrameIntervals = True
287.6440 	DATA 	Keypress: space
287.8733 	EXP 	New trial (rep=6, index=0): None
287.8763 	EXP 	Sound probe started
287.8952 	EXP 	text_2: autoDraw = False
287.8952 	EXP 	text_2: autoDraw = False
288.0824 	EXP 	Sound probe stopped
288.0843 	EXP 	window1: recordFrameIntervals = False
288.1067 	EXP 	text_2: autoDraw = True
288.1081 	EXP 	window1: recordFrameIntervals = True
289.8025 	DATA 	Keypress: space
290.0351 	EXP 	New trial (rep=7, index=0): None
290.0363 	EXP 	Sound probe started
290.0555 	EXP 	text_2: autoDraw = False
290.0555 	EXP 	text_2: autoDraw = False
290.2503 	EXP 	Sound probe reached end of file
290.2508 	EXP 	window1: recordFrameIntervals = False
290.2704 	EXP 	text_2: autoDraw = True
290.2715 	EXP 	window1: recordFrameIntervals = True
291.9693 	DATA 	Keypress: space
292.1986 	EXP 	New trial (rep=8, index=0): None
292.1997 	EXP 	Sound probe started
292.2190 	EXP 	text_2: autoDraw = False
292.2190 	EXP 	text_2: autoDraw = False
292.4101 	EXP 	Sound probe reached end of file
292.4118 	EXP 	window1: recordFrameIntervals = False
292.4307 	EXP 	text_2: autoDraw = True
292.4320 	EXP 	window1: recordFrameIntervals = True
294.1304 	DATA 	Keypress: space
294.3838 	EXP 	text_2: autoDraw = False
294.3838 	EXP 	text_2: autoDraw = False
294.3838 	EXP 	break_txt: autoDraw = True
295.3768 	EXP 	New trial (rep=9, index=0): None
298.2320 	DATA 	Keypress: space
298.2473 	EXP 	break_txt: autoDraw = False
298.2473 	EXP 	text: text = 'RYTHME'
298.2473 	EXP 	text: autoDraw = True
299.2372 	EXP 	Created sequence: sequential, trialTypes=1, nReps=11, seed=None
299.2374 	EXP 	New trial (rep=0, index=0): None
299.2386 	EXP 	Sound probe started
299.2649 	EXP 	text: autoDraw = False
299.2649 	EXP 	text: autoDraw = False
299.4584 	EXP 	Sound probe reached end of file
299.4588 	EXP 	window1: recordFrameIntervals = False
299.4787 	EXP 	text_2: autoDraw = True
299.4798 	EXP 	window1: recordFrameIntervals = True
302.2618 	EXP 	New trial (rep=1, index=0): None
302.2628 	EXP 	Sound probe started
302.2896 	EXP 	text_2: autoDraw = False
302.2896 	EXP 	text_2: autoDraw = False
302.4784 	EXP 	Sound probe reached end of file
302.4789 	EXP 	window1: recordFrameIntervals = False
302.5002 	EXP 	text_2: autoDraw = True
302.5015 	EXP 	window1: recordFrameIntervals = True
305.2811 	EXP 	New trial (rep=2, index=0): None
305.2820 	EXP 	Sound probe started
305.3090 	EXP 	text_2: autoDraw = False
305.3090 	EXP 	text_2: autoDraw = False
305.4984 	EXP 	Sound probe reached end of file
305.5002 	EXP 	window1: recordFrameIntervals = False
305.5208 	EXP 	text_2: autoDraw = True
305.5220 	EXP 	window1: recordFrameIntervals = True
308.3025 	EXP 	New trial (rep=3, index=0): None
308.3035 	EXP 	Sound probe started
308.3302 	EXP 	text_2: autoDraw = False
308.3302 	EXP 	text_2: autoDraw = False
308.5182 	EXP 	Sound probe reached end of file
308.5187 	EXP 	window1: recordFrameIntervals = False
308.5382 	EXP 	text_2: autoDraw = True
308.5393 	EXP 	window1: recordFrameIntervals = True
311.0946 	DATA 	Keypress: space
311.3207 	EXP 	New trial (rep=4, index=0): None
311.3217 	EXP 	Sound probe started
311.3485 	EXP 	text_2: autoDraw = False
311.3485 	EXP 	text_2: autoDraw = False
311.5383 	EXP 	Sound probe reached end of file
311.5403 	EXP 	window1: recordFrameIntervals = False
311.5603 	EXP 	text_2: autoDraw = True
311.5616 	EXP 	window1: recordFrameIntervals = True
314.1161 	DATA 	Keypress: space
314.3422 	EXP 	New trial (rep=5, index=0): None
314.3433 	EXP 	Sound probe started
314.3704 	EXP 	text_2: autoDraw = False
314.3704 	EXP 	text_2: autoDraw = False
314.5582 	EXP 	Sound probe reached end of file
314.5587 	EXP 	window1: recordFrameIntervals = False
314.5792 	EXP 	text_2: autoDraw = True
314.5803 	EXP 	window1: recordFrameIntervals = True
317.1348 	DATA 	Keypress: space
317.3609 	EXP 	New trial (rep=6, index=0): None
317.3619 	EXP 	Sound probe started
317.3883 	EXP 	text_2: autoDraw = False
317.3883 	EXP 	text_2: autoDraw = False
317.5784 	EXP 	Sound probe reached end of file
317.5804 	EXP 	window1: recordFrameIntervals = False
317.5998 	EXP 	text_2: autoDraw = True
317.6010 	EXP 	window1: recordFrameIntervals = True
320.3833 	EXP 	New trial (rep=7, index=0): None
320.3844 	EXP 	Sound probe started
320.4102 	EXP 	text_2: autoDraw = False
320.4102 	EXP 	text_2: autoDraw = False
320.5984 	EXP 	Sound probe reached end of file
320.5988 	EXP 	window1: recordFrameIntervals = False
320.6182 	EXP 	text_2: autoDraw = True
320.6193 	EXP 	window1: recordFrameIntervals = True
323.4014 	EXP 	New trial (rep=8, index=0): None
323.4024 	EXP 	Sound probe started
323.4291 	EXP 	text_2: autoDraw = False
323.4291 	EXP 	text_2: autoDraw = False
323.6183 	EXP 	Sound probe reached end of file
323.6202 	EXP 	window1: recordFrameIntervals = False
323.6392 	EXP 	text_2: autoDraw = True
323.6404 	EXP 	window1: recordFrameIntervals = True
326.4235 	EXP 	New trial (rep=9, index=0): None
326.4257 	EXP 	Sound probe started
326.4510 	EXP 	text_2: autoDraw = False
326.4510 	EXP 	text_2: autoDraw = False
326.6380 	EXP 	Sound probe reached end of file
326.6385 	EXP 	window1: recordFrameIntervals = False
326.6584 	EXP 	text_2: autoDraw = True
326.6595 	EXP 	window1: recordFrameIntervals = True
329.4411 	EXP 	New trial (rep=10, index=0): None
329.4419 	EXP 	Sound probe started
329.4696 	EXP 	text_2: autoDraw = False
329.4696 	EXP 	text_2: autoDraw = False
329.6583 	EXP 	Sound probe reached end of file
329.6602 	EXP 	window1: recordFrameIntervals = False
329.6798 	EXP 	text_2: autoDraw = True
329.6811 	EXP 	window1: recordFrameIntervals = True
332.4892 	EXP 	text_2: autoDraw = False
332.4892 	EXP 	text_2: autoDraw = False
332.4892 	EXP 	break_txt: autoDraw = True
336.8163 	EXP 	New trial (rep=10, index=0): None
339.7632 	DATA 	Keypress: space
339.7790 	EXP 	break_txt: autoDraw = False
339.7790 	EXP 	text: text = 'RYTHME'
339.7790 	EXP 	text: autoDraw = True
340.7864 	EXP 	Created sequence: sequential, trialTypes=1, nReps=10, seed=None
340.7865 	EXP 	New trial (rep=0, index=0): None
340.7876 	EXP 	Sound probe started
340.8179 	EXP 	text: autoDraw = False
340.8179 	EXP 	text: autoDraw = False
341.0063 	EXP 	Sound probe reached end of file
341.0080 	EXP 	window1: recordFrameIntervals = False
341.0357 	EXP 	text_2: autoDraw = True
341.0368 	EXP 	window1: recordFrameIntervals = True
342.8288 	EXP 	New trial (rep=1, index=0): None
342.8324 	EXP 	Sound probe started
342.8515 	EXP 	text_2: autoDraw = False
342.8515 	EXP 	text_2: autoDraw = False
343.0381 	EXP 	Sound probe stopped
343.0400 	EXP 	window1: recordFrameIntervals = False
343.0592 	EXP 	text_2: autoDraw = True
343.0604 	EXP 	window1: recordFrameIntervals = True
344.6324 	DATA 	Keypress: space
344.8600 	EXP 	New trial (rep=2, index=0): None
344.8626 	EXP 	Sound probe started
344.8864 	EXP 	text_2: autoDraw = False
344.8864 	EXP 	text_2: autoDraw = False
345.0781 	EXP 	Sound probe reached end of file
345.0791 	EXP 	window1: recordFrameIntervals = False
345.0959 	EXP 	text_2: autoDraw = True
345.0972 	EXP 	window1: recordFrameIntervals = True
346.6708 	DATA 	Keypress: space
346.8998 	EXP 	New trial (rep=3, index=0): None
346.9033 	EXP 	Sound probe started
346.9225 	EXP 	text_2: autoDraw = False
346.9225 	EXP 	text_2: autoDraw = False
347.1062 	EXP 	Sound probe stopped
347.1081 	EXP 	window1: recordFrameIntervals = False
347.1290 	EXP 	text_2: autoDraw = True
347.1302 	EXP 	window1: recordFrameIntervals = True
348.6995 	DATA 	Keypress: space
348.9259 	EXP 	New trial (rep=4, index=0): None
348.9269 	EXP 	Sound probe started
348.9512 	EXP 	text_2: autoDraw = False
348.9512 	EXP 	text_2: autoDraw = False
349.1342 	EXP 	Sound probe stopped
349.1348 	EXP 	window1: recordFrameIntervals = False
349.1667 	EXP 	text_2: autoDraw = True
349.1679 	EXP 	window1: recordFrameIntervals = True
350.7266 	DATA 	Keypress: space
350.9560 	EXP 	New trial (rep=5, index=0): None
350.9592 	EXP 	Sound probe started
350.9780 	EXP 	text_2: autoDraw = False
350.9780 	EXP 	text_2: autoDraw = False
351.1661 	EXP 	Sound probe stopped
351.1666 	EXP 	window1: recordFrameIntervals = False
351.1864 	EXP 	text_2: autoDraw = True
351.1876 	EXP 	window1: recordFrameIntervals = True
352.9840 	EXP 	New trial (rep=6, index=0): None
352.9850 	EXP 	Sound probe started
353.0110 	EXP 	text_2: autoDraw = False
353.0110 	EXP 	text_2: autoDraw = False
353.1943 	EXP 	Sound probe reached end of file
353.1956 	EXP 	window1: recordFrameIntervals = False
353.2162 	EXP 	text_2: autoDraw = True
353.2175 	EXP 	window1: recordFrameIntervals = True
354.7875 	DATA 	Keypress: space
355.0154 	EXP 	New trial (rep=7, index=0): None
355.0164 	EXP 	Sound probe started
355.0425 	EXP 	text_2: autoDraw = False
355.0425 	EXP 	text_2: autoDraw = False
355.2343 	EXP 	Sound probe reached end of file
355.2347 	EXP 	window1: recordFrameIntervals = False
355.2646 	EXP 	text_2: autoDraw = True
355.2657 	EXP 	window1: recordFrameIntervals = True
356.8268 	DATA 	Keypress: space
357.0535 	EXP 	New trial (rep=8, index=0): None
357.0544 	EXP 	Sound probe started
357.0813 	EXP 	text_2: autoDraw = False
357.0813 	EXP 	text_2: autoDraw = False
357.2740 	EXP 	Sound probe reached end of file
357.2745 	EXP 	window1: recordFrameIntervals = False
357.2931 	EXP 	text_2: autoDraw = True
357.2941 	EXP 	window1: recordFrameIntervals = True
358.8668 	DATA 	Keypress: space
359.0958 	EXP 	New trial (rep=9, index=0): None
359.0993 	EXP 	Sound probe started
359.1185 	EXP 	text_2: autoDraw = False
359.1185 	EXP 	text_2: autoDraw = False
359.3059 	EXP 	Sound probe stopped
359.3064 	EXP 	window1: recordFrameIntervals = False
359.3259 	EXP 	text_2: autoDraw = True
359.3269 	EXP 	window1: recordFrameIntervals = True
360.8984 	DATA 	Keypress: space
361.1527 	EXP 	text_2: autoDraw = False
361.1527 	EXP 	text_2: autoDraw = False
361.1527 	EXP 	break_txt: autoDraw = True
362.1636 	EXP 	New trial (rep=11, index=0): None
365.0107 	DATA 	Keypress: space
365.0264 	EXP 	break_txt: autoDraw = False
365.0264 	EXP 	text: text = 'RYTHME'
365.0264 	EXP 	text: autoDraw = True
366.0176 	EXP 	Created sequence: sequential, trialTypes=1, nReps=9, seed=None
366.0179 	EXP 	New trial (rep=0, index=0): None
366.0189 	EXP 	Sound probe started
366.0457 	EXP 	text: autoDraw = False
366.0457 	EXP 	text: autoDraw = False
366.2366 	EXP 	Sound probe reached end of file
366.2371 	EXP 	window1: recordFrameIntervals = False
366.2636 	EXP 	text_2: autoDraw = True
366.2646 	EXP 	window1: recordFrameIntervals = True
368.5819 	DATA 	Keypress: space
368.8139 	EXP 	New trial (rep=1, index=0): None
368.8150 	EXP 	Sound probe started
368.8348 	EXP 	text_2: autoDraw = False
368.8348 	EXP 	text_2: autoDraw = False
369.0141 	EXP 	Sound probe stopped
369.0145 	EXP 	window1: recordFrameIntervals = False
369.0393 	EXP 	text_2: autoDraw = True
369.0404 	EXP 	window1: recordFrameIntervals = True
371.3600 	DATA 	Keypress: space
371.5882 	EXP 	New trial (rep=2, index=0): None
371.5908 	EXP 	Sound probe started
371.6142 	EXP 	text_2: autoDraw = False
371.6142 	EXP 	text_2: autoDraw = False
371.8062 	EXP 	Sound probe reached end of file
371.8067 	EXP 	window1: recordFrameIntervals = False
371.8266 	EXP 	text_2: autoDraw = True
371.8279 	EXP 	window1: recordFrameIntervals = True
374.3838 	EXP 	New trial (rep=3, index=0): None
374.3849 	EXP 	Sound probe started
374.4035 	EXP 	text_2: autoDraw = False
374.4035 	EXP 	text_2: autoDraw = False
374.5942 	EXP 	Sound probe stopped
374.5960 	EXP 	window1: recordFrameIntervals = False
374.6166 	EXP 	text_2: autoDraw = True
374.6179 	EXP 	window1: recordFrameIntervals = True
376.9407 	DATA 	Keypress: space
377.1718 	EXP 	New trial (rep=4, index=0): None
377.1729 	EXP 	Sound probe started
377.1930 	EXP 	text_2: autoDraw = False
377.1930 	EXP 	text_2: autoDraw = False
377.3822 	EXP 	Sound probe reached end of file
377.3839 	EXP 	window1: recordFrameIntervals = False
377.4035 	EXP 	text_2: autoDraw = True
377.4050 	EXP 	window1: recordFrameIntervals = True
379.9617 	EXP 	New trial (rep=5, index=0): None
379.9630 	EXP 	Sound probe started
379.9822 	EXP 	text_2: autoDraw = False
379.9822 	EXP 	text_2: autoDraw = False
380.1895 	EXP 	Sound probe reached end of file
380.1913 	EXP 	window1: recordFrameIntervals = False
380.2170 	EXP 	text_2: autoDraw = True
380.2182 	EXP 	window1: recordFrameIntervals = True
382.7637 	EXP 	New trial (rep=6, index=0): None
382.7646 	EXP 	Sound probe started
382.7912 	EXP 	text_2: autoDraw = False
382.7912 	EXP 	text_2: autoDraw = False
382.9823 	EXP 	Sound probe reached end of file
382.9838 	EXP 	window1: recordFrameIntervals = False
382.9996 	EXP 	text_2: autoDraw = True
383.0008 	EXP 	window1: recordFrameIntervals = True
385.5573 	EXP 	New trial (rep=7, index=0): None
385.5609 	EXP 	Sound probe started
385.5797 	EXP 	text_2: autoDraw = False
385.5797 	EXP 	text_2: autoDraw = False
385.7622 	EXP 	Sound probe stopped
385.7641 	EXP 	window1: recordFrameIntervals = False
385.7839 	EXP 	text_2: autoDraw = True
385.7852 	EXP 	window1: recordFrameIntervals = True
388.1093 	DATA 	Keypress: space
388.3374 	EXP 	New trial (rep=8, index=0): None
388.3384 	EXP 	Sound probe started
388.3647 	EXP 	text_2: autoDraw = False
388.3647 	EXP 	text_2: autoDraw = False
388.5542 	EXP 	Sound probe reached end of file
388.5560 	EXP 	window1: recordFrameIntervals = False
388.5722 	EXP 	text_2: autoDraw = True
388.5735 	EXP 	window1: recordFrameIntervals = True
391.1524 	EXP 	text_2: autoDraw = False
391.1524 	EXP 	text_2: autoDraw = False
391.1524 	EXP 	break_txt: autoDraw = True
393.4951 	EXP 	New trial (rep=12, index=0): None
395.9239 	DATA 	Keypress: space
395.9396 	EXP 	break_txt: autoDraw = False
395.9396 	EXP 	text: height = 0.05
395.9396 	EXP 	text: height = 0.05
395.9396 	EXP 	text: text = 'RYTHME\n\nHAUTEUR'
395.9396 	EXP 	text: autoDraw = True
396.9367 	EXP 	Created sequence: sequential, trialTypes=1, nReps=15, seed=None
396.9368 	EXP 	New trial (rep=0, index=0): None
396.9381 	EXP 	Sound probe started
396.9644 	EXP 	text: autoDraw = False
396.9644 	EXP 	text: autoDraw = False
397.1542 	EXP 	Sound probe reached end of file
397.1546 	EXP 	window1: recordFrameIntervals = False
397.1744 	EXP 	text_2: autoDraw = True
397.1757 	EXP 	window1: recordFrameIntervals = True
399.2299 	EXP 	New trial (rep=1, index=0): None
399.2309 	EXP 	Sound probe started
399.2575 	EXP 	text_2: autoDraw = False
399.2575 	EXP 	text_2: autoDraw = False
399.4501 	EXP 	Sound probe reached end of file
399.4506 	EXP 	window1: recordFrameIntervals = False
399.4699 	EXP 	text_2: autoDraw = True
399.4710 	EXP 	window1: recordFrameIntervals = True
401.2962 	DATA 	Keypress: space
401.5286 	EXP 	New trial (rep=2, index=0): None
401.5297 	EXP 	Sound probe started
401.5486 	EXP 	text_2: autoDraw = False
401.5486 	EXP 	text_2: autoDraw = False
401.7302 	EXP 	Sound probe stopped
401.7307 	EXP 	window1: recordFrameIntervals = False
401.7573 	EXP 	text_2: autoDraw = True
401.7585 	EXP 	window1: recordFrameIntervals = True
403.5770 	DATA 	Keypress: space
403.8085 	EXP 	New trial (rep=3, index=0): None
403.8120 	EXP 	Sound probe started
403.8328 	EXP 	text_2: autoDraw = False
403.8328 	EXP 	text_2: autoDraw = False
403.9771 	DATA 	Keypress: space
404.0220 	EXP 	Sound probe stopped
404.0225 	EXP 	window1: recordFrameIntervals = False
404.0417 	EXP 	text_2: autoDraw = True
404.0428 	EXP 	window1: recordFrameIntervals = True
406.1003 	EXP 	New trial (rep=4, index=0): None
406.1014 	EXP 	Sound probe started
406.1207 	EXP 	text_2: autoDraw = False
406.1207 	EXP 	text_2: autoDraw = False
406.3102 	EXP 	Sound probe reached end of file
406.3121 	EXP 	window1: recordFrameIntervals = False
406.3374 	EXP 	text_2: autoDraw = True
406.3386 	EXP 	window1: recordFrameIntervals = True
408.1578 	DATA 	Keypress: space
408.3390 	DATA 	Keypress: space
408.3901 	EXP 	New trial (rep=5, index=0): None
408.3912 	EXP 	Sound probe started
408.4105 	EXP 	text_2: autoDraw = False
408.4105 	EXP 	text_2: autoDraw = False
408.6163 	EXP 	Sound probe reached end of file
408.6168 	EXP 	window1: recordFrameIntervals = False
408.6479 	EXP 	text_2: autoDraw = True
408.6522 	EXP 	window1: recordFrameIntervals = True
410.6919 	EXP 	New trial (rep=6, index=0): None
410.6928 	EXP 	Sound probe started
410.7188 	EXP 	text_2: autoDraw = False
410.7188 	EXP 	text_2: autoDraw = False
410.9102 	EXP 	Sound probe reached end of file
410.9117 	EXP 	window1: recordFrameIntervals = False
410.9336 	EXP 	text_2: autoDraw = True
410.9348 	EXP 	window1: recordFrameIntervals = True
412.7595 	DATA 	Keypress: space
412.9914 	EXP 	New trial (rep=7, index=0): None
412.9925 	EXP 	Sound probe started
413.0116 	EXP 	text_2: autoDraw = False
413.0116 	EXP 	text_2: autoDraw = False
413.2023 	EXP 	Sound probe stopped
413.2040 	EXP 	window1: recordFrameIntervals = False
413.2242 	EXP 	text_2: autoDraw = True
413.2254 	EXP 	window1: recordFrameIntervals = True
415.0507 	DATA 	Keypress: space
415.2867 	EXP 	New trial (rep=8, index=0): None
415.2879 	EXP 	Sound probe started
415.3064 	EXP 	text_2: autoDraw = False
415.3064 	EXP 	text_2: autoDraw = False
415.5019 	EXP 	Sound probe reached end of file
415.5214 	EXP 	window1: recordFrameIntervals = False
415.5459 	EXP 	text_2: autoDraw = True
415.5470 	EXP 	window1: recordFrameIntervals = True
417.3681 	DATA 	Keypress: space
417.6031 	EXP 	New trial (rep=9, index=0): None
417.6044 	EXP 	Sound probe started
417.6234 	EXP 	text_2: autoDraw = False
417.6234 	EXP 	text_2: autoDraw = False
417.8308 	EXP 	Sound probe reached end of file
417.8312 	EXP 	window1: recordFrameIntervals = False
417.8621 	EXP 	text_2: autoDraw = True
417.8633 	EXP 	window1: recordFrameIntervals = True
419.6780 	DATA 	Keypress: space
419.9070 	EXP 	New trial (rep=10, index=0): None
419.9105 	EXP 	Sound probe started
419.9320 	EXP 	text_2: autoDraw = False
419.9320 	EXP 	text_2: autoDraw = False
420.1222 	EXP 	Sound probe stopped
420.1226 	EXP 	window1: recordFrameIntervals = False
420.1426 	EXP 	text_2: autoDraw = True
420.1439 	EXP 	window1: recordFrameIntervals = True
421.9688 	DATA 	Keypress: space
422.2013 	EXP 	New trial (rep=11, index=0): None
422.2026 	EXP 	Sound probe started
422.2214 	EXP 	text_2: autoDraw = False
422.2214 	EXP 	text_2: autoDraw = False
422.4226 	EXP 	Sound probe reached end of file
422.4230 	EXP 	window1: recordFrameIntervals = False
422.4532 	EXP 	text_2: autoDraw = True
422.4546 	EXP 	window1: recordFrameIntervals = True
424.2689 	DATA 	Keypress: space
424.5004 	EXP 	New trial (rep=12, index=0): None
424.5031 	EXP 	Sound probe started
424.5217 	EXP 	text_2: autoDraw = False
424.5217 	EXP 	text_2: autoDraw = False
424.7249 	EXP 	Sound probe reached end of file
424.7253 	EXP 	window1: recordFrameIntervals = False
424.7535 	EXP 	text_2: autoDraw = True
424.7546 	EXP 	window1: recordFrameIntervals = True
426.8016 	EXP 	New trial (rep=13, index=0): None
426.8051 	EXP 	Sound probe started
426.8235 	EXP 	text_2: autoDraw = False
426.8235 	EXP 	text_2: autoDraw = False
427.0101 	EXP 	Sound probe stopped
427.0105 	EXP 	window1: recordFrameIntervals = False
427.0303 	EXP 	text_2: autoDraw = True
427.0314 	EXP 	window1: recordFrameIntervals = True
428.8569 	DATA 	Keypress: space
429.0887 	EXP 	New trial (rep=14, index=0): None
429.0911 	EXP 	Sound probe started
429.1096 	EXP 	text_2: autoDraw = False
429.1096 	EXP 	text_2: autoDraw = False
429.3111 	EXP 	Sound probe reached end of file
429.3116 	EXP 	window1: recordFrameIntervals = False
429.3424 	EXP 	text_2: autoDraw = True
429.3436 	EXP 	window1: recordFrameIntervals = True
431.1579 	DATA 	Keypress: space
431.4103 	EXP 	text_2: autoDraw = False
431.4103 	EXP 	text_2: autoDraw = False
431.4103 	EXP 	break_txt: autoDraw = True
433.7394 	EXP 	New trial (rep=13, index=0): None
436.6406 	DATA 	Keypress: space
436.6562 	EXP 	break_txt: autoDraw = False
436.6562 	EXP 	text: text = 'RYTHME\n\nHAUTEUR'
436.6562 	EXP 	text: autoDraw = True
437.6684 	EXP 	Created sequence: sequential, trialTypes=1, nReps=8, seed=None
437.6685 	EXP 	New trial (rep=0, index=0): None
437.6698 	EXP 	Sound probe started
437.6947 	EXP 	text: autoDraw = False
437.6947 	EXP 	text: autoDraw = False
437.8802 	EXP 	Sound probe reached end of file
437.8807 	EXP 	window1: recordFrameIntervals = False
437.9112 	EXP 	text_2: autoDraw = True
437.9125 	EXP 	window1: recordFrameIntervals = True
440.5536 	EXP 	New trial (rep=1, index=0): None
440.5547 	EXP 	Sound probe started
440.5735 	EXP 	text_2: autoDraw = False
440.5735 	EXP 	text_2: autoDraw = False
440.7751 	EXP 	Sound probe reached end of file
440.7755 	EXP 	window1: recordFrameIntervals = False
440.8062 	EXP 	text_2: autoDraw = True
440.8074 	EXP 	window1: recordFrameIntervals = True
443.4444 	EXP 	New trial (rep=2, index=0): None
443.4453 	EXP 	Sound probe started
443.4719 	EXP 	text_2: autoDraw = False
443.4719 	EXP 	text_2: autoDraw = False
443.6580 	EXP 	Sound probe reached end of file
443.6585 	EXP 	window1: recordFrameIntervals = False
443.6782 	EXP 	text_2: autoDraw = True
443.6795 	EXP 	window1: recordFrameIntervals = True
446.3323 	EXP 	New trial (rep=3, index=0): None
446.3335 	EXP 	Sound probe started
446.3533 	EXP 	text_2: autoDraw = False
446.3533 	EXP 	text_2: autoDraw = False
446.5597 	EXP 	Sound probe reached end of file
446.5601 	EXP 	window1: recordFrameIntervals = False
446.5909 	EXP 	text_2: autoDraw = True
446.5922 	EXP 	window1: recordFrameIntervals = True
448.9986 	DATA 	Keypress: space
449.2319 	EXP 	New trial (rep=4, index=0): None
449.2330 	EXP 	Sound probe started
449.2526 	EXP 	text_2: autoDraw = False
449.2526 	EXP 	text_2: autoDraw = False
449.4502 	EXP 	Sound probe reached end of file
449.4506 	EXP 	window1: recordFrameIntervals = False
449.4786 	EXP 	text_2: autoDraw = True
449.4797 	EXP 	window1: recordFrameIntervals = True
451.8893 	DATA 	Keypress: space
452.1265 	EXP 	New trial (rep=5, index=0): None
452.1278 	EXP 	Sound probe started
452.1460 	EXP 	text_2: autoDraw = False
452.1460 	EXP 	text_2: autoDraw = False
452.3492 	EXP 	Sound probe reached end of file
452.3496 	EXP 	window1: recordFrameIntervals = False
452.3778 	EXP 	text_2: autoDraw = True
452.3788 	EXP 	window1: recordFrameIntervals = True
454.7885 	DATA 	Keypress: space
455.0219 	EXP 	New trial (rep=6, index=0): None
455.0228 	EXP 	Sound probe started
455.0432 	EXP 	text_2: autoDraw = False
455.0432 	EXP 	text_2: autoDraw = False
455.2378 	EXP 	Sound probe reached end of file
455.2383 	EXP 	window1: recordFrameIntervals = False
455.2573 	EXP 	text_2: autoDraw = True
455.2586 	EXP 	window1: recordFrameIntervals = True
457.9115 	EXP 	New trial (rep=7, index=0): None
457.9124 	EXP 	Sound probe started
457.9318 	EXP 	text_2: autoDraw = False
457.9318 	EXP 	text_2: autoDraw = False
458.1258 	EXP 	Sound probe reached end of file
458.1263 	EXP 	window1: recordFrameIntervals = False
458.1463 	EXP 	text_2: autoDraw = True
458.1476 	EXP 	window1: recordFrameIntervals = True
460.8174 	EXP 	text_2: autoDraw = False
460.8174 	EXP 	text_2: autoDraw = False
460.8174 	EXP 	break_txt: autoDraw = True
462.7937 	DATA 	Keypress: space
462.8215 	EXP 	break_txt: autoDraw = False
462.8215 	EXP 	blank_text: autoDraw = True
463.8574 	EXP 	blank_text: autoDraw = False
463.8574 	EXP 	end_txt: autoDraw = True
465.9460 	DATA 	Keypress: space
465.9747 	EXP 	end_txt: autoDraw = False
466.0803 	EXP 	window1: mouseVisible = True
