140.7900 	WARNING 	User requested fullscreen with size [2560 1440], but screen is actually [3840, 2160]. Using actual size
144.0010 	WARNING 	Couldn't measure a consistent frame rate!
  - Is your graphics card set to sync to vertical blank?
  - Are you running other processes on your computer?

144.0020 	EXP 	Created window1 = Window(allowGUI=False, allowStencil=False, autoLog=True, backendConf=UNKNOWN, bitsMode=UNKNOWN, blendMode='avg', bpc=(8, 8, 8), color=array([0, 0, 0]), colorSpace='rgb', depthBits=8, fullscr=<method-wrapper '__getattribute__' of attributeSetter object at 0x0000021F4FF88B20>, gamma=None, gammaErrorPolicy='raise', lms=UNKNOWN, monitor=<psychopy.monitors.calibTools.Monitor object at 0x0000021F50C66070>, multiSample=False, name='window1', numSamples=2, pos=(0, 0), screen=0, size=array([3840, 2160]), stencilBits=0, stereo=False, units='height', useFBO=True, useRetina=False, viewOri=0.0, viewPos=None, viewScale=None, waitBlanking=True, winType='pyglet')
144.0028 	EXP 	window1: mouseVisible = True
144.0029 	EXP 	window1: Attempting to measure frame rate of screen (0) ...
144.0030 	EXP 	window1: recordFrameIntervals = False
144.2140 	EXP 	window1: recordFrameIntervals = True
144.2837 	WARNING 	t of last frame was 21.68ms (=1/46)
144.3204 	WARNING 	t of last frame was 21.57ms (=1/46)
144.3689 	WARNING 	t of last frame was 20.20ms (=1/49)
144.3958 	WARNING 	t of last frame was 26.92ms (=1/37)
144.4164 	WARNING 	Multiple dropped frames have occurred - I'll stop bothering you about them!
146.3175 	WARNING 	Couldn't measure a consistent frame rate!
  - Is your graphics card set to sync to vertical blank?
  - Are you running other processes on your computer?

148.0738 	EXP 	Created text = TextStim(__class__=<class 'psychopy.visual.text.TextStim'>, alignHoriz=method-wrapper(...), alignText='center', alignVert=method-wrapper(...), anchorHoriz='center', anchorVert='center', antialias=True, autoLog=True, bold=False, color=array([1., 1., 1.]), colorSpace='rgb', contrast=1.0, depth=-3.0, flipHoriz=False, flipVert=False, font='Open Sans', fontFiles=[], height=0.05, italic=False, languageStyle='LTR', name='text', opacity=1, ori=0.0, pos=array([0., 0.]), rgb=UNKNOWN, text=str(...), units='height', win=Window(...), wrapWidth=1)
148.0756 	EXP 	Created blank_txt = TextStim(__class__=<class 'psychopy.visual.text.TextStim'>, alignHoriz=method-wrapper(...), alignText='center', alignVert=method-wrapper(...), anchorHoriz='center', anchorVert='center', antialias=True, autoLog=True, bold=False, color=array([1., 1., 1.]), colorSpace='rgb', contrast=1.0, depth=0.0, flipHoriz=False, flipVert=False, font='Open Sans', fontFiles=[], height=0.1, italic=False, languageStyle='LTR', name='blank_txt', opacity=1, ori=0.0, pos=array([0., 0.]), rgb=UNKNOWN, text='', units='height', win=Window(...), wrapWidth=1)
148.1306 	EXP 	Sound tProbe set volume 1.000
148.1318 	EXP 	Created you_done_goofed = TextStim(__class__=<class 'psychopy.visual.text.TextStim'>, alignHoriz=method-wrapper(...), alignText='center', alignVert=method-wrapper(...), anchorHoriz='center', anchorVert='center', antialias=True, autoLog=True, bold=False, color=array([1., 1., 1.]), colorSpace='rgb', contrast=1.0, depth=-1.0, flipHoriz=False, flipVert=False, font='Open Sans', fontFiles=[], height=0.05, italic=False, languageStyle='LTR', name='you_done_goofed', opacity=1, ori=0.0, pos=array([0., 0.]), rgb=UNKNOWN, text='', units='height', win=Window(...), wrapWidth=1)
148.4300 	EXP 	Created text_2 = TextStim(__class__=<class 'psychopy.visual.text.TextStim'>, alignHoriz=method-wrapper(...), alignText='center', alignVert=method-wrapper(...), anchorHoriz='center', anchorVert='center', antialias=True, autoLog=True, bold=False, color=array([1., 1., 1.]), colorSpace='rgb', contrast=1.0, depth=-2.0, flipHoriz=False, flipVert=False, font='Open Sans', fontFiles=[], height=0.05, italic=False, languageStyle='LTR', name='text_2', opacity=1, ori=0.0, pos=array([0., 0.]), rgb=UNKNOWN, text='', units='height', win=Window(...), wrapWidth=1)
148.4313 	EXP 	Created blank_txt = TextStim(__class__=<class 'psychopy.visual.text.TextStim'>, alignHoriz=method-wrapper(...), alignText='center', alignVert=method-wrapper(...), anchorHoriz='center', anchorVert='center', antialias=True, autoLog=True, bold=False, color=array([1., 1., 1.]), colorSpace='rgb', contrast=1.0, depth=0.0, flipHoriz=False, flipVert=False, font='Open Sans', fontFiles=[], height=0.1, italic=False, languageStyle='LTR', name='blank_txt', opacity=1, ori=0.0, pos=array([0., 0.]), rgb=UNKNOWN, text='', units='height', win=Window(...), wrapWidth=1)
148.4437 	EXP 	Sound probe set volume 1.000
148.4541 	EXP 	Created goodbye_text = TextStim(__class__=<class 'psychopy.visual.text.TextStim'>, alignHoriz=method-wrapper(...), alignText='center', alignVert=method-wrapper(...), anchorHoriz='center', anchorVert='center', antialias=True, autoLog=True, bold=False, color=array([1., 1., 1.]), colorSpace='rgb', contrast=1.0, depth=0.0, flipHoriz=False, flipVert=False, font='Open Sans', fontFiles=[], height=0.05, italic=False, languageStyle='LTR', name='goodbye_text', opacity=1, ori=0.0, pos=array([0., 0.]), rgb=UNKNOWN, text=str(...), units='height', win=Window(...), wrapWidth=1)
148.4565 	EXP 	Created fixation_cross = ShapeStim(__class__=<class 'psychopy.visual.shape.ShapeStim'>, anchor=('center', 'center'), autoDraw=False, autoLog=True, closeShape=True, color=method-wrapper(...), colorSpace='rgb', contrast=None, depth=-3.0, fillColor=array([1, 1, 1]), fillColorSpace='rgb', fillRGB=array([1, 1, 1]), interpolate=True, lineColor=array([1., 1., 1.]), lineColorSpace='rgb', lineRGB=array([1, 1, 1]), lineWidth=1.0, name='fixation_cross', opacity=1, ori=0.0, pos=array([0., 0.]), size=array([0.15, 0.15]), units='height', vertices=ndarray(...), win=Window(...), windingRule=None)
148.4690 	EXP 	text: autoDraw = True
159.7847 	DATA 	Keypress: n
159.8036 	EXP 	text: autoDraw = False
159.8036 	EXP 	blank_txt: autoDraw = True
160.7830 	EXP 	Created sequence: random, trialTypes=1, nReps=3, seed=None
160.7831 	EXP 	New trial (rep=0, index=0): None
160.8043 	EXP 	blank_txt: autoDraw = False
161.7847 	EXP 	Sound tProbe started
162.0026 	EXP 	Sound tProbe reached end of file
162.2870 	DATA 	Keypress: space
163.8567 	EXP 	you_done_goofed: height = 0.05
163.8567 	EXP 	you_done_goofed: height = 0.05
163.8567 	EXP 	you_done_goofed: text = "C'est très bien! \n            \n\nAppuyez sur n'importe quelle touche pour poursuivre."
163.8567 	EXP 	you_done_goofed: autoDraw = True
165.5610 	DATA 	Keypress: n
165.5878 	EXP 	New trial (rep=1, index=0): None
165.6116 	EXP 	you_done_goofed: autoDraw = False
166.5858 	EXP 	Sound tProbe started
166.8026 	EXP 	Sound tProbe reached end of file
167.1124 	DATA 	Keypress: space
168.6575 	EXP 	you_done_goofed: text = "C'est très bien! \n            \n\nAppuyez sur n'importe quelle touche pour poursuivre."
168.6575 	EXP 	you_done_goofed: autoDraw = True
169.8601 	EXP 	New trial (rep=2, index=0): None
169.8617 	DATA 	Keypress: n
169.8809 	EXP 	you_done_goofed: autoDraw = False
170.8477 	EXP 	Sound tProbe started
171.0623 	EXP 	Sound tProbe reached end of file
171.4289 	DATA 	Keypress: space
172.8813 	EXP 	you_done_goofed: text = "C'est très bien! \n            \n\nAppuyez sur n'importe quelle touche pour poursuivre."
172.8813 	EXP 	you_done_goofed: autoDraw = True
174.1455 	EXP 	Created fixation_cross = ShapeStim(__class__=<class 'psychopy.visual.shape.ShapeStim'>, anchor=('center', 'center'), autoDraw=False, autoLog=True, closeShape=True, color=method-wrapper(...), colorSpace='rgb', contrast=None, depth=-3.0, fillColor=array([1, 1, 1]), fillColorSpace='rgb', fillRGB=array([1, 1, 1]), interpolate=True, lineColor=array([1., 1., 1.]), lineColorSpace='rgb', lineRGB=array([1, 1, 1]), lineWidth=1.0, name='fixation_cross', opacity=1, ori=0.0, pos=array([0., 0.]), size=array([0.15, 0.15]), units='height', vertices=ndarray(...), win=Window(...), windingRule=None)
174.1649 	DATA 	Keypress: h
174.1758 	EXP 	you_done_goofed: autoDraw = False
174.1758 	EXP 	text_2: height = 0.05
174.1758 	EXP 	text_2: height = 0.05
174.1758 	EXP 	text_2: text = "Appuyez sur la barre d'espace dès que vous entendez un son. \n\n Les réponses enregistrées plus d'une seconde après le son ne seront pas comptabilisées. \n\n\n Appuyez sur n'importe quelle touche pour démarrer."
174.1758 	EXP 	text_2: autoDraw = True
179.1979 	DATA 	Keypress: h
179.2197 	EXP 	text_2: autoDraw = False
179.2197 	EXP 	blank_txt: autoDraw = True
180.2067 	EXP 	Created sequence: random, trialTypes=1, nReps=999, seed=None
180.2097 	EXP 	New trial (rep=0, index=0): None
180.2879 	EXP 	Sound probe started
180.2958 	EXP 	blank_txt: autoDraw = False
180.4984 	EXP 	Sound probe reached end of file
180.7951 	DATA 	Keypress: space
183.7639 	EXP 	New trial (rep=1, index=0): None
183.8469 	EXP 	Sound probe started
184.0582 	EXP 	Sound probe reached end of file
184.4978 	DATA 	Keypress: space
186.7507 	EXP 	New trial (rep=2, index=0): None
186.8198 	EXP 	Sound probe started
187.0386 	EXP 	Sound probe reached end of file
187.5133 	DATA 	Keypress: space
190.5655 	EXP 	New trial (rep=3, index=0): None
190.5672 	EXP 	Sound probe started
190.7785 	EXP 	Sound probe reached end of file
193.2243 	EXP 	New trial (rep=4, index=0): None
193.2945 	EXP 	Sound probe started
193.5103 	EXP 	Sound probe reached end of file
197.2250 	EXP 	New trial (rep=5, index=0): None
197.2993 	EXP 	Sound probe started
197.5105 	EXP 	Sound probe stopped
198.6942 	DATA 	Keypress: space
199.3485 	EXP 	New trial (rep=6, index=0): None
199.4248 	EXP 	Sound probe started
199.6264 	EXP 	Sound probe stopped
200.2470 	DATA 	Keypress: space
202.2101 	EXP 	New trial (rep=7, index=0): None
202.2142 	EXP 	Sound probe started
202.4279 	EXP 	Sound probe reached end of file
204.3315 	EXP 	New trial (rep=8, index=0): None
204.4120 	EXP 	Sound probe started
204.6265 	EXP 	Sound probe reached end of file
205.6032 	DATA 	Keypress: space
208.2089 	EXP 	New trial (rep=9, index=0): None
208.2758 	EXP 	Sound probe started
208.4873 	EXP 	Sound probe reached end of file
208.8558 	DATA 	Keypress: space
210.3719 	EXP 	New trial (rep=10, index=0): None
210.4483 	EXP 	Sound probe started
210.6665 	EXP 	Sound probe reached end of file
211.7734 	DATA 	Keypress: space
212.7923 	EXP 	New trial (rep=11, index=0): None
212.8645 	EXP 	Sound probe started
213.0784 	EXP 	Sound probe reached end of file
213.4856 	DATA 	Keypress: space
215.4648 	EXP 	New trial (rep=12, index=0): None
215.4666 	EXP 	Sound probe started
215.6783 	EXP 	Sound probe stopped
218.4631 	EXP 	New trial (rep=13, index=0): None
218.5390 	EXP 	Sound probe started
218.7465 	EXP 	Sound probe stopped
222.1333 	EXP 	New trial (rep=14, index=0): None
222.2007 	EXP 	Sound probe started
222.4187 	EXP 	Sound probe reached end of file
222.9051 	DATA 	Keypress: space
225.4981 	EXP 	New trial (rep=15, index=0): None
225.5641 	EXP 	Sound probe started
225.7746 	EXP 	Sound probe reached end of file
226.5397 	DATA 	Keypress: space
229.1375 	EXP 	New trial (rep=16, index=0): None
229.1394 	EXP 	Sound probe started
229.3544 	EXP 	Sound probe reached end of file
231.5062 	EXP 	New trial (rep=17, index=0): None
231.5761 	EXP 	Sound probe started
231.7943 	EXP 	Sound probe reached end of file
234.4246 	EXP 	New trial (rep=18, index=0): None
234.5023 	EXP 	Sound probe started
234.7176 	EXP 	Sound probe reached end of file
237.1287 	EXP 	New trial (rep=19, index=0): None
237.1972 	EXP 	Sound probe started
237.4204 	EXP 	Sound probe reached end of file
237.7941 	DATA 	Keypress: space
239.8089 	EXP 	New trial (rep=20, index=0): None
239.8802 	EXP 	Sound probe started
240.0944 	EXP 	Sound probe reached end of file
242.9778 	EXP 	New trial (rep=21, index=0): None
243.0514 	EXP 	Sound probe started
243.2664 	EXP 	Sound probe reached end of file
243.9288 	DATA 	Keypress: space
245.5136 	EXP 	New trial (rep=22, index=0): None
245.5189 	EXP 	Sound probe started
245.7344 	EXP 	Sound probe reached end of file
248.6960 	EXP 	New trial (rep=23, index=0): None
248.7710 	EXP 	Sound probe started
248.9742 	EXP 	Sound probe stopped
252.7528 	EXP 	New trial (rep=24, index=0): None
252.8242 	EXP 	Sound probe started
253.0424 	EXP 	Sound probe reached end of file
253.5382 	DATA 	Keypress: space
256.7227 	EXP 	New trial (rep=25, index=0): None
256.7914 	EXP 	Sound probe started
257.0021 	EXP 	Sound probe reached end of file
260.1257 	EXP 	New trial (rep=26, index=0): None
260.2001 	EXP 	Sound probe started
260.4143 	EXP 	Sound probe reached end of file
260.8960 	DATA 	Keypress: space
262.5955 	EXP 	New trial (rep=27, index=0): None
262.6687 	EXP 	Sound probe started
262.8824 	EXP 	Sound probe reached end of file
265.2877 	EXP 	New trial (rep=28, index=0): None
265.2892 	EXP 	Sound probe started
265.4822 	EXP 	Sound probe stopped
267.4321 	EXP 	New trial (rep=29, index=0): None
267.5078 	EXP 	Sound probe started
267.7223 	EXP 	Sound probe reached end of file
268.4857 	DATA 	Keypress: space
269.6272 	EXP 	New trial (rep=30, index=0): None
270.7310 	EXP 	Sound probe started
270.9426 	EXP 	Sound probe reached end of file
273.3735 	EXP 	New trial (rep=31, index=0): None
274.4841 	EXP 	Sound probe started
274.7022 	EXP 	Sound probe reached end of file
275.3261 	DATA 	Keypress: space
278.2502 	EXP 	New trial (rep=32, index=0): None
278.2535 	EXP 	Sound probe started
278.4705 	EXP 	Sound probe reached end of file
280.8922 	EXP 	New trial (rep=33, index=0): None
282.0558 	EXP 	Sound probe started
282.2703 	EXP 	Sound probe reached end of file
282.6336 	DATA 	Keypress: space
285.1855 	EXP 	New trial (rep=34, index=0): None
286.4505 	EXP 	Sound probe started
286.6503 	EXP 	Sound probe stopped
289.5218 	EXP 	New trial (rep=35, index=0): None
290.8106 	EXP 	Sound probe started
291.0304 	EXP 	Sound probe reached end of file
291.4561 	DATA 	Keypress: space
294.5422 	EXP 	New trial (rep=36, index=0): None
294.5432 	EXP 	Sound probe started
294.7624 	EXP 	Sound probe reached end of file
297.1761 	DATA 	Keypress: space
298.4791 	EXP 	New trial (rep=37, index=0): None
299.6927 	EXP 	Sound probe started
299.9102 	EXP 	Sound probe reached end of file
300.3950 	DATA 	Keypress: space
302.9980 	EXP 	New trial (rep=38, index=0): None
304.5427 	EXP 	Sound probe started
304.7586 	EXP 	Sound probe reached end of file
308.0019 	EXP 	New trial (rep=39, index=0): None
309.2644 	EXP 	Sound probe started
309.4704 	EXP 	Sound probe stopped
310.0580 	DATA 	Keypress: space
311.9114 	EXP 	New trial (rep=40, index=0): None
311.9146 	EXP 	Sound probe started
312.1302 	EXP 	Sound probe reached end of file
314.6154 	EXP 	New trial (rep=41, index=0): None
315.9588 	EXP 	Sound probe started
316.1783 	EXP 	Sound probe reached end of file
316.8686 	DATA 	Keypress: space
318.6312 	EXP 	New trial (rep=42, index=0): None
319.9166 	EXP 	Sound probe started
320.1300 	EXP 	Sound probe reached end of file
320.6510 	DATA 	Keypress: space
322.8705 	EXP 	New trial (rep=43, index=0): None
324.1391 	EXP 	Sound probe started
324.3584 	EXP 	Sound probe reached end of file
324.9093 	DATA 	Keypress: space
327.8558 	EXP 	New trial (rep=44, index=0): None
327.8596 	EXP 	Sound probe started
328.0810 	EXP 	Sound probe reached end of file
330.5662 	EXP 	New trial (rep=45, index=0): None
331.9391 	EXP 	Sound probe started
332.1582 	EXP 	Sound probe reached end of file
332.5287 	DATA 	Keypress: space
334.3084 	EXP 	New trial (rep=46, index=0): None
335.6433 	EXP 	Sound probe started
335.8582 	EXP 	Sound probe reached end of file
336.4599 	DATA 	Keypress: space
338.9076 	EXP 	New trial (rep=47, index=0): None
340.2640 	EXP 	Sound probe started
340.4066 	DATA 	Keypress: space
340.4785 	EXP 	Sound probe reached end of file
341.3207 	DATA 	Keypress: space
343.2135 	EXP 	New trial (rep=48, index=0): None
344.5719 	EXP 	Sound probe started
344.7864 	EXP 	Sound probe reached end of file
345.1772 	DATA 	Keypress: space
346.7529 	EXP 	New trial (rep=49, index=0): None
346.7565 	EXP 	Sound probe started
346.9668 	EXP 	Sound probe reached end of file
348.8159 	EXP 	New trial (rep=50, index=0): None
350.3418 	EXP 	Sound probe started
350.5584 	EXP 	Sound probe reached end of file
351.0683 	DATA 	Keypress: space
354.2568 	EXP 	New trial (rep=51, index=0): None
355.6431 	EXP 	Sound probe started
355.8542 	EXP 	Sound probe reached end of file
356.1869 	DATA 	Keypress: space
359.2316 	EXP 	New trial (rep=52, index=0): None
360.7179 	EXP 	Sound probe started
360.9342 	EXP 	Sound probe reached end of file
361.6151 	DATA 	Keypress: space
364.2020 	EXP 	New trial (rep=53, index=0): None
364.2052 	EXP 	Sound probe started
364.4148 	EXP 	Sound probe reached end of file
365.4202 	DATA 	Keypress: space
368.1063 	EXP 	New trial (rep=54, index=0): None
369.5301 	EXP 	Sound probe started
369.7463 	EXP 	Sound probe reached end of file
373.1220 	EXP 	New trial (rep=55, index=0): None
374.6922 	EXP 	Sound probe started
374.9061 	EXP 	Sound probe reached end of file
376.9257 	EXP 	New trial (rep=56, index=0): None
378.4521 	EXP 	Sound probe started
378.4528 	DATA 	Keypress: space
378.6623 	EXP 	Sound probe reached end of file
379.1682 	DATA 	Keypress: space
380.5652 	EXP 	New trial (rep=57, index=0): None
382.0614 	EXP 	Sound probe started
382.2742 	EXP 	Sound probe reached end of file
382.4987 	DATA 	Keypress: space
384.9560 	EXP 	New trial (rep=58, index=0): None
384.9595 	EXP 	Sound probe started
385.1745 	EXP 	Sound probe reached end of file
388.0362 	EXP 	New trial (rep=59, index=0): None
389.6700 	EXP 	Sound probe started
389.8824 	EXP 	Sound probe reached end of file
390.3783 	DATA 	Keypress: space
391.9993 	EXP 	New trial (rep=60, index=0): None
393.5380 	EXP 	Sound probe started
393.7542 	EXP 	Sound probe reached end of file
396.2315 	EXP 	New trial (rep=61, index=0): None
398.1537 	EXP 	Sound probe started
398.3622 	EXP 	Sound probe reached end of file
398.9199 	DATA 	Keypress: space
400.8383 	EXP 	New trial (rep=62, index=0): None
400.8422 	EXP 	Sound probe started
401.0547 	EXP 	Sound probe reached end of file
404.1406 	EXP 	New trial (rep=63, index=0): None
405.8163 	EXP 	Sound probe started
406.0302 	EXP 	Sound probe reached end of file
406.4943 	DATA 	Keypress: space
408.9483 	EXP 	New trial (rep=64, index=0): None
410.6589 	EXP 	Sound probe started
410.8699 	EXP 	Sound probe reached end of file
411.2947 	DATA 	Keypress: space
413.8154 	EXP 	New trial (rep=65, index=0): None
413.8204 	EXP 	Sound probe stopped
413.8457 	EXP 	goodbye_text: autoDraw = True
416.9613 	DATA 	Keypress: u
416.9750 	EXP 	goodbye_text: autoDraw = False
417.0807 	EXP 	window1: mouseVisible = True
