105.1343 	WARNING 	User requested fullscreen with size [2560 1440], but screen is actually [3840, 2160]. Using actual size
108.0788 	WARNING 	Couldn't measure a consistent frame rate!
  - Is your graphics card set to sync to vertical blank?
  - Are you running other processes on your computer?

108.0798 	EXP 	Created window1 = Window(allowGUI=False, allowStencil=False, autoLog=True, backendConf=UNKNOWN, bitsMode=UNKNOWN, blendMode='avg', bpc=(8, 8, 8), color=array([0, 0, 0]), colorSpace='rgb', depthBits=8, fullscr=<method-wrapper '__getattribute__' of attributeSetter object at 0x00000220B4E39AF0>, gamma=None, gammaErrorPolicy='raise', lms=UNKNOWN, monitor=<psychopy.monitors.calibTools.Monitor object at 0x00000220B6AE6040>, multiSample=False, name='window1', numSamples=2, pos=(0, 0), screen=0, size=array([3840, 2160]), stencilBits=0, stereo=False, units='height', useFBO=True, useRetina=False, viewOri=0.0, viewPos=None, viewScale=None, waitBlanking=True, winType='pyglet')
108.0807 	EXP 	window1: mouseVisible = True
108.0807 	EXP 	window1: Attempting to measure frame rate of screen (0) ...
108.0808 	EXP 	window1: recordFrameIntervals = False
108.2574 	EXP 	window1: recordFrameIntervals = True
108.3242 	WARNING 	t of last frame was 32.04ms (=1/31)
108.3451 	WARNING 	t of last frame was 20.91ms (=1/47)
108.3908 	WARNING 	t of last frame was 29.52ms (=1/33)
108.4579 	WARNING 	t of last frame was 32.26ms (=1/30)
108.4790 	WARNING 	Multiple dropped frames have occurred - I'll stop bothering you about them!
110.1295 	WARNING 	Couldn't measure a consistent frame rate!
  - Is your graphics card set to sync to vertical blank?
  - Are you running other processes on your computer?

112.1051 	EXP 	Created text = TextStim(__class__=<class 'psychopy.visual.text.TextStim'>, alignHoriz=method-wrapper(...), alignText='center', alignVert=method-wrapper(...), anchorHoriz='center', anchorVert='center', antialias=True, autoLog=True, bold=False, color=array([1., 1., 1.]), colorSpace='rgb', contrast=1.0, depth=-3.0, flipHoriz=False, flipVert=False, font='Open Sans', fontFiles=[], height=0.05, italic=False, languageStyle='LTR', name='text', opacity=1, ori=0.0, pos=array([0., 0.]), rgb=UNKNOWN, text=str(...), units='height', win=Window(...), wrapWidth=1)
112.1070 	EXP 	Created blank_txt = TextStim(__class__=<class 'psychopy.visual.text.TextStim'>, alignHoriz=method-wrapper(...), alignText='center', alignVert=method-wrapper(...), anchorHoriz='center', anchorVert='center', antialias=True, autoLog=True, bold=False, color=array([1., 1., 1.]), colorSpace='rgb', contrast=1.0, depth=0.0, flipHoriz=False, flipVert=False, font='Open Sans', fontFiles=[], height=0.1, italic=False, languageStyle='LTR', name='blank_txt', opacity=1, ori=0.0, pos=array([0., 0.]), rgb=UNKNOWN, text='', units='height', win=Window(...), wrapWidth=1)
112.1913 	EXP 	Sound tProbe set volume 1.000
112.1926 	EXP 	Created you_done_goofed = TextStim(__class__=<class 'psychopy.visual.text.TextStim'>, alignHoriz=method-wrapper(...), alignText='center', alignVert=method-wrapper(...), anchorHoriz='center', anchorVert='center', antialias=True, autoLog=True, bold=False, color=array([1., 1., 1.]), colorSpace='rgb', contrast=1.0, depth=-1.0, flipHoriz=False, flipVert=False, font='Open Sans', fontFiles=[], height=0.05, italic=False, languageStyle='LTR', name='you_done_goofed', opacity=1, ori=0.0, pos=array([0., 0.]), rgb=UNKNOWN, text='', units='height', win=Window(...), wrapWidth=1)
112.5005 	EXP 	Created text_2 = TextStim(__class__=<class 'psychopy.visual.text.TextStim'>, alignHoriz=method-wrapper(...), alignText='center', alignVert=method-wrapper(...), anchorHoriz='center', anchorVert='center', antialias=True, autoLog=True, bold=False, color=array([1., 1., 1.]), colorSpace='rgb', contrast=1.0, depth=-2.0, flipHoriz=False, flipVert=False, font='Open Sans', fontFiles=[], height=0.05, italic=False, languageStyle='LTR', name='text_2', opacity=1, ori=0.0, pos=array([0., 0.]), rgb=UNKNOWN, text='', units='height', win=Window(...), wrapWidth=1)
112.5017 	EXP 	Created blank_txt = TextStim(__class__=<class 'psychopy.visual.text.TextStim'>, alignHoriz=method-wrapper(...), alignText='center', alignVert=method-wrapper(...), anchorHoriz='center', anchorVert='center', antialias=True, autoLog=True, bold=False, color=array([1., 1., 1.]), colorSpace='rgb', contrast=1.0, depth=0.0, flipHoriz=False, flipVert=False, font='Open Sans', fontFiles=[], height=0.1, italic=False, languageStyle='LTR', name='blank_txt', opacity=1, ori=0.0, pos=array([0., 0.]), rgb=UNKNOWN, text='', units='height', win=Window(...), wrapWidth=1)
112.5138 	EXP 	Sound probe set volume 1.000
112.5247 	EXP 	Created goodbye_text = TextStim(__class__=<class 'psychopy.visual.text.TextStim'>, alignHoriz=method-wrapper(...), alignText='center', alignVert=method-wrapper(...), anchorHoriz='center', anchorVert='center', antialias=True, autoLog=True, bold=False, color=array([1., 1., 1.]), colorSpace='rgb', contrast=1.0, depth=0.0, flipHoriz=False, flipVert=False, font='Open Sans', fontFiles=[], height=0.05, italic=False, languageStyle='LTR', name='goodbye_text', opacity=1, ori=0.0, pos=array([0., 0.]), rgb=UNKNOWN, text=str(...), units='height', win=Window(...), wrapWidth=1)
112.5320 	EXP 	Created fixation_cross = ShapeStim(__class__=<class 'psychopy.visual.shape.ShapeStim'>, anchor=('center', 'center'), autoDraw=False, autoLog=True, closeShape=True, color=method-wrapper(...), colorSpace='rgb', contrast=None, depth=-3.0, fillColor=array([1, 1, 1]), fillColorSpace='rgb', fillRGB=array([1, 1, 1]), interpolate=True, lineColor=array([1., 1., 1.]), lineColorSpace='rgb', lineRGB=array([1, 1, 1]), lineWidth=1.0, name='fixation_cross', opacity=1, ori=0.0, pos=array([0., 0.]), size=array([0.15, 0.15]), units='height', vertices=ndarray(...), win=Window(...), windingRule=None)
112.5449 	EXP 	text: autoDraw = True
126.3189 	DATA 	Keypress: space
126.3279 	EXP 	text: autoDraw = False
126.3279 	EXP 	blank_txt: autoDraw = True
127.3128 	EXP 	Created sequence: random, trialTypes=1, nReps=3, seed=None
127.3130 	EXP 	New trial (rep=0, index=0): None
127.3249 	EXP 	blank_txt: autoDraw = False
127.3249 	EXP 	blank_txt: autoDraw = False
128.3139 	EXP 	Sound tProbe started
128.5324 	EXP 	Sound tProbe reached end of file
128.8448 	DATA 	Keypress: space
130.3711 	EXP 	you_done_goofed: height = 0.05
130.3711 	EXP 	you_done_goofed: height = 0.05
130.3711 	EXP 	you_done_goofed: text = "C'est très bien! \n            \n\nAppuyez sur n'importe quelle touche pour poursuivre."
130.3711 	EXP 	you_done_goofed: autoDraw = True
131.9386 	DATA 	Keypress: space
131.9697 	EXP 	New trial (rep=1, index=0): None
131.9869 	EXP 	you_done_goofed: autoDraw = False
132.9715 	EXP 	Sound tProbe started
133.1804 	EXP 	Sound tProbe reached end of file
133.4775 	DATA 	Keypress: space
135.0165 	EXP 	you_done_goofed: text = "C'est très bien! \n            \n\nAppuyez sur n'importe quelle touche pour poursuivre."
135.0165 	EXP 	you_done_goofed: autoDraw = True
136.3551 	EXP 	New trial (rep=2, index=0): None
136.3577 	DATA 	Keypress: space
136.3765 	EXP 	you_done_goofed: autoDraw = False
137.3431 	EXP 	Sound tProbe started
137.5607 	EXP 	Sound tProbe reached end of file
137.8583 	DATA 	Keypress: space
139.3872 	EXP 	you_done_goofed: text = "C'est très bien! \n            \n\nAppuyez sur n'importe quelle touche pour poursuivre."
139.3872 	EXP 	you_done_goofed: autoDraw = True
140.8826 	EXP 	Created fixation_cross = ShapeStim(__class__=<class 'psychopy.visual.shape.ShapeStim'>, anchor=('center', 'center'), autoDraw=False, autoLog=True, closeShape=True, color=method-wrapper(...), colorSpace='rgb', contrast=None, depth=-3.0, fillColor=array([1, 1, 1]), fillColorSpace='rgb', fillRGB=array([1, 1, 1]), interpolate=True, lineColor=array([1., 1., 1.]), lineColorSpace='rgb', lineRGB=array([1, 1, 1]), lineWidth=1.0, name='fixation_cross', opacity=1, ori=0.0, pos=array([0., 0.]), size=array([0.15, 0.15]), units='height', vertices=ndarray(...), win=Window(...), windingRule=None)
140.8994 	DATA 	Keypress: space
140.9168 	EXP 	you_done_goofed: autoDraw = False
140.9168 	EXP 	text_2: height = 0.05
140.9168 	EXP 	text_2: height = 0.05
140.9168 	EXP 	text_2: text = "Appuyez sur la barre d'espace dès que vous entendez un son. \n\n Les réponses enregistrées plus d'une seconde après le son ne seront pas comptabilisées. \n\n\n Appuyez sur n'importe quelle touche pour démarrer."
140.9168 	EXP 	text_2: autoDraw = True
143.3179 	DATA 	Keypress: space
143.3273 	EXP 	text_2: autoDraw = False
143.3273 	EXP 	blank_txt: autoDraw = True
144.3368 	EXP 	Created sequence: random, trialTypes=1, nReps=999, seed=None
144.3391 	EXP 	New trial (rep=0, index=0): None
144.4173 	EXP 	Sound probe started
144.4254 	EXP 	blank_txt: autoDraw = False
144.6283 	EXP 	Sound probe reached end of file
144.8440 	DATA 	Keypress: space
147.5511 	EXP 	New trial (rep=1, index=0): None
147.6337 	EXP 	Sound probe started
147.8485 	EXP 	Sound probe reached end of file
148.0550 	DATA 	Keypress: space
151.1934 	EXP 	New trial (rep=2, index=0): None
151.2667 	EXP 	Sound probe started
151.4683 	EXP 	Sound probe stopped
151.7685 	DATA 	Keypress: space
154.3757 	EXP 	New trial (rep=3, index=0): None
154.4545 	EXP 	Sound probe started
154.6684 	EXP 	Sound probe reached end of file
157.1600 	EXP 	New trial (rep=4, index=0): None
157.1640 	EXP 	Sound probe started
157.3805 	EXP 	Sound probe reached end of file
159.3832 	EXP 	New trial (rep=5, index=0): None
159.4615 	EXP 	Sound probe started
159.6803 	EXP 	Sound probe reached end of file
159.9243 	DATA 	Keypress: space
162.7507 	EXP 	New trial (rep=6, index=0): None
162.8299 	EXP 	Sound probe started
163.0483 	EXP 	Sound probe reached end of file
165.1178 	EXP 	New trial (rep=7, index=0): None
165.1994 	EXP 	Sound probe started
165.4164 	EXP 	Sound probe reached end of file
165.6381 	DATA 	Keypress: space
168.2331 	EXP 	New trial (rep=8, index=0): None
168.3006 	EXP 	Sound probe started
168.5163 	EXP 	Sound probe reached end of file
171.2687 	EXP 	New trial (rep=9, index=0): None
171.2704 	EXP 	Sound probe started
171.4882 	EXP 	Sound probe reached end of file
173.8004 	EXP 	New trial (rep=10, index=0): None
173.8826 	EXP 	Sound probe started
174.0882 	EXP 	Sound probe stopped
174.2996 	DATA 	Keypress: space
177.7552 	EXP 	New trial (rep=11, index=0): None
177.8329 	EXP 	Sound probe started
178.0362 	EXP 	Sound probe stopped
180.7063 	EXP 	New trial (rep=12, index=0): None
180.7826 	EXP 	Sound probe started
180.9964 	EXP 	Sound probe reached end of file
181.2075 	DATA 	Keypress: space
184.6797 	EXP 	New trial (rep=13, index=0): None
184.7535 	EXP 	Sound probe started
184.9682 	EXP 	Sound probe reached end of file
187.6483 	EXP 	New trial (rep=14, index=0): None
187.6542 	EXP 	Sound probe started
187.8683 	EXP 	Sound probe reached end of file
191.4162 	EXP 	New trial (rep=15, index=0): None
191.4961 	EXP 	Sound probe started
191.7162 	EXP 	Sound probe reached end of file
191.9708 	DATA 	Keypress: space
195.4035 	EXP 	New trial (rep=16, index=0): None
195.4779 	EXP 	Sound probe started
195.6841 	EXP 	Sound probe stopped
199.1568 	EXP 	New trial (rep=17, index=0): None
199.2359 	EXP 	Sound probe started
199.4443 	EXP 	Sound probe reached end of file
199.6594 	DATA 	Keypress: space
203.1293 	EXP 	New trial (rep=18, index=0): None
203.1354 	EXP 	Sound probe started
203.3442 	EXP 	Sound probe reached end of file
206.0308 	EXP 	New trial (rep=19, index=0): None
206.1168 	EXP 	Sound probe started
206.3240 	EXP 	Sound probe stopped
208.4790 	EXP 	New trial (rep=20, index=0): None
208.5505 	EXP 	Sound probe started
208.7644 	EXP 	Sound probe reached end of file
211.9726 	EXP 	New trial (rep=21, index=0): None
212.0455 	EXP 	Sound probe started
212.2642 	EXP 	Sound probe reached end of file
212.4237 	DATA 	Keypress: space
215.8447 	EXP 	New trial (rep=22, index=0): None
215.8478 	EXP 	Sound probe started
216.0643 	EXP 	Sound probe reached end of file
219.4878 	EXP 	New trial (rep=23, index=0): None
219.5611 	EXP 	Sound probe started
219.7724 	EXP 	Sound probe reached end of file
222.1805 	EXP 	New trial (rep=24, index=0): None
222.2671 	EXP 	Sound probe started
222.4843 	EXP 	Sound probe reached end of file
222.7697 	DATA 	Keypress: space
225.2842 	EXP 	New trial (rep=25, index=0): None
225.3606 	EXP 	Sound probe started
225.5723 	EXP 	Sound probe reached end of file
228.8478 	EXP 	New trial (rep=26, index=0): None
228.8496 	EXP 	Sound probe started
229.0639 	EXP 	Sound probe reached end of file
230.9681 	EXP 	New trial (rep=27, index=0): None
231.0385 	EXP 	Sound probe started
231.2519 	EXP 	Sound probe reached end of file
231.4723 	DATA 	Keypress: space
233.9594 	EXP 	New trial (rep=28, index=0): None
234.0365 	EXP 	Sound probe started
234.2521 	EXP 	Sound probe reached end of file
237.2413 	EXP 	New trial (rep=29, index=0): None
237.3136 	EXP 	Sound probe started
237.5323 	EXP 	Sound probe reached end of file
241.2071 	EXP 	New trial (rep=30, index=0): None
241.2087 	EXP 	Sound probe started
241.4121 	EXP 	Sound probe stopped
244.2366 	EXP 	New trial (rep=31, index=0): None
244.3155 	EXP 	Sound probe started
244.5321 	EXP 	Sound probe reached end of file
244.7596 	DATA 	Keypress: space
248.3421 	EXP 	New trial (rep=32, index=0): None
249.4333 	EXP 	Sound probe started
249.6402 	EXP 	Sound probe stopped
252.9923 	EXP 	New trial (rep=33, index=0): None
254.2917 	EXP 	Sound probe started
254.5001 	EXP 	Sound probe reached end of file
254.8019 	DATA 	Keypress: space
257.3550 	EXP 	New trial (rep=34, index=0): None
257.3591 	EXP 	Sound probe started
257.5722 	EXP 	Sound probe reached end of file
260.3439 	EXP 	New trial (rep=35, index=0): None
261.5909 	EXP 	Sound probe started
261.8002 	EXP 	Sound probe reached end of file
262.1855 	DATA 	Keypress: space
264.3932 	EXP 	New trial (rep=36, index=0): None
265.7187 	EXP 	Sound probe started
265.9322 	EXP 	Sound probe reached end of file
266.2020 	DATA 	Keypress: space
267.8777 	EXP 	New trial (rep=37, index=0): None
269.0890 	EXP 	Sound probe started
269.2881 	EXP 	Sound probe stopped
269.6486 	DATA 	Keypress: space
272.5424 	EXP 	New trial (rep=38, index=0): None
273.8282 	EXP 	Sound probe started
274.0402 	EXP 	Sound probe stopped
277.6044 	EXP 	New trial (rep=39, index=0): None
277.6075 	EXP 	Sound probe started
277.8201 	EXP 	Sound probe reached end of file
280.7343 	EXP 	New trial (rep=40, index=0): None
282.0426 	EXP 	Sound probe started
282.2599 	EXP 	Sound probe reached end of file
282.5077 	DATA 	Keypress: space
285.8420 	EXP 	New trial (rep=41, index=0): None
287.5058 	EXP 	Sound probe started
287.7082 	EXP 	Sound probe stopped
288.0659 	DATA 	Keypress: space
291.2983 	EXP 	New trial (rep=42, index=0): None
292.6105 	EXP 	Sound probe started
292.8279 	EXP 	Sound probe reached end of file
293.0727 	DATA 	Keypress: space
295.5492 	EXP 	New trial (rep=43, index=0): None
296.8757 	EXP 	Sound probe started
297.0882 	EXP 	Sound probe reached end of file
300.6627 	EXP 	New trial (rep=44, index=0): None
302.0603 	EXP 	Sound probe started
302.2761 	EXP 	Sound probe reached end of file
302.7483 	DATA 	Keypress: space
304.2149 	EXP 	New trial (rep=45, index=0): None
304.2160 	EXP 	Sound probe started
304.4364 	EXP 	Sound probe reached end of file
307.1668 	EXP 	New trial (rep=46, index=0): None
308.4838 	EXP 	Sound probe started
308.6961 	EXP 	Sound probe reached end of file
308.9853 	DATA 	Keypress: space
311.2087 	EXP 	New trial (rep=47, index=0): None
312.6632 	EXP 	Sound probe started
312.8761 	EXP 	Sound probe reached end of file
316.5463 	EXP 	New trial (rep=48, index=0): None
317.9391 	EXP 	Sound probe started
318.1558 	EXP 	Sound probe reached end of file
318.4452 	DATA 	Keypress: space
320.1176 	EXP 	New trial (rep=49, index=0): None
321.5583 	EXP 	Sound probe started
321.7763 	EXP 	Sound probe reached end of file
324.2162 	EXP 	New trial (rep=50, index=0): None
325.7319 	EXP 	Sound probe started
325.9442 	EXP 	Sound probe reached end of file
326.2078 	DATA 	Keypress: space
328.6932 	EXP 	New trial (rep=51, index=0): None
328.6972 	EXP 	Sound probe started
328.9162 	EXP 	Sound probe reached end of file
330.9239 	EXP 	New trial (rep=52, index=0): None
332.3992 	EXP 	Sound probe started
332.6040 	EXP 	Sound probe stopped
332.9825 	DATA 	Keypress: space
335.8054 	EXP 	New trial (rep=53, index=0): None
337.3004 	EXP 	Sound probe started
337.5043 	EXP 	Sound probe stopped
337.8414 	DATA 	Keypress: space
340.6461 	EXP 	New trial (rep=54, index=0): None
342.1922 	EXP 	Sound probe started
342.4043 	EXP 	Sound probe reached end of file
344.3087 	EXP 	New trial (rep=55, index=0): None
346.2219 	EXP 	Sound probe started
346.4319 	EXP 	Sound probe reached end of file
349.2725 	EXP 	New trial (rep=56, index=0): None
349.2736 	EXP 	Sound probe started
349.4843 	EXP 	Sound probe stopped
352.9495 	EXP 	New trial (rep=57, index=0): None
354.5206 	EXP 	Sound probe started
354.7349 	EXP 	Sound probe reached end of file
357.7111 	EXP 	New trial (rep=58, index=0): None
359.6757 	EXP 	Sound probe started
359.8923 	EXP 	Sound probe reached end of file
362.7524 	EXP 	New trial (rep=59, index=0): None
364.3571 	EXP 	Sound probe started
364.5641 	EXP 	Sound probe stopped
364.9804 	DATA 	Keypress: space
367.3340 	EXP 	New trial (rep=60, index=0): None
367.3380 	EXP 	Sound probe started
367.5520 	EXP 	Sound probe reached end of file
370.1979 	EXP 	New trial (rep=61, index=0): None
371.7755 	EXP 	Sound probe started
371.9922 	EXP 	Sound probe reached end of file
374.9190 	EXP 	New trial (rep=62, index=0): None
376.8300 	EXP 	Sound probe started
377.0399 	EXP 	Sound probe reached end of file
377.4597 	DATA 	Keypress: space
380.8198 	EXP 	New trial (rep=63, index=0): None
382.5477 	EXP 	Sound probe started
382.7522 	EXP 	Sound probe stopped
384.9222 	EXP 	New trial (rep=64, index=0): None
386.6251 	EXP 	Sound probe started
386.8400 	EXP 	Sound probe reached end of file
389.4889 	EXP 	New trial (rep=65, index=0): None
389.4900 	EXP 	Sound probe started
389.7001 	EXP 	Sound probe reached end of file
392.5243 	EXP 	New trial (rep=66, index=0): None
394.2167 	EXP 	Sound probe started
394.4322 	EXP 	Sound probe reached end of file
398.1701 	EXP 	New trial (rep=67, index=0): None
399.9308 	EXP 	Sound probe started
400.1481 	EXP 	Sound probe reached end of file
403.8026 	EXP 	New trial (rep=68, index=0): None
405.6675 	EXP 	Sound probe started
405.8682 	EXP 	Sound probe stopped
406.3250 	DATA 	Keypress: space
409.6770 	EXP 	New trial (rep=69, index=0): None
411.4201 	EXP 	Sound probe started
411.6280 	EXP 	Sound probe stopped
415.3047 	EXP 	New trial (rep=70, index=0): None
415.3058 	EXP 	Sound probe started
415.5199 	EXP 	Sound probe reached end of file
418.8856 	EXP 	New trial (rep=71, index=0): None
420.7101 	EXP 	Sound probe started
420.9159 	EXP 	Sound probe stopped
421.3094 	DATA 	Keypress: space
423.1720 	EXP 	New trial (rep=72, index=0): None
425.1037 	EXP 	Sound probe started
425.3159 	EXP 	Sound probe reached end of file
427.3375 	EXP 	New trial (rep=73, index=0): None
429.1772 	EXP 	Sound probe started
429.3960 	EXP 	Sound probe reached end of file
429.7819 	DATA 	Keypress: space
432.4273 	EXP 	New trial (rep=74, index=0): None
434.3644 	EXP 	Sound probe started
434.5762 	EXP 	Sound probe reached end of file
436.6717 	EXP 	New trial (rep=75, index=0): None
436.6727 	EXP 	Sound probe started
436.8877 	EXP 	Sound probe reached end of file
439.4113 	EXP 	New trial (rep=76, index=0): None
441.3217 	EXP 	Sound probe started
441.5280 	EXP 	Sound probe stopped
444.3235 	EXP 	New trial (rep=77, index=0): None
446.3230 	EXP 	Sound probe started
446.5359 	EXP 	Sound probe reached end of file
448.9011 	EXP 	New trial (rep=78, index=0): None
450.8977 	EXP 	Sound probe started
451.1040 	EXP 	Sound probe stopped
451.5269 	DATA 	Keypress: space
454.0736 	EXP 	New trial (rep=79, index=0): None
454.0767 	EXP 	Sound probe started
454.2961 	EXP 	Sound probe reached end of file
456.9611 	EXP 	New trial (rep=80, index=0): None
458.9627 	EXP 	Sound probe started
459.1760 	EXP 	Sound probe reached end of file
462.3376 	EXP 	New trial (rep=81, index=0): None
464.3625 	EXP 	Sound probe started
464.5774 	EXP 	Sound probe reached end of file
467.0942 	EXP 	New trial (rep=82, index=0): None
469.6303 	EXP 	Sound probe started
469.8446 	EXP 	Sound probe reached end of file
470.0845 	DATA 	Keypress: space
472.5546 	EXP 	New trial (rep=83, index=0): None
474.5958 	EXP 	Sound probe started
474.8170 	EXP 	Sound probe reached end of file
477.8002 	EXP 	New trial (rep=84, index=0): None
479.8794 	EXP 	Sound probe started
480.0919 	EXP 	Sound probe reached end of file
480.4235 	DATA 	Keypress: space
483.8449 	EXP 	New trial (rep=85, index=0): None
483.8483 	EXP 	Sound probe started
484.0638 	EXP 	Sound probe reached end of file
486.5323 	EXP 	New trial (rep=86, index=0): None
488.7134 	EXP 	Sound probe started
488.9318 	EXP 	Sound probe reached end of file
492.0886 	EXP 	New trial (rep=87, index=0): None
494.1409 	EXP 	Sound probe started
494.3522 	EXP 	Sound probe reached end of file
498.1666 	EXP 	New trial (rep=88, index=0): None
500.3421 	EXP 	Sound probe started
500.5519 	EXP 	Sound probe stopped
500.9714 	DATA 	Keypress: space
504.0685 	EXP 	New trial (rep=89, index=0): None
504.0713 	EXP 	Sound probe started
504.2819 	EXP 	Sound probe reached end of file
506.8583 	EXP 	New trial (rep=90, index=0): None
508.9444 	EXP 	Sound probe started
509.1600 	EXP 	Sound probe reached end of file
512.3712 	EXP 	New trial (rep=91, index=0): None
514.5854 	EXP 	Sound probe started
514.5863 	DATA 	Keypress: space
514.7998 	EXP 	Sound probe reached end of file
515.3976 	DATA 	Keypress: space
517.8312 	EXP 	New trial (rep=92, index=0): None
520.0299 	EXP 	Sound probe started
520.2400 	EXP 	Sound probe reached end of file
520.6019 	DATA 	Keypress: space
522.1246 	EXP 	New trial (rep=93, index=0): None
524.3157 	EXP 	Sound probe started
524.5277 	EXP 	Sound probe reached end of file
524.8736 	DATA 	Keypress: space
527.8124 	EXP 	New trial (rep=94, index=0): None
527.8136 	EXP 	Sound probe started
528.0276 	EXP 	Sound probe reached end of file
530.2560 	EXP 	New trial (rep=95, index=0): None
532.4811 	EXP 	Sound probe started
532.7000 	EXP 	Sound probe reached end of file
533.0780 	DATA 	Keypress: space
535.6347 	EXP 	New trial (rep=96, index=0): None
535.6407 	EXP 	Sound probe stopped
535.6654 	EXP 	goodbye_text: autoDraw = True
537.1515 	DATA 	Keypress: space
537.1618 	EXP 	goodbye_text: autoDraw = False
537.2913 	EXP 	window1: mouseVisible = True
