8.6721 	WARNING 	User requested fullscreen with size [2560 1440], but screen is actually [3840, 2160]. Using actual size
10.4994 	EXP 	Created window1 = Window(allowGUI=False, allowStencil=False, autoLog=True, backendConf=UNKNOWN, bitsMode=UNKNOWN, blendMode='avg', bpc=(8, 8, 8), color=array([ 0.6078, -0.2784, -0.2784]), colorSpace='rgb', depthBits=8, fullscr=<method-wrapper '__getattribute__' of attributeSetter object at 0x0000021D0AF89AF0>, gamma=None, gammaErrorPolicy='raise', lms=UNKNOWN, monitor=<psychopy.monitors.calibTools.Monitor object at 0x0000021D0CC33F40>, multiSample=False, name='window1', numSamples=2, pos=(0, 0), screen=0, size=array([3840, 2160]), stencilBits=0, stereo=False, units='height', useFBO=True, useRetina=False, viewOri=0.0, viewPos=None, viewScale=None, waitBlanking=True, winType='pyglet')
10.5013 	EXP 	window1: mouseVisible = True
10.5015 	EXP 	window1: Attempting to measure frame rate of screen (0) ...
10.5015 	EXP 	window1: recordFrameIntervals = False
10.7629 	EXP 	window1: recordFrameIntervals = True
11.0550 	EXP 	Screen (0) actual frame rate measured at 37.51Hz
11.0550 	EXP 	window1: recordFrameIntervals = False
12.7516 	EXP 	window1: Attempting to measure frame rate of screen (0) ...
12.7517 	EXP 	window1: recordFrameIntervals = False
13.0179 	EXP 	window1: recordFrameIntervals = True
13.5244 	WARNING 	t of last frame was 40.33ms (=1/24)
14.0711 	EXP 	Screen (0) actual frame rate measured at 36.69Hz
14.0711 	EXP 	window1: recordFrameIntervals = False
14.1598 	EXP 	Created instructions = TextStim(__class__=<class 'psychopy.visual.text.TextStim'>, alignHoriz=method-wrapper(...), alignText='center', alignVert=method-wrapper(...), anchorHoriz='center', anchorVert='center', antialias=True, autoLog=True, bold=False, color=array([1., 1., 1.]), colorSpace='rgb', contrast=1.0, depth=-2.0, flipHoriz=False, flipVert=False, font='Open Sans', fontFiles=[], height=0.03, italic=False, languageStyle='LTR', name='instructions', opacity=1, ori=0.0, pos=array([0., 0.]), rgb=UNKNOWN, text=str(...), units='height', win=Window(...), wrapWidth=1)
14.1617 	EXP 	Created blank_text = TextStim(__class__=<class 'psychopy.visual.text.TextStim'>, alignHoriz=method-wrapper(...), alignText='center', alignVert=method-wrapper(...), anchorHoriz='center', anchorVert='center', antialias=True, autoLog=True, bold=False, color=array([1., 1., 1.]), colorSpace='rgb', contrast=1.0, depth=0.0, flipHoriz=False, flipVert=False, font='Open Sans', fontFiles=[], height=0.05, italic=False, languageStyle='LTR', name='blank_text', opacity=1, ori=0.0, pos=array([0., 0.]), rgb=UNKNOWN, text='', units='height', win=Window(...), wrapWidth=1)
14.1643 	EXP 	Created fixation_cross = ShapeStim(__class__=<class 'psychopy.visual.shape.ShapeStim'>, anchor=('center', 'center'), autoDraw=False, autoLog=True, closeShape=True, color=method-wrapper(...), colorSpace='rgb', contrast=None, depth=-3.0, fillColor=array([1, 1, 1]), fillColorSpace='rgb', fillRGB=array([1, 1, 1]), interpolate=True, lineColor=array([1., 1., 1.]), lineColorSpace='rgb', lineRGB=array([1, 1, 1]), lineWidth=1.0, name='fixation_cross', opacity=1, ori=0.0, pos=array([0., 0.]), size=array([0.15, 0.15]), units='height', vertices=ndarray(...), win=Window(...), windingRule=None)
14.1654 	EXP 	Created text = TextStim(__class__=<class 'psychopy.visual.text.TextStim'>, alignHoriz=method-wrapper(...), alignText='center', alignVert=method-wrapper(...), anchorHoriz='center', anchorVert='center', antialias=True, autoLog=True, bold=False, color=array([1., 1., 1.]), colorSpace='rgb', contrast=1.0, depth=-2.0, flipHoriz=False, flipVert=False, font='Open Sans', fontFiles=[], height=0.05, italic=False, languageStyle='LTR', name='text', opacity=1, ori=0.0, pos=array([0., 0.]), rgb=UNKNOWN, text='', units='height', win=Window(...), wrapWidth=1)
14.2188 	EXP 	Sound probe set volume 1.000
14.2204 	EXP 	Created text_2 = TextStim(__class__=<class 'psychopy.visual.text.TextStim'>, alignHoriz=method-wrapper(...), alignText='center', alignVert=method-wrapper(...), anchorHoriz='center', anchorVert='center', antialias=True, autoLog=True, bold=False, color=array([1., 1., 1.]), colorSpace='rgb', contrast=1.0, depth=-4.0, flipHoriz=False, flipVert=False, font='Open Sans', fontFiles=[], height=0.05, italic=False, languageStyle='LTR', name='text_2', opacity=1, ori=0.0, pos=array([0., 0.]), rgb=UNKNOWN, text='', units='height', win=Window(...), wrapWidth=1)
14.2366 	EXP 	Created break_txt = TextStim(__class__=<class 'psychopy.visual.text.TextStim'>, alignHoriz=method-wrapper(...), alignText='center', alignVert=method-wrapper(...), anchorHoriz='center', anchorVert='center', antialias=True, autoLog=True, bold=False, color=array([1., 1., 1.]), colorSpace='rgb', contrast=1.0, depth=0.0, flipHoriz=False, flipVert=False, font='Open Sans', fontFiles=[], height=0.04, italic=False, languageStyle='LTR', name='break_txt', opacity=1, ori=0.0, pos=array([0., 0.]), rgb=UNKNOWN, text=str(...), units='height', win=Window(...), wrapWidth=1)
14.2379 	EXP 	Created blank_text = TextStim(__class__=<class 'psychopy.visual.text.TextStim'>, alignHoriz=method-wrapper(...), alignText='center', alignVert=method-wrapper(...), anchorHoriz='center', anchorVert='center', antialias=True, autoLog=True, bold=False, color=array([1., 1., 1.]), colorSpace='rgb', contrast=1.0, depth=0.0, flipHoriz=False, flipVert=False, font='Open Sans', fontFiles=[], height=0.05, italic=False, languageStyle='LTR', name='blank_text', opacity=1, ori=0.0, pos=array([0., 0.]), rgb=UNKNOWN, text='', units='height', win=Window(...), wrapWidth=1)
14.2623 	EXP 	Created end_txt = TextStim(__class__=<class 'psychopy.visual.text.TextStim'>, alignHoriz=method-wrapper(...), alignText='center', alignVert=method-wrapper(...), anchorHoriz='center', anchorVert='center', antialias=True, autoLog=True, bold=False, color=array([1., 1., 1.]), colorSpace='rgb', contrast=1.0, depth=0.0, flipHoriz=False, flipVert=False, font='Open Sans', fontFiles=[], height=0.05, italic=False, languageStyle='LTR', name='end_txt', opacity=1, ori=0.0, pos=array([0., 0.]), rgb=UNKNOWN, text=str(...), units='height', win=Window(...), wrapWidth=1)
14.2804 	EXP 	instructions: autoDraw = True
36.4992 	DATA 	Keypress: space
36.5218 	EXP 	instructions: autoDraw = False
36.5218 	EXP 	blank_text: autoDraw = True
37.4975 	EXP 	Created sequence: fullRandom, trialTypes=1, nReps=999, seed=None
37.4999 	EXP 	New trial (rep=0, index=0): None
39.1694 	EXP 	blank_text: autoDraw = False
39.1694 	EXP 	text: height = 0.05
39.1694 	EXP 	text: height = 0.05
39.1694 	EXP 	text: text = 'RYTHME\n\nHAUTEUR'
39.1694 	EXP 	text: autoDraw = True
40.1586 	EXP 	Created sequence: sequential, trialTypes=1, nReps=8, seed=None
40.1588 	EXP 	New trial (rep=0, index=0): None
40.1606 	EXP 	Sound probe started
40.1868 	EXP 	text: autoDraw = False
40.1868 	EXP 	text: autoDraw = False
40.3704 	EXP 	Sound probe reached end of file
40.3727 	EXP 	window1: recordFrameIntervals = False
40.3926 	EXP 	text_2: autoDraw = True
40.3938 	EXP 	window1: recordFrameIntervals = False
41.7987 	EXP 	New trial (rep=1, index=0): None
41.7998 	EXP 	Sound probe started
41.8188 	EXP 	text_2: autoDraw = False
41.8188 	EXP 	text_2: autoDraw = False
41.8761 	DATA 	Keypress: space
42.0099 	EXP 	Sound probe reached end of file
42.0116 	EXP 	window1: recordFrameIntervals = False
42.0309 	EXP 	text_2: autoDraw = True
42.0323 	EXP 	window1: recordFrameIntervals = False
43.4295 	EXP 	New trial (rep=2, index=0): None
43.4304 	EXP 	Sound probe started
43.4549 	EXP 	text_2: autoDraw = False
43.4549 	EXP 	text_2: autoDraw = False
43.6501 	EXP 	Sound probe reached end of file
43.6505 	EXP 	window1: recordFrameIntervals = False
43.6708 	EXP 	text_2: autoDraw = True
43.6721 	EXP 	window1: recordFrameIntervals = False
45.0679 	EXP 	New trial (rep=3, index=0): None
45.0689 	EXP 	Sound probe started
45.0943 	EXP 	text_2: autoDraw = False
45.0943 	EXP 	text_2: autoDraw = False
45.2819 	EXP 	Sound probe reached end of file
45.2823 	EXP 	window1: recordFrameIntervals = False
45.3132 	EXP 	text_2: autoDraw = True
45.3144 	EXP 	window1: recordFrameIntervals = False
46.4807 	DATA 	Keypress: space
46.7002 	EXP 	New trial (rep=4, index=0): None
46.7012 	EXP 	Sound probe started
46.7260 	EXP 	text_2: autoDraw = False
46.7260 	EXP 	text_2: autoDraw = False
46.9103 	EXP 	Sound probe reached end of file
46.9110 	EXP 	window1: recordFrameIntervals = False
46.9312 	EXP 	text_2: autoDraw = True
46.9324 	EXP 	window1: recordFrameIntervals = False
48.1088 	DATA 	Keypress: space
48.3292 	EXP 	New trial (rep=5, index=0): None
48.3327 	EXP 	Sound probe started
48.3549 	EXP 	text_2: autoDraw = False
48.3549 	EXP 	text_2: autoDraw = False
48.5419 	EXP 	Sound probe stopped
48.5424 	EXP 	window1: recordFrameIntervals = False
48.5621 	EXP 	text_2: autoDraw = True
48.5632 	EXP 	window1: recordFrameIntervals = False
49.9618 	EXP 	New trial (rep=6, index=0): None
49.9627 	EXP 	Sound probe started
49.9894 	EXP 	text_2: autoDraw = False
49.9894 	EXP 	text_2: autoDraw = False
50.1701 	EXP 	Sound probe stopped
50.1720 	EXP 	window1: recordFrameIntervals = False
50.1936 	EXP 	text_2: autoDraw = True
50.1949 	EXP 	window1: recordFrameIntervals = False
51.3707 	DATA 	Keypress: space
51.5915 	EXP 	New trial (rep=7, index=0): None
51.5925 	EXP 	Sound probe started
51.6182 	EXP 	text_2: autoDraw = False
51.6182 	EXP 	text_2: autoDraw = False
51.8100 	EXP 	Sound probe reached end of file
51.8105 	EXP 	window1: recordFrameIntervals = False
51.8309 	EXP 	text_2: autoDraw = True
51.8322 	EXP 	window1: recordFrameIntervals = False
53.0096 	DATA 	Keypress: space
53.2573 	EXP 	text_2: autoDraw = False
53.2573 	EXP 	text_2: autoDraw = False
53.2573 	EXP 	break_txt: autoDraw = True
56.0456 	EXP 	New trial (rep=1, index=0): None
57.6169 	DATA 	Keypress: space
57.6322 	EXP 	break_txt: autoDraw = False
57.6322 	EXP 	text: height = 0.05
57.6322 	EXP 	text: height = 0.05
57.6322 	EXP 	text: text = 'X'
57.6322 	EXP 	text: autoDraw = True
58.6102 	EXP 	Created sequence: sequential, trialTypes=1, nReps=9, seed=None
58.6107 	EXP 	New trial (rep=0, index=0): None
58.6152 	EXP 	Sound probe started
58.6361 	EXP 	text: autoDraw = False
58.6361 	EXP 	text: autoDraw = False
58.8219 	EXP 	Sound probe stopped
58.8223 	EXP 	window1: recordFrameIntervals = False
58.8480 	EXP 	text_2: autoDraw = True
58.8492 	EXP 	window1: recordFrameIntervals = False
60.0673 	DATA 	Keypress: space
60.2881 	EXP 	New trial (rep=1, index=0): None
60.2891 	EXP 	Sound probe started
60.3157 	EXP 	text_2: autoDraw = False
60.3157 	EXP 	text_2: autoDraw = False
60.5020 	EXP 	Sound probe reached end of file
60.5039 	EXP 	window1: recordFrameIntervals = False
60.5256 	EXP 	text_2: autoDraw = True
60.5269 	EXP 	window1: recordFrameIntervals = False
61.9814 	DATA 	Keypress: space
62.2016 	EXP 	New trial (rep=2, index=0): None
62.2026 	EXP 	Sound probe started
62.2288 	EXP 	text_2: autoDraw = False
62.2288 	EXP 	text_2: autoDraw = False
62.4219 	EXP 	Sound probe reached end of file
62.4224 	EXP 	window1: recordFrameIntervals = False
62.4420 	EXP 	text_2: autoDraw = True
62.4433 	EXP 	window1: recordFrameIntervals = False
64.1665 	DATA 	Keypress: space
64.3866 	EXP 	New trial (rep=3, index=0): None
64.3874 	EXP 	Sound probe started
64.4119 	EXP 	text_2: autoDraw = False
64.4119 	EXP 	text_2: autoDraw = False
64.6019 	EXP 	Sound probe reached end of file
64.6024 	EXP 	window1: recordFrameIntervals = False
64.6333 	EXP 	text_2: autoDraw = True
64.6346 	EXP 	window1: recordFrameIntervals = False
66.9318 	DATA 	Keypress: space
67.1515 	EXP 	New trial (rep=4, index=0): None
67.1525 	EXP 	Sound probe started
67.1772 	EXP 	text_2: autoDraw = False
67.1772 	EXP 	text_2: autoDraw = False
67.3701 	EXP 	Sound probe reached end of file
67.3706 	EXP 	window1: recordFrameIntervals = False
67.4019 	EXP 	text_2: autoDraw = True
67.4032 	EXP 	window1: recordFrameIntervals = False
68.6288 	DATA 	Keypress: space
68.8496 	EXP 	New trial (rep=5, index=0): None
68.8509 	EXP 	Sound probe started
68.8759 	EXP 	text_2: autoDraw = False
68.8759 	EXP 	text_2: autoDraw = False
69.0580 	EXP 	Sound probe stopped
69.0599 	EXP 	window1: recordFrameIntervals = False
69.0803 	EXP 	text_2: autoDraw = True
69.0817 	EXP 	window1: recordFrameIntervals = False
70.2874 	DATA 	Keypress: space
70.5082 	EXP 	New trial (rep=6, index=0): None
70.5092 	EXP 	Sound probe started
70.5340 	EXP 	text_2: autoDraw = False
70.5340 	EXP 	text_2: autoDraw = False
70.7180 	EXP 	Sound probe reached end of file
70.7185 	EXP 	window1: recordFrameIntervals = False
70.7481 	EXP 	text_2: autoDraw = True
70.7494 	EXP 	window1: recordFrameIntervals = False
73.2304 	DATA 	Keypress: space
73.2311 	DATA 	Keypress: space
73.4507 	EXP 	New trial (rep=7, index=0): None
73.4517 	EXP 	Sound probe started
73.4786 	EXP 	text_2: autoDraw = False
73.4786 	EXP 	text_2: autoDraw = False
73.6701 	EXP 	Sound probe reached end of file
73.6706 	EXP 	window1: recordFrameIntervals = False
73.6903 	EXP 	text_2: autoDraw = True
73.6914 	EXP 	window1: recordFrameIntervals = False
75.7458 	EXP 	New trial (rep=8, index=0): None
75.7468 	EXP 	Sound probe started
75.7711 	EXP 	text_2: autoDraw = False
75.7711 	EXP 	text_2: autoDraw = False
75.9581 	EXP 	Sound probe reached end of file
75.9597 	EXP 	window1: recordFrameIntervals = False
75.9872 	EXP 	text_2: autoDraw = True
75.9884 	EXP 	window1: recordFrameIntervals = False
77.6560 	DATA 	Keypress: space
77.9021 	EXP 	text_2: autoDraw = False
77.9021 	EXP 	text_2: autoDraw = False
77.9021 	EXP 	break_txt: autoDraw = True
80.0433 	EXP 	New trial (rep=2, index=0): None
81.6845 	DATA 	Keypress: space
81.7002 	EXP 	break_txt: autoDraw = False
81.7002 	EXP 	text: height = 0.05
81.7002 	EXP 	text: height = 0.05
81.7002 	EXP 	text: text = 'RYTHME\n\nHAUTEUR'
81.7002 	EXP 	text: autoDraw = True
82.6960 	EXP 	Created sequence: sequential, trialTypes=1, nReps=15, seed=None
82.6962 	EXP 	New trial (rep=0, index=0): None
82.6974 	EXP 	Sound probe started
82.7242 	EXP 	text: autoDraw = False
82.7242 	EXP 	text: autoDraw = False
82.9098 	EXP 	Sound probe reached end of file
82.9102 	EXP 	window1: recordFrameIntervals = False
82.9363 	EXP 	text_2: autoDraw = True
82.9373 	EXP 	window1: recordFrameIntervals = False
83.7947 	DATA 	Keypress: space
84.0156 	EXP 	New trial (rep=1, index=0): None
84.0171 	EXP 	Sound probe started
84.0424 	EXP 	text_2: autoDraw = False
84.0424 	EXP 	text_2: autoDraw = False
84.2299 	EXP 	Sound probe reached end of file
84.2319 	EXP 	window1: recordFrameIntervals = False
84.2500 	EXP 	text_2: autoDraw = True
84.2513 	EXP 	window1: recordFrameIntervals = False
85.1172 	DATA 	Keypress: space
85.3455 	EXP 	New trial (rep=2, index=0): None
85.3466 	EXP 	Sound probe started
85.3661 	EXP 	text_2: autoDraw = False
85.3661 	EXP 	text_2: autoDraw = False
85.5500 	EXP 	Sound probe stopped
85.5506 	EXP 	window1: recordFrameIntervals = False
85.5784 	EXP 	text_2: autoDraw = True
85.5798 	EXP 	window1: recordFrameIntervals = False
86.4361 	DATA 	Keypress: space
86.6573 	EXP 	New trial (rep=3, index=0): None
86.6583 	EXP 	Sound probe started
86.6829 	EXP 	text_2: autoDraw = False
86.6829 	EXP 	text_2: autoDraw = False
86.8780 	EXP 	Sound probe reached end of file
86.8784 	EXP 	window1: recordFrameIntervals = False
86.8969 	EXP 	text_2: autoDraw = True
86.8981 	EXP 	window1: recordFrameIntervals = False
87.7631 	DATA 	Keypress: space
87.9840 	EXP 	New trial (rep=4, index=0): None
87.9850 	EXP 	Sound probe started
88.0117 	EXP 	text_2: autoDraw = False
88.0117 	EXP 	text_2: autoDraw = False
88.1981 	EXP 	Sound probe reached end of file
88.2002 	EXP 	window1: recordFrameIntervals = False
88.2196 	EXP 	text_2: autoDraw = True
88.2208 	EXP 	window1: recordFrameIntervals = False
89.0847 	DATA 	Keypress: space
89.3061 	EXP 	New trial (rep=5, index=0): None
89.3098 	EXP 	Sound probe started
89.3308 	EXP 	text_2: autoDraw = False
89.3308 	EXP 	text_2: autoDraw = False
89.5179 	EXP 	Sound probe reached end of file
89.5184 	EXP 	window1: recordFrameIntervals = False
89.5382 	EXP 	text_2: autoDraw = True
89.5394 	EXP 	window1: recordFrameIntervals = False
90.4033 	DATA 	Keypress: space
90.6251 	EXP 	New trial (rep=6, index=0): None
90.6289 	EXP 	Sound probe started
90.6493 	EXP 	text_2: autoDraw = False
90.6493 	EXP 	text_2: autoDraw = False
90.8379 	EXP 	Sound probe stopped
90.8400 	EXP 	window1: recordFrameIntervals = False
90.8579 	EXP 	text_2: autoDraw = True
90.8601 	EXP 	window1: recordFrameIntervals = False
91.7247 	DATA 	Keypress: space
91.9531 	EXP 	New trial (rep=7, index=0): None
91.9542 	EXP 	Sound probe started
91.9738 	EXP 	text_2: autoDraw = False
91.9738 	EXP 	text_2: autoDraw = False
92.1660 	EXP 	Sound probe reached end of file
92.1681 	EXP 	window1: recordFrameIntervals = False
92.1886 	EXP 	text_2: autoDraw = True
92.1898 	EXP 	window1: recordFrameIntervals = False
93.0529 	DATA 	Keypress: space
93.2739 	EXP 	New trial (rep=8, index=0): None
93.2749 	EXP 	Sound probe started
93.3017 	EXP 	text_2: autoDraw = False
93.3017 	EXP 	text_2: autoDraw = False
93.4861 	EXP 	Sound probe reached end of file
93.4878 	EXP 	window1: recordFrameIntervals = False
93.5081 	EXP 	text_2: autoDraw = True
93.5093 	EXP 	window1: recordFrameIntervals = False
94.3734 	DATA 	Keypress: space
94.5949 	EXP 	New trial (rep=9, index=0): None
94.5984 	EXP 	Sound probe started
94.6200 	EXP 	text_2: autoDraw = False
94.6200 	EXP 	text_2: autoDraw = False
94.8060 	EXP 	Sound probe stopped
94.8080 	EXP 	window1: recordFrameIntervals = False
94.8262 	EXP 	text_2: autoDraw = True
94.8274 	EXP 	window1: recordFrameIntervals = False
95.6939 	DATA 	Keypress: space
95.9199 	EXP 	New trial (rep=10, index=0): None
95.9218 	EXP 	Sound probe started
95.9405 	EXP 	text_2: autoDraw = False
95.9405 	EXP 	text_2: autoDraw = False
96.1260 	EXP 	Sound probe stopped
96.1264 	EXP 	window1: recordFrameIntervals = False
96.1460 	EXP 	text_2: autoDraw = True
96.1472 	EXP 	window1: recordFrameIntervals = False
97.0113 	DATA 	Keypress: space
97.2355 	EXP 	New trial (rep=11, index=0): None
97.2390 	EXP 	Sound probe started
97.2578 	EXP 	text_2: autoDraw = False
97.2578 	EXP 	text_2: autoDraw = False
97.4460 	EXP 	Sound probe stopped
97.4474 	EXP 	window1: recordFrameIntervals = False
97.4633 	EXP 	text_2: autoDraw = True
97.4647 	EXP 	window1: recordFrameIntervals = False
98.3323 	DATA 	Keypress: space
98.5537 	EXP 	New trial (rep=12, index=0): None
98.5545 	EXP 	Sound probe started
98.5791 	EXP 	text_2: autoDraw = False
98.5791 	EXP 	text_2: autoDraw = False
98.7660 	EXP 	Sound probe reached end of file
98.7664 	EXP 	window1: recordFrameIntervals = False
98.7999 	EXP 	text_2: autoDraw = True
98.8011 	EXP 	window1: recordFrameIntervals = False
99.8712 	EXP 	New trial (rep=13, index=0): None
99.8722 	EXP 	Sound probe started
99.8969 	EXP 	text_2: autoDraw = False
99.8969 	EXP 	text_2: autoDraw = False
100.0862 	EXP 	Sound probe reached end of file
100.0882 	EXP 	window1: recordFrameIntervals = False
100.1122 	EXP 	text_2: autoDraw = True
100.1134 	EXP 	window1: recordFrameIntervals = False
100.9733 	DATA 	Keypress: space
101.1951 	EXP 	New trial (rep=14, index=0): None
101.1961 	EXP 	Sound probe started
101.2219 	EXP 	text_2: autoDraw = False
101.2219 	EXP 	text_2: autoDraw = False
101.4062 	EXP 	Sound probe reached end of file
101.4066 	EXP 	window1: recordFrameIntervals = False
101.4336 	EXP 	text_2: autoDraw = True
101.4349 	EXP 	window1: recordFrameIntervals = False
102.2921 	DATA 	Keypress: space
102.5391 	EXP 	text_2: autoDraw = False
102.5391 	EXP 	text_2: autoDraw = False
102.5391 	EXP 	break_txt: autoDraw = True
103.9594 	EXP 	New trial (rep=3, index=0): None
105.5316 	DATA 	Keypress: space
105.5471 	EXP 	break_txt: autoDraw = False
105.5471 	EXP 	text: height = 0.05
105.5471 	EXP 	text: height = 0.05
105.5471 	EXP 	text: text = 'HAUTEUR'
105.5471 	EXP 	text: autoDraw = True
106.5372 	EXP 	Created sequence: sequential, trialTypes=1, nReps=9, seed=None
106.5373 	EXP 	New trial (rep=0, index=0): None
106.5385 	EXP 	Sound probe started
106.5687 	EXP 	text: autoDraw = False
106.5687 	EXP 	text: autoDraw = False
106.7580 	EXP 	Sound probe reached end of file
106.7599 	EXP 	window1: recordFrameIntervals = False
106.7865 	EXP 	text_2: autoDraw = True
106.7877 	EXP 	window1: recordFrameIntervals = False
109.1364 	DATA 	Keypress: space
109.3584 	EXP 	New trial (rep=1, index=0): None
109.3596 	EXP 	Sound probe started
109.3847 	EXP 	text_2: autoDraw = False
109.3847 	EXP 	text_2: autoDraw = False
109.5661 	EXP 	Sound probe stopped
109.5681 	EXP 	window1: recordFrameIntervals = False
109.5894 	EXP 	text_2: autoDraw = True
109.5906 	EXP 	window1: recordFrameIntervals = False
111.6638 	DATA 	Keypress: space
111.8857 	EXP 	New trial (rep=2, index=0): None
111.8867 	EXP 	Sound probe started
111.9113 	EXP 	text_2: autoDraw = False
111.9113 	EXP 	text_2: autoDraw = False
112.1057 	EXP 	Sound probe reached end of file
112.1061 	EXP 	window1: recordFrameIntervals = False
112.1249 	EXP 	text_2: autoDraw = True
112.1261 	EXP 	window1: recordFrameIntervals = False
113.9970 	DATA 	Keypress: space
114.2259 	EXP 	New trial (rep=3, index=0): None
114.2270 	EXP 	Sound probe started
114.2465 	EXP 	text_2: autoDraw = False
114.2465 	EXP 	text_2: autoDraw = False
114.4259 	EXP 	Sound probe stopped
114.4264 	EXP 	window1: recordFrameIntervals = False
114.4516 	EXP 	text_2: autoDraw = True
114.4526 	EXP 	window1: recordFrameIntervals = False
116.8641 	DATA 	Keypress: space
117.0863 	EXP 	New trial (rep=4, index=0): None
117.0901 	EXP 	Sound probe started
117.1100 	EXP 	text_2: autoDraw = False
117.1100 	EXP 	text_2: autoDraw = False
117.2940 	EXP 	Sound probe stopped
117.2961 	EXP 	window1: recordFrameIntervals = False
117.3152 	EXP 	text_2: autoDraw = True
117.3163 	EXP 	window1: recordFrameIntervals = False
119.5727 	DATA 	Keypress: space
119.7942 	EXP 	New trial (rep=5, index=0): None
119.7952 	EXP 	Sound probe started
119.8197 	EXP 	text_2: autoDraw = False
119.8197 	EXP 	text_2: autoDraw = False
120.0139 	EXP 	Sound probe reached end of file
120.0149 	EXP 	window1: recordFrameIntervals = False
120.0346 	EXP 	text_2: autoDraw = True
120.0359 	EXP 	window1: recordFrameIntervals = False
122.2797 	EXP 	New trial (rep=6, index=0): None
122.2806 	EXP 	Sound probe started
122.3050 	EXP 	text_2: autoDraw = False
122.3050 	EXP 	text_2: autoDraw = False
122.4940 	EXP 	Sound probe reached end of file
122.4945 	EXP 	window1: recordFrameIntervals = False
122.5241 	EXP 	text_2: autoDraw = True
122.5253 	EXP 	window1: recordFrameIntervals = False
123.6380 	DATA 	Keypress: space
123.8616 	EXP 	New trial (rep=7, index=0): None
123.8652 	EXP 	Sound probe started
123.8844 	EXP 	text_2: autoDraw = False
123.8844 	EXP 	text_2: autoDraw = False
124.0738 	EXP 	Sound probe reached end of file
124.0743 	EXP 	window1: recordFrameIntervals = False
124.0943 	EXP 	text_2: autoDraw = True
124.0956 	EXP 	window1: recordFrameIntervals = False
124.9268 	DATA 	Keypress: space
125.1493 	EXP 	New trial (rep=8, index=0): None
125.1502 	EXP 	Sound probe started
125.1749 	EXP 	text_2: autoDraw = False
125.1749 	EXP 	text_2: autoDraw = False
125.3658 	EXP 	Sound probe reached end of file
125.3678 	EXP 	window1: recordFrameIntervals = False
125.3951 	EXP 	text_2: autoDraw = True
125.3964 	EXP 	window1: recordFrameIntervals = False
126.9877 	EXP 	text_2: autoDraw = False
126.9877 	EXP 	text_2: autoDraw = False
126.9877 	EXP 	break_txt: autoDraw = True
129.0388 	EXP 	New trial (rep=4, index=0): None
133.0184 	DATA 	Keypress: space
133.0339 	EXP 	break_txt: autoDraw = False
133.0339 	EXP 	text: height = 0.05
133.0339 	EXP 	text: height = 0.05
133.0339 	EXP 	text: text = 'X'
133.0339 	EXP 	text: autoDraw = True
134.0262 	EXP 	Created sequence: sequential, trialTypes=1, nReps=15, seed=None
134.0263 	EXP 	New trial (rep=0, index=0): None
134.0276 	EXP 	Sound probe started
134.0579 	EXP 	text: autoDraw = False
134.0579 	EXP 	text: autoDraw = False
134.2458 	EXP 	Sound probe reached end of file
134.2463 	EXP 	window1: recordFrameIntervals = False
134.2729 	EXP 	text_2: autoDraw = True
134.2741 	EXP 	window1: recordFrameIntervals = False
136.8182 	DATA 	Keypress: space
137.0420 	EXP 	New trial (rep=1, index=0): None
137.0455 	EXP 	Sound probe started
137.0647 	EXP 	text_2: autoDraw = False
137.0647 	EXP 	text_2: autoDraw = False
137.2538 	EXP 	Sound probe reached end of file
137.2543 	EXP 	window1: recordFrameIntervals = False
137.2745 	EXP 	text_2: autoDraw = True
137.2757 	EXP 	window1: recordFrameIntervals = False
138.0453 	DATA 	Keypress: space
138.2683 	EXP 	New trial (rep=2, index=0): None
138.2692 	EXP 	Sound probe started
138.2944 	EXP 	text_2: autoDraw = False
138.2944 	EXP 	text_2: autoDraw = False
138.4859 	EXP 	Sound probe reached end of file
138.4880 	EXP 	window1: recordFrameIntervals = False
138.5079 	EXP 	text_2: autoDraw = True
138.5092 	EXP 	window1: recordFrameIntervals = False
139.6818 	DATA 	Keypress: space
139.9041 	EXP 	New trial (rep=3, index=0): None
139.9051 	EXP 	Sound probe started
139.9320 	EXP 	text_2: autoDraw = False
139.9320 	EXP 	text_2: autoDraw = False
140.1138 	EXP 	Sound probe reached end of file
140.1159 	EXP 	window1: recordFrameIntervals = False
140.1429 	EXP 	text_2: autoDraw = True
140.1441 	EXP 	window1: recordFrameIntervals = False
141.5695 	DATA 	Keypress: space
141.7914 	EXP 	New trial (rep=4, index=0): None
141.7924 	EXP 	Sound probe started
141.8193 	EXP 	text_2: autoDraw = False
141.8193 	EXP 	text_2: autoDraw = False
142.0020 	EXP 	Sound probe reached end of file
142.0039 	EXP 	window1: recordFrameIntervals = False
142.0241 	EXP 	text_2: autoDraw = True
142.0253 	EXP 	window1: recordFrameIntervals = False
143.9880 	EXP 	New trial (rep=5, index=0): None
143.9890 	EXP 	Sound probe started
144.0138 	EXP 	text_2: autoDraw = False
144.0138 	EXP 	text_2: autoDraw = False
144.2020 	EXP 	Sound probe reached end of file
144.2041 	EXP 	window1: recordFrameIntervals = False
144.2259 	EXP 	text_2: autoDraw = True
144.2272 	EXP 	window1: recordFrameIntervals = False
146.4758 	DATA 	Keypress: space
146.6985 	EXP 	New trial (rep=6, index=0): None
146.7010 	EXP 	Sound probe started
146.7253 	EXP 	text_2: autoDraw = False
146.7253 	EXP 	text_2: autoDraw = False
146.9139 	EXP 	Sound probe reached end of file
146.9143 	EXP 	window1: recordFrameIntervals = False
146.9343 	EXP 	text_2: autoDraw = True
146.9355 	EXP 	window1: recordFrameIntervals = False
148.4476 	DATA 	Keypress: space
148.6720 	EXP 	New trial (rep=7, index=0): None
148.6755 	EXP 	Sound probe started
148.6941 	EXP 	text_2: autoDraw = False
148.6941 	EXP 	text_2: autoDraw = False
148.8818 	EXP 	Sound probe stopped
148.8823 	EXP 	window1: recordFrameIntervals = False
148.9019 	EXP 	text_2: autoDraw = True
148.9030 	EXP 	window1: recordFrameIntervals = False
150.7679 	DATA 	Keypress: space
150.9942 	EXP 	New trial (rep=8, index=0): None
150.9960 	EXP 	Sound probe started
151.0145 	EXP 	text_2: autoDraw = False
151.0145 	EXP 	text_2: autoDraw = False
151.2019 	EXP 	Sound probe stopped
151.2023 	EXP 	window1: recordFrameIntervals = False
151.2304 	EXP 	text_2: autoDraw = True
151.2314 	EXP 	window1: recordFrameIntervals = False
153.4295 	DATA 	Keypress: space
153.6518 	EXP 	New trial (rep=9, index=0): None
153.6528 	EXP 	Sound probe started
153.6793 	EXP 	text_2: autoDraw = False
153.6793 	EXP 	text_2: autoDraw = False
153.8619 	EXP 	Sound probe reached end of file
153.8638 	EXP 	window1: recordFrameIntervals = False
153.8892 	EXP 	text_2: autoDraw = True
153.8905 	EXP 	window1: recordFrameIntervals = False
155.9471 	DATA 	Keypress: space
156.1703 	EXP 	New trial (rep=10, index=0): None
156.1713 	EXP 	Sound probe started
156.1961 	EXP 	text_2: autoDraw = False
156.1961 	EXP 	text_2: autoDraw = False
156.3819 	EXP 	Sound probe reached end of file
156.3843 	EXP 	window1: recordFrameIntervals = False
156.4067 	EXP 	text_2: autoDraw = True
156.4079 	EXP 	window1: recordFrameIntervals = False
157.3086 	DATA 	Keypress: space
157.5352 	EXP 	New trial (rep=11, index=0): None
157.5367 	EXP 	Sound probe started
157.5555 	EXP 	text_2: autoDraw = False
157.5555 	EXP 	text_2: autoDraw = False
157.7419 	EXP 	Sound probe stopped
157.7423 	EXP 	window1: recordFrameIntervals = False
157.7702 	EXP 	text_2: autoDraw = True
157.7713 	EXP 	window1: recordFrameIntervals = False
158.8654 	DATA 	Keypress: space
159.0884 	EXP 	New trial (rep=12, index=0): None
159.0894 	EXP 	Sound probe started
159.1150 	EXP 	text_2: autoDraw = False
159.1150 	EXP 	text_2: autoDraw = False
159.3019 	EXP 	Sound probe reached end of file
159.3040 	EXP 	window1: recordFrameIntervals = False
159.3283 	EXP 	text_2: autoDraw = True
159.3297 	EXP 	window1: recordFrameIntervals = False
160.3054 	DATA 	Keypress: space
160.5287 	EXP 	New trial (rep=13, index=0): None
160.5295 	EXP 	Sound probe started
160.5553 	EXP 	text_2: autoDraw = False
160.5553 	EXP 	text_2: autoDraw = False
160.7419 	EXP 	Sound probe reached end of file
160.7436 	EXP 	window1: recordFrameIntervals = False
160.7636 	EXP 	text_2: autoDraw = True
160.7651 	EXP 	window1: recordFrameIntervals = False
162.8455 	EXP 	New trial (rep=14, index=0): None
162.8465 	EXP 	Sound probe started
162.8732 	EXP 	text_2: autoDraw = False
162.8732 	EXP 	text_2: autoDraw = False
163.0619 	EXP 	Sound probe reached end of file
163.0632 	EXP 	window1: recordFrameIntervals = False
163.0831 	EXP 	text_2: autoDraw = True
163.0841 	EXP 	window1: recordFrameIntervals = False
165.1300 	DATA 	Keypress: space
165.3777 	EXP 	text_2: autoDraw = False
165.3777 	EXP 	text_2: autoDraw = False
165.3777 	EXP 	break_txt: autoDraw = True
166.8000 	EXP 	New trial (rep=5, index=0): None
171.8503 	DATA 	Keypress: space
171.8662 	EXP 	break_txt: autoDraw = False
171.8662 	EXP 	text: text = 'X'
171.8662 	EXP 	text: autoDraw = True
172.8558 	EXP 	Created sequence: sequential, trialTypes=1, nReps=11, seed=None
172.8560 	EXP 	New trial (rep=0, index=0): None
172.8574 	EXP 	Sound probe started
172.8861 	EXP 	text: autoDraw = False
172.8861 	EXP 	text: autoDraw = False
173.0699 	EXP 	Sound probe reached end of file
173.0704 	EXP 	window1: recordFrameIntervals = False
173.1001 	EXP 	text_2: autoDraw = True
173.1011 	EXP 	window1: recordFrameIntervals = False
174.6232 	DATA 	Keypress: space
174.8463 	EXP 	New trial (rep=1, index=0): None
174.8498 	EXP 	Sound probe started
174.8722 	EXP 	text_2: autoDraw = False
174.8722 	EXP 	text_2: autoDraw = False
175.0618 	EXP 	Sound probe reached end of file
175.0623 	EXP 	window1: recordFrameIntervals = False
175.0819 	EXP 	text_2: autoDraw = True
175.0831 	EXP 	window1: recordFrameIntervals = False
176.8588 	DATA 	Keypress: space
177.0833 	EXP 	New trial (rep=2, index=0): None
177.0867 	EXP 	Sound probe started
177.1077 	EXP 	text_2: autoDraw = False
177.1077 	EXP 	text_2: autoDraw = False
177.2899 	EXP 	Sound probe stopped
177.2919 	EXP 	window1: recordFrameIntervals = False
177.3131 	EXP 	text_2: autoDraw = True
177.3144 	EXP 	window1: recordFrameIntervals = False
178.2600 	DATA 	Keypress: space
178.4842 	EXP 	New trial (rep=3, index=0): None
178.4878 	EXP 	Sound probe started
178.5083 	EXP 	text_2: autoDraw = False
178.5083 	EXP 	text_2: autoDraw = False
178.7018 	EXP 	Sound probe reached end of file
178.7035 	EXP 	window1: recordFrameIntervals = False
178.7242 	EXP 	text_2: autoDraw = True
178.7254 	EXP 	window1: recordFrameIntervals = False
179.5777 	DATA 	Keypress: space
179.8013 	EXP 	New trial (rep=4, index=0): None
179.8042 	EXP 	Sound probe started
179.8267 	EXP 	text_2: autoDraw = False
179.8267 	EXP 	text_2: autoDraw = False
180.0220 	EXP 	Sound probe reached end of file
180.0237 	EXP 	window1: recordFrameIntervals = False
180.0433 	EXP 	text_2: autoDraw = True
180.0445 	EXP 	window1: recordFrameIntervals = False
181.5723 	DATA 	Keypress: space
181.7944 	EXP 	New trial (rep=5, index=0): None
181.7954 	EXP 	Sound probe started
181.8209 	EXP 	text_2: autoDraw = False
181.8209 	EXP 	text_2: autoDraw = False
182.0099 	EXP 	Sound probe reached end of file
182.0121 	EXP 	window1: recordFrameIntervals = False
182.0327 	EXP 	text_2: autoDraw = True
182.0339 	EXP 	window1: recordFrameIntervals = False
184.6871 	DATA 	Keypress: space
184.9160 	EXP 	New trial (rep=6, index=0): None
184.9172 	EXP 	Sound probe started
184.9370 	EXP 	text_2: autoDraw = False
184.9370 	EXP 	text_2: autoDraw = False
185.1219 	EXP 	Sound probe stopped
185.1223 	EXP 	window1: recordFrameIntervals = False
185.1475 	EXP 	text_2: autoDraw = True
185.1488 	EXP 	window1: recordFrameIntervals = False
186.5974 	DATA 	Keypress: space
186.8202 	EXP 	New trial (rep=7, index=0): None
186.8211 	EXP 	Sound probe started
186.8476 	EXP 	text_2: autoDraw = False
186.8476 	EXP 	text_2: autoDraw = False
187.0299 	EXP 	Sound probe reached end of file
187.0321 	EXP 	window1: recordFrameIntervals = False
187.0560 	EXP 	text_2: autoDraw = True
187.0572 	EXP 	window1: recordFrameIntervals = False
188.0934 	EXP 	New trial (rep=8, index=0): None
188.0967 	EXP 	Sound probe started
188.1182 	EXP 	text_2: autoDraw = False
188.1182 	EXP 	text_2: autoDraw = False
188.3095 	EXP 	Sound probe reached end of file
188.3100 	EXP 	window1: recordFrameIntervals = False
188.3297 	EXP 	text_2: autoDraw = True
188.3311 	EXP 	window1: recordFrameIntervals = False
190.3021 	DATA 	Keypress: space
190.5252 	EXP 	New trial (rep=9, index=0): None
190.5262 	EXP 	Sound probe started
190.5528 	EXP 	text_2: autoDraw = False
190.5528 	EXP 	text_2: autoDraw = False
190.7418 	EXP 	Sound probe reached end of file
190.7423 	EXP 	window1: recordFrameIntervals = False
190.7694 	EXP 	text_2: autoDraw = True
190.7707 	EXP 	window1: recordFrameIntervals = False
192.7235 	DATA 	Keypress: space
192.9466 	EXP 	New trial (rep=10, index=0): None
192.9478 	EXP 	Sound probe started
192.9732 	EXP 	text_2: autoDraw = False
192.9732 	EXP 	text_2: autoDraw = False
193.1580 	EXP 	Sound probe reached end of file
193.1587 	EXP 	window1: recordFrameIntervals = False
193.1787 	EXP 	text_2: autoDraw = True
193.1799 	EXP 	window1: recordFrameIntervals = False
194.9822 	DATA 	Keypress: space
195.2315 	EXP 	text_2: autoDraw = False
195.2315 	EXP 	text_2: autoDraw = False
195.2315 	EXP 	break_txt: autoDraw = True
196.7033 	EXP 	New trial (rep=6, index=0): None
198.5672 	DATA 	Keypress: space
198.5828 	EXP 	break_txt: autoDraw = False
198.5828 	EXP 	text: height = 0.05
198.5828 	EXP 	text: height = 0.05
198.5828 	EXP 	text: text = 'HAUTEUR'
198.5828 	EXP 	text: autoDraw = True
199.5764 	EXP 	Created sequence: sequential, trialTypes=1, nReps=15, seed=None
199.5765 	EXP 	New trial (rep=0, index=0): None
199.5779 	EXP 	Sound probe started
199.6049 	EXP 	text: autoDraw = False
199.6049 	EXP 	text: autoDraw = False
199.7979 	EXP 	Sound probe reached end of file
199.7990 	EXP 	window1: recordFrameIntervals = False
199.8195 	EXP 	text_2: autoDraw = True
199.8207 	EXP 	window1: recordFrameIntervals = False
202.0900 	DATA 	Keypress: space
202.3198 	EXP 	New trial (rep=1, index=0): None
202.3209 	EXP 	Sound probe started
202.3406 	EXP 	text_2: autoDraw = False
202.3406 	EXP 	text_2: autoDraw = False
202.5378 	EXP 	Sound probe reached end of file
202.5382 	EXP 	window1: recordFrameIntervals = False
202.5587 	EXP 	text_2: autoDraw = True
202.5598 	EXP 	window1: recordFrameIntervals = False
204.5086 	DATA 	Keypress: space
204.7364 	EXP 	New trial (rep=2, index=0): None
204.7375 	EXP 	Sound probe started
204.7566 	EXP 	text_2: autoDraw = False
204.7566 	EXP 	text_2: autoDraw = False
204.9378 	EXP 	Sound probe stopped
204.9383 	EXP 	window1: recordFrameIntervals = False
204.9635 	EXP 	text_2: autoDraw = True
204.9645 	EXP 	window1: recordFrameIntervals = False
206.6927 	DATA 	Keypress: space
206.9196 	EXP 	New trial (rep=3, index=0): None
206.9215 	EXP 	Sound probe started
206.9411 	EXP 	text_2: autoDraw = False
206.9411 	EXP 	text_2: autoDraw = False
207.1297 	EXP 	Sound probe stopped
207.1311 	EXP 	window1: recordFrameIntervals = False
207.1549 	EXP 	text_2: autoDraw = True
207.1564 	EXP 	window1: recordFrameIntervals = False
208.9750 	DATA 	Keypress: space
209.1992 	EXP 	New trial (rep=4, index=0): None
209.2026 	EXP 	Sound probe started
209.2241 	EXP 	text_2: autoDraw = False
209.2241 	EXP 	text_2: autoDraw = False
209.4180 	EXP 	Sound probe reached end of file
209.4198 	EXP 	window1: recordFrameIntervals = False
209.4398 	EXP 	text_2: autoDraw = True
209.4411 	EXP 	window1: recordFrameIntervals = False
212.0478 	DATA 	Keypress: space
212.2749 	EXP 	New trial (rep=5, index=0): None
212.2772 	EXP 	Sound probe started
212.2962 	EXP 	text_2: autoDraw = False
212.2962 	EXP 	text_2: autoDraw = False
212.4779 	EXP 	Sound probe stopped
212.4783 	EXP 	window1: recordFrameIntervals = False
212.4967 	EXP 	text_2: autoDraw = True
212.4979 	EXP 	window1: recordFrameIntervals = False
214.7515 	DATA 	Keypress: space
214.9796 	EXP 	New trial (rep=6, index=0): None
214.9807 	EXP 	Sound probe started
214.9990 	EXP 	text_2: autoDraw = False
214.9990 	EXP 	text_2: autoDraw = False
215.1898 	EXP 	Sound probe stopped
215.1902 	EXP 	window1: recordFrameIntervals = False
215.2103 	EXP 	text_2: autoDraw = True
215.2115 	EXP 	window1: recordFrameIntervals = False
216.8512 	DATA 	Keypress: space
217.0759 	EXP 	New trial (rep=7, index=0): None
217.0797 	EXP 	Sound probe started
217.1005 	EXP 	text_2: autoDraw = False
217.1005 	EXP 	text_2: autoDraw = False
217.2857 	EXP 	Sound probe stopped
217.2862 	EXP 	window1: recordFrameIntervals = False
217.3123 	EXP 	text_2: autoDraw = True
217.3139 	EXP 	window1: recordFrameIntervals = False
219.8651 	DATA 	Keypress: space
220.0890 	EXP 	New trial (rep=8, index=0): None
220.0901 	EXP 	Sound probe started
220.1165 	EXP 	text_2: autoDraw = False
220.1165 	EXP 	text_2: autoDraw = False
220.3059 	EXP 	Sound probe reached end of file
220.3063 	EXP 	window1: recordFrameIntervals = False
220.3259 	EXP 	text_2: autoDraw = True
220.3280 	EXP 	window1: recordFrameIntervals = False
221.7752 	DATA 	Keypress: space
222.0023 	EXP 	New trial (rep=9, index=0): None
222.0042 	EXP 	Sound probe started
222.0224 	EXP 	text_2: autoDraw = False
222.0224 	EXP 	text_2: autoDraw = False
222.2058 	EXP 	Sound probe stopped
222.2062 	EXP 	window1: recordFrameIntervals = False
222.2262 	EXP 	text_2: autoDraw = True
222.2274 	EXP 	window1: recordFrameIntervals = False
223.5631 	DATA 	Keypress: space
223.7935 	EXP 	New trial (rep=10, index=0): None
223.7946 	EXP 	Sound probe started
223.8140 	EXP 	text_2: autoDraw = False
223.8140 	EXP 	text_2: autoDraw = False
223.9978 	EXP 	Sound probe stopped
223.9996 	EXP 	window1: recordFrameIntervals = False
224.0220 	EXP 	text_2: autoDraw = True
224.0233 	EXP 	window1: recordFrameIntervals = False
225.2783 	DATA 	Keypress: space
225.5050 	EXP 	New trial (rep=11, index=0): None
225.5077 	EXP 	Sound probe started
225.5262 	EXP 	text_2: autoDraw = False
225.5262 	EXP 	text_2: autoDraw = False
225.7176 	EXP 	Sound probe stopped
225.7181 	EXP 	window1: recordFrameIntervals = False
225.7367 	EXP 	text_2: autoDraw = True
225.7379 	EXP 	window1: recordFrameIntervals = False
226.5555 	DATA 	Keypress: space
226.7800 	EXP 	New trial (rep=12, index=0): None
226.7810 	EXP 	Sound probe started
226.8077 	EXP 	text_2: autoDraw = False
226.8077 	EXP 	text_2: autoDraw = False
226.9977 	EXP 	Sound probe reached end of file
226.9981 	EXP 	window1: recordFrameIntervals = False
227.0178 	EXP 	text_2: autoDraw = True
227.0189 	EXP 	window1: recordFrameIntervals = False
228.3885 	DATA 	Keypress: space
228.6124 	EXP 	New trial (rep=13, index=0): None
228.6134 	EXP 	Sound probe started
228.6388 	EXP 	text_2: autoDraw = False
228.6388 	EXP 	text_2: autoDraw = False
228.8257 	EXP 	Sound probe reached end of file
228.8262 	EXP 	window1: recordFrameIntervals = False
228.8556 	EXP 	text_2: autoDraw = True
228.8567 	EXP 	window1: recordFrameIntervals = False
231.2705 	DATA 	Keypress: space
231.5009 	EXP 	New trial (rep=14, index=0): None
231.5019 	EXP 	Sound probe started
231.5218 	EXP 	text_2: autoDraw = False
231.5218 	EXP 	text_2: autoDraw = False
231.7056 	EXP 	Sound probe stopped
231.7072 	EXP 	window1: recordFrameIntervals = False
231.7302 	EXP 	text_2: autoDraw = True
231.7314 	EXP 	window1: recordFrameIntervals = False
234.7097 	EXP 	text_2: autoDraw = False
234.7097 	EXP 	text_2: autoDraw = False
234.7097 	EXP 	break_txt: autoDraw = True
235.2078 	EXP 	New trial (rep=7, index=0): None
238.2134 	DATA 	Keypress: space
238.2290 	EXP 	break_txt: autoDraw = False
238.2290 	EXP 	text: text = 'HAUTEUR'
238.2290 	EXP 	text: autoDraw = True
239.2066 	EXP 	Created sequence: sequential, trialTypes=1, nReps=15, seed=None
239.2068 	EXP 	New trial (rep=0, index=0): None
239.2079 	EXP 	Sound probe started
239.2365 	EXP 	text: autoDraw = False
239.2365 	EXP 	text: autoDraw = False
239.4256 	EXP 	Sound probe reached end of file
239.4261 	EXP 	window1: recordFrameIntervals = False
239.4469 	EXP 	text_2: autoDraw = True
239.4479 	EXP 	window1: recordFrameIntervals = False
240.7759 	EXP 	New trial (rep=1, index=0): None
240.7770 	EXP 	Sound probe started
240.7962 	EXP 	text_2: autoDraw = False
240.7962 	EXP 	text_2: autoDraw = False
240.9861 	EXP 	Sound probe reached end of file
240.9878 	EXP 	window1: recordFrameIntervals = False
241.0078 	EXP 	text_2: autoDraw = True
241.0090 	EXP 	window1: recordFrameIntervals = False
243.6329 	EXP 	New trial (rep=2, index=0): None
243.6340 	EXP 	Sound probe started
243.6597 	EXP 	text_2: autoDraw = False
243.6597 	EXP 	text_2: autoDraw = False
243.8457 	EXP 	Sound probe stopped
243.8462 	EXP 	window1: recordFrameIntervals = False
243.8729 	EXP 	text_2: autoDraw = True
243.8742 	EXP 	window1: recordFrameIntervals = False
245.1383 	DATA 	Keypress: space
245.3624 	EXP 	New trial (rep=3, index=0): None
245.3632 	EXP 	Sound probe started
245.3885 	EXP 	text_2: autoDraw = False
245.3885 	EXP 	text_2: autoDraw = False
245.5738 	EXP 	Sound probe reached end of file
245.5759 	EXP 	window1: recordFrameIntervals = False
245.5986 	EXP 	text_2: autoDraw = True
245.5998 	EXP 	window1: recordFrameIntervals = False
248.3477 	EXP 	New trial (rep=4, index=0): None
248.3489 	EXP 	Sound probe started
248.3741 	EXP 	text_2: autoDraw = False
248.3741 	EXP 	text_2: autoDraw = False
248.5658 	EXP 	Sound probe reached end of file
248.5662 	EXP 	window1: recordFrameIntervals = False
248.5860 	EXP 	text_2: autoDraw = True
248.5873 	EXP 	window1: recordFrameIntervals = False
250.4782 	DATA 	Keypress: space
250.7023 	EXP 	New trial (rep=5, index=0): None
250.7033 	EXP 	Sound probe started
250.7287 	EXP 	text_2: autoDraw = False
250.7287 	EXP 	text_2: autoDraw = False
250.9137 	EXP 	Sound probe reached end of file
250.9142 	EXP 	window1: recordFrameIntervals = False
250.9448 	EXP 	text_2: autoDraw = True
250.9461 	EXP 	window1: recordFrameIntervals = False
252.9841 	EXP 	New trial (rep=6, index=0): None
252.9867 	EXP 	Sound probe started
253.0050 	EXP 	text_2: autoDraw = False
253.0050 	EXP 	text_2: autoDraw = False
253.1937 	EXP 	Sound probe stopped
253.1954 	EXP 	window1: recordFrameIntervals = False
253.2168 	EXP 	text_2: autoDraw = True
253.2182 	EXP 	window1: recordFrameIntervals = False
254.9571 	EXP 	New trial (rep=7, index=0): None
254.9581 	EXP 	Sound probe started
254.9835 	EXP 	text_2: autoDraw = False
254.9835 	EXP 	text_2: autoDraw = False
255.1739 	EXP 	Sound probe reached end of file
255.1744 	EXP 	window1: recordFrameIntervals = False
255.1944 	EXP 	text_2: autoDraw = True
255.1956 	EXP 	window1: recordFrameIntervals = False
256.9438 	EXP 	New trial (rep=8, index=0): None
256.9448 	EXP 	Sound probe started
256.9710 	EXP 	text_2: autoDraw = False
256.9710 	EXP 	text_2: autoDraw = False
257.1539 	EXP 	Sound probe reached end of file
257.1573 	EXP 	window1: recordFrameIntervals = False
257.1802 	EXP 	text_2: autoDraw = True
257.1814 	EXP 	window1: recordFrameIntervals = False
258.4527 	DATA 	Keypress: space
258.6772 	EXP 	New trial (rep=9, index=0): None
258.6781 	EXP 	Sound probe started
258.7042 	EXP 	text_2: autoDraw = False
258.7042 	EXP 	text_2: autoDraw = False
258.8936 	EXP 	Sound probe reached end of file
258.8940 	EXP 	window1: recordFrameIntervals = False
258.9247 	EXP 	text_2: autoDraw = True
258.9260 	EXP 	window1: recordFrameIntervals = False
260.5175 	EXP 	New trial (rep=10, index=0): None
260.5185 	EXP 	Sound probe started
260.5438 	EXP 	text_2: autoDraw = False
260.5438 	EXP 	text_2: autoDraw = False
260.7338 	EXP 	Sound probe reached end of file
260.7356 	EXP 	window1: recordFrameIntervals = False
260.7581 	EXP 	text_2: autoDraw = True
260.7594 	EXP 	window1: recordFrameIntervals = False
263.7160 	EXP 	New trial (rep=11, index=0): None
263.7170 	EXP 	Sound probe started
263.7422 	EXP 	text_2: autoDraw = False
263.7422 	EXP 	text_2: autoDraw = False
263.9337 	EXP 	Sound probe reached end of file
263.9342 	EXP 	window1: recordFrameIntervals = False
263.9659 	EXP 	text_2: autoDraw = True
263.9673 	EXP 	window1: recordFrameIntervals = False
265.3499 	EXP 	New trial (rep=12, index=0): None
265.3510 	EXP 	Sound probe started
265.3700 	EXP 	text_2: autoDraw = False
265.3700 	EXP 	text_2: autoDraw = False
265.5536 	EXP 	Sound probe stopped
265.5541 	EXP 	window1: recordFrameIntervals = False
265.5807 	EXP 	text_2: autoDraw = True
265.5820 	EXP 	window1: recordFrameIntervals = False
267.8452 	EXP 	New trial (rep=13, index=0): None
267.8488 	EXP 	Sound probe started
267.8691 	EXP 	text_2: autoDraw = False
267.8691 	EXP 	text_2: autoDraw = False
268.0615 	EXP 	Sound probe reached end of file
268.0619 	EXP 	window1: recordFrameIntervals = False
268.0806 	EXP 	text_2: autoDraw = True
268.0817 	EXP 	window1: recordFrameIntervals = False
269.8988 	EXP 	New trial (rep=14, index=0): None
269.9026 	EXP 	Sound probe started
269.9219 	EXP 	text_2: autoDraw = False
269.9219 	EXP 	text_2: autoDraw = False
270.1136 	EXP 	Sound probe stopped
270.1152 	EXP 	window1: recordFrameIntervals = False
270.1346 	EXP 	text_2: autoDraw = True
270.1359 	EXP 	window1: recordFrameIntervals = False
272.4043 	DATA 	Keypress: space
272.6575 	EXP 	text_2: autoDraw = False
272.6575 	EXP 	text_2: autoDraw = False
272.6575 	EXP 	break_txt: autoDraw = True
274.2691 	EXP 	New trial (rep=8, index=0): None
278.3021 	DATA 	Keypress: space
278.3177 	EXP 	break_txt: autoDraw = False
278.3177 	EXP 	text: height = 0.05
278.3177 	EXP 	text: height = 0.05
278.3177 	EXP 	text: text = 'RYTHME\n\nHAUTEUR'
278.3177 	EXP 	text: autoDraw = True
279.3285 	EXP 	Created sequence: sequential, trialTypes=1, nReps=10, seed=None
279.3286 	EXP 	New trial (rep=0, index=0): None
279.3301 	EXP 	Sound probe started
279.3554 	EXP 	text: autoDraw = False
279.3554 	EXP 	text: autoDraw = False
279.5417 	EXP 	Sound probe reached end of file
279.5421 	EXP 	window1: recordFrameIntervals = False
279.5722 	EXP 	text_2: autoDraw = True
279.5735 	EXP 	window1: recordFrameIntervals = False
281.1900 	DATA 	Keypress: space
281.4210 	EXP 	New trial (rep=1, index=0): None
281.4220 	EXP 	Sound probe started
281.4420 	EXP 	text_2: autoDraw = False
281.4420 	EXP 	text_2: autoDraw = False
281.6217 	EXP 	Sound probe stopped
281.6221 	EXP 	window1: recordFrameIntervals = False
281.6487 	EXP 	text_2: autoDraw = True
281.6500 	EXP 	window1: recordFrameIntervals = False
283.2716 	DATA 	Keypress: space
283.4998 	EXP 	New trial (rep=2, index=0): None
283.5024 	EXP 	Sound probe started
283.5209 	EXP 	text_2: autoDraw = False
283.5209 	EXP 	text_2: autoDraw = False
283.7018 	EXP 	Sound probe stopped
283.7039 	EXP 	window1: recordFrameIntervals = False
283.7237 	EXP 	text_2: autoDraw = True
283.7249 	EXP 	window1: recordFrameIntervals = False
285.5762 	EXP 	New trial (rep=3, index=0): None
285.5770 	EXP 	Sound probe started
285.6046 	EXP 	text_2: autoDraw = False
285.6046 	EXP 	text_2: autoDraw = False
285.7937 	EXP 	Sound probe reached end of file
285.7955 	EXP 	window1: recordFrameIntervals = False
285.8164 	EXP 	text_2: autoDraw = True
285.8178 	EXP 	window1: recordFrameIntervals = False
287.6694 	EXP 	New trial (rep=4, index=0): None
287.6728 	EXP 	Sound probe started
287.6909 	EXP 	text_2: autoDraw = False
287.6909 	EXP 	text_2: autoDraw = False
287.8818 	EXP 	Sound probe reached end of file
287.8833 	EXP 	window1: recordFrameIntervals = False
287.9063 	EXP 	text_2: autoDraw = True
287.9075 	EXP 	window1: recordFrameIntervals = False
289.5315 	DATA 	Keypress: space
289.7665 	EXP 	New trial (rep=5, index=0): None
289.7680 	EXP 	Sound probe started
289.7868 	EXP 	text_2: autoDraw = False
289.7868 	EXP 	text_2: autoDraw = False
289.9815 	EXP 	Sound probe reached end of file
289.9819 	EXP 	window1: recordFrameIntervals = False
290.0011 	EXP 	text_2: autoDraw = True
290.0022 	EXP 	window1: recordFrameIntervals = False
291.6291 	DATA 	Keypress: space
291.8559 	EXP 	New trial (rep=6, index=0): None
291.8595 	EXP 	Sound probe started
291.8784 	EXP 	text_2: autoDraw = False
291.8784 	EXP 	text_2: autoDraw = False
292.0616 	EXP 	Sound probe stopped
292.0620 	EXP 	window1: recordFrameIntervals = False
292.0881 	EXP 	text_2: autoDraw = True
292.0894 	EXP 	window1: recordFrameIntervals = False
293.7099 	DATA 	Keypress: space
293.9353 	EXP 	New trial (rep=7, index=0): None
293.9363 	EXP 	Sound probe started
293.9632 	EXP 	text_2: autoDraw = False
293.9632 	EXP 	text_2: autoDraw = False
294.1496 	EXP 	Sound probe reached end of file
294.1501 	EXP 	window1: recordFrameIntervals = False
294.1698 	EXP 	text_2: autoDraw = True
294.1714 	EXP 	window1: recordFrameIntervals = False
295.7983 	DATA 	Keypress: space
296.0239 	EXP 	New trial (rep=8, index=0): None
296.0276 	EXP 	Sound probe started
296.0489 	EXP 	text_2: autoDraw = False
296.0489 	EXP 	text_2: autoDraw = False
296.2296 	EXP 	Sound probe stopped
296.2301 	EXP 	window1: recordFrameIntervals = False
296.2569 	EXP 	text_2: autoDraw = True
296.2581 	EXP 	window1: recordFrameIntervals = False
297.8781 	DATA 	Keypress: space
298.1035 	EXP 	New trial (rep=9, index=0): None
298.1045 	EXP 	Sound probe started
298.1293 	EXP 	text_2: autoDraw = False
298.1293 	EXP 	text_2: autoDraw = False
298.3216 	EXP 	Sound probe reached end of file
298.3220 	EXP 	window1: recordFrameIntervals = False
298.3415 	EXP 	text_2: autoDraw = True
298.3437 	EXP 	window1: recordFrameIntervals = False
299.9704 	DATA 	Keypress: space
300.2198 	EXP 	text_2: autoDraw = False
300.2198 	EXP 	text_2: autoDraw = False
300.2198 	EXP 	break_txt: autoDraw = True
301.6540 	EXP 	New trial (rep=9, index=0): None
307.6365 	EXP 	window1: mouseVisible = True
