14.5543 	WARNING 	User requested fullscreen with size [2560 1440], but screen is actually [3840, 2160]. Using actual size
17.9199 	WARNING 	Couldn't measure a consistent frame rate!
  - Is your graphics card set to sync to vertical blank?
  - Are you running other processes on your computer?

17.9209 	EXP 	Created window1 = Window(allowGUI=False, allowStencil=False, autoLog=True, backendConf=UNKNOWN, bitsMode=UNKNOWN, blendMode='avg', bpc=(8, 8, 8), color=array([0, 0, 0]), colorSpace='rgb', depthBits=8, fullscr=<method-wrapper '__getattribute__' of attributeSetter object at 0x000001C4F0A56B20>, gamma=None, gammaErrorPolicy='raise', lms=UNKNOWN, monitor=<psychopy.monitors.calibTools.Monitor object at 0x000001C4F27060D0>, multiSample=False, name='window1', numSamples=2, pos=(0, 0), screen=0, size=array([3840, 2160]), stencilBits=0, stereo=False, units='height', useFBO=True, useRetina=False, viewOri=0.0, viewPos=None, viewScale=None, waitBlanking=True, winType='pyglet')
17.9217 	EXP 	window1: mouseVisible = True
17.9218 	EXP 	window1: Attempting to measure frame rate of screen (0) ...
17.9219 	EXP 	window1: recordFrameIntervals = False
18.1064 	EXP 	window1: recordFrameIntervals = True
18.1564 	WARNING 	t of last frame was 21.13ms (=1/47)
18.2049 	WARNING 	t of last frame was 21.52ms (=1/46)
18.2522 	WARNING 	t of last frame was 31.83ms (=1/31)
18.2814 	WARNING 	t of last frame was 29.21ms (=1/34)
18.3179 	WARNING 	Multiple dropped frames have occurred - I'll stop bothering you about them!
20.1954 	WARNING 	Couldn't measure a consistent frame rate!
  - Is your graphics card set to sync to vertical blank?
  - Are you running other processes on your computer?

22.0364 	EXP 	Created text = TextStim(__class__=<class 'psychopy.visual.text.TextStim'>, alignHoriz=method-wrapper(...), alignText='center', alignVert=method-wrapper(...), anchorHoriz='center', anchorVert='center', antialias=True, autoLog=True, bold=False, color=array([1., 1., 1.]), colorSpace='rgb', contrast=1.0, depth=-3.0, flipHoriz=False, flipVert=False, font='Open Sans', fontFiles=[], height=0.05, italic=False, languageStyle='LTR', name='text', opacity=1, ori=0.0, pos=array([0., 0.]), rgb=UNKNOWN, text=str(...), units='height', win=Window(...), wrapWidth=1)
22.0381 	EXP 	Created blank_txt = TextStim(__class__=<class 'psychopy.visual.text.TextStim'>, alignHoriz=method-wrapper(...), alignText='center', alignVert=method-wrapper(...), anchorHoriz='center', anchorVert='center', antialias=True, autoLog=True, bold=False, color=array([1., 1., 1.]), colorSpace='rgb', contrast=1.0, depth=0.0, flipHoriz=False, flipVert=False, font='Open Sans', fontFiles=[], height=0.1, italic=False, languageStyle='LTR', name='blank_txt', opacity=1, ori=0.0, pos=array([0., 0.]), rgb=UNKNOWN, text='', units='height', win=Window(...), wrapWidth=1)
22.0954 	EXP 	Sound tProbe set volume 1.000
22.0966 	EXP 	Created you_done_goofed = TextStim(__class__=<class 'psychopy.visual.text.TextStim'>, alignHoriz=method-wrapper(...), alignText='center', alignVert=method-wrapper(...), anchorHoriz='center', anchorVert='center', antialias=True, autoLog=True, bold=False, color=array([1., 1., 1.]), colorSpace='rgb', contrast=1.0, depth=-1.0, flipHoriz=False, flipVert=False, font='Open Sans', fontFiles=[], height=0.05, italic=False, languageStyle='LTR', name='you_done_goofed', opacity=1, ori=0.0, pos=array([0., 0.]), rgb=UNKNOWN, text='', units='height', win=Window(...), wrapWidth=1)
22.4086 	EXP 	Created text_2 = TextStim(__class__=<class 'psychopy.visual.text.TextStim'>, alignHoriz=method-wrapper(...), alignText='center', alignVert=method-wrapper(...), anchorHoriz='center', anchorVert='center', antialias=True, autoLog=True, bold=False, color=array([1., 1., 1.]), colorSpace='rgb', contrast=1.0, depth=-2.0, flipHoriz=False, flipVert=False, font='Open Sans', fontFiles=[], height=0.05, italic=False, languageStyle='LTR', name='text_2', opacity=1, ori=0.0, pos=array([0., 0.]), rgb=UNKNOWN, text='', units='height', win=Window(...), wrapWidth=1)
22.4098 	EXP 	Created blank_txt = TextStim(__class__=<class 'psychopy.visual.text.TextStim'>, alignHoriz=method-wrapper(...), alignText='center', alignVert=method-wrapper(...), anchorHoriz='center', anchorVert='center', antialias=True, autoLog=True, bold=False, color=array([1., 1., 1.]), colorSpace='rgb', contrast=1.0, depth=0.0, flipHoriz=False, flipVert=False, font='Open Sans', fontFiles=[], height=0.1, italic=False, languageStyle='LTR', name='blank_txt', opacity=1, ori=0.0, pos=array([0., 0.]), rgb=UNKNOWN, text='', units='height', win=Window(...), wrapWidth=1)
22.4221 	EXP 	Sound probe set volume 1.000
22.4323 	EXP 	Created goodbye_text = TextStim(__class__=<class 'psychopy.visual.text.TextStim'>, alignHoriz=method-wrapper(...), alignText='center', alignVert=method-wrapper(...), anchorHoriz='center', anchorVert='center', antialias=True, autoLog=True, bold=False, color=array([1., 1., 1.]), colorSpace='rgb', contrast=1.0, depth=0.0, flipHoriz=False, flipVert=False, font='Open Sans', fontFiles=[], height=0.05, italic=False, languageStyle='LTR', name='goodbye_text', opacity=1, ori=0.0, pos=array([0., 0.]), rgb=UNKNOWN, text=str(...), units='height', win=Window(...), wrapWidth=1)
22.4347 	EXP 	Created fixation_cross = ShapeStim(__class__=<class 'psychopy.visual.shape.ShapeStim'>, anchor=('center', 'center'), autoDraw=False, autoLog=True, closeShape=True, color=method-wrapper(...), colorSpace='rgb', contrast=None, depth=-3.0, fillColor=array([1, 1, 1]), fillColorSpace='rgb', fillRGB=array([1, 1, 1]), interpolate=True, lineColor=array([1., 1., 1.]), lineColorSpace='rgb', lineRGB=array([1, 1, 1]), lineWidth=1.0, name='fixation_cross', opacity=1, ori=0.0, pos=array([0., 0.]), size=array([0.15, 0.15]), units='height', vertices=ndarray(...), win=Window(...), windingRule=None)
22.4481 	EXP 	text: autoDraw = True
55.8350 	DATA 	Keypress: space
55.8623 	EXP 	text: autoDraw = False
55.8623 	EXP 	blank_txt: autoDraw = True
56.8471 	EXP 	Created sequence: random, trialTypes=1, nReps=3, seed=None
56.8476 	EXP 	New trial (rep=0, index=0): None
56.8628 	EXP 	blank_txt: autoDraw = False
57.8493 	EXP 	Sound tProbe started
58.0579 	EXP 	Sound tProbe reached end of file
58.4085 	DATA 	Keypress: space
59.8988 	EXP 	you_done_goofed: height = 0.05
59.8988 	EXP 	you_done_goofed: height = 0.05
59.8988 	EXP 	you_done_goofed: text = "C'est très bien! \n            \n\nAppuyez sur n'importe quelle touche pour poursuivre."
59.8988 	EXP 	you_done_goofed: autoDraw = True
61.6662 	EXP 	New trial (rep=1, index=0): None
61.6678 	DATA 	Keypress: space
61.6776 	EXP 	you_done_goofed: autoDraw = False
62.6670 	EXP 	Sound tProbe started
62.8777 	EXP 	Sound tProbe reached end of file
63.1688 	DATA 	Keypress: space
64.6990 	EXP 	you_done_goofed: text = "C'est très bien! \n            \n\nAppuyez sur n'importe quelle touche pour poursuivre."
64.6990 	EXP 	you_done_goofed: autoDraw = True
65.7257 	EXP 	New trial (rep=2, index=0): None
65.7308 	DATA 	Keypress: space
65.7405 	EXP 	you_done_goofed: autoDraw = False
66.7246 	EXP 	Sound tProbe started
66.9377 	EXP 	Sound tProbe reached end of file
67.1737 	DATA 	Keypress: space
68.7722 	EXP 	you_done_goofed: text = "C'est très bien! \n            \n\nAppuyez sur n'importe quelle touche pour poursuivre."
68.7722 	EXP 	you_done_goofed: autoDraw = True
69.5066 	EXP 	Created fixation_cross = ShapeStim(__class__=<class 'psychopy.visual.shape.ShapeStim'>, anchor=('center', 'center'), autoDraw=False, autoLog=True, closeShape=True, color=method-wrapper(...), colorSpace='rgb', contrast=None, depth=-3.0, fillColor=array([1, 1, 1]), fillColorSpace='rgb', fillRGB=array([1, 1, 1]), interpolate=True, lineColor=array([1., 1., 1.]), lineColorSpace='rgb', lineRGB=array([1, 1, 1]), lineWidth=1.0, name='fixation_cross', opacity=1, ori=0.0, pos=array([0., 0.]), size=array([0.15, 0.15]), units='height', vertices=ndarray(...), win=Window(...), windingRule=None)
69.5246 	DATA 	Keypress: space
69.5362 	EXP 	you_done_goofed: autoDraw = False
69.5362 	EXP 	text_2: height = 0.05
69.5362 	EXP 	text_2: height = 0.05
69.5362 	EXP 	text_2: text = "Appuyez sur la barre d'espace dès que vous entendez un son. \n\n Les réponses enregistrées plus d'une seconde après le son ne seront pas comptabilisées. \n\n\n Appuyez sur n'importe quelle touche pour démarrer."
69.5362 	EXP 	text_2: autoDraw = True
73.2019 	DATA 	Keypress: space
73.2120 	EXP 	text_2: autoDraw = False
73.2120 	EXP 	blank_txt: autoDraw = True
74.2092 	EXP 	Created sequence: random, trialTypes=1, nReps=999, seed=None
74.2116 	EXP 	New trial (rep=0, index=0): None
74.2837 	EXP 	Sound probe started
74.2924 	EXP 	blank_txt: autoDraw = False
74.2924 	EXP 	blank_txt: autoDraw = False
74.4978 	EXP 	Sound probe reached end of file
74.7413 	DATA 	Keypress: space
77.8046 	EXP 	New trial (rep=1, index=0): None
77.8739 	EXP 	Sound probe started
78.0853 	EXP 	Sound probe reached end of file
78.3973 	DATA 	Keypress: space
81.4025 	EXP 	New trial (rep=2, index=0): None
81.4775 	EXP 	Sound probe started
81.6978 	EXP 	Sound probe reached end of file
81.9770 	DATA 	Keypress: space
83.7388 	EXP 	New trial (rep=3, index=0): None
83.7437 	EXP 	Sound probe started
83.9574 	EXP 	Sound probe reached end of file
87.6751 	EXP 	New trial (rep=4, index=0): None
87.7495 	EXP 	Sound probe started
87.9656 	EXP 	Sound probe reached end of file
90.1118 	EXP 	New trial (rep=5, index=0): None
90.1828 	EXP 	Sound probe started
90.3974 	EXP 	Sound probe reached end of file
90.6635 	DATA 	Keypress: space
92.4173 	EXP 	New trial (rep=6, index=0): None
92.4877 	EXP 	Sound probe started
92.7057 	EXP 	Sound probe reached end of file
94.6387 	EXP 	New trial (rep=7, index=0): None
94.7102 	EXP 	Sound probe started
94.9258 	EXP 	Sound probe reached end of file
95.2692 	DATA 	Keypress: space
98.3543 	EXP 	New trial (rep=8, index=0): None
98.4375 	EXP 	Sound probe started
98.6540 	EXP 	Sound probe reached end of file
101.1227 	EXP 	New trial (rep=9, index=0): None
101.1952 	EXP 	Sound probe started
101.4139 	EXP 	Sound probe reached end of file
101.6712 	DATA 	Keypress: space
103.9141 	EXP 	New trial (rep=10, index=0): None
103.9814 	EXP 	Sound probe started
104.1937 	EXP 	Sound probe reached end of file
107.1832 	EXP 	New trial (rep=11, index=0): None
107.2590 	EXP 	Sound probe started
107.4794 	EXP 	Sound probe reached end of file
107.7365 	DATA 	Keypress: space
110.3529 	EXP 	New trial (rep=12, index=0): None
110.3600 	EXP 	Sound probe started
110.5736 	EXP 	Sound probe reached end of file
112.9331 	EXP 	New trial (rep=13, index=0): None
113.0043 	EXP 	Sound probe started
113.2138 	EXP 	Sound probe reached end of file
116.3385 	EXP 	New trial (rep=14, index=0): None
116.4123 	EXP 	Sound probe started
116.6254 	EXP 	Sound probe reached end of file
116.8792 	DATA 	Keypress: space
119.6317 	EXP 	New trial (rep=15, index=0): None
119.7059 	EXP 	Sound probe started
119.9254 	EXP 	Sound probe reached end of file
122.1421 	EXP 	New trial (rep=16, index=0): None
122.2186 	EXP 	Sound probe started
122.4337 	EXP 	Sound probe reached end of file
122.6622 	DATA 	Keypress: space
125.2972 	EXP 	New trial (rep=17, index=0): None
125.3644 	EXP 	Sound probe started
125.5848 	EXP 	Sound probe reached end of file
128.1474 	EXP 	New trial (rep=18, index=0): None
128.2164 	EXP 	Sound probe started
128.4337 	EXP 	Sound probe reached end of file
128.7658 	DATA 	Keypress: space
131.2184 	EXP 	New trial (rep=19, index=0): None
131.2201 	EXP 	Sound probe started
131.4337 	EXP 	Sound probe reached end of file
133.4871 	EXP 	New trial (rep=20, index=0): None
133.5565 	EXP 	Sound probe started
133.7736 	EXP 	Sound probe reached end of file
137.1503 	EXP 	New trial (rep=21, index=0): None
137.2216 	EXP 	Sound probe started
137.4416 	EXP 	Sound probe reached end of file
137.7307 	DATA 	Keypress: space
140.1143 	EXP 	New trial (rep=22, index=0): None
140.2002 	EXP 	Sound probe started
140.4136 	EXP 	Sound probe reached end of file
142.7889 	EXP 	New trial (rep=23, index=0): None
142.8626 	EXP 	Sound probe started
143.0818 	EXP 	Sound probe reached end of file
143.3751 	DATA 	Keypress: space
145.9281 	EXP 	New trial (rep=24, index=0): None
146.0004 	EXP 	Sound probe started
146.2136 	EXP 	Sound probe reached end of file
148.6286 	EXP 	New trial (rep=25, index=0): None
148.6349 	EXP 	Sound probe started
148.8497 	EXP 	Sound probe reached end of file
152.4317 	EXP 	New trial (rep=26, index=0): None
152.5124 	EXP 	Sound probe started
152.7302 	EXP 	Sound probe reached end of file
153.2090 	DATA 	Keypress: space
156.0396 	EXP 	New trial (rep=27, index=0): None
156.1167 	EXP 	Sound probe started
156.3296 	EXP 	Sound probe reached end of file
159.8632 	EXP 	New trial (rep=28, index=0): None
160.8930 	EXP 	Sound probe started
161.1014 	EXP 	Sound probe stopped
164.8144 	EXP 	New trial (rep=29, index=0): None
164.8162 	EXP 	Sound probe started
165.0316 	EXP 	Sound probe reached end of file
166.9060 	EXP 	New trial (rep=30, index=0): None
167.8537 	EXP 	Sound probe started
168.0617 	EXP 	Sound probe stopped
168.4161 	DATA 	Keypress: space
171.4895 	EXP 	New trial (rep=31, index=0): None
172.4355 	EXP 	Sound probe started
172.6497 	EXP 	Sound probe reached end of file
174.6579 	EXP 	New trial (rep=32, index=0): None
175.6344 	EXP 	Sound probe started
175.8496 	EXP 	Sound probe reached end of file
178.3180 	EXP 	New trial (rep=33, index=0): None
179.2867 	EXP 	Sound probe started
179.4974 	EXP 	Sound probe reached end of file
180.6816 	DATA 	Keypress: space
182.0620 	EXP 	New trial (rep=34, index=0): None
182.0650 	EXP 	Sound probe started
182.2797 	EXP 	Sound probe reached end of file
185.8017 	EXP 	New trial (rep=35, index=0): None
186.8182 	EXP 	Sound probe started
187.0375 	EXP 	Sound probe reached end of file
187.3126 	DATA 	Keypress: space
188.9155 	EXP 	New trial (rep=36, index=0): None
190.0395 	EXP 	Sound probe started
190.2496 	EXP 	Sound probe stopped
192.6465 	EXP 	New trial (rep=37, index=0): None
193.6896 	EXP 	Sound probe started
193.9098 	EXP 	Sound probe reached end of file
194.2966 	DATA 	Keypress: space
196.9920 	EXP 	New trial (rep=38, index=0): None
196.9931 	EXP 	Sound probe started
197.2097 	EXP 	Sound probe reached end of file
199.9134 	EXP 	New trial (rep=39, index=0): None
200.9703 	EXP 	Sound probe started
201.1777 	EXP 	Sound probe stopped
201.5349 	DATA 	Keypress: space
204.7220 	EXP 	New trial (rep=40, index=0): None
205.7920 	EXP 	Sound probe started
206.0056 	EXP 	Sound probe reached end of file
206.4068 	DATA 	Keypress: space
209.7517 	EXP 	New trial (rep=41, index=0): None
210.8918 	EXP 	Sound probe started
211.1055 	EXP 	Sound probe reached end of file
212.0716 	DATA 	Keypress: space
213.2114 	EXP 	New trial (rep=42, index=0): None
213.2125 	EXP 	Sound probe started
213.4257 	EXP 	Sound probe reached end of file
215.4700 	EXP 	New trial (rep=43, index=0): None
216.5823 	EXP 	Sound probe started
216.7978 	EXP 	Sound probe reached end of file
217.2168 	DATA 	Keypress: space
220.0309 	EXP 	New trial (rep=44, index=0): None
221.4307 	EXP 	Sound probe started
221.6455 	EXP 	Sound probe reached end of file
222.0189 	DATA 	Keypress: space
225.3230 	EXP 	New trial (rep=45, index=0): None
226.7161 	EXP 	Sound probe started
226.9336 	EXP 	Sound probe reached end of file
227.4103 	DATA 	Keypress: space
229.1856 	EXP 	New trial (rep=46, index=0): None
229.1866 	EXP 	Sound probe started
229.4056 	EXP 	Sound probe reached end of file
232.7070 	EXP 	New trial (rep=47, index=0): None
233.9245 	EXP 	Sound probe started
234.1346 	EXP 	Sound probe reached end of file
236.1717 	EXP 	New trial (rep=48, index=0): None
237.3817 	EXP 	Sound probe started
237.5934 	EXP 	Sound probe reached end of file
240.2871 	EXP 	New trial (rep=49, index=0): None
241.4639 	EXP 	Sound probe started
241.6753 	EXP 	Sound probe reached end of file
242.0985 	DATA 	Keypress: space
243.6647 	EXP 	New trial (rep=50, index=0): None
244.8981 	EXP 	Sound probe started
245.1134 	EXP 	Sound probe reached end of file
245.5167 	DATA 	Keypress: space
247.3166 	EXP 	New trial (rep=51, index=0): None
248.5405 	EXP 	Sound probe started
248.7536 	EXP 	Sound probe reached end of file
250.6342 	EXP 	New trial (rep=52, index=0): None
250.6385 	EXP 	Sound probe started
250.8535 	EXP 	Sound probe reached end of file
254.3833 	EXP 	New trial (rep=53, index=0): None
255.5992 	EXP 	Sound probe started
255.8134 	EXP 	Sound probe reached end of file
257.6806 	EXP 	New trial (rep=54, index=0): None
258.9766 	EXP 	Sound probe started
259.1946 	EXP 	Sound probe reached end of file
259.5093 	DATA 	Keypress: space
262.0263 	EXP 	New trial (rep=55, index=0): None
263.3774 	EXP 	Sound probe started
263.5953 	EXP 	Sound probe reached end of file
267.0158 	EXP 	New trial (rep=56, index=0): None
267.0181 	EXP 	Sound probe started
267.2359 	EXP 	Sound probe reached end of file
270.1545 	EXP 	New trial (rep=57, index=0): None
271.4306 	EXP 	Sound probe started
271.6416 	EXP 	Sound probe reached end of file
272.0472 	DATA 	Keypress: space
273.5408 	EXP 	New trial (rep=58, index=0): None
274.8427 	EXP 	Sound probe started
275.0497 	EXP 	Sound probe stopped
275.5089 	DATA 	Keypress: space
278.8656 	EXP 	New trial (rep=59, index=0): None
280.9842 	EXP 	Sound probe started
281.2018 	EXP 	Sound probe reached end of file
281.4963 	DATA 	Keypress: space
283.8522 	EXP 	New trial (rep=60, index=0): None
283.8533 	EXP 	Sound probe started
284.0698 	EXP 	Sound probe reached end of file
286.1328 	EXP 	New trial (rep=61, index=0): None
287.8254 	EXP 	Sound probe started
288.0417 	EXP 	Sound probe reached end of file
288.3360 	DATA 	Keypress: space
291.0226 	EXP 	New trial (rep=62, index=0): None
292.3657 	EXP 	Sound probe started
292.5697 	EXP 	Sound probe stopped
293.4275 	DATA 	Keypress: space
296.1021 	EXP 	New trial (rep=63, index=0): None
296.1065 	EXP 	Sound probe stopped
296.1323 	EXP 	goodbye_text: autoDraw = True
299.7906 	DATA 	Keypress: space
299.8048 	EXP 	goodbye_text: autoDraw = False
299.8960 	EXP 	window1: mouseVisible = True
