52.4833 	WARNING 	User requested fullscreen with size [2560 1440], but screen is actually [3840, 2160]. Using actual size
55.3739 	WARNING 	Couldn't measure a consistent frame rate!
  - Is your graphics card set to sync to vertical blank?
  - Are you running other processes on your computer?

55.3751 	EXP 	Created window1 = Window(allowGUI=False, allowStencil=False, autoLog=True, backendConf=UNKNOWN, bitsMode=UNKNOWN, blendMode='avg', bpc=(8, 8, 8), color=array([0, 0, 0]), colorSpace='rgb', depthBits=8, fullscr=<method-wrapper '__getattribute__' of attributeSetter object at 0x0000012737476B20>, gamma=None, gammaErrorPolicy='raise', lms=UNKNOWN, monitor=<psychopy.monitors.calibTools.Monitor object at 0x0000012739127130>, multiSample=False, name='window1', numSamples=2, pos=(0, 0), screen=0, size=array([3840, 2160]), stencilBits=0, stereo=False, units='height', useFBO=True, useRetina=False, viewOri=0.0, viewPos=None, viewScale=None, waitBlanking=True, winType='pyglet')
55.3768 	EXP 	window1: mouseVisible = True
55.3770 	EXP 	window1: Attempting to measure frame rate of screen (0) ...
55.3770 	EXP 	window1: recordFrameIntervals = False
55.5698 	EXP 	window1: recordFrameIntervals = True
55.6192 	WARNING 	t of last frame was 28.72ms (=1/34)
55.6415 	WARNING 	t of last frame was 22.36ms (=1/44)
55.6887 	WARNING 	t of last frame was 32.04ms (=1/31)
55.7406 	WARNING 	t of last frame was 22.56ms (=1/44)
55.7765 	WARNING 	Multiple dropped frames have occurred - I'll stop bothering you about them!
57.3889 	WARNING 	Couldn't measure a consistent frame rate!
  - Is your graphics card set to sync to vertical blank?
  - Are you running other processes on your computer?

60.7395 	EXP 	Created text = TextStim(__class__=<class 'psychopy.visual.text.TextStim'>, alignHoriz=method-wrapper(...), alignText='center', alignVert=method-wrapper(...), anchorHoriz='center', anchorVert='center', antialias=True, autoLog=True, bold=False, color=array([1., 1., 1.]), colorSpace='rgb', contrast=1.0, depth=-3.0, flipHoriz=False, flipVert=False, font='Open Sans', fontFiles=[], height=0.05, italic=False, languageStyle='LTR', name='text', opacity=1, ori=0.0, pos=array([0., 0.]), rgb=UNKNOWN, text=str(...), units='height', win=Window(...), wrapWidth=1)
60.7414 	EXP 	Created blank_txt = TextStim(__class__=<class 'psychopy.visual.text.TextStim'>, alignHoriz=method-wrapper(...), alignText='center', alignVert=method-wrapper(...), anchorHoriz='center', anchorVert='center', antialias=True, autoLog=True, bold=False, color=array([1., 1., 1.]), colorSpace='rgb', contrast=1.0, depth=0.0, flipHoriz=False, flipVert=False, font='Open Sans', fontFiles=[], height=0.1, italic=False, languageStyle='LTR', name='blank_txt', opacity=1, ori=0.0, pos=array([0., 0.]), rgb=UNKNOWN, text='', units='height', win=Window(...), wrapWidth=1)
60.7947 	EXP 	Sound tProbe set volume 1.000
60.7961 	EXP 	Created you_done_goofed = TextStim(__class__=<class 'psychopy.visual.text.TextStim'>, alignHoriz=method-wrapper(...), alignText='center', alignVert=method-wrapper(...), anchorHoriz='center', anchorVert='center', antialias=True, autoLog=True, bold=False, color=array([1., 1., 1.]), colorSpace='rgb', contrast=1.0, depth=-1.0, flipHoriz=False, flipVert=False, font='Open Sans', fontFiles=[], height=0.05, italic=False, languageStyle='LTR', name='you_done_goofed', opacity=1, ori=0.0, pos=array([0., 0.]), rgb=UNKNOWN, text='', units='height', win=Window(...), wrapWidth=1)
61.1066 	EXP 	Created text_2 = TextStim(__class__=<class 'psychopy.visual.text.TextStim'>, alignHoriz=method-wrapper(...), alignText='center', alignVert=method-wrapper(...), anchorHoriz='center', anchorVert='center', antialias=True, autoLog=True, bold=False, color=array([1., 1., 1.]), colorSpace='rgb', contrast=1.0, depth=-2.0, flipHoriz=False, flipVert=False, font='Open Sans', fontFiles=[], height=0.05, italic=False, languageStyle='LTR', name='text_2', opacity=1, ori=0.0, pos=array([0., 0.]), rgb=UNKNOWN, text='', units='height', win=Window(...), wrapWidth=1)
61.1078 	EXP 	Created blank_txt = TextStim(__class__=<class 'psychopy.visual.text.TextStim'>, alignHoriz=method-wrapper(...), alignText='center', alignVert=method-wrapper(...), anchorHoriz='center', anchorVert='center', antialias=True, autoLog=True, bold=False, color=array([1., 1., 1.]), colorSpace='rgb', contrast=1.0, depth=0.0, flipHoriz=False, flipVert=False, font='Open Sans', fontFiles=[], height=0.1, italic=False, languageStyle='LTR', name='blank_txt', opacity=1, ori=0.0, pos=array([0., 0.]), rgb=UNKNOWN, text='', units='height', win=Window(...), wrapWidth=1)
61.1245 	EXP 	Sound probe set volume 1.000
61.1364 	EXP 	Created goodbye_text = TextStim(__class__=<class 'psychopy.visual.text.TextStim'>, alignHoriz=method-wrapper(...), alignText='center', alignVert=method-wrapper(...), anchorHoriz='center', anchorVert='center', antialias=True, autoLog=True, bold=False, color=array([1., 1., 1.]), colorSpace='rgb', contrast=1.0, depth=0.0, flipHoriz=False, flipVert=False, font='Open Sans', fontFiles=[], height=0.05, italic=False, languageStyle='LTR', name='goodbye_text', opacity=1, ori=0.0, pos=array([0., 0.]), rgb=UNKNOWN, text=str(...), units='height', win=Window(...), wrapWidth=1)
61.1395 	EXP 	Created fixation_cross = ShapeStim(__class__=<class 'psychopy.visual.shape.ShapeStim'>, anchor=('center', 'center'), autoDraw=False, autoLog=True, closeShape=True, color=method-wrapper(...), colorSpace='rgb', contrast=None, depth=-3.0, fillColor=array([1, 1, 1]), fillColorSpace='rgb', fillRGB=array([1, 1, 1]), interpolate=True, lineColor=array([1., 1., 1.]), lineColorSpace='rgb', lineRGB=array([1, 1, 1]), lineWidth=1.0, name='fixation_cross', opacity=1, ori=0.0, pos=array([0., 0.]), size=array([0.15, 0.15]), units='height', vertices=ndarray(...), win=Window(...), windingRule=None)
61.1535 	EXP 	text: autoDraw = True
132.8717 	DATA 	Keypress: space
132.8914 	EXP 	text: autoDraw = False
132.8914 	EXP 	blank_txt: autoDraw = True
133.8999 	EXP 	Created sequence: random, trialTypes=1, nReps=3, seed=None
133.9001 	EXP 	New trial (rep=0, index=0): None
133.9228 	EXP 	blank_txt: autoDraw = False
134.9013 	EXP 	Sound tProbe started
135.1175 	EXP 	Sound tProbe reached end of file
135.7391 	DATA 	Keypress: space
136.9854 	EXP 	you_done_goofed: height = 0.05
136.9854 	EXP 	you_done_goofed: height = 0.05
136.9854 	EXP 	you_done_goofed: text = "C'est très bien! \n            \n\nAppuyez sur n'importe quelle touche pour poursuivre."
136.9854 	EXP 	you_done_goofed: autoDraw = True
138.9365 	EXP 	New trial (rep=1, index=0): None
138.9381 	DATA 	Keypress: space
138.9647 	EXP 	you_done_goofed: autoDraw = False
139.9279 	EXP 	Sound tProbe started
140.1452 	EXP 	Sound tProbe reached end of file
140.3467 	DATA 	Keypress: space
142.0031 	EXP 	you_done_goofed: text = "C'est très bien! \n            \n\nAppuyez sur n'importe quelle touche pour poursuivre."
142.0031 	EXP 	you_done_goofed: autoDraw = True
143.4728 	EXP 	New trial (rep=2, index=0): None
143.4747 	DATA 	Keypress: space
143.5048 	EXP 	you_done_goofed: autoDraw = False
144.4718 	EXP 	Sound tProbe started
144.6855 	EXP 	Sound tProbe reached end of file
144.8742 	DATA 	Keypress: space
146.5080 	EXP 	you_done_goofed: text = "C'est très bien! \n            \n\nAppuyez sur n'importe quelle touche pour poursuivre."
146.5080 	EXP 	you_done_goofed: autoDraw = True
147.6917 	EXP 	Created fixation_cross = ShapeStim(__class__=<class 'psychopy.visual.shape.ShapeStim'>, anchor=('center', 'center'), autoDraw=False, autoLog=True, closeShape=True, color=method-wrapper(...), colorSpace='rgb', contrast=None, depth=-3.0, fillColor=array([1, 1, 1]), fillColorSpace='rgb', fillRGB=array([1, 1, 1]), interpolate=True, lineColor=array([1., 1., 1.]), lineColorSpace='rgb', lineRGB=array([1, 1, 1]), lineWidth=1.0, name='fixation_cross', opacity=1, ori=0.0, pos=array([0., 0.]), size=array([0.15, 0.15]), units='height', vertices=ndarray(...), win=Window(...), windingRule=None)
147.7140 	DATA 	Keypress: space
147.7237 	EXP 	you_done_goofed: autoDraw = False
147.7237 	EXP 	text_2: height = 0.05
147.7237 	EXP 	text_2: height = 0.05
147.7237 	EXP 	text_2: text = "Appuyez sur la barre d'espace dès que vous entendez un son. \n\n Les réponses enregistrées plus d'une seconde après le son ne seront pas comptabilisées. \n\n\n Appuyez sur n'importe quelle touche pour démarrer."
147.7237 	EXP 	text_2: autoDraw = True
152.2192 	DATA 	Keypress: space
152.2475 	EXP 	text_2: autoDraw = False
152.2475 	EXP 	blank_txt: autoDraw = True
153.2535 	EXP 	Created sequence: random, trialTypes=1, nReps=999, seed=None
153.2558 	EXP 	New trial (rep=0, index=0): None
153.3347 	EXP 	Sound probe started
153.3432 	EXP 	blank_txt: autoDraw = False
153.5532 	EXP 	Sound probe reached end of file
153.7147 	DATA 	Keypress: space
156.7434 	EXP 	New trial (rep=1, index=0): None
156.8394 	EXP 	Sound probe started
157.0533 	EXP 	Sound probe reached end of file
157.2488 	DATA 	Keypress: space
159.8283 	EXP 	New trial (rep=2, index=0): None
159.9483 	EXP 	Sound probe started
160.1653 	EXP 	Sound probe reached end of file
160.2271 	DATA 	Keypress: space
163.0718 	EXP 	New trial (rep=3, index=0): None
163.0779 	EXP 	Sound probe started
163.2934 	EXP 	Sound probe reached end of file
166.1320 	EXP 	New trial (rep=4, index=0): None
166.2073 	EXP 	Sound probe started
166.4133 	EXP 	Sound probe stopped
166.9281 	DATA 	Keypress: space
169.7439 	EXP 	New trial (rep=5, index=0): None
169.8340 	EXP 	Sound probe started
170.0413 	EXP 	Sound probe stopped
173.6274 	EXP 	New trial (rep=6, index=0): None
173.6971 	EXP 	Sound probe started
173.9131 	EXP 	Sound probe reached end of file
175.9455 	EXP 	New trial (rep=7, index=0): None
176.0190 	EXP 	Sound probe started
176.2367 	EXP 	Sound probe reached end of file
176.4489 	DATA 	Keypress: space
178.7212 	EXP 	New trial (rep=8, index=0): None
178.7273 	EXP 	Sound probe started
178.9411 	EXP 	Sound probe reached end of file
182.0507 	EXP 	New trial (rep=9, index=0): None
182.1315 	EXP 	Sound probe started
182.3427 	EXP 	Sound probe reached end of file
185.0594 	EXP 	New trial (rep=10, index=0): None
185.1397 	EXP 	Sound probe started
185.3532 	EXP 	Sound probe reached end of file
185.5747 	DATA 	Keypress: space
188.4932 	EXP 	New trial (rep=11, index=0): None
188.5688 	EXP 	Sound probe started
188.7810 	EXP 	Sound probe reached end of file
191.3469 	EXP 	New trial (rep=12, index=0): None
191.4202 	EXP 	Sound probe started
191.6293 	EXP 	Sound probe reached end of file
191.8491 	DATA 	Keypress: space
195.1479 	EXP 	New trial (rep=13, index=0): None
195.2222 	EXP 	Sound probe started
195.4413 	EXP 	Sound probe reached end of file
199.0358 	EXP 	New trial (rep=14, index=0): None
199.1207 	EXP 	Sound probe started
199.3212 	EXP 	Sound probe stopped
199.4675 	DATA 	Keypress: space
201.7442 	EXP 	New trial (rep=15, index=0): None
201.7500 	EXP 	Sound probe started
201.9692 	EXP 	Sound probe reached end of file
204.2480 	EXP 	New trial (rep=16, index=0): None
204.3239 	EXP 	Sound probe started
204.5412 	EXP 	Sound probe reached end of file
207.9843 	EXP 	New trial (rep=17, index=0): None
208.0659 	EXP 	Sound probe started
208.2812 	EXP 	Sound probe reached end of file
208.4708 	DATA 	Keypress: space
211.7481 	EXP 	New trial (rep=18, index=0): None
211.8218 	EXP 	Sound probe started
212.0293 	EXP 	Sound probe stopped
214.9240 	EXP 	New trial (rep=19, index=0): None
214.9272 	EXP 	Sound probe started
215.1291 	EXP 	Sound probe stopped
217.2396 	EXP 	New trial (rep=20, index=0): None
217.3108 	EXP 	Sound probe started
217.5171 	EXP 	Sound probe stopped
217.7812 	DATA 	Keypress: space
220.5643 	EXP 	New trial (rep=21, index=0): None
220.6439 	EXP 	Sound probe started
220.8572 	EXP 	Sound probe reached end of file
223.0697 	EXP 	New trial (rep=22, index=0): None
223.1421 	EXP 	Sound probe started
223.3573 	EXP 	Sound probe reached end of file
223.5871 	DATA 	Keypress: space
226.2716 	EXP 	New trial (rep=23, index=0): None
226.2779 	EXP 	Sound probe started
226.4971 	EXP 	Sound probe reached end of file
228.8010 	EXP 	New trial (rep=24, index=0): None
228.8789 	EXP 	Sound probe started
229.0971 	EXP 	Sound probe reached end of file
232.6544 	EXP 	New trial (rep=25, index=0): None
232.7258 	EXP 	Sound probe started
232.9372 	EXP 	Sound probe reached end of file
233.1621 	DATA 	Keypress: space
234.9601 	EXP 	New trial (rep=26, index=0): None
235.0379 	EXP 	Sound probe started
235.2371 	EXP 	Sound probe stopped
237.7945 	EXP 	New trial (rep=27, index=0): None
237.8633 	EXP 	Sound probe started
238.0772 	EXP 	Sound probe reached end of file
238.4972 	DATA 	Keypress: space
240.1469 	EXP 	New trial (rep=28, index=0): None
240.2256 	EXP 	Sound probe started
240.4250 	EXP 	Sound probe stopped
244.0002 	EXP 	New trial (rep=29, index=0): None
244.0016 	EXP 	Sound probe started
244.2172 	EXP 	Sound probe reached end of file
246.8912 	EXP 	New trial (rep=30, index=0): None
246.9698 	EXP 	Sound probe started
247.1851 	EXP 	Sound probe reached end of file
250.8948 	EXP 	New trial (rep=31, index=0): None
250.9764 	EXP 	Sound probe started
251.1852 	EXP 	Sound probe reached end of file
251.3852 	DATA 	Keypress: space
254.7658 	EXP 	New trial (rep=32, index=0): None
255.8799 	EXP 	Sound probe started
256.0973 	EXP 	Sound probe reached end of file
258.6759 	EXP 	New trial (rep=33, index=0): None
259.7996 	EXP 	Sound probe started
260.0048 	EXP 	Sound probe stopped
260.3533 	DATA 	Keypress: space
261.9916 	EXP 	New trial (rep=34, index=0): None
261.9928 	EXP 	Sound probe started
262.2048 	EXP 	Sound probe reached end of file
264.9763 	EXP 	New trial (rep=35, index=0): None
266.2112 	EXP 	Sound probe started
266.4251 	EXP 	Sound probe reached end of file
269.5473 	EXP 	New trial (rep=36, index=0): None
270.7245 	EXP 	Sound probe started
270.9329 	EXP 	Sound probe reached end of file
271.1691 	DATA 	Keypress: space
274.1553 	EXP 	New trial (rep=37, index=0): None
275.3594 	EXP 	Sound probe started
275.5729 	EXP 	Sound probe reached end of file
276.0083 	DATA 	Keypress: space
278.7827 	EXP 	New trial (rep=38, index=0): None
278.7837 	EXP 	Sound probe started
278.9928 	EXP 	Sound probe reached end of file
281.1882 	EXP 	New trial (rep=39, index=0): None
282.6749 	EXP 	Sound probe started
282.8932 	EXP 	Sound probe reached end of file
285.0919 	EXP 	New trial (rep=40, index=0): None
286.3974 	EXP 	Sound probe started
286.6051 	EXP 	Sound probe stopped
286.8510 	DATA 	Keypress: space
290.2446 	EXP 	New trial (rep=41, index=0): None
291.4724 	EXP 	Sound probe started
291.6813 	EXP 	Sound probe reached end of file
292.2353 	DATA 	Keypress: space
295.4664 	EXP 	New trial (rep=42, index=0): None
295.4674 	EXP 	Sound probe started
295.6813 	EXP 	Sound probe reached end of file
297.9899 	EXP 	New trial (rep=43, index=0): None
299.2722 	EXP 	Sound probe started
299.4822 	EXP 	Sound probe reached end of file
299.7983 	DATA 	Keypress: space
301.8858 	EXP 	New trial (rep=44, index=0): None
303.7018 	EXP 	Sound probe started
303.9208 	EXP 	Sound probe reached end of file
306.1097 	EXP 	New trial (rep=45, index=0): None
307.4237 	EXP 	Sound probe started
307.6410 	EXP 	Sound probe reached end of file
308.4289 	DATA 	Keypress: space
310.0928 	EXP 	New trial (rep=46, index=0): None
310.0961 	EXP 	Sound probe started
310.3131 	EXP 	Sound probe reached end of file
312.1963 	EXP 	New trial (rep=47, index=0): None
313.5446 	EXP 	Sound probe started
313.7609 	EXP 	Sound probe reached end of file
314.1846 	DATA 	Keypress: space
315.6431 	EXP 	New trial (rep=48, index=0): None
317.0096 	EXP 	Sound probe started
317.2291 	EXP 	Sound probe reached end of file
317.8477 	DATA 	Keypress: space
319.6742 	EXP 	New trial (rep=49, index=0): None
321.1408 	EXP 	Sound probe started
321.3612 	EXP 	Sound probe reached end of file
321.7788 	DATA 	Keypress: space
324.0078 	EXP 	New trial (rep=50, index=0): None
325.4191 	EXP 	Sound probe started
325.6290 	EXP 	Sound probe reached end of file
329.1141 	EXP 	New trial (rep=51, index=0): None
329.1188 	EXP 	Sound probe started
329.3288 	EXP 	Sound probe reached end of file
331.7216 	EXP 	New trial (rep=52, index=0): None
333.5621 	EXP 	Sound probe started
333.7811 	EXP 	Sound probe reached end of file
334.0915 	DATA 	Keypress: space
337.0069 	EXP 	New trial (rep=53, index=0): None
338.4779 	EXP 	Sound probe started
338.6891 	EXP 	Sound probe reached end of file
342.0373 	EXP 	New trial (rep=54, index=0): None
343.8322 	EXP 	Sound probe started
344.0370 	EXP 	Sound probe stopped
344.3459 	DATA 	Keypress: space
346.5501 	EXP 	New trial (rep=55, index=0): None
346.5537 	EXP 	Sound probe started
346.7689 	EXP 	Sound probe reached end of file
348.6327 	EXP 	New trial (rep=56, index=0): None
350.1712 	EXP 	Sound probe started
350.3891 	EXP 	Sound probe reached end of file
352.4821 	EXP 	New trial (rep=57, index=0): None
354.0504 	EXP 	Sound probe started
354.2693 	EXP 	Sound probe reached end of file
356.4751 	EXP 	New trial (rep=58, index=0): None
358.0757 	EXP 	Sound probe started
358.2891 	EXP 	Sound probe reached end of file
361.6496 	EXP 	New trial (rep=59, index=0): None
363.7319 	EXP 	Sound probe started
363.9369 	EXP 	Sound probe stopped
366.2152 	EXP 	New trial (rep=60, index=0): None
367.7608 	EXP 	Sound probe started
367.9653 	EXP 	Sound probe stopped
368.4900 	DATA 	Keypress: space
370.5734 	EXP 	New trial (rep=61, index=0): None
372.1358 	EXP 	Sound probe started
372.3449 	EXP 	Sound probe reached end of file
374.2104 	EXP 	New trial (rep=62, index=0): None
375.9042 	EXP 	Sound probe started
376.1172 	EXP 	Sound probe reached end of file
376.4103 	DATA 	Keypress: space
378.4632 	EXP 	New trial (rep=63, index=0): None
378.4669 	EXP 	Sound probe stopped
378.4928 	EXP 	goodbye_text: autoDraw = True
382.1656 	DATA 	Keypress: space
382.2028 	EXP 	goodbye_text: autoDraw = False
382.3134 	EXP 	window1: mouseVisible = True
