12.8165 	WARNING 	User requested fullscreen with size [2560 1440], but screen is actually [3840, 2160]. Using actual size
15.8831 	WARNING 	Couldn't measure a consistent frame rate!
  - Is your graphics card set to sync to vertical blank?
  - Are you running other processes on your computer?

15.8834 	EXP 	Created window1 = Window(allowGUI=False, allowStencil=False, autoLog=True, backendConf=UNKNOWN, bitsMode=UNKNOWN, blendMode='avg', bpc=(8, 8, 8), color=array([0, 0, 0]), colorSpace='rgb', depthBits=8, fullscr=<method-wrapper '__getattribute__' of attributeSetter object at 0x00000233E87B6B20>, gamma=None, gammaErrorPolicy='raise', lms=UNKNOWN, monitor=<psychopy.monitors.calibTools.Monitor object at 0x00000233EA465130>, multiSample=False, name='window1', numSamples=2, pos=(0, 0), screen=0, size=array([3840, 2160]), stencilBits=0, stereo=False, units='height', useFBO=True, useRetina=False, viewOri=0.0, viewPos=None, viewScale=None, waitBlanking=True, winType='pyglet')
15.8838 	EXP 	window1: mouseVisible = True
15.8838 	EXP 	window1: Attempting to measure frame rate of screen (0) ...
15.8838 	EXP 	window1: recordFrameIntervals = False
16.0468 	EXP 	window1: recordFrameIntervals = True
16.1119 	WARNING 	t of last frame was 25.69ms (=1/38)
16.1444 	WARNING 	t of last frame was 32.50ms (=1/30)
16.1808 	WARNING 	t of last frame was 26.05ms (=1/38)
16.2117 	WARNING 	t of last frame was 20.95ms (=1/47)
16.2412 	WARNING 	Multiple dropped frames have occurred - I'll stop bothering you about them!
18.0228 	WARNING 	Couldn't measure a consistent frame rate!
  - Is your graphics card set to sync to vertical blank?
  - Are you running other processes on your computer?

21.3565 	EXP 	Created text = TextStim(__class__=<class 'psychopy.visual.text.TextStim'>, alignHoriz=method-wrapper(...), alignText='center', alignVert=method-wrapper(...), anchorHoriz='center', anchorVert='center', antialias=True, autoLog=True, bold=False, color=array([1., 1., 1.]), colorSpace='rgb', contrast=1.0, depth=-3.0, flipHoriz=False, flipVert=False, font='Open Sans', fontFiles=[], height=0.05, italic=False, languageStyle='LTR', name='text', opacity=1, ori=0.0, pos=array([0., 0.]), rgb=UNKNOWN, text=str(...), units='height', win=Window(...), wrapWidth=1)
21.3583 	EXP 	Created blank_txt = TextStim(__class__=<class 'psychopy.visual.text.TextStim'>, alignHoriz=method-wrapper(...), alignText='center', alignVert=method-wrapper(...), anchorHoriz='center', anchorVert='center', antialias=True, autoLog=True, bold=False, color=array([1., 1., 1.]), colorSpace='rgb', contrast=1.0, depth=0.0, flipHoriz=False, flipVert=False, font='Open Sans', fontFiles=[], height=0.1, italic=False, languageStyle='LTR', name='blank_txt', opacity=1, ori=0.0, pos=array([0., 0.]), rgb=UNKNOWN, text='', units='height', win=Window(...), wrapWidth=1)
21.4506 	EXP 	Sound tProbe set volume 1.000
21.4519 	EXP 	Created you_done_goofed = TextStim(__class__=<class 'psychopy.visual.text.TextStim'>, alignHoriz=method-wrapper(...), alignText='center', alignVert=method-wrapper(...), anchorHoriz='center', anchorVert='center', antialias=True, autoLog=True, bold=False, color=array([1., 1., 1.]), colorSpace='rgb', contrast=1.0, depth=-1.0, flipHoriz=False, flipVert=False, font='Open Sans', fontFiles=[], height=0.05, italic=False, languageStyle='LTR', name='you_done_goofed', opacity=1, ori=0.0, pos=array([0., 0.]), rgb=UNKNOWN, text='', units='height', win=Window(...), wrapWidth=1)
21.7604 	EXP 	Created text_2 = TextStim(__class__=<class 'psychopy.visual.text.TextStim'>, alignHoriz=method-wrapper(...), alignText='center', alignVert=method-wrapper(...), anchorHoriz='center', anchorVert='center', antialias=True, autoLog=True, bold=False, color=array([1., 1., 1.]), colorSpace='rgb', contrast=1.0, depth=-2.0, flipHoriz=False, flipVert=False, font='Open Sans', fontFiles=[], height=0.05, italic=False, languageStyle='LTR', name='text_2', opacity=1, ori=0.0, pos=array([0., 0.]), rgb=UNKNOWN, text='', units='height', win=Window(...), wrapWidth=1)
21.7617 	EXP 	Created blank_txt = TextStim(__class__=<class 'psychopy.visual.text.TextStim'>, alignHoriz=method-wrapper(...), alignText='center', alignVert=method-wrapper(...), anchorHoriz='center', anchorVert='center', antialias=True, autoLog=True, bold=False, color=array([1., 1., 1.]), colorSpace='rgb', contrast=1.0, depth=0.0, flipHoriz=False, flipVert=False, font='Open Sans', fontFiles=[], height=0.1, italic=False, languageStyle='LTR', name='blank_txt', opacity=1, ori=0.0, pos=array([0., 0.]), rgb=UNKNOWN, text='', units='height', win=Window(...), wrapWidth=1)
21.7731 	EXP 	Sound probe set volume 1.000
21.7835 	EXP 	Created goodbye_text = TextStim(__class__=<class 'psychopy.visual.text.TextStim'>, alignHoriz=method-wrapper(...), alignText='center', alignVert=method-wrapper(...), anchorHoriz='center', anchorVert='center', antialias=True, autoLog=True, bold=False, color=array([1., 1., 1.]), colorSpace='rgb', contrast=1.0, depth=0.0, flipHoriz=False, flipVert=False, font='Open Sans', fontFiles=[], height=0.05, italic=False, languageStyle='LTR', name='goodbye_text', opacity=1, ori=0.0, pos=array([0., 0.]), rgb=UNKNOWN, text=str(...), units='height', win=Window(...), wrapWidth=1)
21.7866 	EXP 	Created fixation_cross = ShapeStim(__class__=<class 'psychopy.visual.shape.ShapeStim'>, anchor=('center', 'center'), autoDraw=False, autoLog=True, closeShape=True, color=method-wrapper(...), colorSpace='rgb', contrast=None, depth=-3.0, fillColor=array([1, 1, 1]), fillColorSpace='rgb', fillRGB=array([1, 1, 1]), interpolate=True, lineColor=array([1., 1., 1.]), lineColorSpace='rgb', lineRGB=array([1, 1, 1]), lineWidth=1.0, name='fixation_cross', opacity=1, ori=0.0, pos=array([0., 0.]), size=array([0.15, 0.15]), units='height', vertices=ndarray(...), win=Window(...), windingRule=None)
21.7992 	EXP 	text: autoDraw = True
78.9110 	DATA 	Keypress: return
78.9203 	EXP 	text: autoDraw = False
78.9203 	EXP 	blank_txt: autoDraw = True
79.9128 	EXP 	Created sequence: random, trialTypes=1, nReps=3, seed=None
79.9130 	EXP 	New trial (rep=0, index=0): None
79.9247 	EXP 	blank_txt: autoDraw = False
80.9026 	EXP 	Sound tProbe started
81.1176 	EXP 	Sound tProbe reached end of file
81.9405 	DATA 	Keypress: space
82.9863 	EXP 	you_done_goofed: height = 0.05
82.9863 	EXP 	you_done_goofed: height = 0.05
82.9863 	EXP 	you_done_goofed: text = "Vous avez appuyé trop tard.\n            \n\nVeuillez essayer de répondre dans la seconde suivant le ton.\n            \n\nAppuyez sur n'importe quelle touche pour poursuivre."
82.9863 	EXP 	you_done_goofed: autoDraw = True
88.4958 	EXP 	New trial (rep=1, index=0): None
88.4976 	DATA 	Keypress: return
88.5181 	EXP 	you_done_goofed: autoDraw = False
89.4910 	EXP 	Sound tProbe started
89.7055 	EXP 	Sound tProbe reached end of file
89.8907 	DATA 	Keypress: space
91.5612 	EXP 	you_done_goofed: height = 0.05
91.5612 	EXP 	you_done_goofed: height = 0.05
91.5612 	EXP 	you_done_goofed: text = "C'est très bien! \n            \n\nAppuyez sur n'importe quelle touche pour poursuivre."
91.5612 	EXP 	you_done_goofed: autoDraw = True
93.5837 	EXP 	New trial (rep=2, index=0): None
93.5893 	DATA 	Keypress: return
93.5987 	EXP 	you_done_goofed: autoDraw = False
94.5859 	EXP 	Sound tProbe started
94.7978 	EXP 	Sound tProbe reached end of file
94.9840 	DATA 	Keypress: space
96.6288 	EXP 	you_done_goofed: text = "C'est très bien! \n            \n\nAppuyez sur n'importe quelle touche pour poursuivre."
96.6288 	EXP 	you_done_goofed: autoDraw = True
98.4007 	EXP 	Created fixation_cross = ShapeStim(__class__=<class 'psychopy.visual.shape.ShapeStim'>, anchor=('center', 'center'), autoDraw=False, autoLog=True, closeShape=True, color=method-wrapper(...), colorSpace='rgb', contrast=None, depth=-3.0, fillColor=array([1, 1, 1]), fillColorSpace='rgb', fillRGB=array([1, 1, 1]), interpolate=True, lineColor=array([1., 1., 1.]), lineColorSpace='rgb', lineRGB=array([1, 1, 1]), lineWidth=1.0, name='fixation_cross', opacity=1, ori=0.0, pos=array([0., 0.]), size=array([0.15, 0.15]), units='height', vertices=ndarray(...), win=Window(...), windingRule=None)
98.4213 	DATA 	Keypress: space
98.4312 	EXP 	you_done_goofed: autoDraw = False
98.4312 	EXP 	text_2: height = 0.05
98.4312 	EXP 	text_2: height = 0.05
98.4312 	EXP 	text_2: text = "Appuyez sur la barre d'espace dès que vous entendez un son. \n\n Les réponses enregistrées plus d'une seconde après le son ne seront pas comptabilisées. \n\n\n Appuyez sur n'importe quelle touche pour démarrer."
98.4312 	EXP 	text_2: autoDraw = True
103.7772 	DATA 	Keypress: space
103.7867 	EXP 	text_2: autoDraw = False
103.7867 	EXP 	blank_txt: autoDraw = True
104.7806 	EXP 	Created sequence: random, trialTypes=1, nReps=999, seed=None
104.7832 	EXP 	New trial (rep=0, index=0): None
104.8646 	EXP 	Sound probe started
104.8727 	EXP 	blank_txt: autoDraw = False
104.8727 	EXP 	blank_txt: autoDraw = False
105.0735 	EXP 	Sound probe reached end of file
105.1730 	DATA 	Keypress: space
107.1591 	EXP 	New trial (rep=1, index=0): None
107.2306 	EXP 	Sound probe started
107.4458 	EXP 	Sound probe reached end of file
107.5206 	DATA 	Keypress: space
110.5495 	EXP 	New trial (rep=2, index=0): None
110.6208 	EXP 	Sound probe started
110.8341 	EXP 	Sound probe reached end of file
110.9470 	DATA 	Keypress: space
113.5693 	EXP 	New trial (rep=3, index=0): None
113.6450 	EXP 	Sound probe started
113.8539 	EXP 	Sound probe reached end of file
114.2497 	DATA 	Keypress: space
115.8247 	EXP 	New trial (rep=4, index=0): None
115.8263 	EXP 	Sound probe started
116.0336 	EXP 	Sound probe stopped
118.0920 	EXP 	New trial (rep=5, index=0): None
118.1630 	EXP 	Sound probe started
118.3736 	EXP 	Sound probe reached end of file
121.0620 	EXP 	New trial (rep=6, index=0): None
121.1298 	EXP 	Sound probe started
121.3461 	EXP 	Sound probe reached end of file
125.0549 	EXP 	New trial (rep=7, index=0): None
125.1282 	EXP 	Sound probe started
125.3416 	EXP 	Sound probe reached end of file
128.8702 	EXP 	New trial (rep=8, index=0): None
128.8718 	EXP 	Sound probe started
129.0852 	EXP 	Sound probe reached end of file
132.6709 	EXP 	New trial (rep=9, index=0): None
132.7441 	EXP 	Sound probe started
132.9620 	EXP 	Sound probe reached end of file
133.2757 	DATA 	Keypress: space
136.3138 	EXP 	New trial (rep=10, index=0): None
136.3833 	EXP 	Sound probe started
136.6018 	EXP 	Sound probe reached end of file
136.8973 	DATA 	Keypress: space
139.2253 	EXP 	New trial (rep=11, index=0): None
139.3026 	EXP 	Sound probe started
139.5138 	EXP 	Sound probe stopped
142.9589 	EXP 	New trial (rep=12, index=0): None
142.9606 	EXP 	Sound probe started
143.1738 	EXP 	Sound probe reached end of file
146.6510 	EXP 	New trial (rep=13, index=0): None
146.7265 	EXP 	Sound probe started
146.9419 	EXP 	Sound probe reached end of file
147.2845 	DATA 	Keypress: space
150.5712 	EXP 	New trial (rep=14, index=0): None
150.6428 	EXP 	Sound probe started
150.8500 	EXP 	Sound probe stopped
154.0733 	EXP 	New trial (rep=15, index=0): None
154.1497 	EXP 	Sound probe started
154.3618 	EXP 	Sound probe stopped
154.7567 	DATA 	Keypress: space
157.7431 	EXP 	New trial (rep=16, index=0): None
157.7451 	EXP 	Sound probe started
157.9617 	EXP 	Sound probe reached end of file
160.5001 	EXP 	New trial (rep=17, index=0): None
160.5774 	EXP 	Sound probe started
160.7816 	EXP 	Sound probe stopped
164.5410 	EXP 	New trial (rep=18, index=0): None
164.6103 	EXP 	Sound probe started
164.8299 	EXP 	Sound probe reached end of file
165.1421 	DATA 	Keypress: space
167.2249 	EXP 	New trial (rep=19, index=0): None
167.2965 	EXP 	Sound probe started
167.5097 	EXP 	Sound probe reached end of file
171.0106 	EXP 	New trial (rep=20, index=0): None
171.0159 	EXP 	Sound probe started
171.2296 	EXP 	Sound probe reached end of file
174.4947 	EXP 	New trial (rep=21, index=0): None
174.5632 	EXP 	Sound probe started
174.7815 	EXP 	Sound probe reached end of file
175.0349 	DATA 	Keypress: space
176.6292 	EXP 	New trial (rep=22, index=0): None
176.6975 	EXP 	Sound probe started
176.9182 	EXP 	Sound probe reached end of file
177.2280 	DATA 	Keypress: space
179.7048 	EXP 	New trial (rep=23, index=0): None
179.7812 	EXP 	Sound probe started
179.9900 	EXP 	Sound probe stopped
182.2231 	EXP 	New trial (rep=24, index=0): None
182.2297 	EXP 	Sound probe started
182.4395 	EXP 	Sound probe reached end of file
185.0028 	EXP 	New trial (rep=25, index=0): None
185.0841 	EXP 	Sound probe started
185.2895 	EXP 	Sound probe stopped
187.2290 	EXP 	New trial (rep=26, index=0): None
187.2997 	EXP 	Sound probe started
187.5180 	EXP 	Sound probe reached end of file
187.8140 	DATA 	Keypress: space
190.6418 	EXP 	New trial (rep=27, index=0): None
190.7133 	EXP 	Sound probe started
190.9175 	EXP 	Sound probe stopped
191.3858 	DATA 	Keypress: space
192.9446 	EXP 	New trial (rep=28, index=0): None
192.9461 	EXP 	Sound probe started
193.1578 	EXP 	Sound probe reached end of file
195.2153 	EXP 	New trial (rep=29, index=0): None
195.2816 	EXP 	Sound probe started
195.4976 	EXP 	Sound probe reached end of file
198.7007 	EXP 	New trial (rep=30, index=0): None
198.7710 	EXP 	Sound probe started
198.9896 	EXP 	Sound probe reached end of file
199.4552 	DATA 	Keypress: space
202.3191 	EXP 	New trial (rep=31, index=0): None
202.3882 	EXP 	Sound probe started
202.6058 	EXP 	Sound probe reached end of file
205.0823 	EXP 	New trial (rep=32, index=0): None
205.1555 	EXP 	Sound probe started
205.3657 	EXP 	Sound probe reached end of file
208.4754 	EXP 	New trial (rep=33, index=0): None
208.4767 	EXP 	Sound probe started
208.6775 	EXP 	Sound probe stopped
211.0578 	EXP 	New trial (rep=34, index=0): None
211.1277 	EXP 	Sound probe started
211.3457 	EXP 	Sound probe reached end of file
211.6425 	DATA 	Keypress: space
214.9220 	EXP 	New trial (rep=35, index=0): None
216.1359 	EXP 	Sound probe started
216.3457 	EXP 	Sound probe reached end of file
218.6275 	EXP 	New trial (rep=36, index=0): None
219.9823 	EXP 	Sound probe started
220.1977 	EXP 	Sound probe reached end of file
220.5511 	DATA 	Keypress: space
222.4045 	EXP 	New trial (rep=37, index=0): None
222.4080 	EXP 	Sound probe started
222.6256 	EXP 	Sound probe reached end of file
225.0060 	EXP 	New trial (rep=38, index=0): None
226.2378 	EXP 	Sound probe started
226.4457 	EXP 	Sound probe stopped
226.9484 	DATA 	Keypress: space
228.5985 	EXP 	New trial (rep=39, index=0): None
229.8004 	EXP 	Sound probe started
230.0138 	EXP 	Sound probe reached end of file
230.3968 	DATA 	Keypress: space
233.4824 	EXP 	New trial (rep=40, index=0): None
234.8648 	EXP 	Sound probe started
235.0734 	EXP 	Sound probe reached end of file
238.2822 	EXP 	New trial (rep=41, index=0): None
239.8885 	EXP 	Sound probe started
240.1056 	EXP 	Sound probe reached end of file
240.4959 	DATA 	Keypress: space
242.4964 	EXP 	New trial (rep=42, index=0): None
244.0735 	EXP 	Sound probe started
244.2938 	EXP 	Sound probe reached end of file
246.4281 	EXP 	New trial (rep=43, index=0): None
246.4298 	EXP 	Sound probe started
246.6456 	EXP 	Sound probe reached end of file
250.4317 	EXP 	New trial (rep=44, index=0): None
251.8861 	EXP 	Sound probe started
252.0936 	EXP 	Sound probe stopped
252.6416 	DATA 	Keypress: space
255.4687 	EXP 	New trial (rep=45, index=0): None
257.0002 	EXP 	Sound probe started
257.2020 	EXP 	Sound probe stopped
257.4885 	DATA 	Keypress: space
259.0778 	EXP 	New trial (rep=46, index=0): None
260.6792 	EXP 	Sound probe started
260.8934 	EXP 	Sound probe reached end of file
261.4611 	DATA 	Keypress: space
263.8095 	EXP 	New trial (rep=47, index=0): None
263.8134 	EXP 	Sound probe started
264.0300 	EXP 	Sound probe reached end of file
266.3382 	EXP 	New trial (rep=48, index=0): None
267.7754 	EXP 	Sound probe started
267.9959 	EXP 	Sound probe reached end of file
268.4986 	DATA 	Keypress: space
270.7106 	EXP 	New trial (rep=49, index=0): None
272.2799 	EXP 	Sound probe started
272.4813 	EXP 	Sound probe stopped
275.2388 	EXP 	New trial (rep=50, index=0): None
276.8008 	EXP 	Sound probe started
277.0135 	EXP 	Sound probe reached end of file
277.3685 	DATA 	Keypress: space
279.7340 	EXP 	New trial (rep=51, index=0): None
279.7351 	EXP 	Sound probe started
279.9496 	EXP 	Sound probe reached end of file
282.9009 	EXP 	New trial (rep=52, index=0): None
284.8990 	EXP 	Sound probe started
285.1019 	EXP 	Sound probe stopped
288.6991 	EXP 	New trial (rep=53, index=0): None
290.5457 	EXP 	Sound probe started
290.7496 	EXP 	Sound probe stopped
291.1247 	DATA 	Keypress: space
292.6109 	EXP 	New trial (rep=54, index=0): None
294.5038 	EXP 	Sound probe started
294.7094 	EXP 	Sound probe stopped
297.7370 	EXP 	New trial (rep=55, index=0): None
297.7403 	EXP 	Sound probe started
297.9497 	EXP 	Sound probe reached end of file
300.1883 	EXP 	New trial (rep=56, index=0): None
301.9911 	EXP 	Sound probe started
302.2096 	EXP 	Sound probe reached end of file
304.5397 	EXP 	New trial (rep=57, index=0): None
306.0645 	EXP 	Sound probe started
306.2696 	EXP 	Sound probe stopped
306.6438 	DATA 	Keypress: space
308.6635 	EXP 	New trial (rep=58, index=0): None
310.1762 	EXP 	Sound probe started
310.3896 	EXP 	Sound probe reached end of file
313.3004 	EXP 	New trial (rep=59, index=0): None
315.4675 	EXP 	Sound probe started
315.6776 	EXP 	Sound probe reached end of file
318.1399 	EXP 	New trial (rep=60, index=0): None
319.7544 	EXP 	Sound probe started
319.9698 	EXP 	Sound probe reached end of file
322.6704 	EXP 	New trial (rep=61, index=0): None
324.2239 	EXP 	Sound probe started
324.4376 	EXP 	Sound probe reached end of file
324.7253 	DATA 	Keypress: space
326.6220 	EXP 	New trial (rep=62, index=0): None
326.6231 	EXP 	Sound probe started
326.8375 	EXP 	Sound probe reached end of file
329.9052 	EXP 	New trial (rep=63, index=0): None
331.4906 	EXP 	Sound probe started
331.7060 	EXP 	Sound probe reached end of file
334.9826 	EXP 	New trial (rep=64, index=0): None
336.5182 	EXP 	Sound probe started
336.7374 	EXP 	Sound probe reached end of file
339.9399 	EXP 	New trial (rep=65, index=0): None
341.6687 	EXP 	Sound probe started
341.8856 	EXP 	Sound probe reached end of file
342.4037 	DATA 	Keypress: space
344.4403 	EXP 	New trial (rep=66, index=0): None
346.3308 	EXP 	Sound probe started
346.5523 	EXP 	Sound probe reached end of file
349.1934 	EXP 	New trial (rep=67, index=0): None
350.8367 	EXP 	Sound probe started
351.0529 	EXP 	Sound probe reached end of file
353.5151 	EXP 	New trial (rep=68, index=0): None
353.5161 	EXP 	Sound probe started
353.7255 	EXP 	Sound probe reached end of file
356.4019 	EXP 	New trial (rep=69, index=0): None
358.1000 	EXP 	Sound probe started
358.3137 	EXP 	Sound probe reached end of file
361.9121 	EXP 	New trial (rep=70, index=0): None
363.8519 	EXP 	Sound probe started
364.0653 	EXP 	Sound probe reached end of file
364.5317 	DATA 	Keypress: space
366.4486 	EXP 	New trial (rep=71, index=0): None
368.2060 	EXP 	Sound probe started
368.4134 	EXP 	Sound probe stopped
368.8479 	DATA 	Keypress: space
370.7883 	EXP 	New trial (rep=72, index=0): None
372.6027 	EXP 	Sound probe started
372.8134 	EXP 	Sound probe reached end of file
375.9562 	EXP 	New trial (rep=73, index=0): None
375.9594 	EXP 	Sound probe started
376.1731 	EXP 	Sound probe reached end of file
379.9000 	EXP 	New trial (rep=74, index=0): None
381.6914 	EXP 	Sound probe started
381.9056 	EXP 	Sound probe reached end of file
382.4708 	DATA 	Keypress: space
385.0028 	EXP 	New trial (rep=75, index=0): None
386.7943 	EXP 	Sound probe started
387.0015 	EXP 	Sound probe stopped
388.8379 	EXP 	New trial (rep=76, index=0): None
390.6492 	EXP 	Sound probe started
390.8612 	EXP 	Sound probe reached end of file
393.8512 	EXP 	New trial (rep=77, index=0): None
395.7723 	EXP 	Sound probe started
395.9817 	EXP 	Sound probe reached end of file
396.6984 	DATA 	Keypress: space
398.7904 	EXP 	New trial (rep=78, index=0): None
400.7659 	EXP 	Sound probe started
400.9615 	EXP 	Sound probe stopped
404.5133 	EXP 	New trial (rep=79, index=0): None
404.5144 	EXP 	Sound probe started
404.7214 	EXP 	Sound probe stopped
407.3140 	EXP 	New trial (rep=80, index=0): None
409.1830 	EXP 	Sound probe started
409.4018 	EXP 	Sound probe reached end of file
411.9299 	EXP 	New trial (rep=81, index=0): None
413.8370 	EXP 	Sound probe started
414.0495 	EXP 	Sound probe reached end of file
414.7798 	DATA 	Keypress: space
417.7035 	EXP 	New trial (rep=82, index=0): None
419.7474 	EXP 	Sound probe started
419.9617 	EXP 	Sound probe reached end of file
423.2761 	EXP 	New trial (rep=83, index=0): None
423.2793 	EXP 	Sound probe started
423.4913 	EXP 	Sound probe reached end of file
426.8837 	EXP 	New trial (rep=84, index=0): None
428.9839 	EXP 	Sound probe started
429.2012 	EXP 	Sound probe reached end of file
432.4436 	EXP 	New trial (rep=85, index=0): None
434.4471 	EXP 	Sound probe started
434.6573 	EXP 	Sound probe reached end of file
437.3820 	EXP 	New trial (rep=86, index=0): None
439.4518 	EXP 	Sound probe started
439.6697 	EXP 	Sound probe reached end of file
442.1932 	EXP 	New trial (rep=87, index=0): None
444.2982 	EXP 	Sound probe started
444.5173 	EXP 	Sound probe reached end of file
445.0364 	DATA 	Keypress: space
446.5388 	EXP 	New trial (rep=88, index=0): None
446.5399 	EXP 	Sound probe started
446.7575 	EXP 	Sound probe reached end of file
450.0055 	EXP 	New trial (rep=89, index=0): None
452.1180 	EXP 	Sound probe started
452.3373 	EXP 	Sound probe reached end of file
452.6489 	DATA 	Keypress: space
455.5498 	EXP 	New trial (rep=90, index=0): None
457.5210 	EXP 	Sound probe started
457.7293 	EXP 	Sound probe stopped
458.0495 	DATA 	Keypress: space
460.8528 	EXP 	New trial (rep=91, index=0): None
462.9121 	EXP 	Sound probe started
463.1175 	EXP 	Sound probe stopped
465.0101 	EXP 	New trial (rep=92, index=0): None
465.0112 	EXP 	Sound probe started
465.2254 	EXP 	Sound probe reached end of file
467.8941 	EXP 	New trial (rep=93, index=0): None
470.0921 	EXP 	Sound probe started
470.3055 	EXP 	Sound probe reached end of file
473.7248 	EXP 	New trial (rep=94, index=0): None
475.9494 	EXP 	Sound probe started
476.1574 	EXP 	Sound probe stopped
478.9097 	EXP 	New trial (rep=95, index=0): None
481.6843 	EXP 	Sound probe started
481.8974 	EXP 	Sound probe reached end of file
485.3866 	EXP 	New trial (rep=96, index=0): None
487.6369 	EXP 	Sound probe started
487.8532 	EXP 	Sound probe reached end of file
490.6237 	EXP 	New trial (rep=97, index=0): None
490.6246 	EXP 	Sound probe started
490.8332 	EXP 	Sound probe reached end of file
493.3141 	EXP 	New trial (rep=98, index=0): None
495.6688 	EXP 	Sound probe started
495.8851 	EXP 	Sound probe reached end of file
499.2750 	EXP 	New trial (rep=99, index=0): None
501.5515 	EXP 	Sound probe started
501.7653 	EXP 	Sound probe reached end of file
502.1688 	DATA 	Keypress: space
505.2239 	EXP 	New trial (rep=100, index=0): None
507.5803 	EXP 	Sound probe started
507.7854 	EXP 	Sound probe stopped
510.3187 	EXP 	New trial (rep=101, index=0): None
510.3232 	EXP 	Sound probe started
510.5468 	EXP 	Sound probe reached end of file
514.2624 	EXP 	New trial (rep=102, index=0): None
516.6713 	EXP 	Sound probe started
516.8814 	EXP 	Sound probe reached end of file
519.8379 	EXP 	New trial (rep=103, index=0): None
522.1725 	EXP 	Sound probe started
522.3810 	EXP 	Sound probe reached end of file
522.7587 	DATA 	Keypress: space
524.6081 	EXP 	New trial (rep=104, index=0): None
527.2319 	EXP 	Sound probe started
527.4415 	EXP 	Sound probe reached end of file
531.1924 	EXP 	New trial (rep=105, index=0): None
531.1938 	EXP 	Sound probe started
531.4135 	EXP 	Sound probe reached end of file
534.1519 	EXP 	New trial (rep=106, index=0): None
536.5455 	EXP 	Sound probe started
536.7611 	EXP 	Sound probe reached end of file
538.7517 	EXP 	New trial (rep=107, index=0): None
541.7577 	EXP 	Sound probe started
541.9690 	EXP 	Sound probe reached end of file
545.0176 	EXP 	New trial (rep=108, index=0): None
547.4533 	EXP 	Sound probe started
547.6762 	EXP 	Sound probe reached end of file
548.3773 	DATA 	Keypress: space
551.4678 	EXP 	New trial (rep=109, index=0): None
553.9311 	EXP 	Sound probe started
554.1292 	EXP 	Sound probe stopped
554.5864 	DATA 	Keypress: space
556.7033 	EXP 	New trial (rep=110, index=0): None
556.7072 	EXP 	Sound probe started
556.9214 	EXP 	Sound probe reached end of file
559.5196 	EXP 	New trial (rep=111, index=0): None
562.0558 	EXP 	Sound probe started
562.2693 	EXP 	Sound probe reached end of file
562.6632 	DATA 	Keypress: space
565.6035 	EXP 	New trial (rep=112, index=0): None
568.1582 	EXP 	Sound probe started
568.3773 	EXP 	Sound probe reached end of file
568.8091 	DATA 	Keypress: space
571.9177 	EXP 	New trial (rep=113, index=0): None
574.4459 	EXP 	Sound probe started
574.6492 	EXP 	Sound probe stopped
575.0314 	DATA 	Keypress: space
577.0240 	EXP 	New trial (rep=114, index=0): None
577.0269 	EXP 	Sound probe started
577.2370 	EXP 	Sound probe reached end of file
579.2336 	EXP 	New trial (rep=115, index=0): None
581.8289 	EXP 	Sound probe started
582.0374 	EXP 	Sound probe stopped
583.8920 	EXP 	New trial (rep=116, index=0): None
586.5987 	EXP 	Sound probe started
586.8050 	EXP 	Sound probe stopped
589.3336 	EXP 	New trial (rep=117, index=0): None
591.9337 	EXP 	Sound probe started
592.1372 	EXP 	Sound probe stopped
592.5173 	DATA 	Keypress: space
594.8427 	EXP 	New trial (rep=118, index=0): None
597.5553 	EXP 	Sound probe started
597.7572 	EXP 	Sound probe stopped
599.6240 	EXP 	New trial (rep=119, index=0): None
599.6251 	EXP 	Sound probe started
599.8454 	EXP 	Sound probe reached end of file
603.1108 	EXP 	New trial (rep=120, index=0): None
606.1387 	EXP 	Sound probe started
606.3573 	EXP 	Sound probe reached end of file
606.9159 	DATA 	Keypress: space
608.9937 	EXP 	New trial (rep=121, index=0): None
611.8349 	EXP 	Sound probe started
612.0533 	EXP 	Sound probe reached end of file
615.8305 	EXP 	New trial (rep=122, index=0): None
618.8999 	EXP 	Sound probe started
619.1132 	EXP 	Sound probe reached end of file
619.3195 	DATA 	Keypress: space
622.3977 	EXP 	New trial (rep=123, index=0): None
625.2459 	EXP 	Sound probe started
625.4532 	EXP 	Sound probe stopped
625.8868 	DATA 	Keypress: space
627.2784 	EXP 	New trial (rep=124, index=0): None
627.2827 	EXP 	Sound probe started
627.4930 	EXP 	Sound probe reached end of file
629.4385 	EXP 	New trial (rep=125, index=0): None
632.3365 	EXP 	Sound probe started
632.5452 	EXP 	Sound probe stopped
635.6633 	EXP 	New trial (rep=126, index=0): None
638.6302 	EXP 	Sound probe started
638.8411 	EXP 	Sound probe reached end of file
639.5728 	DATA 	Keypress: space
641.5040 	EXP 	New trial (rep=127, index=0): None
644.3957 	EXP 	Sound probe started
644.6011 	EXP 	Sound probe stopped
645.4399 	DATA 	Keypress: space
648.0994 	EXP 	New trial (rep=128, index=0): None
648.1078 	EXP 	Sound probe stopped
648.1325 	EXP 	goodbye_text: autoDraw = True
666.4356 	DATA 	Keypress: space
666.4449 	EXP 	goodbye_text: autoDraw = False
666.5679 	EXP 	window1: mouseVisible = True
