11.2564 	WARNING 	User requested fullscreen with size [2560 1440], but screen is actually [3840, 2160]. Using actual size
12.9419 	EXP 	Created window1 = Window(allowGUI=False, allowStencil=False, autoLog=True, backendConf=UNKNOWN, bitsMode=UNKNOWN, blendMode='avg', bpc=(8, 8, 8), color=array([ 0.6078, -0.2784, -0.2784]), colorSpace='rgb', depthBits=8, fullscr=<method-wrapper '__getattribute__' of attributeSetter object at 0x000002D6C725BB20>, gamma=None, gammaErrorPolicy='raise', lms=UNKNOWN, monitor=<psychopy.monitors.calibTools.Monitor object at 0x000002D6C8F06070>, multiSample=False, name='window1', numSamples=2, pos=(0, 0), screen=0, size=array([3840, 2160]), stencilBits=0, stereo=False, units='height', useFBO=True, useRetina=False, viewOri=0.0, viewPos=None, viewScale=None, waitBlanking=True, winType='pyglet')
12.9423 	EXP 	window1: mouseVisible = True
12.9423 	EXP 	window1: Attempting to measure frame rate of screen (0) ...
12.9423 	EXP 	window1: recordFrameIntervals = False
13.2568 	EXP 	window1: recordFrameIntervals = True
13.5723 	WARNING 	t of last frame was 46.68ms (=1/21)
13.9739 	WARNING 	t of last frame was 46.02ms (=1/21)
14.3755 	WARNING 	t of last frame was 48.87ms (=1/20)
15.3745 	WARNING 	t of last frame was 46.70ms (=1/21)
15.5098 	WARNING 	Multiple dropped frames have occurred - I'll stop bothering you about them!
16.3633 	WARNING 	Couldn't measure a consistent frame rate!
  - Is your graphics card set to sync to vertical blank?
  - Are you running other processes on your computer?

18.9311 	EXP 	window1: Attempting to measure frame rate of screen (0) ...
18.9312 	EXP 	window1: recordFrameIntervals = False
19.1970 	EXP 	window1: recordFrameIntervals = True
22.2609 	WARNING 	Couldn't measure a consistent frame rate!
  - Is your graphics card set to sync to vertical blank?
  - Are you running other processes on your computer?

22.3536 	EXP 	Created instructions = TextStim(__class__=<class 'psychopy.visual.text.TextStim'>, alignHoriz=method-wrapper(...), alignText='center', alignVert=method-wrapper(...), anchorHoriz='center', anchorVert='center', antialias=True, autoLog=True, bold=False, color=array([1., 1., 1.]), colorSpace='rgb', contrast=1.0, depth=-2.0, flipHoriz=False, flipVert=False, font='Open Sans', fontFiles=[], height=0.03, italic=False, languageStyle='LTR', name='instructions', opacity=1, ori=0.0, pos=array([0., 0.]), rgb=UNKNOWN, text=str(...), units='height', win=Window(...), wrapWidth=1)
22.3554 	EXP 	Created blank_text = TextStim(__class__=<class 'psychopy.visual.text.TextStim'>, alignHoriz=method-wrapper(...), alignText='center', alignVert=method-wrapper(...), anchorHoriz='center', anchorVert='center', antialias=True, autoLog=True, bold=False, color=array([1., 1., 1.]), colorSpace='rgb', contrast=1.0, depth=0.0, flipHoriz=False, flipVert=False, font='Open Sans', fontFiles=[], height=0.05, italic=False, languageStyle='LTR', name='blank_text', opacity=1, ori=0.0, pos=array([0., 0.]), rgb=UNKNOWN, text='', units='height', win=Window(...), wrapWidth=1)
22.3581 	EXP 	Created fixation_cross = ShapeStim(__class__=<class 'psychopy.visual.shape.ShapeStim'>, anchor=('center', 'center'), autoDraw=False, autoLog=True, closeShape=True, color=method-wrapper(...), colorSpace='rgb', contrast=None, depth=-3.0, fillColor=array([1, 1, 1]), fillColorSpace='rgb', fillRGB=array([1, 1, 1]), interpolate=True, lineColor=array([1., 1., 1.]), lineColorSpace='rgb', lineRGB=array([1, 1, 1]), lineWidth=1.0, name='fixation_cross', opacity=1, ori=0.0, pos=array([0., 0.]), size=array([0.15, 0.15]), units='height', vertices=ndarray(...), win=Window(...), windingRule=None)
22.3592 	EXP 	Created text = TextStim(__class__=<class 'psychopy.visual.text.TextStim'>, alignHoriz=method-wrapper(...), alignText='center', alignVert=method-wrapper(...), anchorHoriz='center', anchorVert='center', antialias=True, autoLog=True, bold=False, color=array([1., 1., 1.]), colorSpace='rgb', contrast=1.0, depth=-2.0, flipHoriz=False, flipVert=False, font='Open Sans', fontFiles=[], height=0.05, italic=False, languageStyle='LTR', name='text', opacity=1, ori=0.0, pos=array([0., 0.]), rgb=UNKNOWN, text='', units='height', win=Window(...), wrapWidth=1)
22.4188 	EXP 	Sound probe set volume 1.000
22.4205 	EXP 	Created text_2 = TextStim(__class__=<class 'psychopy.visual.text.TextStim'>, alignHoriz=method-wrapper(...), alignText='center', alignVert=method-wrapper(...), anchorHoriz='center', anchorVert='center', antialias=True, autoLog=True, bold=False, color=array([1., 1., 1.]), colorSpace='rgb', contrast=1.0, depth=-4.0, flipHoriz=False, flipVert=False, font='Open Sans', fontFiles=[], height=0.05, italic=False, languageStyle='LTR', name='text_2', opacity=1, ori=0.0, pos=array([0., 0.]), rgb=UNKNOWN, text='', units='height', win=Window(...), wrapWidth=1)
22.4359 	EXP 	Created break_txt = TextStim(__class__=<class 'psychopy.visual.text.TextStim'>, alignHoriz=method-wrapper(...), alignText='center', alignVert=method-wrapper(...), anchorHoriz='center', anchorVert='center', antialias=True, autoLog=True, bold=False, color=array([1., 1., 1.]), colorSpace='rgb', contrast=1.0, depth=0.0, flipHoriz=False, flipVert=False, font='Open Sans', fontFiles=[], height=0.04, italic=False, languageStyle='LTR', name='break_txt', opacity=1, ori=0.0, pos=array([0., 0.]), rgb=UNKNOWN, text=str(...), units='height', win=Window(...), wrapWidth=1)
22.4374 	EXP 	Created blank_text = TextStim(__class__=<class 'psychopy.visual.text.TextStim'>, alignHoriz=method-wrapper(...), alignText='center', alignVert=method-wrapper(...), anchorHoriz='center', anchorVert='center', antialias=True, autoLog=True, bold=False, color=array([1., 1., 1.]), colorSpace='rgb', contrast=1.0, depth=0.0, flipHoriz=False, flipVert=False, font='Open Sans', fontFiles=[], height=0.05, italic=False, languageStyle='LTR', name='blank_text', opacity=1, ori=0.0, pos=array([0., 0.]), rgb=UNKNOWN, text='', units='height', win=Window(...), wrapWidth=1)
22.4611 	EXP 	Created end_txt = TextStim(__class__=<class 'psychopy.visual.text.TextStim'>, alignHoriz=method-wrapper(...), alignText='center', alignVert=method-wrapper(...), anchorHoriz='center', anchorVert='center', antialias=True, autoLog=True, bold=False, color=array([1., 1., 1.]), colorSpace='rgb', contrast=1.0, depth=0.0, flipHoriz=False, flipVert=False, font='Open Sans', fontFiles=[], height=0.05, italic=False, languageStyle='LTR', name='end_txt', opacity=1, ori=0.0, pos=array([0., 0.]), rgb=UNKNOWN, text=str(...), units='height', win=Window(...), wrapWidth=1)
22.4800 	EXP 	instructions: autoDraw = True
62.5292 	DATA 	Keypress: space
62.5606 	EXP 	instructions: autoDraw = False
62.5606 	EXP 	blank_text: autoDraw = True
63.5288 	EXP 	Created sequence: fullRandom, trialTypes=1, nReps=999, seed=None
63.5312 	EXP 	New trial (rep=0, index=0): None
64.6620 	EXP 	blank_text: autoDraw = False
64.6620 	EXP 	text: height = 0.05
64.6620 	EXP 	text: height = 0.05
64.6620 	EXP 	text: text = 'HAUTEUR'
64.6620 	EXP 	text: autoDraw = True
65.6493 	EXP 	Created sequence: sequential, trialTypes=1, nReps=11, seed=None
65.6498 	EXP 	New trial (rep=0, index=0): None
65.6560 	EXP 	Sound probe started
65.6749 	EXP 	text: autoDraw = False
65.6749 	EXP 	text: autoDraw = False
65.8697 	EXP 	Sound probe reached end of file
65.8701 	EXP 	window1: recordFrameIntervals = False
65.9002 	EXP 	text_2: autoDraw = True
65.9012 	EXP 	window1: recordFrameIntervals = True
67.5030 	EXP 	New trial (rep=1, index=0): None
67.5041 	EXP 	Sound probe started
67.5287 	EXP 	text_2: autoDraw = False
67.5287 	EXP 	text_2: autoDraw = False
67.7178 	EXP 	Sound probe reached end of file
67.7198 	EXP 	window1: recordFrameIntervals = False
67.7470 	EXP 	text_2: autoDraw = True
67.7482 	EXP 	window1: recordFrameIntervals = True
70.2946 	EXP 	New trial (rep=2, index=0): None
70.2958 	EXP 	Sound probe started
70.3166 	EXP 	text_2: autoDraw = False
70.3166 	EXP 	text_2: autoDraw = False
70.5098 	EXP 	Sound probe reached end of file
70.5103 	EXP 	window1: recordFrameIntervals = False
70.5385 	EXP 	text_2: autoDraw = True
70.5399 	EXP 	window1: recordFrameIntervals = True
72.7235 	EXP 	New trial (rep=3, index=0): None
72.7275 	EXP 	Sound probe started
72.7496 	EXP 	text_2: autoDraw = False
72.7496 	EXP 	text_2: autoDraw = False
72.9456 	EXP 	Sound probe reached end of file
72.9478 	EXP 	window1: recordFrameIntervals = False
72.9707 	EXP 	text_2: autoDraw = True
72.9720 	EXP 	window1: recordFrameIntervals = True
74.4718 	EXP 	New trial (rep=4, index=0): None
74.4735 	EXP 	Sound probe started
74.4989 	EXP 	text_2: autoDraw = False
74.4989 	EXP 	text_2: autoDraw = False
74.6858 	EXP 	Sound probe reached end of file
74.6862 	EXP 	window1: recordFrameIntervals = False
74.7177 	EXP 	text_2: autoDraw = True
74.7189 	EXP 	window1: recordFrameIntervals = True
76.7530 	EXP 	New trial (rep=5, index=0): None
76.7541 	EXP 	Sound probe started
76.7753 	EXP 	text_2: autoDraw = False
76.7753 	EXP 	text_2: autoDraw = False
76.9659 	EXP 	Sound probe reached end of file
76.9681 	EXP 	window1: recordFrameIntervals = False
76.9900 	EXP 	text_2: autoDraw = True
76.9912 	EXP 	window1: recordFrameIntervals = True
78.9171 	EXP 	New trial (rep=6, index=0): None
78.9181 	EXP 	Sound probe started
78.9427 	EXP 	text_2: autoDraw = False
78.9427 	EXP 	text_2: autoDraw = False
79.1377 	EXP 	Sound probe reached end of file
79.1380 	EXP 	window1: recordFrameIntervals = False
79.1575 	EXP 	text_2: autoDraw = True
79.1587 	EXP 	window1: recordFrameIntervals = True
80.6067 	EXP 	New trial (rep=7, index=0): None
80.6075 	EXP 	Sound probe started
80.6329 	EXP 	text_2: autoDraw = False
80.6329 	EXP 	text_2: autoDraw = False
80.8257 	EXP 	Sound probe reached end of file
80.8264 	EXP 	window1: recordFrameIntervals = False
80.8526 	EXP 	text_2: autoDraw = True
80.8539 	EXP 	window1: recordFrameIntervals = True
82.6151 	EXP 	New trial (rep=8, index=0): None
82.6190 	EXP 	Sound probe started
82.6428 	EXP 	text_2: autoDraw = False
82.6428 	EXP 	text_2: autoDraw = False
82.8379 	EXP 	Sound probe reached end of file
82.8400 	EXP 	window1: recordFrameIntervals = False
82.8625 	EXP 	text_2: autoDraw = True
82.8637 	EXP 	window1: recordFrameIntervals = True
84.3055 	EXP 	New trial (rep=9, index=0): None
84.3069 	EXP 	Sound probe started
84.3315 	EXP 	text_2: autoDraw = False
84.3315 	EXP 	text_2: autoDraw = False
84.5258 	EXP 	Sound probe reached end of file
84.5280 	EXP 	window1: recordFrameIntervals = False
84.5488 	EXP 	text_2: autoDraw = True
84.5508 	EXP 	window1: recordFrameIntervals = True
86.8379 	EXP 	New trial (rep=10, index=0): None
86.8423 	EXP 	Sound probe started
86.8649 	EXP 	text_2: autoDraw = False
86.8649 	EXP 	text_2: autoDraw = False
87.0578 	EXP 	Sound probe reached end of file
87.0599 	EXP 	window1: recordFrameIntervals = False
87.0846 	EXP 	text_2: autoDraw = True
87.0881 	EXP 	window1: recordFrameIntervals = True
88.2292 	DATA 	Keypress: space
88.4787 	EXP 	text_2: autoDraw = False
88.4787 	EXP 	text_2: autoDraw = False
88.4787 	EXP 	break_txt: autoDraw = True
104.7768 	EXP 	New trial (rep=1, index=0): None
105.8113 	DATA 	Keypress: d
105.8277 	EXP 	break_txt: autoDraw = False
105.8277 	EXP 	text: height = 0.05
105.8277 	EXP 	text: height = 0.05
105.8277 	EXP 	text: text = 'RYTHME'
105.8277 	EXP 	text: autoDraw = True
106.8049 	EXP 	Created sequence: sequential, trialTypes=1, nReps=12, seed=None
106.8050 	EXP 	New trial (rep=0, index=0): None
106.8064 	EXP 	Sound probe started
106.8376 	EXP 	text: autoDraw = False
106.8376 	EXP 	text: autoDraw = False
107.0137 	EXP 	Sound probe stopped
107.0142 	EXP 	window1: recordFrameIntervals = False
107.0463 	EXP 	text_2: autoDraw = True
107.0475 	EXP 	window1: recordFrameIntervals = True
108.7876 	EXP 	New trial (rep=1, index=0): None
108.7886 	EXP 	Sound probe started
108.8092 	EXP 	text_2: autoDraw = False
108.8092 	EXP 	text_2: autoDraw = False
108.9938 	EXP 	Sound probe stopped
108.9960 	EXP 	window1: recordFrameIntervals = False
109.0234 	EXP 	text_2: autoDraw = True
109.0246 	EXP 	window1: recordFrameIntervals = True
110.7635 	EXP 	New trial (rep=2, index=0): None
110.7673 	EXP 	Sound probe started
110.7886 	EXP 	text_2: autoDraw = False
110.7886 	EXP 	text_2: autoDraw = False
110.9737 	EXP 	Sound probe stopped
110.9741 	EXP 	window1: recordFrameIntervals = False
110.9993 	EXP 	text_2: autoDraw = True
111.0003 	EXP 	window1: recordFrameIntervals = True
112.7396 	EXP 	New trial (rep=3, index=0): None
112.7407 	EXP 	Sound probe started
112.7663 	EXP 	text_2: autoDraw = False
112.7663 	EXP 	text_2: autoDraw = False
112.9535 	EXP 	Sound probe reached end of file
112.9539 	EXP 	window1: recordFrameIntervals = False
112.9811 	EXP 	text_2: autoDraw = True
112.9823 	EXP 	window1: recordFrameIntervals = True
114.7270 	EXP 	New trial (rep=4, index=0): None
114.7281 	EXP 	Sound probe started
114.7486 	EXP 	text_2: autoDraw = False
114.7486 	EXP 	text_2: autoDraw = False
114.9336 	EXP 	Sound probe stopped
114.9352 	EXP 	window1: recordFrameIntervals = False
114.9585 	EXP 	text_2: autoDraw = True
114.9600 	EXP 	window1: recordFrameIntervals = True
116.6989 	EXP 	New trial (rep=5, index=0): None
116.6999 	EXP 	Sound probe started
116.7262 	EXP 	text_2: autoDraw = False
116.7262 	EXP 	text_2: autoDraw = False
116.9137 	EXP 	Sound probe reached end of file
116.9142 	EXP 	window1: recordFrameIntervals = False
116.9350 	EXP 	text_2: autoDraw = True
116.9363 	EXP 	window1: recordFrameIntervals = True
118.6785 	EXP 	New trial (rep=6, index=0): None
118.6795 	EXP 	Sound probe started
118.7064 	EXP 	text_2: autoDraw = False
118.7064 	EXP 	text_2: autoDraw = False
118.8936 	EXP 	Sound probe reached end of file
118.8940 	EXP 	window1: recordFrameIntervals = False
118.9269 	EXP 	text_2: autoDraw = True
118.9283 	EXP 	window1: recordFrameIntervals = True
120.6598 	EXP 	New trial (rep=7, index=0): None
120.6608 	EXP 	Sound probe started
120.6850 	EXP 	text_2: autoDraw = False
120.6850 	EXP 	text_2: autoDraw = False
120.8736 	EXP 	Sound probe reached end of file
120.8754 	EXP 	window1: recordFrameIntervals = False
120.8979 	EXP 	text_2: autoDraw = True
120.8992 	EXP 	window1: recordFrameIntervals = True
122.6423 	EXP 	New trial (rep=8, index=0): None
122.6461 	EXP 	Sound probe started
122.6670 	EXP 	text_2: autoDraw = False
122.6670 	EXP 	text_2: autoDraw = False
122.8535 	EXP 	Sound probe stopped
122.8540 	EXP 	window1: recordFrameIntervals = False
122.8747 	EXP 	text_2: autoDraw = True
122.8757 	EXP 	window1: recordFrameIntervals = True
124.6194 	EXP 	New trial (rep=9, index=0): None
124.6205 	EXP 	Sound probe started
124.6453 	EXP 	text_2: autoDraw = False
124.6453 	EXP 	text_2: autoDraw = False
124.8337 	EXP 	Sound probe reached end of file
124.8340 	EXP 	window1: recordFrameIntervals = False
124.8674 	EXP 	text_2: autoDraw = True
124.8686 	EXP 	window1: recordFrameIntervals = True
126.6025 	EXP 	New trial (rep=10, index=0): None
126.6035 	EXP 	Sound probe started
126.6297 	EXP 	text_2: autoDraw = False
126.6297 	EXP 	text_2: autoDraw = False
126.8219 	EXP 	Sound probe reached end of file
126.8224 	EXP 	window1: recordFrameIntervals = False
126.8440 	EXP 	text_2: autoDraw = True
126.8453 	EXP 	window1: recordFrameIntervals = True
128.5898 	EXP 	New trial (rep=11, index=0): None
128.5906 	EXP 	Sound probe started
128.6161 	EXP 	text_2: autoDraw = False
128.6161 	EXP 	text_2: autoDraw = False
128.8018 	EXP 	Sound probe reached end of file
128.8022 	EXP 	window1: recordFrameIntervals = False
128.8355 	EXP 	text_2: autoDraw = True
128.8367 	EXP 	window1: recordFrameIntervals = True
130.5942 	EXP 	text_2: autoDraw = False
130.5942 	EXP 	text_2: autoDraw = False
130.5942 	EXP 	break_txt: autoDraw = True
133.0340 	EXP 	New trial (rep=2, index=0): None
136.4504 	DATA 	Keypress: d
136.4664 	EXP 	break_txt: autoDraw = False
136.4664 	EXP 	text: text = 'RYTHME'
136.4664 	EXP 	text: autoDraw = True
137.4551 	EXP 	Created sequence: sequential, trialTypes=1, nReps=10, seed=None
137.4552 	EXP 	New trial (rep=0, index=0): None
137.4594 	EXP 	Sound probe started
137.4869 	EXP 	text: autoDraw = False
137.4869 	EXP 	text: autoDraw = False
137.6736 	EXP 	Sound probe reached end of file
137.6740 	EXP 	window1: recordFrameIntervals = False
137.7062 	EXP 	text_2: autoDraw = True
137.7076 	EXP 	window1: recordFrameIntervals = True
139.0658 	EXP 	New trial (rep=1, index=0): None
139.0668 	EXP 	Sound probe started
139.0934 	EXP 	text_2: autoDraw = False
139.0934 	EXP 	text_2: autoDraw = False
139.2815 	EXP 	Sound probe reached end of file
139.2819 	EXP 	window1: recordFrameIntervals = False
139.3140 	EXP 	text_2: autoDraw = True
139.3155 	EXP 	window1: recordFrameIntervals = True
140.6737 	EXP 	New trial (rep=2, index=0): None
140.6746 	EXP 	Sound probe started
140.7013 	EXP 	text_2: autoDraw = False
140.7013 	EXP 	text_2: autoDraw = False
140.8938 	EXP 	Sound probe reached end of file
140.8957 	EXP 	window1: recordFrameIntervals = False
140.9130 	EXP 	text_2: autoDraw = True
140.9144 	EXP 	window1: recordFrameIntervals = True
142.2876 	EXP 	New trial (rep=3, index=0): None
142.2886 	EXP 	Sound probe started
142.3143 	EXP 	text_2: autoDraw = False
142.3143 	EXP 	text_2: autoDraw = False
142.5018 	EXP 	Sound probe reached end of file
142.5039 	EXP 	window1: recordFrameIntervals = False
142.5259 	EXP 	text_2: autoDraw = True
142.5270 	EXP 	window1: recordFrameIntervals = True
143.8961 	EXP 	New trial (rep=4, index=0): None
143.8995 	EXP 	Sound probe started
143.9226 	EXP 	text_2: autoDraw = False
143.9226 	EXP 	text_2: autoDraw = False
144.1135 	EXP 	Sound probe reached end of file
144.1150 	EXP 	window1: recordFrameIntervals = False
144.1385 	EXP 	text_2: autoDraw = True
144.1397 	EXP 	window1: recordFrameIntervals = True
145.5069 	EXP 	New trial (rep=5, index=0): None
145.5079 	EXP 	Sound probe started
145.5347 	EXP 	text_2: autoDraw = False
145.5347 	EXP 	text_2: autoDraw = False
145.7217 	EXP 	Sound probe reached end of file
145.7221 	EXP 	window1: recordFrameIntervals = False
145.7553 	EXP 	text_2: autoDraw = True
145.7565 	EXP 	window1: recordFrameIntervals = True
146.8906 	DATA 	Keypress: space
147.1131 	EXP 	New trial (rep=6, index=0): None
147.1142 	EXP 	Sound probe started
147.1408 	EXP 	text_2: autoDraw = False
147.1408 	EXP 	text_2: autoDraw = False
147.3341 	EXP 	Sound probe reached end of file
147.3352 	EXP 	window1: recordFrameIntervals = False
147.3566 	EXP 	text_2: autoDraw = True
147.3578 	EXP 	window1: recordFrameIntervals = True
148.7274 	EXP 	New trial (rep=7, index=0): None
148.7286 	EXP 	Sound probe started
148.7550 	EXP 	text_2: autoDraw = False
148.7550 	EXP 	text_2: autoDraw = False
148.9418 	EXP 	Sound probe reached end of file
148.9439 	EXP 	window1: recordFrameIntervals = False
148.9664 	EXP 	text_2: autoDraw = True
148.9676 	EXP 	window1: recordFrameIntervals = True
150.3357 	EXP 	New trial (rep=8, index=0): None
150.3385 	EXP 	Sound probe started
150.3624 	EXP 	text_2: autoDraw = False
150.3624 	EXP 	text_2: autoDraw = False
150.5497 	EXP 	Sound probe reached end of file
150.5500 	EXP 	window1: recordFrameIntervals = False
150.5705 	EXP 	text_2: autoDraw = True
150.5717 	EXP 	window1: recordFrameIntervals = True
151.9475 	EXP 	New trial (rep=9, index=0): None
151.9485 	EXP 	Sound probe started
151.9680 	EXP 	text_2: autoDraw = False
151.9680 	EXP 	text_2: autoDraw = False
152.1615 	EXP 	Sound probe reached end of file
152.1628 	EXP 	window1: recordFrameIntervals = False
152.1815 	EXP 	text_2: autoDraw = True
152.1828 	EXP 	window1: recordFrameIntervals = True
153.5804 	EXP 	text_2: autoDraw = False
153.5804 	EXP 	text_2: autoDraw = False
153.5804 	EXP 	break_txt: autoDraw = True
216.6763 	EXP 	New trial (rep=3, index=0): None
219.5943 	EXP 	window1: mouseVisible = True
