8.7751 	WARNING 	User requested fullscreen with size [2560 1440], but screen is actually [3840, 2160]. Using actual size
12.1536 	WARNING 	Couldn't measure a consistent frame rate!
  - Is your graphics card set to sync to vertical blank?
  - Are you running other processes on your computer?

12.1558 	EXP 	Created window1 = Window(allowGUI=False, allowStencil=False, autoLog=True, backendConf=UNKNOWN, bitsMode=UNKNOWN, blendMode='avg', bpc=(8, 8, 8), color=array([0, 0, 0]), colorSpace='rgb', depthBits=8, fullscr=<method-wrapper '__getattribute__' of attributeSetter object at 0x00000210BE6B6B20>, gamma=None, gammaErrorPolicy='raise', lms=UNKNOWN, monitor=<psychopy.monitors.calibTools.Monitor object at 0x00000210C0367130>, multiSample=False, name='window1', numSamples=2, pos=(0, 0), screen=0, size=array([3840, 2160]), stencilBits=0, stereo=False, units='height', useFBO=True, useRetina=False, viewOri=0.0, viewPos=None, viewScale=None, waitBlanking=True, winType='pyglet')
12.1585 	EXP 	window1: mouseVisible = True
12.1587 	EXP 	window1: Attempting to measure frame rate of screen (0) ...
12.1588 	EXP 	window1: recordFrameIntervals = False
12.3961 	EXP 	window1: recordFrameIntervals = True
12.4650 	WARNING 	t of last frame was 25.51ms (=1/39)
12.4949 	WARNING 	t of last frame was 29.95ms (=1/33)
12.5173 	WARNING 	t of last frame was 22.41ms (=1/44)
12.5657 	WARNING 	t of last frame was 32.90ms (=1/30)
12.5956 	WARNING 	Multiple dropped frames have occurred - I'll stop bothering you about them!
14.6207 	WARNING 	Couldn't measure a consistent frame rate!
  - Is your graphics card set to sync to vertical blank?
  - Are you running other processes on your computer?

16.5226 	EXP 	Created text = TextStim(__class__=<class 'psychopy.visual.text.TextStim'>, alignHoriz=method-wrapper(...), alignText='center', alignVert=method-wrapper(...), anchorHoriz='center', anchorVert='center', antialias=True, autoLog=True, bold=False, color=array([1., 1., 1.]), colorSpace='rgb', contrast=1.0, depth=-3.0, flipHoriz=False, flipVert=False, font='Open Sans', fontFiles=[], height=0.05, italic=False, languageStyle='LTR', name='text', opacity=1, ori=0.0, pos=array([0., 0.]), rgb=UNKNOWN, text=str(...), units='height', win=Window(...), wrapWidth=1)
16.5244 	EXP 	Created blank_txt = TextStim(__class__=<class 'psychopy.visual.text.TextStim'>, alignHoriz=method-wrapper(...), alignText='center', alignVert=method-wrapper(...), anchorHoriz='center', anchorVert='center', antialias=True, autoLog=True, bold=False, color=array([1., 1., 1.]), colorSpace='rgb', contrast=1.0, depth=0.0, flipHoriz=False, flipVert=False, font='Open Sans', fontFiles=[], height=0.1, italic=False, languageStyle='LTR', name='blank_txt', opacity=1, ori=0.0, pos=array([0., 0.]), rgb=UNKNOWN, text='', units='height', win=Window(...), wrapWidth=1)
16.6235 	EXP 	Sound tProbe set volume 1.000
16.6248 	EXP 	Created you_done_goofed = TextStim(__class__=<class 'psychopy.visual.text.TextStim'>, alignHoriz=method-wrapper(...), alignText='center', alignVert=method-wrapper(...), anchorHoriz='center', anchorVert='center', antialias=True, autoLog=True, bold=False, color=array([1., 1., 1.]), colorSpace='rgb', contrast=1.0, depth=-1.0, flipHoriz=False, flipVert=False, font='Open Sans', fontFiles=[], height=0.05, italic=False, languageStyle='LTR', name='you_done_goofed', opacity=1, ori=0.0, pos=array([0., 0.]), rgb=UNKNOWN, text='', units='height', win=Window(...), wrapWidth=1)
16.9296 	EXP 	Created text_2 = TextStim(__class__=<class 'psychopy.visual.text.TextStim'>, alignHoriz=method-wrapper(...), alignText='center', alignVert=method-wrapper(...), anchorHoriz='center', anchorVert='center', antialias=True, autoLog=True, bold=False, color=array([1., 1., 1.]), colorSpace='rgb', contrast=1.0, depth=-2.0, flipHoriz=False, flipVert=False, font='Open Sans', fontFiles=[], height=0.05, italic=False, languageStyle='LTR', name='text_2', opacity=1, ori=0.0, pos=array([0., 0.]), rgb=UNKNOWN, text='', units='height', win=Window(...), wrapWidth=1)
16.9308 	EXP 	Created blank_txt = TextStim(__class__=<class 'psychopy.visual.text.TextStim'>, alignHoriz=method-wrapper(...), alignText='center', alignVert=method-wrapper(...), anchorHoriz='center', anchorVert='center', antialias=True, autoLog=True, bold=False, color=array([1., 1., 1.]), colorSpace='rgb', contrast=1.0, depth=0.0, flipHoriz=False, flipVert=False, font='Open Sans', fontFiles=[], height=0.1, italic=False, languageStyle='LTR', name='blank_txt', opacity=1, ori=0.0, pos=array([0., 0.]), rgb=UNKNOWN, text='', units='height', win=Window(...), wrapWidth=1)
16.9424 	EXP 	Sound probe set volume 1.000
16.9527 	EXP 	Created goodbye_text = TextStim(__class__=<class 'psychopy.visual.text.TextStim'>, alignHoriz=method-wrapper(...), alignText='center', alignVert=method-wrapper(...), anchorHoriz='center', anchorVert='center', antialias=True, autoLog=True, bold=False, color=array([1., 1., 1.]), colorSpace='rgb', contrast=1.0, depth=0.0, flipHoriz=False, flipVert=False, font='Open Sans', fontFiles=[], height=0.05, italic=False, languageStyle='LTR', name='goodbye_text', opacity=1, ori=0.0, pos=array([0., 0.]), rgb=UNKNOWN, text=str(...), units='height', win=Window(...), wrapWidth=1)
16.9552 	EXP 	Created fixation_cross = ShapeStim(__class__=<class 'psychopy.visual.shape.ShapeStim'>, anchor=('center', 'center'), autoDraw=False, autoLog=True, closeShape=True, color=method-wrapper(...), colorSpace='rgb', contrast=None, depth=-3.0, fillColor=array([1, 1, 1]), fillColorSpace='rgb', fillRGB=array([1, 1, 1]), interpolate=True, lineColor=array([1., 1., 1.]), lineColorSpace='rgb', lineRGB=array([1, 1, 1]), lineWidth=1.0, name='fixation_cross', opacity=1, ori=0.0, pos=array([0., 0.]), size=array([0.15, 0.15]), units='height', vertices=ndarray(...), win=Window(...), windingRule=None)
16.9677 	EXP 	text: autoDraw = True
72.7315 	DATA 	Keypress: space
72.7509 	EXP 	text: autoDraw = False
72.7509 	EXP 	blank_txt: autoDraw = True
73.7329 	EXP 	Created sequence: random, trialTypes=1, nReps=3, seed=None
73.7331 	EXP 	New trial (rep=0, index=0): None
73.7632 	EXP 	blank_txt: autoDraw = False
74.7329 	EXP 	Sound tProbe started
74.9498 	EXP 	Sound tProbe reached end of file
76.3681 	DATA 	Keypress: space
76.8245 	EXP 	you_done_goofed: height = 0.05
76.8245 	EXP 	you_done_goofed: height = 0.05
76.8245 	EXP 	you_done_goofed: text = "Vous avez appuyé trop tard.\n            \n\nVeuillez essayer de répondre dans la seconde suivant le ton.\n            \n\nAppuyez sur n'importe quelle touche pour poursuivre."
76.8245 	EXP 	you_done_goofed: autoDraw = True
81.8874 	EXP 	New trial (rep=1, index=0): None
81.8902 	DATA 	Keypress: space
81.9110 	EXP 	you_done_goofed: autoDraw = False
82.8750 	EXP 	Sound tProbe started
83.0897 	EXP 	Sound tProbe reached end of file
83.3418 	DATA 	Keypress: space
84.9442 	EXP 	you_done_goofed: height = 0.05
84.9442 	EXP 	you_done_goofed: height = 0.05
84.9442 	EXP 	you_done_goofed: text = "C'est très bien! \n            \n\nAppuyez sur n'importe quelle touche pour poursuivre."
84.9442 	EXP 	you_done_goofed: autoDraw = True
86.3460 	EXP 	New trial (rep=2, index=0): None
86.3476 	DATA 	Keypress: space
86.3775 	EXP 	you_done_goofed: autoDraw = False
87.3481 	EXP 	Sound tProbe started
87.5617 	EXP 	Sound tProbe reached end of file
87.7469 	DATA 	Keypress: space
89.4471 	EXP 	you_done_goofed: text = "C'est très bien! \n            \n\nAppuyez sur n'importe quelle touche pour poursuivre."
89.4471 	EXP 	you_done_goofed: autoDraw = True
90.0738 	EXP 	Created fixation_cross = ShapeStim(__class__=<class 'psychopy.visual.shape.ShapeStim'>, anchor=('center', 'center'), autoDraw=False, autoLog=True, closeShape=True, color=method-wrapper(...), colorSpace='rgb', contrast=None, depth=-3.0, fillColor=array([1, 1, 1]), fillColorSpace='rgb', fillRGB=array([1, 1, 1]), interpolate=True, lineColor=array([1., 1., 1.]), lineColorSpace='rgb', lineRGB=array([1, 1, 1]), lineWidth=1.0, name='fixation_cross', opacity=1, ori=0.0, pos=array([0., 0.]), size=array([0.15, 0.15]), units='height', vertices=ndarray(...), win=Window(...), windingRule=None)
90.0896 	DATA 	Keypress: space
90.1015 	EXP 	you_done_goofed: autoDraw = False
90.1015 	EXP 	text_2: height = 0.05
90.1015 	EXP 	text_2: height = 0.05
90.1015 	EXP 	text_2: text = "Appuyez sur la barre d'espace dès que vous entendez un son. \n\n Les réponses enregistrées plus d'une seconde après le son ne seront pas comptabilisées. \n\n\n Appuyez sur n'importe quelle touche pour démarrer."
90.1015 	EXP 	text_2: autoDraw = True
92.0072 	DATA 	Keypress: space
92.0169 	EXP 	text_2: autoDraw = False
92.0169 	EXP 	blank_txt: autoDraw = True
93.0214 	EXP 	Created sequence: random, trialTypes=1, nReps=999, seed=None
93.0252 	EXP 	New trial (rep=0, index=0): None
93.2144 	EXP 	Sound probe started
93.2222 	EXP 	blank_txt: autoDraw = False
93.4178 	EXP 	Sound probe stopped
93.5087 	DATA 	Keypress: space
95.2710 	EXP 	New trial (rep=1, index=0): None
95.3676 	EXP 	Sound probe started
95.5845 	EXP 	Sound probe reached end of file
95.6931 	DATA 	Keypress: space
98.3050 	EXP 	New trial (rep=2, index=0): None
98.3907 	EXP 	Sound probe started
98.6099 	EXP 	Sound probe reached end of file
98.7920 	DATA 	Keypress: space
101.5462 	EXP 	New trial (rep=3, index=0): None
101.6193 	EXP 	Sound probe started
101.8298 	EXP 	Sound probe stopped
102.2672 	DATA 	Keypress: space
105.3038 	EXP 	New trial (rep=4, index=0): None
105.3092 	EXP 	Sound probe started
105.5177 	EXP 	Sound probe reached end of file
105.7860 	DATA 	Keypress: space
108.0835 	EXP 	New trial (rep=5, index=0): None
108.1610 	EXP 	Sound probe started
108.3698 	EXP 	Sound probe stopped
110.6182 	EXP 	New trial (rep=6, index=0): None
110.6926 	EXP 	Sound probe started
110.8978 	EXP 	Sound probe stopped
113.4413 	EXP 	New trial (rep=7, index=0): None
113.5183 	EXP 	Sound probe started
113.7377 	EXP 	Sound probe reached end of file
116.5784 	EXP 	New trial (rep=8, index=0): None
116.5848 	EXP 	Sound probe started
116.7988 	EXP 	Sound probe reached end of file
120.5156 	EXP 	New trial (rep=9, index=0): None
120.5973 	EXP 	Sound probe started
120.8057 	EXP 	Sound probe reached end of file
121.3786 	DATA 	Keypress: space
123.3322 	EXP 	New trial (rep=10, index=0): None
123.4008 	EXP 	Sound probe started
123.6174 	EXP 	Sound probe reached end of file
124.1478 	DATA 	Keypress: space
126.7245 	EXP 	New trial (rep=11, index=0): None
126.7940 	EXP 	Sound probe started
127.0054 	EXP 	Sound probe reached end of file
128.4730 	DATA 	Keypress: space
130.4568 	EXP 	New trial (rep=12, index=0): None
130.4625 	EXP 	Sound probe started
130.6785 	EXP 	Sound probe reached end of file
132.6275 	EXP 	New trial (rep=13, index=0): None
132.7121 	EXP 	Sound probe started
132.9254 	EXP 	Sound probe reached end of file
133.3555 	DATA 	Keypress: space
136.5434 	EXP 	New trial (rep=14, index=0): None
136.6077 	EXP 	Sound probe started
136.8178 	EXP 	Sound probe stopped
140.3077 	EXP 	New trial (rep=15, index=0): None
140.3845 	EXP 	Sound probe started
140.5977 	EXP 	Sound probe reached end of file
140.9923 	DATA 	Keypress: space
143.4100 	EXP 	New trial (rep=16, index=0): None
143.4149 	EXP 	Sound probe started
143.6336 	EXP 	Sound probe reached end of file
145.6106 	EXP 	New trial (rep=17, index=0): None
145.6865 	EXP 	Sound probe started
145.9054 	EXP 	Sound probe reached end of file
148.6136 	EXP 	New trial (rep=18, index=0): None
148.6851 	EXP 	Sound probe started
148.8937 	EXP 	Sound probe reached end of file
149.2343 	DATA 	Keypress: space
151.1855 	EXP 	New trial (rep=19, index=0): None
151.2595 	EXP 	Sound probe started
151.4736 	EXP 	Sound probe reached end of file
153.7541 	EXP 	New trial (rep=20, index=0): None
153.7591 	EXP 	Sound probe started
153.9736 	EXP 	Sound probe reached end of file
156.2887 	DATA 	Keypress: space
157.0242 	EXP 	New trial (rep=21, index=0): None
157.1046 	EXP 	Sound probe started
157.3137 	EXP 	Sound probe reached end of file
158.0331 	DATA 	Keypress: space
159.9928 	EXP 	New trial (rep=22, index=0): None
160.0647 	EXP 	Sound probe started
160.2765 	EXP 	Sound probe reached end of file
162.5621 	EXP 	New trial (rep=23, index=0): None
162.6373 	EXP 	Sound probe started
162.8536 	EXP 	Sound probe reached end of file
166.3020 	EXP 	New trial (rep=24, index=0): None
166.3074 	EXP 	Sound probe started
166.5255 	EXP 	Sound probe reached end of file
169.8683 	EXP 	New trial (rep=25, index=0): None
169.9470 	EXP 	Sound probe started
170.1616 	EXP 	Sound probe reached end of file
170.5462 	DATA 	Keypress: space
173.5985 	EXP 	New trial (rep=26, index=0): None
173.7612 	EXP 	Sound probe started
173.9738 	EXP 	Sound probe reached end of file
176.0486 	EXP 	New trial (rep=27, index=0): None
176.1199 	EXP 	Sound probe started
176.3336 	EXP 	Sound probe reached end of file
179.0046 	EXP 	New trial (rep=28, index=0): None
179.0794 	EXP 	Sound probe started
179.2943 	EXP 	Sound probe reached end of file
179.6976 	DATA 	Keypress: space
182.7236 	EXP 	New trial (rep=29, index=0): None
182.7270 	EXP 	Sound probe started
182.9415 	EXP 	Sound probe reached end of file
185.9565 	EXP 	New trial (rep=30, index=0): None
186.0264 	EXP 	Sound probe started
186.2415 	EXP 	Sound probe reached end of file
188.3357 	EXP 	New trial (rep=31, index=0): None
188.4021 	EXP 	Sound probe started
188.6215 	EXP 	Sound probe reached end of file
189.1402 	DATA 	Keypress: space
191.0974 	EXP 	New trial (rep=32, index=0): None
191.1638 	EXP 	Sound probe started
191.3819 	EXP 	Sound probe reached end of file
194.4613 	EXP 	New trial (rep=33, index=0): None
194.4662 	EXP 	Sound probe started
194.6818 	EXP 	Sound probe reached end of file
197.2777 	EXP 	New trial (rep=34, index=0): None
197.3474 	EXP 	Sound probe started
197.5614 	EXP 	Sound probe reached end of file
199.4021 	EXP 	New trial (rep=35, index=0): None
199.4774 	EXP 	Sound probe started
199.6896 	EXP 	Sound probe reached end of file
200.1229 	DATA 	Keypress: space
203.1824 	EXP 	New trial (rep=36, index=0): None
204.7595 	EXP 	Sound probe started
204.9698 	EXP 	Sound probe reached end of file
207.1809 	EXP 	New trial (rep=37, index=0): None
208.4263 	EXP 	Sound probe started
208.6417 	EXP 	Sound probe reached end of file
209.2265 	DATA 	Keypress: space
211.5366 	EXP 	New trial (rep=38, index=0): None
213.4195 	EXP 	Sound probe started
213.6306 	EXP 	Sound probe reached end of file
214.4671 	DATA 	Keypress: space
217.1900 	EXP 	New trial (rep=39, index=0): None
218.4015 	EXP 	Sound probe started
218.6215 	EXP 	Sound probe reached end of file
221.5816 	EXP 	New trial (rep=40, index=0): None
221.5854 	EXP 	Sound probe started
221.7976 	EXP 	Sound probe reached end of file
224.5579 	EXP 	New trial (rep=41, index=0): None
225.8413 	EXP 	Sound probe started
226.0375 	EXP 	Sound probe stopped
228.1955 	EXP 	New trial (rep=42, index=0): None
229.5053 	EXP 	Sound probe started
229.7175 	EXP 	Sound probe reached end of file
230.7450 	DATA 	Keypress: space
233.1157 	EXP 	New trial (rep=43, index=0): None
234.5493 	EXP 	Sound probe started
234.7697 	EXP 	Sound probe reached end of file
236.9145 	EXP 	New trial (rep=44, index=0): None
236.9155 	EXP 	Sound probe started
237.1295 	EXP 	Sound probe reached end of file
239.5179 	EXP 	New trial (rep=45, index=0): None
240.8178 	EXP 	Sound probe started
241.0376 	EXP 	Sound probe reached end of file
244.1008 	EXP 	New trial (rep=46, index=0): None
245.4420 	EXP 	Sound probe started
245.6454 	EXP 	Sound probe stopped
246.1994 	DATA 	Keypress: space
249.2544 	EXP 	New trial (rep=47, index=0): None
250.8694 	EXP 	Sound probe started
251.0858 	EXP 	Sound probe reached end of file
253.7801 	EXP 	New trial (rep=48, index=0): None
255.6068 	EXP 	Sound probe started
255.8259 	EXP 	Sound probe reached end of file
256.3743 	DATA 	Keypress: space
258.1669 	EXP 	New trial (rep=49, index=0): None
258.1679 	EXP 	Sound probe started
258.3855 	EXP 	Sound probe reached end of file
261.7993 	EXP 	New trial (rep=50, index=0): None
263.4528 	EXP 	Sound probe started
263.6657 	EXP 	Sound probe reached end of file
264.0848 	DATA 	Keypress: space
266.8028 	EXP 	New trial (rep=51, index=0): None
268.4538 	EXP 	Sound probe started
268.6658 	EXP 	Sound probe reached end of file
269.1269 	DATA 	Keypress: space
270.6955 	EXP 	New trial (rep=52, index=0): None
273.0994 	EXP 	Sound probe started
273.3137 	EXP 	Sound probe reached end of file
276.3775 	EXP 	New trial (rep=53, index=0): None
278.3986 	EXP 	Sound probe started
278.3993 	DATA 	Keypress: space
278.6135 	EXP 	Sound probe reached end of file
280.7869 	EXP 	New trial (rep=54, index=0): None
280.7900 	EXP 	Sound probe started
281.0056 	EXP 	Sound probe reached end of file
283.6525 	EXP 	New trial (rep=55, index=0): None
285.7374 	EXP 	Sound probe started
285.9535 	EXP 	Sound probe reached end of file
286.4866 	DATA 	Keypress: space
288.0064 	EXP 	New trial (rep=56, index=0): None
290.1643 	EXP 	Sound probe started
290.3736 	EXP 	Sound probe reached end of file
294.0640 	EXP 	New trial (rep=57, index=0): None
296.2442 	EXP 	Sound probe started
296.4615 	EXP 	Sound probe reached end of file
297.0618 	DATA 	Keypress: space
299.3381 	EXP 	New trial (rep=58, index=0): None
301.5249 	EXP 	Sound probe started
301.7419 	EXP 	Sound probe reached end of file
304.1899 	EXP 	New trial (rep=59, index=0): None
307.3224 	EXP 	Sound probe started
307.5414 	EXP 	Sound probe reached end of file
308.2186 	DATA 	Keypress: space
310.8817 	EXP 	New trial (rep=60, index=0): None
310.8859 	EXP 	Sound probe started
311.1013 	EXP 	Sound probe reached end of file
313.9413 	EXP 	New trial (rep=61, index=0): None
317.7276 	EXP 	Sound probe started
317.9414 	EXP 	Sound probe reached end of file
318.8186 	DATA 	Keypress: space
320.1949 	EXP 	New trial (rep=62, index=0): None
324.0436 	EXP 	Sound probe started
324.2613 	EXP 	Sound probe reached end of file
325.0803 	DATA 	Keypress: space
326.2406 	EXP 	New trial (rep=63, index=0): None
329.8802 	EXP 	Sound probe started
330.0897 	EXP 	Sound probe reached end of file
333.3732 	EXP 	New trial (rep=64, index=0): None
333.3772 	EXP 	Sound probe started
333.5891 	EXP 	Sound probe reached end of file
335.8068 	EXP 	New trial (rep=65, index=0): None
340.1792 	EXP 	Sound probe started
340.3895 	EXP 	Sound probe reached end of file
341.0269 	DATA 	Keypress: space
343.1478 	EXP 	New trial (rep=66, index=0): None
344.9572 	EXP 	Sound probe started
345.1691 	EXP 	Sound probe reached end of file
348.6789 	EXP 	New trial (rep=67, index=0): None
350.4208 	EXP 	Sound probe started
350.6377 	EXP 	Sound probe reached end of file
351.0774 	DATA 	Keypress: space
352.6279 	EXP 	New trial (rep=68, index=0): None
354.4091 	EXP 	Sound probe started
354.6177 	EXP 	Sound probe reached end of file
355.1238 	DATA 	Keypress: space
357.9357 	EXP 	New trial (rep=69, index=0): None
357.9399 	EXP 	Sound probe started
358.1575 	EXP 	Sound probe reached end of file
360.0366 	EXP 	New trial (rep=70, index=0): None
361.8036 	EXP 	Sound probe started
362.0174 	EXP 	Sound probe reached end of file
362.5206 	DATA 	Keypress: space
364.4058 	EXP 	New trial (rep=71, index=0): None
366.3268 	EXP 	Sound probe started
366.5375 	EXP 	Sound probe reached end of file
366.9284 	DATA 	Keypress: space
370.1679 	EXP 	New trial (rep=72, index=0): None
372.2633 	EXP 	Sound probe started
372.4772 	EXP 	Sound probe reached end of file
373.1938 	DATA 	Keypress: space
375.2160 	EXP 	New trial (rep=73, index=0): None
377.1878 	EXP 	Sound probe started
377.4056 	EXP 	Sound probe reached end of file
377.7589 	DATA 	Keypress: space
380.8539 	EXP 	New trial (rep=74, index=0): None
382.8324 	EXP 	Sound probe started
383.0455 	EXP 	Sound probe reached end of file
385.2590 	EXP 	New trial (rep=75, index=0): None
385.2621 	EXP 	Sound probe started
385.4771 	EXP 	Sound probe reached end of file
388.8556 	EXP 	New trial (rep=76, index=0): None
391.0227 	EXP 	Sound probe started
391.2375 	EXP 	Sound probe reached end of file
393.0879 	EXP 	New trial (rep=77, index=0): None
396.0380 	EXP 	Sound probe started
396.2571 	EXP 	Sound probe reached end of file
396.6425 	DATA 	Keypress: space
398.9732 	EXP 	New trial (rep=78, index=0): None
401.1091 	EXP 	Sound probe started
401.3255 	EXP 	Sound probe reached end of file
403.9477 	EXP 	New trial (rep=79, index=0): None
406.0841 	EXP 	Sound probe started
406.2934 	EXP 	Sound probe reached end of file
408.2028 	EXP 	New trial (rep=80, index=0): None
408.2071 	EXP 	Sound probe started
408.4254 	EXP 	Sound probe reached end of file
410.7045 	EXP 	New trial (rep=81, index=0): None
413.1443 	EXP 	Sound probe started
413.3643 	EXP 	Sound probe reached end of file
414.0080 	DATA 	Keypress: space
417.0685 	EXP 	New trial (rep=82, index=0): None
419.6473 	EXP 	Sound probe started
419.8651 	EXP 	Sound probe reached end of file
420.4341 	DATA 	Keypress: space
422.9474 	EXP 	New trial (rep=83, index=0): None
425.3634 	EXP 	Sound probe started
425.5812 	EXP 	Sound probe reached end of file
427.1062 	DATA 	Keypress: space
427.6555 	EXP 	New trial (rep=84, index=0): None
430.2478 	EXP 	Sound probe started
430.4614 	EXP 	Sound probe reached end of file
430.9147 	DATA 	Keypress: space
433.5011 	EXP 	New trial (rep=85, index=0): None
433.5039 	EXP 	Sound probe started
433.7213 	EXP 	Sound probe reached end of file
436.9366 	EXP 	New trial (rep=86, index=0): None
439.4819 	EXP 	Sound probe started
439.7012 	EXP 	Sound probe reached end of file
442.2752 	EXP 	New trial (rep=87, index=0): None
444.7483 	EXP 	Sound probe started
444.9612 	EXP 	Sound probe reached end of file
445.3966 	DATA 	Keypress: space
447.3485 	EXP 	New trial (rep=88, index=0): None
450.0068 	EXP 	Sound probe started
450.2213 	EXP 	Sound probe reached end of file
453.5730 	EXP 	New trial (rep=89, index=0): None
453.5741 	EXP 	Sound probe started
453.7892 	EXP 	Sound probe reached end of file
456.8228 	EXP 	New trial (rep=90, index=0): None
459.6694 	EXP 	Sound probe started
459.8894 	EXP 	Sound probe reached end of file
462.1140 	EXP 	New trial (rep=91, index=0): None
465.3590 	EXP 	Sound probe started
465.3597 	DATA 	Keypress: space
465.5691 	EXP 	Sound probe reached end of file
468.1711 	EXP 	New trial (rep=92, index=0): None
470.9364 	EXP 	Sound probe started
471.1492 	EXP 	Sound probe reached end of file
471.6216 	DATA 	Keypress: space
474.0784 	EXP 	New trial (rep=93, index=0): None
476.8524 	EXP 	Sound probe started
477.0692 	EXP 	Sound probe reached end of file
478.9453 	EXP 	New trial (rep=94, index=0): None
478.9493 	EXP 	Sound probe started
479.1573 	EXP 	Sound probe reached end of file
482.7831 	EXP 	New trial (rep=95, index=0): None
485.5624 	EXP 	Sound probe started
485.7772 	EXP 	Sound probe reached end of file
486.8071 	DATA 	Keypress: space
489.4255 	EXP 	New trial (rep=96, index=0): None
493.1508 	EXP 	Sound probe started
493.3574 	EXP 	Sound probe stopped
493.8444 	DATA 	Keypress: space
495.8650 	EXP 	New trial (rep=97, index=0): None
499.6345 	EXP 	Sound probe started
499.8453 	EXP 	Sound probe reached end of file
500.2175 	DATA 	Keypress: space
502.8153 	EXP 	New trial (rep=98, index=0): None
506.6062 	EXP 	Sound probe started
506.8172 	EXP 	Sound probe stopped
507.2251 	DATA 	Keypress: space
510.1113 	EXP 	New trial (rep=99, index=0): None
510.1147 	EXP 	Sound probe started
510.3253 	EXP 	Sound probe reached end of file
513.7394 	EXP 	New trial (rep=100, index=0): None
518.2015 	EXP 	Sound probe started
518.4172 	EXP 	Sound probe reached end of file
518.9155 	DATA 	Keypress: space
521.4924 	EXP 	New trial (rep=101, index=0): None
526.0512 	EXP 	Sound probe started
526.2653 	EXP 	Sound probe reached end of file
526.8540 	DATA 	Keypress: space
529.8660 	EXP 	New trial (rep=102, index=0): None
533.5043 	EXP 	Sound probe started
533.7174 	EXP 	Sound probe reached end of file
534.1305 	DATA 	Keypress: space
537.1774 	EXP 	New trial (rep=103, index=0): None
540.5819 	EXP 	Sound probe started
540.7931 	EXP 	Sound probe reached end of file
543.9301 	EXP 	New trial (rep=104, index=0): None
547.1324 	EXP 	Sound probe started
547.3451 	EXP 	Sound probe reached end of file
550.7182 	EXP 	New trial (rep=105, index=0): None
550.7217 	EXP 	Sound probe started
550.9412 	EXP 	Sound probe reached end of file
552.7809 	EXP 	New trial (rep=106, index=0): None
556.0316 	EXP 	Sound probe started
556.2409 	EXP 	Sound probe reached end of file
559.3242 	EXP 	New trial (rep=107, index=0): None
562.5713 	EXP 	Sound probe started
562.7812 	EXP 	Sound probe reached end of file
563.1517 	DATA 	Keypress: space
566.2052 	EXP 	New trial (rep=108, index=0): None
569.5226 	EXP 	Sound probe started
569.7414 	EXP 	Sound probe reached end of file
570.6518 	DATA 	Keypress: space
573.0080 	EXP 	New trial (rep=109, index=0): None
577.1487 	EXP 	Sound probe started
577.3612 	EXP 	Sound probe reached end of file
577.7220 	DATA 	Keypress: space
579.9894 	EXP 	New trial (rep=110, index=0): None
579.9918 	EXP 	Sound probe started
580.2091 	EXP 	Sound probe reached end of file
582.6189 	EXP 	New trial (rep=111, index=0): None
585.7978 	EXP 	Sound probe started
586.0093 	EXP 	Sound probe reached end of file
588.1542 	EXP 	New trial (rep=112, index=0): None
591.8894 	EXP 	Sound probe started
592.1097 	EXP 	Sound probe reached end of file
592.5018 	DATA 	Keypress: space
593.9440 	EXP 	New trial (rep=113, index=0): None
597.3283 	EXP 	Sound probe started
597.5413 	EXP 	Sound probe reached end of file
600.7345 	EXP 	New trial (rep=114, index=0): None
600.7373 	EXP 	Sound probe started
600.9571 	EXP 	Sound probe reached end of file
602.9362 	EXP 	New trial (rep=115, index=0): None
606.4362 	EXP 	Sound probe started
606.6493 	EXP 	Sound probe reached end of file
608.0306 	DATA 	Keypress: space
608.5804 	EXP 	New trial (rep=116, index=0): None
613.2718 	EXP 	Sound probe started
613.4770 	EXP 	Sound probe stopped
613.9978 	DATA 	Keypress: space
616.2676 	EXP 	New trial (rep=117, index=0): None
621.7132 	EXP 	Sound probe started
621.9172 	EXP 	Sound probe stopped
622.6339 	DATA 	Keypress: space
625.1299 	EXP 	New trial (rep=118, index=0): None
625.1308 	EXP 	Sound probe started
625.3449 	EXP 	Sound probe reached end of file
627.2645 	EXP 	New trial (rep=119, index=0): None
632.4823 	EXP 	Sound probe started
632.4831 	DATA 	Keypress: space
632.6970 	EXP 	Sound probe reached end of file
634.7730 	EXP 	New trial (rep=120, index=0): None
639.7638 	EXP 	Sound probe started
639.9768 	EXP 	Sound probe reached end of file
640.4294 	DATA 	Keypress: space
643.4501 	EXP 	New trial (rep=121, index=0): None
648.7598 	EXP 	Sound probe started
648.9770 	EXP 	Sound probe reached end of file
649.3718 	DATA 	Keypress: space
650.9901 	EXP 	New trial (rep=122, index=0): None
655.5036 	EXP 	Sound probe started
655.7131 	EXP 	Sound probe reached end of file
656.1147 	DATA 	Keypress: space
657.9214 	EXP 	New trial (rep=123, index=0): None
662.9537 	EXP 	Sound probe started
663.1732 	EXP 	Sound probe reached end of file
666.2062 	EXP 	New trial (rep=124, index=0): None
666.2096 	EXP 	Sound probe started
666.4247 	EXP 	Sound probe reached end of file
669.7383 	EXP 	New trial (rep=125, index=0): None
674.4219 	EXP 	Sound probe started
674.6330 	EXP 	Sound probe reached end of file
675.0562 	DATA 	Keypress: space
676.5250 	EXP 	New trial (rep=126, index=0): None
681.2222 	EXP 	Sound probe started
681.4408 	EXP 	Sound probe reached end of file
681.9735 	DATA 	Keypress: space
685.0611 	EXP 	New trial (rep=127, index=0): None
685.0649 	EXP 	Sound probe stopped
685.0914 	EXP 	goodbye_text: autoDraw = True
698.0461 	DATA 	Keypress: escape
698.0719 	EXP 	goodbye_text: autoDraw = False
698.2146 	EXP 	window1: mouseVisible = True
