40.4595 	WARNING 	User requested fullscreen with size [2560 1440], but screen is actually [3840, 2160]. Using actual size
43.5433 	WARNING 	Couldn't measure a consistent frame rate!
  - Is your graphics card set to sync to vertical blank?
  - Are you running other processes on your computer?

43.5436 	EXP 	Created window1 = Window(allowGUI=False, allowStencil=False, autoLog=True, backendConf=UNKNOWN, bitsMode=UNKNOWN, blendMode='avg', bpc=(8, 8, 8), color=array([0, 0, 0]), colorSpace='rgb', depthBits=8, fullscr=<method-wrapper '__getattribute__' of attributeSetter object at 0x000002380D2B7B20>, gamma=None, gammaErrorPolicy='raise', lms=UNKNOWN, monitor=<psychopy.monitors.calibTools.Monitor object at 0x000002380EF66100>, multiSample=False, name='window1', numSamples=2, pos=(0, 0), screen=0, size=array([3840, 2160]), stencilBits=0, stereo=False, units='height', useFBO=True, useRetina=False, viewOri=0.0, viewPos=None, viewScale=None, waitBlanking=True, winType='pyglet')
43.5439 	EXP 	window1: mouseVisible = True
43.5440 	EXP 	window1: Attempting to measure frame rate of screen (0) ...
43.5440 	EXP 	window1: recordFrameIntervals = False
43.7254 	EXP 	window1: recordFrameIntervals = True
43.7743 	WARNING 	t of last frame was 29.29ms (=1/34)
43.8099 	WARNING 	t of last frame was 25.46ms (=1/39)
43.8778 	WARNING 	t of last frame was 20.07ms (=1/49)
43.9457 	WARNING 	t of last frame was 32.88ms (=1/30)
44.0117 	WARNING 	Multiple dropped frames have occurred - I'll stop bothering you about them!
45.6958 	WARNING 	Couldn't measure a consistent frame rate!
  - Is your graphics card set to sync to vertical blank?
  - Are you running other processes on your computer?

48.6937 	EXP 	Created text = TextStim(__class__=<class 'psychopy.visual.text.TextStim'>, alignHoriz=method-wrapper(...), alignText='center', alignVert=method-wrapper(...), anchorHoriz='center', anchorVert='center', antialias=True, autoLog=True, bold=False, color=array([1., 1., 1.]), colorSpace='rgb', contrast=1.0, depth=-3.0, flipHoriz=False, flipVert=False, font='Open Sans', fontFiles=[], height=0.05, italic=False, languageStyle='LTR', name='text', opacity=1, ori=0.0, pos=array([0., 0.]), rgb=UNKNOWN, text=str(...), units='height', win=Window(...), wrapWidth=1)
48.6955 	EXP 	Created blank_txt = TextStim(__class__=<class 'psychopy.visual.text.TextStim'>, alignHoriz=method-wrapper(...), alignText='center', alignVert=method-wrapper(...), anchorHoriz='center', anchorVert='center', antialias=True, autoLog=True, bold=False, color=array([1., 1., 1.]), colorSpace='rgb', contrast=1.0, depth=0.0, flipHoriz=False, flipVert=False, font='Open Sans', fontFiles=[], height=0.1, italic=False, languageStyle='LTR', name='blank_txt', opacity=1, ori=0.0, pos=array([0., 0.]), rgb=UNKNOWN, text='', units='height', win=Window(...), wrapWidth=1)
48.7496 	EXP 	Sound tProbe set volume 1.000
48.7509 	EXP 	Created you_done_goofed = TextStim(__class__=<class 'psychopy.visual.text.TextStim'>, alignHoriz=method-wrapper(...), alignText='center', alignVert=method-wrapper(...), anchorHoriz='center', anchorVert='center', antialias=True, autoLog=True, bold=False, color=array([1., 1., 1.]), colorSpace='rgb', contrast=1.0, depth=-1.0, flipHoriz=False, flipVert=False, font='Open Sans', fontFiles=[], height=0.05, italic=False, languageStyle='LTR', name='you_done_goofed', opacity=1, ori=0.0, pos=array([0., 0.]), rgb=UNKNOWN, text='', units='height', win=Window(...), wrapWidth=1)
49.0680 	EXP 	Created text_2 = TextStim(__class__=<class 'psychopy.visual.text.TextStim'>, alignHoriz=method-wrapper(...), alignText='center', alignVert=method-wrapper(...), anchorHoriz='center', anchorVert='center', antialias=True, autoLog=True, bold=False, color=array([1., 1., 1.]), colorSpace='rgb', contrast=1.0, depth=-2.0, flipHoriz=False, flipVert=False, font='Open Sans', fontFiles=[], height=0.05, italic=False, languageStyle='LTR', name='text_2', opacity=1, ori=0.0, pos=array([0., 0.]), rgb=UNKNOWN, text='', units='height', win=Window(...), wrapWidth=1)
49.0692 	EXP 	Created blank_txt = TextStim(__class__=<class 'psychopy.visual.text.TextStim'>, alignHoriz=method-wrapper(...), alignText='center', alignVert=method-wrapper(...), anchorHoriz='center', anchorVert='center', antialias=True, autoLog=True, bold=False, color=array([1., 1., 1.]), colorSpace='rgb', contrast=1.0, depth=0.0, flipHoriz=False, flipVert=False, font='Open Sans', fontFiles=[], height=0.1, italic=False, languageStyle='LTR', name='blank_txt', opacity=1, ori=0.0, pos=array([0., 0.]), rgb=UNKNOWN, text='', units='height', win=Window(...), wrapWidth=1)
49.0869 	EXP 	Sound probe set volume 1.000
49.0981 	EXP 	Created goodbye_text = TextStim(__class__=<class 'psychopy.visual.text.TextStim'>, alignHoriz=method-wrapper(...), alignText='center', alignVert=method-wrapper(...), anchorHoriz='center', anchorVert='center', antialias=True, autoLog=True, bold=False, color=array([1., 1., 1.]), colorSpace='rgb', contrast=1.0, depth=0.0, flipHoriz=False, flipVert=False, font='Open Sans', fontFiles=[], height=0.05, italic=False, languageStyle='LTR', name='goodbye_text', opacity=1, ori=0.0, pos=array([0., 0.]), rgb=UNKNOWN, text=str(...), units='height', win=Window(...), wrapWidth=1)
49.1034 	EXP 	Created fixation_cross = ShapeStim(__class__=<class 'psychopy.visual.shape.ShapeStim'>, anchor=('center', 'center'), autoDraw=False, autoLog=True, closeShape=True, color=method-wrapper(...), colorSpace='rgb', contrast=None, depth=-3.0, fillColor=array([1, 1, 1]), fillColorSpace='rgb', fillRGB=array([1, 1, 1]), interpolate=True, lineColor=array([1., 1., 1.]), lineColorSpace='rgb', lineRGB=array([1, 1, 1]), lineWidth=1.0, name='fixation_cross', opacity=1, ori=0.0, pos=array([0., 0.]), size=array([0.15, 0.15]), units='height', vertices=ndarray(...), win=Window(...), windingRule=None)
49.1171 	EXP 	text: autoDraw = True
118.2099 	DATA 	Keypress: space
118.2543 	EXP 	text: autoDraw = False
118.2543 	EXP 	blank_txt: autoDraw = True
119.2659 	EXP 	Created sequence: random, trialTypes=1, nReps=3, seed=None
119.2668 	EXP 	New trial (rep=0, index=0): None
119.2809 	EXP 	blank_txt: autoDraw = False
120.2771 	EXP 	Sound tProbe started
120.4868 	EXP 	Sound tProbe reached end of file
120.9165 	DATA 	Keypress: space
122.3451 	EXP 	you_done_goofed: height = 0.05
122.3451 	EXP 	you_done_goofed: height = 0.05
122.3451 	EXP 	you_done_goofed: text = "C'est très bien! \n            \n\nAppuyez sur n'importe quelle touche pour poursuivre."
122.3451 	EXP 	you_done_goofed: autoDraw = True
125.0451 	EXP 	New trial (rep=1, index=0): None
125.0467 	DATA 	Keypress: space
125.0663 	EXP 	you_done_goofed: autoDraw = False
126.0302 	EXP 	Sound tProbe started
126.2464 	EXP 	Sound tProbe reached end of file
126.4668 	DATA 	Keypress: space
128.0862 	EXP 	you_done_goofed: text = "C'est très bien! \n            \n\nAppuyez sur n'importe quelle touche pour poursuivre."
128.0862 	EXP 	you_done_goofed: autoDraw = True
129.3165 	EXP 	New trial (rep=2, index=0): None
129.3180 	DATA 	Keypress: space
129.3275 	EXP 	you_done_goofed: autoDraw = False
130.3074 	EXP 	Sound tProbe started
130.5266 	EXP 	Sound tProbe reached end of file
130.8592 	DATA 	Keypress: space
132.3753 	EXP 	you_done_goofed: text = "C'est très bien! \n            \n\nAppuyez sur n'importe quelle touche pour poursuivre."
132.3753 	EXP 	you_done_goofed: autoDraw = True
134.9342 	EXP 	Created fixation_cross = ShapeStim(__class__=<class 'psychopy.visual.shape.ShapeStim'>, anchor=('center', 'center'), autoDraw=False, autoLog=True, closeShape=True, color=method-wrapper(...), colorSpace='rgb', contrast=None, depth=-3.0, fillColor=array([1, 1, 1]), fillColorSpace='rgb', fillRGB=array([1, 1, 1]), interpolate=True, lineColor=array([1., 1., 1.]), lineColorSpace='rgb', lineRGB=array([1, 1, 1]), lineWidth=1.0, name='fixation_cross', opacity=1, ori=0.0, pos=array([0., 0.]), size=array([0.15, 0.15]), units='height', vertices=ndarray(...), win=Window(...), windingRule=None)
134.9549 	DATA 	Keypress: space
134.9657 	EXP 	you_done_goofed: autoDraw = False
134.9657 	EXP 	text_2: height = 0.05
134.9657 	EXP 	text_2: height = 0.05
134.9657 	EXP 	text_2: text = "Appuyez sur la barre d'espace dès que vous entendez un son. \n\n Les réponses enregistrées plus d'une seconde après le son ne seront pas comptabilisées. \n\n\n Appuyez sur n'importe quelle touche pour démarrer."
134.9657 	EXP 	text_2: autoDraw = True
139.5348 	DATA 	Keypress: space
139.5441 	EXP 	text_2: autoDraw = False
139.5441 	EXP 	blank_txt: autoDraw = True
140.5346 	EXP 	Created sequence: random, trialTypes=1, nReps=999, seed=None
140.5369 	EXP 	New trial (rep=0, index=0): None
140.6156 	EXP 	Sound probe started
140.6234 	EXP 	blank_txt: autoDraw = False
140.6234 	EXP 	blank_txt: autoDraw = False
140.8347 	EXP 	Sound probe reached end of file
141.0167 	DATA 	Keypress: space
144.2500 	EXP 	New trial (rep=1, index=0): None
144.5910 	EXP 	Sound probe started
144.6194 	DATA 	Keypress: space
144.8067 	EXP 	Sound probe reached end of file
147.9764 	EXP 	New trial (rep=2, index=0): None
148.0488 	EXP 	Sound probe started
148.2666 	EXP 	Sound probe reached end of file
148.3788 	DATA 	Keypress: space
150.0953 	EXP 	New trial (rep=3, index=0): None
150.1655 	EXP 	Sound probe started
150.3827 	EXP 	Sound probe reached end of file
153.6001 	EXP 	New trial (rep=4, index=0): None
153.6766 	EXP 	Sound probe started
153.8945 	EXP 	Sound probe reached end of file
154.3759 	DATA 	Keypress: space
156.0018 	EXP 	New trial (rep=5, index=0): None
156.0729 	EXP 	Sound probe started
156.2828 	EXP 	Sound probe reached end of file
159.8203 	EXP 	New trial (rep=6, index=0): None
159.8221 	EXP 	Sound probe started
160.0346 	EXP 	Sound probe reached end of file
162.8059 	EXP 	New trial (rep=7, index=0): None
162.8787 	EXP 	Sound probe started
163.0947 	EXP 	Sound probe reached end of file
163.3184 	DATA 	Keypress: space
166.8799 	EXP 	New trial (rep=8, index=0): None
166.9562 	EXP 	Sound probe started
167.1744 	EXP 	Sound probe reached end of file
170.6813 	EXP 	New trial (rep=9, index=0): None
170.7515 	EXP 	Sound probe started
170.9625 	EXP 	Sound probe reached end of file
171.1709 	DATA 	Keypress: space
174.6970 	EXP 	New trial (rep=10, index=0): None
174.7640 	EXP 	Sound probe started
174.9824 	EXP 	Sound probe reached end of file
178.4222 	EXP 	New trial (rep=11, index=0): None
178.5047 	EXP 	Sound probe started
178.7228 	EXP 	Sound probe reached end of file
178.8891 	DATA 	Keypress: space
182.3964 	EXP 	New trial (rep=12, index=0): None
182.4724 	EXP 	Sound probe started
182.6904 	EXP 	Sound probe reached end of file
183.1198 	DATA 	Keypress: space
186.1319 	EXP 	New trial (rep=13, index=0): None
186.2051 	EXP 	Sound probe started
186.4225 	EXP 	Sound probe reached end of file
186.6167 	DATA 	Keypress: space
189.7021 	EXP 	New trial (rep=14, index=0): None
189.7759 	EXP 	Sound probe started
189.9908 	EXP 	Sound probe reached end of file
190.2517 	DATA 	Keypress: space
192.2994 	EXP 	New trial (rep=15, index=0): None
192.3040 	EXP 	Sound probe started
192.5226 	EXP 	Sound probe reached end of file
195.3175 	EXP 	New trial (rep=16, index=0): None
195.3858 	EXP 	Sound probe started
195.6025 	EXP 	Sound probe reached end of file
195.7316 	DATA 	Keypress: space
198.1370 	EXP 	New trial (rep=17, index=0): None
198.2113 	EXP 	Sound probe started
198.4307 	EXP 	Sound probe reached end of file
201.5588 	EXP 	New trial (rep=18, index=0): None
201.6305 	EXP 	Sound probe started
201.8507 	EXP 	Sound probe reached end of file
201.9997 	DATA 	Keypress: space
203.7965 	EXP 	New trial (rep=19, index=0): None
203.8724 	EXP 	Sound probe started
204.0907 	EXP 	Sound probe reached end of file
207.3851 	EXP 	New trial (rep=20, index=0): None
207.4611 	EXP 	Sound probe started
207.6786 	EXP 	Sound probe reached end of file
207.8774 	DATA 	Keypress: space
210.6496 	EXP 	New trial (rep=21, index=0): None
210.7230 	EXP 	Sound probe started
210.9411 	EXP 	Sound probe reached end of file
214.7531 	EXP 	New trial (rep=22, index=0): None
214.8288 	EXP 	Sound probe started
215.0450 	EXP 	Sound probe reached end of file
215.3783 	DATA 	Keypress: space
218.5774 	EXP 	New trial (rep=23, index=0): None
218.5793 	EXP 	Sound probe started
218.7988 	EXP 	Sound probe reached end of file
220.7647 	EXP 	New trial (rep=24, index=0): None
220.8386 	EXP 	Sound probe started
221.0585 	EXP 	Sound probe reached end of file
223.6151 	EXP 	New trial (rep=25, index=0): None
225.2430 	EXP 	Sound probe started
225.4464 	EXP 	Sound probe stopped
228.3404 	EXP 	New trial (rep=26, index=0): None
229.3072 	EXP 	Sound probe started
229.5066 	EXP 	Sound probe stopped
233.1457 	EXP 	New trial (rep=27, index=0): None
233.1494 	EXP 	Sound probe started
233.3666 	EXP 	Sound probe reached end of file
235.7095 	EXP 	New trial (rep=28, index=0): None
237.3569 	EXP 	Sound probe started
237.5667 	EXP 	Sound probe reached end of file
240.4978 	EXP 	New trial (rep=29, index=0): None
241.8180 	EXP 	Sound probe started
242.0265 	EXP 	Sound probe reached end of file
244.5248 	EXP 	New trial (rep=30, index=0): None
245.5419 	EXP 	Sound probe started
245.7584 	EXP 	Sound probe reached end of file
246.0895 	DATA 	Keypress: space
249.4752 	EXP 	New trial (rep=31, index=0): None
250.5089 	EXP 	Sound probe started
250.7268 	EXP 	Sound probe reached end of file
253.5203 	EXP 	New trial (rep=32, index=0): None
253.5214 	EXP 	Sound probe started
253.7348 	EXP 	Sound probe reached end of file
257.1329 	EXP 	New trial (rep=33, index=0): None
258.2964 	EXP 	Sound probe started
258.4945 	EXP 	Sound probe stopped
261.9198 	EXP 	New trial (rep=34, index=0): None
263.0185 	EXP 	Sound probe started
263.2345 	EXP 	Sound probe reached end of file
266.8148 	EXP 	New trial (rep=35, index=0): None
268.1730 	EXP 	Sound probe started
268.3900 	EXP 	Sound probe reached end of file
270.8439 	EXP 	New trial (rep=36, index=0): None
272.3612 	EXP 	Sound probe started
272.5742 	EXP 	Sound probe reached end of file
273.0777 	DATA 	Keypress: space
274.5951 	EXP 	New trial (rep=37, index=0): None
274.5988 	EXP 	Sound probe started
274.8145 	EXP 	Sound probe reached end of file
277.5057 	EXP 	New trial (rep=38, index=0): None
278.6619 	EXP 	Sound probe started
278.8625 	EXP 	Sound probe stopped
281.8633 	EXP 	New trial (rep=39, index=0): None
283.1372 	EXP 	Sound probe started
283.3544 	EXP 	Sound probe reached end of file
286.7513 	EXP 	New trial (rep=40, index=0): None
287.9714 	EXP 	Sound probe started
288.1744 	EXP 	Sound probe stopped
291.5551 	EXP 	New trial (rep=41, index=0): None
292.8756 	EXP 	Sound probe started
293.0942 	EXP 	Sound probe reached end of file
295.1452 	EXP 	New trial (rep=42, index=0): None
296.3967 	EXP 	Sound probe started
296.6147 	EXP 	Sound probe reached end of file
299.9866 	EXP 	New trial (rep=43, index=0): None
299.9907 	EXP 	Sound probe started
300.2022 	EXP 	Sound probe reached end of file
303.3868 	EXP 	New trial (rep=44, index=0): None
304.6945 	EXP 	Sound probe started
304.9105 	EXP 	Sound probe reached end of file
308.2919 	EXP 	New trial (rep=45, index=0): None
309.6369 	EXP 	Sound probe started
309.8506 	EXP 	Sound probe reached end of file
311.9875 	EXP 	New trial (rep=46, index=0): None
313.4192 	EXP 	Sound probe started
313.6304 	EXP 	Sound probe reached end of file
314.1729 	DATA 	Keypress: space
315.7013 	EXP 	New trial (rep=47, index=0): None
317.0512 	EXP 	Sound probe started
317.2703 	EXP 	Sound probe reached end of file
317.5666 	DATA 	Keypress: space
320.2076 	EXP 	New trial (rep=48, index=0): None
320.2119 	EXP 	Sound probe started
320.4305 	EXP 	Sound probe reached end of file
323.8758 	EXP 	New trial (rep=49, index=0): None
325.4609 	EXP 	Sound probe started
325.6784 	EXP 	Sound probe reached end of file
327.8700 	EXP 	New trial (rep=50, index=0): None
329.3513 	EXP 	Sound probe started
329.5704 	EXP 	Sound probe reached end of file
331.6499 	EXP 	New trial (rep=51, index=0): None
333.4287 	EXP 	Sound probe started
333.4294 	DATA 	Keypress: space
333.6385 	EXP 	Sound probe reached end of file
333.9936 	DATA 	Keypress: space
336.7477 	EXP 	New trial (rep=52, index=0): None
336.7488 	EXP 	Sound probe started
336.9588 	EXP 	Sound probe reached end of file
340.0923 	EXP 	New trial (rep=53, index=0): None
341.6463 	EXP 	Sound probe started
341.8586 	EXP 	Sound probe reached end of file
344.5928 	EXP 	New trial (rep=54, index=0): None
346.2675 	EXP 	Sound probe started
346.4813 	EXP 	Sound probe reached end of file
347.0408 	DATA 	Keypress: space
349.1362 	EXP 	New trial (rep=55, index=0): None
350.7878 	EXP 	Sound probe started
350.9988 	EXP 	Sound probe stopped
351.2248 	DATA 	Keypress: space
353.8126 	EXP 	New trial (rep=56, index=0): None
353.8164 	EXP 	Sound probe started
354.0266 	EXP 	Sound probe reached end of file
356.2425 	EXP 	New trial (rep=57, index=0): None
357.7659 	EXP 	Sound probe started
357.9785 	EXP 	Sound probe reached end of file
361.4393 	EXP 	New trial (rep=58, index=0): None
363.2302 	EXP 	Sound probe started
363.4465 	EXP 	Sound probe reached end of file
366.6230 	EXP 	New trial (rep=59, index=0): None
368.1998 	EXP 	Sound probe started
368.4065 	EXP 	Sound probe stopped
370.3490 	EXP 	New trial (rep=60, index=0): None
370.3499 	EXP 	Sound probe started
370.5465 	EXP 	Sound probe stopped
373.5606 	EXP 	New trial (rep=61, index=0): None
375.2842 	EXP 	Sound probe started
375.4942 	EXP 	Sound probe reached end of file
378.4657 	EXP 	New trial (rep=62, index=0): None
380.1380 	EXP 	Sound probe started
380.3542 	EXP 	Sound probe reached end of file
384.0111 	EXP 	New trial (rep=63, index=0): None
385.9688 	EXP 	Sound probe started
386.1865 	EXP 	Sound probe reached end of file
386.4249 	DATA 	Keypress: space
389.9161 	EXP 	New trial (rep=64, index=0): None
391.6155 	EXP 	Sound probe started
391.8346 	EXP 	Sound probe reached end of file
395.0158 	EXP 	New trial (rep=65, index=0): None
396.6895 	EXP 	Sound probe started
396.9065 	EXP 	Sound probe reached end of file
400.0224 	EXP 	New trial (rep=66, index=0): None
401.7057 	EXP 	Sound probe started
401.9225 	EXP 	Sound probe reached end of file
402.1742 	DATA 	Keypress: space
403.8455 	EXP 	New trial (rep=67, index=0): None
405.6173 	EXP 	Sound probe started
405.8223 	EXP 	Sound probe stopped
406.3121 	DATA 	Keypress: space
409.0855 	EXP 	New trial (rep=68, index=0): None
410.8943 	EXP 	Sound probe started
411.1144 	EXP 	Sound probe reached end of file
411.5531 	DATA 	Keypress: space
413.6885 	EXP 	New trial (rep=69, index=0): None
415.4678 	EXP 	Sound probe started
415.6824 	EXP 	Sound probe reached end of file
418.8325 	EXP 	New trial (rep=70, index=0): None
418.8336 	EXP 	Sound probe started
419.0435 	EXP 	Sound probe reached end of file
422.5642 	EXP 	New trial (rep=71, index=0): None
424.5696 	EXP 	Sound probe started
424.7821 	EXP 	Sound probe reached end of file
427.5977 	EXP 	New trial (rep=72, index=0): None
429.3421 	EXP 	Sound probe started
429.5504 	EXP 	Sound probe stopped
433.2721 	EXP 	New trial (rep=73, index=0): None
435.5552 	EXP 	Sound probe started
435.7703 	EXP 	Sound probe reached end of file
438.4166 	EXP 	New trial (rep=74, index=0): None
438.4208 	EXP 	Sound probe started
438.6334 	EXP 	Sound probe reached end of file
442.1555 	EXP 	New trial (rep=75, index=0): None
444.1408 	EXP 	Sound probe started
444.3501 	EXP 	Sound probe reached end of file
444.9420 	DATA 	Keypress: space
447.1624 	EXP 	New trial (rep=76, index=0): None
449.4059 	EXP 	Sound probe started
449.6184 	EXP 	Sound probe reached end of file
449.8808 	DATA 	Keypress: space
451.5986 	EXP 	New trial (rep=77, index=0): None
453.8351 	EXP 	Sound probe started
453.8358 	DATA 	Keypress: space
454.0505 	EXP 	Sound probe reached end of file
454.2510 	DATA 	Keypress: space
456.9037 	EXP 	New trial (rep=78, index=0): None
456.9077 	EXP 	Sound probe started
457.1183 	EXP 	Sound probe reached end of file
459.7759 	EXP 	New trial (rep=79, index=0): None
462.0229 	EXP 	Sound probe started
462.2384 	EXP 	Sound probe reached end of file
462.4610 	DATA 	Keypress: space
464.9238 	EXP 	New trial (rep=80, index=0): None
467.0846 	EXP 	Sound probe started
467.2903 	EXP 	Sound probe stopped
467.5340 	DATA 	Keypress: space
469.2098 	EXP 	New trial (rep=81, index=0): None
471.3540 	EXP 	Sound probe started
471.5720 	EXP 	Sound probe reached end of file
471.9289 	DATA 	Keypress: space
474.7377 	EXP 	New trial (rep=82, index=0): None
474.7389 	EXP 	Sound probe started
474.9462 	EXP 	Sound probe stopped
478.1564 	EXP 	New trial (rep=83, index=0): None
480.2957 	EXP 	Sound probe started
480.5062 	EXP 	Sound probe reached end of file
482.5315 	EXP 	New trial (rep=84, index=0): None
484.9639 	EXP 	Sound probe started
485.1779 	EXP 	Sound probe reached end of file
488.3090 	EXP 	New trial (rep=85, index=0): None
490.5133 	EXP 	Sound probe started
490.7262 	EXP 	Sound probe reached end of file
490.9572 	DATA 	Keypress: space
494.3156 	EXP 	New trial (rep=86, index=0): None
494.3181 	EXP 	Sound probe started
494.5382 	EXP 	Sound probe reached end of file
498.0452 	EXP 	New trial (rep=87, index=0): None
500.2845 	EXP 	Sound probe started
500.4942 	EXP 	Sound probe reached end of file
500.7641 	DATA 	Keypress: space
503.0149 	EXP 	New trial (rep=88, index=0): None
505.6104 	EXP 	Sound probe started
505.8266 	EXP 	Sound probe reached end of file
508.6196 	EXP 	New trial (rep=89, index=0): None
510.9422 	EXP 	Sound probe started
511.1542 	EXP 	Sound probe reached end of file
513.6307 	EXP 	New trial (rep=90, index=0): None
516.1877 	EXP 	Sound probe started
516.4064 	EXP 	Sound probe reached end of file
516.6823 	DATA 	Keypress: space
518.7006 	EXP 	New trial (rep=91, index=0): None
521.1828 	EXP 	Sound probe started
521.3942 	EXP 	Sound probe reached end of file
521.6195 	DATA 	Keypress: space
524.2149 	EXP 	New trial (rep=92, index=0): None
524.2159 	EXP 	Sound probe started
524.4343 	EXP 	Sound probe reached end of file
527.8345 	EXP 	New trial (rep=93, index=0): None
530.1562 	EXP 	Sound probe started
530.3740 	EXP 	Sound probe reached end of file
534.1417 	EXP 	New trial (rep=94, index=0): None
536.5495 	EXP 	Sound probe started
536.5501 	DATA 	Keypress: space
536.7620 	EXP 	Sound probe reached end of file
537.0347 	DATA 	Keypress: space
538.8045 	DATA 	Keypress: space
540.2899 	EXP 	New trial (rep=95, index=0): None
542.6310 	EXP 	Sound probe started
542.8341 	EXP 	Sound probe stopped
544.7431 	EXP 	New trial (rep=96, index=0): None
544.7469 	EXP 	Sound probe stopped
544.7793 	EXP 	goodbye_text: autoDraw = True
547.3164 	DATA 	Keypress: space
547.3255 	EXP 	goodbye_text: autoDraw = False
547.4345 	EXP 	window1: mouseVisible = True
