13.7092 	WARNING 	User requested fullscreen with size [2560 1440], but screen is actually [3840, 2160]. Using actual size
16.8904 	WARNING 	Couldn't measure a consistent frame rate!
  - Is your graphics card set to sync to vertical blank?
  - Are you running other processes on your computer?

16.8908 	EXP 	Created window1 = Window(allowGUI=False, allowStencil=False, autoLog=True, backendConf=UNKNOWN, bitsMode=UNKNOWN, blendMode='avg', bpc=(8, 8, 8), color=array([0, 0, 0]), colorSpace='rgb', depthBits=8, fullscr=<method-wrapper '__getattribute__' of attributeSetter object at 0x0000024D85E28B20>, gamma=None, gammaErrorPolicy='raise', lms=UNKNOWN, monitor=<psychopy.monitors.calibTools.Monitor object at 0x0000024D87AE50A0>, multiSample=False, name='window1', numSamples=2, pos=(0, 0), screen=0, size=array([3840, 2160]), stencilBits=0, stereo=False, units='height', useFBO=True, useRetina=False, viewOri=0.0, viewPos=None, viewScale=None, waitBlanking=True, winType='pyglet')
16.8912 	EXP 	window1: mouseVisible = True
16.8912 	EXP 	window1: Attempting to measure frame rate of screen (0) ...
16.8913 	EXP 	window1: recordFrameIntervals = False
17.0901 	EXP 	window1: recordFrameIntervals = True
17.1839 	WARNING 	t of last frame was 24.87ms (=1/40)
17.2524 	WARNING 	t of last frame was 20.42ms (=1/48)
17.2812 	WARNING 	t of last frame was 28.75ms (=1/34)
17.3169 	WARNING 	t of last frame was 25.22ms (=1/39)
17.3548 	WARNING 	Multiple dropped frames have occurred - I'll stop bothering you about them!
19.0870 	WARNING 	Couldn't measure a consistent frame rate!
  - Is your graphics card set to sync to vertical blank?
  - Are you running other processes on your computer?

20.7976 	EXP 	Created text = TextStim(__class__=<class 'psychopy.visual.text.TextStim'>, alignHoriz=method-wrapper(...), alignText='center', alignVert=method-wrapper(...), anchorHoriz='center', anchorVert='center', antialias=True, autoLog=True, bold=False, color=array([1., 1., 1.]), colorSpace='rgb', contrast=1.0, depth=-3.0, flipHoriz=False, flipVert=False, font='Open Sans', fontFiles=[], height=0.05, italic=False, languageStyle='LTR', name='text', opacity=1, ori=0.0, pos=array([0., 0.]), rgb=UNKNOWN, text=str(...), units='height', win=Window(...), wrapWidth=1)
20.7994 	EXP 	Created blank_txt = TextStim(__class__=<class 'psychopy.visual.text.TextStim'>, alignHoriz=method-wrapper(...), alignText='center', alignVert=method-wrapper(...), anchorHoriz='center', anchorVert='center', antialias=True, autoLog=True, bold=False, color=array([1., 1., 1.]), colorSpace='rgb', contrast=1.0, depth=0.0, flipHoriz=False, flipVert=False, font='Open Sans', fontFiles=[], height=0.1, italic=False, languageStyle='LTR', name='blank_txt', opacity=1, ori=0.0, pos=array([0., 0.]), rgb=UNKNOWN, text='', units='height', win=Window(...), wrapWidth=1)
20.8523 	EXP 	Sound tProbe set volume 1.000
20.8536 	EXP 	Created you_done_goofed = TextStim(__class__=<class 'psychopy.visual.text.TextStim'>, alignHoriz=method-wrapper(...), alignText='center', alignVert=method-wrapper(...), anchorHoriz='center', anchorVert='center', antialias=True, autoLog=True, bold=False, color=array([1., 1., 1.]), colorSpace='rgb', contrast=1.0, depth=-1.0, flipHoriz=False, flipVert=False, font='Open Sans', fontFiles=[], height=0.05, italic=False, languageStyle='LTR', name='you_done_goofed', opacity=1, ori=0.0, pos=array([0., 0.]), rgb=UNKNOWN, text='', units='height', win=Window(...), wrapWidth=1)
21.1591 	EXP 	Created text_2 = TextStim(__class__=<class 'psychopy.visual.text.TextStim'>, alignHoriz=method-wrapper(...), alignText='center', alignVert=method-wrapper(...), anchorHoriz='center', anchorVert='center', antialias=True, autoLog=True, bold=False, color=array([1., 1., 1.]), colorSpace='rgb', contrast=1.0, depth=-2.0, flipHoriz=False, flipVert=False, font='Open Sans', fontFiles=[], height=0.05, italic=False, languageStyle='LTR', name='text_2', opacity=1, ori=0.0, pos=array([0., 0.]), rgb=UNKNOWN, text='', units='height', win=Window(...), wrapWidth=1)
21.1604 	EXP 	Created blank_txt = TextStim(__class__=<class 'psychopy.visual.text.TextStim'>, alignHoriz=method-wrapper(...), alignText='center', alignVert=method-wrapper(...), anchorHoriz='center', anchorVert='center', antialias=True, autoLog=True, bold=False, color=array([1., 1., 1.]), colorSpace='rgb', contrast=1.0, depth=0.0, flipHoriz=False, flipVert=False, font='Open Sans', fontFiles=[], height=0.1, italic=False, languageStyle='LTR', name='blank_txt', opacity=1, ori=0.0, pos=array([0., 0.]), rgb=UNKNOWN, text='', units='height', win=Window(...), wrapWidth=1)
21.1720 	EXP 	Sound probe set volume 1.000
21.1825 	EXP 	Created goodbye_text = TextStim(__class__=<class 'psychopy.visual.text.TextStim'>, alignHoriz=method-wrapper(...), alignText='center', alignVert=method-wrapper(...), anchorHoriz='center', anchorVert='center', antialias=True, autoLog=True, bold=False, color=array([1., 1., 1.]), colorSpace='rgb', contrast=1.0, depth=0.0, flipHoriz=False, flipVert=False, font='Open Sans', fontFiles=[], height=0.05, italic=False, languageStyle='LTR', name='goodbye_text', opacity=1, ori=0.0, pos=array([0., 0.]), rgb=UNKNOWN, text=str(...), units='height', win=Window(...), wrapWidth=1)
21.1849 	EXP 	Created fixation_cross = ShapeStim(__class__=<class 'psychopy.visual.shape.ShapeStim'>, anchor=('center', 'center'), autoDraw=False, autoLog=True, closeShape=True, color=method-wrapper(...), colorSpace='rgb', contrast=None, depth=-3.0, fillColor=array([1, 1, 1]), fillColorSpace='rgb', fillRGB=array([1, 1, 1]), interpolate=True, lineColor=array([1., 1., 1.]), lineColorSpace='rgb', lineRGB=array([1, 1, 1]), lineWidth=1.0, name='fixation_cross', opacity=1, ori=0.0, pos=array([0., 0.]), size=array([0.15, 0.15]), units='height', vertices=ndarray(...), win=Window(...), windingRule=None)
21.1973 	EXP 	text: autoDraw = True
24.3049 	DATA 	Keypress: space
24.3393 	EXP 	text: autoDraw = False
24.3393 	EXP 	blank_txt: autoDraw = True
25.3312 	EXP 	Created sequence: random, trialTypes=1, nReps=3, seed=None
25.3315 	EXP 	New trial (rep=0, index=0): None
25.3591 	EXP 	blank_txt: autoDraw = False
26.3287 	EXP 	Sound tProbe started
26.5444 	EXP 	Sound tProbe reached end of file
27.1218 	DATA 	Keypress: space
28.3970 	EXP 	you_done_goofed: height = 0.05
28.3970 	EXP 	you_done_goofed: height = 0.05
28.3970 	EXP 	you_done_goofed: text = "C'est très bien! \n            \n\nAppuyez sur n'importe quelle touche pour poursuivre."
28.3970 	EXP 	you_done_goofed: autoDraw = True
30.3995 	EXP 	New trial (rep=1, index=0): None
30.4012 	DATA 	Keypress: space
30.4201 	EXP 	you_done_goofed: autoDraw = False
31.3886 	EXP 	Sound tProbe started
31.6045 	EXP 	Sound tProbe reached end of file
32.0068 	DATA 	Keypress: space
33.4433 	EXP 	you_done_goofed: text = "C'est très bien! \n            \n\nAppuyez sur n'importe quelle touche pour poursuivre."
33.4433 	EXP 	you_done_goofed: autoDraw = True
39.2078 	EXP 	New trial (rep=2, index=0): None
39.2095 	DATA 	Keypress: space
39.2289 	EXP 	you_done_goofed: autoDraw = False
40.2089 	EXP 	Sound tProbe started
40.4244 	EXP 	Sound tProbe reached end of file
40.7813 	DATA 	Keypress: space
42.2760 	EXP 	you_done_goofed: text = "C'est très bien! \n            \n\nAppuyez sur n'importe quelle touche pour poursuivre."
42.2760 	EXP 	you_done_goofed: autoDraw = True
43.1474 	EXP 	Created fixation_cross = ShapeStim(__class__=<class 'psychopy.visual.shape.ShapeStim'>, anchor=('center', 'center'), autoDraw=False, autoLog=True, closeShape=True, color=method-wrapper(...), colorSpace='rgb', contrast=None, depth=-3.0, fillColor=array([1, 1, 1]), fillColorSpace='rgb', fillRGB=array([1, 1, 1]), interpolate=True, lineColor=array([1., 1., 1.]), lineColorSpace='rgb', lineRGB=array([1, 1, 1]), lineWidth=1.0, name='fixation_cross', opacity=1, ori=0.0, pos=array([0., 0.]), size=array([0.15, 0.15]), units='height', vertices=ndarray(...), win=Window(...), windingRule=None)
43.1684 	DATA 	Keypress: space
43.1779 	EXP 	you_done_goofed: autoDraw = False
43.1779 	EXP 	text_2: height = 0.05
43.1779 	EXP 	text_2: height = 0.05
43.1779 	EXP 	text_2: text = "Appuyez sur la barre d'espace dès que vous entendez un son. \n\n Les réponses enregistrées plus d'une seconde après le son ne seront pas comptabilisées. \n\n\n Appuyez sur n'importe quelle touche pour démarrer."
43.1779 	EXP 	text_2: autoDraw = True
45.7260 	DATA 	Keypress: space
45.7475 	EXP 	text_2: autoDraw = False
45.7475 	EXP 	blank_txt: autoDraw = True
46.7462 	EXP 	Created sequence: random, trialTypes=1, nReps=999, seed=None
46.7485 	EXP 	New trial (rep=0, index=0): None
46.8247 	EXP 	Sound probe started
46.8333 	EXP 	blank_txt: autoDraw = False
47.0321 	EXP 	Sound probe stopped
47.1286 	DATA 	Keypress: space
50.7105 	EXP 	New trial (rep=1, index=0): None
50.7822 	EXP 	Sound probe started
50.9925 	EXP 	Sound probe reached end of file
51.0926 	DATA 	Keypress: space
52.8394 	EXP 	New trial (rep=2, index=0): None
52.9124 	EXP 	Sound probe started
53.1327 	EXP 	Sound probe reached end of file
53.8210 	DATA 	Keypress: space
55.6082 	EXP 	New trial (rep=3, index=0): None
55.6111 	EXP 	Sound probe started
55.8253 	EXP 	Sound probe reached end of file
58.4781 	EXP 	New trial (rep=4, index=0): None
58.5437 	EXP 	Sound probe started
58.7524 	EXP 	Sound probe reached end of file
62.5489 	EXP 	New trial (rep=5, index=0): None
62.6167 	EXP 	Sound probe started
62.8325 	EXP 	Sound probe reached end of file
66.3430 	EXP 	New trial (rep=6, index=0): None
66.4100 	EXP 	Sound probe started
66.6242 	EXP 	Sound probe reached end of file
66.8383 	DATA 	Keypress: space
68.9536 	EXP 	New trial (rep=7, index=0): None
69.0214 	EXP 	Sound probe started
69.2323 	EXP 	Sound probe reached end of file
71.6793 	EXP 	New trial (rep=8, index=0): None
71.6809 	EXP 	Sound probe started
71.9006 	EXP 	Sound probe reached end of file
74.6811 	EXP 	New trial (rep=9, index=0): None
74.7533 	EXP 	Sound probe started
74.9725 	EXP 	Sound probe reached end of file
75.1121 	DATA 	Keypress: space
78.5673 	EXP 	New trial (rep=10, index=0): None
78.6353 	EXP 	Sound probe started
78.8522 	EXP 	Sound probe reached end of file
82.5604 	EXP 	New trial (rep=11, index=0): None
82.6287 	EXP 	Sound probe started
82.8413 	EXP 	Sound probe reached end of file
82.9883 	DATA 	Keypress: space
85.2762 	EXP 	New trial (rep=12, index=0): None
85.2826 	EXP 	Sound probe started
85.4923 	EXP 	Sound probe stopped
88.2790 	EXP 	New trial (rep=13, index=0): None
88.3523 	EXP 	Sound probe started
88.5726 	EXP 	Sound probe reached end of file
91.7334 	EXP 	New trial (rep=14, index=0): None
91.8075 	EXP 	Sound probe started
92.0204 	EXP 	Sound probe reached end of file
92.3215 	DATA 	Keypress: space
95.6199 	EXP 	New trial (rep=15, index=0): None
95.6879 	EXP 	Sound probe started
95.9004 	EXP 	Sound probe reached end of file
99.3757 	EXP 	New trial (rep=16, index=0): None
99.3773 	EXP 	Sound probe started
99.5883 	EXP 	Sound probe reached end of file
102.3447 	EXP 	New trial (rep=17, index=0): None
102.4145 	EXP 	Sound probe started
102.6286 	EXP 	Sound probe reached end of file
102.6975 	DATA 	Keypress: space
105.9689 	EXP 	New trial (rep=18, index=0): None
106.0418 	EXP 	Sound probe started
106.2602 	EXP 	Sound probe reached end of file
107.0266 	DATA 	Keypress: space
109.7380 	EXP 	New trial (rep=19, index=0): None
109.8066 	EXP 	Sound probe started
110.0206 	EXP 	Sound probe reached end of file
111.9405 	EXP 	New trial (rep=20, index=0): None
112.0159 	EXP 	Sound probe started
112.2203 	EXP 	Sound probe stopped
114.7924 	EXP 	New trial (rep=21, index=0): None
114.8008 	EXP 	Sound probe started
115.0201 	EXP 	Sound probe reached end of file
115.2682 	DATA 	Keypress: space
118.8113 	EXP 	New trial (rep=22, index=0): None
118.8842 	EXP 	Sound probe started
119.1003 	EXP 	Sound probe reached end of file
119.3579 	DATA 	Keypress: space
122.6171 	EXP 	New trial (rep=23, index=0): None
122.6864 	EXP 	Sound probe started
122.8971 	EXP 	Sound probe reached end of file
125.5359 	EXP 	New trial (rep=24, index=0): None
125.6148 	EXP 	Sound probe started
125.8283 	EXP 	Sound probe reached end of file
126.0883 	DATA 	Keypress: space
128.0880 	EXP 	New trial (rep=25, index=0): None
128.1565 	EXP 	Sound probe started
128.3764 	EXP 	Sound probe reached end of file
130.6204 	EXP 	New trial (rep=26, index=0): None
130.6250 	EXP 	Sound probe started
130.8361 	EXP 	Sound probe reached end of file
134.1253 	EXP 	New trial (rep=27, index=0): None
134.1961 	EXP 	Sound probe started
134.4163 	EXP 	Sound probe reached end of file
134.5988 	DATA 	Keypress: space
138.1198 	EXP 	New trial (rep=28, index=0): None
138.1923 	EXP 	Sound probe started
138.4133 	EXP 	Sound probe reached end of file
141.5649 	EXP 	New trial (rep=29, index=0): None
141.6319 	EXP 	Sound probe started
141.8485 	EXP 	Sound probe reached end of file
144.1883 	EXP 	New trial (rep=30, index=0): None
144.2637 	EXP 	Sound probe started
144.4763 	EXP 	Sound probe reached end of file
144.6344 	DATA 	Keypress: space
146.6068 	EXP 	New trial (rep=31, index=0): None
147.6545 	EXP 	Sound probe started
147.8643 	EXP 	Sound probe reached end of file
150.2031 	EXP 	New trial (rep=32, index=0): None
150.2072 	EXP 	Sound probe started
150.4241 	EXP 	Sound probe reached end of file
154.0448 	EXP 	New trial (rep=33, index=0): None
155.2557 	EXP 	Sound probe started
155.4645 	EXP 	Sound probe reached end of file
155.6565 	DATA 	Keypress: space
158.1159 	EXP 	New trial (rep=34, index=0): None
159.2949 	EXP 	Sound probe started
159.5047 	EXP 	Sound probe reached end of file
163.3221 	EXP 	New trial (rep=35, index=0): None
164.7906 	EXP 	Sound probe started
165.0042 	EXP 	Sound probe reached end of file
165.3343 	DATA 	Keypress: space
167.4229 	EXP 	New trial (rep=36, index=0): None
167.4241 	EXP 	Sound probe started
167.6444 	EXP 	Sound probe reached end of file
169.7218 	EXP 	New trial (rep=37, index=0): None
170.9603 	EXP 	Sound probe started
171.1762 	EXP 	Sound probe reached end of file
171.4103 	DATA 	Keypress: space
174.6275 	EXP 	New trial (rep=38, index=0): None
175.9481 	EXP 	Sound probe started
176.1642 	EXP 	Sound probe reached end of file
179.6320 	EXP 	New trial (rep=39, index=0): None
181.0697 	EXP 	Sound probe started
181.2864 	EXP 	Sound probe reached end of file
181.5132 	DATA 	Keypress: space
184.5802 	EXP 	New trial (rep=40, index=0): None
185.8909 	EXP 	Sound probe started
186.1042 	EXP 	Sound probe reached end of file
186.3220 	DATA 	Keypress: space
188.6047 	EXP 	New trial (rep=41, index=0): None
189.9677 	EXP 	Sound probe started
190.1722 	EXP 	Sound probe stopped
193.4266 	DATA 	Keypress: space
193.6020 	EXP 	New trial (rep=42, index=0): None
193.6058 	EXP 	Sound probe started
193.8272 	EXP 	Sound probe reached end of file
195.6435 	EXP 	New trial (rep=43, index=0): None
196.9575 	EXP 	Sound probe started
197.1719 	EXP 	Sound probe reached end of file
200.9616 	EXP 	New trial (rep=44, index=0): None
202.2973 	EXP 	Sound probe started
202.5122 	EXP 	Sound probe reached end of file
204.9988 	EXP 	New trial (rep=45, index=0): None
206.2877 	EXP 	Sound probe started
206.5000 	EXP 	Sound probe reached end of file
208.5001 	EXP 	New trial (rep=46, index=0): None
208.5018 	EXP 	Sound probe started
208.7204 	EXP 	Sound probe reached end of file
210.6273 	EXP 	New trial (rep=47, index=0): None
212.0505 	EXP 	Sound probe started
212.2601 	EXP 	Sound probe reached end of file
215.5905 	EXP 	New trial (rep=48, index=0): None
217.0460 	EXP 	Sound probe started
217.2601 	EXP 	Sound probe reached end of file
217.4966 	DATA 	Keypress: space
220.3395 	EXP 	New trial (rep=49, index=0): None
222.1447 	EXP 	Sound probe started
222.3522 	EXP 	Sound probe stopped
224.2803 	EXP 	New trial (rep=50, index=0): None
224.2839 	EXP 	Sound probe started
224.5001 	EXP 	Sound probe reached end of file
226.7561 	EXP 	New trial (rep=51, index=0): None
228.2792 	EXP 	Sound probe started
228.4881 	EXP 	Sound probe reached end of file
231.2126 	EXP 	New trial (rep=52, index=0): None
232.7966 	EXP 	Sound probe started
233.0082 	EXP 	Sound probe reached end of file
233.3619 	DATA 	Keypress: space
234.8802 	EXP 	New trial (rep=53, index=0): None
236.4018 	EXP 	Sound probe started
236.6203 	EXP 	Sound probe reached end of file
237.0671 	DATA 	Keypress: space
240.0962 	EXP 	New trial (rep=54, index=0): None
240.0992 	EXP 	Sound probe started
240.3080 	EXP 	Sound probe reached end of file
242.2706 	EXP 	New trial (rep=55, index=0): None
243.7792 	EXP 	Sound probe started
243.9882 	EXP 	Sound probe reached end of file
246.5983 	EXP 	New trial (rep=56, index=0): None
248.1637 	EXP 	Sound probe started
248.3681 	EXP 	Sound probe stopped
250.9175 	EXP 	New trial (rep=57, index=0): None
252.6929 	EXP 	Sound probe started
252.8962 	EXP 	Sound probe stopped
253.3988 	DATA 	Keypress: space
255.1901 	EXP 	New trial (rep=58, index=0): None
255.1912 	EXP 	Sound probe started
255.4083 	EXP 	Sound probe reached end of file
258.2874 	EXP 	New trial (rep=59, index=0): None
259.8518 	EXP 	Sound probe started
260.0681 	EXP 	Sound probe reached end of file
260.3414 	DATA 	Keypress: space
262.5613 	EXP 	New trial (rep=60, index=0): None
264.1611 	EXP 	Sound probe started
264.3761 	EXP 	Sound probe reached end of file
267.6792 	EXP 	New trial (rep=61, index=0): None
269.3353 	EXP 	Sound probe started
269.5481 	EXP 	Sound probe reached end of file
272.5732 	EXP 	New trial (rep=62, index=0): None
274.1921 	EXP 	Sound probe started
274.4038 	EXP 	Sound probe reached end of file
276.4297 	EXP 	New trial (rep=63, index=0): None
278.1128 	EXP 	Sound probe started
278.3240 	EXP 	Sound probe reached end of file
278.5556 	DATA 	Keypress: space
280.4270 	EXP 	New trial (rep=64, index=0): None
280.4346 	EXP 	Sound probe stopped
280.4605 	EXP 	goodbye_text: autoDraw = True
297.6376 	DATA 	Keypress: escape
297.6669 	EXP 	goodbye_text: autoDraw = False
297.7685 	EXP 	window1: mouseVisible = True
