10.0721 	WARNING 	User requested fullscreen with size [2560 1440], but screen is actually [3840, 2160]. Using actual size
13.1956 	WARNING 	Couldn't measure a consistent frame rate!
  - Is your graphics card set to sync to vertical blank?
  - Are you running other processes on your computer?

13.1960 	EXP 	Created window1 = Window(allowGUI=False, allowStencil=False, autoLog=True, backendConf=UNKNOWN, bitsMode=UNKNOWN, blendMode='avg', bpc=(8, 8, 8), color=array([0, 0, 0]), colorSpace='rgb', depthBits=8, fullscr=<method-wrapper '__getattribute__' of attributeSetter object at 0x0000010B544F5B20>, gamma=None, gammaErrorPolicy='raise', lms=UNKNOWN, monitor=<psychopy.monitors.calibTools.Monitor object at 0x0000010B561A4100>, multiSample=False, name='window1', numSamples=2, pos=(0, 0), screen=0, size=array([3840, 2160]), stencilBits=0, stereo=False, units='height', useFBO=True, useRetina=False, viewOri=0.0, viewPos=None, viewScale=None, waitBlanking=True, winType='pyglet')
13.1964 	EXP 	window1: mouseVisible = True
13.1964 	EXP 	window1: Attempting to measure frame rate of screen (0) ...
13.1964 	EXP 	window1: recordFrameIntervals = False
13.3960 	EXP 	window1: recordFrameIntervals = True
13.4941 	WARNING 	t of last frame was 31.30ms (=1/31)
13.5148 	WARNING 	t of last frame was 20.76ms (=1/48)
13.5605 	WARNING 	t of last frame was 29.55ms (=1/33)
13.5806 	WARNING 	t of last frame was 20.06ms (=1/49)
13.6273 	WARNING 	Multiple dropped frames have occurred - I'll stop bothering you about them!
15.5266 	WARNING 	Couldn't measure a consistent frame rate!
  - Is your graphics card set to sync to vertical blank?
  - Are you running other processes on your computer?

17.2590 	EXP 	Created text = TextStim(__class__=<class 'psychopy.visual.text.TextStim'>, alignHoriz=method-wrapper(...), alignText='center', alignVert=method-wrapper(...), anchorHoriz='center', anchorVert='center', antialias=True, autoLog=True, bold=False, color=array([1., 1., 1.]), colorSpace='rgb', contrast=1.0, depth=-3.0, flipHoriz=False, flipVert=False, font='Open Sans', fontFiles=[], height=0.05, italic=False, languageStyle='LTR', name='text', opacity=1, ori=0.0, pos=array([0., 0.]), rgb=UNKNOWN, text=str(...), units='height', win=Window(...), wrapWidth=1)
17.2608 	EXP 	Created blank_txt = TextStim(__class__=<class 'psychopy.visual.text.TextStim'>, alignHoriz=method-wrapper(...), alignText='center', alignVert=method-wrapper(...), anchorHoriz='center', anchorVert='center', antialias=True, autoLog=True, bold=False, color=array([1., 1., 1.]), colorSpace='rgb', contrast=1.0, depth=0.0, flipHoriz=False, flipVert=False, font='Open Sans', fontFiles=[], height=0.1, italic=False, languageStyle='LTR', name='blank_txt', opacity=1, ori=0.0, pos=array([0., 0.]), rgb=UNKNOWN, text='', units='height', win=Window(...), wrapWidth=1)
17.3109 	EXP 	Sound tProbe set volume 1.000
17.3121 	EXP 	Created you_done_goofed = TextStim(__class__=<class 'psychopy.visual.text.TextStim'>, alignHoriz=method-wrapper(...), alignText='center', alignVert=method-wrapper(...), anchorHoriz='center', anchorVert='center', antialias=True, autoLog=True, bold=False, color=array([1., 1., 1.]), colorSpace='rgb', contrast=1.0, depth=-1.0, flipHoriz=False, flipVert=False, font='Open Sans', fontFiles=[], height=0.05, italic=False, languageStyle='LTR', name='you_done_goofed', opacity=1, ori=0.0, pos=array([0., 0.]), rgb=UNKNOWN, text='', units='height', win=Window(...), wrapWidth=1)
17.6131 	EXP 	Created text_2 = TextStim(__class__=<class 'psychopy.visual.text.TextStim'>, alignHoriz=method-wrapper(...), alignText='center', alignVert=method-wrapper(...), anchorHoriz='center', anchorVert='center', antialias=True, autoLog=True, bold=False, color=array([1., 1., 1.]), colorSpace='rgb', contrast=1.0, depth=-2.0, flipHoriz=False, flipVert=False, font='Open Sans', fontFiles=[], height=0.05, italic=False, languageStyle='LTR', name='text_2', opacity=1, ori=0.0, pos=array([0., 0.]), rgb=UNKNOWN, text='', units='height', win=Window(...), wrapWidth=1)
17.6144 	EXP 	Created blank_txt = TextStim(__class__=<class 'psychopy.visual.text.TextStim'>, alignHoriz=method-wrapper(...), alignText='center', alignVert=method-wrapper(...), anchorHoriz='center', anchorVert='center', antialias=True, autoLog=True, bold=False, color=array([1., 1., 1.]), colorSpace='rgb', contrast=1.0, depth=0.0, flipHoriz=False, flipVert=False, font='Open Sans', fontFiles=[], height=0.1, italic=False, languageStyle='LTR', name='blank_txt', opacity=1, ori=0.0, pos=array([0., 0.]), rgb=UNKNOWN, text='', units='height', win=Window(...), wrapWidth=1)
17.6262 	EXP 	Sound probe set volume 1.000
17.6368 	EXP 	Created goodbye_text = TextStim(__class__=<class 'psychopy.visual.text.TextStim'>, alignHoriz=method-wrapper(...), alignText='center', alignVert=method-wrapper(...), anchorHoriz='center', anchorVert='center', antialias=True, autoLog=True, bold=False, color=array([1., 1., 1.]), colorSpace='rgb', contrast=1.0, depth=0.0, flipHoriz=False, flipVert=False, font='Open Sans', fontFiles=[], height=0.05, italic=False, languageStyle='LTR', name='goodbye_text', opacity=1, ori=0.0, pos=array([0., 0.]), rgb=UNKNOWN, text=str(...), units='height', win=Window(...), wrapWidth=1)
17.6391 	EXP 	Created fixation_cross = ShapeStim(__class__=<class 'psychopy.visual.shape.ShapeStim'>, anchor=('center', 'center'), autoDraw=False, autoLog=True, closeShape=True, color=method-wrapper(...), colorSpace='rgb', contrast=None, depth=-3.0, fillColor=array([1, 1, 1]), fillColorSpace='rgb', fillRGB=array([1, 1, 1]), interpolate=True, lineColor=array([1., 1., 1.]), lineColorSpace='rgb', lineRGB=array([1, 1, 1]), lineWidth=1.0, name='fixation_cross', opacity=1, ori=0.0, pos=array([0., 0.]), size=array([0.15, 0.15]), units='height', vertices=ndarray(...), win=Window(...), windingRule=None)
17.6516 	EXP 	text: autoDraw = True
121.7627 	DATA 	Keypress: return
121.7718 	EXP 	text: autoDraw = False
121.7718 	EXP 	blank_txt: autoDraw = True
122.7716 	EXP 	Created sequence: random, trialTypes=1, nReps=3, seed=None
122.7718 	EXP 	New trial (rep=0, index=0): None
122.7897 	EXP 	blank_txt: autoDraw = False
123.7682 	EXP 	Sound tProbe started
123.9850 	EXP 	Sound tProbe reached end of file
125.4298 	DATA 	Keypress: space
125.8686 	EXP 	you_done_goofed: height = 0.05
125.8686 	EXP 	you_done_goofed: height = 0.05
125.8686 	EXP 	you_done_goofed: text = "Vous avez appuyé trop tard.\n            \n\nVeuillez essayer de répondre dans la seconde suivant le ton.\n            \n\nAppuyez sur n'importe quelle touche pour poursuivre."
125.8686 	EXP 	you_done_goofed: autoDraw = True
130.8400 	EXP 	New trial (rep=1, index=0): None
130.8417 	DATA 	Keypress: space
130.8508 	EXP 	you_done_goofed: autoDraw = False
131.8413 	EXP 	Sound tProbe started
132.0568 	EXP 	Sound tProbe reached end of file
132.3436 	DATA 	Keypress: space
133.9086 	EXP 	you_done_goofed: height = 0.05
133.9086 	EXP 	you_done_goofed: height = 0.05
133.9086 	EXP 	you_done_goofed: text = "C'est très bien! \n            \n\nAppuyez sur n'importe quelle touche pour poursuivre."
133.9086 	EXP 	you_done_goofed: autoDraw = True
135.6472 	EXP 	New trial (rep=2, index=0): None
135.6488 	DATA 	Keypress: space
135.6776 	EXP 	you_done_goofed: autoDraw = False
136.6467 	EXP 	Sound tProbe started
136.8650 	EXP 	Sound tProbe reached end of file
137.0588 	DATA 	Keypress: space
138.7160 	EXP 	you_done_goofed: text = "C'est très bien! \n            \n\nAppuyez sur n'importe quelle touche pour poursuivre."
138.7160 	EXP 	you_done_goofed: autoDraw = True
140.3212 	EXP 	Created fixation_cross = ShapeStim(__class__=<class 'psychopy.visual.shape.ShapeStim'>, anchor=('center', 'center'), autoDraw=False, autoLog=True, closeShape=True, color=method-wrapper(...), colorSpace='rgb', contrast=None, depth=-3.0, fillColor=array([1, 1, 1]), fillColorSpace='rgb', fillRGB=array([1, 1, 1]), interpolate=True, lineColor=array([1., 1., 1.]), lineColorSpace='rgb', lineRGB=array([1, 1, 1]), lineWidth=1.0, name='fixation_cross', opacity=1, ori=0.0, pos=array([0., 0.]), size=array([0.15, 0.15]), units='height', vertices=ndarray(...), win=Window(...), windingRule=None)
140.3383 	DATA 	Keypress: space
140.3480 	EXP 	you_done_goofed: autoDraw = False
140.3480 	EXP 	text_2: height = 0.05
140.3480 	EXP 	text_2: height = 0.05
140.3480 	EXP 	text_2: text = "Appuyez sur la barre d'espace dès que vous entendez un son. \n\n Les réponses enregistrées plus d'une seconde après le son ne seront pas comptabilisées. \n\n\n Appuyez sur n'importe quelle touche pour démarrer."
140.3480 	EXP 	text_2: autoDraw = True
145.3238 	DATA 	Keypress: space
145.3330 	EXP 	text_2: autoDraw = False
145.3330 	EXP 	blank_txt: autoDraw = True
146.3320 	EXP 	Created sequence: random, trialTypes=1, nReps=999, seed=None
146.3343 	EXP 	New trial (rep=0, index=0): None
146.4542 	EXP 	Sound probe started
146.4619 	EXP 	blank_txt: autoDraw = False
146.6730 	EXP 	Sound probe reached end of file
146.7844 	DATA 	Keypress: space
149.3779 	EXP 	New trial (rep=1, index=0): None
149.7156 	EXP 	Sound probe started
149.9328 	EXP 	Sound probe reached end of file
150.0957 	DATA 	Keypress: space
151.9559 	EXP 	New trial (rep=2, index=0): None
152.0254 	EXP 	Sound probe started
152.2450 	EXP 	Sound probe reached end of file
152.5971 	DATA 	Keypress: space
154.4248 	EXP 	New trial (rep=3, index=0): None
154.4262 	EXP 	Sound probe started
154.6449 	EXP 	Sound probe reached end of file
157.2819 	EXP 	New trial (rep=4, index=0): None
157.3555 	EXP 	Sound probe started
157.5729 	EXP 	Sound probe reached end of file
160.5856 	EXP 	New trial (rep=5, index=0): None
160.6566 	EXP 	Sound probe started
160.8726 	EXP 	Sound probe reached end of file
163.7548 	EXP 	New trial (rep=6, index=0): None
163.8278 	EXP 	Sound probe started
164.0448 	EXP 	Sound probe reached end of file
164.3090 	DATA 	Keypress: space
165.9571 	EXP 	New trial (rep=7, index=0): None
166.0314 	EXP 	Sound probe started
166.2447 	EXP 	Sound probe reached end of file
169.9301 	EXP 	New trial (rep=8, index=0): None
170.0053 	EXP 	Sound probe started
170.2250 	EXP 	Sound probe reached end of file
170.4219 	DATA 	Keypress: space
173.0023 	EXP 	New trial (rep=9, index=0): None
173.0084 	EXP 	Sound probe started
173.2208 	EXP 	Sound probe reached end of file
175.1373 	EXP 	New trial (rep=10, index=0): None
175.2122 	EXP 	Sound probe started
175.4208 	EXP 	Sound probe reached end of file
177.3098 	EXP 	New trial (rep=11, index=0): None
177.3842 	EXP 	Sound probe started
177.6009 	EXP 	Sound probe reached end of file
177.9573 	DATA 	Keypress: space
179.9788 	EXP 	New trial (rep=12, index=0): None
180.0507 	EXP 	Sound probe started
180.2609 	EXP 	Sound probe reached end of file
182.2839 	EXP 	New trial (rep=13, index=0): None
182.3566 	EXP 	Sound probe started
182.5730 	EXP 	Sound probe reached end of file
182.9335 	DATA 	Keypress: space
186.3824 	EXP 	New trial (rep=14, index=0): None
186.3866 	EXP 	Sound probe started
186.6007 	EXP 	Sound probe reached end of file
188.8084 	EXP 	New trial (rep=15, index=0): None
188.8885 	EXP 	Sound probe started
189.1069 	EXP 	Sound probe reached end of file
191.2594 	EXP 	New trial (rep=16, index=0): None
191.3326 	EXP 	Sound probe started
191.5531 	EXP 	Sound probe reached end of file
191.6981 	DATA 	Keypress: space
194.6900 	EXP 	New trial (rep=17, index=0): None
194.7691 	EXP 	Sound probe started
194.9808 	EXP 	Sound probe reached end of file
196.9325 	EXP 	New trial (rep=18, index=0): None
197.0075 	EXP 	Sound probe started
197.2209 	EXP 	Sound probe reached end of file
197.4301 	DATA 	Keypress: space
200.0686 	EXP 	New trial (rep=19, index=0): None
200.1468 	EXP 	Sound probe started
200.3610 	EXP 	Sound probe reached end of file
202.4144 	EXP 	New trial (rep=20, index=0): None
202.4162 	EXP 	Sound probe started
202.6289 	EXP 	Sound probe reached end of file
204.5700 	EXP 	New trial (rep=21, index=0): None
204.6416 	EXP 	Sound probe started
204.8610 	EXP 	Sound probe reached end of file
205.0827 	DATA 	Keypress: space
207.1214 	EXP 	New trial (rep=22, index=0): None
207.1893 	EXP 	Sound probe started
207.4087 	EXP 	Sound probe reached end of file
210.9641 	EXP 	New trial (rep=23, index=0): None
211.0405 	EXP 	Sound probe started
211.2487 	EXP 	Sound probe stopped
211.3616 	DATA 	Keypress: space
213.3166 	EXP 	New trial (rep=24, index=0): None
213.3918 	EXP 	Sound probe started
213.6008 	EXP 	Sound probe stopped
216.1545 	EXP 	New trial (rep=25, index=0): None
216.2297 	EXP 	Sound probe started
216.4411 	EXP 	Sound probe stopped
216.6394 	DATA 	Keypress: space
218.9163 	EXP 	New trial (rep=26, index=0): None
218.9240 	EXP 	Sound probe started
219.1410 	EXP 	Sound probe reached end of file
221.5253 	EXP 	New trial (rep=27, index=0): None
221.5957 	EXP 	Sound probe started
221.8088 	EXP 	Sound probe reached end of file
225.4392 	EXP 	New trial (rep=28, index=0): None
225.5110 	EXP 	Sound probe started
225.7169 	EXP 	Sound probe stopped
228.9916 	EXP 	New trial (rep=29, index=0): None
229.0678 	EXP 	Sound probe started
229.2794 	EXP 	Sound probe reached end of file
229.4469 	DATA 	Keypress: space
232.1934 	EXP 	New trial (rep=30, index=0): None
232.1998 	EXP 	Sound probe started
232.4168 	EXP 	Sound probe reached end of file
234.8064 	EXP 	New trial (rep=31, index=0): None
236.7592 	EXP 	Sound probe started
236.9765 	EXP 	Sound probe reached end of file
240.5634 	EXP 	New trial (rep=32, index=0): None
242.2983 	EXP 	Sound probe started
242.5168 	EXP 	Sound probe reached end of file
242.6873 	DATA 	Keypress: space
245.1410 	EXP 	New trial (rep=33, index=0): None
246.3138 	EXP 	Sound probe started
246.5165 	EXP 	Sound probe stopped
246.8394 	DATA 	Keypress: space
248.9957 	EXP 	New trial (rep=34, index=0): None
250.1125 	EXP 	Sound probe started
250.3248 	EXP 	Sound probe reached end of file
252.3793 	EXP 	New trial (rep=35, index=0): None
253.5793 	EXP 	Sound probe started
253.8016 	EXP 	Sound probe reached end of file
254.1600 	DATA 	Keypress: space
256.4971 	EXP 	New trial (rep=36, index=0): None
256.4981 	EXP 	Sound probe started
256.7166 	EXP 	Sound probe reached end of file
259.6887 	EXP 	New trial (rep=37, index=0): None
260.9432 	EXP 	Sound probe started
261.1566 	EXP 	Sound probe reached end of file
261.4891 	DATA 	Keypress: space
263.7978 	EXP 	New trial (rep=38, index=0): None
265.0702 	EXP 	Sound probe started
265.2847 	EXP 	Sound probe reached end of file
265.8150 	DATA 	Keypress: space
268.3109 	EXP 	New trial (rep=39, index=0): None
269.5409 	EXP 	Sound probe started
269.7448 	EXP 	Sound probe stopped
270.2552 	DATA 	Keypress: space
272.9071 	EXP 	New trial (rep=40, index=0): None
274.2833 	EXP 	Sound probe started
274.4929 	EXP 	Sound probe reached end of file
277.3530 	EXP 	New trial (rep=41, index=0): None
278.6280 	EXP 	Sound probe started
278.8445 	EXP 	Sound probe reached end of file
282.4620 	EXP 	New trial (rep=42, index=0): None
283.7474 	EXP 	Sound probe started
283.9529 	EXP 	Sound probe stopped
284.2226 	DATA 	Keypress: space
286.7199 	EXP 	New trial (rep=43, index=0): None
288.3199 	EXP 	Sound probe started
288.5328 	EXP 	Sound probe reached end of file
291.2332 	EXP 	New trial (rep=44, index=0): None
292.7223 	EXP 	Sound probe started
292.9326 	EXP 	Sound probe reached end of file
294.8269 	EXP 	New trial (rep=45, index=0): None
294.8308 	EXP 	Sound probe started
295.0446 	EXP 	Sound probe reached end of file
298.6537 	EXP 	New trial (rep=46, index=0): None
300.0193 	EXP 	Sound probe started
300.2328 	EXP 	Sound probe reached end of file
302.7347 	EXP 	New trial (rep=47, index=0): None
304.1332 	EXP 	Sound probe started
304.3408 	EXP 	Sound probe stopped
304.5747 	DATA 	Keypress: space
307.3651 	EXP 	New trial (rep=48, index=0): None
308.8324 	EXP 	Sound probe started
309.0405 	EXP 	Sound probe stopped
312.0467 	EXP 	New trial (rep=49, index=0): None
313.5471 	EXP 	Sound probe started
313.7606 	EXP 	Sound probe reached end of file
315.3891 	DATA 	Keypress: space
316.7963 	EXP 	New trial (rep=50, index=0): None
318.6515 	EXP 	Sound probe started
318.8607 	EXP 	Sound probe reached end of file
319.3400 	DATA 	Keypress: space
320.9262 	EXP 	New trial (rep=51, index=0): None
322.4018 	EXP 	Sound probe started
322.6126 	EXP 	Sound probe stopped
326.1813 	EXP 	New trial (rep=52, index=0): None
327.8532 	EXP 	Sound probe started
328.0688 	EXP 	Sound probe reached end of file
330.6493 	EXP 	New trial (rep=53, index=0): None
330.6504 	EXP 	Sound probe started
330.8487 	EXP 	Sound probe stopped
334.1120 	EXP 	New trial (rep=54, index=0): None
335.7349 	EXP 	Sound probe started
335.9487 	EXP 	Sound probe reached end of file
339.0256 	EXP 	New trial (rep=55, index=0): None
340.6911 	EXP 	Sound probe started
340.9085 	EXP 	Sound probe reached end of file
341.1910 	DATA 	Keypress: space
343.1138 	EXP 	New trial (rep=56, index=0): None
344.7934 	EXP 	Sound probe started
345.0006 	EXP 	Sound probe stopped
345.3625 	DATA 	Keypress: space
347.0812 	EXP 	New trial (rep=57, index=0): None
347.0848 	EXP 	Sound probe started
347.3007 	EXP 	Sound probe reached end of file
349.4423 	EXP 	New trial (rep=58, index=0): None
351.2474 	EXP 	Sound probe started
351.4568 	EXP 	Sound probe reached end of file
353.5090 	EXP 	New trial (rep=59, index=0): None
355.5216 	EXP 	Sound probe started
355.7367 	EXP 	Sound probe reached end of file
357.6456 	EXP 	New trial (rep=60, index=0): None
359.3059 	EXP 	Sound probe started
359.5166 	EXP 	Sound probe reached end of file
362.1933 	EXP 	New trial (rep=61, index=0): None
362.1973 	EXP 	Sound probe stopped
362.2228 	EXP 	goodbye_text: autoDraw = True
364.2358 	DATA 	Keypress: space
364.2453 	EXP 	goodbye_text: autoDraw = False
364.2857 	EXP 	window1: mouseVisible = True
