27.4539 	WARNING 	User requested fullscreen with size [2560 1440], but screen is actually [3840, 2160]. Using actual size
30.7717 	WARNING 	Couldn't measure a consistent frame rate!
  - Is your graphics card set to sync to vertical blank?
  - Are you running other processes on your computer?

30.7728 	EXP 	Created window1 = Window(allowGUI=False, allowStencil=False, autoLog=True, backendConf=UNKNOWN, bitsMode=UNKNOWN, blendMode='avg', bpc=(8, 8, 8), color=array([0, 0, 0]), colorSpace='rgb', depthBits=8, fullscr=<method-wrapper '__getattribute__' of attributeSetter object at 0x0000022EE1BA68E0>, gamma=None, gammaErrorPolicy='raise', lms=UNKNOWN, monitor=<psychopy.monitors.calibTools.Monitor object at 0x0000022EE3856190>, multiSample=False, name='window1', numSamples=2, pos=(0, 0), screen=0, size=array([3840, 2160]), stencilBits=0, stereo=False, units='height', useFBO=True, useRetina=False, viewOri=0.0, viewPos=None, viewScale=None, waitBlanking=True, winType='pyglet')
30.7735 	EXP 	window1: mouseVisible = True
30.7736 	EXP 	window1: Attempting to measure frame rate of screen (0) ...
30.7737 	EXP 	window1: recordFrameIntervals = False
31.0051 	EXP 	window1: recordFrameIntervals = True
31.0752 	WARNING 	t of last frame was 31.91ms (=1/31)
31.1046 	WARNING 	t of last frame was 29.43ms (=1/33)
31.1274 	WARNING 	t of last frame was 22.77ms (=1/43)
31.1750 	WARNING 	t of last frame was 31.03ms (=1/32)
31.2047 	WARNING 	Multiple dropped frames have occurred - I'll stop bothering you about them!
33.2469 	WARNING 	Couldn't measure a consistent frame rate!
  - Is your graphics card set to sync to vertical blank?
  - Are you running other processes on your computer?

36.2217 	EXP 	Created text = TextStim(__class__=<class 'psychopy.visual.text.TextStim'>, alignHoriz=method-wrapper(...), alignText='center', alignVert=method-wrapper(...), anchorHoriz='center', anchorVert='center', antialias=True, autoLog=True, bold=False, color=array([1., 1., 1.]), colorSpace='rgb', contrast=1.0, depth=-3.0, flipHoriz=False, flipVert=False, font='Open Sans', fontFiles=[], height=0.05, italic=False, languageStyle='LTR', name='text', opacity=1, ori=0.0, pos=array([0., 0.]), rgb=UNKNOWN, text=str(...), units='height', win=Window(...), wrapWidth=1)
36.2235 	EXP 	Created blank_txt = TextStim(__class__=<class 'psychopy.visual.text.TextStim'>, alignHoriz=method-wrapper(...), alignText='center', alignVert=method-wrapper(...), anchorHoriz='center', anchorVert='center', antialias=True, autoLog=True, bold=False, color=array([1., 1., 1.]), colorSpace='rgb', contrast=1.0, depth=0.0, flipHoriz=False, flipVert=False, font='Open Sans', fontFiles=[], height=0.1, italic=False, languageStyle='LTR', name='blank_txt', opacity=1, ori=0.0, pos=array([0., 0.]), rgb=UNKNOWN, text='', units='height', win=Window(...), wrapWidth=1)
36.2824 	EXP 	Sound tProbe set volume 1.000
36.2838 	EXP 	Created you_done_goofed = TextStim(__class__=<class 'psychopy.visual.text.TextStim'>, alignHoriz=method-wrapper(...), alignText='center', alignVert=method-wrapper(...), anchorHoriz='center', anchorVert='center', antialias=True, autoLog=True, bold=False, color=array([1., 1., 1.]), colorSpace='rgb', contrast=1.0, depth=-1.0, flipHoriz=False, flipVert=False, font='Open Sans', fontFiles=[], height=0.05, italic=False, languageStyle='LTR', name='you_done_goofed', opacity=1, ori=0.0, pos=array([0., 0.]), rgb=UNKNOWN, text='', units='height', win=Window(...), wrapWidth=1)
36.6033 	EXP 	Created text_2 = TextStim(__class__=<class 'psychopy.visual.text.TextStim'>, alignHoriz=method-wrapper(...), alignText='center', alignVert=method-wrapper(...), anchorHoriz='center', anchorVert='center', antialias=True, autoLog=True, bold=False, color=array([1., 1., 1.]), colorSpace='rgb', contrast=1.0, depth=-2.0, flipHoriz=False, flipVert=False, font='Open Sans', fontFiles=[], height=0.05, italic=False, languageStyle='LTR', name='text_2', opacity=1, ori=0.0, pos=array([0., 0.]), rgb=UNKNOWN, text='', units='height', win=Window(...), wrapWidth=1)
36.6047 	EXP 	Created blank_txt = TextStim(__class__=<class 'psychopy.visual.text.TextStim'>, alignHoriz=method-wrapper(...), alignText='center', alignVert=method-wrapper(...), anchorHoriz='center', anchorVert='center', antialias=True, autoLog=True, bold=False, color=array([1., 1., 1.]), colorSpace='rgb', contrast=1.0, depth=0.0, flipHoriz=False, flipVert=False, font='Open Sans', fontFiles=[], height=0.1, italic=False, languageStyle='LTR', name='blank_txt', opacity=1, ori=0.0, pos=array([0., 0.]), rgb=UNKNOWN, text='', units='height', win=Window(...), wrapWidth=1)
36.6261 	EXP 	Sound probe set volume 1.000
36.6380 	EXP 	Created goodbye_text = TextStim(__class__=<class 'psychopy.visual.text.TextStim'>, alignHoriz=method-wrapper(...), alignText='center', alignVert=method-wrapper(...), anchorHoriz='center', anchorVert='center', antialias=True, autoLog=True, bold=False, color=array([1., 1., 1.]), colorSpace='rgb', contrast=1.0, depth=0.0, flipHoriz=False, flipVert=False, font='Open Sans', fontFiles=[], height=0.05, italic=False, languageStyle='LTR', name='goodbye_text', opacity=1, ori=0.0, pos=array([0., 0.]), rgb=UNKNOWN, text=str(...), units='height', win=Window(...), wrapWidth=1)
36.6446 	EXP 	Created fixation_cross = ShapeStim(__class__=<class 'psychopy.visual.shape.ShapeStim'>, anchor=('center', 'center'), autoDraw=False, autoLog=True, closeShape=True, color=method-wrapper(...), colorSpace='rgb', contrast=None, depth=-3.0, fillColor=array([1, 1, 1]), fillColorSpace='rgb', fillRGB=array([1, 1, 1]), interpolate=True, lineColor=array([1., 1., 1.]), lineColorSpace='rgb', lineRGB=array([1, 1, 1]), lineWidth=1.0, name='fixation_cross', opacity=1, ori=0.0, pos=array([0., 0.]), size=array([0.15, 0.15]), units='height', vertices=ndarray(...), win=Window(...), windingRule=None)
36.6612 	EXP 	text: autoDraw = True
90.1702 	DATA 	Keypress: space
90.1796 	EXP 	text: autoDraw = False
90.1796 	EXP 	blank_txt: autoDraw = True
91.1656 	EXP 	Created sequence: random, trialTypes=1, nReps=3, seed=None
91.1658 	EXP 	New trial (rep=0, index=0): None
91.1906 	EXP 	blank_txt: autoDraw = False
92.1731 	EXP 	Sound tProbe started
92.3919 	EXP 	Sound tProbe reached end of file
92.6196 	DATA 	Keypress: space
94.2369 	EXP 	you_done_goofed: height = 0.05
94.2369 	EXP 	you_done_goofed: height = 0.05
94.2369 	EXP 	you_done_goofed: text = "C'est très bien! \n            \n\nAppuyez sur n'importe quelle touche pour poursuivre."
94.2369 	EXP 	you_done_goofed: autoDraw = True
95.6956 	EXP 	New trial (rep=1, index=0): None
95.7018 	DATA 	Keypress: space
95.7113 	EXP 	you_done_goofed: autoDraw = False
96.6970 	EXP 	Sound tProbe started
96.9115 	EXP 	Sound tProbe reached end of file
97.1343 	DATA 	Keypress: space
98.7690 	EXP 	you_done_goofed: text = "C'est très bien! \n            \n\nAppuyez sur n'importe quelle touche pour poursuivre."
98.7690 	EXP 	you_done_goofed: autoDraw = True
99.9022 	EXP 	New trial (rep=2, index=0): None
99.9039 	DATA 	Keypress: space
99.9134 	EXP 	you_done_goofed: autoDraw = False
100.8977 	EXP 	Sound tProbe started
101.1118 	EXP 	Sound tProbe reached end of file
101.3148 	DATA 	Keypress: space
102.9708 	EXP 	you_done_goofed: text = "C'est très bien! \n            \n\nAppuyez sur n'importe quelle touche pour poursuivre."
102.9708 	EXP 	you_done_goofed: autoDraw = True
104.3765 	EXP 	Created fixation_cross = ShapeStim(__class__=<class 'psychopy.visual.shape.ShapeStim'>, anchor=('center', 'center'), autoDraw=False, autoLog=True, closeShape=True, color=method-wrapper(...), colorSpace='rgb', contrast=None, depth=-3.0, fillColor=array([1, 1, 1]), fillColorSpace='rgb', fillRGB=array([1, 1, 1]), interpolate=True, lineColor=array([1., 1., 1.]), lineColorSpace='rgb', lineRGB=array([1, 1, 1]), lineWidth=1.0, name='fixation_cross', opacity=1, ori=0.0, pos=array([0., 0.]), size=array([0.15, 0.15]), units='height', vertices=ndarray(...), win=Window(...), windingRule=None)
104.4012 	DATA 	Keypress: space
104.4132 	EXP 	you_done_goofed: autoDraw = False
104.4132 	EXP 	text_2: height = 0.05
104.4132 	EXP 	text_2: height = 0.05
104.4132 	EXP 	text_2: text = "Appuyez sur la barre d'espace dès que vous entendez un son. \n\n Les réponses enregistrées plus d'une seconde après le son ne seront pas comptabilisées. \n\n\n Appuyez sur n'importe quelle touche pour démarrer."
104.4132 	EXP 	text_2: autoDraw = True
108.0230 	DATA 	Keypress: space
108.0615 	EXP 	text_2: autoDraw = False
108.0615 	EXP 	blank_txt: autoDraw = True
109.0616 	EXP 	Created sequence: random, trialTypes=1, nReps=999, seed=None
109.0655 	EXP 	New trial (rep=0, index=0): None
109.1432 	EXP 	Sound probe started
109.1514 	EXP 	blank_txt: autoDraw = False
109.3600 	EXP 	Sound probe reached end of file
109.6122 	DATA 	Keypress: space
113.1821 	EXP 	New trial (rep=1, index=0): None
113.3807 	EXP 	Sound probe started
113.5999 	EXP 	Sound probe reached end of file
113.7977 	DATA 	Keypress: space
117.2824 	EXP 	New trial (rep=2, index=0): None
117.3499 	EXP 	Sound probe started
117.5680 	EXP 	Sound probe reached end of file
117.6849 	DATA 	Keypress: space
120.9707 	EXP 	New trial (rep=3, index=0): None
121.0500 	EXP 	Sound probe started
121.2678 	EXP 	Sound probe reached end of file
124.5137 	EXP 	New trial (rep=4, index=0): None
124.5185 	EXP 	Sound probe started
124.7315 	EXP 	Sound probe reached end of file
127.1482 	EXP 	New trial (rep=5, index=0): None
127.2258 	EXP 	Sound probe started
127.4399 	EXP 	Sound probe reached end of file
130.6866 	EXP 	New trial (rep=6, index=0): None
130.7661 	EXP 	Sound probe started
130.9798 	EXP 	Sound probe reached end of file
131.2061 	DATA 	Keypress: space
133.7898 	EXP 	New trial (rep=7, index=0): None
133.8648 	EXP 	Sound probe started
134.0800 	EXP 	Sound probe reached end of file
137.2617 	EXP 	New trial (rep=8, index=0): None
137.2654 	EXP 	Sound probe started
137.4764 	EXP 	Sound probe reached end of file
139.7601 	EXP 	New trial (rep=9, index=0): None
139.8343 	EXP 	Sound probe started
140.0478 	EXP 	Sound probe reached end of file
140.2536 	DATA 	Keypress: space
143.4984 	EXP 	New trial (rep=10, index=0): None
143.5717 	EXP 	Sound probe started
143.7877 	EXP 	Sound probe reached end of file
144.0186 	DATA 	Keypress: space
147.4962 	EXP 	New trial (rep=11, index=0): None
147.5695 	EXP 	Sound probe started
147.7877 	EXP 	Sound probe reached end of file
151.3716 	EXP 	New trial (rep=12, index=0): None
151.3787 	EXP 	Sound probe started
151.5957 	EXP 	Sound probe reached end of file
153.8080 	EXP 	New trial (rep=13, index=0): None
153.8823 	EXP 	Sound probe started
154.0956 	EXP 	Sound probe reached end of file
154.3332 	DATA 	Keypress: space
157.2182 	EXP 	New trial (rep=14, index=0): None
157.2949 	EXP 	Sound probe started
157.5075 	EXP 	Sound probe reached end of file
159.6958 	EXP 	New trial (rep=15, index=0): None
159.7637 	EXP 	Sound probe started
159.9756 	EXP 	Sound probe reached end of file
160.1922 	DATA 	Keypress: space
163.4666 	EXP 	New trial (rep=16, index=0): None
163.5318 	EXP 	Sound probe started
163.7438 	EXP 	Sound probe reached end of file
166.5121 	EXP 	New trial (rep=17, index=0): None
166.5134 	EXP 	Sound probe started
166.7239 	EXP 	Sound probe reached end of file
168.9299 	EXP 	New trial (rep=18, index=0): None
169.0010 	EXP 	Sound probe started
169.2157 	EXP 	Sound probe reached end of file
169.3781 	DATA 	Keypress: space
172.6953 	EXP 	New trial (rep=19, index=0): None
172.7669 	EXP 	Sound probe started
172.9837 	EXP 	Sound probe reached end of file
175.5090 	EXP 	New trial (rep=20, index=0): None
175.6107 	EXP 	Sound probe started
175.8237 	EXP 	Sound probe reached end of file
179.6019 	EXP 	New trial (rep=21, index=0): None
179.6093 	EXP 	Sound probe started
179.8239 	EXP 	Sound probe reached end of file
182.5724 	EXP 	New trial (rep=22, index=0): None
182.6487 	EXP 	Sound probe started
182.8637 	EXP 	Sound probe reached end of file
183.0583 	DATA 	Keypress: space
184.9142 	EXP 	New trial (rep=23, index=0): None
184.9872 	EXP 	Sound probe started
185.2036 	EXP 	Sound probe reached end of file
185.5207 	DATA 	Keypress: space
188.7097 	EXP 	New trial (rep=24, index=0): None
188.7870 	EXP 	Sound probe started
189.0036 	EXP 	Sound probe reached end of file
191.1877 	EXP 	New trial (rep=25, index=0): None
191.1916 	EXP 	Sound probe started
191.4115 	EXP 	Sound probe reached end of file
195.1489 	EXP 	New trial (rep=26, index=0): None
195.2270 	EXP 	Sound probe started
195.4436 	EXP 	Sound probe reached end of file
198.4656 	EXP 	New trial (rep=27, index=0): None
198.5381 	EXP 	Sound probe started
198.7435 	EXP 	Sound probe stopped
198.9664 	DATA 	Keypress: space
201.9228 	EXP 	New trial (rep=28, index=0): None
202.0048 	EXP 	Sound probe started
202.2238 	EXP 	Sound probe reached end of file
205.5073 	EXP 	New trial (rep=29, index=0): None
205.5090 	EXP 	Sound probe started
205.7233 	EXP 	Sound probe reached end of file
207.7967 	EXP 	New trial (rep=30, index=0): None
207.8732 	EXP 	Sound probe started
208.0917 	EXP 	Sound probe reached end of file
208.3429 	DATA 	Keypress: space
210.2336 	EXP 	New trial (rep=31, index=0): None
212.3469 	EXP 	Sound probe started
212.5596 	EXP 	Sound probe reached end of file
212.7769 	DATA 	Keypress: space
215.9207 	EXP 	New trial (rep=32, index=0): None
217.0965 	EXP 	Sound probe started
217.3115 	EXP 	Sound probe reached end of file
217.5901 	DATA 	Keypress: space
220.2481 	EXP 	New trial (rep=33, index=0): None
221.8896 	EXP 	Sound probe started
222.0996 	EXP 	Sound probe reached end of file
222.3426 	DATA 	Keypress: space
224.7514 	EXP 	New trial (rep=34, index=0): None
225.8904 	EXP 	Sound probe started
226.1013 	EXP 	Sound probe reached end of file
226.2832 	DATA 	Keypress: space
228.4238 	EXP 	New trial (rep=35, index=0): None
228.4277 	EXP 	Sound probe started
228.6397 	EXP 	Sound probe reached end of file
230.5844 	EXP 	New trial (rep=36, index=0): None
231.7321 	EXP 	Sound probe started
231.9516 	EXP 	Sound probe reached end of file
232.1085 	DATA 	Keypress: space
234.5010 	EXP 	New trial (rep=37, index=0): None
235.6748 	EXP 	Sound probe started
235.8918 	EXP 	Sound probe reached end of file
236.3431 	DATA 	Keypress: space
237.7011 	EXP 	New trial (rep=38, index=0): None
238.9614 	EXP 	Sound probe started
239.1674 	EXP 	Sound probe stopped
241.0158 	EXP 	New trial (rep=39, index=0): None
241.0169 	EXP 	Sound probe started
241.2274 	EXP 	Sound probe reached end of file
243.6803 	DATA 	Keypress: space
244.7736 	EXP 	New trial (rep=40, index=0): None
245.9995 	EXP 	Sound probe started
246.2077 	EXP 	Sound probe stopped
248.3976 	EXP 	New trial (rep=41, index=0): None
249.9056 	EXP 	Sound probe started
250.1195 	EXP 	Sound probe reached end of file
253.6111 	EXP 	New trial (rep=42, index=0): None
255.0014 	EXP 	Sound probe started
255.2197 	EXP 	Sound probe reached end of file
255.5000 	DATA 	Keypress: space
258.6310 	EXP 	New trial (rep=43, index=0): None
258.6323 	EXP 	Sound probe started
258.8475 	EXP 	Sound probe reached end of file
260.6871 	EXP 	New trial (rep=44, index=0): None
261.9956 	EXP 	Sound probe started
262.2076 	EXP 	Sound probe reached end of file
262.3704 	DATA 	Keypress: space
265.2286 	EXP 	New trial (rep=45, index=0): None
266.5031 	EXP 	Sound probe started
266.7156 	EXP 	Sound probe reached end of file
266.9452 	DATA 	Keypress: space
268.8205 	EXP 	New trial (rep=46, index=0): None
270.4305 	EXP 	Sound probe started
270.6475 	EXP 	Sound probe reached end of file
270.9505 	DATA 	Keypress: space
273.7339 	EXP 	New trial (rep=47, index=0): None
273.7386 	EXP 	Sound probe started
273.9555 	EXP 	Sound probe reached end of file
277.4375 	EXP 	New trial (rep=48, index=0): None
278.8435 	EXP 	Sound probe started
279.0556 	EXP 	Sound probe reached end of file
282.4411 	EXP 	New trial (rep=49, index=0): None
283.8225 	EXP 	Sound probe started
284.0356 	EXP 	Sound probe reached end of file
284.2983 	DATA 	Keypress: space
286.1923 	EXP 	New trial (rep=50, index=0): None
287.6169 	EXP 	Sound probe started
287.8276 	EXP 	Sound probe stopped
290.2874 	EXP 	New trial (rep=51, index=0): None
290.2918 	EXP 	Sound probe started
290.5035 	EXP 	Sound probe reached end of file
293.9882 	EXP 	New trial (rep=52, index=0): None
295.3903 	EXP 	Sound probe started
295.6035 	EXP 	Sound probe reached end of file
295.9280 	DATA 	Keypress: space
297.6899 	EXP 	New trial (rep=53, index=0): None
299.1745 	EXP 	Sound probe started
299.3836 	EXP 	Sound probe reached end of file
300.0070 	DATA 	Keypress: space
302.3292 	EXP 	New trial (rep=54, index=0): None
303.7689 	EXP 	Sound probe started
303.9833 	EXP 	Sound probe reached end of file
305.8669 	EXP 	New trial (rep=55, index=0): None
305.8707 	EXP 	Sound probe started
306.0832 	EXP 	Sound probe reached end of file
309.2614 	EXP 	New trial (rep=56, index=0): None
310.9367 	EXP 	Sound probe started
310.9920 	DATA 	Keypress: space
311.1356 	EXP 	Sound probe stopped
314.4489 	EXP 	New trial (rep=57, index=0): None
316.1148 	EXP 	Sound probe started
316.3315 	EXP 	Sound probe reached end of file
318.6330 	EXP 	New trial (rep=58, index=0): None
320.3266 	EXP 	Sound probe started
320.5435 	EXP 	Sound probe reached end of file
323.0416 	EXP 	New trial (rep=59, index=0): None
324.7944 	EXP 	Sound probe started
325.0036 	EXP 	Sound probe stopped
327.5204 	EXP 	New trial (rep=60, index=0): None
329.5629 	EXP 	Sound probe started
329.7730 	EXP 	Sound probe reached end of file
332.7662 	EXP 	New trial (rep=61, index=0): None
332.7704 	EXP 	Sound probe started
332.9834 	EXP 	Sound probe reached end of file
336.2962 	EXP 	New trial (rep=62, index=0): None
338.1565 	EXP 	Sound probe started
338.3715 	EXP 	Sound probe reached end of file
338.8146 	DATA 	Keypress: space
342.0291 	EXP 	New trial (rep=63, index=0): None
343.6765 	EXP 	Sound probe started
343.8914 	EXP 	Sound probe reached end of file
344.1597 	DATA 	Keypress: space
346.7415 	EXP 	New trial (rep=64, index=0): None
348.4091 	EXP 	Sound probe started
348.6198 	EXP 	Sound probe reached end of file
349.0997 	DATA 	Keypress: space
351.4727 	EXP 	New trial (rep=65, index=0): None
353.1857 	EXP 	Sound probe started
353.3996 	EXP 	Sound probe reached end of file
353.7080 	DATA 	Keypress: space
356.7515 	EXP 	New trial (rep=66, index=0): None
356.7526 	EXP 	Sound probe started
356.9713 	EXP 	Sound probe reached end of file
360.2905 	EXP 	New trial (rep=67, index=0): None
362.1036 	EXP 	Sound probe started
362.3196 	EXP 	Sound probe reached end of file
362.7649 	DATA 	Keypress: space
365.0607 	EXP 	New trial (rep=68, index=0): None
366.8076 	EXP 	Sound probe started
367.0275 	EXP 	Sound probe reached end of file
370.7478 	EXP 	New trial (rep=69, index=0): None
372.5940 	EXP 	Sound probe started
372.7996 	EXP 	Sound probe stopped
376.0715 	EXP 	New trial (rep=70, index=0): None
376.0733 	EXP 	Sound probe started
376.2895 	EXP 	Sound probe reached end of file
379.6358 	EXP 	New trial (rep=71, index=0): None
381.5480 	EXP 	Sound probe started
381.7595 	EXP 	Sound probe stopped
385.5063 	EXP 	New trial (rep=72, index=0): None
387.4223 	EXP 	Sound probe started
387.6396 	EXP 	Sound probe reached end of file
387.9695 	DATA 	Keypress: space
391.2229 	EXP 	New trial (rep=73, index=0): None
393.2753 	EXP 	Sound probe started
393.4953 	EXP 	Sound probe reached end of file
393.9055 	DATA 	Keypress: space
395.9782 	EXP 	New trial (rep=74, index=0): None
398.3685 	EXP 	Sound probe started
398.5755 	EXP 	Sound probe stopped
398.8547 	DATA 	Keypress: space
401.4098 	EXP 	New trial (rep=75, index=0): None
401.4110 	EXP 	Sound probe started
401.6274 	EXP 	Sound probe reached end of file
405.2689 	EXP 	New trial (rep=76, index=0): None
407.2930 	EXP 	Sound probe started
407.5073 	EXP 	Sound probe reached end of file
408.1913 	DATA 	Keypress: space
411.1251 	EXP 	New trial (rep=77, index=0): None
413.0191 	EXP 	Sound probe started
413.2274 	EXP 	Sound probe stopped
413.4558 	DATA 	Keypress: space
416.6125 	EXP 	New trial (rep=78, index=0): None
418.5324 	EXP 	Sound probe started
418.7433 	EXP 	Sound probe reached end of file
421.9188 	EXP 	New trial (rep=79, index=0): None
423.7972 	EXP 	Sound probe started
424.0035 	EXP 	Sound probe stopped
424.2988 	DATA 	Keypress: space
427.6519 	EXP 	New trial (rep=80, index=0): None
429.7919 	EXP 	Sound probe started
430.0035 	EXP 	Sound probe reached end of file
430.3027 	DATA 	Keypress: space
432.0916 	EXP 	New trial (rep=81, index=0): None
434.1917 	EXP 	Sound probe started
434.4060 	EXP 	Sound probe reached end of file
437.9939 	EXP 	New trial (rep=82, index=0): None
440.1070 	EXP 	Sound probe started
440.3234 	EXP 	Sound probe reached end of file
443.6015 	EXP 	New trial (rep=83, index=0): None
445.8368 	EXP 	Sound probe started
446.0514 	EXP 	Sound probe reached end of file
446.3855 	DATA 	Keypress: space
448.8747 	EXP 	New trial (rep=84, index=0): None
448.8768 	EXP 	Sound probe started
449.0917 	EXP 	Sound probe reached end of file
451.0081 	EXP 	New trial (rep=85, index=0): None
453.3765 	EXP 	Sound probe started
453.5946 	EXP 	Sound probe reached end of file
455.6011 	EXP 	New trial (rep=86, index=0): None
457.7655 	EXP 	Sound probe started
457.9714 	EXP 	Sound probe stopped
460.4437 	EXP 	New trial (rep=87, index=0): None
463.4203 	EXP 	Sound probe started
463.4210 	DATA 	Keypress: space
463.6315 	EXP 	Sound probe reached end of file
466.9963 	EXP 	New trial (rep=88, index=0): None
469.4597 	EXP 	Sound probe started
469.6794 	EXP 	Sound probe reached end of file
470.0141 	DATA 	Keypress: space
473.0419 	EXP 	New trial (rep=89, index=0): None
475.4272 	EXP 	Sound probe started
475.6395 	EXP 	Sound probe reached end of file
477.5078 	EXP 	New trial (rep=90, index=0): None
477.5106 	EXP 	Sound probe started
477.7193 	EXP 	Sound probe reached end of file
480.9732 	EXP 	New trial (rep=91, index=0): None
483.3930 	EXP 	Sound probe started
483.6110 	EXP 	Sound probe reached end of file
483.8900 	DATA 	Keypress: space
487.0574 	EXP 	New trial (rep=92, index=0): None
489.4792 	EXP 	Sound probe started
489.6872 	EXP 	Sound probe stopped
492.9098 	EXP 	New trial (rep=93, index=0): None
495.5269 	EXP 	Sound probe started
495.7395 	EXP 	Sound probe reached end of file
498.0294 	EXP 	New trial (rep=94, index=0): None
500.6561 	EXP 	Sound probe started
500.8673 	EXP 	Sound probe reached end of file
504.1604 	EXP 	New trial (rep=95, index=0): None
506.7071 	EXP 	Sound probe started
506.9274 	EXP 	Sound probe reached end of file
508.9956 	EXP 	New trial (rep=96, index=0): None
508.9984 	EXP 	Sound probe started
509.2073 	EXP 	Sound probe reached end of file
511.0744 	EXP 	New trial (rep=97, index=0): None
513.8508 	EXP 	Sound probe started
514.0674 	EXP 	Sound probe reached end of file
517.0395 	EXP 	New trial (rep=98, index=0): None
519.6303 	EXP 	Sound probe started
519.8353 	EXP 	Sound probe stopped
520.0978 	DATA 	Keypress: space
523.4505 	EXP 	New trial (rep=99, index=0): None
526.2168 	EXP 	Sound probe started
526.4351 	EXP 	Sound probe reached end of file
528.8299 	EXP 	New trial (rep=100, index=0): None
528.8312 	EXP 	Sound probe started
529.0474 	EXP 	Sound probe reached end of file
530.9327 	EXP 	New trial (rep=101, index=0): None
533.5988 	EXP 	Sound probe started
533.8153 	EXP 	Sound probe reached end of file
537.1327 	EXP 	New trial (rep=102, index=0): None
539.9816 	EXP 	Sound probe started
540.1955 	EXP 	Sound probe reached end of file
543.4682 	EXP 	New trial (rep=103, index=0): None
546.3467 	EXP 	Sound probe started
546.5633 	EXP 	Sound probe reached end of file
547.0174 	DATA 	Keypress: space
549.9089 	EXP 	New trial (rep=104, index=0): None
553.0773 	EXP 	Sound probe started
553.2950 	EXP 	Sound probe reached end of file
553.5647 	DATA 	Keypress: space
556.8725 	EXP 	New trial (rep=105, index=0): None
559.8041 	EXP 	Sound probe started
560.0152 	EXP 	Sound probe stopped
562.6187 	EXP 	New trial (rep=106, index=0): None
565.6566 	EXP 	Sound probe started
565.8744 	EXP 	Sound probe reached end of file
566.4808 	DATA 	Keypress: space
568.2686 	EXP 	New trial (rep=107, index=0): None
571.5553 	EXP 	Sound probe started
571.7715 	EXP 	Sound probe reached end of file
574.0344 	EXP 	New trial (rep=108, index=0): None
576.6579 	EXP 	Sound probe started
576.8715 	EXP 	Sound probe reached end of file
577.2208 	DATA 	Keypress: space
579.8019 	EXP 	New trial (rep=109, index=0): None
582.7853 	EXP 	Sound probe started
583.0031 	EXP 	Sound probe reached end of file
585.6011 	EXP 	New trial (rep=110, index=0): None
588.3604 	EXP 	Sound probe started
588.5712 	EXP 	Sound probe reached end of file
589.0207 	DATA 	Keypress: space
592.4092 	EXP 	New trial (rep=111, index=0): None
595.0892 	EXP 	Sound probe started
595.2993 	EXP 	Sound probe reached end of file
595.8279 	DATA 	Keypress: space
598.7646 	EXP 	New trial (rep=112, index=0): None
601.4617 	EXP 	Sound probe started
601.6789 	EXP 	Sound probe reached end of file
605.0044 	EXP 	New trial (rep=113, index=0): None
607.8972 	EXP 	Sound probe started
608.0993 	EXP 	Sound probe stopped
610.7899 	EXP 	New trial (rep=114, index=0): None
610.7913 	EXP 	Sound probe started
610.9991 	EXP 	Sound probe stopped
613.3592 	EXP 	New trial (rep=115, index=0): None
616.2108 	EXP 	Sound probe started
616.4270 	EXP 	Sound probe reached end of file
616.8391 	DATA 	Keypress: space
618.3429 	EXP 	New trial (rep=116, index=0): None
621.2548 	EXP 	Sound probe started
621.4671 	EXP 	Sound probe reached end of file
621.7546 	DATA 	Keypress: space
623.3874 	EXP 	New trial (rep=117, index=0): None
626.3517 	EXP 	Sound probe started
626.5691 	EXP 	Sound probe reached end of file
630.3229 	EXP 	New trial (rep=118, index=0): None
633.5947 	EXP 	Sound probe started
633.8069 	EXP 	Sound probe reached end of file
636.1295 	EXP 	New trial (rep=119, index=0): None
636.1321 	EXP 	Sound probe started
636.3469 	EXP 	Sound probe reached end of file
639.7649 	EXP 	New trial (rep=120, index=0): None
642.7589 	EXP 	Sound probe started
642.9673 	EXP 	Sound probe stopped
645.2735 	EXP 	New trial (rep=121, index=0): None
648.3120 	EXP 	Sound probe started
648.5271 	EXP 	Sound probe reached end of file
651.6379 	EXP 	New trial (rep=122, index=0): None
654.7211 	EXP 	Sound probe started
654.9352 	EXP 	Sound probe reached end of file
656.8763 	EXP 	New trial (rep=123, index=0): None
659.9563 	EXP 	Sound probe started
660.1749 	EXP 	Sound probe reached end of file
663.3915 	EXP 	New trial (rep=124, index=0): None
663.4018 	EXP 	Sound probe stopped
663.4275 	EXP 	goodbye_text: autoDraw = True
665.9171 	DATA 	Keypress: space
665.9270 	EXP 	goodbye_text: autoDraw = False
666.0190 	EXP 	window1: mouseVisible = True
