15.3619 	WARNING 	User requested fullscreen with size [2560 1440], but screen is actually [3840, 2160]. Using actual size
18.4136 	WARNING 	Couldn't measure a consistent frame rate!
  - Is your graphics card set to sync to vertical blank?
  - Are you running other processes on your computer?

18.4148 	EXP 	Created window1 = Window(allowGUI=False, allowStencil=False, autoLog=True, backendConf=UNKNOWN, bitsMode=UNKNOWN, blendMode='avg', bpc=(8, 8, 8), color=array([0, 0, 0]), colorSpace='rgb', depthBits=8, fullscr=<method-wrapper '__getattribute__' of attributeSetter object at 0x000002B8534E8AF0>, gamma=None, gammaErrorPolicy='raise', lms=UNKNOWN, monitor=<psychopy.monitors.calibTools.Monitor object at 0x000002B858BB4040>, multiSample=False, name='window1', numSamples=2, pos=(0, 0), screen=0, size=array([3840, 2160]), stencilBits=0, stereo=False, units='height', useFBO=True, useRetina=False, viewOri=0.0, viewPos=None, viewScale=None, waitBlanking=True, winType='pyglet')
18.4158 	EXP 	window1: mouseVisible = True
18.4159 	EXP 	window1: Attempting to measure frame rate of screen (0) ...
18.4159 	EXP 	window1: recordFrameIntervals = False
18.5854 	EXP 	window1: recordFrameIntervals = True
18.6452 	WARNING 	t of last frame was 21.01ms (=1/47)
18.7134 	WARNING 	t of last frame was 28.25ms (=1/35)
18.7453 	WARNING 	t of last frame was 21.03ms (=1/47)
18.8138 	WARNING 	t of last frame was 28.62ms (=1/34)
18.8457 	WARNING 	Multiple dropped frames have occurred - I'll stop bothering you about them!
20.3820 	WARNING 	Couldn't measure a consistent frame rate!
  - Is your graphics card set to sync to vertical blank?
  - Are you running other processes on your computer?

34.8074 	EXP 	Created text = TextStim(__class__=<class 'psychopy.visual.text.TextStim'>, alignHoriz=method-wrapper(...), alignText='center', alignVert=method-wrapper(...), anchorHoriz='center', anchorVert='center', antialias=True, autoLog=True, bold=False, color=array([1., 1., 1.]), colorSpace='rgb', contrast=1.0, depth=-3.0, flipHoriz=False, flipVert=False, font='Open Sans', fontFiles=[], height=0.05, italic=False, languageStyle='LTR', name='text', opacity=1, ori=0.0, pos=array([0., 0.]), rgb=UNKNOWN, text=str(...), units='height', win=Window(...), wrapWidth=1)
34.8093 	EXP 	Created blank_txt = TextStim(__class__=<class 'psychopy.visual.text.TextStim'>, alignHoriz=method-wrapper(...), alignText='center', alignVert=method-wrapper(...), anchorHoriz='center', anchorVert='center', antialias=True, autoLog=True, bold=False, color=array([1., 1., 1.]), colorSpace='rgb', contrast=1.0, depth=0.0, flipHoriz=False, flipVert=False, font='Open Sans', fontFiles=[], height=0.1, italic=False, languageStyle='LTR', name='blank_txt', opacity=1, ori=0.0, pos=array([0., 0.]), rgb=UNKNOWN, text='', units='height', win=Window(...), wrapWidth=1)
34.9045 	EXP 	Sound tProbe set volume 1.000
34.9059 	EXP 	Created you_done_goofed = TextStim(__class__=<class 'psychopy.visual.text.TextStim'>, alignHoriz=method-wrapper(...), alignText='center', alignVert=method-wrapper(...), anchorHoriz='center', anchorVert='center', antialias=True, autoLog=True, bold=False, color=array([1., 1., 1.]), colorSpace='rgb', contrast=1.0, depth=-1.0, flipHoriz=False, flipVert=False, font='Open Sans', fontFiles=[], height=0.05, italic=False, languageStyle='LTR', name='you_done_goofed', opacity=1, ori=0.0, pos=array([0., 0.]), rgb=UNKNOWN, text='', units='height', win=Window(...), wrapWidth=1)
35.2157 	EXP 	Created text_2 = TextStim(__class__=<class 'psychopy.visual.text.TextStim'>, alignHoriz=method-wrapper(...), alignText='center', alignVert=method-wrapper(...), anchorHoriz='center', anchorVert='center', antialias=True, autoLog=True, bold=False, color=array([1., 1., 1.]), colorSpace='rgb', contrast=1.0, depth=-2.0, flipHoriz=False, flipVert=False, font='Open Sans', fontFiles=[], height=0.05, italic=False, languageStyle='LTR', name='text_2', opacity=1, ori=0.0, pos=array([0., 0.]), rgb=UNKNOWN, text='', units='height', win=Window(...), wrapWidth=1)
35.2170 	EXP 	Created blank_txt = TextStim(__class__=<class 'psychopy.visual.text.TextStim'>, alignHoriz=method-wrapper(...), alignText='center', alignVert=method-wrapper(...), anchorHoriz='center', anchorVert='center', antialias=True, autoLog=True, bold=False, color=array([1., 1., 1.]), colorSpace='rgb', contrast=1.0, depth=0.0, flipHoriz=False, flipVert=False, font='Open Sans', fontFiles=[], height=0.1, italic=False, languageStyle='LTR', name='blank_txt', opacity=1, ori=0.0, pos=array([0., 0.]), rgb=UNKNOWN, text='', units='height', win=Window(...), wrapWidth=1)
35.2425 	EXP 	Sound probe set volume 1.000
35.2541 	EXP 	Created goodbye_text = TextStim(__class__=<class 'psychopy.visual.text.TextStim'>, alignHoriz=method-wrapper(...), alignText='center', alignVert=method-wrapper(...), anchorHoriz='center', anchorVert='center', antialias=True, autoLog=True, bold=False, color=array([1., 1., 1.]), colorSpace='rgb', contrast=1.0, depth=0.0, flipHoriz=False, flipVert=False, font='Open Sans', fontFiles=[], height=0.05, italic=False, languageStyle='LTR', name='goodbye_text', opacity=1, ori=0.0, pos=array([0., 0.]), rgb=UNKNOWN, text=str(...), units='height', win=Window(...), wrapWidth=1)
35.2609 	EXP 	Created fixation_cross = ShapeStim(__class__=<class 'psychopy.visual.shape.ShapeStim'>, anchor=('center', 'center'), autoDraw=False, autoLog=True, closeShape=True, color=method-wrapper(...), colorSpace='rgb', contrast=None, depth=-3.0, fillColor=array([1, 1, 1]), fillColorSpace='rgb', fillRGB=array([1, 1, 1]), interpolate=True, lineColor=array([1., 1., 1.]), lineColorSpace='rgb', lineRGB=array([1, 1, 1]), lineWidth=1.0, name='fixation_cross', opacity=1, ori=0.0, pos=array([0., 0.]), size=array([0.15, 0.15]), units='height', vertices=ndarray(...), win=Window(...), windingRule=None)
35.2758 	EXP 	text: autoDraw = True
47.4670 	DATA 	Keypress: e
47.4775 	EXP 	text: autoDraw = False
47.4775 	EXP 	blank_txt: autoDraw = True
48.4808 	EXP 	Created sequence: random, trialTypes=1, nReps=3, seed=None
48.4810 	EXP 	New trial (rep=0, index=0): None
48.4925 	EXP 	blank_txt: autoDraw = False
49.4780 	EXP 	Sound tProbe started
49.6977 	EXP 	Sound tProbe reached end of file
49.9142 	DATA 	Keypress: space
51.5305 	EXP 	you_done_goofed: height = 0.05
51.5305 	EXP 	you_done_goofed: height = 0.05
51.5305 	EXP 	you_done_goofed: text = "C'est très bien! \n            \n\nAppuyez sur n'importe quelle touche pour poursuivre."
51.5305 	EXP 	you_done_goofed: autoDraw = True
53.4901 	EXP 	New trial (rep=1, index=0): None
53.4919 	DATA 	Keypress: g
53.5179 	EXP 	you_done_goofed: autoDraw = False
54.4788 	EXP 	Sound tProbe started
54.6976 	EXP 	Sound tProbe reached end of file
54.8640 	DATA 	Keypress: space
56.5237 	EXP 	you_done_goofed: text = "C'est très bien! \n            \n\nAppuyez sur n'importe quelle touche pour poursuivre."
56.5237 	EXP 	you_done_goofed: autoDraw = True
58.4492 	EXP 	New trial (rep=2, index=0): None
58.4509 	DATA 	Keypress: r
58.4602 	EXP 	you_done_goofed: autoDraw = False
59.4346 	EXP 	Sound tProbe started
59.6452 	EXP 	Sound tProbe reached end of file
59.7240 	DATA 	Keypress: space
61.4865 	EXP 	you_done_goofed: text = "C'est très bien! \n            \n\nAppuyez sur n'importe quelle touche pour poursuivre."
61.4865 	EXP 	you_done_goofed: autoDraw = True
63.0641 	EXP 	Created fixation_cross = ShapeStim(__class__=<class 'psychopy.visual.shape.ShapeStim'>, anchor=('center', 'center'), autoDraw=False, autoLog=True, closeShape=True, color=method-wrapper(...), colorSpace='rgb', contrast=None, depth=-3.0, fillColor=array([1, 1, 1]), fillColorSpace='rgb', fillRGB=array([1, 1, 1]), interpolate=True, lineColor=array([1., 1., 1.]), lineColorSpace='rgb', lineRGB=array([1, 1, 1]), lineWidth=1.0, name='fixation_cross', opacity=1, ori=0.0, pos=array([0., 0.]), size=array([0.15, 0.15]), units='height', vertices=ndarray(...), win=Window(...), windingRule=None)
63.0853 	DATA 	Keypress: space
63.0956 	EXP 	you_done_goofed: autoDraw = False
63.0956 	EXP 	text_2: height = 0.05
63.0956 	EXP 	text_2: height = 0.05
63.0956 	EXP 	text_2: text = "Appuyez sur la barre d'espace dès que vous entendez un son. \n\n Les réponses enregistrées plus d'une seconde après le son ne seront pas comptabilisées. \n\n\n Appuyez sur n'importe quelle touche pour démarrer."
63.0956 	EXP 	text_2: autoDraw = True
67.3018 	DATA 	Keypress: space
67.3117 	EXP 	text_2: autoDraw = False
67.3117 	EXP 	blank_txt: autoDraw = True
68.3054 	EXP 	Created sequence: random, trialTypes=1, nReps=999, seed=None
68.3079 	EXP 	New trial (rep=0, index=0): None
69.0594 	EXP 	Sound probe started
69.0686 	EXP 	blank_txt: autoDraw = False
69.0686 	EXP 	blank_txt: autoDraw = False
69.2736 	EXP 	Sound probe reached end of file
69.4783 	DATA 	Keypress: space
72.9217 	EXP 	New trial (rep=1, index=0): None
73.0746 	EXP 	Sound probe started
73.2856 	EXP 	Sound probe stopped
73.5736 	DATA 	Keypress: space
75.5537 	EXP 	New trial (rep=2, index=0): None
75.6277 	EXP 	Sound probe started
75.8455 	EXP 	Sound probe reached end of file
76.5230 	DATA 	Keypress: space
78.3539 	EXP 	New trial (rep=3, index=0): None
78.4266 	EXP 	Sound probe started
78.6455 	EXP 	Sound probe reached end of file
79.0083 	DATA 	Keypress: space
82.1418 	EXP 	New trial (rep=4, index=0): None
82.1432 	EXP 	Sound probe started
82.3534 	EXP 	Sound probe reached end of file
85.1776 	EXP 	New trial (rep=5, index=0): None
85.2448 	EXP 	Sound probe started
85.4533 	EXP 	Sound probe reached end of file
88.5681 	EXP 	New trial (rep=6, index=0): None
88.6451 	EXP 	Sound probe started
88.8615 	EXP 	Sound probe reached end of file
91.1055 	EXP 	New trial (rep=7, index=0): None
91.1830 	EXP 	Sound probe started
91.4015 	EXP 	Sound probe reached end of file
91.8273 	DATA 	Keypress: space
94.3436 	EXP 	New trial (rep=8, index=0): None
94.3502 	EXP 	Sound probe started
94.5636 	EXP 	Sound probe reached end of file
97.5894 	EXP 	New trial (rep=9, index=0): None
97.6610 	EXP 	Sound probe started
97.8735 	EXP 	Sound probe reached end of file
100.4561 	EXP 	New trial (rep=10, index=0): None
100.5334 	EXP 	Sound probe started
100.7415 	EXP 	Sound probe stopped
101.0462 	DATA 	Keypress: space
102.9124 	EXP 	New trial (rep=11, index=0): None
102.9893 	EXP 	Sound probe started
103.2012 	EXP 	Sound probe reached end of file
105.7808 	EXP 	New trial (rep=12, index=0): None
105.7877 	EXP 	Sound probe started
106.0012 	EXP 	Sound probe reached end of file
108.2433 	DATA 	Keypress: space
109.7383 	EXP 	New trial (rep=13, index=0): None
109.8080 	EXP 	Sound probe started
110.0217 	EXP 	Sound probe reached end of file
112.0587 	EXP 	New trial (rep=14, index=0): None
112.1328 	EXP 	Sound probe started
112.3414 	EXP 	Sound probe reached end of file
112.5748 	DATA 	Keypress: space
114.2294 	EXP 	New trial (rep=15, index=0): None
114.3066 	EXP 	Sound probe started
114.5214 	EXP 	Sound probe reached end of file
116.8630 	DATA 	Keypress: space
117.0005 	EXP 	New trial (rep=16, index=0): None
117.0056 	EXP 	Sound probe started
117.2216 	EXP 	Sound probe reached end of file
119.3321 	EXP 	New trial (rep=17, index=0): None
119.4079 	EXP 	Sound probe started
119.6215 	EXP 	Sound probe reached end of file
119.8808 	DATA 	Keypress: space
123.0391 	EXP 	New trial (rep=18, index=0): None
123.1138 	EXP 	Sound probe started
123.3295 	EXP 	Sound probe reached end of file
123.6250 	DATA 	Keypress: space
126.7556 	EXP 	New trial (rep=19, index=0): None
126.8310 	EXP 	Sound probe started
127.0495 	EXP 	Sound probe reached end of file
128.8442 	EXP 	New trial (rep=20, index=0): None
128.8496 	EXP 	Sound probe started
129.0695 	EXP 	Sound probe reached end of file
130.9259 	EXP 	New trial (rep=21, index=0): None
131.0144 	EXP 	Sound probe started
131.2292 	EXP 	Sound probe reached end of file
131.4998 	DATA 	Keypress: space
133.6786 	EXP 	New trial (rep=22, index=0): None
133.7505 	EXP 	Sound probe started
133.9694 	EXP 	Sound probe reached end of file
137.5311 	EXP 	New trial (rep=23, index=0): None
137.5982 	EXP 	Sound probe started
137.8094 	EXP 	Sound probe reached end of file
139.9356 	EXP 	New trial (rep=24, index=0): None
139.9371 	EXP 	Sound probe started
140.1493 	EXP 	Sound probe reached end of file
142.8032 	EXP 	New trial (rep=25, index=0): None
142.8712 	EXP 	Sound probe started
143.0894 	EXP 	Sound probe reached end of file
143.4118 	DATA 	Keypress: space
145.8614 	EXP 	New trial (rep=26, index=0): None
145.9341 	EXP 	Sound probe started
146.1494 	EXP 	Sound probe reached end of file
149.6320 	EXP 	New trial (rep=27, index=0): None
149.7065 	EXP 	Sound probe started
149.9172 	EXP 	Sound probe reached end of file
150.1514 	DATA 	Keypress: space
153.3689 	EXP 	New trial (rep=28, index=0): None
153.3729 	EXP 	Sound probe started
153.5893 	EXP 	Sound probe reached end of file
155.4028 	EXP 	New trial (rep=29, index=0): None
155.4743 	EXP 	Sound probe started
155.6897 	EXP 	Sound probe reached end of file
157.6727 	EXP 	New trial (rep=30, index=0): None
157.7475 	EXP 	Sound probe started
157.9571 	EXP 	Sound probe reached end of file
161.7757 	EXP 	New trial (rep=31, index=0): None
161.8451 	EXP 	Sound probe started
162.0576 	EXP 	Sound probe reached end of file
162.2417 	DATA 	Keypress: space
164.6492 	EXP 	New trial (rep=32, index=0): None
164.6507 	EXP 	Sound probe started
164.8651 	EXP 	Sound probe reached end of file
167.0828 	EXP 	New trial (rep=33, index=0): None
167.1574 	EXP 	Sound probe started
167.3774 	EXP 	Sound probe reached end of file
168.5618 	DATA 	Keypress: space
169.8854 	EXP 	New trial (rep=34, index=0): None
169.9522 	EXP 	Sound probe started
170.1654 	EXP 	Sound probe reached end of file
170.3385 	DATA 	Keypress: space
173.6260 	EXP 	New trial (rep=35, index=0): None
175.3899 	EXP 	Sound probe started
175.6054 	EXP 	Sound probe reached end of file
178.8650 	EXP 	New trial (rep=36, index=0): None
178.8682 	EXP 	Sound probe started
179.0852 	EXP 	Sound probe reached end of file
182.2084 	EXP 	New trial (rep=37, index=0): None
183.3728 	EXP 	Sound probe started
183.5771 	EXP 	Sound probe stopped
183.7909 	DATA 	Keypress: space
186.2644 	EXP 	New trial (rep=38, index=0): None
187.5130 	EXP 	Sound probe started
187.7252 	EXP 	Sound probe reached end of file
187.9248 	DATA 	Keypress: space
191.4454 	EXP 	New trial (rep=39, index=0): None
192.6192 	EXP 	Sound probe started
192.8337 	EXP 	Sound probe reached end of file
196.0874 	EXP 	New trial (rep=40, index=0): None
197.5442 	EXP 	Sound probe started
197.7542 	EXP 	Sound probe reached end of file
199.4032 	DATA 	Keypress: space
199.7550 	EXP 	New trial (rep=41, index=0): None
199.7562 	EXP 	Sound probe started
199.9734 	EXP 	Sound probe reached end of file
202.8560 	EXP 	New trial (rep=42, index=0): None
204.1995 	EXP 	Sound probe started
204.4134 	EXP 	Sound probe reached end of file
204.5950 	DATA 	Keypress: space
206.4828 	EXP 	New trial (rep=43, index=0): None
207.7308 	EXP 	Sound probe started
207.9452 	EXP 	Sound probe reached end of file
211.6975 	EXP 	New trial (rep=44, index=0): None
212.9856 	EXP 	Sound probe started
213.2054 	EXP 	Sound probe reached end of file
213.4516 	DATA 	Keypress: space
215.1295 	EXP 	New trial (rep=45, index=0): None
216.4231 	EXP 	Sound probe started
216.6414 	EXP 	Sound probe reached end of file
216.9187 	DATA 	Keypress: space
218.5382 	EXP 	New trial (rep=46, index=0): None
219.9426 	EXP 	Sound probe started
220.1614 	EXP 	Sound probe reached end of file
220.5045 	DATA 	Keypress: space
222.8789 	EXP 	New trial (rep=47, index=0): None
222.8800 	EXP 	Sound probe started
223.0931 	EXP 	Sound probe reached end of file
225.1195 	EXP 	New trial (rep=48, index=0): None
226.4841 	EXP 	Sound probe started
226.7014 	EXP 	Sound probe reached end of file
229.3575 	EXP 	New trial (rep=49, index=0): None
231.0350 	EXP 	Sound probe started
231.1873 	DATA 	Keypress: space
231.2542 	EXP 	Sound probe reached end of file
233.4564 	EXP 	New trial (rep=50, index=0): None
234.7800 	EXP 	Sound probe started
234.9815 	EXP 	Sound probe stopped
237.1974 	EXP 	New trial (rep=51, index=0): None
237.2009 	EXP 	Sound probe started
237.4134 	EXP 	Sound probe reached end of file
241.1349 	EXP 	New trial (rep=52, index=0): None
242.5979 	EXP 	Sound probe started
242.8093 	EXP 	Sound probe reached end of file
243.0433 	DATA 	Keypress: space
244.6331 	EXP 	New trial (rep=53, index=0): None
246.0802 	EXP 	Sound probe started
246.2893 	EXP 	Sound probe reached end of file
248.6756 	EXP 	New trial (rep=54, index=0): None
250.1641 	EXP 	Sound probe started
250.3815 	EXP 	Sound probe reached end of file
250.5610 	DATA 	Keypress: space
252.9272 	EXP 	New trial (rep=55, index=0): None
254.4707 	EXP 	Sound probe started
254.6893 	EXP 	Sound probe reached end of file
257.3777 	EXP 	New trial (rep=56, index=0): None
258.8685 	EXP 	Sound probe started
259.0819 	EXP 	Sound probe reached end of file
262.8776 	EXP 	New trial (rep=57, index=0): None
264.3755 	EXP 	Sound probe started
264.5897 	EXP 	Sound probe reached end of file
264.6586 	DATA 	Keypress: space
267.8633 	EXP 	New trial (rep=58, index=0): None
269.3946 	EXP 	Sound probe started
269.6094 	EXP 	Sound probe reached end of file
269.8073 	DATA 	Keypress: space
272.1807 	EXP 	New trial (rep=59, index=0): None
273.7694 	EXP 	Sound probe started
273.9773 	EXP 	Sound probe stopped
274.2817 	DATA 	Keypress: space
276.1313 	EXP 	New trial (rep=60, index=0): None
276.1324 	EXP 	Sound probe started
276.3491 	EXP 	Sound probe reached end of file
279.1171 	EXP 	New trial (rep=61, index=0): None
280.6508 	EXP 	Sound probe started
280.8571 	EXP 	Sound probe stopped
281.0779 	DATA 	Keypress: space
283.4439 	EXP 	New trial (rep=62, index=0): None
285.0224 	EXP 	Sound probe started
285.2410 	EXP 	Sound probe reached end of file
286.3500 	DATA 	Keypress: space
288.1367 	EXP 	New trial (rep=63, index=0): None
289.9971 	EXP 	Sound probe started
290.1970 	EXP 	Sound probe stopped
292.0558 	EXP 	New trial (rep=64, index=0): None
292.0596 	EXP 	Sound probe stopped
292.0837 	EXP 	goodbye_text: autoDraw = True
294.2248 	DATA 	Keypress: space
294.2558 	EXP 	goodbye_text: autoDraw = False
294.3660 	EXP 	window1: mouseVisible = True
