25.8589 	WARNING 	User requested fullscreen with size [2560 1440], but screen is actually [3840, 2160]. Using actual size
29.2626 	WARNING 	Couldn't measure a consistent frame rate!
  - Is your graphics card set to sync to vertical blank?
  - Are you running other processes on your computer?

29.2636 	EXP 	Created window1 = Window(allowGUI=False, allowStencil=False, autoLog=True, backendConf=UNKNOWN, bitsMode=UNKNOWN, blendMode='avg', bpc=(8, 8, 8), color=array([0, 0, 0]), colorSpace='rgb', depthBits=8, fullscr=<method-wrapper '__getattribute__' of attributeSetter object at 0x00000151335B7B20>, gamma=None, gammaErrorPolicy='raise', lms=UNKNOWN, monitor=<psychopy.monitors.calibTools.Monitor object at 0x00000151352650A0>, multiSample=False, name='window1', numSamples=2, pos=(0, 0), screen=0, size=array([3840, 2160]), stencilBits=0, stereo=False, units='height', useFBO=True, useRetina=False, viewOri=0.0, viewPos=None, viewScale=None, waitBlanking=True, winType='pyglet')
29.2643 	EXP 	window1: mouseVisible = True
29.2643 	EXP 	window1: Attempting to measure frame rate of screen (0) ...
29.2644 	EXP 	window1: recordFrameIntervals = False
29.4475 	EXP 	window1: recordFrameIntervals = True
29.5339 	WARNING 	t of last frame was 26.36ms (=1/37)
29.5659 	WARNING 	t of last frame was 31.95ms (=1/31)
29.5960 	WARNING 	t of last frame was 30.16ms (=1/33)
29.6338 	WARNING 	t of last frame was 26.16ms (=1/38)
29.6664 	WARNING 	Multiple dropped frames have occurred - I'll stop bothering you about them!
31.5678 	WARNING 	Couldn't measure a consistent frame rate!
  - Is your graphics card set to sync to vertical blank?
  - Are you running other processes on your computer?

34.8825 	EXP 	Created text = TextStim(__class__=<class 'psychopy.visual.text.TextStim'>, alignHoriz=method-wrapper(...), alignText='center', alignVert=method-wrapper(...), anchorHoriz='center', anchorVert='center', antialias=True, autoLog=True, bold=False, color=array([1., 1., 1.]), colorSpace='rgb', contrast=1.0, depth=-3.0, flipHoriz=False, flipVert=False, font='Open Sans', fontFiles=[], height=0.05, italic=False, languageStyle='LTR', name='text', opacity=1, ori=0.0, pos=array([0., 0.]), rgb=UNKNOWN, text=str(...), units='height', win=Window(...), wrapWidth=1)
34.8842 	EXP 	Created blank_txt = TextStim(__class__=<class 'psychopy.visual.text.TextStim'>, alignHoriz=method-wrapper(...), alignText='center', alignVert=method-wrapper(...), anchorHoriz='center', anchorVert='center', antialias=True, autoLog=True, bold=False, color=array([1., 1., 1.]), colorSpace='rgb', contrast=1.0, depth=0.0, flipHoriz=False, flipVert=False, font='Open Sans', fontFiles=[], height=0.1, italic=False, languageStyle='LTR', name='blank_txt', opacity=1, ori=0.0, pos=array([0., 0.]), rgb=UNKNOWN, text='', units='height', win=Window(...), wrapWidth=1)
34.9944 	EXP 	Sound tProbe set volume 1.000
34.9956 	EXP 	Created you_done_goofed = TextStim(__class__=<class 'psychopy.visual.text.TextStim'>, alignHoriz=method-wrapper(...), alignText='center', alignVert=method-wrapper(...), anchorHoriz='center', anchorVert='center', antialias=True, autoLog=True, bold=False, color=array([1., 1., 1.]), colorSpace='rgb', contrast=1.0, depth=-1.0, flipHoriz=False, flipVert=False, font='Open Sans', fontFiles=[], height=0.05, italic=False, languageStyle='LTR', name='you_done_goofed', opacity=1, ori=0.0, pos=array([0., 0.]), rgb=UNKNOWN, text='', units='height', win=Window(...), wrapWidth=1)
35.2983 	EXP 	Created text_2 = TextStim(__class__=<class 'psychopy.visual.text.TextStim'>, alignHoriz=method-wrapper(...), alignText='center', alignVert=method-wrapper(...), anchorHoriz='center', anchorVert='center', antialias=True, autoLog=True, bold=False, color=array([1., 1., 1.]), colorSpace='rgb', contrast=1.0, depth=-2.0, flipHoriz=False, flipVert=False, font='Open Sans', fontFiles=[], height=0.05, italic=False, languageStyle='LTR', name='text_2', opacity=1, ori=0.0, pos=array([0., 0.]), rgb=UNKNOWN, text='', units='height', win=Window(...), wrapWidth=1)
35.2995 	EXP 	Created blank_txt = TextStim(__class__=<class 'psychopy.visual.text.TextStim'>, alignHoriz=method-wrapper(...), alignText='center', alignVert=method-wrapper(...), anchorHoriz='center', anchorVert='center', antialias=True, autoLog=True, bold=False, color=array([1., 1., 1.]), colorSpace='rgb', contrast=1.0, depth=0.0, flipHoriz=False, flipVert=False, font='Open Sans', fontFiles=[], height=0.1, italic=False, languageStyle='LTR', name='blank_txt', opacity=1, ori=0.0, pos=array([0., 0.]), rgb=UNKNOWN, text='', units='height', win=Window(...), wrapWidth=1)
35.3193 	EXP 	Sound probe set volume 1.000
35.3309 	EXP 	Created goodbye_text = TextStim(__class__=<class 'psychopy.visual.text.TextStim'>, alignHoriz=method-wrapper(...), alignText='center', alignVert=method-wrapper(...), anchorHoriz='center', anchorVert='center', antialias=True, autoLog=True, bold=False, color=array([1., 1., 1.]), colorSpace='rgb', contrast=1.0, depth=0.0, flipHoriz=False, flipVert=False, font='Open Sans', fontFiles=[], height=0.05, italic=False, languageStyle='LTR', name='goodbye_text', opacity=1, ori=0.0, pos=array([0., 0.]), rgb=UNKNOWN, text=str(...), units='height', win=Window(...), wrapWidth=1)
35.3373 	EXP 	Created fixation_cross = ShapeStim(__class__=<class 'psychopy.visual.shape.ShapeStim'>, anchor=('center', 'center'), autoDraw=False, autoLog=True, closeShape=True, color=method-wrapper(...), colorSpace='rgb', contrast=None, depth=-3.0, fillColor=array([1, 1, 1]), fillColorSpace='rgb', fillRGB=array([1, 1, 1]), interpolate=True, lineColor=array([1., 1., 1.]), lineColorSpace='rgb', lineRGB=array([1, 1, 1]), lineWidth=1.0, name='fixation_cross', opacity=1, ori=0.0, pos=array([0., 0.]), size=array([0.15, 0.15]), units='height', vertices=ndarray(...), win=Window(...), windingRule=None)
35.3540 	EXP 	text: autoDraw = True
127.3516 	DATA 	Keypress: space
127.3733 	EXP 	text: autoDraw = False
127.3733 	EXP 	blank_txt: autoDraw = True
128.3613 	EXP 	Created sequence: random, trialTypes=1, nReps=3, seed=None
128.3621 	EXP 	New trial (rep=0, index=0): None
128.3755 	EXP 	blank_txt: autoDraw = False
129.3732 	EXP 	Sound tProbe started
129.5896 	EXP 	Sound tProbe reached end of file
129.9085 	DATA 	Keypress: space
130.4419 	DATA 	Keypress: space
131.4467 	EXP 	you_done_goofed: height = 0.05
131.4467 	EXP 	you_done_goofed: height = 0.05
131.4467 	EXP 	you_done_goofed: text = "Vous avez appuyé un trop grand nombre de fois.\n            \n\nVeuillez n'appuyer sur la barre d'espace qu'une seule fois, dans la seconde suivant le son.\n            \n\nAppuyez sur n'importe quelle touche pour poursuivre."
131.4467 	EXP 	you_done_goofed: autoDraw = True
138.2233 	EXP 	New trial (rep=1, index=0): None
138.2250 	DATA 	Keypress: space
138.2470 	EXP 	you_done_goofed: autoDraw = False
139.2166 	EXP 	Sound tProbe started
139.4258 	EXP 	Sound tProbe reached end of file
139.6394 	DATA 	Keypress: space
141.2828 	EXP 	you_done_goofed: height = 0.05
141.2828 	EXP 	you_done_goofed: height = 0.05
141.2828 	EXP 	you_done_goofed: text = "C'est très bien! \n            \n\nAppuyez sur n'importe quelle touche pour poursuivre."
141.2828 	EXP 	you_done_goofed: autoDraw = True
142.9410 	EXP 	New trial (rep=2, index=0): None
142.9424 	DATA 	Keypress: space
142.9507 	EXP 	you_done_goofed: autoDraw = False
143.9542 	EXP 	Sound tProbe started
144.1657 	EXP 	Sound tProbe reached end of file
144.4240 	DATA 	Keypress: space
145.9864 	EXP 	you_done_goofed: text = "C'est très bien! \n            \n\nAppuyez sur n'importe quelle touche pour poursuivre."
145.9864 	EXP 	you_done_goofed: autoDraw = True
147.0229 	EXP 	Created fixation_cross = ShapeStim(__class__=<class 'psychopy.visual.shape.ShapeStim'>, anchor=('center', 'center'), autoDraw=False, autoLog=True, closeShape=True, color=method-wrapper(...), colorSpace='rgb', contrast=None, depth=-3.0, fillColor=array([1, 1, 1]), fillColorSpace='rgb', fillRGB=array([1, 1, 1]), interpolate=True, lineColor=array([1., 1., 1.]), lineColorSpace='rgb', lineRGB=array([1, 1, 1]), lineWidth=1.0, name='fixation_cross', opacity=1, ori=0.0, pos=array([0., 0.]), size=array([0.15, 0.15]), units='height', vertices=ndarray(...), win=Window(...), windingRule=None)
147.0421 	DATA 	Keypress: space
147.0539 	EXP 	you_done_goofed: autoDraw = False
147.0539 	EXP 	text_2: height = 0.05
147.0539 	EXP 	text_2: height = 0.05
147.0539 	EXP 	text_2: text = "Appuyez sur la barre d'espace dès que vous entendez un son. \n\n Les réponses enregistrées plus d'une seconde après le son ne seront pas comptabilisées. \n\n\n Appuyez sur n'importe quelle touche pour démarrer."
147.0539 	EXP 	text_2: autoDraw = True
151.1300 	DATA 	Keypress: space
151.1397 	EXP 	text_2: autoDraw = False
151.1397 	EXP 	blank_txt: autoDraw = True
152.1370 	EXP 	Created sequence: random, trialTypes=1, nReps=999, seed=None
152.1410 	EXP 	New trial (rep=0, index=0): None
152.2235 	EXP 	Sound probe started
152.2328 	EXP 	blank_txt: autoDraw = False
152.4378 	EXP 	Sound probe reached end of file
152.6308 	DATA 	Keypress: space
155.6844 	EXP 	New trial (rep=1, index=0): None
156.0382 	EXP 	Sound probe started
156.2457 	EXP 	Sound probe stopped
156.2878 	DATA 	Keypress: space
158.7093 	EXP 	New trial (rep=2, index=0): None
158.7809 	EXP 	Sound probe started
158.9976 	EXP 	Sound probe reached end of file
159.0940 	DATA 	Keypress: space
161.4557 	EXP 	New trial (rep=3, index=0): None
161.5310 	EXP 	Sound probe started
161.7454 	EXP 	Sound probe reached end of file
162.2408 	DATA 	Keypress: space
163.7479 	EXP 	New trial (rep=4, index=0): None
163.8181 	EXP 	Sound probe started
164.0335 	EXP 	Sound probe reached end of file
166.5265 	EXP 	New trial (rep=5, index=0): None
166.5991 	EXP 	Sound probe started
166.8133 	EXP 	Sound probe reached end of file
170.4653 	EXP 	New trial (rep=6, index=0): None
170.4710 	EXP 	Sound probe started
170.6856 	EXP 	Sound probe reached end of file
173.9476 	EXP 	New trial (rep=7, index=0): None
174.0259 	EXP 	Sound probe started
174.2336 	EXP 	Sound probe stopped
174.5989 	DATA 	Keypress: space
177.6073 	EXP 	New trial (rep=8, index=0): None
177.6856 	EXP 	Sound probe started
177.9054 	EXP 	Sound probe reached end of file
181.4283 	EXP 	New trial (rep=9, index=0): None
181.5037 	EXP 	Sound probe started
181.7152 	EXP 	Sound probe reached end of file
181.8862 	DATA 	Keypress: space
183.9656 	EXP 	New trial (rep=10, index=0): None
184.0416 	EXP 	Sound probe started
184.2537 	EXP 	Sound probe reached end of file
187.0468 	EXP 	New trial (rep=11, index=0): None
187.0484 	EXP 	Sound probe started
187.2655 	EXP 	Sound probe reached end of file
190.6078 	EXP 	New trial (rep=12, index=0): None
190.6767 	EXP 	Sound probe started
190.8936 	EXP 	Sound probe reached end of file
194.0091 	EXP 	New trial (rep=13, index=0): None
194.0836 	EXP 	Sound probe started
194.3016 	EXP 	Sound probe reached end of file
194.4957 	DATA 	Keypress: space
197.5938 	EXP 	New trial (rep=14, index=0): None
197.6718 	EXP 	Sound probe started
197.8814 	EXP 	Sound probe reached end of file
200.2819 	EXP 	New trial (rep=15, index=0): None
200.3551 	EXP 	Sound probe started
200.5737 	EXP 	Sound probe reached end of file
200.7784 	DATA 	Keypress: space
204.0836 	EXP 	New trial (rep=16, index=0): None
204.0872 	EXP 	Sound probe started
204.3014 	EXP 	Sound probe reached end of file
208.0895 	EXP 	New trial (rep=17, index=0): None
208.1735 	EXP 	Sound probe started
208.3937 	EXP 	Sound probe reached end of file
208.6461 	DATA 	Keypress: space
211.0329 	EXP 	New trial (rep=18, index=0): None
211.1091 	EXP 	Sound probe started
211.3215 	EXP 	Sound probe reached end of file
214.8500 	EXP 	New trial (rep=19, index=0): None
214.9148 	EXP 	Sound probe started
215.1294 	EXP 	Sound probe reached end of file
215.3861 	DATA 	Keypress: space
217.0602 	EXP 	New trial (rep=20, index=0): None
217.1392 	EXP 	Sound probe started
217.3492 	EXP 	Sound probe reached end of file
219.3716 	EXP 	New trial (rep=21, index=0): None
219.4434 	EXP 	Sound probe started
219.6614 	EXP 	Sound probe reached end of file
221.7404 	EXP 	New trial (rep=22, index=0): None
221.8119 	EXP 	Sound probe started
222.0300 	EXP 	Sound probe reached end of file
222.3754 	DATA 	Keypress: space
224.0111 	EXP 	New trial (rep=23, index=0): None
224.0828 	EXP 	Sound probe started
224.3014 	EXP 	Sound probe reached end of file
226.1611 	EXP 	New trial (rep=24, index=0): None
226.1627 	EXP 	Sound probe started
226.3815 	EXP 	Sound probe reached end of file
229.1159 	EXP 	New trial (rep=25, index=0): None
229.1876 	EXP 	Sound probe started
229.4014 	EXP 	Sound probe reached end of file
229.7679 	DATA 	Keypress: space
231.8205 	EXP 	New trial (rep=26, index=0): None
231.8897 	EXP 	Sound probe started
232.1093 	EXP 	Sound probe reached end of file
235.5904 	EXP 	New trial (rep=27, index=0): None
235.6632 	EXP 	Sound probe started
235.8814 	EXP 	Sound probe reached end of file
236.0774 	DATA 	Keypress: space
238.4919 	EXP 	New trial (rep=28, index=0): None
238.5657 	EXP 	Sound probe started
238.7775 	EXP 	Sound probe reached end of file
241.1286 	EXP 	New trial (rep=29, index=0): None
241.1322 	EXP 	Sound probe started
241.3494 	EXP 	Sound probe reached end of file
244.4124 	EXP 	New trial (rep=30, index=0): None
244.4817 	EXP 	Sound probe started
244.6976 	EXP 	Sound probe reached end of file
247.1341 	EXP 	New trial (rep=31, index=0): None
247.2066 	EXP 	Sound probe started
247.4175 	EXP 	Sound probe reached end of file
247.6854 	DATA 	Keypress: space
250.8042 	EXP 	New trial (rep=32, index=0): None
253.3097 	EXP 	Sound probe started
253.5293 	EXP 	Sound probe reached end of file
253.8913 	DATA 	Keypress: space
255.8801 	EXP 	New trial (rep=33, index=0): None
257.0388 	EXP 	Sound probe started
257.2493 	EXP 	Sound probe stopped
257.5614 	DATA 	Keypress: space
259.9163 	EXP 	New trial (rep=34, index=0): None
261.2536 	EXP 	Sound probe started
261.4693 	EXP 	Sound probe reached end of file
261.8660 	DATA 	Keypress: space
264.1205 	EXP 	New trial (rep=35, index=0): None
265.3595 	EXP 	Sound probe started
265.5775 	EXP 	Sound probe reached end of file
267.6392 	EXP 	New trial (rep=36, index=0): None
269.0354 	EXP 	Sound probe started
269.2454 	EXP 	Sound probe reached end of file
271.6043 	EXP 	New trial (rep=37, index=0): None
272.7919 	EXP 	Sound probe started
272.7927 	DATA 	Keypress: space
273.0054 	EXP 	Sound probe reached end of file
276.4660 	EXP 	New trial (rep=38, index=0): None
276.4685 	EXP 	Sound probe started
276.6855 	EXP 	Sound probe reached end of file
278.9774 	EXP 	New trial (rep=39, index=0): None
280.2577 	EXP 	Sound probe started
280.4771 	EXP 	Sound probe reached end of file
283.4381 	EXP 	New trial (rep=40, index=0): None
284.6613 	EXP 	Sound probe started
284.8773 	EXP 	Sound probe reached end of file
288.6219 	EXP 	New trial (rep=41, index=0): None
289.9547 	EXP 	Sound probe started
290.1734 	EXP 	Sound probe reached end of file
290.5008 	DATA 	Keypress: space
292.2738 	EXP 	New trial (rep=42, index=0): None
293.5287 	EXP 	Sound probe started
293.7454 	EXP 	Sound probe reached end of file
293.9783 	DATA 	Keypress: space
297.5324 	EXP 	New trial (rep=43, index=0): None
298.8953 	EXP 	Sound probe started
299.1136 	EXP 	Sound probe reached end of file
302.0235 	EXP 	New trial (rep=44, index=0): None
302.0272 	EXP 	Sound probe started
302.0304 	DATA 	Keypress: space
302.2454 	EXP 	Sound probe reached end of file
305.2691 	EXP 	New trial (rep=45, index=0): None
306.6490 	EXP 	Sound probe started
306.8654 	EXP 	Sound probe reached end of file
307.1500 	DATA 	Keypress: space
309.3078 	EXP 	New trial (rep=46, index=0): None
310.6687 	EXP 	Sound probe started
310.8732 	EXP 	Sound probe stopped
313.7437 	EXP 	New trial (rep=47, index=0): None
315.0719 	EXP 	Sound probe started
315.2854 	EXP 	Sound probe reached end of file
315.5273 	DATA 	Keypress: space
317.1037 	EXP 	New trial (rep=48, index=0): None
318.5064 	EXP 	Sound probe started
318.7213 	EXP 	Sound probe reached end of file
320.8852 	EXP 	New trial (rep=49, index=0): None
320.8862 	EXP 	Sound probe started
321.1014 	EXP 	Sound probe reached end of file
321.4299 	DATA 	Keypress: space
323.9103 	EXP 	New trial (rep=50, index=0): None
325.4305 	EXP 	Sound probe started
325.6414 	EXP 	Sound probe reached end of file
325.9012 	DATA 	Keypress: space
328.6881 	EXP 	New trial (rep=51, index=0): None
330.1581 	EXP 	Sound probe started
330.3734 	EXP 	Sound probe reached end of file
333.6848 	EXP 	New trial (rep=52, index=0): None
335.1567 	EXP 	Sound probe started
335.3736 	EXP 	Sound probe reached end of file
335.5736 	DATA 	Keypress: space
338.6819 	EXP 	New trial (rep=53, index=0): None
340.1549 	EXP 	Sound probe started
340.3691 	EXP 	Sound probe reached end of file
343.4339 	EXP 	New trial (rep=54, index=0): None
343.4371 	EXP 	Sound probe started
343.6537 	EXP 	Sound probe reached end of file
346.5023 	EXP 	New trial (rep=55, index=0): None
348.0668 	EXP 	Sound probe started
348.2691 	EXP 	Sound probe stopped
351.3394 	EXP 	New trial (rep=56, index=0): None
352.8380 	EXP 	Sound probe started
353.0495 	EXP 	Sound probe reached end of file
353.4660 	DATA 	Keypress: space
355.6123 	EXP 	New trial (rep=57, index=0): None
357.5264 	EXP 	Sound probe started
357.7412 	EXP 	Sound probe reached end of file
357.9449 	DATA 	Keypress: space
360.7834 	EXP 	New trial (rep=58, index=0): None
362.3811 	EXP 	Sound probe started
362.5895 	EXP 	Sound probe stopped
366.0274 	EXP 	New trial (rep=59, index=0): None
367.6144 	EXP 	Sound probe started
367.8294 	EXP 	Sound probe reached end of file
371.4615 	EXP 	New trial (rep=60, index=0): None
371.4733 	EXP 	Sound probe stopped
371.4979 	EXP 	goodbye_text: autoDraw = True
373.2681 	DATA 	Keypress: space
373.2822 	EXP 	goodbye_text: autoDraw = False
373.4085 	EXP 	window1: mouseVisible = True
