14.9348 	WARNING 	User requested fullscreen with size [2560 1440], but screen is actually [3840, 2160]. Using actual size
17.8135 	WARNING 	Couldn't measure a consistent frame rate!
  - Is your graphics card set to sync to vertical blank?
  - Are you running other processes on your computer?

17.8139 	EXP 	Created window1 = Window(allowGUI=False, allowStencil=False, autoLog=True, backendConf=UNKNOWN, bitsMode=UNKNOWN, blendMode='avg', bpc=(8, 8, 8), color=array([0, 0, 0]), colorSpace='rgb', depthBits=8, fullscr=<method-wrapper '__getattribute__' of attributeSetter object at 0x00000265E2BA6910>, gamma=None, gammaErrorPolicy='raise', lms=UNKNOWN, monitor=<psychopy.monitors.calibTools.Monitor object at 0x00000265E48571C0>, multiSample=False, name='window1', numSamples=2, pos=(0, 0), screen=0, size=array([3840, 2160]), stencilBits=0, stereo=False, units='height', useFBO=True, useRetina=False, viewOri=0.0, viewPos=None, viewScale=None, waitBlanking=True, winType='pyglet')
17.8142 	EXP 	window1: mouseVisible = True
17.8143 	EXP 	window1: Attempting to measure frame rate of screen (0) ...
17.8143 	EXP 	window1: recordFrameIntervals = False
17.9905 	EXP 	window1: recordFrameIntervals = True
18.0624 	WARNING 	t of last frame was 21.66ms (=1/46)
18.1113 	WARNING 	t of last frame was 21.09ms (=1/47)
18.1469 	WARNING 	t of last frame was 20.46ms (=1/48)
18.1797 	WARNING 	t of last frame was 22.89ms (=1/43)
18.2298 	WARNING 	Multiple dropped frames have occurred - I'll stop bothering you about them!
19.7917 	WARNING 	Couldn't measure a consistent frame rate!
  - Is your graphics card set to sync to vertical blank?
  - Are you running other processes on your computer?

21.6533 	EXP 	Created text = TextStim(__class__=<class 'psychopy.visual.text.TextStim'>, alignHoriz=method-wrapper(...), alignText='center', alignVert=method-wrapper(...), anchorHoriz='center', anchorVert='center', antialias=True, autoLog=True, bold=False, color=array([1., 1., 1.]), colorSpace='rgb', contrast=1.0, depth=-3.0, flipHoriz=False, flipVert=False, font='Open Sans', fontFiles=[], height=0.05, italic=False, languageStyle='LTR', name='text', opacity=1, ori=0.0, pos=array([0., 0.]), rgb=UNKNOWN, text=str(...), units='height', win=Window(...), wrapWidth=1)
21.6550 	EXP 	Created blank_txt = TextStim(__class__=<class 'psychopy.visual.text.TextStim'>, alignHoriz=method-wrapper(...), alignText='center', alignVert=method-wrapper(...), anchorHoriz='center', anchorVert='center', antialias=True, autoLog=True, bold=False, color=array([1., 1., 1.]), colorSpace='rgb', contrast=1.0, depth=0.0, flipHoriz=False, flipVert=False, font='Open Sans', fontFiles=[], height=0.1, italic=False, languageStyle='LTR', name='blank_txt', opacity=1, ori=0.0, pos=array([0., 0.]), rgb=UNKNOWN, text='', units='height', win=Window(...), wrapWidth=1)
21.7104 	EXP 	Sound tProbe set volume 1.000
21.7117 	EXP 	Created you_done_goofed = TextStim(__class__=<class 'psychopy.visual.text.TextStim'>, alignHoriz=method-wrapper(...), alignText='center', alignVert=method-wrapper(...), anchorHoriz='center', anchorVert='center', antialias=True, autoLog=True, bold=False, color=array([1., 1., 1.]), colorSpace='rgb', contrast=1.0, depth=-1.0, flipHoriz=False, flipVert=False, font='Open Sans', fontFiles=[], height=0.05, italic=False, languageStyle='LTR', name='you_done_goofed', opacity=1, ori=0.0, pos=array([0., 0.]), rgb=UNKNOWN, text='', units='height', win=Window(...), wrapWidth=1)
22.0140 	EXP 	Created text_2 = TextStim(__class__=<class 'psychopy.visual.text.TextStim'>, alignHoriz=method-wrapper(...), alignText='center', alignVert=method-wrapper(...), anchorHoriz='center', anchorVert='center', antialias=True, autoLog=True, bold=False, color=array([1., 1., 1.]), colorSpace='rgb', contrast=1.0, depth=-2.0, flipHoriz=False, flipVert=False, font='Open Sans', fontFiles=[], height=0.05, italic=False, languageStyle='LTR', name='text_2', opacity=1, ori=0.0, pos=array([0., 0.]), rgb=UNKNOWN, text='', units='height', win=Window(...), wrapWidth=1)
22.0153 	EXP 	Created blank_txt = TextStim(__class__=<class 'psychopy.visual.text.TextStim'>, alignHoriz=method-wrapper(...), alignText='center', alignVert=method-wrapper(...), anchorHoriz='center', anchorVert='center', antialias=True, autoLog=True, bold=False, color=array([1., 1., 1.]), colorSpace='rgb', contrast=1.0, depth=0.0, flipHoriz=False, flipVert=False, font='Open Sans', fontFiles=[], height=0.1, italic=False, languageStyle='LTR', name='blank_txt', opacity=1, ori=0.0, pos=array([0., 0.]), rgb=UNKNOWN, text='', units='height', win=Window(...), wrapWidth=1)
22.0273 	EXP 	Sound probe set volume 1.000
22.0378 	EXP 	Created goodbye_text = TextStim(__class__=<class 'psychopy.visual.text.TextStim'>, alignHoriz=method-wrapper(...), alignText='center', alignVert=method-wrapper(...), anchorHoriz='center', anchorVert='center', antialias=True, autoLog=True, bold=False, color=array([1., 1., 1.]), colorSpace='rgb', contrast=1.0, depth=0.0, flipHoriz=False, flipVert=False, font='Open Sans', fontFiles=[], height=0.05, italic=False, languageStyle='LTR', name='goodbye_text', opacity=1, ori=0.0, pos=array([0., 0.]), rgb=UNKNOWN, text=str(...), units='height', win=Window(...), wrapWidth=1)
22.0401 	EXP 	Created fixation_cross = ShapeStim(__class__=<class 'psychopy.visual.shape.ShapeStim'>, anchor=('center', 'center'), autoDraw=False, autoLog=True, closeShape=True, color=method-wrapper(...), colorSpace='rgb', contrast=None, depth=-3.0, fillColor=array([1, 1, 1]), fillColorSpace='rgb', fillRGB=array([1, 1, 1]), interpolate=True, lineColor=array([1., 1., 1.]), lineColorSpace='rgb', lineRGB=array([1, 1, 1]), lineWidth=1.0, name='fixation_cross', opacity=1, ori=0.0, pos=array([0., 0.]), size=array([0.15, 0.15]), units='height', vertices=ndarray(...), win=Window(...), windingRule=None)
22.0528 	EXP 	text: autoDraw = True
34.9502 	DATA 	Keypress: z
34.9598 	EXP 	text: autoDraw = False
34.9598 	EXP 	blank_txt: autoDraw = True
35.9484 	EXP 	Created sequence: random, trialTypes=1, nReps=3, seed=None
35.9486 	EXP 	New trial (rep=0, index=0): None
35.9611 	EXP 	blank_txt: autoDraw = False
35.9611 	EXP 	blank_txt: autoDraw = False
36.9448 	EXP 	Sound tProbe started
37.1536 	EXP 	Sound tProbe reached end of file
37.4791 	DATA 	Keypress: space
39.0069 	EXP 	you_done_goofed: height = 0.05
39.0069 	EXP 	you_done_goofed: height = 0.05
39.0069 	EXP 	you_done_goofed: text = "C'est très bien! \n            \n\nAppuyez sur n'importe quelle touche pour poursuivre."
39.0069 	EXP 	you_done_goofed: autoDraw = True
41.3058 	EXP 	New trial (rep=1, index=0): None
41.3075 	DATA 	Keypress: h
41.3172 	EXP 	you_done_goofed: autoDraw = False
42.3060 	EXP 	Sound tProbe started
42.5253 	EXP 	Sound tProbe reached end of file
42.6220 	DATA 	Keypress: space
44.3416 	EXP 	you_done_goofed: text = "C'est très bien! \n            \n\nAppuyez sur n'importe quelle touche pour poursuivre."
44.3416 	EXP 	you_done_goofed: autoDraw = True
44.8540 	EXP 	New trial (rep=2, index=0): None
44.8556 	DATA 	Keypress: h
44.8761 	EXP 	you_done_goofed: autoDraw = False
45.2442 	DATA 	Keypress: space
45.8431 	EXP 	Sound tProbe started
46.0533 	EXP 	Sound tProbe reached end of file
46.3398 	DATA 	Keypress: space
47.8925 	EXP 	you_done_goofed: height = 0.05
47.8925 	EXP 	you_done_goofed: height = 0.05
47.8925 	EXP 	you_done_goofed: text = "Vous avez appuyé trop tôt ! \n            \n\n Veuillez n'appuyer qu'une seule fois sur la barre d'espace,après avoir entendu un ton.\n            \n\nAppuyez sur n'importe quelle touche pour poursuivre."
47.8925 	EXP 	you_done_goofed: autoDraw = True
52.9624 	EXP 	Created fixation_cross = ShapeStim(__class__=<class 'psychopy.visual.shape.ShapeStim'>, anchor=('center', 'center'), autoDraw=False, autoLog=True, closeShape=True, color=method-wrapper(...), colorSpace='rgb', contrast=None, depth=-3.0, fillColor=array([1, 1, 1]), fillColorSpace='rgb', fillRGB=array([1, 1, 1]), interpolate=True, lineColor=array([1., 1., 1.]), lineColorSpace='rgb', lineRGB=array([1, 1, 1]), lineWidth=1.0, name='fixation_cross', opacity=1, ori=0.0, pos=array([0., 0.]), size=array([0.15, 0.15]), units='height', vertices=ndarray(...), win=Window(...), windingRule=None)
52.9852 	DATA 	Keypress: h
52.9978 	EXP 	you_done_goofed: autoDraw = False
52.9978 	EXP 	text_2: height = 0.05
52.9978 	EXP 	text_2: height = 0.05
52.9978 	EXP 	text_2: text = "Appuyez sur la barre d'espace dès que vous entendez un son. \n\n Les réponses enregistrées plus d'une seconde après le son ne seront pas comptabilisées. \n\n\n Appuyez sur n'importe quelle touche pour démarrer."
52.9978 	EXP 	text_2: autoDraw = True
62.3263 	DATA 	Keypress: j
62.3356 	EXP 	text_2: autoDraw = False
62.3356 	EXP 	blank_txt: autoDraw = True
63.3436 	EXP 	Created sequence: random, trialTypes=1, nReps=999, seed=None
63.3471 	EXP 	New trial (rep=0, index=0): None
63.4263 	EXP 	Sound probe started
63.4348 	EXP 	blank_txt: autoDraw = False
63.6410 	EXP 	Sound probe reached end of file
63.8572 	DATA 	Keypress: space
66.9906 	EXP 	New trial (rep=1, index=0): None
67.0615 	EXP 	Sound probe started
67.2811 	EXP 	Sound probe reached end of file
67.4710 	DATA 	Keypress: space
70.6119 	EXP 	New trial (rep=2, index=0): None
70.6816 	EXP 	Sound probe started
70.9057 	EXP 	Sound probe reached end of file
71.1739 	DATA 	Keypress: space
74.2274 	EXP 	New trial (rep=3, index=0): None
74.3027 	EXP 	Sound probe started
74.5213 	EXP 	Sound probe reached end of file
75.1265 	DATA 	Keypress: space
78.2006 	EXP 	New trial (rep=4, index=0): None
78.2731 	EXP 	Sound probe started
78.4893 	EXP 	Sound probe reached end of file
81.2329 	EXP 	New trial (rep=5, index=0): None
81.3060 	EXP 	Sound probe started
81.5212 	EXP 	Sound probe reached end of file
84.9505 	EXP 	New trial (rep=6, index=0): None
84.9524 	EXP 	Sound probe started
85.1692 	EXP 	Sound probe reached end of file
88.0781 	EXP 	New trial (rep=7, index=0): None
88.1527 	EXP 	Sound probe started
88.3693 	EXP 	Sound probe reached end of file
88.5265 	DATA 	Keypress: space
90.2100 	EXP 	New trial (rep=8, index=0): None
90.2853 	EXP 	Sound probe started
90.5013 	EXP 	Sound probe reached end of file
91.6916 	DATA 	Keypress: space
93.1448 	EXP 	New trial (rep=9, index=0): None
93.2178 	EXP 	Sound probe started
93.4293 	EXP 	Sound probe reached end of file
93.8096 	DATA 	Keypress: space
96.9324 	EXP 	New trial (rep=10, index=0): None
96.9340 	EXP 	Sound probe started
97.1372 	EXP 	Sound probe stopped
100.4004 	EXP 	New trial (rep=11, index=0): None
100.4673 	EXP 	Sound probe started
100.6773 	EXP 	Sound probe reached end of file
104.1146 	EXP 	New trial (rep=12, index=0): None
104.1886 	EXP 	Sound probe started
104.3969 	EXP 	Sound probe reached end of file
104.5404 	DATA 	Keypress: space
107.6255 	EXP 	New trial (rep=13, index=0): None
107.7041 	EXP 	Sound probe started
107.9173 	EXP 	Sound probe reached end of file
109.7593 	EXP 	New trial (rep=14, index=0): None
109.8322 	EXP 	Sound probe started
110.0493 	EXP 	Sound probe reached end of file
110.3394 	DATA 	Keypress: space
113.0050 	EXP 	New trial (rep=15, index=0): None
113.0098 	EXP 	Sound probe started
113.2173 	EXP 	Sound probe stopped
116.5333 	EXP 	New trial (rep=16, index=0): None
116.6051 	EXP 	Sound probe started
116.8169 	EXP 	Sound probe reached end of file
119.1043 	EXP 	New trial (rep=17, index=0): None
119.1783 	EXP 	Sound probe started
119.3973 	EXP 	Sound probe reached end of file
122.0393 	EXP 	New trial (rep=18, index=0): None
122.1176 	EXP 	Sound probe started
122.3370 	EXP 	Sound probe reached end of file
122.4588 	DATA 	Keypress: space
124.7765 	EXP 	New trial (rep=19, index=0): None
126.3447 	EXP 	Sound probe started
126.5571 	EXP 	Sound probe reached end of file
128.8273 	EXP 	New trial (rep=20, index=0): None
128.8966 	EXP 	Sound probe started
129.1053 	EXP 	Sound probe reached end of file
129.3674 	DATA 	Keypress: space
131.8840 	EXP 	New trial (rep=21, index=0): None
131.9585 	EXP 	Sound probe started
132.1772 	EXP 	Sound probe reached end of file
134.3528 	EXP 	New trial (rep=22, index=0): None
134.4285 	EXP 	Sound probe started
134.6452 	EXP 	Sound probe reached end of file
135.1166 	DATA 	Keypress: space
137.4162 	EXP 	New trial (rep=23, index=0): None
137.4219 	EXP 	Sound probe started
137.6409 	EXP 	Sound probe reached end of file
140.8390 	EXP 	New trial (rep=24, index=0): None
140.9095 	EXP 	Sound probe started
141.1252 	EXP 	Sound probe reached end of file
143.9276 	EXP 	New trial (rep=25, index=0): None
144.0051 	EXP 	Sound probe started
144.2252 	EXP 	Sound probe reached end of file
144.5588 	DATA 	Keypress: space
147.1777 	EXP 	New trial (rep=26, index=0): None
147.2482 	EXP 	Sound probe started
147.4653 	EXP 	Sound probe reached end of file
149.2996 	EXP 	New trial (rep=27, index=0): None
149.3722 	EXP 	Sound probe started
149.5849 	EXP 	Sound probe reached end of file
149.9269 	DATA 	Keypress: space
152.2020 	EXP 	New trial (rep=28, index=0): None
152.2054 	EXP 	Sound probe started
152.4254 	EXP 	Sound probe reached end of file
154.6721 	EXP 	New trial (rep=29, index=0): None
154.7451 	EXP 	Sound probe started
154.9530 	EXP 	Sound probe stopped
157.7762 	EXP 	New trial (rep=30, index=0): None
157.8559 	EXP 	Sound probe started
158.0733 	EXP 	Sound probe reached end of file
161.1791 	EXP 	New trial (rep=31, index=0): None
161.2564 	EXP 	Sound probe started
161.4732 	EXP 	Sound probe reached end of file
161.8352 	DATA 	Keypress: space
164.5615 	EXP 	New trial (rep=32, index=0): None
164.5632 	EXP 	Sound probe started
164.7731 	EXP 	Sound probe reached end of file
166.8967 	EXP 	New trial (rep=33, index=0): None
167.9854 	EXP 	Sound probe started
168.1934 	EXP 	Sound probe stopped
170.2090 	DATA 	Keypress: space
170.3258 	EXP 	New trial (rep=34, index=0): None
171.4255 	EXP 	Sound probe started
171.6409 	EXP 	Sound probe reached end of file
174.5289 	EXP 	New trial (rep=35, index=0): None
175.7015 	EXP 	Sound probe started
175.9211 	EXP 	Sound probe reached end of file
179.5998 	EXP 	New trial (rep=36, index=0): None
179.6044 	EXP 	Sound probe started
179.8210 	EXP 	Sound probe reached end of file
182.7318 	EXP 	New trial (rep=37, index=0): None
183.9157 	EXP 	Sound probe started
184.1332 	EXP 	Sound probe reached end of file
187.2751 	EXP 	New trial (rep=38, index=0): None
188.5224 	EXP 	Sound probe started
188.7411 	EXP 	Sound probe reached end of file
191.8798 	EXP 	New trial (rep=39, index=0): None
193.1908 	EXP 	Sound probe started
193.4046 	EXP 	Sound probe reached end of file
193.6173 	DATA 	Keypress: space
196.6320 	EXP 	New trial (rep=40, index=0): None
196.6332 	EXP 	Sound probe started
196.8492 	EXP 	Sound probe reached end of file
199.7221 	EXP 	New trial (rep=41, index=0): None
201.0550 	EXP 	Sound probe started
201.2613 	EXP 	Sound probe stopped
201.5195 	DATA 	Keypress: space
204.8782 	EXP 	New trial (rep=42, index=0): None
206.2265 	EXP 	Sound probe started
206.4413 	EXP 	Sound probe reached end of file
206.7093 	DATA 	Keypress: space
208.8672 	EXP 	New trial (rep=43, index=0): None
210.2046 	EXP 	Sound probe started
210.4212 	EXP 	Sound probe reached end of file
214.1654 	EXP 	New trial (rep=44, index=0): None
215.5664 	EXP 	Sound probe started
215.7809 	EXP 	Sound probe reached end of file
216.0908 	DATA 	Keypress: space
218.8707 	EXP 	New trial (rep=45, index=0): None
220.2651 	EXP 	Sound probe started
220.4812 	EXP 	Sound probe reached end of file
220.7631 	DATA 	Keypress: space
223.7805 	EXP 	New trial (rep=46, index=0): None
223.7842 	EXP 	Sound probe started
223.9973 	EXP 	Sound probe reached end of file
227.1490 	EXP 	New trial (rep=47, index=0): None
228.5951 	EXP 	Sound probe started
228.8091 	EXP 	Sound probe reached end of file
228.9701 	DATA 	Keypress: space
232.5562 	EXP 	New trial (rep=48, index=0): None
233.9835 	EXP 	Sound probe started
234.1973 	EXP 	Sound probe reached end of file
236.2483 	EXP 	New trial (rep=49, index=0): None
237.6716 	EXP 	Sound probe started
237.8772 	EXP 	Sound probe stopped
238.3128 	DATA 	Keypress: space
239.8290 	EXP 	New trial (rep=50, index=0): None
239.8321 	EXP 	Sound probe started
240.0491 	EXP 	Sound probe reached end of file
243.1319 	EXP 	New trial (rep=51, index=0): None
244.5964 	EXP 	Sound probe started
244.8112 	EXP 	Sound probe reached end of file
245.1656 	DATA 	Keypress: space
246.9412 	EXP 	New trial (rep=52, index=0): None
248.5342 	EXP 	Sound probe started
248.7453 	EXP 	Sound probe reached end of file
251.6074 	EXP 	New trial (rep=53, index=0): None
253.1416 	EXP 	Sound probe started
253.3571 	EXP 	Sound probe reached end of file
253.6251 	DATA 	Keypress: space
256.4466 	EXP 	New trial (rep=54, index=0): None
256.4476 	EXP 	Sound probe started
256.6651 	EXP 	Sound probe reached end of file
258.6162 	EXP 	New trial (rep=55, index=0): None
260.4062 	EXP 	Sound probe started
260.6170 	EXP 	Sound probe stopped
260.8963 	DATA 	Keypress: space
262.4538 	EXP 	New trial (rep=56, index=0): None
264.0772 	EXP 	Sound probe started
264.2848 	EXP 	Sound probe stopped
266.9218 	EXP 	New trial (rep=57, index=0): None
268.4955 	EXP 	Sound probe started
268.7051 	EXP 	Sound probe reached end of file
270.4761 	DATA 	Keypress: space
271.5629 	EXP 	New trial (rep=58, index=0): None
273.1904 	EXP 	Sound probe started
273.4053 	EXP 	Sound probe reached end of file
275.2251 	EXP 	New trial (rep=59, index=0): None
277.2421 	EXP 	Sound probe started
277.4527 	EXP 	Sound probe reached end of file
278.3541 	DATA 	Keypress: space
279.8720 	EXP 	New trial (rep=60, index=0): None
282.0422 	EXP 	Sound probe started
282.2531 	EXP 	Sound probe reached end of file
282.8301 	DATA 	Keypress: space
285.4829 	EXP 	New trial (rep=61, index=0): None
287.6807 	EXP 	Sound probe started
287.8930 	EXP 	Sound probe reached end of file
288.1591 	DATA 	Keypress: space
291.5638 	EXP 	New trial (rep=62, index=0): None
291.5675 	EXP 	Sound probe stopped
291.5915 	EXP 	goodbye_text: autoDraw = True
295.0902 	DATA 	Keypress: r
295.1043 	EXP 	goodbye_text: autoDraw = False
295.2026 	EXP 	window1: mouseVisible = True
