17.8910 	WARNING 	User requested fullscreen with size [2560 1440], but screen is actually [3840, 2160]. Using actual size
20.9565 	WARNING 	Couldn't measure a consistent frame rate!
  - Is your graphics card set to sync to vertical blank?
  - Are you running other processes on your computer?

20.9576 	EXP 	Created window1 = Window(allowGUI=False, allowStencil=False, autoLog=True, backendConf=UNKNOWN, bitsMode=UNKNOWN, blendMode='avg', bpc=(8, 8, 8), color=array([0, 0, 0]), colorSpace='rgb', depthBits=8, fullscr=<method-wrapper '__getattribute__' of attributeSetter object at 0x000001C7C27A4B20>, gamma=None, gammaErrorPolicy='raise', lms=UNKNOWN, monitor=<psychopy.monitors.calibTools.Monitor object at 0x000001C7C34950D0>, multiSample=False, name='window1', numSamples=2, pos=(0, 0), screen=0, size=array([3840, 2160]), stencilBits=0, stereo=False, units='height', useFBO=True, useRetina=False, viewOri=0.0, viewPos=None, viewScale=None, waitBlanking=True, winType='pyglet')
20.9584 	EXP 	window1: mouseVisible = True
20.9585 	EXP 	window1: Attempting to measure frame rate of screen (0) ...
20.9585 	EXP 	window1: recordFrameIntervals = False
21.1331 	EXP 	window1: recordFrameIntervals = True
21.1822 	WARNING 	t of last frame was 29.23ms (=1/34)
21.2232 	WARNING 	t of last frame was 29.67ms (=1/33)
21.2541 	WARNING 	t of last frame was 20.75ms (=1/48)
21.3229 	WARNING 	t of last frame was 29.42ms (=1/33)
21.3540 	WARNING 	Multiple dropped frames have occurred - I'll stop bothering you about them!
22.8933 	WARNING 	Couldn't measure a consistent frame rate!
  - Is your graphics card set to sync to vertical blank?
  - Are you running other processes on your computer?

26.3523 	EXP 	Created text = TextStim(__class__=<class 'psychopy.visual.text.TextStim'>, alignHoriz=method-wrapper(...), alignText='center', alignVert=method-wrapper(...), anchorHoriz='center', anchorVert='center', antialias=True, autoLog=True, bold=False, color=array([1., 1., 1.]), colorSpace='rgb', contrast=1.0, depth=-3.0, flipHoriz=False, flipVert=False, font='Open Sans', fontFiles=[], height=0.05, italic=False, languageStyle='LTR', name='text', opacity=1, ori=0.0, pos=array([0., 0.]), rgb=UNKNOWN, text=str(...), units='height', win=Window(...), wrapWidth=1)
26.3539 	EXP 	Created blank_txt = TextStim(__class__=<class 'psychopy.visual.text.TextStim'>, alignHoriz=method-wrapper(...), alignText='center', alignVert=method-wrapper(...), anchorHoriz='center', anchorVert='center', antialias=True, autoLog=True, bold=False, color=array([1., 1., 1.]), colorSpace='rgb', contrast=1.0, depth=0.0, flipHoriz=False, flipVert=False, font='Open Sans', fontFiles=[], height=0.1, italic=False, languageStyle='LTR', name='blank_txt', opacity=1, ori=0.0, pos=array([0., 0.]), rgb=UNKNOWN, text='', units='height', win=Window(...), wrapWidth=1)
26.4408 	EXP 	Sound tProbe set volume 1.000
26.4421 	EXP 	Created you_done_goofed = TextStim(__class__=<class 'psychopy.visual.text.TextStim'>, alignHoriz=method-wrapper(...), alignText='center', alignVert=method-wrapper(...), anchorHoriz='center', anchorVert='center', antialias=True, autoLog=True, bold=False, color=array([1., 1., 1.]), colorSpace='rgb', contrast=1.0, depth=-1.0, flipHoriz=False, flipVert=False, font='Open Sans', fontFiles=[], height=0.05, italic=False, languageStyle='LTR', name='you_done_goofed', opacity=1, ori=0.0, pos=array([0., 0.]), rgb=UNKNOWN, text='', units='height', win=Window(...), wrapWidth=1)
26.7487 	EXP 	Created text_2 = TextStim(__class__=<class 'psychopy.visual.text.TextStim'>, alignHoriz=method-wrapper(...), alignText='center', alignVert=method-wrapper(...), anchorHoriz='center', anchorVert='center', antialias=True, autoLog=True, bold=False, color=array([1., 1., 1.]), colorSpace='rgb', contrast=1.0, depth=-2.0, flipHoriz=False, flipVert=False, font='Open Sans', fontFiles=[], height=0.05, italic=False, languageStyle='LTR', name='text_2', opacity=1, ori=0.0, pos=array([0., 0.]), rgb=UNKNOWN, text='', units='height', win=Window(...), wrapWidth=1)
26.7505 	EXP 	Created blank_txt = TextStim(__class__=<class 'psychopy.visual.text.TextStim'>, alignHoriz=method-wrapper(...), alignText='center', alignVert=method-wrapper(...), anchorHoriz='center', anchorVert='center', antialias=True, autoLog=True, bold=False, color=array([1., 1., 1.]), colorSpace='rgb', contrast=1.0, depth=0.0, flipHoriz=False, flipVert=False, font='Open Sans', fontFiles=[], height=0.1, italic=False, languageStyle='LTR', name='blank_txt', opacity=1, ori=0.0, pos=array([0., 0.]), rgb=UNKNOWN, text='', units='height', win=Window(...), wrapWidth=1)
26.7621 	EXP 	Sound probe set volume 1.000
26.7726 	EXP 	Created goodbye_text = TextStim(__class__=<class 'psychopy.visual.text.TextStim'>, alignHoriz=method-wrapper(...), alignText='center', alignVert=method-wrapper(...), anchorHoriz='center', anchorVert='center', antialias=True, autoLog=True, bold=False, color=array([1., 1., 1.]), colorSpace='rgb', contrast=1.0, depth=0.0, flipHoriz=False, flipVert=False, font='Open Sans', fontFiles=[], height=0.05, italic=False, languageStyle='LTR', name='goodbye_text', opacity=1, ori=0.0, pos=array([0., 0.]), rgb=UNKNOWN, text=str(...), units='height', win=Window(...), wrapWidth=1)
26.7786 	EXP 	Created fixation_cross = ShapeStim(__class__=<class 'psychopy.visual.shape.ShapeStim'>, anchor=('center', 'center'), autoDraw=False, autoLog=True, closeShape=True, color=method-wrapper(...), colorSpace='rgb', contrast=None, depth=-3.0, fillColor=array([1, 1, 1]), fillColorSpace='rgb', fillRGB=array([1, 1, 1]), interpolate=True, lineColor=array([1., 1., 1.]), lineColorSpace='rgb', lineRGB=array([1, 1, 1]), lineWidth=1.0, name='fixation_cross', opacity=1, ori=0.0, pos=array([0., 0.]), size=array([0.15, 0.15]), units='height', vertices=ndarray(...), win=Window(...), windingRule=None)
26.7913 	EXP 	text: autoDraw = True
60.6219 	DATA 	Keypress: space
60.6314 	EXP 	text: autoDraw = False
60.6314 	EXP 	blank_txt: autoDraw = True
61.6317 	EXP 	Created sequence: random, trialTypes=1, nReps=3, seed=None
61.6319 	EXP 	New trial (rep=0, index=0): None
61.6443 	EXP 	blank_txt: autoDraw = False
62.6272 	EXP 	Sound tProbe started
62.8427 	EXP 	Sound tProbe reached end of file
62.9793 	DATA 	Keypress: space
64.7066 	EXP 	you_done_goofed: height = 0.05
64.7066 	EXP 	you_done_goofed: height = 0.05
64.7066 	EXP 	you_done_goofed: text = "C'est très bien! \n            \n\nAppuyez sur n'importe quelle touche pour poursuivre."
64.7066 	EXP 	you_done_goofed: autoDraw = True
66.1302 	EXP 	New trial (rep=1, index=0): None
66.1320 	DATA 	Keypress: space
66.1432 	EXP 	you_done_goofed: autoDraw = False
67.1161 	EXP 	Sound tProbe started
67.3348 	EXP 	Sound tProbe reached end of file
67.7417 	DATA 	Keypress: space
69.1762 	EXP 	you_done_goofed: text = "C'est très bien! \n            \n\nAppuyez sur n'importe quelle touche pour poursuivre."
69.1762 	EXP 	you_done_goofed: autoDraw = True
70.6865 	EXP 	New trial (rep=2, index=0): None
70.6947 	DATA 	Keypress: space
70.7171 	EXP 	you_done_goofed: autoDraw = False
71.6790 	EXP 	Sound tProbe started
71.8949 	EXP 	Sound tProbe reached end of file
72.0716 	DATA 	Keypress: space
73.7397 	EXP 	you_done_goofed: text = "C'est très bien! \n            \n\nAppuyez sur n'importe quelle touche pour poursuivre."
73.7397 	EXP 	you_done_goofed: autoDraw = True
74.9658 	EXP 	Created fixation_cross = ShapeStim(__class__=<class 'psychopy.visual.shape.ShapeStim'>, anchor=('center', 'center'), autoDraw=False, autoLog=True, closeShape=True, color=method-wrapper(...), colorSpace='rgb', contrast=None, depth=-3.0, fillColor=array([1, 1, 1]), fillColorSpace='rgb', fillRGB=array([1, 1, 1]), interpolate=True, lineColor=array([1., 1., 1.]), lineColorSpace='rgb', lineRGB=array([1, 1, 1]), lineWidth=1.0, name='fixation_cross', opacity=1, ori=0.0, pos=array([0., 0.]), size=array([0.15, 0.15]), units='height', vertices=ndarray(...), win=Window(...), windingRule=None)
74.9857 	DATA 	Keypress: space
75.0039 	EXP 	you_done_goofed: autoDraw = False
75.0039 	EXP 	text_2: height = 0.05
75.0039 	EXP 	text_2: height = 0.05
75.0039 	EXP 	text_2: text = "Appuyez sur la barre d'espace dès que vous entendez un son. \n\n Les réponses enregistrées plus d'une seconde après le son ne seront pas comptabilisées. \n\n\n Appuyez sur n'importe quelle touche pour démarrer."
75.0039 	EXP 	text_2: autoDraw = True
85.0918 	DATA 	Keypress: space
85.1007 	EXP 	text_2: autoDraw = False
85.1007 	EXP 	blank_txt: autoDraw = True
86.0997 	EXP 	Created sequence: random, trialTypes=1, nReps=999, seed=None
86.1021 	EXP 	New trial (rep=0, index=0): None
86.1828 	EXP 	Sound probe started
86.1909 	EXP 	blank_txt: autoDraw = False
86.4025 	EXP 	Sound probe reached end of file
86.6598 	DATA 	Keypress: space
89.3278 	EXP 	New trial (rep=1, index=0): None
89.6751 	EXP 	Sound probe started
89.8908 	EXP 	Sound probe reached end of file
90.0620 	DATA 	Keypress: space
91.9217 	EXP 	New trial (rep=2, index=0): None
92.0011 	EXP 	Sound probe started
92.2107 	EXP 	Sound probe reached end of file
92.3357 	DATA 	Keypress: space
95.0510 	EXP 	New trial (rep=3, index=0): None
95.0584 	EXP 	Sound probe started
95.2710 	EXP 	Sound probe reached end of file
98.4100 	EXP 	New trial (rep=4, index=0): None
98.4901 	EXP 	Sound probe started
98.7030 	EXP 	Sound probe reached end of file
101.9346 	EXP 	New trial (rep=5, index=0): None
102.0043 	EXP 	Sound probe started
102.2230 	EXP 	Sound probe reached end of file
102.4393 	DATA 	Keypress: space
105.3707 	EXP 	New trial (rep=6, index=0): None
105.4430 	EXP 	Sound probe started
105.6592 	EXP 	Sound probe reached end of file
108.7741 	EXP 	New trial (rep=7, index=0): None
108.7780 	EXP 	Sound probe started
108.9907 	EXP 	Sound probe reached end of file
111.7438 	EXP 	New trial (rep=8, index=0): None
111.8182 	EXP 	Sound probe started
112.0309 	EXP 	Sound probe reached end of file
112.2616 	DATA 	Keypress: space
115.8089 	EXP 	New trial (rep=9, index=0): None
115.8867 	EXP 	Sound probe started
116.0991 	EXP 	Sound probe reached end of file
118.1845 	EXP 	New trial (rep=10, index=0): None
118.2511 	EXP 	Sound probe started
118.4709 	EXP 	Sound probe reached end of file
118.8669 	DATA 	Keypress: space
121.3687 	EXP 	New trial (rep=11, index=0): None
121.4499 	EXP 	Sound probe started
121.6588 	EXP 	Sound probe reached end of file
124.5905 	EXP 	New trial (rep=12, index=0): None
124.6602 	EXP 	Sound probe started
124.8787 	EXP 	Sound probe reached end of file
125.3067 	DATA 	Keypress: space
128.2620 	EXP 	New trial (rep=13, index=0): None
128.3342 	EXP 	Sound probe started
128.5509 	EXP 	Sound probe reached end of file
131.4177 	EXP 	New trial (rep=14, index=0): None
131.4194 	EXP 	Sound probe started
131.6399 	EXP 	Sound probe reached end of file
134.6676 	EXP 	New trial (rep=15, index=0): None
134.7393 	EXP 	Sound probe started
134.9589 	EXP 	Sound probe reached end of file
135.2434 	DATA 	Keypress: space
137.3688 	EXP 	New trial (rep=16, index=0): None
137.4391 	EXP 	Sound probe started
137.6588 	EXP 	Sound probe reached end of file
141.4111 	EXP 	New trial (rep=17, index=0): None
141.4812 	EXP 	Sound probe started
141.6987 	EXP 	Sound probe reached end of file
142.0883 	DATA 	Keypress: space
143.9197 	EXP 	New trial (rep=18, index=0): None
143.9215 	EXP 	Sound probe started
144.1391 	EXP 	Sound probe reached end of file
146.9778 	EXP 	New trial (rep=19, index=0): None
147.0493 	EXP 	Sound probe started
147.2670 	EXP 	Sound probe reached end of file
150.4262 	EXP 	New trial (rep=20, index=0): None
150.4966 	EXP 	Sound probe started
150.7069 	EXP 	Sound probe reached end of file
151.1707 	DATA 	Keypress: space
154.0446 	EXP 	New trial (rep=21, index=0): None
154.1202 	EXP 	Sound probe started
154.3386 	EXP 	Sound probe reached end of file
157.2207 	EXP 	New trial (rep=22, index=0): None
157.2247 	EXP 	Sound probe started
157.4386 	EXP 	Sound probe reached end of file
159.2930 	EXP 	New trial (rep=23, index=0): None
159.3648 	EXP 	Sound probe started
159.5749 	EXP 	Sound probe reached end of file
160.0880 	DATA 	Keypress: space
162.4133 	EXP 	New trial (rep=24, index=0): None
162.4883 	EXP 	Sound probe started
162.6946 	EXP 	Sound probe stopped
165.8041 	EXP 	New trial (rep=25, index=0): None
165.8738 	EXP 	Sound probe started
166.0867 	EXP 	Sound probe reached end of file
166.5092 	DATA 	Keypress: space
168.4932 	EXP 	New trial (rep=26, index=0): None
168.4987 	EXP 	Sound probe started
168.7147 	EXP 	Sound probe reached end of file
170.8755 	EXP 	New trial (rep=27, index=0): None
170.9601 	EXP 	Sound probe started
171.1747 	EXP 	Sound probe reached end of file
174.9914 	EXP 	New trial (rep=28, index=0): None
175.0588 	EXP 	Sound probe started
175.2748 	EXP 	Sound probe reached end of file
175.6870 	DATA 	Keypress: space
178.1726 	EXP 	New trial (rep=29, index=0): None
178.2453 	EXP 	Sound probe started
178.4546 	EXP 	Sound probe reached end of file
180.9366 	EXP 	New trial (rep=30, index=0): None
182.8892 	EXP 	Sound probe started
183.1028 	EXP 	Sound probe reached end of file
186.1750 	EXP 	New trial (rep=31, index=0): None
186.1772 	EXP 	Sound probe started
186.3947 	EXP 	Sound probe reached end of file
189.6522 	EXP 	New trial (rep=32, index=0): None
191.5092 	EXP 	Sound probe started
191.7227 	EXP 	Sound probe reached end of file
192.2339 	DATA 	Keypress: space
194.6881 	EXP 	New trial (rep=33, index=0): None
196.3116 	EXP 	Sound probe started
196.5148 	EXP 	Sound probe stopped
196.9614 	DATA 	Keypress: space
200.1914 	EXP 	New trial (rep=34, index=0): None
201.2665 	EXP 	Sound probe started
201.4826 	EXP 	Sound probe reached end of file
204.8105 	EXP 	New trial (rep=35, index=0): None
205.9347 	EXP 	Sound probe started
206.1428 	EXP 	Sound probe stopped
206.4822 	DATA 	Keypress: space
208.6012 	EXP 	New trial (rep=36, index=0): None
208.6022 	EXP 	Sound probe started
208.8183 	EXP 	Sound probe reached end of file
212.2278 	EXP 	New trial (rep=37, index=0): None
213.3265 	EXP 	Sound probe started
213.5428 	EXP 	Sound probe reached end of file
215.4141 	EXP 	New trial (rep=38, index=0): None
216.5678 	EXP 	Sound probe started
216.7824 	EXP 	Sound probe reached end of file
220.3453 	EXP 	New trial (rep=39, index=0): None
221.4833 	EXP 	Sound probe started
221.7026 	EXP 	Sound probe reached end of file
224.8770 	EXP 	New trial (rep=40, index=0): None
227.3409 	EXP 	Sound probe started
227.5506 	EXP 	Sound probe reached end of file
229.6212 	EXP 	New trial (rep=41, index=0): None
230.9407 	EXP 	Sound probe started
231.1508 	EXP 	Sound probe reached end of file
231.5983 	DATA 	Keypress: space
234.5937 	EXP 	New trial (rep=42, index=0): None
235.8721 	EXP 	Sound probe started
236.0907 	EXP 	Sound probe reached end of file
238.9238 	EXP 	New trial (rep=43, index=0): None
240.1797 	EXP 	Sound probe started
240.3905 	EXP 	Sound probe stopped
240.8157 	DATA 	Keypress: space
243.3374 	EXP 	New trial (rep=44, index=0): None
244.7160 	EXP 	Sound probe started
244.9308 	EXP 	Sound probe reached end of file
245.9236 	DATA 	Keypress: space
246.7660 	EXP 	New trial (rep=45, index=0): None
246.7670 	EXP 	Sound probe started
246.9785 	EXP 	Sound probe reached end of file
249.9831 	EXP 	New trial (rep=46, index=0): None
251.2775 	EXP 	Sound probe started
251.4906 	EXP 	Sound probe reached end of file
252.2845 	DATA 	Keypress: space
253.4488 	EXP 	New trial (rep=47, index=0): None
254.7909 	EXP 	Sound probe started
254.9986 	EXP 	Sound probe stopped
255.4743 	DATA 	Keypress: space
257.8220 	EXP 	New trial (rep=48, index=0): None
259.3486 	EXP 	Sound probe started
259.5587 	EXP 	Sound probe stopped
259.8952 	DATA 	Keypress: space
263.1537 	EXP 	New trial (rep=49, index=0): None
263.1547 	EXP 	Sound probe started
263.3667 	EXP 	Sound probe reached end of file
266.5923 	EXP 	New trial (rep=50, index=0): None
267.9337 	EXP 	Sound probe started
268.1466 	EXP 	Sound probe reached end of file
268.5445 	DATA 	Keypress: space
271.5590 	EXP 	New trial (rep=51, index=0): None
272.9328 	EXP 	Sound probe started
273.1466 	EXP 	Sound probe reached end of file
273.4505 	DATA 	Keypress: space
275.2974 	EXP 	New trial (rep=52, index=0): None
276.7159 	EXP 	Sound probe started
276.9264 	EXP 	Sound probe reached end of file
278.9305 	EXP 	New trial (rep=53, index=0): None
280.4010 	EXP 	Sound probe started
280.6065 	EXP 	Sound probe stopped
280.9620 	DATA 	Keypress: space
284.2277 	EXP 	New trial (rep=54, index=0): None
284.2287 	EXP 	Sound probe started
284.4465 	EXP 	Sound probe reached end of file
286.5487 	EXP 	New trial (rep=55, index=0): None
289.2955 	EXP 	Sound probe started
289.5065 	EXP 	Sound probe stopped
290.2558 	DATA 	Keypress: space
291.5432 	EXP 	New trial (rep=56, index=0): None
293.0159 	EXP 	Sound probe started
293.2346 	EXP 	Sound probe reached end of file
293.6256 	DATA 	Keypress: space
296.2245 	EXP 	New trial (rep=57, index=0): None
297.6957 	EXP 	Sound probe started
297.9148 	EXP 	Sound probe reached end of file
298.2987 	DATA 	Keypress: space
300.5167 	EXP 	New trial (rep=58, index=0): None
302.0794 	EXP 	Sound probe started
302.2868 	EXP 	Sound probe stopped
304.8972 	EXP 	New trial (rep=59, index=0): None
306.4165 	EXP 	Sound probe started
306.6364 	EXP 	Sound probe reached end of file
306.9823 	DATA 	Keypress: space
309.3569 	EXP 	New trial (rep=60, index=0): None
309.3606 	EXP 	Sound probe started
309.5794 	EXP 	Sound probe reached end of file
311.4709 	EXP 	New trial (rep=61, index=0): None
313.0581 	EXP 	Sound probe started
313.2745 	EXP 	Sound probe reached end of file
313.5683 	DATA 	Keypress: space
315.5061 	EXP 	New trial (rep=62, index=0): None
317.0821 	EXP 	Sound probe started
317.2945 	EXP 	Sound probe reached end of file
317.6558 	DATA 	Keypress: space
319.9599 	EXP 	New trial (rep=63, index=0): None
319.9635 	EXP 	Sound probe stopped
319.9937 	EXP 	goodbye_text: autoDraw = True
323.7938 	DATA 	Keypress: space
323.8038 	EXP 	goodbye_text: autoDraw = False
323.9179 	EXP 	window1: mouseVisible = True
