10.1634 	WARNING 	User requested fullscreen with size [2560 1440], but screen is actually [3840, 2160]. Using actual size
12.0085 	EXP 	Created window1 = Window(allowGUI=False, allowStencil=False, autoLog=True, backendConf=UNKNOWN, bitsMode=UNKNOWN, blendMode='avg', bpc=(8, 8, 8), color=array([ 0.6078, -0.2784, -0.2784]), colorSpace='rgb', depthBits=8, fullscr=<method-wrapper '__getattribute__' of attributeSetter object at 0x00000167088A7B20>, gamma=None, gammaErrorPolicy='raise', lms=UNKNOWN, monitor=<psychopy.monitors.calibTools.Monitor object at 0x000001670A5650D0>, multiSample=False, name='window1', numSamples=2, pos=(0, 0), screen=0, size=array([3840, 2160]), stencilBits=0, stereo=False, units='height', useFBO=True, useRetina=False, viewOri=0.0, viewPos=None, viewScale=None, waitBlanking=True, winType='pyglet')
12.0109 	EXP 	window1: mouseVisible = True
12.0111 	EXP 	window1: Attempting to measure frame rate of screen (0) ...
12.0111 	EXP 	window1: recordFrameIntervals = False
12.2792 	EXP 	window1: recordFrameIntervals = True
12.5031 	WARNING 	t of last frame was 41.80ms (=1/23)
12.8076 	WARNING 	t of last frame was 34.57ms (=1/28)
13.1343 	WARNING 	t of last frame was 39.91ms (=1/25)
13.4064 	EXP 	Screen (0) actual frame rate measured at 36.78Hz
13.4065 	EXP 	window1: recordFrameIntervals = False
15.4357 	EXP 	window1: Attempting to measure frame rate of screen (0) ...
15.4357 	EXP 	window1: recordFrameIntervals = False
15.7017 	EXP 	window1: recordFrameIntervals = True
16.8382 	WARNING 	t of last frame was 39.65ms (=1/25)
17.1172 	EXP 	Screen (0) actual frame rate measured at 35.86Hz
17.1172 	EXP 	window1: recordFrameIntervals = False
17.2101 	EXP 	Created instructions = TextStim(__class__=<class 'psychopy.visual.text.TextStim'>, alignHoriz=method-wrapper(...), alignText='center', alignVert=method-wrapper(...), anchorHoriz='center', anchorVert='center', antialias=True, autoLog=True, bold=False, color=array([1., 1., 1.]), colorSpace='rgb', contrast=1.0, depth=-2.0, flipHoriz=False, flipVert=False, font='Open Sans', fontFiles=[], height=0.03, italic=False, languageStyle='LTR', name='instructions', opacity=1, ori=0.0, pos=array([0., 0.]), rgb=UNKNOWN, text=str(...), units='height', win=Window(...), wrapWidth=1)
17.2118 	EXP 	Created blank_text = TextStim(__class__=<class 'psychopy.visual.text.TextStim'>, alignHoriz=method-wrapper(...), alignText='center', alignVert=method-wrapper(...), anchorHoriz='center', anchorVert='center', antialias=True, autoLog=True, bold=False, color=array([1., 1., 1.]), colorSpace='rgb', contrast=1.0, depth=0.0, flipHoriz=False, flipVert=False, font='Open Sans', fontFiles=[], height=0.05, italic=False, languageStyle='LTR', name='blank_text', opacity=1, ori=0.0, pos=array([0., 0.]), rgb=UNKNOWN, text='', units='height', win=Window(...), wrapWidth=1)
17.2145 	EXP 	Created fixation_cross = ShapeStim(__class__=<class 'psychopy.visual.shape.ShapeStim'>, anchor=('center', 'center'), autoDraw=False, autoLog=True, closeShape=True, color=method-wrapper(...), colorSpace='rgb', contrast=None, depth=-3.0, fillColor=array([1, 1, 1]), fillColorSpace='rgb', fillRGB=array([1, 1, 1]), interpolate=True, lineColor=array([1., 1., 1.]), lineColorSpace='rgb', lineRGB=array([1, 1, 1]), lineWidth=1.0, name='fixation_cross', opacity=1, ori=0.0, pos=array([0., 0.]), size=array([0.15, 0.15]), units='height', vertices=ndarray(...), win=Window(...), windingRule=None)
17.2155 	EXP 	Created text = TextStim(__class__=<class 'psychopy.visual.text.TextStim'>, alignHoriz=method-wrapper(...), alignText='center', alignVert=method-wrapper(...), anchorHoriz='center', anchorVert='center', antialias=True, autoLog=True, bold=False, color=array([1., 1., 1.]), colorSpace='rgb', contrast=1.0, depth=-2.0, flipHoriz=False, flipVert=False, font='Open Sans', fontFiles=[], height=0.05, italic=False, languageStyle='LTR', name='text', opacity=1, ori=0.0, pos=array([0., 0.]), rgb=UNKNOWN, text='', units='height', win=Window(...), wrapWidth=1)
17.2749 	EXP 	Sound probe set volume 1.000
17.2765 	EXP 	Created text_2 = TextStim(__class__=<class 'psychopy.visual.text.TextStim'>, alignHoriz=method-wrapper(...), alignText='center', alignVert=method-wrapper(...), anchorHoriz='center', anchorVert='center', antialias=True, autoLog=True, bold=False, color=array([1., 1., 1.]), colorSpace='rgb', contrast=1.0, depth=-4.0, flipHoriz=False, flipVert=False, font='Open Sans', fontFiles=[], height=0.05, italic=False, languageStyle='LTR', name='text_2', opacity=1, ori=0.0, pos=array([0., 0.]), rgb=UNKNOWN, text='', units='height', win=Window(...), wrapWidth=1)
17.2928 	EXP 	Created break_txt = TextStim(__class__=<class 'psychopy.visual.text.TextStim'>, alignHoriz=method-wrapper(...), alignText='center', alignVert=method-wrapper(...), anchorHoriz='center', anchorVert='center', antialias=True, autoLog=True, bold=False, color=array([1., 1., 1.]), colorSpace='rgb', contrast=1.0, depth=0.0, flipHoriz=False, flipVert=False, font='Open Sans', fontFiles=[], height=0.04, italic=False, languageStyle='LTR', name='break_txt', opacity=1, ori=0.0, pos=array([0., 0.]), rgb=UNKNOWN, text=str(...), units='height', win=Window(...), wrapWidth=1)
17.2944 	EXP 	Created blank_text = TextStim(__class__=<class 'psychopy.visual.text.TextStim'>, alignHoriz=method-wrapper(...), alignText='center', alignVert=method-wrapper(...), anchorHoriz='center', anchorVert='center', antialias=True, autoLog=True, bold=False, color=array([1., 1., 1.]), colorSpace='rgb', contrast=1.0, depth=0.0, flipHoriz=False, flipVert=False, font='Open Sans', fontFiles=[], height=0.05, italic=False, languageStyle='LTR', name='blank_text', opacity=1, ori=0.0, pos=array([0., 0.]), rgb=UNKNOWN, text='', units='height', win=Window(...), wrapWidth=1)
17.3188 	EXP 	Created end_txt = TextStim(__class__=<class 'psychopy.visual.text.TextStim'>, alignHoriz=method-wrapper(...), alignText='center', alignVert=method-wrapper(...), anchorHoriz='center', anchorVert='center', antialias=True, autoLog=True, bold=False, color=array([1., 1., 1.]), colorSpace='rgb', contrast=1.0, depth=0.0, flipHoriz=False, flipVert=False, font='Open Sans', fontFiles=[], height=0.05, italic=False, languageStyle='LTR', name='end_txt', opacity=1, ori=0.0, pos=array([0., 0.]), rgb=UNKNOWN, text=str(...), units='height', win=Window(...), wrapWidth=1)
17.3366 	EXP 	instructions: autoDraw = True
55.0848 	DATA 	Keypress: return
55.1115 	EXP 	instructions: autoDraw = False
55.1115 	EXP 	blank_text: autoDraw = True
56.0900 	EXP 	Created sequence: fullRandom, trialTypes=1, nReps=999, seed=None
56.0923 	EXP 	New trial (rep=0, index=0): None
57.0630 	EXP 	blank_text: autoDraw = False
57.0630 	EXP 	text: height = 0.05
57.0630 	EXP 	text: height = 0.05
57.0630 	EXP 	text: text = 'X'
57.0630 	EXP 	text: autoDraw = True
58.0447 	EXP 	Created sequence: sequential, trialTypes=1, nReps=10, seed=None
58.0448 	EXP 	New trial (rep=0, index=0): None
58.0469 	EXP 	Sound probe started
58.0747 	EXP 	text: autoDraw = False
58.0747 	EXP 	text: autoDraw = False
58.2584 	EXP 	Sound probe reached end of file
58.2603 	EXP 	window1: recordFrameIntervals = False
58.2848 	EXP 	text_2: autoDraw = True
58.2860 	EXP 	window1: recordFrameIntervals = False
60.0881 	EXP 	New trial (rep=1, index=0): None
60.0908 	EXP 	Sound probe started
60.1138 	EXP 	text_2: autoDraw = False
60.1138 	EXP 	text_2: autoDraw = False
60.2967 	EXP 	Sound probe stopped
60.2988 	EXP 	window1: recordFrameIntervals = False
60.3190 	EXP 	text_2: autoDraw = True
60.3202 	EXP 	window1: recordFrameIntervals = False
62.7954 	EXP 	New trial (rep=2, index=0): None
62.7966 	EXP 	Sound probe started
62.8217 	EXP 	text_2: autoDraw = False
62.8217 	EXP 	text_2: autoDraw = False
63.0168 	EXP 	Sound probe reached end of file
63.0189 	EXP 	window1: recordFrameIntervals = False
63.0429 	EXP 	text_2: autoDraw = True
63.0441 	EXP 	window1: recordFrameIntervals = False
65.3782 	EXP 	New trial (rep=3, index=0): None
65.3810 	EXP 	Sound probe started
65.4028 	EXP 	text_2: autoDraw = False
65.4028 	EXP 	text_2: autoDraw = False
65.5888 	EXP 	Sound probe stopped
65.5909 	EXP 	window1: recordFrameIntervals = False
65.6112 	EXP 	text_2: autoDraw = True
65.6123 	EXP 	window1: recordFrameIntervals = False
66.7327 	EXP 	New trial (rep=4, index=0): None
66.7337 	EXP 	Sound probe started
66.7585 	EXP 	text_2: autoDraw = False
66.7585 	EXP 	text_2: autoDraw = False
66.9486 	EXP 	Sound probe reached end of file
66.9498 	EXP 	window1: recordFrameIntervals = False
66.9778 	EXP 	text_2: autoDraw = True
66.9792 	EXP 	window1: recordFrameIntervals = False
69.9088 	EXP 	New trial (rep=5, index=0): None
69.9105 	EXP 	Sound probe started
69.9361 	EXP 	text_2: autoDraw = False
69.9361 	EXP 	text_2: autoDraw = False
70.1245 	EXP 	Sound probe reached end of file
70.1249 	EXP 	window1: recordFrameIntervals = False
70.1530 	EXP 	text_2: autoDraw = True
70.1540 	EXP 	window1: recordFrameIntervals = False
71.3450 	EXP 	New trial (rep=6, index=0): None
71.3460 	EXP 	Sound probe started
71.3709 	EXP 	text_2: autoDraw = False
71.3709 	EXP 	text_2: autoDraw = False
71.5644 	EXP 	Sound probe reached end of file
71.5649 	EXP 	window1: recordFrameIntervals = False
71.5850 	EXP 	text_2: autoDraw = True
71.5862 	EXP 	window1: recordFrameIntervals = False
73.9204 	EXP 	New trial (rep=7, index=0): None
73.9235 	EXP 	Sound probe started
73.9456 	EXP 	text_2: autoDraw = False
73.9456 	EXP 	text_2: autoDraw = False
74.1364 	EXP 	Sound probe reached end of file
74.1368 	EXP 	window1: recordFrameIntervals = False
74.1567 	EXP 	text_2: autoDraw = True
74.1580 	EXP 	window1: recordFrameIntervals = False
75.1714 	EXP 	New trial (rep=8, index=0): None
75.1749 	EXP 	Sound probe started
75.1968 	EXP 	text_2: autoDraw = False
75.1968 	EXP 	text_2: autoDraw = False
75.3847 	EXP 	Sound probe reached end of file
75.3851 	EXP 	window1: recordFrameIntervals = False
75.4053 	EXP 	text_2: autoDraw = True
75.4064 	EXP 	window1: recordFrameIntervals = False
78.1495 	EXP 	New trial (rep=9, index=0): None
78.1505 	EXP 	Sound probe started
78.1756 	EXP 	text_2: autoDraw = False
78.1756 	EXP 	text_2: autoDraw = False
78.3648 	EXP 	Sound probe reached end of file
78.3671 	EXP 	window1: recordFrameIntervals = False
78.3893 	EXP 	text_2: autoDraw = True
78.3905 	EXP 	window1: recordFrameIntervals = False
80.7473 	EXP 	text_2: autoDraw = False
80.7473 	EXP 	text_2: autoDraw = False
80.7473 	EXP 	break_txt: autoDraw = True
82.2943 	EXP 	New trial (rep=1, index=0): None
83.2025 	DATA 	Keypress: space
83.2180 	EXP 	break_txt: autoDraw = False
83.2180 	EXP 	text: height = 0.05
83.2180 	EXP 	text: height = 0.05
83.2180 	EXP 	text: text = 'HAUTEUR'
83.2180 	EXP 	text: autoDraw = True
84.2211 	EXP 	Created sequence: sequential, trialTypes=1, nReps=9, seed=None
84.2212 	EXP 	New trial (rep=0, index=0): None
84.2224 	EXP 	Sound probe started
84.2529 	EXP 	text: autoDraw = False
84.2529 	EXP 	text: autoDraw = False
84.4367 	EXP 	Sound probe reached end of file
84.4371 	EXP 	window1: recordFrameIntervals = False
84.4661 	EXP 	text_2: autoDraw = True
84.4672 	EXP 	window1: recordFrameIntervals = False
87.0064 	EXP 	New trial (rep=1, index=0): None
87.0074 	EXP 	Sound probe started
87.0319 	EXP 	text_2: autoDraw = False
87.0319 	EXP 	text_2: autoDraw = False
87.2248 	EXP 	Sound probe reached end of file
87.2254 	EXP 	window1: recordFrameIntervals = False
87.2437 	EXP 	text_2: autoDraw = True
87.2450 	EXP 	window1: recordFrameIntervals = False
88.4167 	EXP 	New trial (rep=2, index=0): None
88.4179 	EXP 	Sound probe started
88.4449 	EXP 	text_2: autoDraw = False
88.4449 	EXP 	text_2: autoDraw = False
88.6368 	EXP 	Sound probe reached end of file
88.6384 	EXP 	window1: recordFrameIntervals = False
88.6607 	EXP 	text_2: autoDraw = True
88.6620 	EXP 	window1: recordFrameIntervals = False
91.2326 	EXP 	New trial (rep=3, index=0): None
91.2337 	EXP 	Sound probe started
91.2533 	EXP 	text_2: autoDraw = False
91.2533 	EXP 	text_2: autoDraw = False
91.4446 	EXP 	Sound probe reached end of file
91.4463 	EXP 	window1: recordFrameIntervals = False
91.4646 	EXP 	text_2: autoDraw = True
91.4684 	EXP 	window1: recordFrameIntervals = False
92.6107 	EXP 	New trial (rep=4, index=0): None
92.6115 	EXP 	Sound probe started
92.6361 	EXP 	text_2: autoDraw = False
92.6361 	EXP 	text_2: autoDraw = False
92.8247 	EXP 	Sound probe reached end of file
92.8270 	EXP 	window1: recordFrameIntervals = False
92.8525 	EXP 	text_2: autoDraw = True
92.8537 	EXP 	window1: recordFrameIntervals = False
94.6688 	EXP 	New trial (rep=5, index=0): None
94.6697 	EXP 	Sound probe started
94.6954 	EXP 	text_2: autoDraw = False
94.6954 	EXP 	text_2: autoDraw = False
94.8845 	EXP 	Sound probe reached end of file
94.8852 	EXP 	window1: recordFrameIntervals = False
94.9044 	EXP 	text_2: autoDraw = True
94.9058 	EXP 	window1: recordFrameIntervals = False
97.3065 	EXP 	New trial (rep=6, index=0): None
97.3076 	EXP 	Sound probe started
97.3276 	EXP 	text_2: autoDraw = False
97.3276 	EXP 	text_2: autoDraw = False
97.5128 	EXP 	Sound probe stopped
97.5143 	EXP 	window1: recordFrameIntervals = False
97.5424 	EXP 	text_2: autoDraw = True
97.5437 	EXP 	window1: recordFrameIntervals = False
99.0395 	EXP 	New trial (rep=7, index=0): None
99.0406 	EXP 	Sound probe started
99.0661 	EXP 	text_2: autoDraw = False
99.0661 	EXP 	text_2: autoDraw = False
99.2527 	EXP 	Sound probe reached end of file
99.2543 	EXP 	window1: recordFrameIntervals = False
99.2738 	EXP 	text_2: autoDraw = True
99.2750 	EXP 	window1: recordFrameIntervals = False
100.7927 	EXP 	New trial (rep=8, index=0): None
100.7939 	EXP 	Sound probe started
100.8141 	EXP 	text_2: autoDraw = False
100.8141 	EXP 	text_2: autoDraw = False
100.9928 	EXP 	Sound probe stopped
100.9932 	EXP 	window1: recordFrameIntervals = False
101.0181 	EXP 	text_2: autoDraw = True
101.0191 	EXP 	window1: recordFrameIntervals = False
103.0851 	EXP 	text_2: autoDraw = False
103.0851 	EXP 	text_2: autoDraw = False
103.0851 	EXP 	break_txt: autoDraw = True
113.7174 	EXP 	New trial (rep=2, index=0): None
114.6066 	DATA 	Keypress: space
114.6221 	EXP 	break_txt: autoDraw = False
114.6221 	EXP 	text: height = 0.05
114.6221 	EXP 	text: height = 0.05
114.6221 	EXP 	text: text = 'RYTHME\n\nHAUTEUR'
114.6221 	EXP 	text: autoDraw = True
115.6068 	EXP 	Created sequence: sequential, trialTypes=1, nReps=11, seed=None
115.6070 	EXP 	New trial (rep=0, index=0): None
115.6083 	EXP 	Sound probe started
115.6365 	EXP 	text: autoDraw = False
115.6365 	EXP 	text: autoDraw = False
115.8245 	EXP 	Sound probe reached end of file
115.8249 	EXP 	window1: recordFrameIntervals = False
115.8507 	EXP 	text_2: autoDraw = True
115.8521 	EXP 	window1: recordFrameIntervals = False
117.7729 	EXP 	New trial (rep=1, index=0): None
117.7739 	EXP 	Sound probe started
117.7986 	EXP 	text_2: autoDraw = False
117.7986 	EXP 	text_2: autoDraw = False
117.9807 	EXP 	Sound probe stopped
117.9811 	EXP 	window1: recordFrameIntervals = False
118.0090 	EXP 	text_2: autoDraw = True
118.0100 	EXP 	window1: recordFrameIntervals = False
119.9289 	EXP 	New trial (rep=2, index=0): None
119.9300 	EXP 	Sound probe started
119.9548 	EXP 	text_2: autoDraw = False
119.9548 	EXP 	text_2: autoDraw = False
120.1406 	EXP 	Sound probe reached end of file
120.1424 	EXP 	window1: recordFrameIntervals = False
120.1625 	EXP 	text_2: autoDraw = True
120.1637 	EXP 	window1: recordFrameIntervals = False
122.0979 	EXP 	New trial (rep=3, index=0): None
122.0988 	EXP 	Sound probe started
122.1179 	EXP 	text_2: autoDraw = False
122.1179 	EXP 	text_2: autoDraw = False
122.3006 	EXP 	Sound probe stopped
122.3010 	EXP 	window1: recordFrameIntervals = False
122.3273 	EXP 	text_2: autoDraw = True
122.3286 	EXP 	window1: recordFrameIntervals = False
124.2480 	EXP 	New trial (rep=4, index=0): None
124.2488 	EXP 	Sound probe started
124.2742 	EXP 	text_2: autoDraw = False
124.2742 	EXP 	text_2: autoDraw = False
124.4607 	EXP 	Sound probe reached end of file
124.4629 	EXP 	window1: recordFrameIntervals = False
124.4858 	EXP 	text_2: autoDraw = True
124.4870 	EXP 	window1: recordFrameIntervals = False
126.4156 	EXP 	New trial (rep=5, index=0): None
126.4179 	EXP 	Sound probe started
126.4365 	EXP 	text_2: autoDraw = False
126.4365 	EXP 	text_2: autoDraw = False
126.6206 	EXP 	Sound probe stopped
126.6211 	EXP 	window1: recordFrameIntervals = False
126.6409 	EXP 	text_2: autoDraw = True
126.6428 	EXP 	window1: recordFrameIntervals = False
128.5689 	EXP 	New trial (rep=6, index=0): None
128.5699 	EXP 	Sound probe started
128.5951 	EXP 	text_2: autoDraw = False
128.5951 	EXP 	text_2: autoDraw = False
128.7807 	EXP 	Sound probe reached end of file
128.7824 	EXP 	window1: recordFrameIntervals = False
128.8027 	EXP 	text_2: autoDraw = True
128.8040 	EXP 	window1: recordFrameIntervals = False
130.7325 	EXP 	New trial (rep=7, index=0): None
130.7363 	EXP 	Sound probe started
130.7556 	EXP 	text_2: autoDraw = False
130.7556 	EXP 	text_2: autoDraw = False
130.9407 	EXP 	Sound probe stopped
130.9413 	EXP 	window1: recordFrameIntervals = False
130.9608 	EXP 	text_2: autoDraw = True
130.9620 	EXP 	window1: recordFrameIntervals = False
132.8889 	EXP 	New trial (rep=8, index=0): None
132.8899 	EXP 	Sound probe started
132.9148 	EXP 	text_2: autoDraw = False
132.9148 	EXP 	text_2: autoDraw = False
133.1009 	EXP 	Sound probe reached end of file
133.1028 	EXP 	window1: recordFrameIntervals = False
133.1277 	EXP 	text_2: autoDraw = True
133.1291 	EXP 	window1: recordFrameIntervals = False
135.0636 	EXP 	New trial (rep=9, index=0): None
135.0655 	EXP 	Sound probe started
135.0873 	EXP 	text_2: autoDraw = False
135.0873 	EXP 	text_2: autoDraw = False
135.2807 	EXP 	Sound probe reached end of file
135.2810 	EXP 	window1: recordFrameIntervals = False
135.3008 	EXP 	text_2: autoDraw = True
135.3021 	EXP 	window1: recordFrameIntervals = False
137.2292 	EXP 	New trial (rep=10, index=0): None
137.2301 	EXP 	Sound probe started
137.2554 	EXP 	text_2: autoDraw = False
137.2554 	EXP 	text_2: autoDraw = False
137.4407 	EXP 	Sound probe reached end of file
137.4426 	EXP 	window1: recordFrameIntervals = False
137.4622 	EXP 	text_2: autoDraw = True
137.4634 	EXP 	window1: recordFrameIntervals = False
139.4153 	EXP 	text_2: autoDraw = False
139.4153 	EXP 	text_2: autoDraw = False
139.4153 	EXP 	break_txt: autoDraw = True
140.8513 	EXP 	New trial (rep=3, index=0): None
143.6076 	DATA 	Keypress: space
143.6232 	EXP 	break_txt: autoDraw = False
143.6232 	EXP 	text: height = 0.05
143.6232 	EXP 	text: height = 0.05
143.6232 	EXP 	text: text = 'X'
143.6232 	EXP 	text: autoDraw = True
144.5993 	EXP 	Created sequence: sequential, trialTypes=1, nReps=8, seed=None
144.5994 	EXP 	New trial (rep=0, index=0): None
144.6007 	EXP 	Sound probe started
144.6266 	EXP 	text: autoDraw = False
144.6266 	EXP 	text: autoDraw = False
144.8322 	EXP 	Sound probe reached end of file
144.8327 	EXP 	window1: recordFrameIntervals = False
144.8591 	EXP 	text_2: autoDraw = True
144.8602 	EXP 	window1: recordFrameIntervals = False
147.0710 	EXP 	New trial (rep=1, index=0): None
147.0720 	EXP 	Sound probe started
147.0966 	EXP 	text_2: autoDraw = False
147.0966 	EXP 	text_2: autoDraw = False
147.2888 	EXP 	Sound probe reached end of file
147.2907 	EXP 	window1: recordFrameIntervals = False
147.3105 	EXP 	text_2: autoDraw = True
147.3117 	EXP 	window1: recordFrameIntervals = False
149.5253 	EXP 	New trial (rep=2, index=0): None
149.5265 	EXP 	Sound probe started
149.5455 	EXP 	text_2: autoDraw = False
149.5455 	EXP 	text_2: autoDraw = False
149.7287 	EXP 	Sound probe stopped
149.7291 	EXP 	window1: recordFrameIntervals = False
149.7485 	EXP 	text_2: autoDraw = True
149.7504 	EXP 	window1: recordFrameIntervals = False
152.1697 	EXP 	New trial (rep=3, index=0): None
152.1726 	EXP 	Sound probe started
152.1946 	EXP 	text_2: autoDraw = False
152.1946 	EXP 	text_2: autoDraw = False
152.3805 	EXP 	Sound probe stopped
152.3810 	EXP 	window1: recordFrameIntervals = False
152.4012 	EXP 	text_2: autoDraw = True
152.4025 	EXP 	window1: recordFrameIntervals = False
153.5521 	EXP 	New trial (rep=4, index=0): None
153.5531 	EXP 	Sound probe started
153.5785 	EXP 	text_2: autoDraw = False
153.5785 	EXP 	text_2: autoDraw = False
153.7687 	EXP 	Sound probe reached end of file
153.7700 	EXP 	window1: recordFrameIntervals = False
153.7938 	EXP 	text_2: autoDraw = True
153.7951 	EXP 	window1: recordFrameIntervals = False
156.2063 	EXP 	New trial (rep=5, index=0): None
156.2094 	EXP 	Sound probe started
156.2325 	EXP 	text_2: autoDraw = False
156.2325 	EXP 	text_2: autoDraw = False
156.4205 	EXP 	Sound probe stopped
156.4210 	EXP 	window1: recordFrameIntervals = False
156.4412 	EXP 	text_2: autoDraw = True
156.4424 	EXP 	window1: recordFrameIntervals = False
159.0350 	EXP 	New trial (rep=6, index=0): None
159.0360 	EXP 	Sound probe started
159.0619 	EXP 	text_2: autoDraw = False
159.0619 	EXP 	text_2: autoDraw = False
159.2486 	EXP 	Sound probe reached end of file
159.2507 	EXP 	window1: recordFrameIntervals = False
159.2733 	EXP 	text_2: autoDraw = True
159.2744 	EXP 	window1: recordFrameIntervals = False
160.3768 	EXP 	New trial (rep=7, index=0): None
160.3783 	EXP 	Sound probe started
160.4036 	EXP 	text_2: autoDraw = False
160.4036 	EXP 	text_2: autoDraw = False
160.5888 	EXP 	Sound probe reached end of file
160.5897 	EXP 	window1: recordFrameIntervals = False
160.6097 	EXP 	text_2: autoDraw = True
160.6110 	EXP 	window1: recordFrameIntervals = False
161.9650 	EXP 	text_2: autoDraw = False
161.9650 	EXP 	text_2: autoDraw = False
161.9650 	EXP 	break_txt: autoDraw = True
163.0442 	EXP 	New trial (rep=4, index=0): None
165.7269 	DATA 	Keypress: space
165.7429 	EXP 	break_txt: autoDraw = False
165.7429 	EXP 	text: text = 'X'
165.7429 	EXP 	text: autoDraw = True
166.7193 	EXP 	Created sequence: sequential, trialTypes=1, nReps=11, seed=None
166.7197 	EXP 	New trial (rep=0, index=0): None
166.7241 	EXP 	Sound probe started
166.7474 	EXP 	text: autoDraw = False
166.7474 	EXP 	text: autoDraw = False
166.9407 	EXP 	Sound probe reached end of file
166.9425 	EXP 	window1: recordFrameIntervals = False
166.9608 	EXP 	text_2: autoDraw = True
166.9621 	EXP 	window1: recordFrameIntervals = False
168.5431 	EXP 	New trial (rep=1, index=0): None
168.5441 	EXP 	Sound probe started
168.5695 	EXP 	text_2: autoDraw = False
168.5695 	EXP 	text_2: autoDraw = False
168.7567 	EXP 	Sound probe reached end of file
168.7583 	EXP 	window1: recordFrameIntervals = False
168.7783 	EXP 	text_2: autoDraw = True
168.7796 	EXP 	window1: recordFrameIntervals = False
171.4955 	EXP 	New trial (rep=2, index=0): None
171.4965 	EXP 	Sound probe started
171.5212 	EXP 	text_2: autoDraw = False
171.5212 	EXP 	text_2: autoDraw = False
171.7164 	EXP 	Sound probe reached end of file
171.7168 	EXP 	window1: recordFrameIntervals = False
171.7353 	EXP 	text_2: autoDraw = True
171.7365 	EXP 	window1: recordFrameIntervals = False
174.4931 	EXP 	New trial (rep=3, index=0): None
174.4967 	EXP 	Sound probe started
174.5184 	EXP 	text_2: autoDraw = False
174.5184 	EXP 	text_2: autoDraw = False
174.7085 	EXP 	Sound probe stopped
174.7090 	EXP 	window1: recordFrameIntervals = False
174.7280 	EXP 	text_2: autoDraw = True
174.7305 	EXP 	window1: recordFrameIntervals = False
177.3384 	EXP 	New trial (rep=4, index=0): None
177.3393 	EXP 	Sound probe started
177.3647 	EXP 	text_2: autoDraw = False
177.3647 	EXP 	text_2: autoDraw = False
177.5565 	EXP 	Sound probe reached end of file
177.5570 	EXP 	window1: recordFrameIntervals = False
177.5880 	EXP 	text_2: autoDraw = True
177.5893 	EXP 	window1: recordFrameIntervals = False
179.2542 	EXP 	New trial (rep=5, index=0): None
179.2552 	EXP 	Sound probe started
179.2798 	EXP 	text_2: autoDraw = False
179.2798 	EXP 	text_2: autoDraw = False
179.4687 	EXP 	Sound probe reached end of file
179.4712 	EXP 	window1: recordFrameIntervals = False
179.4934 	EXP 	text_2: autoDraw = True
179.4947 	EXP 	window1: recordFrameIntervals = False
182.1097 	EXP 	New trial (rep=6, index=0): None
182.1106 	EXP 	Sound probe started
182.1370 	EXP 	text_2: autoDraw = False
182.1370 	EXP 	text_2: autoDraw = False
182.3285 	EXP 	Sound probe reached end of file
182.3289 	EXP 	window1: recordFrameIntervals = False
182.3607 	EXP 	text_2: autoDraw = True
182.3619 	EXP 	window1: recordFrameIntervals = False
184.8485 	EXP 	New trial (rep=7, index=0): None
184.8495 	EXP 	Sound probe started
184.8692 	EXP 	text_2: autoDraw = False
184.8692 	EXP 	text_2: autoDraw = False
185.0566 	EXP 	Sound probe stopped
185.0584 	EXP 	window1: recordFrameIntervals = False
185.0783 	EXP 	text_2: autoDraw = True
185.0797 	EXP 	window1: recordFrameIntervals = False
186.2111 	EXP 	New trial (rep=8, index=0): None
186.2140 	EXP 	Sound probe started
186.2324 	EXP 	text_2: autoDraw = False
186.2324 	EXP 	text_2: autoDraw = False
186.4166 	EXP 	Sound probe stopped
186.4171 	EXP 	window1: recordFrameIntervals = False
186.4371 	EXP 	text_2: autoDraw = True
186.4392 	EXP 	window1: recordFrameIntervals = False
187.4966 	EXP 	New trial (rep=9, index=0): None
187.4975 	EXP 	Sound probe started
187.5221 	EXP 	text_2: autoDraw = False
187.5221 	EXP 	text_2: autoDraw = False
187.7165 	EXP 	Sound probe reached end of file
187.7170 	EXP 	window1: recordFrameIntervals = False
187.7368 	EXP 	text_2: autoDraw = True
187.7380 	EXP 	window1: recordFrameIntervals = False
190.1515 	EXP 	New trial (rep=10, index=0): None
190.1525 	EXP 	Sound probe started
190.1784 	EXP 	text_2: autoDraw = False
190.1784 	EXP 	text_2: autoDraw = False
190.3685 	EXP 	Sound probe reached end of file
190.3690 	EXP 	window1: recordFrameIntervals = False
190.3998 	EXP 	text_2: autoDraw = True
190.4012 	EXP 	window1: recordFrameIntervals = False
193.2411 	EXP 	text_2: autoDraw = False
193.2411 	EXP 	text_2: autoDraw = False
193.2411 	EXP 	break_txt: autoDraw = True
194.1681 	EXP 	New trial (rep=5, index=0): None
195.3777 	DATA 	Keypress: space
195.3934 	EXP 	break_txt: autoDraw = False
195.3934 	EXP 	text: height = 0.05
195.3934 	EXP 	text: height = 0.05
195.3934 	EXP 	text: text = 'RYTHME'
195.3934 	EXP 	text: autoDraw = True
196.3960 	EXP 	Created sequence: sequential, trialTypes=1, nReps=13, seed=None
196.3965 	EXP 	New trial (rep=0, index=0): None
196.4000 	EXP 	Sound probe started
196.4236 	EXP 	text: autoDraw = False
196.4236 	EXP 	text: autoDraw = False
196.6166 	EXP 	Sound probe reached end of file
196.6182 	EXP 	window1: recordFrameIntervals = False
196.6368 	EXP 	text_2: autoDraw = True
196.6382 	EXP 	window1: recordFrameIntervals = False
198.2862 	EXP 	New trial (rep=1, index=0): None
198.2898 	EXP 	Sound probe started
198.3106 	EXP 	text_2: autoDraw = False
198.3106 	EXP 	text_2: autoDraw = False
198.4965 	EXP 	Sound probe stopped
198.4970 	EXP 	window1: recordFrameIntervals = False
198.5170 	EXP 	text_2: autoDraw = True
198.5181 	EXP 	window1: recordFrameIntervals = False
200.1633 	EXP 	New trial (rep=2, index=0): None
200.1642 	EXP 	Sound probe started
200.1897 	EXP 	text_2: autoDraw = False
200.1897 	EXP 	text_2: autoDraw = False
200.3765 	EXP 	Sound probe reached end of file
200.3769 	EXP 	window1: recordFrameIntervals = False
200.4077 	EXP 	text_2: autoDraw = True
200.4090 	EXP 	window1: recordFrameIntervals = False
202.0505 	EXP 	New trial (rep=3, index=0): None
202.0516 	EXP 	Sound probe started
202.0711 	EXP 	text_2: autoDraw = False
202.0711 	EXP 	text_2: autoDraw = False
202.2567 	EXP 	Sound probe stopped
202.2585 	EXP 	window1: recordFrameIntervals = False
202.2799 	EXP 	text_2: autoDraw = True
202.2811 	EXP 	window1: recordFrameIntervals = False
203.9268 	EXP 	New trial (rep=4, index=0): None
203.9305 	EXP 	Sound probe started
203.9496 	EXP 	text_2: autoDraw = False
203.9496 	EXP 	text_2: autoDraw = False
204.1365 	EXP 	Sound probe stopped
204.1370 	EXP 	window1: recordFrameIntervals = False
204.1571 	EXP 	text_2: autoDraw = True
204.1582 	EXP 	window1: recordFrameIntervals = False
205.8038 	EXP 	New trial (rep=5, index=0): None
205.8048 	EXP 	Sound probe started
205.8306 	EXP 	text_2: autoDraw = False
205.8306 	EXP 	text_2: autoDraw = False
206.0245 	EXP 	Sound probe reached end of file
206.0264 	EXP 	window1: recordFrameIntervals = False
206.0455 	EXP 	text_2: autoDraw = True
206.0469 	EXP 	window1: recordFrameIntervals = False
207.6931 	EXP 	New trial (rep=6, index=0): None
207.6941 	EXP 	Sound probe started
207.7197 	EXP 	text_2: autoDraw = False
207.7197 	EXP 	text_2: autoDraw = False
207.9045 	EXP 	Sound probe reached end of file
207.9050 	EXP 	window1: recordFrameIntervals = False
207.9249 	EXP 	text_2: autoDraw = True
207.9261 	EXP 	window1: recordFrameIntervals = False
209.5708 	EXP 	New trial (rep=7, index=0): None
209.5718 	EXP 	Sound probe started
209.5970 	EXP 	text_2: autoDraw = False
209.5970 	EXP 	text_2: autoDraw = False
209.7845 	EXP 	Sound probe reached end of file
209.7850 	EXP 	window1: recordFrameIntervals = False
209.8048 	EXP 	text_2: autoDraw = True
209.8060 	EXP 	window1: recordFrameIntervals = False
211.4573 	EXP 	New trial (rep=8, index=0): None
211.4584 	EXP 	Sound probe started
211.4779 	EXP 	text_2: autoDraw = False
211.4779 	EXP 	text_2: autoDraw = False
211.6648 	EXP 	Sound probe stopped
211.6668 	EXP 	window1: recordFrameIntervals = False
211.6898 	EXP 	text_2: autoDraw = True
211.6912 	EXP 	window1: recordFrameIntervals = False
213.3350 	EXP 	New trial (rep=9, index=0): None
213.3384 	EXP 	Sound probe started
213.3592 	EXP 	text_2: autoDraw = False
213.3592 	EXP 	text_2: autoDraw = False
213.5445 	EXP 	Sound probe stopped
213.5450 	EXP 	window1: recordFrameIntervals = False
213.5648 	EXP 	text_2: autoDraw = True
213.5659 	EXP 	window1: recordFrameIntervals = False
215.2115 	EXP 	New trial (rep=10, index=0): None
215.2123 	EXP 	Sound probe started
215.2375 	EXP 	text_2: autoDraw = False
215.2375 	EXP 	text_2: autoDraw = False
215.4246 	EXP 	Sound probe reached end of file
215.4250 	EXP 	window1: recordFrameIntervals = False
215.4575 	EXP 	text_2: autoDraw = True
215.4587 	EXP 	window1: recordFrameIntervals = False
217.0946 	EXP 	New trial (rep=11, index=0): None
217.0965 	EXP 	Sound probe started
217.1147 	EXP 	text_2: autoDraw = False
217.1147 	EXP 	text_2: autoDraw = False
217.3046 	EXP 	Sound probe stopped
217.3063 	EXP 	window1: recordFrameIntervals = False
217.3245 	EXP 	text_2: autoDraw = True
217.3258 	EXP 	window1: recordFrameIntervals = False
218.9734 	EXP 	New trial (rep=12, index=0): None
218.9767 	EXP 	Sound probe started
218.9994 	EXP 	text_2: autoDraw = False
218.9994 	EXP 	text_2: autoDraw = False
219.1845 	EXP 	Sound probe stopped
219.1850 	EXP 	window1: recordFrameIntervals = False
219.2047 	EXP 	text_2: autoDraw = True
219.2060 	EXP 	window1: recordFrameIntervals = False
220.8777 	EXP 	text_2: autoDraw = False
220.8777 	EXP 	text_2: autoDraw = False
220.8777 	EXP 	break_txt: autoDraw = True
221.8954 	EXP 	New trial (rep=6, index=0): None
223.9422 	DATA 	Keypress: space
223.9579 	EXP 	break_txt: autoDraw = False
223.9579 	EXP 	text: height = 0.05
223.9579 	EXP 	text: height = 0.05
223.9579 	EXP 	text: text = 'HAUTEUR'
223.9579 	EXP 	text: autoDraw = True
224.9443 	EXP 	Created sequence: sequential, trialTypes=1, nReps=9, seed=None
224.9444 	EXP 	New trial (rep=0, index=0): None
224.9457 	EXP 	Sound probe started
224.9709 	EXP 	text: autoDraw = False
224.9709 	EXP 	text: autoDraw = False
225.1526 	EXP 	Sound probe stopped
225.1546 	EXP 	window1: recordFrameIntervals = False
225.1757 	EXP 	text_2: autoDraw = True
225.1769 	EXP 	window1: recordFrameIntervals = False
227.0882 	EXP 	New trial (rep=1, index=0): None
227.0904 	EXP 	Sound probe started
227.1090 	EXP 	text_2: autoDraw = False
227.1090 	EXP 	text_2: autoDraw = False
227.2926 	EXP 	Sound probe stopped
227.2931 	EXP 	window1: recordFrameIntervals = False
227.3132 	EXP 	text_2: autoDraw = True
227.3144 	EXP 	window1: recordFrameIntervals = False
228.6258 	EXP 	New trial (rep=2, index=0): None
228.6268 	EXP 	Sound probe started
228.6521 	EXP 	text_2: autoDraw = False
228.6521 	EXP 	text_2: autoDraw = False
228.8446 	EXP 	Sound probe reached end of file
228.8469 	EXP 	window1: recordFrameIntervals = False
228.8727 	EXP 	text_2: autoDraw = True
228.8740 	EXP 	window1: recordFrameIntervals = False
230.8886 	EXP 	New trial (rep=3, index=0): None
230.8921 	EXP 	Sound probe started
230.9115 	EXP 	text_2: autoDraw = False
230.9115 	EXP 	text_2: autoDraw = False
231.0927 	EXP 	Sound probe stopped
231.0947 	EXP 	window1: recordFrameIntervals = False
231.1154 	EXP 	text_2: autoDraw = True
231.1166 	EXP 	window1: recordFrameIntervals = False
232.7033 	EXP 	New trial (rep=4, index=0): None
232.7057 	EXP 	Sound probe started
232.7295 	EXP 	text_2: autoDraw = False
232.7295 	EXP 	text_2: autoDraw = False
232.9126 	EXP 	Sound probe stopped
232.9130 	EXP 	window1: recordFrameIntervals = False
232.9396 	EXP 	text_2: autoDraw = True
232.9408 	EXP 	window1: recordFrameIntervals = False
235.0339 	EXP 	New trial (rep=5, index=0): None
235.0349 	EXP 	Sound probe started
235.0593 	EXP 	text_2: autoDraw = False
235.0593 	EXP 	text_2: autoDraw = False
235.2524 	EXP 	Sound probe reached end of file
235.2543 	EXP 	window1: recordFrameIntervals = False
235.2794 	EXP 	text_2: autoDraw = True
235.2806 	EXP 	window1: recordFrameIntervals = False
237.1379 	EXP 	New trial (rep=6, index=0): None
237.1390 	EXP 	Sound probe started
237.1653 	EXP 	text_2: autoDraw = False
237.1653 	EXP 	text_2: autoDraw = False
237.3526 	EXP 	Sound probe reached end of file
237.3544 	EXP 	window1: recordFrameIntervals = False
237.3771 	EXP 	text_2: autoDraw = True
237.3784 	EXP 	window1: recordFrameIntervals = False
238.4918 	EXP 	New trial (rep=7, index=0): None
238.4927 	EXP 	Sound probe started
238.5196 	EXP 	text_2: autoDraw = False
238.5196 	EXP 	text_2: autoDraw = False
238.7046 	EXP 	Sound probe stopped
238.7051 	EXP 	window1: recordFrameIntervals = False
238.7248 	EXP 	text_2: autoDraw = True
238.7260 	EXP 	window1: recordFrameIntervals = False
240.3345 	EXP 	New trial (rep=8, index=0): None
240.3373 	EXP 	Sound probe started
240.3557 	EXP 	text_2: autoDraw = False
240.3557 	EXP 	text_2: autoDraw = False
240.5445 	EXP 	Sound probe stopped
240.5449 	EXP 	window1: recordFrameIntervals = False
240.5640 	EXP 	text_2: autoDraw = True
240.5651 	EXP 	window1: recordFrameIntervals = False
243.3072 	EXP 	text_2: autoDraw = False
243.3072 	EXP 	text_2: autoDraw = False
243.3072 	EXP 	break_txt: autoDraw = True
244.1325 	EXP 	New trial (rep=7, index=0): None
246.1605 	DATA 	Keypress: space
246.1762 	EXP 	break_txt: autoDraw = False
246.1762 	EXP 	text: text = 'HAUTEUR'
246.1762 	EXP 	text: autoDraw = True
247.1533 	EXP 	Created sequence: sequential, trialTypes=1, nReps=8, seed=None
247.1534 	EXP 	New trial (rep=0, index=0): None
247.1548 	EXP 	Sound probe started
247.1826 	EXP 	text: autoDraw = False
247.1826 	EXP 	text: autoDraw = False
247.3725 	EXP 	Sound probe reached end of file
247.3745 	EXP 	window1: recordFrameIntervals = False
247.3995 	EXP 	text_2: autoDraw = True
247.4006 	EXP 	window1: recordFrameIntervals = False
249.4959 	EXP 	New trial (rep=1, index=0): None
249.4969 	EXP 	Sound probe started
249.5214 	EXP 	text_2: autoDraw = False
249.5214 	EXP 	text_2: autoDraw = False
249.7124 	EXP 	Sound probe reached end of file
249.7143 	EXP 	window1: recordFrameIntervals = False
249.7349 	EXP 	text_2: autoDraw = True
249.7361 	EXP 	window1: recordFrameIntervals = False
252.0160 	EXP 	New trial (rep=2, index=0): None
252.0170 	EXP 	Sound probe started
252.0424 	EXP 	text_2: autoDraw = False
252.0424 	EXP 	text_2: autoDraw = False
252.2325 	EXP 	Sound probe reached end of file
252.2330 	EXP 	window1: recordFrameIntervals = False
252.2637 	EXP 	text_2: autoDraw = True
252.2652 	EXP 	window1: recordFrameIntervals = False
254.7207 	EXP 	New trial (rep=3, index=0): None
254.7217 	EXP 	Sound probe started
254.7471 	EXP 	text_2: autoDraw = False
254.7471 	EXP 	text_2: autoDraw = False
254.9407 	EXP 	Sound probe reached end of file
254.9428 	EXP 	window1: recordFrameIntervals = False
254.9659 	EXP 	text_2: autoDraw = True
254.9672 	EXP 	window1: recordFrameIntervals = False
257.3354 	EXP 	New trial (rep=4, index=0): None
257.3385 	EXP 	Sound probe started
257.3567 	EXP 	text_2: autoDraw = False
257.3567 	EXP 	text_2: autoDraw = False
257.5406 	EXP 	Sound probe stopped
257.5430 	EXP 	window1: recordFrameIntervals = False
257.5638 	EXP 	text_2: autoDraw = True
257.5651 	EXP 	window1: recordFrameIntervals = False
260.0565 	EXP 	New trial (rep=5, index=0): None
260.0574 	EXP 	Sound probe started
260.0820 	EXP 	text_2: autoDraw = False
260.0820 	EXP 	text_2: autoDraw = False
260.2726 	EXP 	Sound probe reached end of file
260.2730 	EXP 	window1: recordFrameIntervals = False
260.2932 	EXP 	text_2: autoDraw = True
260.2944 	EXP 	window1: recordFrameIntervals = False
263.2604 	EXP 	New trial (rep=6, index=0): None
263.2614 	EXP 	Sound probe started
263.2860 	EXP 	text_2: autoDraw = False
263.2860 	EXP 	text_2: autoDraw = False
263.4807 	EXP 	Sound probe reached end of file
263.4829 	EXP 	window1: recordFrameIntervals = False
263.5073 	EXP 	text_2: autoDraw = True
263.5086 	EXP 	window1: recordFrameIntervals = False
264.5174 	EXP 	New trial (rep=7, index=0): None
264.5183 	EXP 	Sound probe started
264.5451 	EXP 	text_2: autoDraw = False
264.5451 	EXP 	text_2: autoDraw = False
264.7324 	EXP 	Sound probe reached end of file
264.7329 	EXP 	window1: recordFrameIntervals = False
264.7530 	EXP 	text_2: autoDraw = True
264.7545 	EXP 	window1: recordFrameIntervals = False
267.1477 	EXP 	text_2: autoDraw = False
267.1477 	EXP 	text_2: autoDraw = False
267.1477 	EXP 	break_txt: autoDraw = True
269.5238 	EXP 	New trial (rep=8, index=0): None
272.0655 	DATA 	Keypress: space
272.0813 	EXP 	break_txt: autoDraw = False
272.0813 	EXP 	text: text = 'HAUTEUR'
272.0813 	EXP 	text: autoDraw = True
273.0631 	EXP 	Created sequence: sequential, trialTypes=1, nReps=15, seed=None
273.0634 	EXP 	New trial (rep=0, index=0): None
273.0681 	EXP 	Sound probe started
273.0928 	EXP 	text: autoDraw = False
273.0928 	EXP 	text: autoDraw = False
273.2804 	EXP 	Sound probe reached end of file
273.2819 	EXP 	window1: recordFrameIntervals = False
273.3056 	EXP 	text_2: autoDraw = True
273.3068 	EXP 	window1: recordFrameIntervals = False
276.0578 	EXP 	New trial (rep=1, index=0): None
276.0589 	EXP 	Sound probe started
276.0775 	EXP 	text_2: autoDraw = False
276.0775 	EXP 	text_2: autoDraw = False
276.2606 	EXP 	Sound probe stopped
276.2627 	EXP 	window1: recordFrameIntervals = False
276.2827 	EXP 	text_2: autoDraw = True
276.2842 	EXP 	window1: recordFrameIntervals = False
278.5279 	EXP 	New trial (rep=2, index=0): None
278.5290 	EXP 	Sound probe started
278.5543 	EXP 	text_2: autoDraw = False
278.5543 	EXP 	text_2: autoDraw = False
278.7406 	EXP 	Sound probe stopped
278.7427 	EXP 	window1: recordFrameIntervals = False
278.7658 	EXP 	text_2: autoDraw = True
278.7670 	EXP 	window1: recordFrameIntervals = False
279.8684 	EXP 	New trial (rep=3, index=0): None
279.8694 	EXP 	Sound probe started
279.8952 	EXP 	text_2: autoDraw = False
279.8952 	EXP 	text_2: autoDraw = False
280.0806 	EXP 	Sound probe stopped
280.0813 	EXP 	window1: recordFrameIntervals = False
280.1011 	EXP 	text_2: autoDraw = True
280.1023 	EXP 	window1: recordFrameIntervals = False
281.1699 	EXP 	New trial (rep=4, index=0): None
281.1709 	EXP 	Sound probe started
281.1968 	EXP 	text_2: autoDraw = False
281.1968 	EXP 	text_2: autoDraw = False
281.3883 	EXP 	Sound probe reached end of file
281.3888 	EXP 	window1: recordFrameIntervals = False
281.4079 	EXP 	text_2: autoDraw = True
281.4091 	EXP 	window1: recordFrameIntervals = False
282.7665 	EXP 	New trial (rep=5, index=0): None
282.7675 	EXP 	Sound probe started
282.7931 	EXP 	text_2: autoDraw = False
282.7931 	EXP 	text_2: autoDraw = False
282.9805 	EXP 	Sound probe reached end of file
282.9824 	EXP 	window1: recordFrameIntervals = False
283.0037 	EXP 	text_2: autoDraw = True
283.0049 	EXP 	window1: recordFrameIntervals = False
284.2700 	EXP 	New trial (rep=6, index=0): None
284.2711 	EXP 	Sound probe started
284.2918 	EXP 	text_2: autoDraw = False
284.2918 	EXP 	text_2: autoDraw = False
284.4805 	EXP 	Sound probe stopped
284.4823 	EXP 	window1: recordFrameIntervals = False
284.5008 	EXP 	text_2: autoDraw = True
284.5020 	EXP 	window1: recordFrameIntervals = False
286.3898 	EXP 	New trial (rep=7, index=0): None
286.3908 	EXP 	Sound probe started
286.4176 	EXP 	text_2: autoDraw = False
286.4176 	EXP 	text_2: autoDraw = False
286.6086 	EXP 	Sound probe reached end of file
286.6106 	EXP 	window1: recordFrameIntervals = False
286.6276 	EXP 	text_2: autoDraw = True
286.6288 	EXP 	window1: recordFrameIntervals = False
287.8366 	EXP 	New trial (rep=8, index=0): None
287.8378 	EXP 	Sound probe started
287.8564 	EXP 	text_2: autoDraw = False
287.8564 	EXP 	text_2: autoDraw = False
288.0483 	EXP 	Sound probe reached end of file
288.0487 	EXP 	window1: recordFrameIntervals = False
288.0657 	EXP 	text_2: autoDraw = True
288.0670 	EXP 	window1: recordFrameIntervals = False
289.1545 	EXP 	New trial (rep=9, index=0): None
289.1565 	EXP 	Sound probe started
289.1749 	EXP 	text_2: autoDraw = False
289.1749 	EXP 	text_2: autoDraw = False
289.3684 	EXP 	Sound probe reached end of file
289.3702 	EXP 	window1: recordFrameIntervals = False
289.3894 	EXP 	text_2: autoDraw = True
289.3906 	EXP 	window1: recordFrameIntervals = False
291.9448 	EXP 	New trial (rep=10, index=0): None
291.9459 	EXP 	Sound probe started
291.9721 	EXP 	text_2: autoDraw = False
291.9721 	EXP 	text_2: autoDraw = False
292.1604 	EXP 	Sound probe reached end of file
292.1608 	EXP 	window1: recordFrameIntervals = False
292.1794 	EXP 	text_2: autoDraw = True
292.1807 	EXP 	window1: recordFrameIntervals = False
294.1179 	EXP 	New trial (rep=11, index=0): None
294.1193 	EXP 	Sound probe started
294.1439 	EXP 	text_2: autoDraw = False
294.1439 	EXP 	text_2: autoDraw = False
294.3363 	EXP 	Sound probe reached end of file
294.3368 	EXP 	window1: recordFrameIntervals = False
294.3557 	EXP 	text_2: autoDraw = True
294.3568 	EXP 	window1: recordFrameIntervals = False
297.1542 	EXP 	New trial (rep=12, index=0): None
297.1551 	EXP 	Sound probe started
297.1802 	EXP 	text_2: autoDraw = False
297.1802 	EXP 	text_2: autoDraw = False
297.3685 	EXP 	Sound probe reached end of file
297.3689 	EXP 	window1: recordFrameIntervals = False
297.3885 	EXP 	text_2: autoDraw = True
297.3896 	EXP 	window1: recordFrameIntervals = False
300.0370 	EXP 	New trial (rep=13, index=0): None
300.0380 	EXP 	Sound probe started
300.0642 	EXP 	text_2: autoDraw = False
300.0642 	EXP 	text_2: autoDraw = False
300.2566 	EXP 	Sound probe reached end of file
300.2586 	EXP 	window1: recordFrameIntervals = False
300.2786 	EXP 	text_2: autoDraw = True
300.2799 	EXP 	window1: recordFrameIntervals = False
302.4885 	EXP 	New trial (rep=14, index=0): None
302.4895 	EXP 	Sound probe started
302.5140 	EXP 	text_2: autoDraw = False
302.5140 	EXP 	text_2: autoDraw = False
302.7083 	EXP 	Sound probe reached end of file
302.7087 	EXP 	window1: recordFrameIntervals = False
302.7285 	EXP 	text_2: autoDraw = True
302.7296 	EXP 	window1: recordFrameIntervals = False
304.9539 	EXP 	text_2: autoDraw = False
304.9539 	EXP 	text_2: autoDraw = False
304.9539 	EXP 	break_txt: autoDraw = True
307.9154 	EXP 	New trial (rep=9, index=0): None
310.1521 	DATA 	Keypress: space
310.1674 	EXP 	break_txt: autoDraw = False
310.1674 	EXP 	text: text = 'HAUTEUR'
310.1674 	EXP 	text: autoDraw = True
311.1461 	EXP 	Created sequence: sequential, trialTypes=1, nReps=11, seed=None
311.1462 	EXP 	New trial (rep=0, index=0): None
311.1474 	EXP 	Sound probe started
311.1779 	EXP 	text: autoDraw = False
311.1779 	EXP 	text: autoDraw = False
311.3576 	EXP 	Sound probe reached end of file
311.3581 	EXP 	window1: recordFrameIntervals = False
311.3863 	EXP 	text_2: autoDraw = True
311.3875 	EXP 	window1: recordFrameIntervals = False
312.8151 	EXP 	New trial (rep=1, index=0): None
312.8163 	EXP 	Sound probe started
312.8354 	EXP 	text_2: autoDraw = False
312.8354 	EXP 	text_2: autoDraw = False
313.0164 	EXP 	Sound probe stopped
313.0169 	EXP 	window1: recordFrameIntervals = False
313.0425 	EXP 	text_2: autoDraw = True
313.0436 	EXP 	window1: recordFrameIntervals = False
314.7493 	EXP 	New trial (rep=2, index=0): None
314.7503 	EXP 	Sound probe started
314.7688 	EXP 	text_2: autoDraw = False
314.7688 	EXP 	text_2: autoDraw = False
314.9565 	EXP 	Sound probe stopped
314.9569 	EXP 	window1: recordFrameIntervals = False
314.9819 	EXP 	text_2: autoDraw = True
314.9832 	EXP 	window1: recordFrameIntervals = False
316.3804 	EXP 	New trial (rep=3, index=0): None
316.3838 	EXP 	Sound probe started
316.4021 	EXP 	text_2: autoDraw = False
316.4021 	EXP 	text_2: autoDraw = False
316.5885 	EXP 	Sound probe stopped
316.5890 	EXP 	window1: recordFrameIntervals = False
316.6088 	EXP 	text_2: autoDraw = True
316.6099 	EXP 	window1: recordFrameIntervals = False
319.0320 	EXP 	New trial (rep=4, index=0): None
319.0355 	EXP 	Sound probe started
319.0545 	EXP 	text_2: autoDraw = False
319.0545 	EXP 	text_2: autoDraw = False
319.2445 	EXP 	Sound probe reached end of file
319.2450 	EXP 	window1: recordFrameIntervals = False
319.2654 	EXP 	text_2: autoDraw = True
319.2666 	EXP 	window1: recordFrameIntervals = False
321.0483 	EXP 	New trial (rep=5, index=0): None
321.0515 	EXP 	Sound probe started
321.0723 	EXP 	text_2: autoDraw = False
321.0723 	EXP 	text_2: autoDraw = False
321.2643 	EXP 	Sound probe reached end of file
321.2649 	EXP 	window1: recordFrameIntervals = False
321.2836 	EXP 	text_2: autoDraw = True
321.2847 	EXP 	window1: recordFrameIntervals = False
322.7954 	EXP 	New trial (rep=6, index=0): None
322.7964 	EXP 	Sound probe started
322.8231 	EXP 	text_2: autoDraw = False
322.8231 	EXP 	text_2: autoDraw = False
323.0163 	EXP 	Sound probe reached end of file
323.0168 	EXP 	window1: recordFrameIntervals = False
323.0367 	EXP 	text_2: autoDraw = True
323.0379 	EXP 	window1: recordFrameIntervals = False
324.8471 	EXP 	New trial (rep=7, index=0): None
324.8480 	EXP 	Sound probe started
324.8757 	EXP 	text_2: autoDraw = False
324.8757 	EXP 	text_2: autoDraw = False
325.0645 	EXP 	Sound probe reached end of file
325.0649 	EXP 	window1: recordFrameIntervals = False
325.0849 	EXP 	text_2: autoDraw = True
325.0859 	EXP 	window1: recordFrameIntervals = False
327.5682 	EXP 	New trial (rep=8, index=0): None
327.5692 	EXP 	Sound probe started
327.5885 	EXP 	text_2: autoDraw = False
327.5885 	EXP 	text_2: autoDraw = False
327.7767 	EXP 	Sound probe stopped
327.7787 	EXP 	window1: recordFrameIntervals = False
327.8050 	EXP 	text_2: autoDraw = True
327.8062 	EXP 	window1: recordFrameIntervals = False
329.8657 	EXP 	New trial (rep=9, index=0): None
329.8667 	EXP 	Sound probe started
329.8919 	EXP 	text_2: autoDraw = False
329.8919 	EXP 	text_2: autoDraw = False
330.0847 	EXP 	Sound probe reached end of file
330.0866 	EXP 	window1: recordFrameIntervals = False
330.1078 	EXP 	text_2: autoDraw = True
330.1091 	EXP 	window1: recordFrameIntervals = False
332.8022 	EXP 	New trial (rep=10, index=0): None
332.8034 	EXP 	Sound probe started
332.8293 	EXP 	text_2: autoDraw = False
332.8293 	EXP 	text_2: autoDraw = False
333.0166 	EXP 	Sound probe reached end of file
333.0184 	EXP 	window1: recordFrameIntervals = False
333.0434 	EXP 	text_2: autoDraw = True
333.0447 	EXP 	window1: recordFrameIntervals = False
334.7870 	EXP 	text_2: autoDraw = False
334.7870 	EXP 	text_2: autoDraw = False
334.7870 	EXP 	break_txt: autoDraw = True
335.9758 	EXP 	New trial (rep=10, index=0): None
338.9824 	DATA 	Keypress: space
338.9978 	EXP 	break_txt: autoDraw = False
338.9978 	EXP 	text: height = 0.05
338.9978 	EXP 	text: height = 0.05
338.9978 	EXP 	text: text = 'RYTHME'
338.9978 	EXP 	text: autoDraw = True
339.9817 	EXP 	Created sequence: sequential, trialTypes=1, nReps=11, seed=None
339.9819 	EXP 	New trial (rep=0, index=0): None
339.9831 	EXP 	Sound probe started
340.0105 	EXP 	text: autoDraw = False
340.0105 	EXP 	text: autoDraw = False
340.1978 	EXP 	Sound probe reached end of file
340.1983 	EXP 	window1: recordFrameIntervals = False
340.2247 	EXP 	text_2: autoDraw = True
340.2259 	EXP 	window1: recordFrameIntervals = False
342.8989 	EXP 	New trial (rep=1, index=0): None
342.9000 	EXP 	Sound probe started
342.9210 	EXP 	text_2: autoDraw = False
342.9210 	EXP 	text_2: autoDraw = False
343.1126 	EXP 	Sound probe reached end of file
343.1130 	EXP 	window1: recordFrameIntervals = False
343.1331 	EXP 	text_2: autoDraw = True
343.1343 	EXP 	window1: recordFrameIntervals = False
345.8091 	EXP 	New trial (rep=2, index=0): None
345.8127 	EXP 	Sound probe started
345.8325 	EXP 	text_2: autoDraw = False
345.8325 	EXP 	text_2: autoDraw = False
346.0126 	EXP 	Sound probe stopped
346.0147 	EXP 	window1: recordFrameIntervals = False
346.0365 	EXP 	text_2: autoDraw = True
346.0378 	EXP 	window1: recordFrameIntervals = False
348.7088 	EXP 	New trial (rep=3, index=0): None
348.7099 	EXP 	Sound probe started
348.7350 	EXP 	text_2: autoDraw = False
348.7350 	EXP 	text_2: autoDraw = False
348.9245 	EXP 	Sound probe reached end of file
348.9249 	EXP 	window1: recordFrameIntervals = False
348.9445 	EXP 	text_2: autoDraw = True
348.9455 	EXP 	window1: recordFrameIntervals = False
351.3929 	DATA 	Keypress: space
351.6226 	EXP 	New trial (rep=4, index=0): None
351.6237 	EXP 	Sound probe started
351.6428 	EXP 	text_2: autoDraw = False
351.6428 	EXP 	text_2: autoDraw = False
351.8326 	EXP 	Sound probe reached end of file
351.8344 	EXP 	window1: recordFrameIntervals = False
351.8546 	EXP 	text_2: autoDraw = True
351.8558 	EXP 	window1: recordFrameIntervals = False
354.5291 	EXP 	New trial (rep=5, index=0): None
354.5300 	EXP 	Sound probe started
354.5565 	EXP 	text_2: autoDraw = False
354.5565 	EXP 	text_2: autoDraw = False
354.7446 	EXP 	Sound probe reached end of file
354.7461 	EXP 	window1: recordFrameIntervals = False
354.7659 	EXP 	text_2: autoDraw = True
354.7671 	EXP 	window1: recordFrameIntervals = False
357.4448 	EXP 	New trial (rep=6, index=0): None
357.4459 	EXP 	Sound probe started
357.4650 	EXP 	text_2: autoDraw = False
357.4650 	EXP 	text_2: autoDraw = False
357.6524 	EXP 	Sound probe stopped
357.6529 	EXP 	window1: recordFrameIntervals = False
357.6730 	EXP 	text_2: autoDraw = True
357.6742 	EXP 	window1: recordFrameIntervals = False
360.3545 	EXP 	New trial (rep=7, index=0): None
360.3557 	EXP 	Sound probe started
360.3750 	EXP 	text_2: autoDraw = False
360.3750 	EXP 	text_2: autoDraw = False
360.5645 	EXP 	Sound probe stopped
360.5660 	EXP 	window1: recordFrameIntervals = False
360.5859 	EXP 	text_2: autoDraw = True
360.5872 	EXP 	window1: recordFrameIntervals = False
363.2637 	EXP 	New trial (rep=8, index=0): None
363.2666 	EXP 	Sound probe started
363.2854 	EXP 	text_2: autoDraw = False
363.2854 	EXP 	text_2: autoDraw = False
363.4723 	EXP 	Sound probe stopped
363.4728 	EXP 	window1: recordFrameIntervals = False
363.4926 	EXP 	text_2: autoDraw = True
363.4937 	EXP 	window1: recordFrameIntervals = False
366.1700 	EXP 	New trial (rep=9, index=0): None
366.1713 	EXP 	Sound probe started
366.1903 	EXP 	text_2: autoDraw = False
366.1903 	EXP 	text_2: autoDraw = False
366.3725 	EXP 	Sound probe stopped
366.3729 	EXP 	window1: recordFrameIntervals = False
366.3917 	EXP 	text_2: autoDraw = True
366.3930 	EXP 	window1: recordFrameIntervals = False
369.0710 	EXP 	New trial (rep=10, index=0): None
369.0734 	EXP 	Sound probe started
369.0929 	EXP 	text_2: autoDraw = False
369.0929 	EXP 	text_2: autoDraw = False
369.2806 	EXP 	Sound probe stopped
369.2811 	EXP 	window1: recordFrameIntervals = False
369.3007 	EXP 	text_2: autoDraw = True
369.3018 	EXP 	window1: recordFrameIntervals = False
372.0033 	EXP 	text_2: autoDraw = False
372.0033 	EXP 	text_2: autoDraw = False
372.0033 	EXP 	break_txt: autoDraw = True
374.9239 	EXP 	New trial (rep=11, index=0): None
377.9117 	DATA 	Keypress: space
377.9273 	EXP 	break_txt: autoDraw = False
377.9273 	EXP 	text: text = 'RYTHME'
377.9273 	EXP 	text: autoDraw = True
378.9146 	EXP 	Created sequence: sequential, trialTypes=1, nReps=12, seed=None
378.9147 	EXP 	New trial (rep=0, index=0): None
378.9158 	EXP 	Sound probe started
378.9439 	EXP 	text: autoDraw = False
378.9439 	EXP 	text: autoDraw = False
379.1325 	EXP 	Sound probe reached end of file
379.1345 	EXP 	window1: recordFrameIntervals = False
379.1563 	EXP 	text_2: autoDraw = True
379.1575 	EXP 	window1: recordFrameIntervals = False
380.7191 	EXP 	New trial (rep=1, index=0): None
380.7203 	EXP 	Sound probe started
380.7392 	EXP 	text_2: autoDraw = False
380.7392 	EXP 	text_2: autoDraw = False
380.9323 	EXP 	Sound probe stopped
380.9340 	EXP 	window1: recordFrameIntervals = False
380.9527 	EXP 	text_2: autoDraw = True
380.9540 	EXP 	window1: recordFrameIntervals = False
382.5162 	EXP 	New trial (rep=2, index=0): None
382.5205 	EXP 	Sound probe started
382.5389 	EXP 	text_2: autoDraw = False
382.5389 	EXP 	text_2: autoDraw = False
382.7206 	EXP 	Sound probe stopped
382.7225 	EXP 	window1: recordFrameIntervals = False
382.7421 	EXP 	text_2: autoDraw = True
382.7433 	EXP 	window1: recordFrameIntervals = False
384.3058 	EXP 	New trial (rep=3, index=0): None
384.3069 	EXP 	Sound probe started
384.3257 	EXP 	text_2: autoDraw = False
384.3257 	EXP 	text_2: autoDraw = False
384.5125 	EXP 	Sound probe stopped
384.5129 	EXP 	window1: recordFrameIntervals = False
384.5383 	EXP 	text_2: autoDraw = True
384.5397 	EXP 	window1: recordFrameIntervals = False
386.0931 	EXP 	New trial (rep=4, index=0): None
386.0941 	EXP 	Sound probe started
386.1186 	EXP 	text_2: autoDraw = False
386.1186 	EXP 	text_2: autoDraw = False
386.3125 	EXP 	Sound probe reached end of file
386.3130 	EXP 	window1: recordFrameIntervals = False
386.3334 	EXP 	text_2: autoDraw = True
386.3346 	EXP 	window1: recordFrameIntervals = False
387.9011 	EXP 	New trial (rep=5, index=0): None
387.9023 	EXP 	Sound probe started
387.9212 	EXP 	text_2: autoDraw = False
387.9212 	EXP 	text_2: autoDraw = False
388.1128 	EXP 	Sound probe stopped
388.1133 	EXP 	window1: recordFrameIntervals = False
388.1338 	EXP 	text_2: autoDraw = True
388.1351 	EXP 	window1: recordFrameIntervals = False
389.6980 	EXP 	New trial (rep=6, index=0): None
389.6991 	EXP 	Sound probe started
389.7192 	EXP 	text_2: autoDraw = False
389.7192 	EXP 	text_2: autoDraw = False
389.9125 	EXP 	Sound probe reached end of file
389.9145 	EXP 	window1: recordFrameIntervals = False
389.9347 	EXP 	text_2: autoDraw = True
389.9358 	EXP 	window1: recordFrameIntervals = False
391.4993 	EXP 	New trial (rep=7, index=0): None
391.5005 	EXP 	Sound probe started
391.5197 	EXP 	text_2: autoDraw = False
391.5197 	EXP 	text_2: autoDraw = False
391.7006 	EXP 	Sound probe stopped
391.7011 	EXP 	window1: recordFrameIntervals = False
391.7262 	EXP 	text_2: autoDraw = True
391.7274 	EXP 	window1: recordFrameIntervals = False
393.2892 	EXP 	New trial (rep=8, index=0): None
393.2905 	EXP 	Sound probe started
393.3094 	EXP 	text_2: autoDraw = False
393.3094 	EXP 	text_2: autoDraw = False
393.5004 	EXP 	Sound probe stopped
393.5008 	EXP 	window1: recordFrameIntervals = False
393.5194 	EXP 	text_2: autoDraw = True
393.5207 	EXP 	window1: recordFrameIntervals = False
395.0848 	EXP 	New trial (rep=9, index=0): None
395.0859 	EXP 	Sound probe started
395.1050 	EXP 	text_2: autoDraw = False
395.1050 	EXP 	text_2: autoDraw = False
395.2885 	EXP 	Sound probe stopped
395.2889 	EXP 	window1: recordFrameIntervals = False
395.3152 	EXP 	text_2: autoDraw = True
395.3166 	EXP 	window1: recordFrameIntervals = False
396.8790 	EXP 	New trial (rep=10, index=0): None
396.8804 	EXP 	Sound probe started
396.8990 	EXP 	text_2: autoDraw = False
396.8990 	EXP 	text_2: autoDraw = False
397.0886 	EXP 	Sound probe stopped
397.0891 	EXP 	window1: recordFrameIntervals = False
397.1090 	EXP 	text_2: autoDraw = True
397.1102 	EXP 	window1: recordFrameIntervals = False
398.6735 	EXP 	New trial (rep=11, index=0): None
398.6745 	EXP 	Sound probe started
398.6940 	EXP 	text_2: autoDraw = False
398.6940 	EXP 	text_2: autoDraw = False
398.8804 	EXP 	Sound probe stopped
398.8822 	EXP 	window1: recordFrameIntervals = False
398.9038 	EXP 	text_2: autoDraw = True
398.9051 	EXP 	window1: recordFrameIntervals = False
400.4904 	EXP 	text_2: autoDraw = False
400.4904 	EXP 	text_2: autoDraw = False
400.4904 	EXP 	break_txt: autoDraw = True
404.2202 	EXP 	New trial (rep=12, index=0): None
407.0007 	DATA 	Keypress: space
407.0162 	EXP 	break_txt: autoDraw = False
407.0162 	EXP 	text: height = 0.05
407.0162 	EXP 	text: height = 0.05
407.0162 	EXP 	text: text = 'X'
407.0162 	EXP 	text: autoDraw = True
408.0027 	EXP 	Created sequence: sequential, trialTypes=1, nReps=12, seed=None
408.0028 	EXP 	New trial (rep=0, index=0): None
408.0041 	EXP 	Sound probe started
408.0349 	EXP 	text: autoDraw = False
408.0349 	EXP 	text: autoDraw = False
408.2205 	EXP 	Sound probe reached end of file
408.2208 	EXP 	window1: recordFrameIntervals = False
408.2491 	EXP 	text_2: autoDraw = True
408.2502 	EXP 	window1: recordFrameIntervals = False
410.9401 	EXP 	New trial (rep=1, index=0): None
410.9411 	EXP 	Sound probe started
410.9667 	EXP 	text_2: autoDraw = False
410.9667 	EXP 	text_2: autoDraw = False
411.1485 	EXP 	Sound probe stopped
411.1507 	EXP 	window1: recordFrameIntervals = False
411.1718 	EXP 	text_2: autoDraw = True
411.1731 	EXP 	window1: recordFrameIntervals = False
413.3757 	EXP 	New trial (rep=2, index=0): None
413.3767 	EXP 	Sound probe started
413.4038 	EXP 	text_2: autoDraw = False
413.4038 	EXP 	text_2: autoDraw = False
413.5885 	EXP 	Sound probe reached end of file
413.5890 	EXP 	window1: recordFrameIntervals = False
413.6086 	EXP 	text_2: autoDraw = True
413.6098 	EXP 	window1: recordFrameIntervals = False
415.1927 	EXP 	New trial (rep=3, index=0): None
415.1937 	EXP 	Sound probe started
415.2201 	EXP 	text_2: autoDraw = False
415.2201 	EXP 	text_2: autoDraw = False
415.4084 	EXP 	Sound probe reached end of file
415.4089 	EXP 	window1: recordFrameIntervals = False
415.4289 	EXP 	text_2: autoDraw = True
415.4307 	EXP 	window1: recordFrameIntervals = False
416.9595 	EXP 	New trial (rep=4, index=0): None
416.9607 	EXP 	Sound probe started
416.9798 	EXP 	text_2: autoDraw = False
416.9798 	EXP 	text_2: autoDraw = False
417.1687 	EXP 	Sound probe stopped
417.1703 	EXP 	window1: recordFrameIntervals = False
417.1900 	EXP 	text_2: autoDraw = True
417.1913 	EXP 	window1: recordFrameIntervals = False
419.7958 	EXP 	New trial (rep=5, index=0): None
419.7971 	EXP 	Sound probe started
419.8171 	EXP 	text_2: autoDraw = False
419.8171 	EXP 	text_2: autoDraw = False
419.9964 	EXP 	Sound probe stopped
419.9969 	EXP 	window1: recordFrameIntervals = False
420.0220 	EXP 	text_2: autoDraw = True
420.0231 	EXP 	window1: recordFrameIntervals = False
421.7240 	EXP 	New trial (rep=6, index=0): None
421.7278 	EXP 	Sound probe started
421.7468 	EXP 	text_2: autoDraw = False
421.7468 	EXP 	text_2: autoDraw = False
421.9362 	EXP 	Sound probe reached end of file
421.9367 	EXP 	window1: recordFrameIntervals = False
421.9612 	EXP 	text_2: autoDraw = True
421.9624 	EXP 	window1: recordFrameIntervals = False
423.3246 	EXP 	New trial (rep=7, index=0): None
423.3283 	EXP 	Sound probe started
423.3477 	EXP 	text_2: autoDraw = False
423.3477 	EXP 	text_2: autoDraw = False
423.5363 	EXP 	Sound probe reached end of file
423.5368 	EXP 	window1: recordFrameIntervals = False
423.5627 	EXP 	text_2: autoDraw = True
423.5640 	EXP 	window1: recordFrameIntervals = False
426.1730 	EXP 	New trial (rep=8, index=0): None
426.1740 	EXP 	Sound probe started
426.1996 	EXP 	text_2: autoDraw = False
426.1996 	EXP 	text_2: autoDraw = False
426.3884 	EXP 	Sound probe reached end of file
426.3890 	EXP 	window1: recordFrameIntervals = False
426.4086 	EXP 	text_2: autoDraw = True
426.4097 	EXP 	window1: recordFrameIntervals = False
428.7766 	EXP 	New trial (rep=9, index=0): None
428.7776 	EXP 	Sound probe started
428.7969 	EXP 	text_2: autoDraw = False
428.7969 	EXP 	text_2: autoDraw = False
428.9884 	EXP 	Sound probe stopped
428.9888 	EXP 	window1: recordFrameIntervals = False
429.0082 	EXP 	text_2: autoDraw = True
429.0094 	EXP 	window1: recordFrameIntervals = False
431.1754 	EXP 	New trial (rep=10, index=0): None
431.1765 	EXP 	Sound probe started
431.1960 	EXP 	text_2: autoDraw = False
431.1960 	EXP 	text_2: autoDraw = False
431.3763 	EXP 	Sound probe stopped
431.3768 	EXP 	window1: recordFrameIntervals = False
431.4040 	EXP 	text_2: autoDraw = True
431.4052 	EXP 	window1: recordFrameIntervals = False
433.4668 	EXP 	New trial (rep=11, index=0): None
433.4680 	EXP 	Sound probe started
433.4873 	EXP 	text_2: autoDraw = False
433.4873 	EXP 	text_2: autoDraw = False
433.6764 	EXP 	Sound probe reached end of file
433.6768 	EXP 	window1: recordFrameIntervals = False
433.6963 	EXP 	text_2: autoDraw = True
433.6978 	EXP 	window1: recordFrameIntervals = False
436.5293 	EXP 	text_2: autoDraw = False
436.5293 	EXP 	text_2: autoDraw = False
436.5293 	EXP 	break_txt: autoDraw = True
440.2142 	EXP 	New trial (rep=13, index=0): None
443.0278 	DATA 	Keypress: space
443.0436 	EXP 	break_txt: autoDraw = False
443.0436 	EXP 	text: height = 0.05
443.0436 	EXP 	text: height = 0.05
443.0436 	EXP 	text: text = 'RYTHME'
443.0436 	EXP 	text: autoDraw = True
444.0400 	EXP 	Created sequence: sequential, trialTypes=1, nReps=15, seed=None
444.0404 	EXP 	New trial (rep=0, index=0): None
444.0442 	EXP 	Sound probe started
444.0683 	EXP 	text: autoDraw = False
444.0683 	EXP 	text: autoDraw = False
444.2565 	EXP 	Sound probe reached end of file
444.2569 	EXP 	window1: recordFrameIntervals = False
444.2835 	EXP 	text_2: autoDraw = True
444.2849 	EXP 	window1: recordFrameIntervals = False
445.6754 	EXP 	New trial (rep=1, index=0): None
445.6766 	EXP 	Sound probe started
445.6961 	EXP 	text_2: autoDraw = False
445.6961 	EXP 	text_2: autoDraw = False
445.8846 	EXP 	Sound probe stopped
445.8868 	EXP 	window1: recordFrameIntervals = False
445.9084 	EXP 	text_2: autoDraw = True
445.9097 	EXP 	window1: recordFrameIntervals = False
447.3043 	EXP 	New trial (rep=2, index=0): None
447.3062 	EXP 	Sound probe started
447.3248 	EXP 	text_2: autoDraw = False
447.3248 	EXP 	text_2: autoDraw = False
447.5046 	EXP 	Sound probe stopped
447.5066 	EXP 	window1: recordFrameIntervals = False
447.5271 	EXP 	text_2: autoDraw = True
447.5284 	EXP 	window1: recordFrameIntervals = False
448.9220 	EXP 	New trial (rep=3, index=0): None
448.9241 	EXP 	Sound probe started
448.9427 	EXP 	text_2: autoDraw = False
448.9427 	EXP 	text_2: autoDraw = False
449.1244 	EXP 	Sound probe stopped
449.1249 	EXP 	window1: recordFrameIntervals = False
449.1514 	EXP 	text_2: autoDraw = True
449.1527 	EXP 	window1: recordFrameIntervals = False
450.5420 	EXP 	New trial (rep=4, index=0): None
450.5432 	EXP 	Sound probe started
450.5623 	EXP 	text_2: autoDraw = False
450.5623 	EXP 	text_2: autoDraw = False
450.7446 	EXP 	Sound probe stopped
450.7450 	EXP 	window1: recordFrameIntervals = False
450.7643 	EXP 	text_2: autoDraw = True
450.7655 	EXP 	window1: recordFrameIntervals = False
452.1614 	EXP 	New trial (rep=5, index=0): None
452.1625 	EXP 	Sound probe started
452.1815 	EXP 	text_2: autoDraw = False
452.1815 	EXP 	text_2: autoDraw = False
452.3645 	EXP 	Sound probe stopped
452.3649 	EXP 	window1: recordFrameIntervals = False
452.3847 	EXP 	text_2: autoDraw = True
452.3872 	EXP 	window1: recordFrameIntervals = False
453.7818 	EXP 	New trial (rep=6, index=0): None
453.7829 	EXP 	Sound probe started
453.8022 	EXP 	text_2: autoDraw = False
453.8022 	EXP 	text_2: autoDraw = False
453.9845 	EXP 	Sound probe stopped
453.9849 	EXP 	window1: recordFrameIntervals = False
454.0112 	EXP 	text_2: autoDraw = True
454.0126 	EXP 	window1: recordFrameIntervals = False
455.4024 	EXP 	New trial (rep=7, index=0): None
455.4035 	EXP 	Sound probe started
455.4231 	EXP 	text_2: autoDraw = False
455.4231 	EXP 	text_2: autoDraw = False
455.6044 	EXP 	Sound probe stopped
455.6048 	EXP 	window1: recordFrameIntervals = False
455.6348 	EXP 	text_2: autoDraw = True
455.6361 	EXP 	window1: recordFrameIntervals = False
457.0258 	EXP 	New trial (rep=8, index=0): None
457.0271 	EXP 	Sound probe started
457.0460 	EXP 	text_2: autoDraw = False
457.0460 	EXP 	text_2: autoDraw = False
457.2362 	EXP 	Sound probe stopped
457.2367 	EXP 	window1: recordFrameIntervals = False
457.2565 	EXP 	text_2: autoDraw = True
457.2587 	EXP 	window1: recordFrameIntervals = False
458.6539 	EXP 	New trial (rep=9, index=0): None
458.6550 	EXP 	Sound probe started
458.6747 	EXP 	text_2: autoDraw = False
458.6747 	EXP 	text_2: autoDraw = False
458.8645 	EXP 	Sound probe reached end of file
458.8663 	EXP 	window1: recordFrameIntervals = False
458.8849 	EXP 	text_2: autoDraw = True
458.8862 	EXP 	window1: recordFrameIntervals = False
460.2828 	EXP 	New trial (rep=10, index=0): None
460.2860 	EXP 	Sound probe started
460.3044 	EXP 	text_2: autoDraw = False
460.3044 	EXP 	text_2: autoDraw = False
460.4845 	EXP 	Sound probe stopped
460.4864 	EXP 	window1: recordFrameIntervals = False
460.5070 	EXP 	text_2: autoDraw = True
460.5082 	EXP 	window1: recordFrameIntervals = False
461.9047 	EXP 	New trial (rep=11, index=0): None
461.9057 	EXP 	Sound probe started
461.9246 	EXP 	text_2: autoDraw = False
461.9246 	EXP 	text_2: autoDraw = False
462.1163 	EXP 	Sound probe stopped
462.1180 	EXP 	window1: recordFrameIntervals = False
462.1378 	EXP 	text_2: autoDraw = True
462.1390 	EXP 	window1: recordFrameIntervals = False
463.5320 	EXP 	New trial (rep=12, index=0): None
463.5355 	EXP 	Sound probe started
463.5567 	EXP 	text_2: autoDraw = False
463.5567 	EXP 	text_2: autoDraw = False
463.7442 	EXP 	Sound probe reached end of file
463.7447 	EXP 	window1: recordFrameIntervals = False
463.7697 	EXP 	text_2: autoDraw = True
463.7710 	EXP 	window1: recordFrameIntervals = False
465.1615 	EXP 	New trial (rep=13, index=0): None
465.1626 	EXP 	Sound probe started
465.1821 	EXP 	text_2: autoDraw = False
465.1821 	EXP 	text_2: autoDraw = False
465.3643 	EXP 	Sound probe stopped
465.3648 	EXP 	window1: recordFrameIntervals = False
465.3903 	EXP 	text_2: autoDraw = True
465.3915 	EXP 	window1: recordFrameIntervals = False
466.7845 	EXP 	New trial (rep=14, index=0): None
466.7857 	EXP 	Sound probe started
466.8048 	EXP 	text_2: autoDraw = False
466.8048 	EXP 	text_2: autoDraw = False
466.9964 	EXP 	Sound probe stopped
466.9969 	EXP 	window1: recordFrameIntervals = False
467.0165 	EXP 	text_2: autoDraw = True
467.0186 	EXP 	window1: recordFrameIntervals = False
468.4359 	EXP 	text_2: autoDraw = False
468.4359 	EXP 	text_2: autoDraw = False
468.4359 	EXP 	break_txt: autoDraw = True
470.1378 	EXP 	New trial (rep=14, index=0): None
472.3933 	DATA 	Keypress: space
472.4088 	EXP 	break_txt: autoDraw = False
472.4088 	EXP 	text: height = 0.05
472.4088 	EXP 	text: height = 0.05
472.4088 	EXP 	text: text = 'RYTHME\n\nHAUTEUR'
472.4088 	EXP 	text: autoDraw = True
473.3901 	EXP 	Created sequence: sequential, trialTypes=1, nReps=11, seed=None
473.3903 	EXP 	New trial (rep=0, index=0): None
473.3927 	EXP 	Sound probe started
473.4159 	EXP 	text: autoDraw = False
473.4159 	EXP 	text: autoDraw = False
473.6044 	EXP 	Sound probe stopped
473.6048 	EXP 	window1: recordFrameIntervals = False
473.6245 	EXP 	text_2: autoDraw = True
473.6256 	EXP 	window1: recordFrameIntervals = False
475.6415 	EXP 	New trial (rep=1, index=0): None
475.6424 	EXP 	Sound probe started
475.6692 	EXP 	text_2: autoDraw = False
475.6692 	EXP 	text_2: autoDraw = False
475.8525 	EXP 	Sound probe reached end of file
475.8529 	EXP 	window1: recordFrameIntervals = False
475.8804 	EXP 	text_2: autoDraw = True
475.8816 	EXP 	window1: recordFrameIntervals = False
477.6598 	DATA 	Keypress: space
477.8931 	EXP 	New trial (rep=2, index=0): None
477.8941 	EXP 	Sound probe started
477.9137 	EXP 	text_2: autoDraw = False
477.9137 	EXP 	text_2: autoDraw = False
478.0925 	EXP 	Sound probe stopped
478.0929 	EXP 	window1: recordFrameIntervals = False
478.1241 	EXP 	text_2: autoDraw = True
478.1254 	EXP 	window1: recordFrameIntervals = False
480.1283 	EXP 	New trial (rep=3, index=0): None
480.1292 	EXP 	Sound probe started
480.1559 	EXP 	text_2: autoDraw = False
480.1559 	EXP 	text_2: autoDraw = False
480.3444 	EXP 	Sound probe reached end of file
480.3448 	EXP 	window1: recordFrameIntervals = False
480.3645 	EXP 	text_2: autoDraw = True
480.3656 	EXP 	window1: recordFrameIntervals = False
482.3801 	EXP 	New trial (rep=4, index=0): None
482.3811 	EXP 	Sound probe started
482.4080 	EXP 	text_2: autoDraw = False
482.4080 	EXP 	text_2: autoDraw = False
482.5922 	EXP 	Sound probe reached end of file
482.5927 	EXP 	window1: recordFrameIntervals = False
482.6193 	EXP 	text_2: autoDraw = True
482.6205 	EXP 	window1: recordFrameIntervals = False
484.6321 	EXP 	New trial (rep=5, index=0): None
484.6332 	EXP 	Sound probe started
484.6532 	EXP 	text_2: autoDraw = False
484.6532 	EXP 	text_2: autoDraw = False
484.8325 	EXP 	Sound probe stopped
484.8329 	EXP 	window1: recordFrameIntervals = False
484.8593 	EXP 	text_2: autoDraw = True
484.8610 	EXP 	window1: recordFrameIntervals = False
486.8697 	EXP 	New trial (rep=6, index=0): None
486.8707 	EXP 	Sound probe started
486.8976 	EXP 	text_2: autoDraw = False
486.8976 	EXP 	text_2: autoDraw = False
487.0844 	EXP 	Sound probe reached end of file
487.0848 	EXP 	window1: recordFrameIntervals = False
487.1047 	EXP 	text_2: autoDraw = True
487.1069 	EXP 	window1: recordFrameIntervals = False
489.1210 	EXP 	New trial (rep=7, index=0): None
489.1220 	EXP 	Sound probe started
489.1490 	EXP 	text_2: autoDraw = False
489.1490 	EXP 	text_2: autoDraw = False
489.3324 	EXP 	Sound probe reached end of file
489.3328 	EXP 	window1: recordFrameIntervals = False
489.3602 	EXP 	text_2: autoDraw = True
489.3614 	EXP 	window1: recordFrameIntervals = False
491.3739 	EXP 	New trial (rep=8, index=0): None
491.3749 	EXP 	Sound probe started
491.3947 	EXP 	text_2: autoDraw = False
491.3947 	EXP 	text_2: autoDraw = False
491.5843 	EXP 	Sound probe stopped
491.5864 	EXP 	window1: recordFrameIntervals = False
491.6069 	EXP 	text_2: autoDraw = True
491.6082 	EXP 	window1: recordFrameIntervals = False
493.6279 	EXP 	New trial (rep=9, index=0): None
493.6291 	EXP 	Sound probe started
493.6482 	EXP 	text_2: autoDraw = False
493.6482 	EXP 	text_2: autoDraw = False
493.8402 	EXP 	Sound probe reached end of file
493.8406 	EXP 	window1: recordFrameIntervals = False
493.8599 	EXP 	text_2: autoDraw = True
493.8613 	EXP 	window1: recordFrameIntervals = False
495.8850 	EXP 	New trial (rep=10, index=0): None
495.8866 	EXP 	Sound probe started
495.9047 	EXP 	text_2: autoDraw = False
495.9047 	EXP 	text_2: autoDraw = False
496.0924 	EXP 	Sound probe stopped
496.0929 	EXP 	window1: recordFrameIntervals = False
496.1124 	EXP 	text_2: autoDraw = True
496.1137 	EXP 	window1: recordFrameIntervals = False
498.1567 	EXP 	text_2: autoDraw = False
498.1567 	EXP 	text_2: autoDraw = False
498.1567 	EXP 	break_txt: autoDraw = True
503.1630 	EXP 	New trial (rep=15, index=0): None
505.5402 	DATA 	Keypress: space
505.5560 	EXP 	break_txt: autoDraw = False
505.5560 	EXP 	text: text = 'RYTHME\n\nHAUTEUR'
505.5560 	EXP 	text: autoDraw = True
506.5423 	EXP 	Created sequence: sequential, trialTypes=1, nReps=15, seed=None
506.5428 	EXP 	New trial (rep=0, index=0): None
506.5470 	EXP 	Sound probe started
506.5666 	EXP 	text: autoDraw = False
506.5666 	EXP 	text: autoDraw = False
506.7522 	EXP 	Sound probe stopped
506.7527 	EXP 	window1: recordFrameIntervals = False
506.7833 	EXP 	text_2: autoDraw = True
506.7846 	EXP 	window1: recordFrameIntervals = False
509.0283 	EXP 	New trial (rep=1, index=0): None
509.0303 	EXP 	Sound probe started
509.0545 	EXP 	text_2: autoDraw = False
509.0545 	EXP 	text_2: autoDraw = False
509.2403 	EXP 	Sound probe reached end of file
509.2408 	EXP 	window1: recordFrameIntervals = False
509.2608 	EXP 	text_2: autoDraw = True
509.2620 	EXP 	window1: recordFrameIntervals = False
511.5135 	EXP 	New trial (rep=2, index=0): None
511.5146 	EXP 	Sound probe started
511.5397 	EXP 	text_2: autoDraw = False
511.5397 	EXP 	text_2: autoDraw = False
511.7203 	EXP 	Sound probe stopped
511.7207 	EXP 	window1: recordFrameIntervals = False
511.7474 	EXP 	text_2: autoDraw = True
511.7487 	EXP 	window1: recordFrameIntervals = False
513.9973 	EXP 	New trial (rep=3, index=0): None
513.9984 	EXP 	Sound probe started
514.0178 	EXP 	text_2: autoDraw = False
514.0178 	EXP 	text_2: autoDraw = False
514.2004 	EXP 	Sound probe stopped
514.2016 	EXP 	window1: recordFrameIntervals = False
514.2299 	EXP 	text_2: autoDraw = True
514.2312 	EXP 	window1: recordFrameIntervals = False
516.4797 	EXP 	New trial (rep=4, index=0): None
516.4811 	EXP 	Sound probe started
516.5001 	EXP 	text_2: autoDraw = False
516.5001 	EXP 	text_2: autoDraw = False
516.6805 	EXP 	Sound probe stopped
516.6809 	EXP 	window1: recordFrameIntervals = False
516.7073 	EXP 	text_2: autoDraw = True
516.7083 	EXP 	window1: recordFrameIntervals = False
518.9557 	EXP 	New trial (rep=5, index=0): None
518.9585 	EXP 	Sound probe started
518.9810 	EXP 	text_2: autoDraw = False
518.9810 	EXP 	text_2: autoDraw = False
519.1685 	EXP 	Sound probe reached end of file
519.1703 	EXP 	window1: recordFrameIntervals = False
519.1914 	EXP 	text_2: autoDraw = True
519.1927 	EXP 	window1: recordFrameIntervals = False
521.4606 	EXP 	New trial (rep=6, index=0): None
521.4618 	EXP 	Sound probe started
521.4803 	EXP 	text_2: autoDraw = False
521.4803 	EXP 	text_2: autoDraw = False
521.6816 	EXP 	Sound probe reached end of file
521.6820 	EXP 	window1: recordFrameIntervals = False
521.7109 	EXP 	text_2: autoDraw = True
521.7121 	EXP 	window1: recordFrameIntervals = False
523.9620 	EXP 	New trial (rep=7, index=0): None
523.9632 	EXP 	Sound probe started
523.9820 	EXP 	text_2: autoDraw = False
523.9820 	EXP 	text_2: autoDraw = False
524.1685 	EXP 	Sound probe stopped
524.1689 	EXP 	window1: recordFrameIntervals = False
524.1999 	EXP 	text_2: autoDraw = True
524.2013 	EXP 	window1: recordFrameIntervals = False
526.4512 	EXP 	New trial (rep=8, index=0): None
526.4523 	EXP 	Sound probe started
526.4704 	EXP 	text_2: autoDraw = False
526.4704 	EXP 	text_2: autoDraw = False
526.6601 	EXP 	Sound probe stopped
526.6606 	EXP 	window1: recordFrameIntervals = False
526.6802 	EXP 	text_2: autoDraw = True
526.6814 	EXP 	window1: recordFrameIntervals = False
528.9368 	EXP 	New trial (rep=9, index=0): None
528.9400 	EXP 	Sound probe started
528.9594 	EXP 	text_2: autoDraw = False
528.9594 	EXP 	text_2: autoDraw = False
529.1486 	EXP 	Sound probe reached end of file
529.1507 	EXP 	window1: recordFrameIntervals = False
529.1695 	EXP 	text_2: autoDraw = True
529.1707 	EXP 	window1: recordFrameIntervals = False
531.4280 	EXP 	New trial (rep=10, index=0): None
531.4293 	EXP 	Sound probe started
531.4485 	EXP 	text_2: autoDraw = False
531.4485 	EXP 	text_2: autoDraw = False
531.6403 	EXP 	Sound probe stopped
531.6419 	EXP 	window1: recordFrameIntervals = False
531.6610 	EXP 	text_2: autoDraw = True
531.6622 	EXP 	window1: recordFrameIntervals = False
533.9191 	EXP 	New trial (rep=11, index=0): None
533.9202 	EXP 	Sound probe started
533.9396 	EXP 	text_2: autoDraw = False
533.9396 	EXP 	text_2: autoDraw = False
534.1285 	EXP 	Sound probe stopped
534.1304 	EXP 	window1: recordFrameIntervals = False
534.1513 	EXP 	text_2: autoDraw = True
534.1525 	EXP 	window1: recordFrameIntervals = False
536.4103 	EXP 	New trial (rep=12, index=0): None
536.4116 	EXP 	Sound probe started
536.4300 	EXP 	text_2: autoDraw = False
536.4300 	EXP 	text_2: autoDraw = False
536.6202 	EXP 	Sound probe stopped
536.6227 	EXP 	window1: recordFrameIntervals = False
536.6469 	EXP 	text_2: autoDraw = True
536.6481 	EXP 	window1: recordFrameIntervals = False
538.9003 	EXP 	New trial (rep=13, index=0): None
538.9025 	EXP 	Sound probe started
538.9215 	EXP 	text_2: autoDraw = False
538.9215 	EXP 	text_2: autoDraw = False
539.1084 	EXP 	Sound probe stopped
539.1089 	EXP 	window1: recordFrameIntervals = False
539.1281 	EXP 	text_2: autoDraw = True
539.1292 	EXP 	window1: recordFrameIntervals = False
541.3863 	EXP 	New trial (rep=14, index=0): None
541.3884 	EXP 	Sound probe started
541.4067 	EXP 	text_2: autoDraw = False
541.4067 	EXP 	text_2: autoDraw = False
541.5883 	EXP 	Sound probe stopped
541.5888 	EXP 	window1: recordFrameIntervals = False
541.6150 	EXP 	text_2: autoDraw = True
541.6163 	EXP 	window1: recordFrameIntervals = False
543.8906 	EXP 	text_2: autoDraw = False
543.8906 	EXP 	text_2: autoDraw = False
543.8906 	EXP 	break_txt: autoDraw = True
559.3403 	EXP 	New trial (rep=16, index=0): None
562.0472 	DATA 	Keypress: space
562.0629 	EXP 	break_txt: autoDraw = False
562.0629 	EXP 	text: text = 'RYTHME\n\nHAUTEUR'
562.0629 	EXP 	text: autoDraw = True
563.0460 	EXP 	Created sequence: sequential, trialTypes=1, nReps=10, seed=None
563.0461 	EXP 	New trial (rep=0, index=0): None
563.0474 	EXP 	Sound probe started
563.0723 	EXP 	text: autoDraw = False
563.0723 	EXP 	text: autoDraw = False
563.2565 	EXP 	Sound probe reached end of file
563.2585 	EXP 	window1: recordFrameIntervals = False
563.2815 	EXP 	text_2: autoDraw = True
563.2828 	EXP 	window1: recordFrameIntervals = False
566.1192 	EXP 	New trial (rep=1, index=0): None
566.1204 	EXP 	Sound probe started
566.1401 	EXP 	text_2: autoDraw = False
566.1401 	EXP 	text_2: autoDraw = False
566.3285 	EXP 	Sound probe stopped
566.3305 	EXP 	window1: recordFrameIntervals = False
566.3530 	EXP 	text_2: autoDraw = True
566.3543 	EXP 	window1: recordFrameIntervals = False
569.1913 	EXP 	New trial (rep=2, index=0): None
569.1926 	EXP 	Sound probe started
569.2117 	EXP 	text_2: autoDraw = False
569.2117 	EXP 	text_2: autoDraw = False
569.4043 	EXP 	Sound probe reached end of file
569.4047 	EXP 	window1: recordFrameIntervals = False
569.4243 	EXP 	text_2: autoDraw = True
569.4255 	EXP 	window1: recordFrameIntervals = False
572.2623 	EXP 	New trial (rep=3, index=0): None
572.2654 	EXP 	Sound probe started
572.2874 	EXP 	text_2: autoDraw = False
572.2874 	EXP 	text_2: autoDraw = False
572.4764 	EXP 	Sound probe stopped
572.4768 	EXP 	window1: recordFrameIntervals = False
572.4965 	EXP 	text_2: autoDraw = True
572.4976 	EXP 	window1: recordFrameIntervals = False
575.3372 	EXP 	New trial (rep=4, index=0): None
575.3405 	EXP 	Sound probe started
575.3587 	EXP 	text_2: autoDraw = False
575.3587 	EXP 	text_2: autoDraw = False
575.5443 	EXP 	Sound probe stopped
575.5448 	EXP 	window1: recordFrameIntervals = False
575.5715 	EXP 	text_2: autoDraw = True
575.5728 	EXP 	window1: recordFrameIntervals = False
578.4032 	EXP 	New trial (rep=5, index=0): None
578.4066 	EXP 	Sound probe started
578.4275 	EXP 	text_2: autoDraw = False
578.4275 	EXP 	text_2: autoDraw = False
578.6163 	EXP 	Sound probe stopped
578.6168 	EXP 	window1: recordFrameIntervals = False
578.6363 	EXP 	text_2: autoDraw = True
578.6373 	EXP 	window1: recordFrameIntervals = False
581.4775 	EXP 	New trial (rep=6, index=0): None
581.4805 	EXP 	Sound probe started
581.4989 	EXP 	text_2: autoDraw = False
581.4989 	EXP 	text_2: autoDraw = False
581.6844 	EXP 	Sound probe stopped
581.6849 	EXP 	window1: recordFrameIntervals = False
581.7045 	EXP 	text_2: autoDraw = True
581.7057 	EXP 	window1: recordFrameIntervals = False
584.5440 	EXP 	New trial (rep=7, index=0): None
584.5472 	EXP 	Sound probe started
584.5682 	EXP 	text_2: autoDraw = False
584.5682 	EXP 	text_2: autoDraw = False
584.7563 	EXP 	Sound probe stopped
584.7568 	EXP 	window1: recordFrameIntervals = False
584.7764 	EXP 	text_2: autoDraw = True
584.7777 	EXP 	window1: recordFrameIntervals = False
587.6142 	EXP 	New trial (rep=8, index=0): None
587.6182 	EXP 	Sound probe started
587.6379 	EXP 	text_2: autoDraw = False
587.6379 	EXP 	text_2: autoDraw = False
587.8243 	EXP 	Sound probe stopped
587.8248 	EXP 	window1: recordFrameIntervals = False
587.8446 	EXP 	text_2: autoDraw = True
587.8457 	EXP 	window1: recordFrameIntervals = False
590.6839 	EXP 	New trial (rep=9, index=0): None
590.6875 	EXP 	Sound probe started
590.7074 	EXP 	text_2: autoDraw = False
590.7074 	EXP 	text_2: autoDraw = False
590.8962 	EXP 	Sound probe stopped
590.8967 	EXP 	window1: recordFrameIntervals = False
590.9161 	EXP 	text_2: autoDraw = True
590.9172 	EXP 	window1: recordFrameIntervals = False
593.7778 	EXP 	text_2: autoDraw = False
593.7778 	EXP 	text_2: autoDraw = False
593.7778 	EXP 	break_txt: autoDraw = True
595.8832 	EXP 	New trial (rep=17, index=0): None
598.1900 	DATA 	Keypress: space
598.2058 	EXP 	break_txt: autoDraw = False
598.2058 	EXP 	text: height = 0.05
598.2058 	EXP 	text: height = 0.05
598.2058 	EXP 	text: text = 'X'
598.2058 	EXP 	text: autoDraw = True
599.1994 	EXP 	Created sequence: sequential, trialTypes=1, nReps=13, seed=None
599.1999 	EXP 	New trial (rep=0, index=0): None
599.2039 	EXP 	Sound probe started
599.2247 	EXP 	text: autoDraw = False
599.2247 	EXP 	text: autoDraw = False
599.4123 	EXP 	Sound probe reached end of file
599.4128 	EXP 	window1: recordFrameIntervals = False
599.4442 	EXP 	text_2: autoDraw = True
599.4454 	EXP 	window1: recordFrameIntervals = False
600.6915 	EXP 	New trial (rep=1, index=0): None
600.6940 	EXP 	Sound probe started
600.7175 	EXP 	text_2: autoDraw = False
600.7175 	EXP 	text_2: autoDraw = False
600.9043 	EXP 	Sound probe stopped
600.9048 	EXP 	window1: recordFrameIntervals = False
600.9245 	EXP 	text_2: autoDraw = True
600.9266 	EXP 	window1: recordFrameIntervals = False
603.7177 	EXP 	New trial (rep=2, index=0): None
603.7189 	EXP 	Sound probe started
603.7367 	EXP 	text_2: autoDraw = False
603.7367 	EXP 	text_2: autoDraw = False
603.9245 	EXP 	Sound probe stopped
603.9266 	EXP 	window1: recordFrameIntervals = False
603.9480 	EXP 	text_2: autoDraw = True
603.9493 	EXP 	window1: recordFrameIntervals = False
605.0076 	EXP 	New trial (rep=3, index=0): None
605.0087 	EXP 	Sound probe started
605.0280 	EXP 	text_2: autoDraw = False
605.0280 	EXP 	text_2: autoDraw = False
605.2124 	EXP 	Sound probe stopped
605.2129 	EXP 	window1: recordFrameIntervals = False
605.2425 	EXP 	text_2: autoDraw = True
605.2438 	EXP 	window1: recordFrameIntervals = False
606.7953 	EXP 	New trial (rep=4, index=0): None
606.7963 	EXP 	Sound probe started
606.8162 	EXP 	text_2: autoDraw = False
606.8162 	EXP 	text_2: autoDraw = False
607.0044 	EXP 	Sound probe stopped
607.0061 	EXP 	window1: recordFrameIntervals = False
607.0243 	EXP 	text_2: autoDraw = True
607.0257 	EXP 	window1: recordFrameIntervals = False
609.3078 	EXP 	New trial (rep=5, index=0): None
609.3090 	EXP 	Sound probe started
609.3267 	EXP 	text_2: autoDraw = False
609.3267 	EXP 	text_2: autoDraw = False
609.5122 	EXP 	Sound probe stopped
609.5127 	EXP 	window1: recordFrameIntervals = False
609.5329 	EXP 	text_2: autoDraw = True
609.5341 	EXP 	window1: recordFrameIntervals = False
611.6097 	EXP 	New trial (rep=6, index=0): None
611.6109 	EXP 	Sound probe started
611.6284 	EXP 	text_2: autoDraw = False
611.6284 	EXP 	text_2: autoDraw = False
611.8125 	EXP 	Sound probe stopped
611.8141 	EXP 	window1: recordFrameIntervals = False
611.8341 	EXP 	text_2: autoDraw = True
611.8354 	EXP 	window1: recordFrameIntervals = False
612.8295 	EXP 	New trial (rep=7, index=0): None
612.8307 	EXP 	Sound probe started
612.8492 	EXP 	text_2: autoDraw = False
612.8492 	EXP 	text_2: autoDraw = False
613.0327 	EXP 	Sound probe stopped
613.0346 	EXP 	window1: recordFrameIntervals = False
613.0563 	EXP 	text_2: autoDraw = True
613.0575 	EXP 	window1: recordFrameIntervals = False
614.1245 	EXP 	New trial (rep=8, index=0): None
614.1286 	EXP 	Sound probe started
614.1484 	EXP 	text_2: autoDraw = False
614.1484 	EXP 	text_2: autoDraw = False
614.3324 	EXP 	Sound probe stopped
614.3344 	EXP 	window1: recordFrameIntervals = False
614.3536 	EXP 	text_2: autoDraw = True
614.3547 	EXP 	window1: recordFrameIntervals = False
616.0558 	EXP 	New trial (rep=9, index=0): None
616.0570 	EXP 	Sound probe started
616.0764 	EXP 	text_2: autoDraw = False
616.0764 	EXP 	text_2: autoDraw = False
616.2642 	EXP 	Sound probe stopped
616.2660 	EXP 	window1: recordFrameIntervals = False
616.2930 	EXP 	text_2: autoDraw = True
616.2943 	EXP 	window1: recordFrameIntervals = False
618.0723 	EXP 	New trial (rep=10, index=0): None
618.0734 	EXP 	Sound probe started
618.0938 	EXP 	text_2: autoDraw = False
618.0938 	EXP 	text_2: autoDraw = False
618.2723 	EXP 	Sound probe stopped
618.2728 	EXP 	window1: recordFrameIntervals = False
618.2976 	EXP 	text_2: autoDraw = True
618.2987 	EXP 	window1: recordFrameIntervals = False
620.6638 	EXP 	New trial (rep=11, index=0): None
620.6650 	EXP 	Sound probe started
620.6839 	EXP 	text_2: autoDraw = False
620.6839 	EXP 	text_2: autoDraw = False
620.8724 	EXP 	Sound probe stopped
620.8744 	EXP 	window1: recordFrameIntervals = False
620.8980 	EXP 	text_2: autoDraw = True
620.8992 	EXP 	window1: recordFrameIntervals = False
623.6395 	EXP 	New trial (rep=12, index=0): None
623.6419 	EXP 	Sound probe started
623.6614 	EXP 	text_2: autoDraw = False
623.6614 	EXP 	text_2: autoDraw = False
623.8523 	EXP 	Sound probe stopped
623.8541 	EXP 	window1: recordFrameIntervals = False
623.8745 	EXP 	text_2: autoDraw = True
623.8761 	EXP 	window1: recordFrameIntervals = False
626.5301 	EXP 	text_2: autoDraw = False
626.5301 	EXP 	text_2: autoDraw = False
626.5301 	EXP 	break_txt: autoDraw = True
628.2351 	DATA 	Keypress: space
628.2539 	EXP 	break_txt: autoDraw = False
628.2539 	EXP 	blank_text: autoDraw = True
629.2669 	EXP 	blank_text: autoDraw = False
629.2669 	EXP 	end_txt: autoDraw = True
632.4711 	DATA 	Keypress: space
632.5020 	EXP 	end_txt: autoDraw = False
632.6546 	EXP 	window1: mouseVisible = True
