15.2456 	WARNING 	User requested fullscreen with size [2560 1440], but screen is actually [3840, 2160]. Using actual size
16.8207 	EXP 	Created window1 = Window(allowGUI=False, allowStencil=False, autoLog=True, backendConf=UNKNOWN, bitsMode=UNKNOWN, blendMode='avg', bpc=(8, 8, 8), color=array([ 0.6078, -0.2784, -0.2784]), colorSpace='rgb', depthBits=8, fullscr=<method-wrapper '__getattribute__' of attributeSetter object at 0x000001A33E417B20>, gamma=None, gammaErrorPolicy='raise', lms=UNKNOWN, monitor=<psychopy.monitors.calibTools.Monitor object at 0x000001A3400C5100>, multiSample=False, name='window1', numSamples=2, pos=(0, 0), screen=0, size=array([3840, 2160]), stencilBits=0, stereo=False, units='height', useFBO=True, useRetina=False, viewOri=0.0, viewPos=None, viewScale=None, waitBlanking=True, winType='pyglet')
16.8211 	EXP 	window1: mouseVisible = True
16.8211 	EXP 	window1: Attempting to measure frame rate of screen (0) ...
16.8211 	EXP 	window1: recordFrameIntervals = False
17.1359 	EXP 	window1: recordFrameIntervals = True
17.4132 	WARNING 	t of last frame was 35.02ms (=1/28)
17.4486 	WARNING 	t of last frame was 35.42ms (=1/28)
17.4841 	WARNING 	t of last frame was 35.47ms (=1/28)
17.5205 	WARNING 	t of last frame was 36.45ms (=1/27)
17.7499 	WARNING 	Multiple dropped frames have occurred - I'll stop bothering you about them!
20.1567 	WARNING 	Couldn't measure a consistent frame rate!
  - Is your graphics card set to sync to vertical blank?
  - Are you running other processes on your computer?

22.1460 	EXP 	window1: Attempting to measure frame rate of screen (0) ...
22.1460 	EXP 	window1: recordFrameIntervals = False
22.4344 	EXP 	window1: recordFrameIntervals = True
25.0523 	EXP 	Screen (0) actual frame rate measured at 30.23Hz
25.0523 	EXP 	window1: recordFrameIntervals = True
25.1651 	EXP 	Created instructions = TextStim(__class__=<class 'psychopy.visual.text.TextStim'>, alignHoriz=method-wrapper(...), alignText='center', alignVert=method-wrapper(...), anchorHoriz='center', anchorVert='center', antialias=True, autoLog=True, bold=False, color=array([1., 1., 1.]), colorSpace='rgb', contrast=1.0, depth=-2.0, flipHoriz=False, flipVert=False, font='Open Sans', fontFiles=[], height=0.03, italic=False, languageStyle='LTR', name='instructions', opacity=1, ori=0.0, pos=array([0., 0.]), rgb=UNKNOWN, text=str(...), units='height', win=Window(...), wrapWidth=1)
25.1670 	EXP 	Created blank_text = TextStim(__class__=<class 'psychopy.visual.text.TextStim'>, alignHoriz=method-wrapper(...), alignText='center', alignVert=method-wrapper(...), anchorHoriz='center', anchorVert='center', antialias=True, autoLog=True, bold=False, color=array([1., 1., 1.]), colorSpace='rgb', contrast=1.0, depth=0.0, flipHoriz=False, flipVert=False, font='Open Sans', fontFiles=[], height=0.05, italic=False, languageStyle='LTR', name='blank_text', opacity=1, ori=0.0, pos=array([0., 0.]), rgb=UNKNOWN, text='', units='height', win=Window(...), wrapWidth=1)
25.1727 	EXP 	Created fixation_cross = ShapeStim(__class__=<class 'psychopy.visual.shape.ShapeStim'>, anchor=('center', 'center'), autoDraw=False, autoLog=True, closeShape=True, color=method-wrapper(...), colorSpace='rgb', contrast=None, depth=-3.0, fillColor=array([1, 1, 1]), fillColorSpace='rgb', fillRGB=array([1, 1, 1]), interpolate=True, lineColor=array([1., 1., 1.]), lineColorSpace='rgb', lineRGB=array([1, 1, 1]), lineWidth=1.0, name='fixation_cross', opacity=1, ori=0.0, pos=array([0., 0.]), size=array([0.15, 0.15]), units='height', vertices=ndarray(...), win=Window(...), windingRule=None)
25.1739 	EXP 	Created text = TextStim(__class__=<class 'psychopy.visual.text.TextStim'>, alignHoriz=method-wrapper(...), alignText='center', alignVert=method-wrapper(...), anchorHoriz='center', anchorVert='center', antialias=True, autoLog=True, bold=False, color=array([1., 1., 1.]), colorSpace='rgb', contrast=1.0, depth=-2.0, flipHoriz=False, flipVert=False, font='Open Sans', fontFiles=[], height=0.05, italic=False, languageStyle='LTR', name='text', opacity=1, ori=0.0, pos=array([0., 0.]), rgb=UNKNOWN, text='', units='height', win=Window(...), wrapWidth=1)
25.2420 	EXP 	Sound probe set volume 1.000
25.2437 	EXP 	Created text_2 = TextStim(__class__=<class 'psychopy.visual.text.TextStim'>, alignHoriz=method-wrapper(...), alignText='center', alignVert=method-wrapper(...), anchorHoriz='center', anchorVert='center', antialias=True, autoLog=True, bold=False, color=array([1., 1., 1.]), colorSpace='rgb', contrast=1.0, depth=-4.0, flipHoriz=False, flipVert=False, font='Open Sans', fontFiles=[], height=0.05, italic=False, languageStyle='LTR', name='text_2', opacity=1, ori=0.0, pos=array([0., 0.]), rgb=UNKNOWN, text='', units='height', win=Window(...), wrapWidth=1)
25.2599 	EXP 	Created break_txt = TextStim(__class__=<class 'psychopy.visual.text.TextStim'>, alignHoriz=method-wrapper(...), alignText='center', alignVert=method-wrapper(...), anchorHoriz='center', anchorVert='center', antialias=True, autoLog=True, bold=False, color=array([1., 1., 1.]), colorSpace='rgb', contrast=1.0, depth=0.0, flipHoriz=False, flipVert=False, font='Open Sans', fontFiles=[], height=0.04, italic=False, languageStyle='LTR', name='break_txt', opacity=1, ori=0.0, pos=array([0., 0.]), rgb=UNKNOWN, text=str(...), units='height', win=Window(...), wrapWidth=1)
25.2614 	EXP 	Created blank_text = TextStim(__class__=<class 'psychopy.visual.text.TextStim'>, alignHoriz=method-wrapper(...), alignText='center', alignVert=method-wrapper(...), anchorHoriz='center', anchorVert='center', antialias=True, autoLog=True, bold=False, color=array([1., 1., 1.]), colorSpace='rgb', contrast=1.0, depth=0.0, flipHoriz=False, flipVert=False, font='Open Sans', fontFiles=[], height=0.05, italic=False, languageStyle='LTR', name='blank_text', opacity=1, ori=0.0, pos=array([0., 0.]), rgb=UNKNOWN, text='', units='height', win=Window(...), wrapWidth=1)
25.2870 	EXP 	Created end_txt = TextStim(__class__=<class 'psychopy.visual.text.TextStim'>, alignHoriz=method-wrapper(...), alignText='center', alignVert=method-wrapper(...), anchorHoriz='center', anchorVert='center', antialias=True, autoLog=True, bold=False, color=array([1., 1., 1.]), colorSpace='rgb', contrast=1.0, depth=0.0, flipHoriz=False, flipVert=False, font='Open Sans', fontFiles=[], height=0.05, italic=False, languageStyle='LTR', name='end_txt', opacity=1, ori=0.0, pos=array([0., 0.]), rgb=UNKNOWN, text=str(...), units='height', win=Window(...), wrapWidth=1)
25.3082 	EXP 	instructions: autoDraw = True
65.4989 	DATA 	Keypress: space
65.5296 	EXP 	instructions: autoDraw = False
65.5296 	EXP 	blank_text: autoDraw = True
66.5251 	EXP 	Created sequence: fullRandom, trialTypes=1, nReps=999, seed=None
66.5275 	EXP 	New trial (rep=0, index=0): None
67.5776 	EXP 	blank_text: autoDraw = False
67.5776 	EXP 	text: height = 0.05
67.5776 	EXP 	text: height = 0.05
67.5776 	EXP 	text: text = 'HAUTEUR'
67.5776 	EXP 	text: autoDraw = True
68.5650 	EXP 	Created sequence: sequential, trialTypes=1, nReps=15, seed=None
68.5652 	EXP 	New trial (rep=0, index=0): None
68.5693 	EXP 	Sound probe started
68.6033 	EXP 	text: autoDraw = False
68.6033 	EXP 	text: autoDraw = False
68.7815 	EXP 	Sound probe stopped
68.7838 	EXP 	window1: recordFrameIntervals = False
68.8071 	EXP 	text_2: autoDraw = True
68.8084 	EXP 	window1: recordFrameIntervals = True
71.8013 	EXP 	New trial (rep=1, index=0): None
71.8025 	EXP 	Sound probe started
71.8233 	EXP 	text_2: autoDraw = False
71.8233 	EXP 	text_2: autoDraw = False
72.0094 	EXP 	Sound probe stopped
72.0098 	EXP 	window1: recordFrameIntervals = False
72.0420 	EXP 	text_2: autoDraw = True
72.0433 	EXP 	window1: recordFrameIntervals = True
74.7207 	EXP 	New trial (rep=2, index=0): None
74.7218 	EXP 	Sound probe started
74.7479 	EXP 	text_2: autoDraw = False
74.7479 	EXP 	text_2: autoDraw = False
74.9415 	EXP 	Sound probe reached end of file
74.9419 	EXP 	window1: recordFrameIntervals = False
74.9739 	EXP 	text_2: autoDraw = True
74.9753 	EXP 	window1: recordFrameIntervals = True
77.7937 	EXP 	New trial (rep=3, index=0): None
77.7947 	EXP 	Sound probe started
77.8234 	EXP 	text_2: autoDraw = False
77.8234 	EXP 	text_2: autoDraw = False
78.0093 	EXP 	Sound probe reached end of file
78.0097 	EXP 	window1: recordFrameIntervals = False
78.0408 	EXP 	text_2: autoDraw = True
78.0420 	EXP 	window1: recordFrameIntervals = True
79.1180 	EXP 	New trial (rep=4, index=0): None
79.1190 	EXP 	Sound probe started
79.1440 	EXP 	text_2: autoDraw = False
79.1440 	EXP 	text_2: autoDraw = False
79.3376 	EXP 	Sound probe reached end of file
79.3381 	EXP 	window1: recordFrameIntervals = False
79.3634 	EXP 	text_2: autoDraw = True
79.3665 	EXP 	window1: recordFrameIntervals = True
81.4660 	EXP 	New trial (rep=5, index=0): None
81.4697 	EXP 	Sound probe started
81.4956 	EXP 	text_2: autoDraw = False
81.4956 	EXP 	text_2: autoDraw = False
81.6892 	EXP 	Sound probe reached end of file
81.6897 	EXP 	window1: recordFrameIntervals = False
81.7175 	EXP 	text_2: autoDraw = True
81.7188 	EXP 	window1: recordFrameIntervals = True
82.7946 	EXP 	New trial (rep=6, index=0): None
82.7955 	EXP 	Sound probe started
82.8219 	EXP 	text_2: autoDraw = False
82.8219 	EXP 	text_2: autoDraw = False
83.0094 	EXP 	Sound probe reached end of file
83.0101 	EXP 	window1: recordFrameIntervals = False
83.0395 	EXP 	text_2: autoDraw = True
83.0409 	EXP 	window1: recordFrameIntervals = True
85.6148 	EXP 	New trial (rep=7, index=0): None
85.6160 	EXP 	Sound probe started
85.6385 	EXP 	text_2: autoDraw = False
85.6385 	EXP 	text_2: autoDraw = False
85.8295 	EXP 	Sound probe reached end of file
85.8316 	EXP 	window1: recordFrameIntervals = False
85.8565 	EXP 	text_2: autoDraw = True
85.8580 	EXP 	window1: recordFrameIntervals = True
87.2830 	EXP 	New trial (rep=8, index=0): None
87.2841 	EXP 	Sound probe started
87.3117 	EXP 	text_2: autoDraw = False
87.3117 	EXP 	text_2: autoDraw = False
87.4976 	EXP 	Sound probe reached end of file
87.4980 	EXP 	window1: recordFrameIntervals = False
87.5246 	EXP 	text_2: autoDraw = True
87.5258 	EXP 	window1: recordFrameIntervals = True
90.4626 	EXP 	New trial (rep=9, index=0): None
90.4663 	EXP 	Sound probe started
90.4863 	EXP 	text_2: autoDraw = False
90.4863 	EXP 	text_2: autoDraw = False
90.6775 	EXP 	Sound probe reached end of file
90.6794 	EXP 	window1: recordFrameIntervals = False
90.7064 	EXP 	text_2: autoDraw = True
90.7077 	EXP 	window1: recordFrameIntervals = True
91.7731 	EXP 	New trial (rep=10, index=0): None
91.7742 	EXP 	Sound probe started
91.8005 	EXP 	text_2: autoDraw = False
91.8005 	EXP 	text_2: autoDraw = False
91.9894 	EXP 	Sound probe reached end of file
91.9898 	EXP 	window1: recordFrameIntervals = False
92.0169 	EXP 	text_2: autoDraw = True
92.0183 	EXP 	window1: recordFrameIntervals = True
93.3515 	EXP 	New trial (rep=11, index=0): None
93.3526 	EXP 	Sound probe started
93.3809 	EXP 	text_2: autoDraw = False
93.3809 	EXP 	text_2: autoDraw = False
93.5693 	EXP 	Sound probe reached end of file
93.5697 	EXP 	window1: recordFrameIntervals = False
93.6001 	EXP 	text_2: autoDraw = True
93.6013 	EXP 	window1: recordFrameIntervals = True
94.8060 	EXP 	New trial (rep=12, index=0): None
94.8071 	EXP 	Sound probe started
94.8349 	EXP 	text_2: autoDraw = False
94.8349 	EXP 	text_2: autoDraw = False
95.0179 	EXP 	Sound probe reached end of file
95.0183 	EXP 	window1: recordFrameIntervals = False
95.0474 	EXP 	text_2: autoDraw = True
95.0503 	EXP 	window1: recordFrameIntervals = True
96.4238 	EXP 	New trial (rep=13, index=0): None
96.4248 	EXP 	Sound probe started
96.4523 	EXP 	text_2: autoDraw = False
96.4523 	EXP 	text_2: autoDraw = False
96.6374 	EXP 	Sound probe reached end of file
96.6394 	EXP 	window1: recordFrameIntervals = False
96.6671 	EXP 	text_2: autoDraw = True
96.6685 	EXP 	window1: recordFrameIntervals = True
98.7589 	EXP 	New trial (rep=14, index=0): None
98.7597 	EXP 	Sound probe started
98.7866 	EXP 	text_2: autoDraw = False
98.7866 	EXP 	text_2: autoDraw = False
98.9775 	EXP 	Sound probe reached end of file
98.9779 	EXP 	window1: recordFrameIntervals = False
99.0052 	EXP 	text_2: autoDraw = True
99.0062 	EXP 	window1: recordFrameIntervals = True
101.6973 	EXP 	text_2: autoDraw = False
101.6973 	EXP 	text_2: autoDraw = False
101.6973 	EXP 	break_txt: autoDraw = True
105.9162 	EXP 	New trial (rep=1, index=0): None
106.8664 	DATA 	Keypress: space
106.8840 	EXP 	break_txt: autoDraw = False
106.8840 	EXP 	text: height = 0.05
106.8840 	EXP 	text: height = 0.05
106.8840 	EXP 	text: text = 'RYTHME'
106.8840 	EXP 	text: autoDraw = True
107.8844 	EXP 	Created sequence: sequential, trialTypes=1, nReps=12, seed=None
107.8845 	EXP 	New trial (rep=0, index=0): None
107.8858 	EXP 	Sound probe started
107.9153 	EXP 	text: autoDraw = False
107.9153 	EXP 	text: autoDraw = False
108.1164 	EXP 	Sound probe reached end of file
108.1169 	EXP 	window1: recordFrameIntervals = False
108.1493 	EXP 	text_2: autoDraw = True
108.1506 	EXP 	window1: recordFrameIntervals = True
110.2069 	EXP 	New trial (rep=1, index=0): None
110.2079 	EXP 	Sound probe started
110.2339 	EXP 	text_2: autoDraw = False
110.2339 	EXP 	text_2: autoDraw = False
110.4255 	EXP 	Sound probe reached end of file
110.4259 	EXP 	window1: recordFrameIntervals = False
110.4518 	EXP 	text_2: autoDraw = True
110.4528 	EXP 	window1: recordFrameIntervals = True
112.5175 	EXP 	New trial (rep=2, index=0): None
112.5210 	EXP 	Sound probe started
112.5435 	EXP 	text_2: autoDraw = False
112.5435 	EXP 	text_2: autoDraw = False
112.7374 	EXP 	Sound probe reached end of file
112.7394 	EXP 	window1: recordFrameIntervals = False
112.7664 	EXP 	text_2: autoDraw = True
112.7677 	EXP 	window1: recordFrameIntervals = True
114.8301 	EXP 	New trial (rep=3, index=0): None
114.8311 	EXP 	Sound probe started
114.8559 	EXP 	text_2: autoDraw = False
114.8559 	EXP 	text_2: autoDraw = False
115.0455 	EXP 	Sound probe reached end of file
115.0459 	EXP 	window1: recordFrameIntervals = False
115.0680 	EXP 	text_2: autoDraw = True
115.0695 	EXP 	window1: recordFrameIntervals = True
117.1366 	EXP 	New trial (rep=4, index=0): None
117.1393 	EXP 	Sound probe started
117.1650 	EXP 	text_2: autoDraw = False
117.1650 	EXP 	text_2: autoDraw = False
117.3575 	EXP 	Sound probe reached end of file
117.3596 	EXP 	window1: recordFrameIntervals = False
117.3854 	EXP 	text_2: autoDraw = True
117.3867 	EXP 	window1: recordFrameIntervals = True
119.4515 	EXP 	New trial (rep=5, index=0): None
119.4525 	EXP 	Sound probe started
119.4797 	EXP 	text_2: autoDraw = False
119.4797 	EXP 	text_2: autoDraw = False
119.6653 	EXP 	Sound probe reached end of file
119.6659 	EXP 	window1: recordFrameIntervals = False
119.6960 	EXP 	text_2: autoDraw = True
119.6972 	EXP 	window1: recordFrameIntervals = True
121.7696 	EXP 	New trial (rep=6, index=0): None
121.7708 	EXP 	Sound probe started
121.7915 	EXP 	text_2: autoDraw = False
121.7915 	EXP 	text_2: autoDraw = False
121.9855 	EXP 	Sound probe reached end of file
121.9865 	EXP 	window1: recordFrameIntervals = False
122.0071 	EXP 	text_2: autoDraw = True
122.0083 	EXP 	window1: recordFrameIntervals = True
124.0768 	EXP 	New trial (rep=7, index=0): None
124.0783 	EXP 	Sound probe started
124.1062 	EXP 	text_2: autoDraw = False
124.1062 	EXP 	text_2: autoDraw = False
124.2975 	EXP 	Sound probe reached end of file
124.2996 	EXP 	window1: recordFrameIntervals = False
124.3257 	EXP 	text_2: autoDraw = True
124.3270 	EXP 	window1: recordFrameIntervals = True
126.3968 	EXP 	New trial (rep=8, index=0): None
126.3999 	EXP 	Sound probe started
126.4233 	EXP 	text_2: autoDraw = False
126.4233 	EXP 	text_2: autoDraw = False
126.6136 	EXP 	Sound probe reached end of file
126.6158 	EXP 	window1: recordFrameIntervals = False
126.6373 	EXP 	text_2: autoDraw = True
126.6387 	EXP 	window1: recordFrameIntervals = True
128.7089 	EXP 	New trial (rep=9, index=0): None
128.7100 	EXP 	Sound probe started
128.7372 	EXP 	text_2: autoDraw = False
128.7372 	EXP 	text_2: autoDraw = False
128.9252 	EXP 	Sound probe reached end of file
128.9256 	EXP 	window1: recordFrameIntervals = False
128.9560 	EXP 	text_2: autoDraw = True
128.9572 	EXP 	window1: recordFrameIntervals = True
131.0175 	EXP 	New trial (rep=10, index=0): None
131.0186 	EXP 	Sound probe started
131.0466 	EXP 	text_2: autoDraw = False
131.0466 	EXP 	text_2: autoDraw = False
131.2333 	EXP 	Sound probe reached end of file
131.2337 	EXP 	window1: recordFrameIntervals = False
131.2652 	EXP 	text_2: autoDraw = True
131.2663 	EXP 	window1: recordFrameIntervals = True
133.3326 	EXP 	New trial (rep=11, index=0): None
133.3338 	EXP 	Sound probe started
133.3540 	EXP 	text_2: autoDraw = False
133.3540 	EXP 	text_2: autoDraw = False
133.5535 	EXP 	Sound probe reached end of file
133.5539 	EXP 	window1: recordFrameIntervals = False
133.5745 	EXP 	text_2: autoDraw = True
133.5758 	EXP 	window1: recordFrameIntervals = True
135.6724 	EXP 	text_2: autoDraw = False
135.6724 	EXP 	text_2: autoDraw = False
135.6724 	EXP 	break_txt: autoDraw = True
140.0230 	EXP 	New trial (rep=2, index=0): None
140.9663 	DATA 	Keypress: space
140.9829 	EXP 	break_txt: autoDraw = False
140.9829 	EXP 	text: height = 0.05
140.9829 	EXP 	text: height = 0.05
140.9829 	EXP 	text: text = 'RYTHME\n\nHAUTEUR'
140.9829 	EXP 	text: autoDraw = True
141.9808 	EXP 	Created sequence: sequential, trialTypes=1, nReps=11, seed=None
141.9809 	EXP 	New trial (rep=0, index=0): None
141.9827 	EXP 	Sound probe started
142.0123 	EXP 	text: autoDraw = False
142.0123 	EXP 	text: autoDraw = False
142.2036 	EXP 	Sound probe reached end of file
142.2040 	EXP 	window1: recordFrameIntervals = False
142.2347 	EXP 	text_2: autoDraw = True
142.2361 	EXP 	window1: recordFrameIntervals = True
144.2178 	EXP 	New trial (rep=1, index=0): None
144.2218 	EXP 	Sound probe started
144.2445 	EXP 	text_2: autoDraw = False
144.2445 	EXP 	text_2: autoDraw = False
144.4335 	EXP 	Sound probe reached end of file
144.4357 	EXP 	window1: recordFrameIntervals = False
144.4660 	EXP 	text_2: autoDraw = True
144.4672 	EXP 	window1: recordFrameIntervals = True
146.4467 	EXP 	New trial (rep=2, index=0): None
146.4475 	EXP 	Sound probe started
146.4723 	EXP 	text_2: autoDraw = False
146.4723 	EXP 	text_2: autoDraw = False
146.6653 	EXP 	Sound probe reached end of file
146.6657 	EXP 	window1: recordFrameIntervals = False
146.6946 	EXP 	text_2: autoDraw = True
146.6956 	EXP 	window1: recordFrameIntervals = True
148.6759 	EXP 	New trial (rep=3, index=0): None
148.6769 	EXP 	Sound probe started
148.7026 	EXP 	text_2: autoDraw = False
148.7026 	EXP 	text_2: autoDraw = False
148.8935 	EXP 	Sound probe reached end of file
148.8956 	EXP 	window1: recordFrameIntervals = False
148.9193 	EXP 	text_2: autoDraw = True
148.9206 	EXP 	window1: recordFrameIntervals = True
150.9067 	EXP 	New trial (rep=4, index=0): None
150.9100 	EXP 	Sound probe started
150.9323 	EXP 	text_2: autoDraw = False
150.9323 	EXP 	text_2: autoDraw = False
151.1214 	EXP 	Sound probe reached end of file
151.1219 	EXP 	window1: recordFrameIntervals = False
151.1494 	EXP 	text_2: autoDraw = True
151.1507 	EXP 	window1: recordFrameIntervals = True
153.1398 	EXP 	New trial (rep=5, index=0): None
153.1414 	EXP 	Sound probe started
153.1759 	EXP 	text_2: autoDraw = False
153.1759 	EXP 	text_2: autoDraw = False
153.3619 	EXP 	Sound probe reached end of file
153.3624 	EXP 	window1: recordFrameIntervals = False
153.3913 	EXP 	text_2: autoDraw = True
153.3937 	EXP 	window1: recordFrameIntervals = True
155.3737 	EXP 	New trial (rep=6, index=0): None
155.3747 	EXP 	Sound probe started
155.4035 	EXP 	text_2: autoDraw = False
155.4035 	EXP 	text_2: autoDraw = False
155.5934 	EXP 	Sound probe reached end of file
155.5939 	EXP 	window1: recordFrameIntervals = False
155.6273 	EXP 	text_2: autoDraw = True
155.6297 	EXP 	window1: recordFrameIntervals = True
157.6051 	EXP 	New trial (rep=7, index=0): None
157.6061 	EXP 	Sound probe started
157.6330 	EXP 	text_2: autoDraw = False
157.6330 	EXP 	text_2: autoDraw = False
157.8214 	EXP 	Sound probe reached end of file
157.8218 	EXP 	window1: recordFrameIntervals = False
157.8491 	EXP 	text_2: autoDraw = True
157.8506 	EXP 	window1: recordFrameIntervals = True
159.8413 	EXP 	New trial (rep=8, index=0): None
159.8426 	EXP 	Sound probe started
159.8636 	EXP 	text_2: autoDraw = False
159.8636 	EXP 	text_2: autoDraw = False
160.0535 	EXP 	Sound probe stopped
160.0554 	EXP 	window1: recordFrameIntervals = False
160.0796 	EXP 	text_2: autoDraw = True
160.0813 	EXP 	window1: recordFrameIntervals = True
162.0670 	EXP 	New trial (rep=9, index=0): None
162.0682 	EXP 	Sound probe started
162.0978 	EXP 	text_2: autoDraw = False
162.0978 	EXP 	text_2: autoDraw = False
162.2813 	EXP 	Sound probe reached end of file
162.2817 	EXP 	window1: recordFrameIntervals = False
162.3115 	EXP 	text_2: autoDraw = True
162.3125 	EXP 	window1: recordFrameIntervals = True
164.2995 	EXP 	New trial (rep=10, index=0): None
164.3008 	EXP 	Sound probe started
164.3016 	DATA 	Keypress: space
164.3335 	EXP 	text_2: autoDraw = False
164.3335 	EXP 	text_2: autoDraw = False
164.5136 	EXP 	Sound probe reached end of file
164.5158 	EXP 	window1: recordFrameIntervals = False
164.5402 	EXP 	text_2: autoDraw = True
164.5417 	EXP 	window1: recordFrameIntervals = True
166.5599 	EXP 	text_2: autoDraw = False
166.5599 	EXP 	text_2: autoDraw = False
166.5599 	EXP 	break_txt: autoDraw = True
169.0441 	EXP 	New trial (rep=3, index=0): None
171.2445 	DATA 	Keypress: space
171.2620 	EXP 	break_txt: autoDraw = False
171.2620 	EXP 	text: text = 'RYTHME\n\nHAUTEUR'
171.2620 	EXP 	text: autoDraw = True
172.2360 	EXP 	Created sequence: sequential, trialTypes=1, nReps=10, seed=None
172.2361 	EXP 	New trial (rep=0, index=0): None
172.2373 	EXP 	Sound probe started
172.2673 	EXP 	text: autoDraw = False
172.2673 	EXP 	text: autoDraw = False
172.4661 	EXP 	Sound probe reached end of file
172.4666 	EXP 	window1: recordFrameIntervals = False
172.4952 	EXP 	text_2: autoDraw = True
172.4967 	EXP 	window1: recordFrameIntervals = True
174.4220 	EXP 	New trial (rep=1, index=0): None
174.4230 	EXP 	Sound probe started
174.4511 	EXP 	text_2: autoDraw = False
174.4511 	EXP 	text_2: autoDraw = False
174.6413 	EXP 	Sound probe reached end of file
174.6417 	EXP 	window1: recordFrameIntervals = False
174.6674 	EXP 	text_2: autoDraw = True
174.6686 	EXP 	window1: recordFrameIntervals = True
176.5990 	EXP 	New trial (rep=2, index=0): None
176.6012 	EXP 	Sound probe started
176.6291 	EXP 	text_2: autoDraw = False
176.6291 	EXP 	text_2: autoDraw = False
176.8095 	EXP 	Sound probe reached end of file
176.8108 	EXP 	window1: recordFrameIntervals = False
176.8312 	EXP 	text_2: autoDraw = True
176.8324 	EXP 	window1: recordFrameIntervals = True
178.7663 	EXP 	New trial (rep=3, index=0): None
178.7672 	EXP 	Sound probe started
178.7965 	EXP 	text_2: autoDraw = False
178.7965 	EXP 	text_2: autoDraw = False
178.9813 	EXP 	Sound probe reached end of file
178.9817 	EXP 	window1: recordFrameIntervals = False
179.0112 	EXP 	text_2: autoDraw = True
179.0124 	EXP 	window1: recordFrameIntervals = True
180.9359 	EXP 	New trial (rep=4, index=0): None
180.9370 	EXP 	Sound probe started
180.9646 	EXP 	text_2: autoDraw = False
180.9646 	EXP 	text_2: autoDraw = False
181.1493 	EXP 	Sound probe reached end of file
181.1498 	EXP 	window1: recordFrameIntervals = False
181.1776 	EXP 	text_2: autoDraw = True
181.1787 	EXP 	window1: recordFrameIntervals = True
183.1059 	EXP 	New trial (rep=5, index=0): None
183.1071 	EXP 	Sound probe started
183.1331 	EXP 	text_2: autoDraw = False
183.1331 	EXP 	text_2: autoDraw = False
183.3214 	EXP 	Sound probe reached end of file
183.3218 	EXP 	window1: recordFrameIntervals = False
183.3500 	EXP 	text_2: autoDraw = True
183.3513 	EXP 	window1: recordFrameIntervals = True
185.0529 	DATA 	Keypress: space
185.2770 	EXP 	New trial (rep=6, index=0): None
185.2806 	EXP 	Sound probe started
185.3019 	EXP 	text_2: autoDraw = False
185.3019 	EXP 	text_2: autoDraw = False
185.4893 	EXP 	Sound probe reached end of file
185.4898 	EXP 	window1: recordFrameIntervals = False
185.5178 	EXP 	text_2: autoDraw = True
185.5190 	EXP 	window1: recordFrameIntervals = True
187.4453 	EXP 	New trial (rep=7, index=0): None
187.4487 	EXP 	Sound probe started
187.4723 	EXP 	text_2: autoDraw = False
187.4723 	EXP 	text_2: autoDraw = False
187.6614 	EXP 	Sound probe reached end of file
187.6627 	EXP 	window1: recordFrameIntervals = False
187.6920 	EXP 	text_2: autoDraw = True
187.6933 	EXP 	window1: recordFrameIntervals = True
189.6227 	EXP 	New trial (rep=8, index=0): None
189.6241 	EXP 	Sound probe started
189.6456 	EXP 	text_2: autoDraw = False
189.6456 	EXP 	text_2: autoDraw = False
189.8414 	EXP 	Sound probe reached end of file
189.8424 	EXP 	window1: recordFrameIntervals = False
189.8669 	EXP 	text_2: autoDraw = True
189.8681 	EXP 	window1: recordFrameIntervals = True
191.7999 	EXP 	New trial (rep=9, index=0): None
191.8033 	EXP 	Sound probe started
191.8274 	EXP 	text_2: autoDraw = False
191.8274 	EXP 	text_2: autoDraw = False
192.0214 	EXP 	Sound probe reached end of file
192.0231 	EXP 	window1: recordFrameIntervals = False
192.0452 	EXP 	text_2: autoDraw = True
192.0466 	EXP 	window1: recordFrameIntervals = True
194.0036 	EXP 	text_2: autoDraw = False
194.0036 	EXP 	text_2: autoDraw = False
194.0036 	EXP 	break_txt: autoDraw = True
200.8523 	DATA 	Keypress: space
200.8842 	EXP 	New trial (rep=4, index=0): None
203.8412 	EXP 	break_txt: autoDraw = False
203.8412 	EXP 	text: text = 'RYTHME\n\nHAUTEUR'
203.8412 	EXP 	text: autoDraw = True
204.8312 	EXP 	Created sequence: sequential, trialTypes=1, nReps=15, seed=None
204.8313 	EXP 	New trial (rep=0, index=0): None
204.8327 	EXP 	Sound probe started
204.8650 	EXP 	text: autoDraw = False
204.8650 	EXP 	text: autoDraw = False
205.0375 	EXP 	Sound probe stopped
205.0379 	EXP 	window1: recordFrameIntervals = False
205.0683 	EXP 	text_2: autoDraw = True
205.0696 	EXP 	window1: recordFrameIntervals = True
206.7328 	EXP 	New trial (rep=1, index=0): None
206.7365 	EXP 	Sound probe started
206.7608 	EXP 	text_2: autoDraw = False
206.7608 	EXP 	text_2: autoDraw = False
206.9496 	EXP 	Sound probe reached end of file
206.9515 	EXP 	window1: recordFrameIntervals = False
206.9810 	EXP 	text_2: autoDraw = True
206.9831 	EXP 	window1: recordFrameIntervals = True
208.6473 	EXP 	New trial (rep=2, index=0): None
208.6483 	EXP 	Sound probe started
208.6747 	EXP 	text_2: autoDraw = False
208.6747 	EXP 	text_2: autoDraw = False
208.8575 	EXP 	Sound probe reached end of file
208.8587 	EXP 	window1: recordFrameIntervals = False
208.8777 	EXP 	text_2: autoDraw = True
208.8790 	EXP 	window1: recordFrameIntervals = True
210.5559 	EXP 	New trial (rep=3, index=0): None
210.5596 	EXP 	Sound probe started
210.5815 	EXP 	text_2: autoDraw = False
210.5815 	EXP 	text_2: autoDraw = False
210.7773 	EXP 	Sound probe reached end of file
210.7794 	EXP 	window1: recordFrameIntervals = False
210.8030 	EXP 	text_2: autoDraw = True
210.8042 	EXP 	window1: recordFrameIntervals = True
212.4764 	EXP 	New trial (rep=4, index=0): None
212.4799 	EXP 	Sound probe started
212.4999 	EXP 	text_2: autoDraw = False
212.4999 	EXP 	text_2: autoDraw = False
212.6972 	EXP 	Sound probe reached end of file
212.6990 	EXP 	window1: recordFrameIntervals = False
212.7201 	EXP 	text_2: autoDraw = True
212.7220 	EXP 	window1: recordFrameIntervals = True
214.3961 	EXP 	New trial (rep=5, index=0): None
214.3989 	EXP 	Sound probe started
214.4186 	EXP 	text_2: autoDraw = False
214.4186 	EXP 	text_2: autoDraw = False
214.6175 	EXP 	Sound probe reached end of file
214.6178 	EXP 	window1: recordFrameIntervals = False
214.6383 	EXP 	text_2: autoDraw = True
214.6395 	EXP 	window1: recordFrameIntervals = True
216.3159 	EXP 	New trial (rep=6, index=0): None
216.3181 	EXP 	Sound probe started
216.3390 	EXP 	text_2: autoDraw = False
216.3390 	EXP 	text_2: autoDraw = False
216.5373 	EXP 	Sound probe reached end of file
216.5378 	EXP 	window1: recordFrameIntervals = False
216.5598 	EXP 	text_2: autoDraw = True
216.5609 	EXP 	window1: recordFrameIntervals = True
218.2404 	EXP 	New trial (rep=7, index=0): None
218.2416 	EXP 	Sound probe started
218.2619 	EXP 	text_2: autoDraw = False
218.2619 	EXP 	text_2: autoDraw = False
218.4573 	EXP 	Sound probe reached end of file
218.4578 	EXP 	window1: recordFrameIntervals = False
218.4878 	EXP 	text_2: autoDraw = True
218.4894 	EXP 	window1: recordFrameIntervals = True
220.1524 	EXP 	New trial (rep=8, index=0): None
220.1534 	EXP 	Sound probe started
220.1793 	EXP 	text_2: autoDraw = False
220.1793 	EXP 	text_2: autoDraw = False
220.3694 	EXP 	Sound probe reached end of file
220.3713 	EXP 	window1: recordFrameIntervals = False
220.3936 	EXP 	text_2: autoDraw = True
220.3948 	EXP 	window1: recordFrameIntervals = True
222.0689 	EXP 	New trial (rep=9, index=0): None
222.0725 	EXP 	Sound probe started
222.0950 	EXP 	text_2: autoDraw = False
222.0950 	EXP 	text_2: autoDraw = False
222.2894 	EXP 	Sound probe reached end of file
222.2916 	EXP 	window1: recordFrameIntervals = False
222.3125 	EXP 	text_2: autoDraw = True
222.3137 	EXP 	window1: recordFrameIntervals = True
223.9901 	EXP 	New trial (rep=10, index=0): None
223.9926 	EXP 	Sound probe started
224.0138 	EXP 	text_2: autoDraw = False
224.0138 	EXP 	text_2: autoDraw = False
224.2095 	EXP 	Sound probe reached end of file
224.2109 	EXP 	window1: recordFrameIntervals = False
224.2316 	EXP 	text_2: autoDraw = True
224.2328 	EXP 	window1: recordFrameIntervals = True
225.9162 	EXP 	New trial (rep=11, index=0): None
225.9175 	EXP 	Sound probe started
225.9396 	EXP 	text_2: autoDraw = False
225.9396 	EXP 	text_2: autoDraw = False
226.1174 	EXP 	Sound probe stopped
226.1179 	EXP 	window1: recordFrameIntervals = False
226.1395 	EXP 	text_2: autoDraw = True
226.1410 	EXP 	window1: recordFrameIntervals = True
227.8133 	EXP 	New trial (rep=12, index=0): None
227.8142 	EXP 	Sound probe started
227.8422 	EXP 	text_2: autoDraw = False
227.8422 	EXP 	text_2: autoDraw = False
228.0314 	EXP 	Sound probe reached end of file
228.0318 	EXP 	window1: recordFrameIntervals = False
228.0619 	EXP 	text_2: autoDraw = True
228.0630 	EXP 	window1: recordFrameIntervals = True
229.7273 	EXP 	New trial (rep=13, index=0): None
229.7324 	EXP 	Sound probe started
229.7546 	EXP 	text_2: autoDraw = False
229.7546 	EXP 	text_2: autoDraw = False
229.9456 	EXP 	Sound probe reached end of file
229.9476 	EXP 	window1: recordFrameIntervals = False
229.9704 	EXP 	text_2: autoDraw = True
229.9716 	EXP 	window1: recordFrameIntervals = True
231.6434 	EXP 	New trial (rep=14, index=0): None
231.6471 	EXP 	Sound probe started
231.6678 	EXP 	text_2: autoDraw = False
231.6678 	EXP 	text_2: autoDraw = False
231.8655 	EXP 	Sound probe reached end of file
231.8676 	EXP 	window1: recordFrameIntervals = False
231.8912 	EXP 	text_2: autoDraw = True
231.8924 	EXP 	window1: recordFrameIntervals = True
233.5893 	EXP 	text_2: autoDraw = False
233.5893 	EXP 	text_2: autoDraw = False
233.5893 	EXP 	break_txt: autoDraw = True
235.6324 	EXP 	New trial (rep=5, index=0): None
239.0250 	DATA 	Keypress: space
239.0425 	EXP 	break_txt: autoDraw = False
239.0425 	EXP 	text: height = 0.05
239.0425 	EXP 	text: height = 0.05
239.0425 	EXP 	text: text = 'HAUTEUR'
239.0425 	EXP 	text: autoDraw = True
240.0330 	EXP 	Created sequence: sequential, trialTypes=1, nReps=11, seed=None
240.0331 	EXP 	New trial (rep=0, index=0): None
240.0348 	EXP 	Sound probe started
240.0692 	EXP 	text: autoDraw = False
240.0692 	EXP 	text: autoDraw = False
240.2451 	EXP 	Sound probe reached end of file
240.2456 	EXP 	window1: recordFrameIntervals = False
240.2794 	EXP 	text_2: autoDraw = True
240.2811 	EXP 	window1: recordFrameIntervals = True
242.9313 	EXP 	New trial (rep=1, index=0): None
242.9325 	EXP 	Sound probe started
242.9557 	EXP 	text_2: autoDraw = False
242.9557 	EXP 	text_2: autoDraw = False
243.1453 	EXP 	Sound probe reached end of file
243.1458 	EXP 	window1: recordFrameIntervals = False
243.1727 	EXP 	text_2: autoDraw = True
243.1741 	EXP 	window1: recordFrameIntervals = True
245.2001 	EXP 	New trial (rep=2, index=0): None
245.2012 	EXP 	Sound probe started
245.2264 	EXP 	text_2: autoDraw = False
245.2264 	EXP 	text_2: autoDraw = False
245.4173 	EXP 	Sound probe reached end of file
245.4178 	EXP 	window1: recordFrameIntervals = False
245.4498 	EXP 	text_2: autoDraw = True
245.4512 	EXP 	window1: recordFrameIntervals = True
246.5537 	EXP 	New trial (rep=3, index=0): None
246.5546 	EXP 	Sound probe started
246.5815 	EXP 	text_2: autoDraw = False
246.5815 	EXP 	text_2: autoDraw = False
246.7654 	EXP 	Sound probe reached end of file
246.7658 	EXP 	window1: recordFrameIntervals = False
246.7943 	EXP 	text_2: autoDraw = True
246.7956 	EXP 	window1: recordFrameIntervals = True
249.1237 	EXP 	New trial (rep=4, index=0): None
249.1249 	EXP 	Sound probe started
249.1539 	EXP 	text_2: autoDraw = False
249.1539 	EXP 	text_2: autoDraw = False
249.3381 	EXP 	Sound probe reached end of file
249.3387 	EXP 	window1: recordFrameIntervals = False
249.3657 	EXP 	text_2: autoDraw = True
249.3668 	EXP 	window1: recordFrameIntervals = True
251.5459 	EXP 	New trial (rep=5, index=0): None
251.5493 	EXP 	Sound probe started
251.5739 	EXP 	text_2: autoDraw = False
251.5739 	EXP 	text_2: autoDraw = False
251.7654 	EXP 	Sound probe reached end of file
251.7682 	EXP 	window1: recordFrameIntervals = False
251.7955 	EXP 	text_2: autoDraw = True
251.7968 	EXP 	window1: recordFrameIntervals = True
253.0670 	EXP 	New trial (rep=6, index=0): None
253.0706 	EXP 	Sound probe started
253.0911 	EXP 	text_2: autoDraw = False
253.0911 	EXP 	text_2: autoDraw = False
253.2855 	EXP 	Sound probe reached end of file
253.2872 	EXP 	window1: recordFrameIntervals = False
253.3088 	EXP 	text_2: autoDraw = True
253.3102 	EXP 	window1: recordFrameIntervals = True
255.9769 	EXP 	New trial (rep=7, index=0): None
255.9779 	EXP 	Sound probe started
256.0036 	EXP 	text_2: autoDraw = False
256.0036 	EXP 	text_2: autoDraw = False
256.1933 	EXP 	Sound probe reached end of file
256.1938 	EXP 	window1: recordFrameIntervals = False
256.2205 	EXP 	text_2: autoDraw = True
256.2217 	EXP 	window1: recordFrameIntervals = True
258.6371 	EXP 	New trial (rep=8, index=0): None
258.6402 	EXP 	Sound probe started
258.6628 	EXP 	text_2: autoDraw = False
258.6628 	EXP 	text_2: autoDraw = False
258.8533 	EXP 	Sound probe reached end of file
258.8543 	EXP 	window1: recordFrameIntervals = False
258.8816 	EXP 	text_2: autoDraw = True
258.8831 	EXP 	window1: recordFrameIntervals = True
260.8566 	EXP 	New trial (rep=9, index=0): None
260.8609 	EXP 	Sound probe started
260.8827 	EXP 	text_2: autoDraw = False
260.8827 	EXP 	text_2: autoDraw = False
261.0734 	EXP 	Sound probe reached end of file
261.0753 	EXP 	window1: recordFrameIntervals = False
261.1037 	EXP 	text_2: autoDraw = True
261.1054 	EXP 	window1: recordFrameIntervals = True
264.0000 	EXP 	New trial (rep=10, index=0): None
264.0010 	EXP 	Sound probe started
264.0269 	EXP 	text_2: autoDraw = False
264.0269 	EXP 	text_2: autoDraw = False
264.2135 	EXP 	Sound probe reached end of file
264.2155 	EXP 	window1: recordFrameIntervals = False
264.2396 	EXP 	text_2: autoDraw = True
264.2409 	EXP 	window1: recordFrameIntervals = True
265.7949 	EXP 	text_2: autoDraw = False
265.7949 	EXP 	text_2: autoDraw = False
265.7949 	EXP 	break_txt: autoDraw = True
267.9639 	EXP 	New trial (rep=6, index=0): None
268.8515 	DATA 	Keypress: space
268.8675 	EXP 	break_txt: autoDraw = False
268.8675 	EXP 	text: height = 0.05
268.8675 	EXP 	text: height = 0.05
268.8675 	EXP 	text: text = 'X'
268.8675 	EXP 	text: autoDraw = True
269.8526 	EXP 	Created sequence: sequential, trialTypes=1, nReps=11, seed=None
269.8533 	EXP 	New trial (rep=0, index=0): None
269.8578 	EXP 	Sound probe started
269.8797 	EXP 	text: autoDraw = False
269.8797 	EXP 	text: autoDraw = False
270.0734 	EXP 	Sound probe reached end of file
270.0739 	EXP 	window1: recordFrameIntervals = False
270.0951 	EXP 	text_2: autoDraw = True
270.0965 	EXP 	window1: recordFrameIntervals = True
271.3099 	EXP 	New trial (rep=1, index=0): None
271.3138 	EXP 	Sound probe started
271.3357 	EXP 	text_2: autoDraw = False
271.3357 	EXP 	text_2: autoDraw = False
271.5333 	EXP 	Sound probe reached end of file
271.5345 	EXP 	window1: recordFrameIntervals = False
271.5602 	EXP 	text_2: autoDraw = True
271.5615 	EXP 	window1: recordFrameIntervals = True
272.7998 	EXP 	New trial (rep=2, index=0): None
272.8012 	EXP 	Sound probe started
272.8291 	EXP 	text_2: autoDraw = False
272.8291 	EXP 	text_2: autoDraw = False
273.0132 	EXP 	Sound probe reached end of file
273.0136 	EXP 	window1: recordFrameIntervals = False
273.0436 	EXP 	text_2: autoDraw = True
273.0449 	EXP 	window1: recordFrameIntervals = True
274.1200 	EXP 	New trial (rep=3, index=0): None
274.1844 	EXP 	Sound probe started
274.2013 	EXP 	text_2: autoDraw = False
274.2013 	EXP 	text_2: autoDraw = False
274.3333 	EXP 	Sound probe stopped
274.3338 	EXP 	window1: recordFrameIntervals = False
274.3542 	EXP 	text_2: autoDraw = True
274.3553 	EXP 	window1: recordFrameIntervals = True
275.4127 	EXP 	New trial (rep=4, index=0): None
275.4138 	EXP 	Sound probe started
275.4411 	EXP 	text_2: autoDraw = False
275.4411 	EXP 	text_2: autoDraw = False
275.6333 	EXP 	Sound probe reached end of file
275.6338 	EXP 	window1: recordFrameIntervals = False
275.6623 	EXP 	text_2: autoDraw = True
275.6635 	EXP 	window1: recordFrameIntervals = True
278.4202 	EXP 	New trial (rep=5, index=0): None
278.4212 	EXP 	Sound probe started
278.4499 	EXP 	text_2: autoDraw = False
278.4499 	EXP 	text_2: autoDraw = False
278.6414 	EXP 	Sound probe reached end of file
278.6431 	EXP 	window1: recordFrameIntervals = False
278.6711 	EXP 	text_2: autoDraw = True
278.6724 	EXP 	window1: recordFrameIntervals = True
281.3389 	EXP 	New trial (rep=6, index=0): None
281.3399 	EXP 	Sound probe started
281.3660 	EXP 	text_2: autoDraw = False
281.3660 	EXP 	text_2: autoDraw = False
281.5532 	EXP 	Sound probe reached end of file
281.5536 	EXP 	window1: recordFrameIntervals = False
281.5834 	EXP 	text_2: autoDraw = True
281.5844 	EXP 	window1: recordFrameIntervals = True
283.6414 	EXP 	New trial (rep=7, index=0): None
283.6427 	EXP 	Sound probe started
283.6726 	EXP 	text_2: autoDraw = False
283.6726 	EXP 	text_2: autoDraw = False
283.8615 	EXP 	Sound probe reached end of file
283.8619 	EXP 	window1: recordFrameIntervals = False
283.8941 	EXP 	text_2: autoDraw = True
283.8954 	EXP 	window1: recordFrameIntervals = True
285.7778 	EXP 	New trial (rep=8, index=0): None
285.7789 	EXP 	Sound probe started
285.7994 	EXP 	text_2: autoDraw = False
285.7994 	EXP 	text_2: autoDraw = False
285.9933 	EXP 	Sound probe reached end of file
285.9938 	EXP 	window1: recordFrameIntervals = False
286.0206 	EXP 	text_2: autoDraw = True
286.0218 	EXP 	window1: recordFrameIntervals = True
288.4272 	EXP 	New trial (rep=9, index=0): None
288.4283 	EXP 	Sound probe started
288.4478 	EXP 	text_2: autoDraw = False
288.4478 	EXP 	text_2: autoDraw = False
288.6414 	EXP 	Sound probe reached end of file
288.6431 	EXP 	window1: recordFrameIntervals = False
288.6626 	EXP 	text_2: autoDraw = True
288.6639 	EXP 	window1: recordFrameIntervals = True
290.0818 	EXP 	New trial (rep=10, index=0): None
290.0829 	EXP 	Sound probe started
290.1093 	EXP 	text_2: autoDraw = False
290.1093 	EXP 	text_2: autoDraw = False
290.3014 	EXP 	Sound probe reached end of file
290.3032 	EXP 	window1: recordFrameIntervals = False
290.3260 	EXP 	text_2: autoDraw = True
290.3273 	EXP 	window1: recordFrameIntervals = True
292.5757 	EXP 	text_2: autoDraw = False
292.5757 	EXP 	text_2: autoDraw = False
292.5757 	EXP 	break_txt: autoDraw = True
294.5237 	DATA 	Keypress: space
294.5600 	EXP 	New trial (rep=7, index=0): None
297.5715 	EXP 	break_txt: autoDraw = False
297.5715 	EXP 	text: height = 0.05
297.5715 	EXP 	text: height = 0.05
297.5715 	EXP 	text: text = 'HAUTEUR'
297.5715 	EXP 	text: autoDraw = True
298.5659 	EXP 	Created sequence: sequential, trialTypes=1, nReps=11, seed=None
298.5660 	EXP 	New trial (rep=0, index=0): None
298.5673 	EXP 	Sound probe started
298.5992 	EXP 	text: autoDraw = False
298.5992 	EXP 	text: autoDraw = False
298.7813 	EXP 	Sound probe reached end of file
298.8042 	EXP 	window1: recordFrameIntervals = False
298.8344 	EXP 	text_2: autoDraw = True
298.8355 	EXP 	window1: recordFrameIntervals = True
301.0592 	EXP 	New trial (rep=1, index=0): None
301.0606 	EXP 	Sound probe started
301.0874 	EXP 	text_2: autoDraw = False
301.0874 	EXP 	text_2: autoDraw = False
301.2700 	EXP 	Sound probe reached end of file
301.2704 	EXP 	window1: recordFrameIntervals = False
301.2990 	EXP 	text_2: autoDraw = True
301.3004 	EXP 	window1: recordFrameIntervals = True
303.1104 	EXP 	New trial (rep=2, index=0): None
303.1117 	EXP 	Sound probe started
303.1368 	EXP 	text_2: autoDraw = False
303.1368 	EXP 	text_2: autoDraw = False
303.3293 	EXP 	Sound probe reached end of file
303.3297 	EXP 	window1: recordFrameIntervals = False
303.3523 	EXP 	text_2: autoDraw = True
303.3535 	EXP 	window1: recordFrameIntervals = True
305.4657 	EXP 	New trial (rep=3, index=0): None
305.4668 	EXP 	Sound probe started
305.4961 	EXP 	text_2: autoDraw = False
305.4961 	EXP 	text_2: autoDraw = False
305.6811 	EXP 	Sound probe reached end of file
305.6815 	EXP 	window1: recordFrameIntervals = False
305.7105 	EXP 	text_2: autoDraw = True
305.7115 	EXP 	window1: recordFrameIntervals = True
308.4864 	EXP 	New trial (rep=4, index=0): None
308.4874 	EXP 	Sound probe started
308.5157 	EXP 	text_2: autoDraw = False
308.5157 	EXP 	text_2: autoDraw = False
308.7014 	EXP 	Sound probe reached end of file
308.7019 	EXP 	window1: recordFrameIntervals = False
308.7283 	EXP 	text_2: autoDraw = True
308.7295 	EXP 	window1: recordFrameIntervals = True
311.3382 	EXP 	New trial (rep=5, index=0): None
311.3392 	EXP 	Sound probe started
311.3661 	EXP 	text_2: autoDraw = False
311.3661 	EXP 	text_2: autoDraw = False
311.5504 	EXP 	Sound probe reached end of file
311.5508 	EXP 	window1: recordFrameIntervals = False
311.5819 	EXP 	text_2: autoDraw = True
311.5830 	EXP 	window1: recordFrameIntervals = True
313.6287 	EXP 	New trial (rep=6, index=0): None
313.6324 	EXP 	Sound probe started
313.6567 	EXP 	text_2: autoDraw = False
313.6567 	EXP 	text_2: autoDraw = False
313.8493 	EXP 	Sound probe reached end of file
313.8512 	EXP 	window1: recordFrameIntervals = False
313.8727 	EXP 	text_2: autoDraw = True
313.8741 	EXP 	window1: recordFrameIntervals = True
315.8286 	EXP 	New trial (rep=7, index=0): None
315.8298 	EXP 	Sound probe started
315.8572 	EXP 	text_2: autoDraw = False
315.8572 	EXP 	text_2: autoDraw = False
316.0493 	EXP 	Sound probe reached end of file
316.0512 	EXP 	window1: recordFrameIntervals = False
316.0773 	EXP 	text_2: autoDraw = True
316.0787 	EXP 	window1: recordFrameIntervals = True
318.0947 	EXP 	New trial (rep=8, index=0): None
318.0959 	EXP 	Sound probe started
318.1268 	EXP 	text_2: autoDraw = False
318.1268 	EXP 	text_2: autoDraw = False
318.3092 	EXP 	Sound probe reached end of file
318.3095 	EXP 	window1: recordFrameIntervals = False
318.3393 	EXP 	text_2: autoDraw = True
318.3404 	EXP 	window1: recordFrameIntervals = True
319.7965 	EXP 	New trial (rep=9, index=0): None
319.7976 	EXP 	Sound probe started
319.8250 	EXP 	text_2: autoDraw = False
319.8250 	EXP 	text_2: autoDraw = False
320.0091 	EXP 	Sound probe reached end of file
320.0095 	EXP 	window1: recordFrameIntervals = False
320.0385 	EXP 	text_2: autoDraw = True
320.0396 	EXP 	window1: recordFrameIntervals = True
321.6604 	DATA 	Keypress: space
321.8871 	EXP 	New trial (rep=10, index=0): None
321.8901 	EXP 	Sound probe started
321.9157 	EXP 	text_2: autoDraw = False
321.9157 	EXP 	text_2: autoDraw = False
322.1095 	EXP 	Sound probe reached end of file
322.1114 	EXP 	window1: recordFrameIntervals = False
322.1338 	EXP 	text_2: autoDraw = True
322.1350 	EXP 	window1: recordFrameIntervals = True
325.1598 	EXP 	text_2: autoDraw = False
325.1598 	EXP 	text_2: autoDraw = False
325.1598 	EXP 	break_txt: autoDraw = True
328.1295 	EXP 	New trial (rep=8, index=0): None
330.3411 	DATA 	Keypress: space
330.3583 	EXP 	break_txt: autoDraw = False
330.3583 	EXP 	text: text = 'HAUTEUR'
330.3583 	EXP 	text: autoDraw = True
331.3649 	EXP 	Created sequence: sequential, trialTypes=1, nReps=15, seed=None
331.3650 	EXP 	New trial (rep=0, index=0): None
331.3663 	EXP 	Sound probe started
331.3992 	EXP 	text: autoDraw = False
331.3992 	EXP 	text: autoDraw = False
331.5772 	EXP 	Sound probe reached end of file
331.5778 	EXP 	window1: recordFrameIntervals = False
331.6032 	EXP 	text_2: autoDraw = True
331.6045 	EXP 	window1: recordFrameIntervals = True
333.1455 	EXP 	New trial (rep=1, index=0): None
333.1465 	EXP 	Sound probe started
333.1771 	EXP 	text_2: autoDraw = False
333.1771 	EXP 	text_2: autoDraw = False
333.3575 	EXP 	Sound probe reached end of file
333.3586 	EXP 	window1: recordFrameIntervals = False
333.3882 	EXP 	text_2: autoDraw = True
333.3893 	EXP 	window1: recordFrameIntervals = True
335.1130 	EXP 	New trial (rep=2, index=0): None
335.1141 	EXP 	Sound probe started
335.1442 	EXP 	text_2: autoDraw = False
335.1442 	EXP 	text_2: autoDraw = False
335.3291 	EXP 	Sound probe reached end of file
335.3295 	EXP 	window1: recordFrameIntervals = False
335.3585 	EXP 	text_2: autoDraw = True
335.3597 	EXP 	window1: recordFrameIntervals = True
337.6310 	EXP 	New trial (rep=3, index=0): None
337.6322 	EXP 	Sound probe started
337.6527 	EXP 	text_2: autoDraw = False
337.6527 	EXP 	text_2: autoDraw = False
337.8494 	EXP 	Sound probe reached end of file
337.8513 	EXP 	window1: recordFrameIntervals = False
337.8751 	EXP 	text_2: autoDraw = True
337.8763 	EXP 	window1: recordFrameIntervals = True
339.5381 	EXP 	New trial (rep=4, index=0): None
339.5393 	EXP 	Sound probe started
339.5587 	EXP 	text_2: autoDraw = False
339.5587 	EXP 	text_2: autoDraw = False
339.7569 	EXP 	Sound probe reached end of file
339.7574 	EXP 	window1: recordFrameIntervals = False
339.7751 	EXP 	text_2: autoDraw = True
339.7764 	EXP 	window1: recordFrameIntervals = True
342.3102 	EXP 	New trial (rep=5, index=0): None
342.3137 	EXP 	Sound probe started
342.3354 	EXP 	text_2: autoDraw = False
342.3354 	EXP 	text_2: autoDraw = False
342.5293 	EXP 	Sound probe reached end of file
342.5315 	EXP 	window1: recordFrameIntervals = False
342.5573 	EXP 	text_2: autoDraw = True
342.5597 	EXP 	window1: recordFrameIntervals = True
345.3591 	EXP 	New trial (rep=6, index=0): None
345.3602 	EXP 	Sound probe started
345.3806 	EXP 	text_2: autoDraw = False
345.3806 	EXP 	text_2: autoDraw = False
345.5773 	EXP 	Sound probe reached end of file
345.5778 	EXP 	window1: recordFrameIntervals = False
345.6061 	EXP 	text_2: autoDraw = True
345.6074 	EXP 	window1: recordFrameIntervals = True
347.7456 	EXP 	New trial (rep=7, index=0): None
347.7469 	EXP 	Sound probe started
347.7666 	EXP 	text_2: autoDraw = False
347.7666 	EXP 	text_2: autoDraw = False
347.9573 	EXP 	Sound probe reached end of file
347.9593 	EXP 	window1: recordFrameIntervals = False
347.9802 	EXP 	text_2: autoDraw = True
347.9817 	EXP 	window1: recordFrameIntervals = True
350.7091 	EXP 	New trial (rep=8, index=0): None
350.7104 	EXP 	Sound probe started
350.7294 	EXP 	text_2: autoDraw = False
350.7294 	EXP 	text_2: autoDraw = False
350.9252 	EXP 	Sound probe reached end of file
350.9257 	EXP 	window1: recordFrameIntervals = False
350.9543 	EXP 	text_2: autoDraw = True
350.9556 	EXP 	window1: recordFrameIntervals = True
353.4693 	EXP 	New trial (rep=9, index=0): None
353.4705 	EXP 	Sound probe started
353.4913 	EXP 	text_2: autoDraw = False
353.4913 	EXP 	text_2: autoDraw = False
353.6853 	EXP 	Sound probe reached end of file
353.6858 	EXP 	window1: recordFrameIntervals = False
353.7077 	EXP 	text_2: autoDraw = True
353.7095 	EXP 	window1: recordFrameIntervals = True
356.5685 	EXP 	New trial (rep=10, index=0): None
356.5696 	EXP 	Sound probe started
356.5969 	EXP 	text_2: autoDraw = False
356.5969 	EXP 	text_2: autoDraw = False
356.7853 	EXP 	Sound probe reached end of file
356.7857 	EXP 	window1: recordFrameIntervals = False
356.8149 	EXP 	text_2: autoDraw = True
356.8160 	EXP 	window1: recordFrameIntervals = True
359.2342 	EXP 	New trial (rep=11, index=0): None
359.2352 	EXP 	Sound probe started
359.2545 	EXP 	text_2: autoDraw = False
359.2545 	EXP 	text_2: autoDraw = False
359.4455 	EXP 	Sound probe reached end of file
359.4475 	EXP 	window1: recordFrameIntervals = False
359.4732 	EXP 	text_2: autoDraw = True
359.4745 	EXP 	window1: recordFrameIntervals = True
362.1171 	EXP 	New trial (rep=12, index=0): None
362.1208 	EXP 	Sound probe started
362.1399 	EXP 	text_2: autoDraw = False
362.1399 	EXP 	text_2: autoDraw = False
362.3374 	EXP 	Sound probe reached end of file
362.3394 	EXP 	window1: recordFrameIntervals = False
362.3605 	EXP 	text_2: autoDraw = True
362.3617 	EXP 	window1: recordFrameIntervals = True
364.7297 	EXP 	New trial (rep=13, index=0): None
364.7307 	EXP 	Sound probe started
364.7590 	EXP 	text_2: autoDraw = False
364.7590 	EXP 	text_2: autoDraw = False
364.9453 	EXP 	Sound probe reached end of file
364.9457 	EXP 	window1: recordFrameIntervals = False
364.9758 	EXP 	text_2: autoDraw = True
364.9772 	EXP 	window1: recordFrameIntervals = True
366.8953 	EXP 	New trial (rep=14, index=0): None
366.8965 	EXP 	Sound probe started
366.9171 	EXP 	text_2: autoDraw = False
366.9171 	EXP 	text_2: autoDraw = False
367.1054 	EXP 	Sound probe reached end of file
367.1059 	EXP 	window1: recordFrameIntervals = False
367.1439 	EXP 	text_2: autoDraw = True
367.1454 	EXP 	window1: recordFrameIntervals = True
369.9563 	EXP 	text_2: autoDraw = False
369.9563 	EXP 	text_2: autoDraw = False
369.9563 	EXP 	break_txt: autoDraw = True
373.2765 	EXP 	New trial (rep=9, index=0): None
376.4844 	DATA 	Keypress: space
376.5007 	EXP 	break_txt: autoDraw = False
376.5007 	EXP 	text: height = 0.05
376.5007 	EXP 	text: height = 0.05
376.5007 	EXP 	text: text = 'RYTHME'
376.5007 	EXP 	text: autoDraw = True
377.4777 	EXP 	Created sequence: sequential, trialTypes=1, nReps=10, seed=None
377.4778 	EXP 	New trial (rep=0, index=0): None
377.4792 	EXP 	Sound probe started
377.5132 	EXP 	text: autoDraw = False
377.5132 	EXP 	text: autoDraw = False
377.6934 	EXP 	Sound probe reached end of file
377.6946 	EXP 	window1: recordFrameIntervals = False
377.7172 	EXP 	text_2: autoDraw = True
377.7187 	EXP 	window1: recordFrameIntervals = True
379.6234 	EXP 	New trial (rep=1, index=0): None
379.6247 	EXP 	Sound probe started
379.6445 	EXP 	text_2: autoDraw = False
379.6445 	EXP 	text_2: autoDraw = False
379.8333 	EXP 	Sound probe reached end of file
379.8350 	EXP 	window1: recordFrameIntervals = False
379.8578 	EXP 	text_2: autoDraw = True
379.8591 	EXP 	window1: recordFrameIntervals = True
381.7615 	EXP 	New trial (rep=2, index=0): None
381.7625 	EXP 	Sound probe started
381.7884 	EXP 	text_2: autoDraw = False
381.7884 	EXP 	text_2: autoDraw = False
381.9733 	EXP 	Sound probe reached end of file
381.9737 	EXP 	window1: recordFrameIntervals = False
382.0006 	EXP 	text_2: autoDraw = True
382.0018 	EXP 	window1: recordFrameIntervals = True
383.8976 	EXP 	New trial (rep=3, index=0): None
383.8987 	EXP 	Sound probe started
383.9250 	EXP 	text_2: autoDraw = False
383.9250 	EXP 	text_2: autoDraw = False
384.1133 	EXP 	Sound probe reached end of file
384.1139 	EXP 	window1: recordFrameIntervals = False
384.1432 	EXP 	text_2: autoDraw = True
384.1445 	EXP 	window1: recordFrameIntervals = True
386.0390 	EXP 	New trial (rep=4, index=0): None
386.0425 	EXP 	Sound probe started
386.0639 	EXP 	text_2: autoDraw = False
386.0639 	EXP 	text_2: autoDraw = False
386.2534 	EXP 	Sound probe reached end of file
386.2539 	EXP 	window1: recordFrameIntervals = False
386.2842 	EXP 	text_2: autoDraw = True
386.2856 	EXP 	window1: recordFrameIntervals = True
388.1843 	EXP 	New trial (rep=5, index=0): None
388.1854 	EXP 	Sound probe started
388.2111 	EXP 	text_2: autoDraw = False
388.2111 	EXP 	text_2: autoDraw = False
388.4055 	EXP 	Sound probe reached end of file
388.4059 	EXP 	window1: recordFrameIntervals = False
388.4367 	EXP 	text_2: autoDraw = True
388.4380 	EXP 	window1: recordFrameIntervals = True
390.3347 	EXP 	New trial (rep=6, index=0): None
390.3357 	EXP 	Sound probe started
390.3560 	EXP 	text_2: autoDraw = False
390.3560 	EXP 	text_2: autoDraw = False
390.5456 	EXP 	Sound probe stopped
390.5478 	EXP 	window1: recordFrameIntervals = False
390.5750 	EXP 	text_2: autoDraw = True
390.5761 	EXP 	window1: recordFrameIntervals = True
392.4700 	EXP 	New trial (rep=7, index=0): None
392.4716 	EXP 	Sound probe started
392.4988 	EXP 	text_2: autoDraw = False
392.4988 	EXP 	text_2: autoDraw = False
392.6850 	EXP 	Sound probe reached end of file
392.6855 	EXP 	window1: recordFrameIntervals = False
392.7131 	EXP 	text_2: autoDraw = True
392.7144 	EXP 	window1: recordFrameIntervals = True
394.6087 	EXP 	New trial (rep=8, index=0): None
394.6097 	EXP 	Sound probe started
394.6352 	EXP 	text_2: autoDraw = False
394.6352 	EXP 	text_2: autoDraw = False
394.8252 	EXP 	Sound probe reached end of file
394.8260 	EXP 	window1: recordFrameIntervals = False
394.8539 	EXP 	text_2: autoDraw = True
394.8551 	EXP 	window1: recordFrameIntervals = True
396.7501 	EXP 	New trial (rep=9, index=0): None
396.7536 	EXP 	Sound probe started
396.7748 	EXP 	text_2: autoDraw = False
396.7748 	EXP 	text_2: autoDraw = False
396.9732 	EXP 	Sound probe reached end of file
396.9753 	EXP 	window1: recordFrameIntervals = False
396.9968 	EXP 	text_2: autoDraw = True
396.9980 	EXP 	window1: recordFrameIntervals = True
398.9270 	EXP 	text_2: autoDraw = False
398.9270 	EXP 	text_2: autoDraw = False
398.9270 	EXP 	break_txt: autoDraw = True
418.4505 	EXP 	New trial (rep=10, index=0): None
423.3276 	DATA 	Keypress: space
423.3438 	EXP 	break_txt: autoDraw = False
423.3438 	EXP 	text: height = 0.05
423.3438 	EXP 	text: height = 0.05
423.3438 	EXP 	text: text = 'RYTHME\n\nHAUTEUR'
423.3438 	EXP 	text: autoDraw = True
424.3432 	EXP 	Created sequence: sequential, trialTypes=1, nReps=14, seed=None
424.3434 	EXP 	New trial (rep=0, index=0): None
424.3449 	EXP 	Sound probe started
424.3785 	EXP 	text: autoDraw = False
424.3785 	EXP 	text: autoDraw = False
424.5613 	EXP 	Sound probe reached end of file
424.5618 	EXP 	window1: recordFrameIntervals = False
424.5908 	EXP 	text_2: autoDraw = True
424.5920 	EXP 	window1: recordFrameIntervals = True
426.0682 	EXP 	New trial (rep=1, index=0): None
426.0726 	EXP 	Sound probe started
426.0946 	EXP 	text_2: autoDraw = False
426.0946 	EXP 	text_2: autoDraw = False
426.2694 	EXP 	Sound probe stopped
426.2716 	EXP 	window1: recordFrameIntervals = False
426.2942 	EXP 	text_2: autoDraw = True
426.2954 	EXP 	window1: recordFrameIntervals = True
427.7736 	EXP 	New trial (rep=2, index=0): None
427.7748 	EXP 	Sound probe started
427.7949 	EXP 	text_2: autoDraw = False
427.7949 	EXP 	text_2: autoDraw = False
427.9892 	EXP 	Sound probe reached end of file
427.9915 	EXP 	window1: recordFrameIntervals = False
428.0146 	EXP 	text_2: autoDraw = True
428.0172 	EXP 	window1: recordFrameIntervals = True
429.4954 	EXP 	New trial (rep=3, index=0): None
429.4966 	EXP 	Sound probe started
429.5172 	EXP 	text_2: autoDraw = False
429.5172 	EXP 	text_2: autoDraw = False
429.7094 	EXP 	Sound probe reached end of file
429.7114 	EXP 	window1: recordFrameIntervals = False
429.7351 	EXP 	text_2: autoDraw = True
429.7362 	EXP 	window1: recordFrameIntervals = True
431.2126 	EXP 	New trial (rep=4, index=0): None
431.2138 	EXP 	Sound probe started
431.2337 	EXP 	text_2: autoDraw = False
431.2337 	EXP 	text_2: autoDraw = False
431.4291 	EXP 	Sound probe reached end of file
431.4309 	EXP 	window1: recordFrameIntervals = False
431.4519 	EXP 	text_2: autoDraw = True
431.4531 	EXP 	window1: recordFrameIntervals = True
432.9373 	EXP 	New trial (rep=5, index=0): None
432.9386 	EXP 	Sound probe started
432.9580 	EXP 	text_2: autoDraw = False
432.9580 	EXP 	text_2: autoDraw = False
433.1492 	EXP 	Sound probe reached end of file
433.1495 	EXP 	window1: recordFrameIntervals = False
433.1784 	EXP 	text_2: autoDraw = True
433.1795 	EXP 	window1: recordFrameIntervals = True
434.6520 	EXP 	New trial (rep=6, index=0): None
434.6531 	EXP 	Sound probe started
434.6743 	EXP 	text_2: autoDraw = False
434.6743 	EXP 	text_2: autoDraw = False
434.8694 	EXP 	Sound probe reached end of file
434.8699 	EXP 	window1: recordFrameIntervals = False
434.8898 	EXP 	text_2: autoDraw = True
434.8909 	EXP 	window1: recordFrameIntervals = True
436.3687 	EXP 	New trial (rep=7, index=0): None
436.3697 	EXP 	Sound probe started
436.3968 	EXP 	text_2: autoDraw = False
436.3968 	EXP 	text_2: autoDraw = False
436.5894 	EXP 	Sound probe reached end of file
436.5899 	EXP 	window1: recordFrameIntervals = False
436.6172 	EXP 	text_2: autoDraw = True
436.6185 	EXP 	window1: recordFrameIntervals = True
438.0872 	EXP 	New trial (rep=8, index=0): None
438.0882 	EXP 	Sound probe started
438.1180 	EXP 	text_2: autoDraw = False
438.1180 	EXP 	text_2: autoDraw = False
438.3045 	EXP 	Sound probe reached end of file
438.3050 	EXP 	window1: recordFrameIntervals = False
438.3372 	EXP 	text_2: autoDraw = True
438.3385 	EXP 	window1: recordFrameIntervals = True
439.8100 	EXP 	New trial (rep=9, index=0): None
439.8113 	EXP 	Sound probe started
439.8314 	EXP 	text_2: autoDraw = False
439.8314 	EXP 	text_2: autoDraw = False
440.0292 	EXP 	Sound probe reached end of file
440.0297 	EXP 	window1: recordFrameIntervals = False
440.0515 	EXP 	text_2: autoDraw = True
440.0532 	EXP 	window1: recordFrameIntervals = True
441.5278 	EXP 	New trial (rep=10, index=0): None
441.5292 	EXP 	Sound probe started
441.5574 	EXP 	text_2: autoDraw = False
441.5574 	EXP 	text_2: autoDraw = False
441.7495 	EXP 	Sound probe reached end of file
441.7515 	EXP 	window1: recordFrameIntervals = False
441.7794 	EXP 	text_2: autoDraw = True
441.7808 	EXP 	window1: recordFrameIntervals = True
443.2502 	EXP 	New trial (rep=11, index=0): None
443.2539 	EXP 	Sound probe started
443.2749 	EXP 	text_2: autoDraw = False
443.2749 	EXP 	text_2: autoDraw = False
443.4692 	EXP 	Sound probe reached end of file
443.4714 	EXP 	window1: recordFrameIntervals = False
443.4954 	EXP 	text_2: autoDraw = True
443.4969 	EXP 	window1: recordFrameIntervals = True
444.9738 	EXP 	New trial (rep=12, index=0): None
444.9758 	EXP 	Sound probe started
444.9947 	EXP 	text_2: autoDraw = False
444.9947 	EXP 	text_2: autoDraw = False
445.1896 	EXP 	Sound probe reached end of file
445.1901 	EXP 	window1: recordFrameIntervals = False
445.2204 	EXP 	text_2: autoDraw = True
445.2216 	EXP 	window1: recordFrameIntervals = True
446.6932 	EXP 	New trial (rep=13, index=0): None
446.6944 	EXP 	Sound probe started
446.7135 	EXP 	text_2: autoDraw = False
446.7135 	EXP 	text_2: autoDraw = False
446.9091 	EXP 	Sound probe reached end of file
446.9110 	EXP 	window1: recordFrameIntervals = False
446.9330 	EXP 	text_2: autoDraw = True
446.9342 	EXP 	window1: recordFrameIntervals = True
448.4452 	EXP 	text_2: autoDraw = False
448.4452 	EXP 	text_2: autoDraw = False
448.4452 	EXP 	break_txt: autoDraw = True
498.2905 	DATA 	Keypress: escape
498.3286 	EXP 	New trial (rep=11, index=0): None
500.3195 	EXP 	window1: mouseVisible = True
