21.1414 	WARNING 	User requested fullscreen with size [2560 1440], but screen is actually [3840, 2160]. Using actual size
24.9575 	EXP 	Created window1 = Window(allowGUI=False, allowStencil=False, autoLog=True, backendConf=UNKNOWN, bitsMode=UNKNOWN, blendMode='avg', bpc=(8, 8, 8), color=array([-0.63137255, -0.38039216, -0.38039216]), colorSpace='rgb', depthBits=8, fullscr=<method-wrapper '__getattribute__' of attributeSetter object at 0x000002908BC539D0>, gamma=None, gammaErrorPolicy='raise', lms=UNKNOWN, monitor=<psychopy.monitors.calibTools.Monitor object at 0x000002908E9226D0>, multiSample=False, name='window1', numSamples=2, pos=(0, 0), screen=0, size=array([3840, 2160]), stencilBits=0, stereo=False, units='height', useFBO=True, useRetina=False, viewOri=0.0, viewPos=None, viewScale=None, waitBlanking=True, winType='pyglet')
24.9582 	EXP 	window1: mouseVisible = True
24.9583 	EXP 	window1: Attempting to measure frame rate of screen (0) ...
24.9583 	EXP 	window1: recordFrameIntervals = False
25.2408 	EXP 	window1: recordFrameIntervals = True
25.6969 	WARNING 	t of last frame was 41.05ms (=1/24)
25.7545 	WARNING 	t of last frame was 38.11ms (=1/26)
25.9009 	WARNING 	t of last frame was 41.93ms (=1/23)
26.1822 	EXP 	Screen (0) actual frame rate measured at 35.63Hz
26.1822 	EXP 	window1: recordFrameIntervals = False
27.7112 	EXP 	Created tStart_text = TextStim(__class__=<class 'psychopy.visual.text.TextStim'>, alignHoriz=method-wrapper(...), alignText='center', alignVert=method-wrapper(...), anchorHoriz='center', anchorVert='center', antialias=True, autoLog=True, bold=False, color=array([1., 1., 1.]), colorSpace='rgb', contrast=1.0, depth=-2.0, flipHoriz=False, flipVert=False, font='Open Sans', fontFiles=[], height=0.03, italic=False, languageStyle='LTR', name='tStart_text', opacity=1, ori=0.0, pos=array([0., 0.]), rgb=UNKNOWN, text=str(...), units='height', win=Window(...), wrapWidth=1)
27.7129 	EXP 	Created tBlank_text = TextStim(__class__=<class 'psychopy.visual.text.TextStim'>, alignHoriz=method-wrapper(...), alignText='center', alignVert=method-wrapper(...), anchorHoriz='center', anchorVert='center', antialias=True, autoLog=True, bold=False, color=array([1., 1., 1.]), colorSpace='rgb', contrast=1.0, depth=-1.0, flipHoriz=False, flipVert=False, font='Open Sans', fontFiles=[], height=0.05, italic=False, languageStyle='LTR', name='tBlank_text', opacity=1, ori=0.0, pos=array([0., 0.]), rgb=UNKNOWN, text='', units='height', win=Window(...), wrapWidth=1)
27.7155 	EXP 	Created tCue_visual_cue = ShapeStim(__class__=<class 'psychopy.visual.shape.ShapeStim'>, anchor=('center', 'center'), autoDraw=False, autoLog=True, closeShape=True, color=method-wrapper(...), colorSpace='rgb', contrast=None, depth=-3.0, fillColor=array([1, 1, 1]), fillColorSpace='rgb', fillRGB=array([1, 1, 1]), interpolate=True, lineColor=array([1., 1., 1.]), lineColorSpace='rgb', lineRGB=array([1, 1, 1]), lineWidth=1.0, name='tCue_visual_cue', opacity=1, ori=0.0, pos=array([0., 0.]), size=array([0.1, 0.1]), units='height', vertices=ndarray(...), win=Window(...), windingRule=None)
27.7193 	EXP 	Created tProbe_visual_cue = ShapeStim(__class__=<class 'psychopy.visual.shape.ShapeStim'>, anchor=('center', 'center'), autoDraw=False, autoLog=True, closeShape=True, color=method-wrapper(...), colorSpace='rgb', contrast=None, depth=-4.0, fillColor=array([1, 1, 1]), fillColorSpace='rgb', fillRGB=array([1, 1, 1]), interpolate=True, lineColor=array([1., 1., 1.]), lineColorSpace='rgb', lineRGB=array([1, 1, 1]), lineWidth=1.0, name='tProbe_visual_cue', opacity=1, ori=0.0, pos=array([0., 0.]), size=array([0.1, 0.1]), units='height', vertices=ndarray(...), win=Window(...), windingRule=None)
27.7204 	EXP 	Created right_or_wrong = TextStim(__class__=<class 'psychopy.visual.text.TextStim'>, alignHoriz=method-wrapper(...), alignText='center', alignVert=method-wrapper(...), anchorHoriz='center', anchorVert='center', antialias=True, autoLog=True, bold=False, color=array([1., 1., 1.]), colorSpace='rgb', contrast=1.0, depth=-2.0, flipHoriz=False, flipVert=False, font='Open Sans', fontFiles=[], height=0.03, italic=False, languageStyle='LTR', name='right_or_wrong', opacity=1, ori=0.0, pos=array([0., 0.]), rgb=UNKNOWN, text='', units='height', win=Window(...), wrapWidth=1)
27.7572 	EXP 	Created more_instructions = TextStim(__class__=<class 'psychopy.visual.text.TextStim'>, alignHoriz=method-wrapper(...), alignText='center', alignVert=method-wrapper(...), anchorHoriz='center', anchorVert='center', antialias=True, autoLog=True, bold=False, color=array([1., 1., 1.]), colorSpace='rgb', contrast=1.0, depth=-1.0, flipHoriz=False, flipVert=False, font='Open Sans', fontFiles=[], height=0.03, italic=False, languageStyle='LTR', name='more_instructions', opacity=1, ori=0.0, pos=array([0., 0.]), rgb=UNKNOWN, text=str(...), units='height', win=Window(...), wrapWidth=1)
27.7632 	EXP 	Created txt_rhythm = TextStim(__class__=<class 'psychopy.visual.text.TextStim'>, alignHoriz=method-wrapper(...), alignText='center', alignVert=method-wrapper(...), anchorHoriz='center', anchorVert='center', antialias=True, autoLog=True, bold=False, color=array([1., 1., 1.]), colorSpace='rgb', contrast=1.0, depth=0.0, flipHoriz=False, flipVert=False, font='Open Sans', fontFiles=[], height=0.05, italic=False, languageStyle='LTR', name='txt_rhythm', opacity=1, ori=0.0, pos=array([0., 0.]), rgb=UNKNOWN, text='RYTHME', units='height', win=Window(...), wrapWidth=1)
27.8077 	EXP 	Sound sound_1 set volume 0.002
27.8081 	EXP 	Sound sound_2 set volume 0.002
27.8084 	EXP 	Sound sound_3 set volume 0.002
27.8088 	EXP 	Sound sound_4 set volume 0.002
27.8109 	EXP 	Created cross = ShapeStim(__class__=<class 'psychopy.visual.shape.ShapeStim'>, anchor=('center', 'center'), autoDraw=False, autoLog=True, closeShape=True, color=method-wrapper(...), colorSpace='rgb', contrast=None, depth=-5.0, fillColor=array([1, 1, 1]), fillColorSpace='rgb', fillRGB=array([1, 1, 1]), interpolate=True, lineColor=array([1., 1., 1.]), lineColorSpace='rgb', lineRGB=array([1, 1, 1]), lineWidth=1.0, name='cross', opacity=1, ori=0.0, pos=array([0., 0.]), size=array([0.1, 0.1]), units='height', vertices=ndarray(...), win=Window(...), windingRule=None)
27.8112 	EXP 	Sound sound_5 set volume 0.002
27.8161 	EXP 	Created circle = ShapeStim(__class__=<class 'psychopy.visual.shape.ShapeStim'>, anchor=('center', 'center'), autoDraw=False, autoLog=True, closeShape=True, color=method-wrapper(...), colorSpace='rgb', contrast=None, depth=-7.0, fillColor=array([1, 1, 1]), fillColorSpace='rgb', fillRGB=array([1, 1, 1]), interpolate=True, lineColor=array([1., 1., 1.]), lineColorSpace='rgb', lineRGB=array([1, 1, 1]), lineWidth=1.0, name='circle', opacity=1, ori=0.0, pos=array([0., 0.]), size=array([0.1, 0.1]), units='height', vertices=ndarray(...), win=Window(...), windingRule=None)
27.8172 	EXP 	Created rhytm_ready_txt = TextStim(__class__=<class 'psychopy.visual.text.TextStim'>, alignHoriz=method-wrapper(...), alignText='center', alignVert=method-wrapper(...), anchorHoriz='center', anchorVert='center', antialias=True, autoLog=True, bold=False, color=array([1., 1., 1.]), colorSpace='rgb', contrast=1.0, depth=-9.0, flipHoriz=False, flipVert=False, font='Open Sans', fontFiles=[], height=0.05, italic=False, languageStyle='LTR', name='rhytm_ready_txt', opacity=1, ori=0.0, pos=array([0., 0.]), rgb=UNKNOWN, text='', units='height', win=Window(...), wrapWidth=1)
27.8214 	EXP 	Created txt_freq = TextStim(__class__=<class 'psychopy.visual.text.TextStim'>, alignHoriz=method-wrapper(...), alignText='center', alignVert=method-wrapper(...), anchorHoriz='center', anchorVert='center', antialias=True, autoLog=True, bold=False, color=array([1., 1., 1.]), colorSpace='rgb', contrast=1.0, depth=0.0, flipHoriz=False, flipVert=False, font='Open Sans', fontFiles=[], height=0.05, italic=False, languageStyle='LTR', name='txt_freq', opacity=1, ori=0.0, pos=array([0., 0.]), rgb=UNKNOWN, text='HAUTEUR', units='height', win=Window(...), wrapWidth=1)
27.8218 	EXP 	Sound sound_6 set volume 0.002
27.8221 	EXP 	Sound sound_7 set volume 0.002
27.8224 	EXP 	Sound sound_8 set volume 0.002
27.8227 	EXP 	Sound sound_9 set volume 0.002
27.8246 	EXP 	Created cross_2 = ShapeStim(__class__=<class 'psychopy.visual.shape.ShapeStim'>, anchor=('center', 'center'), autoDraw=False, autoLog=True, closeShape=True, color=method-wrapper(...), colorSpace='rgb', contrast=None, depth=-5.0, fillColor=array([1, 1, 1]), fillColorSpace='rgb', fillRGB=array([1, 1, 1]), interpolate=True, lineColor=array([1., 1., 1.]), lineColorSpace='rgb', lineRGB=array([1, 1, 1]), lineWidth=1.0, name='cross_2', opacity=1, ori=0.0, pos=array([0., 0.]), size=array([0.1, 0.1]), units='height', vertices=ndarray(...), win=Window(...), windingRule=None)
27.8249 	EXP 	Sound sound_10 set volume 0.002
27.8287 	EXP 	Created circle_2 = ShapeStim(__class__=<class 'psychopy.visual.shape.ShapeStim'>, anchor=('center', 'center'), autoDraw=False, autoLog=True, closeShape=True, color=method-wrapper(...), colorSpace='rgb', contrast=None, depth=-7.0, fillColor=array([1, 1, 1]), fillColorSpace='rgb', fillRGB=array([1, 1, 1]), interpolate=True, lineColor=array([1., 1., 1.]), lineColorSpace='rgb', lineRGB=array([1, 1, 1]), lineWidth=1.0, name='circle_2', opacity=1, ori=0.0, pos=array([0., 0.]), size=array([0.1, 0.1]), units='height', vertices=ndarray(...), win=Window(...), windingRule=None)
27.8297 	EXP 	Created freq_ready_txt = TextStim(__class__=<class 'psychopy.visual.text.TextStim'>, alignHoriz=method-wrapper(...), alignText='center', alignVert=method-wrapper(...), anchorHoriz='center', anchorVert='center', antialias=True, autoLog=True, bold=False, color=array([1., 1., 1.]), colorSpace='rgb', contrast=1.0, depth=-9.0, flipHoriz=False, flipVert=False, font='Open Sans', fontFiles=[], height=0.05, italic=False, languageStyle='LTR', name='freq_ready_txt', opacity=1, ori=0.0, pos=array([0., 0.]), rgb=UNKNOWN, text='', units='height', win=Window(...), wrapWidth=1)
27.8347 	EXP 	Created txt_freq_2 = TextStim(__class__=<class 'psychopy.visual.text.TextStim'>, alignHoriz=method-wrapper(...), alignText='center', alignVert=method-wrapper(...), anchorHoriz='center', anchorVert='center', antialias=True, autoLog=True, bold=False, color=array([1., 1., 1.]), colorSpace='rgb', contrast=1.0, depth=0.0, flipHoriz=False, flipVert=False, font='Open Sans', fontFiles=[], height=0.05, italic=False, languageStyle='LTR', name='txt_freq_2', opacity=1, ori=0.0, pos=array([0., 0.]), rgb=UNKNOWN, text='HAUTEUR\n\nRYTHME', units='height', win=Window(...), wrapWidth=1)
27.8350 	EXP 	Sound sound_11 set volume 0.002
27.8354 	EXP 	Sound sound_12 set volume 0.002
27.8357 	EXP 	Sound sound_13 set volume 0.002
27.8360 	EXP 	Sound sound_14 set volume 0.002
27.8378 	EXP 	Created cross_3 = ShapeStim(__class__=<class 'psychopy.visual.shape.ShapeStim'>, anchor=('center', 'center'), autoDraw=False, autoLog=True, closeShape=True, color=method-wrapper(...), colorSpace='rgb', contrast=None, depth=-5.0, fillColor=array([1, 1, 1]), fillColorSpace='rgb', fillRGB=array([1, 1, 1]), interpolate=True, lineColor=array([1., 1., 1.]), lineColorSpace='rgb', lineRGB=array([1, 1, 1]), lineWidth=1.0, name='cross_3', opacity=1, ori=0.0, pos=array([0., 0.]), size=array([0.1, 0.1]), units='height', vertices=ndarray(...), win=Window(...), windingRule=None)
27.8381 	EXP 	Sound sound_15 set volume 0.002
27.8418 	EXP 	Created circle_3 = ShapeStim(__class__=<class 'psychopy.visual.shape.ShapeStim'>, anchor=('center', 'center'), autoDraw=False, autoLog=True, closeShape=True, color=method-wrapper(...), colorSpace='rgb', contrast=None, depth=-7.0, fillColor=array([1, 1, 1]), fillColorSpace='rgb', fillRGB=array([1, 1, 1]), interpolate=True, lineColor=array([1., 1., 1.]), lineColorSpace='rgb', lineRGB=array([1, 1, 1]), lineWidth=1.0, name='circle_3', opacity=1, ori=0.0, pos=array([0., 0.]), size=array([0.1, 0.1]), units='height', vertices=ndarray(...), win=Window(...), windingRule=None)
27.8429 	EXP 	Created freq_ready_txt_2 = TextStim(__class__=<class 'psychopy.visual.text.TextStim'>, alignHoriz=method-wrapper(...), alignText='center', alignVert=method-wrapper(...), anchorHoriz='center', anchorVert='center', antialias=True, autoLog=True, bold=False, color=array([1., 1., 1.]), colorSpace='rgb', contrast=1.0, depth=-9.0, flipHoriz=False, flipVert=False, font='Open Sans', fontFiles=[], height=0.05, italic=False, languageStyle='LTR', name='freq_ready_txt_2', opacity=1, ori=0.0, pos=array([0., 0.]), rgb=UNKNOWN, text='', units='height', win=Window(...), wrapWidth=1)
27.8468 	EXP 	Created txt_freq_3 = TextStim(__class__=<class 'psychopy.visual.text.TextStim'>, alignHoriz=method-wrapper(...), alignText='center', alignVert=method-wrapper(...), anchorHoriz='center', anchorVert='center', antialias=True, autoLog=True, bold=False, color=array([1., 1., 1.]), colorSpace='rgb', contrast=1.0, depth=0.0, flipHoriz=False, flipVert=False, font='Open Sans', fontFiles=[], height=0.05, italic=False, languageStyle='LTR', name='txt_freq_3', opacity=1, ori=0.0, pos=array([0., 0.]), rgb=UNKNOWN, text='X', units='height', win=Window(...), wrapWidth=1)
27.8471 	EXP 	Sound sound_16 set volume 0.002
27.8475 	EXP 	Sound sound_17 set volume 0.002
27.8478 	EXP 	Sound sound_18 set volume 0.002
27.8481 	EXP 	Sound sound_19 set volume 0.002
27.8499 	EXP 	Created cross_4 = ShapeStim(__class__=<class 'psychopy.visual.shape.ShapeStim'>, anchor=('center', 'center'), autoDraw=False, autoLog=True, closeShape=True, color=method-wrapper(...), colorSpace='rgb', contrast=None, depth=-5.0, fillColor=array([1, 1, 1]), fillColorSpace='rgb', fillRGB=array([1, 1, 1]), interpolate=True, lineColor=array([1., 1., 1.]), lineColorSpace='rgb', lineRGB=array([1, 1, 1]), lineWidth=1.0, name='cross_4', opacity=1, ori=0.0, pos=array([0., 0.]), size=array([0.1, 0.1]), units='height', vertices=ndarray(...), win=Window(...), windingRule=None)
27.8504 	EXP 	Sound sound_20 set volume 0.002
27.8541 	EXP 	Created circle_4 = ShapeStim(__class__=<class 'psychopy.visual.shape.ShapeStim'>, anchor=('center', 'center'), autoDraw=False, autoLog=True, closeShape=True, color=method-wrapper(...), colorSpace='rgb', contrast=None, depth=-7.0, fillColor=array([1, 1, 1]), fillColorSpace='rgb', fillRGB=array([1, 1, 1]), interpolate=True, lineColor=array([1., 1., 1.]), lineColorSpace='rgb', lineRGB=array([1, 1, 1]), lineWidth=1.0, name='circle_4', opacity=1, ori=0.0, pos=array([0., 0.]), size=array([0.1, 0.1]), units='height', vertices=ndarray(...), win=Window(...), windingRule=None)
27.8554 	EXP 	Created freq_ready_txt_3 = TextStim(__class__=<class 'psychopy.visual.text.TextStim'>, alignHoriz=method-wrapper(...), alignText='center', alignVert=method-wrapper(...), anchorHoriz='center', anchorVert='center', antialias=True, autoLog=True, bold=False, color=array([1., 1., 1.]), colorSpace='rgb', contrast=1.0, depth=-8.0, flipHoriz=False, flipVert=False, font='Open Sans', fontFiles=[], height=0.05, italic=False, languageStyle='LTR', name='freq_ready_txt_3', opacity=1, ori=0.0, pos=array([0., 0.]), rgb=UNKNOWN, text='', units='height', win=Window(...), wrapWidth=1)
27.8566 	EXP 	Created tBlank_text = TextStim(__class__=<class 'psychopy.visual.text.TextStim'>, alignHoriz=method-wrapper(...), alignText='center', alignVert=method-wrapper(...), anchorHoriz='center', anchorVert='center', antialias=True, autoLog=True, bold=False, color=array([1., 1., 1.]), colorSpace='rgb', contrast=1.0, depth=-1.0, flipHoriz=False, flipVert=False, font='Open Sans', fontFiles=[], height=0.05, italic=False, languageStyle='LTR', name='tBlank_text', opacity=1, ori=0.0, pos=array([0., 0.]), rgb=UNKNOWN, text='', units='height', win=Window(...), wrapWidth=1)
27.8980 	EXP 	Created tStart_text_2 = TextStim(__class__=<class 'psychopy.visual.text.TextStim'>, alignHoriz=method-wrapper(...), alignText='center', alignVert=method-wrapper(...), anchorHoriz='center', anchorVert='center', antialias=True, autoLog=True, bold=False, color=array([1., 1., 1.]), colorSpace='rgb', contrast=1.0, depth=-2.0, flipHoriz=False, flipVert=False, font='Open Sans', fontFiles=[], height=0.03, italic=False, languageStyle='LTR', name='tStart_text_2', opacity=1, ori=0.0, pos=array([0., 0.]), rgb=UNKNOWN, text=str(...), units='height', win=Window(...), wrapWidth=1)
27.9046 	EXP 	Created blank_text = TextStim(__class__=<class 'psychopy.visual.text.TextStim'>, alignHoriz=method-wrapper(...), alignText='center', alignVert=method-wrapper(...), anchorHoriz='center', anchorVert='center', antialias=True, autoLog=True, bold=False, color=array([1., 1., 1.]), colorSpace='rgb', contrast=1.0, depth=0.0, flipHoriz=False, flipVert=False, font='Open Sans', fontFiles=[], height=0.05, italic=False, languageStyle='LTR', name='blank_text', opacity=1, ori=0.0, pos=array([0., 0.]), rgb=UNKNOWN, text='', units='height', win=Window(...), wrapWidth=1)
27.9057 	EXP 	Created this_trial_is = TextStim(__class__=<class 'psychopy.visual.text.TextStim'>, alignHoriz=method-wrapper(...), alignText='center', alignVert=method-wrapper(...), anchorHoriz='center', anchorVert='center', antialias=True, autoLog=True, bold=False, color=array([1., 1., 1.]), colorSpace='rgb', contrast=1.0, depth=-1.0, flipHoriz=False, flipVert=False, font='Open Sans', fontFiles=[], height=0.05, italic=False, languageStyle='LTR', name='this_trial_is', opacity=1, ori=0.0, pos=array([0., 0.]), rgb=UNKNOWN, text='', units='height', win=Window(...), wrapWidth=1)
28.2665 	EXP 	Created cue_visual_cue = ShapeStim(__class__=<class 'psychopy.visual.shape.ShapeStim'>, anchor=('center', 'center'), autoDraw=False, autoLog=True, closeShape=True, color=method-wrapper(...), colorSpace='rgb', contrast=None, depth=-2.0, fillColor=array([1, 1, 1]), fillColorSpace='rgb', fillRGB=array([1, 1, 1]), interpolate=True, lineColor=array([1., 1., 1.]), lineColorSpace='rgb', lineRGB=array([1, 1, 1]), lineWidth=1.0, name='cue_visual_cue', opacity=1, ori=0.0, pos=array([0., 0.]), size=array([0.1, 0.1]), units='height', vertices=ndarray(...), win=Window(...), windingRule=None)
28.2700 	EXP 	Created probe_visual_cue = ShapeStim(__class__=<class 'psychopy.visual.shape.ShapeStim'>, anchor=('center', 'center'), autoDraw=False, autoLog=True, closeShape=True, color=method-wrapper(...), colorSpace='rgb', contrast=None, depth=-3.0, fillColor=array([1, 1, 1]), fillColorSpace='rgb', fillRGB=array([1, 1, 1]), interpolate=True, lineColor=array([1., 1., 1.]), lineColorSpace='rgb', lineRGB=array([1, 1, 1]), lineWidth=1.0, name='probe_visual_cue', opacity=1, ori=0.0, pos=array([0., 0.]), size=array([0.1, 0.1]), units='height', vertices=ndarray(...), win=Window(...), windingRule=None)
28.2713 	EXP 	Created blank_text = TextStim(__class__=<class 'psychopy.visual.text.TextStim'>, alignHoriz=method-wrapper(...), alignText='center', alignVert=method-wrapper(...), anchorHoriz='center', anchorVert='center', antialias=True, autoLog=True, bold=False, color=array([1., 1., 1.]), colorSpace='rgb', contrast=1.0, depth=0.0, flipHoriz=False, flipVert=False, font='Open Sans', fontFiles=[], height=0.05, italic=False, languageStyle='LTR', name='blank_text', opacity=1, ori=0.0, pos=array([0., 0.]), rgb=UNKNOWN, text='', units='height', win=Window(...), wrapWidth=1)
28.2723 	EXP 	Created break_text = TextStim(__class__=<class 'psychopy.visual.text.TextStim'>, alignHoriz=method-wrapper(...), alignText='center', alignVert=method-wrapper(...), anchorHoriz='center', anchorVert='center', antialias=True, autoLog=True, bold=False, color=array([1., 1., 1.]), colorSpace='rgb', contrast=1.0, depth=-1.0, flipHoriz=False, flipVert=False, font='Open Sans', fontFiles=[], height=0.05, italic=False, languageStyle='LTR', name='break_text', opacity=1, ori=0.0, pos=array([0., 0.]), rgb=UNKNOWN, text='', units='height', win=Window(...), wrapWidth=1)
28.2928 	EXP 	Created goodbye_text = TextStim(__class__=<class 'psychopy.visual.text.TextStim'>, alignHoriz=method-wrapper(...), alignText='center', alignVert=method-wrapper(...), anchorHoriz='center', anchorVert='center', antialias=True, autoLog=True, bold=False, color=array([1., 1., 1.]), colorSpace='rgb', contrast=1.0, depth=0.0, flipHoriz=False, flipVert=False, font='Open Sans', fontFiles=[], height=0.05, italic=False, languageStyle='LTR', name='goodbye_text', opacity=1, ori=0.0, pos=array([0., 0.]), rgb=UNKNOWN, text=str(...), units='height', win=Window(...), wrapWidth=1)
28.2932 	EXP 	Created sequence: random, trialTypes=1, nReps=5, seed=None
28.2934 	EXP 	New trial (rep=0, index=0): None
28.8068 	EXP 	New trial (rep=1, index=0): None
29.3089 	EXP 	New trial (rep=2, index=0): None
29.8191 	EXP 	New trial (rep=3, index=0): None
30.3303 	EXP 	New trial (rep=4, index=0): None
30.8587 	EXP 	tStart_text: autoDraw = False
30.8587 	EXP 	tBlank_text: autoDraw = False
30.8587 	EXP 	tCue_visual_cue: autoDraw = False
30.8587 	EXP 	tProbe_visual_cue: autoDraw = False
30.8587 	EXP 	right_or_wrong: height = 0.03
30.8587 	EXP 	right_or_wrong: height = 0.03
30.8587 	EXP 	right_or_wrong: text = "Mauvaise réponse. \n\n Vous auriez dû appuyer sur la barre d'espace car un son était présenté en même temps que le CERCLE. \n\n Appuyez sur la barre d'espace pour continuer."
30.8587 	EXP 	right_or_wrong: autoDraw = False
30.8587 	EXP 	tCue_visual_cue: autoDraw = False
30.8587 	EXP 	tProbe_visual_cue: autoDraw = False
30.8587 	EXP 	right_or_wrong: text = "Mauvaise réponse. \n\n Vous auriez dû appuyer sur la barre d'espace car un son était présenté en même temps que le CERCLE. \n\n Appuyez sur la barre d'espace pour continuer."
30.8587 	EXP 	right_or_wrong: autoDraw = False
30.8587 	EXP 	tCue_visual_cue: autoDraw = False
30.8587 	EXP 	tProbe_visual_cue: autoDraw = False
30.8587 	EXP 	right_or_wrong: height = 0.03
30.8587 	EXP 	right_or_wrong: height = 0.03
30.8587 	EXP 	right_or_wrong: text = "Bonne réponse ! \n\n Aucun son n'était présenté en même temps que le CERCLE. \n\n Appuyez sur la barre d'espace pour continuer."
30.8587 	EXP 	right_or_wrong: autoDraw = False
30.8587 	EXP 	tCue_visual_cue: autoDraw = False
30.8587 	EXP 	tProbe_visual_cue: autoDraw = False
30.8587 	EXP 	right_or_wrong: height = 0.03
30.8587 	EXP 	right_or_wrong: height = 0.03
30.8587 	EXP 	right_or_wrong: text = "Mauvaise réponse. \n\n Vous auriez dû appuyer sur la barre d'espace car un son était présenté en même temps que le CERCLE. \n\n Appuyez sur la barre d'espace pour continuer."
30.8587 	EXP 	right_or_wrong: autoDraw = False
30.8587 	EXP 	tCue_visual_cue: autoDraw = False
30.8587 	EXP 	tProbe_visual_cue: autoDraw = False
30.8587 	EXP 	right_or_wrong: height = 0.03
30.8587 	EXP 	right_or_wrong: height = 0.03
30.8587 	EXP 	right_or_wrong: text = "Bonne réponse ! \n\n Aucun son n'était présenté en même temps que le CERCLE. \n\n Appuyez sur la barre d'espace pour continuer."
30.8587 	EXP 	right_or_wrong: autoDraw = False
30.8587 	EXP 	more_instructions: autoDraw = True
37.1344 	DATA 	Keypress: space
37.1614 	EXP 	more_instructions: autoDraw = False
37.1614 	EXP 	rhytm_ready_txt: height = 0.05
37.1614 	EXP 	rhytm_ready_txt: height = 0.05
37.1614 	EXP 	rhytm_ready_txt: text = "Appuyez sur n'importe quelle touche pour voir l'exemple suivant."
37.1614 	EXP 	txt_rhythm: autoDraw = True
38.1894 	EXP 	txt_rhythm: autoDraw = False
38.5190 	EXP 	cross: autoDraw = True
38.6351 	EXP 	Sound sound_1 started
38.8350 	EXP 	Sound sound_1 reached end of file
39.1178 	EXP 	Sound sound_2 started
39.3051 	EXP 	Sound sound_2 stopped
39.6177 	EXP 	Sound sound_3 started
39.8051 	EXP 	Sound sound_3 stopped
40.1220 	EXP 	Sound sound_4 started
40.3249 	EXP 	cross: autoDraw = False
40.3249 	EXP 	circle: autoDraw = True
40.3251 	EXP 	Sound sound_4 reached end of file
40.6209 	EXP 	Sound sound_5 started
40.7276 	DATA 	Keypress: space
40.8050 	EXP 	Sound sound_5 stopped
41.1367 	EXP 	circle: autoDraw = False
41.3151 	EXP 	rhytm_ready_txt: autoDraw = True
42.5066 	DATA 	Keypress: space
42.5383 	EXP 	txt_rhythm: autoDraw = False
42.5383 	EXP 	cross: autoDraw = False
42.5383 	EXP 	circle: autoDraw = False
42.5383 	EXP 	rhytm_ready_txt: autoDraw = False
42.5383 	EXP 	freq_ready_txt: height = 0.05
42.5383 	EXP 	freq_ready_txt: height = 0.05
42.5383 	EXP 	freq_ready_txt: text = "Appuyez sur n'importe quelle touche pour voir l'exemple suivant."
42.5383 	EXP 	txt_freq: autoDraw = True
43.5615 	EXP 	txt_freq: autoDraw = False
43.8946 	EXP 	cross_2: autoDraw = True
43.9901 	EXP 	Sound sound_6 started
44.1768 	EXP 	Sound sound_6 stopped
44.2978 	EXP 	Sound sound_7 started
44.4978 	EXP 	Sound sound_7 reached end of file
44.9912 	EXP 	Sound sound_8 started
45.1850 	EXP 	Sound sound_8 stopped
45.3884 	EXP 	Sound sound_9 started
45.5851 	EXP 	Sound sound_9 stopped
45.7032 	EXP 	cross_2: autoDraw = False
45.7032 	EXP 	circle_2: autoDraw = True
45.9997 	EXP 	Sound sound_10 started
46.2006 	EXP 	Sound sound_10 reached end of file
46.3332 	DATA 	Keypress: space
46.5310 	EXP 	circle_2: autoDraw = False
46.6945 	EXP 	freq_ready_txt: autoDraw = True
47.4430 	DATA 	Keypress: space
47.4763 	EXP 	txt_freq: autoDraw = False
47.4763 	EXP 	cross_2: autoDraw = False
47.4763 	EXP 	circle_2: autoDraw = False
47.4763 	EXP 	freq_ready_txt: autoDraw = False
47.4763 	EXP 	freq_ready_txt_2: height = 0.05
47.4763 	EXP 	freq_ready_txt_2: height = 0.05
47.4763 	EXP 	freq_ready_txt_2: text = "Appuyez sur n'importe quelle touche pour voir l'exemple suivant."
47.4763 	EXP 	txt_freq_2: autoDraw = True
48.4988 	EXP 	txt_freq_2: autoDraw = False
48.8218 	EXP 	cross_3: autoDraw = True
48.9389 	EXP 	Sound sound_11 started
49.1392 	EXP 	Sound sound_11 reached end of file
49.4287 	EXP 	Sound sound_12 started
49.6168 	EXP 	Sound sound_12 stopped
49.9301 	EXP 	Sound sound_13 started
50.1169 	EXP 	Sound sound_13 stopped
50.4208 	EXP 	Sound sound_14 started
50.6170 	EXP 	Sound sound_14 stopped
50.6484 	EXP 	cross_3: autoDraw = False
50.6484 	EXP 	circle_3: autoDraw = True
50.9484 	EXP 	Sound sound_15 started
51.1451 	EXP 	Sound sound_15 stopped
51.2861 	DATA 	Keypress: space
51.4686 	EXP 	circle_3: autoDraw = False
51.6457 	EXP 	freq_ready_txt_2: autoDraw = True
52.2755 	DATA 	Keypress: space
52.3072 	EXP 	txt_freq_2: autoDraw = False
52.3072 	EXP 	cross_3: autoDraw = False
52.3072 	EXP 	circle_3: autoDraw = False
52.3072 	EXP 	freq_ready_txt_2: autoDraw = False
52.3072 	EXP 	freq_ready_txt_3: text = ''
52.3072 	EXP 	txt_freq_3: autoDraw = True
53.3366 	EXP 	txt_freq_3: autoDraw = False
53.6714 	EXP 	cross_4: autoDraw = True
53.7671 	EXP 	Sound sound_16 started
53.9531 	EXP 	Sound sound_16 stopped
54.0747 	EXP 	Sound sound_17 started
54.2730 	EXP 	Sound sound_17 reached end of file
54.7660 	EXP 	Sound sound_18 started
54.9649 	EXP 	Sound sound_18 stopped
55.1688 	EXP 	Sound sound_19 started
55.3532 	EXP 	Sound sound_19 stopped
55.4765 	EXP 	cross_4: autoDraw = False
55.4765 	EXP 	circle_4: autoDraw = True
55.7735 	EXP 	Sound sound_20 started
55.9783 	EXP 	Sound sound_20 reached end of file
56.2437 	DATA 	Keypress: space
56.3079 	EXP 	circle_4: autoDraw = False
56.4707 	EXP 	freq_ready_txt_3: autoDraw = True
56.9477 	EXP 	Created sequence: random, trialTypes=1, nReps=99, seed=None
56.9481 	EXP 	New trial (rep=0, index=0): None
56.9772 	EXP 	freq_ready_txt_3: autoDraw = False
56.9772 	EXP 	txt_freq_3: autoDraw = False
56.9772 	EXP 	cross_4: autoDraw = False
56.9772 	EXP 	circle_4: autoDraw = False
56.9772 	EXP 	freq_ready_txt_3: autoDraw = False
56.9772 	EXP 	tBlank_text: autoDraw = False
56.9772 	EXP 	tStart_text_2: autoDraw = False
56.9772 	EXP 	blank_text: autoDraw = True
57.2443 	DATA 	Keypress: escape
57.6155 	EXP 	window1: mouseVisible = True
