12.6850 	WARNING 	User requested fullscreen with size [2560 1440], but screen is actually [3840, 2160]. Using actual size
13.6299 	DATA 	Mouse: Left button down, pos=(1725,1929)
13.7611 	DATA 	Mouse:  Left button up, pos=(1726,1929)
16.4910 	EXP 	Created window1 = Window(allowGUI=False, allowStencil=False, autoLog=True, backendConf=UNKNOWN, bitsMode=UNKNOWN, blendMode='avg', bpc=(8, 8, 8), color=array([-0.63137255, -0.38039216, -0.38039216]), colorSpace='rgb', depthBits=8, fullscr=<method-wrapper '__getattribute__' of attributeSetter object at 0x000001AFC2DD2A60>, gamma=None, gammaErrorPolicy='raise', lms=UNKNOWN, monitor=<psychopy.monitors.calibTools.Monitor object at 0x000001AFC5AA1760>, multiSample=False, name='window1', numSamples=2, pos=(0, 0), screen=0, size=array([3840, 2160]), stencilBits=0, stereo=False, units='height', useFBO=True, useRetina=False, viewOri=0.0, viewPos=None, viewScale=None, waitBlanking=True, winType='pyglet')
16.4913 	EXP 	window1: mouseVisible = True
16.4913 	EXP 	window1: Attempting to measure frame rate of screen (0) ...
16.4913 	EXP 	window1: recordFrameIntervals = False
16.7847 	EXP 	window1: recordFrameIntervals = True
17.1134 	WARNING 	t of last frame was 37.76ms (=1/26)
17.1486 	WARNING 	t of last frame was 35.26ms (=1/28)
17.2115 	WARNING 	t of last frame was 39.20ms (=1/25)
17.3469 	WARNING 	t of last frame was 35.80ms (=1/27)
17.3846 	WARNING 	Multiple dropped frames have occurred - I'll stop bothering you about them!
19.8715 	WARNING 	Couldn't measure a consistent frame rate!
  - Is your graphics card set to sync to vertical blank?
  - Are you running other processes on your computer?

21.3956 	EXP 	Created tStart_text = TextStim(__class__=<class 'psychopy.visual.text.TextStim'>, alignHoriz=method-wrapper(...), alignText='center', alignVert=method-wrapper(...), anchorHoriz='center', anchorVert='center', antialias=True, autoLog=True, bold=False, color=array([1., 1., 1.]), colorSpace='rgb', contrast=1.0, depth=-2.0, flipHoriz=False, flipVert=False, font='Open Sans', fontFiles=[], height=0.03, italic=False, languageStyle='LTR', name='tStart_text', opacity=1, ori=0.0, pos=array([0., 0.]), rgb=UNKNOWN, text=str(...), units='height', win=Window(...), wrapWidth=1)
21.3975 	EXP 	Created tBlank_text = TextStim(__class__=<class 'psychopy.visual.text.TextStim'>, alignHoriz=method-wrapper(...), alignText='center', alignVert=method-wrapper(...), anchorHoriz='center', anchorVert='center', antialias=True, autoLog=True, bold=False, color=array([1., 1., 1.]), colorSpace='rgb', contrast=1.0, depth=-1.0, flipHoriz=False, flipVert=False, font='Open Sans', fontFiles=[], height=0.05, italic=False, languageStyle='LTR', name='tBlank_text', opacity=1, ori=0.0, pos=array([0., 0.]), rgb=UNKNOWN, text='', units='height', win=Window(...), wrapWidth=1)
21.4000 	EXP 	Created tCue_visual_cue = ShapeStim(__class__=<class 'psychopy.visual.shape.ShapeStim'>, anchor=('center', 'center'), autoDraw=False, autoLog=True, closeShape=True, color=method-wrapper(...), colorSpace='rgb', contrast=None, depth=-3.0, fillColor=array([1, 1, 1]), fillColorSpace='rgb', fillRGB=array([1, 1, 1]), interpolate=True, lineColor=array([1., 1., 1.]), lineColorSpace='rgb', lineRGB=array([1, 1, 1]), lineWidth=1.0, name='tCue_visual_cue', opacity=1, ori=0.0, pos=array([0., 0.]), size=array([0.1, 0.1]), units='height', vertices=ndarray(...), win=Window(...), windingRule=None)
21.4039 	EXP 	Created tProbe_visual_cue = ShapeStim(__class__=<class 'psychopy.visual.shape.ShapeStim'>, anchor=('center', 'center'), autoDraw=False, autoLog=True, closeShape=True, color=method-wrapper(...), colorSpace='rgb', contrast=None, depth=-4.0, fillColor=array([1, 1, 1]), fillColorSpace='rgb', fillRGB=array([1, 1, 1]), interpolate=True, lineColor=array([1., 1., 1.]), lineColorSpace='rgb', lineRGB=array([1, 1, 1]), lineWidth=1.0, name='tProbe_visual_cue', opacity=1, ori=0.0, pos=array([0., 0.]), size=array([0.1, 0.1]), units='height', vertices=ndarray(...), win=Window(...), windingRule=None)
21.4050 	EXP 	Created right_or_wrong = TextStim(__class__=<class 'psychopy.visual.text.TextStim'>, alignHoriz=method-wrapper(...), alignText='center', alignVert=method-wrapper(...), anchorHoriz='center', anchorVert='center', antialias=True, autoLog=True, bold=False, color=array([1., 1., 1.]), colorSpace='rgb', contrast=1.0, depth=-2.0, flipHoriz=False, flipVert=False, font='Open Sans', fontFiles=[], height=0.03, italic=False, languageStyle='LTR', name='right_or_wrong', opacity=1, ori=0.0, pos=array([0., 0.]), rgb=UNKNOWN, text='', units='height', win=Window(...), wrapWidth=1)
21.4447 	EXP 	Created more_instructions = TextStim(__class__=<class 'psychopy.visual.text.TextStim'>, alignHoriz=method-wrapper(...), alignText='center', alignVert=method-wrapper(...), anchorHoriz='center', anchorVert='center', antialias=True, autoLog=True, bold=False, color=array([1., 1., 1.]), colorSpace='rgb', contrast=1.0, depth=-1.0, flipHoriz=False, flipVert=False, font='Open Sans', fontFiles=[], height=0.03, italic=False, languageStyle='LTR', name='more_instructions', opacity=1, ori=0.0, pos=array([0., 0.]), rgb=UNKNOWN, text=str(...), units='height', win=Window(...), wrapWidth=1)
21.4512 	EXP 	Created txt_rhythm = TextStim(__class__=<class 'psychopy.visual.text.TextStim'>, alignHoriz=method-wrapper(...), alignText='center', alignVert=method-wrapper(...), anchorHoriz='center', anchorVert='center', antialias=True, autoLog=True, bold=False, color=array([1., 1., 1.]), colorSpace='rgb', contrast=1.0, depth=0.0, flipHoriz=False, flipVert=False, font='Open Sans', fontFiles=[], height=0.05, italic=False, languageStyle='LTR', name='txt_rhythm', opacity=1, ori=0.0, pos=array([0., 0.]), rgb=UNKNOWN, text='RYTHME', units='height', win=Window(...), wrapWidth=1)
21.4952 	EXP 	Sound sound_1 set volume 0.002
21.4956 	EXP 	Sound sound_2 set volume 0.002
21.4959 	EXP 	Sound sound_3 set volume 0.002
21.4963 	EXP 	Sound sound_4 set volume 0.002
21.4984 	EXP 	Created cross = ShapeStim(__class__=<class 'psychopy.visual.shape.ShapeStim'>, anchor=('center', 'center'), autoDraw=False, autoLog=True, closeShape=True, color=method-wrapper(...), colorSpace='rgb', contrast=None, depth=-5.0, fillColor=array([1, 1, 1]), fillColorSpace='rgb', fillRGB=array([1, 1, 1]), interpolate=True, lineColor=array([1., 1., 1.]), lineColorSpace='rgb', lineRGB=array([1, 1, 1]), lineWidth=1.0, name='cross', opacity=1, ori=0.0, pos=array([0., 0.]), size=array([0.1, 0.1]), units='height', vertices=ndarray(...), win=Window(...), windingRule=None)
21.4989 	EXP 	Sound sound_5 set volume 0.002
21.5038 	EXP 	Created circle = ShapeStim(__class__=<class 'psychopy.visual.shape.ShapeStim'>, anchor=('center', 'center'), autoDraw=False, autoLog=True, closeShape=True, color=method-wrapper(...), colorSpace='rgb', contrast=None, depth=-7.0, fillColor=array([1, 1, 1]), fillColorSpace='rgb', fillRGB=array([1, 1, 1]), interpolate=True, lineColor=array([1., 1., 1.]), lineColorSpace='rgb', lineRGB=array([1, 1, 1]), lineWidth=1.0, name='circle', opacity=1, ori=0.0, pos=array([0., 0.]), size=array([0.1, 0.1]), units='height', vertices=ndarray(...), win=Window(...), windingRule=None)
21.5049 	EXP 	Created rhytm_ready_txt = TextStim(__class__=<class 'psychopy.visual.text.TextStim'>, alignHoriz=method-wrapper(...), alignText='center', alignVert=method-wrapper(...), anchorHoriz='center', anchorVert='center', antialias=True, autoLog=True, bold=False, color=array([1., 1., 1.]), colorSpace='rgb', contrast=1.0, depth=-9.0, flipHoriz=False, flipVert=False, font='Open Sans', fontFiles=[], height=0.05, italic=False, languageStyle='LTR', name='rhytm_ready_txt', opacity=1, ori=0.0, pos=array([0., 0.]), rgb=UNKNOWN, text='', units='height', win=Window(...), wrapWidth=1)
21.5101 	EXP 	Created txt_freq = TextStim(__class__=<class 'psychopy.visual.text.TextStim'>, alignHoriz=method-wrapper(...), alignText='center', alignVert=method-wrapper(...), anchorHoriz='center', anchorVert='center', antialias=True, autoLog=True, bold=False, color=array([1., 1., 1.]), colorSpace='rgb', contrast=1.0, depth=0.0, flipHoriz=False, flipVert=False, font='Open Sans', fontFiles=[], height=0.05, italic=False, languageStyle='LTR', name='txt_freq', opacity=1, ori=0.0, pos=array([0., 0.]), rgb=UNKNOWN, text='HAUTEUR', units='height', win=Window(...), wrapWidth=1)
21.5105 	EXP 	Sound sound_6 set volume 0.002
21.5108 	EXP 	Sound sound_7 set volume 0.002
21.5111 	EXP 	Sound sound_8 set volume 0.002
21.5115 	EXP 	Sound sound_9 set volume 0.002
21.5133 	EXP 	Created cross_2 = ShapeStim(__class__=<class 'psychopy.visual.shape.ShapeStim'>, anchor=('center', 'center'), autoDraw=False, autoLog=True, closeShape=True, color=method-wrapper(...), colorSpace='rgb', contrast=None, depth=-5.0, fillColor=array([1, 1, 1]), fillColorSpace='rgb', fillRGB=array([1, 1, 1]), interpolate=True, lineColor=array([1., 1., 1.]), lineColorSpace='rgb', lineRGB=array([1, 1, 1]), lineWidth=1.0, name='cross_2', opacity=1, ori=0.0, pos=array([0., 0.]), size=array([0.1, 0.1]), units='height', vertices=ndarray(...), win=Window(...), windingRule=None)
21.5136 	EXP 	Sound sound_10 set volume 0.002
21.5175 	EXP 	Created circle_2 = ShapeStim(__class__=<class 'psychopy.visual.shape.ShapeStim'>, anchor=('center', 'center'), autoDraw=False, autoLog=True, closeShape=True, color=method-wrapper(...), colorSpace='rgb', contrast=None, depth=-7.0, fillColor=array([1, 1, 1]), fillColorSpace='rgb', fillRGB=array([1, 1, 1]), interpolate=True, lineColor=array([1., 1., 1.]), lineColorSpace='rgb', lineRGB=array([1, 1, 1]), lineWidth=1.0, name='circle_2', opacity=1, ori=0.0, pos=array([0., 0.]), size=array([0.1, 0.1]), units='height', vertices=ndarray(...), win=Window(...), windingRule=None)
21.5185 	EXP 	Created freq_ready_txt = TextStim(__class__=<class 'psychopy.visual.text.TextStim'>, alignHoriz=method-wrapper(...), alignText='center', alignVert=method-wrapper(...), anchorHoriz='center', anchorVert='center', antialias=True, autoLog=True, bold=False, color=array([1., 1., 1.]), colorSpace='rgb', contrast=1.0, depth=-9.0, flipHoriz=False, flipVert=False, font='Open Sans', fontFiles=[], height=0.05, italic=False, languageStyle='LTR', name='freq_ready_txt', opacity=1, ori=0.0, pos=array([0., 0.]), rgb=UNKNOWN, text='', units='height', win=Window(...), wrapWidth=1)
21.5235 	EXP 	Created txt_freq_2 = TextStim(__class__=<class 'psychopy.visual.text.TextStim'>, alignHoriz=method-wrapper(...), alignText='center', alignVert=method-wrapper(...), anchorHoriz='center', anchorVert='center', antialias=True, autoLog=True, bold=False, color=array([1., 1., 1.]), colorSpace='rgb', contrast=1.0, depth=0.0, flipHoriz=False, flipVert=False, font='Open Sans', fontFiles=[], height=0.05, italic=False, languageStyle='LTR', name='txt_freq_2', opacity=1, ori=0.0, pos=array([0., 0.]), rgb=UNKNOWN, text='HAUTEUR\n\nRYTHME', units='height', win=Window(...), wrapWidth=1)
21.5239 	EXP 	Sound sound_11 set volume 0.002
21.5242 	EXP 	Sound sound_12 set volume 0.002
21.5245 	EXP 	Sound sound_13 set volume 0.002
21.5248 	EXP 	Sound sound_14 set volume 0.002
21.5267 	EXP 	Created cross_3 = ShapeStim(__class__=<class 'psychopy.visual.shape.ShapeStim'>, anchor=('center', 'center'), autoDraw=False, autoLog=True, closeShape=True, color=method-wrapper(...), colorSpace='rgb', contrast=None, depth=-5.0, fillColor=array([1, 1, 1]), fillColorSpace='rgb', fillRGB=array([1, 1, 1]), interpolate=True, lineColor=array([1., 1., 1.]), lineColorSpace='rgb', lineRGB=array([1, 1, 1]), lineWidth=1.0, name='cross_3', opacity=1, ori=0.0, pos=array([0., 0.]), size=array([0.1, 0.1]), units='height', vertices=ndarray(...), win=Window(...), windingRule=None)
21.5270 	EXP 	Sound sound_15 set volume 0.002
21.5308 	EXP 	Created circle_3 = ShapeStim(__class__=<class 'psychopy.visual.shape.ShapeStim'>, anchor=('center', 'center'), autoDraw=False, autoLog=True, closeShape=True, color=method-wrapper(...), colorSpace='rgb', contrast=None, depth=-7.0, fillColor=array([1, 1, 1]), fillColorSpace='rgb', fillRGB=array([1, 1, 1]), interpolate=True, lineColor=array([1., 1., 1.]), lineColorSpace='rgb', lineRGB=array([1, 1, 1]), lineWidth=1.0, name='circle_3', opacity=1, ori=0.0, pos=array([0., 0.]), size=array([0.1, 0.1]), units='height', vertices=ndarray(...), win=Window(...), windingRule=None)
21.5318 	EXP 	Created freq_ready_txt_2 = TextStim(__class__=<class 'psychopy.visual.text.TextStim'>, alignHoriz=method-wrapper(...), alignText='center', alignVert=method-wrapper(...), anchorHoriz='center', anchorVert='center', antialias=True, autoLog=True, bold=False, color=array([1., 1., 1.]), colorSpace='rgb', contrast=1.0, depth=-9.0, flipHoriz=False, flipVert=False, font='Open Sans', fontFiles=[], height=0.05, italic=False, languageStyle='LTR', name='freq_ready_txt_2', opacity=1, ori=0.0, pos=array([0., 0.]), rgb=UNKNOWN, text='', units='height', win=Window(...), wrapWidth=1)
21.5349 	EXP 	Created txt_freq_3 = TextStim(__class__=<class 'psychopy.visual.text.TextStim'>, alignHoriz=method-wrapper(...), alignText='center', alignVert=method-wrapper(...), anchorHoriz='center', anchorVert='center', antialias=True, autoLog=True, bold=False, color=array([1., 1., 1.]), colorSpace='rgb', contrast=1.0, depth=0.0, flipHoriz=False, flipVert=False, font='Open Sans', fontFiles=[], height=0.05, italic=False, languageStyle='LTR', name='txt_freq_3', opacity=1, ori=0.0, pos=array([0., 0.]), rgb=UNKNOWN, text='X', units='height', win=Window(...), wrapWidth=1)
21.5353 	EXP 	Sound sound_16 set volume 0.002
21.5356 	EXP 	Sound sound_17 set volume 0.002
21.5359 	EXP 	Sound sound_18 set volume 0.002
21.5362 	EXP 	Sound sound_19 set volume 0.002
21.5380 	EXP 	Created cross_4 = ShapeStim(__class__=<class 'psychopy.visual.shape.ShapeStim'>, anchor=('center', 'center'), autoDraw=False, autoLog=True, closeShape=True, color=method-wrapper(...), colorSpace='rgb', contrast=None, depth=-5.0, fillColor=array([1, 1, 1]), fillColorSpace='rgb', fillRGB=array([1, 1, 1]), interpolate=True, lineColor=array([1., 1., 1.]), lineColorSpace='rgb', lineRGB=array([1, 1, 1]), lineWidth=1.0, name='cross_4', opacity=1, ori=0.0, pos=array([0., 0.]), size=array([0.1, 0.1]), units='height', vertices=ndarray(...), win=Window(...), windingRule=None)
21.5384 	EXP 	Sound sound_20 set volume 0.002
21.5420 	EXP 	Created circle_4 = ShapeStim(__class__=<class 'psychopy.visual.shape.ShapeStim'>, anchor=('center', 'center'), autoDraw=False, autoLog=True, closeShape=True, color=method-wrapper(...), colorSpace='rgb', contrast=None, depth=-7.0, fillColor=array([1, 1, 1]), fillColorSpace='rgb', fillRGB=array([1, 1, 1]), interpolate=True, lineColor=array([1., 1., 1.]), lineColorSpace='rgb', lineRGB=array([1, 1, 1]), lineWidth=1.0, name='circle_4', opacity=1, ori=0.0, pos=array([0., 0.]), size=array([0.1, 0.1]), units='height', vertices=ndarray(...), win=Window(...), windingRule=None)
21.5433 	EXP 	Created freq_ready_txt_3 = TextStim(__class__=<class 'psychopy.visual.text.TextStim'>, alignHoriz=method-wrapper(...), alignText='center', alignVert=method-wrapper(...), anchorHoriz='center', anchorVert='center', antialias=True, autoLog=True, bold=False, color=array([1., 1., 1.]), colorSpace='rgb', contrast=1.0, depth=-8.0, flipHoriz=False, flipVert=False, font='Open Sans', fontFiles=[], height=0.05, italic=False, languageStyle='LTR', name='freq_ready_txt_3', opacity=1, ori=0.0, pos=array([0., 0.]), rgb=UNKNOWN, text='', units='height', win=Window(...), wrapWidth=1)
21.5446 	EXP 	Created tBlank_text = TextStim(__class__=<class 'psychopy.visual.text.TextStim'>, alignHoriz=method-wrapper(...), alignText='center', alignVert=method-wrapper(...), anchorHoriz='center', anchorVert='center', antialias=True, autoLog=True, bold=False, color=array([1., 1., 1.]), colorSpace='rgb', contrast=1.0, depth=-1.0, flipHoriz=False, flipVert=False, font='Open Sans', fontFiles=[], height=0.05, italic=False, languageStyle='LTR', name='tBlank_text', opacity=1, ori=0.0, pos=array([0., 0.]), rgb=UNKNOWN, text='', units='height', win=Window(...), wrapWidth=1)
21.5884 	EXP 	Created tStart_text_2 = TextStim(__class__=<class 'psychopy.visual.text.TextStim'>, alignHoriz=method-wrapper(...), alignText='center', alignVert=method-wrapper(...), anchorHoriz='center', anchorVert='center', antialias=True, autoLog=True, bold=False, color=array([1., 1., 1.]), colorSpace='rgb', contrast=1.0, depth=-2.0, flipHoriz=False, flipVert=False, font='Open Sans', fontFiles=[], height=0.03, italic=False, languageStyle='LTR', name='tStart_text_2', opacity=1, ori=0.0, pos=array([0., 0.]), rgb=UNKNOWN, text=str(...), units='height', win=Window(...), wrapWidth=1)
21.5941 	EXP 	Created blank_text = TextStim(__class__=<class 'psychopy.visual.text.TextStim'>, alignHoriz=method-wrapper(...), alignText='center', alignVert=method-wrapper(...), anchorHoriz='center', anchorVert='center', antialias=True, autoLog=True, bold=False, color=array([1., 1., 1.]), colorSpace='rgb', contrast=1.0, depth=0.0, flipHoriz=False, flipVert=False, font='Open Sans', fontFiles=[], height=0.05, italic=False, languageStyle='LTR', name='blank_text', opacity=1, ori=0.0, pos=array([0., 0.]), rgb=UNKNOWN, text='', units='height', win=Window(...), wrapWidth=1)
21.5951 	EXP 	Created this_trial_is = TextStim(__class__=<class 'psychopy.visual.text.TextStim'>, alignHoriz=method-wrapper(...), alignText='center', alignVert=method-wrapper(...), anchorHoriz='center', anchorVert='center', antialias=True, autoLog=True, bold=False, color=array([1., 1., 1.]), colorSpace='rgb', contrast=1.0, depth=-1.0, flipHoriz=False, flipVert=False, font='Open Sans', fontFiles=[], height=0.05, italic=False, languageStyle='LTR', name='this_trial_is', opacity=1, ori=0.0, pos=array([0., 0.]), rgb=UNKNOWN, text='', units='height', win=Window(...), wrapWidth=1)
21.9834 	EXP 	Created cue_visual_cue = ShapeStim(__class__=<class 'psychopy.visual.shape.ShapeStim'>, anchor=('center', 'center'), autoDraw=False, autoLog=True, closeShape=True, color=method-wrapper(...), colorSpace='rgb', contrast=None, depth=-2.0, fillColor=array([1, 1, 1]), fillColorSpace='rgb', fillRGB=array([1, 1, 1]), interpolate=True, lineColor=array([1., 1., 1.]), lineColorSpace='rgb', lineRGB=array([1, 1, 1]), lineWidth=1.0, name='cue_visual_cue', opacity=1, ori=0.0, pos=array([0., 0.]), size=array([0.1, 0.1]), units='height', vertices=ndarray(...), win=Window(...), windingRule=None)
21.9867 	EXP 	Created probe_visual_cue = ShapeStim(__class__=<class 'psychopy.visual.shape.ShapeStim'>, anchor=('center', 'center'), autoDraw=False, autoLog=True, closeShape=True, color=method-wrapper(...), colorSpace='rgb', contrast=None, depth=-3.0, fillColor=array([1, 1, 1]), fillColorSpace='rgb', fillRGB=array([1, 1, 1]), interpolate=True, lineColor=array([1., 1., 1.]), lineColorSpace='rgb', lineRGB=array([1, 1, 1]), lineWidth=1.0, name='probe_visual_cue', opacity=1, ori=0.0, pos=array([0., 0.]), size=array([0.1, 0.1]), units='height', vertices=ndarray(...), win=Window(...), windingRule=None)
21.9880 	EXP 	Created blank_text = TextStim(__class__=<class 'psychopy.visual.text.TextStim'>, alignHoriz=method-wrapper(...), alignText='center', alignVert=method-wrapper(...), anchorHoriz='center', anchorVert='center', antialias=True, autoLog=True, bold=False, color=array([1., 1., 1.]), colorSpace='rgb', contrast=1.0, depth=0.0, flipHoriz=False, flipVert=False, font='Open Sans', fontFiles=[], height=0.05, italic=False, languageStyle='LTR', name='blank_text', opacity=1, ori=0.0, pos=array([0., 0.]), rgb=UNKNOWN, text='', units='height', win=Window(...), wrapWidth=1)
21.9889 	EXP 	Created break_text = TextStim(__class__=<class 'psychopy.visual.text.TextStim'>, alignHoriz=method-wrapper(...), alignText='center', alignVert=method-wrapper(...), anchorHoriz='center', anchorVert='center', antialias=True, autoLog=True, bold=False, color=array([1., 1., 1.]), colorSpace='rgb', contrast=1.0, depth=-1.0, flipHoriz=False, flipVert=False, font='Open Sans', fontFiles=[], height=0.05, italic=False, languageStyle='LTR', name='break_text', opacity=1, ori=0.0, pos=array([0., 0.]), rgb=UNKNOWN, text='', units='height', win=Window(...), wrapWidth=1)
22.0095 	EXP 	Created goodbye_text = TextStim(__class__=<class 'psychopy.visual.text.TextStim'>, alignHoriz=method-wrapper(...), alignText='center', alignVert=method-wrapper(...), anchorHoriz='center', anchorVert='center', antialias=True, autoLog=True, bold=False, color=array([1., 1., 1.]), colorSpace='rgb', contrast=1.0, depth=0.0, flipHoriz=False, flipVert=False, font='Open Sans', fontFiles=[], height=0.05, italic=False, languageStyle='LTR', name='goodbye_text', opacity=1, ori=0.0, pos=array([0., 0.]), rgb=UNKNOWN, text=str(...), units='height', win=Window(...), wrapWidth=1)
22.0099 	EXP 	Created sequence: random, trialTypes=1, nReps=5, seed=None
22.0101 	EXP 	New trial (rep=0, index=0): None
22.5233 	EXP 	New trial (rep=1, index=0): None
23.0247 	EXP 	New trial (rep=2, index=0): None
23.5339 	EXP 	New trial (rep=3, index=0): None
24.0450 	EXP 	New trial (rep=4, index=0): None
24.5736 	EXP 	tStart_text: autoDraw = False
24.5736 	EXP 	tBlank_text: autoDraw = False
24.5736 	EXP 	tCue_visual_cue: autoDraw = False
24.5736 	EXP 	tProbe_visual_cue: autoDraw = False
24.5736 	EXP 	right_or_wrong: height = 0.03
24.5736 	EXP 	right_or_wrong: height = 0.03
24.5736 	EXP 	right_or_wrong: text = "Mauvaise réponse. \n\n Vous auriez dû appuyer sur la barre d'espace car un son était présenté en même temps que le CERCLE. \n\n Appuyez sur la barre d'espace pour continuer."
24.5736 	EXP 	right_or_wrong: autoDraw = False
24.5736 	EXP 	tCue_visual_cue: autoDraw = False
24.5736 	EXP 	tProbe_visual_cue: autoDraw = False
24.5736 	EXP 	right_or_wrong: text = "Mauvaise réponse. \n\n Vous auriez dû appuyer sur la barre d'espace car un son était présenté en même temps que le CERCLE. \n\n Appuyez sur la barre d'espace pour continuer."
24.5736 	EXP 	right_or_wrong: autoDraw = False
24.5736 	EXP 	tCue_visual_cue: autoDraw = False
24.5736 	EXP 	tProbe_visual_cue: autoDraw = False
24.5736 	EXP 	right_or_wrong: height = 0.03
24.5736 	EXP 	right_or_wrong: height = 0.03
24.5736 	EXP 	right_or_wrong: text = "Bonne réponse ! \n\n Aucun son n'était présenté en même temps que le CERCLE. \n\n Appuyez sur la barre d'espace pour continuer."
24.5736 	EXP 	right_or_wrong: autoDraw = False
24.5736 	EXP 	tCue_visual_cue: autoDraw = False
24.5736 	EXP 	tProbe_visual_cue: autoDraw = False
24.5736 	EXP 	right_or_wrong: height = 0.03
24.5736 	EXP 	right_or_wrong: height = 0.03
24.5736 	EXP 	right_or_wrong: text = "Mauvaise réponse. \n\n Vous auriez dû appuyer sur la barre d'espace car un son était présenté en même temps que le CERCLE. \n\n Appuyez sur la barre d'espace pour continuer."
24.5736 	EXP 	right_or_wrong: autoDraw = False
24.5736 	EXP 	tCue_visual_cue: autoDraw = False
24.5736 	EXP 	tProbe_visual_cue: autoDraw = False
24.5736 	EXP 	right_or_wrong: height = 0.03
24.5736 	EXP 	right_or_wrong: height = 0.03
24.5736 	EXP 	right_or_wrong: text = "Bonne réponse ! \n\n Aucun son n'était présenté en même temps que le CERCLE. \n\n Appuyez sur la barre d'espace pour continuer."
24.5736 	EXP 	right_or_wrong: autoDraw = False
24.5736 	EXP 	more_instructions: autoDraw = True
25.8003 	DATA 	Keypress: space
25.8700 	EXP 	more_instructions: autoDraw = False
25.8700 	EXP 	rhytm_ready_txt: height = 0.05
25.8700 	EXP 	rhytm_ready_txt: height = 0.05
25.8700 	EXP 	rhytm_ready_txt: text = "Appuyez sur n'importe quelle touche pour voir l'exemple suivant."
25.8700 	EXP 	txt_rhythm: autoDraw = True
26.8827 	EXP 	txt_rhythm: autoDraw = False
27.2534 	EXP 	cross: autoDraw = True
27.3500 	EXP 	Sound sound_1 started
27.5498 	EXP 	Sound sound_1 stopped
27.8560 	EXP 	Sound sound_2 started
28.0495 	EXP 	Sound sound_2 stopped
28.3561 	EXP 	Sound sound_3 started
28.5376 	EXP 	Sound sound_3 stopped
28.8574 	EXP 	Sound sound_4 started
29.0601 	EXP 	cross: autoDraw = False
29.0601 	EXP 	circle: autoDraw = True
29.0603 	EXP 	Sound sound_4 reached end of file
29.3505 	EXP 	Sound sound_5 started
29.5375 	EXP 	Sound sound_5 stopped
29.6597 	DATA 	Keypress: space
29.8892 	EXP 	circle: autoDraw = False
30.0493 	EXP 	rhytm_ready_txt: autoDraw = True
30.7796 	DATA 	Keypress: space
30.7974 	EXP 	txt_rhythm: autoDraw = False
30.7974 	EXP 	cross: autoDraw = False
30.7974 	EXP 	circle: autoDraw = False
30.7974 	EXP 	rhytm_ready_txt: autoDraw = False
30.7974 	EXP 	freq_ready_txt: height = 0.05
30.7974 	EXP 	freq_ready_txt: height = 0.05
30.7974 	EXP 	freq_ready_txt: text = "Appuyez sur n'importe quelle touche pour voir l'exemple suivant."
30.7974 	EXP 	txt_freq: autoDraw = True
31.8219 	EXP 	txt_freq: autoDraw = False
32.1602 	EXP 	cross_2: autoDraw = True
32.2544 	EXP 	Sound sound_6 started
32.4377 	EXP 	Sound sound_6 stopped
32.5603 	EXP 	Sound sound_7 started
32.7603 	EXP 	Sound sound_7 reached end of file
33.2835 	EXP 	Sound sound_8 started
33.4776 	EXP 	Sound sound_8 stopped
33.6582 	EXP 	Sound sound_9 started
33.8589 	EXP 	Sound sound_9 reached end of file
33.9575 	EXP 	cross_2: autoDraw = False
33.9575 	EXP 	circle_2: autoDraw = True
34.2528 	EXP 	Sound sound_10 started
34.4375 	EXP 	Sound sound_10 stopped
34.4736 	DATA 	Keypress: space
34.7911 	EXP 	circle_2: autoDraw = False
34.9577 	EXP 	freq_ready_txt: autoDraw = True
35.4628 	DATA 	Keypress: space
35.5375 	EXP 	txt_freq: autoDraw = False
35.5375 	EXP 	cross_2: autoDraw = False
35.5375 	EXP 	circle_2: autoDraw = False
35.5375 	EXP 	freq_ready_txt: autoDraw = False
35.5375 	EXP 	freq_ready_txt_2: height = 0.05
35.5375 	EXP 	freq_ready_txt_2: height = 0.05
35.5375 	EXP 	freq_ready_txt_2: text = "Appuyez sur n'importe quelle touche pour voir l'exemple suivant."
35.5375 	EXP 	txt_freq_2: autoDraw = True
36.5635 	EXP 	txt_freq_2: autoDraw = False
36.9122 	EXP 	cross_3: autoDraw = True
37.0006 	EXP 	Sound sound_11 started
37.2007 	EXP 	Sound sound_11 reached end of file
37.4897 	EXP 	Sound sound_12 started
37.6776 	EXP 	Sound sound_12 stopped
38.0006 	EXP 	Sound sound_13 started
38.1895 	EXP 	Sound sound_13 stopped
38.4881 	EXP 	Sound sound_14 started
38.6879 	EXP 	Sound sound_14 reached end of file
38.7093 	EXP 	cross_3: autoDraw = False
38.7093 	EXP 	circle_3: autoDraw = True
38.9945 	EXP 	Sound sound_15 started
39.1946 	EXP 	Sound sound_15 reached end of file
39.2664 	DATA 	Keypress: space
39.5381 	EXP 	circle_3: autoDraw = False
39.6990 	EXP 	freq_ready_txt_2: autoDraw = True
40.1714 	DATA 	Keypress: space
40.2037 	EXP 	txt_freq_2: autoDraw = False
40.2037 	EXP 	cross_3: autoDraw = False
40.2037 	EXP 	circle_3: autoDraw = False
40.2037 	EXP 	freq_ready_txt_2: autoDraw = False
40.2037 	EXP 	freq_ready_txt_3: text = ''
40.2037 	EXP 	txt_freq_3: autoDraw = True
41.2263 	EXP 	txt_freq_3: autoDraw = False
41.5557 	EXP 	cross_4: autoDraw = True
41.6440 	EXP 	Sound sound_16 started
41.8444 	EXP 	Sound sound_16 reached end of file
41.9692 	EXP 	Sound sound_17 started
42.1573 	EXP 	Sound sound_17 stopped
42.6693 	EXP 	Sound sound_18 started
42.8690 	EXP 	Sound sound_18 reached end of file
43.0613 	EXP 	Sound sound_19 started
43.2497 	EXP 	Sound sound_19 stopped
43.3766 	EXP 	cross_4: autoDraw = False
43.3766 	EXP 	circle_4: autoDraw = True
43.6726 	EXP 	Sound sound_20 started
43.8576 	EXP 	Sound sound_20 stopped
44.0144 	DATA 	Keypress: space
44.1986 	EXP 	circle_4: autoDraw = False
44.3469 	EXP 	freq_ready_txt_3: autoDraw = True
44.8408 	EXP 	Created sequence: random, trialTypes=1, nReps=99, seed=None
44.8412 	EXP 	New trial (rep=0, index=0): None
44.8744 	EXP 	freq_ready_txt_3: autoDraw = False
44.8744 	EXP 	txt_freq_3: autoDraw = False
44.8744 	EXP 	cross_4: autoDraw = False
44.8744 	EXP 	circle_4: autoDraw = False
44.8744 	EXP 	freq_ready_txt_3: autoDraw = False
44.8744 	EXP 	tBlank_text: autoDraw = False
44.8744 	EXP 	tStart_text_2: autoDraw = False
44.8744 	EXP 	blank_text: autoDraw = True
45.3563 	EXP 	Created sequence: random, trialTypes=1, nReps=20, seed=None
45.3565 	EXP 	New trial (rep=0, index=0): None
45.3874 	EXP 	blank_text: autoDraw = False
45.3874 	EXP 	this_trial_is: height = 0.05
45.3874 	EXP 	this_trial_is: height = 0.05
45.3874 	EXP 	this_trial_is: text = 'X'
45.3874 	EXP 	this_trial_is: autoDraw = True
45.9465 	EXP 	window1: mouseVisible = True
