16.9957 	WARNING 	User requested fullscreen with size [2560 1440], but screen is actually [3840, 2160]. Using actual size
21.5632 	WARNING 	Couldn't measure a consistent frame rate!
  - Is your graphics card set to sync to vertical blank?
  - Are you running other processes on your computer?

21.5637 	EXP 	Created window1 = Window(allowGUI=False, allowStencil=False, autoLog=True, backendConf=UNKNOWN, bitsMode=UNKNOWN, blendMode='avg', bpc=(8, 8, 8), color=array([ 0.6078, -0.2784, -0.2784]), colorSpace='rgb', depthBits=8, fullscr=<method-wrapper '__getattribute__' of attributeSetter object at 0x000002643CEC9AF0>, gamma=None, gammaErrorPolicy='raise', lms=UNKNOWN, monitor=<psychopy.monitors.calibTools.Monitor object at 0x000002643DBA4F70>, multiSample=False, name='window1', numSamples=2, pos=(0, 0), screen=0, size=array([3840, 2160]), stencilBits=0, stereo=False, units='height', useFBO=True, useRetina=False, viewOri=0.0, viewPos=None, viewScale=None, waitBlanking=True, winType='pyglet')
21.5641 	EXP 	window1: mouseVisible = True
21.5642 	EXP 	window1: Attempting to measure frame rate of screen (0) ...
21.5642 	EXP 	window1: recordFrameIntervals = False
21.9049 	EXP 	window1: recordFrameIntervals = True
21.9646 	WARNING 	t of last frame was 31.04ms (=1/32)
21.9985 	WARNING 	t of last frame was 33.94ms (=1/29)
22.0367 	WARNING 	t of last frame was 38.20ms (=1/26)
22.0710 	WARNING 	t of last frame was 34.32ms (=1/29)
22.1008 	WARNING 	Multiple dropped frames have occurred - I'll stop bothering you about them!
25.2433 	WARNING 	Couldn't measure a consistent frame rate!
  - Is your graphics card set to sync to vertical blank?
  - Are you running other processes on your computer?

27.6843 	EXP 	window1: Attempting to measure frame rate of screen (0) ...
27.6843 	EXP 	window1: recordFrameIntervals = False
27.9951 	EXP 	window1: recordFrameIntervals = True
31.3133 	WARNING 	Couldn't measure a consistent frame rate!
  - Is your graphics card set to sync to vertical blank?
  - Are you running other processes on your computer?

31.4123 	EXP 	Created instructions = TextStim(__class__=<class 'psychopy.visual.text.TextStim'>, alignHoriz=method-wrapper(...), alignText='center', alignVert=method-wrapper(...), anchorHoriz='center', anchorVert='center', antialias=True, autoLog=True, bold=False, color=array([1., 1., 1.]), colorSpace='rgb', contrast=1.0, depth=-2.0, flipHoriz=False, flipVert=False, font='Open Sans', fontFiles=[], height=0.03, italic=False, languageStyle='LTR', name='instructions', opacity=1, ori=0.0, pos=array([0., 0.]), rgb=UNKNOWN, text=str(...), units='height', win=Window(...), wrapWidth=1)
31.4142 	EXP 	Created blank_text = TextStim(__class__=<class 'psychopy.visual.text.TextStim'>, alignHoriz=method-wrapper(...), alignText='center', alignVert=method-wrapper(...), anchorHoriz='center', anchorVert='center', antialias=True, autoLog=True, bold=False, color=array([1., 1., 1.]), colorSpace='rgb', contrast=1.0, depth=0.0, flipHoriz=False, flipVert=False, font='Open Sans', fontFiles=[], height=0.05, italic=False, languageStyle='LTR', name='blank_text', opacity=1, ori=0.0, pos=array([0., 0.]), rgb=UNKNOWN, text='', units='height', win=Window(...), wrapWidth=1)
31.4169 	EXP 	Created fixation_cross = ShapeStim(__class__=<class 'psychopy.visual.shape.ShapeStim'>, anchor=('center', 'center'), autoDraw=False, autoLog=True, closeShape=True, color=method-wrapper(...), colorSpace='rgb', contrast=None, depth=-3.0, fillColor=array([1, 1, 1]), fillColorSpace='rgb', fillRGB=array([1, 1, 1]), interpolate=True, lineColor=array([1., 1., 1.]), lineColorSpace='rgb', lineRGB=array([1, 1, 1]), lineWidth=1.0, name='fixation_cross', opacity=1, ori=0.0, pos=array([0., 0.]), size=array([0.15, 0.15]), units='height', vertices=ndarray(...), win=Window(...), windingRule=None)
31.4180 	EXP 	Created text = TextStim(__class__=<class 'psychopy.visual.text.TextStim'>, alignHoriz=method-wrapper(...), alignText='center', alignVert=method-wrapper(...), anchorHoriz='center', anchorVert='center', antialias=True, autoLog=True, bold=False, color=array([1., 1., 1.]), colorSpace='rgb', contrast=1.0, depth=-2.0, flipHoriz=False, flipVert=False, font='Open Sans', fontFiles=[], height=0.05, italic=False, languageStyle='LTR', name='text', opacity=1, ori=0.0, pos=array([0., 0.]), rgb=UNKNOWN, text='', units='height', win=Window(...), wrapWidth=1)
31.4795 	EXP 	Sound probe set volume 1.000
31.4812 	EXP 	Created text_2 = TextStim(__class__=<class 'psychopy.visual.text.TextStim'>, alignHoriz=method-wrapper(...), alignText='center', alignVert=method-wrapper(...), anchorHoriz='center', anchorVert='center', antialias=True, autoLog=True, bold=False, color=array([1., 1., 1.]), colorSpace='rgb', contrast=1.0, depth=-4.0, flipHoriz=False, flipVert=False, font='Open Sans', fontFiles=[], height=0.05, italic=False, languageStyle='LTR', name='text_2', opacity=1, ori=0.0, pos=array([0., 0.]), rgb=UNKNOWN, text='', units='height', win=Window(...), wrapWidth=1)
31.4971 	EXP 	Created break_txt = TextStim(__class__=<class 'psychopy.visual.text.TextStim'>, alignHoriz=method-wrapper(...), alignText='center', alignVert=method-wrapper(...), anchorHoriz='center', anchorVert='center', antialias=True, autoLog=True, bold=False, color=array([1., 1., 1.]), colorSpace='rgb', contrast=1.0, depth=0.0, flipHoriz=False, flipVert=False, font='Open Sans', fontFiles=[], height=0.04, italic=False, languageStyle='LTR', name='break_txt', opacity=1, ori=0.0, pos=array([0., 0.]), rgb=UNKNOWN, text=str(...), units='height', win=Window(...), wrapWidth=1)
31.4986 	EXP 	Created blank_text = TextStim(__class__=<class 'psychopy.visual.text.TextStim'>, alignHoriz=method-wrapper(...), alignText='center', alignVert=method-wrapper(...), anchorHoriz='center', anchorVert='center', antialias=True, autoLog=True, bold=False, color=array([1., 1., 1.]), colorSpace='rgb', contrast=1.0, depth=0.0, flipHoriz=False, flipVert=False, font='Open Sans', fontFiles=[], height=0.05, italic=False, languageStyle='LTR', name='blank_text', opacity=1, ori=0.0, pos=array([0., 0.]), rgb=UNKNOWN, text='', units='height', win=Window(...), wrapWidth=1)
31.5231 	EXP 	Created end_txt = TextStim(__class__=<class 'psychopy.visual.text.TextStim'>, alignHoriz=method-wrapper(...), alignText='center', alignVert=method-wrapper(...), anchorHoriz='center', anchorVert='center', antialias=True, autoLog=True, bold=False, color=array([1., 1., 1.]), colorSpace='rgb', contrast=1.0, depth=0.0, flipHoriz=False, flipVert=False, font='Open Sans', fontFiles=[], height=0.05, italic=False, languageStyle='LTR', name='end_txt', opacity=1, ori=0.0, pos=array([0., 0.]), rgb=UNKNOWN, text=str(...), units='height', win=Window(...), wrapWidth=1)
31.5444 	EXP 	instructions: autoDraw = True
36.9207 	DATA 	Keypress: space
36.9528 	EXP 	instructions: autoDraw = False
36.9528 	EXP 	blank_text: autoDraw = True
37.9212 	EXP 	Created sequence: fullRandom, trialTypes=1, nReps=999, seed=None
37.9238 	EXP 	New trial (rep=0, index=0): None
39.3371 	EXP 	blank_text: autoDraw = False
39.3371 	EXP 	text: height = 0.05
39.3371 	EXP 	text: height = 0.05
39.3371 	EXP 	text: text = 'RYTHME'
39.3371 	EXP 	text: autoDraw = True
40.3529 	EXP 	Created sequence: sequential, trialTypes=1, nReps=11, seed=None
40.3531 	EXP 	New trial (rep=0, index=0): None
40.3556 	EXP 	Sound probe started
40.3875 	EXP 	text: autoDraw = False
40.3875 	EXP 	text: autoDraw = False
40.5716 	EXP 	Sound probe reached end of file
40.5722 	EXP 	window1: recordFrameIntervals = False
40.5929 	EXP 	text_2: autoDraw = True
40.5941 	EXP 	window1: recordFrameIntervals = True
42.9725 	EXP 	New trial (rep=1, index=0): None
42.9739 	EXP 	Sound probe started
42.9954 	EXP 	text_2: autoDraw = False
42.9954 	EXP 	text_2: autoDraw = False
43.1919 	EXP 	Sound probe reached end of file
43.1938 	EXP 	window1: recordFrameIntervals = False
43.2218 	EXP 	text_2: autoDraw = True
43.2230 	EXP 	window1: recordFrameIntervals = True
45.5822 	EXP 	New trial (rep=2, index=0): None
45.5830 	EXP 	Sound probe started
45.6107 	EXP 	text_2: autoDraw = False
45.6107 	EXP 	text_2: autoDraw = False
45.7994 	EXP 	Sound probe reached end of file
45.8015 	EXP 	window1: recordFrameIntervals = False
45.8289 	EXP 	text_2: autoDraw = True
45.8301 	EXP 	window1: recordFrameIntervals = True
48.1877 	EXP 	New trial (rep=3, index=0): None
48.1887 	EXP 	Sound probe started
48.2153 	EXP 	text_2: autoDraw = False
48.2153 	EXP 	text_2: autoDraw = False
48.3995 	EXP 	Sound probe reached end of file
48.3999 	EXP 	window1: recordFrameIntervals = False
48.4279 	EXP 	text_2: autoDraw = True
48.4290 	EXP 	window1: recordFrameIntervals = True
50.5677 	DATA 	Keypress: space
50.7886 	EXP 	New trial (rep=4, index=0): None
50.7897 	EXP 	Sound probe started
50.8143 	EXP 	text_2: autoDraw = False
50.8143 	EXP 	text_2: autoDraw = False
50.9997 	EXP 	Sound probe reached end of file
51.0001 	EXP 	window1: recordFrameIntervals = False
51.0330 	EXP 	text_2: autoDraw = True
51.0342 	EXP 	window1: recordFrameIntervals = True
53.3893 	EXP 	New trial (rep=5, index=0): None
53.3903 	EXP 	Sound probe started
53.4170 	EXP 	text_2: autoDraw = False
53.4170 	EXP 	text_2: autoDraw = False
53.6048 	EXP 	Sound probe reached end of file
53.6052 	EXP 	window1: recordFrameIntervals = False
53.6353 	EXP 	text_2: autoDraw = True
53.6370 	EXP 	window1: recordFrameIntervals = True
55.9942 	EXP 	New trial (rep=6, index=0): None
55.9953 	EXP 	Sound probe started
56.0209 	EXP 	text_2: autoDraw = False
56.0209 	EXP 	text_2: autoDraw = False
56.2115 	EXP 	Sound probe reached end of file
56.2142 	EXP 	window1: recordFrameIntervals = False
56.2394 	EXP 	text_2: autoDraw = True
56.2406 	EXP 	window1: recordFrameIntervals = True
58.3816 	DATA 	Keypress: space
58.6035 	EXP 	New trial (rep=7, index=0): None
58.6045 	EXP 	Sound probe started
58.6313 	EXP 	text_2: autoDraw = False
58.6313 	EXP 	text_2: autoDraw = False
58.8207 	EXP 	Sound probe reached end of file
58.8212 	EXP 	window1: recordFrameIntervals = False
58.8488 	EXP 	text_2: autoDraw = True
58.8501 	EXP 	window1: recordFrameIntervals = True
61.2143 	EXP 	New trial (rep=8, index=0): None
61.2154 	EXP 	Sound probe started
61.2434 	EXP 	text_2: autoDraw = False
61.2434 	EXP 	text_2: autoDraw = False
61.4283 	EXP 	Sound probe reached end of file
61.4288 	EXP 	window1: recordFrameIntervals = False
61.4586 	EXP 	text_2: autoDraw = True
61.4597 	EXP 	window1: recordFrameIntervals = True
63.8176 	EXP 	New trial (rep=9, index=0): None
63.8186 	EXP 	Sound probe started
63.8439 	EXP 	text_2: autoDraw = False
63.8439 	EXP 	text_2: autoDraw = False
64.0284 	EXP 	Sound probe reached end of file
64.0288 	EXP 	window1: recordFrameIntervals = False
64.0603 	EXP 	text_2: autoDraw = True
64.0616 	EXP 	window1: recordFrameIntervals = True
66.4268 	EXP 	New trial (rep=10, index=0): None
66.4281 	EXP 	Sound probe started
66.4484 	EXP 	text_2: autoDraw = False
66.4484 	EXP 	text_2: autoDraw = False
66.6398 	EXP 	Sound probe stopped
66.6411 	EXP 	window1: recordFrameIntervals = False
66.6605 	EXP 	text_2: autoDraw = True
66.6617 	EXP 	window1: recordFrameIntervals = True
69.0606 	EXP 	text_2: autoDraw = False
69.0606 	EXP 	text_2: autoDraw = False
69.0606 	EXP 	break_txt: autoDraw = True
72.3125 	EXP 	New trial (rep=1, index=0): None
73.4647 	DATA 	Keypress: space
73.4817 	EXP 	break_txt: autoDraw = False
73.4817 	EXP 	text: height = 0.05
73.4817 	EXP 	text: height = 0.05
73.4817 	EXP 	text: text = 'X'
73.4817 	EXP 	text: autoDraw = True
74.4940 	EXP 	Created sequence: sequential, trialTypes=1, nReps=11, seed=None
74.4942 	EXP 	New trial (rep=0, index=0): None
74.4955 	EXP 	Sound probe started
74.5260 	EXP 	text: autoDraw = False
74.5260 	EXP 	text: autoDraw = False
74.7074 	EXP 	Sound probe reached end of file
74.7080 	EXP 	window1: recordFrameIntervals = False
74.7424 	EXP 	text_2: autoDraw = True
74.7435 	EXP 	window1: recordFrameIntervals = True
76.9063 	EXP 	New trial (rep=1, index=0): None
76.9074 	EXP 	Sound probe started
76.9291 	EXP 	text_2: autoDraw = False
76.9291 	EXP 	text_2: autoDraw = False
77.1272 	EXP 	Sound probe reached end of file
77.1277 	EXP 	window1: recordFrameIntervals = False
77.1473 	EXP 	text_2: autoDraw = True
77.1484 	EXP 	window1: recordFrameIntervals = True
79.5679 	EXP 	New trial (rep=2, index=0): None
79.5689 	EXP 	Sound probe started
79.5959 	EXP 	text_2: autoDraw = False
79.5959 	EXP 	text_2: autoDraw = False
79.7876 	EXP 	Sound probe reached end of file
79.7883 	EXP 	window1: recordFrameIntervals = False
79.8069 	EXP 	text_2: autoDraw = True
79.8081 	EXP 	window1: recordFrameIntervals = True
82.0084 	EXP 	New trial (rep=3, index=0): None
82.0094 	EXP 	Sound probe started
82.0356 	EXP 	text_2: autoDraw = False
82.0356 	EXP 	text_2: autoDraw = False
82.2276 	EXP 	Sound probe reached end of file
82.2280 	EXP 	window1: recordFrameIntervals = False
82.2567 	EXP 	text_2: autoDraw = True
82.2580 	EXP 	window1: recordFrameIntervals = True
84.7046 	EXP 	New trial (rep=4, index=0): None
84.7083 	EXP 	Sound probe started
84.7291 	EXP 	text_2: autoDraw = False
84.7291 	EXP 	text_2: autoDraw = False
84.9275 	EXP 	Sound probe reached end of file
84.9295 	EXP 	window1: recordFrameIntervals = False
84.9502 	EXP 	text_2: autoDraw = True
84.9514 	EXP 	window1: recordFrameIntervals = True
86.5040 	EXP 	New trial (rep=5, index=0): None
86.5070 	EXP 	Sound probe started
86.5303 	EXP 	text_2: autoDraw = False
86.5303 	EXP 	text_2: autoDraw = False
86.7155 	EXP 	Sound probe reached end of file
86.7159 	EXP 	window1: recordFrameIntervals = False
86.7441 	EXP 	text_2: autoDraw = True
86.7453 	EXP 	window1: recordFrameIntervals = True
88.5475 	DATA 	Keypress: space
88.5476 	DATA 	Keypress: space
88.5478 	DATA 	Keypress: space
88.5479 	DATA 	Keypress: space
88.5480 	DATA 	Keypress: space
88.7692 	EXP 	New trial (rep=6, index=0): None
88.7702 	EXP 	Sound probe started
88.7967 	EXP 	text_2: autoDraw = False
88.7967 	EXP 	text_2: autoDraw = False
88.9874 	EXP 	Sound probe reached end of file
88.9878 	EXP 	window1: recordFrameIntervals = False
89.0163 	EXP 	text_2: autoDraw = True
89.0174 	EXP 	window1: recordFrameIntervals = True
90.9969 	EXP 	New trial (rep=7, index=0): None
91.0015 	EXP 	Sound probe started
91.0225 	EXP 	text_2: autoDraw = False
91.0225 	EXP 	text_2: autoDraw = False
91.2156 	EXP 	Sound probe reached end of file
91.2176 	EXP 	window1: recordFrameIntervals = False
91.2439 	EXP 	text_2: autoDraw = True
91.2458 	EXP 	window1: recordFrameIntervals = True
92.7037 	EXP 	New trial (rep=8, index=0): None
92.7048 	EXP 	Sound probe started
92.7312 	EXP 	text_2: autoDraw = False
92.7312 	EXP 	text_2: autoDraw = False
92.9155 	EXP 	Sound probe reached end of file
92.9160 	EXP 	window1: recordFrameIntervals = False
92.9432 	EXP 	text_2: autoDraw = True
92.9445 	EXP 	window1: recordFrameIntervals = True
95.6728 	EXP 	New trial (rep=9, index=0): None
95.6739 	EXP 	Sound probe started
95.7008 	EXP 	text_2: autoDraw = False
95.7008 	EXP 	text_2: autoDraw = False
95.8876 	EXP 	Sound probe reached end of file
95.8895 	EXP 	window1: recordFrameIntervals = False
95.9144 	EXP 	text_2: autoDraw = True
95.9163 	EXP 	window1: recordFrameIntervals = True
97.8545 	EXP 	New trial (rep=10, index=0): None
97.8579 	EXP 	Sound probe started
97.8808 	EXP 	text_2: autoDraw = False
97.8808 	EXP 	text_2: autoDraw = False
98.0676 	EXP 	Sound probe stopped
98.0695 	EXP 	window1: recordFrameIntervals = False
98.0957 	EXP 	text_2: autoDraw = True
98.0970 	EXP 	window1: recordFrameIntervals = True
99.9388 	EXP 	text_2: autoDraw = False
99.9388 	EXP 	text_2: autoDraw = False
99.9388 	EXP 	break_txt: autoDraw = True
101.5513 	EXP 	New trial (rep=2, index=0): None
103.5589 	DATA 	Keypress: space
103.5765 	EXP 	break_txt: autoDraw = False
103.5765 	EXP 	text: height = 0.05
103.5765 	EXP 	text: height = 0.05
103.5765 	EXP 	text: text = 'RYTHME'
103.5765 	EXP 	text: autoDraw = True
104.5717 	EXP 	Created sequence: sequential, trialTypes=1, nReps=10, seed=None
104.5719 	EXP 	New trial (rep=0, index=0): None
104.5733 	EXP 	Sound probe started
104.6013 	EXP 	text: autoDraw = False
104.6013 	EXP 	text: autoDraw = False
104.7875 	EXP 	Sound probe reached end of file
104.7879 	EXP 	window1: recordFrameIntervals = False
104.8169 	EXP 	text_2: autoDraw = True
104.8180 	EXP 	window1: recordFrameIntervals = True
106.1084 	EXP 	New trial (rep=1, index=0): None
106.1117 	EXP 	Sound probe started
106.1374 	EXP 	text_2: autoDraw = False
106.1374 	EXP 	text_2: autoDraw = False
106.3277 	EXP 	Sound probe reached end of file
106.3298 	EXP 	window1: recordFrameIntervals = False
106.3564 	EXP 	text_2: autoDraw = True
106.3577 	EXP 	window1: recordFrameIntervals = True
107.6529 	EXP 	New trial (rep=2, index=0): None
107.6539 	EXP 	Sound probe started
107.6798 	EXP 	text_2: autoDraw = False
107.6798 	EXP 	text_2: autoDraw = False
107.8634 	EXP 	Sound probe reached end of file
107.8639 	EXP 	window1: recordFrameIntervals = False
107.8916 	EXP 	text_2: autoDraw = True
107.8928 	EXP 	window1: recordFrameIntervals = True
109.1874 	EXP 	New trial (rep=3, index=0): None
109.1884 	EXP 	Sound probe started
109.2153 	EXP 	text_2: autoDraw = False
109.2153 	EXP 	text_2: autoDraw = False
109.4033 	EXP 	Sound probe reached end of file
109.4037 	EXP 	window1: recordFrameIntervals = False
109.4335 	EXP 	text_2: autoDraw = True
109.4347 	EXP 	window1: recordFrameIntervals = True
110.7273 	EXP 	New trial (rep=4, index=0): None
110.7282 	EXP 	Sound probe started
110.7573 	EXP 	text_2: autoDraw = False
110.7573 	EXP 	text_2: autoDraw = False
110.9466 	EXP 	Sound probe reached end of file
110.9470 	EXP 	window1: recordFrameIntervals = False
110.9639 	EXP 	text_2: autoDraw = True
110.9673 	EXP 	window1: recordFrameIntervals = True
112.2765 	EXP 	New trial (rep=5, index=0): None
112.2778 	EXP 	Sound probe started
112.2982 	EXP 	text_2: autoDraw = False
112.2982 	EXP 	text_2: autoDraw = False
112.4955 	EXP 	Sound probe reached end of file
112.4960 	EXP 	window1: recordFrameIntervals = False
112.5163 	EXP 	text_2: autoDraw = True
112.5175 	EXP 	window1: recordFrameIntervals = True
113.8208 	EXP 	New trial (rep=6, index=0): None
113.8245 	EXP 	Sound probe started
113.8433 	EXP 	text_2: autoDraw = False
113.8433 	EXP 	text_2: autoDraw = False
114.0356 	EXP 	Sound probe stopped
114.0377 	EXP 	window1: recordFrameIntervals = False
114.0629 	EXP 	text_2: autoDraw = True
114.0642 	EXP 	window1: recordFrameIntervals = True
115.3595 	EXP 	New trial (rep=7, index=0): None
115.3606 	EXP 	Sound probe started
115.3862 	EXP 	text_2: autoDraw = False
115.3862 	EXP 	text_2: autoDraw = False
115.5757 	EXP 	Sound probe reached end of file
115.5779 	EXP 	window1: recordFrameIntervals = False
115.5998 	EXP 	text_2: autoDraw = True
115.6012 	EXP 	window1: recordFrameIntervals = True
116.9009 	EXP 	New trial (rep=8, index=0): None
116.9020 	EXP 	Sound probe started
116.9374 	EXP 	text_2: autoDraw = False
116.9374 	EXP 	text_2: autoDraw = False
117.1243 	EXP 	Sound probe reached end of file
117.1247 	EXP 	window1: recordFrameIntervals = False
117.1565 	EXP 	text_2: autoDraw = True
117.1579 	EXP 	window1: recordFrameIntervals = True
118.2249 	DATA 	Keypress: space
118.4473 	EXP 	New trial (rep=9, index=0): None
118.4483 	EXP 	Sound probe started
118.4758 	EXP 	text_2: autoDraw = False
118.4758 	EXP 	text_2: autoDraw = False
118.6633 	EXP 	Sound probe reached end of file
118.6638 	EXP 	window1: recordFrameIntervals = False
118.6905 	EXP 	text_2: autoDraw = True
118.6918 	EXP 	window1: recordFrameIntervals = True
120.0122 	EXP 	text_2: autoDraw = False
120.0122 	EXP 	text_2: autoDraw = False
120.0122 	EXP 	break_txt: autoDraw = True
120.9631 	EXP 	New trial (rep=3, index=0): None
122.1834 	DATA 	Keypress: space
122.2004 	EXP 	break_txt: autoDraw = False
122.2004 	EXP 	text: height = 0.05
122.2004 	EXP 	text: height = 0.05
122.2004 	EXP 	text: text = 'RYTHME\n\nHAUTEUR'
122.2004 	EXP 	text: autoDraw = True
123.1939 	EXP 	Created sequence: sequential, trialTypes=1, nReps=11, seed=None
123.1941 	EXP 	New trial (rep=0, index=0): None
123.1955 	EXP 	Sound probe started
123.2266 	EXP 	text: autoDraw = False
123.2266 	EXP 	text: autoDraw = False
123.4204 	EXP 	Sound probe reached end of file
123.4208 	EXP 	window1: recordFrameIntervals = False
123.4422 	EXP 	text_2: autoDraw = True
123.4479 	EXP 	window1: recordFrameIntervals = True
124.4597 	EXP 	New trial (rep=1, index=0): None
124.4619 	EXP 	Sound probe started
124.4865 	EXP 	text_2: autoDraw = False
124.4865 	EXP 	text_2: autoDraw = False
124.6755 	EXP 	Sound probe reached end of file
124.6759 	EXP 	window1: recordFrameIntervals = False
124.7052 	EXP 	text_2: autoDraw = True
124.7067 	EXP 	window1: recordFrameIntervals = True
125.7142 	EXP 	New trial (rep=2, index=0): None
125.7180 	EXP 	Sound probe started
125.7390 	EXP 	text_2: autoDraw = False
125.7390 	EXP 	text_2: autoDraw = False
125.9358 	EXP 	Sound probe reached end of file
125.9371 	EXP 	window1: recordFrameIntervals = False
125.9559 	EXP 	text_2: autoDraw = True
125.9571 	EXP 	window1: recordFrameIntervals = True
126.9734 	EXP 	New trial (rep=3, index=0): None
126.9745 	EXP 	Sound probe started
127.0004 	EXP 	text_2: autoDraw = False
127.0004 	EXP 	text_2: autoDraw = False
127.1835 	EXP 	Sound probe reached end of file
127.1850 	EXP 	window1: recordFrameIntervals = False
127.2073 	EXP 	text_2: autoDraw = True
127.2085 	EXP 	window1: recordFrameIntervals = True
128.2261 	EXP 	New trial (rep=4, index=0): None
128.2272 	EXP 	Sound probe started
128.2543 	EXP 	text_2: autoDraw = False
128.2543 	EXP 	text_2: autoDraw = False
128.4434 	EXP 	Sound probe reached end of file
128.4439 	EXP 	window1: recordFrameIntervals = False
128.4736 	EXP 	text_2: autoDraw = True
128.4748 	EXP 	window1: recordFrameIntervals = True
129.4820 	EXP 	New trial (rep=5, index=0): None
129.4848 	EXP 	Sound probe started
129.5116 	EXP 	text_2: autoDraw = False
129.5116 	EXP 	text_2: autoDraw = False
129.7041 	EXP 	Sound probe reached end of file
129.7045 	EXP 	window1: recordFrameIntervals = False
129.7324 	EXP 	text_2: autoDraw = True
129.7338 	EXP 	window1: recordFrameIntervals = True
130.7413 	EXP 	New trial (rep=6, index=0): None
130.7422 	EXP 	Sound probe started
130.7669 	EXP 	text_2: autoDraw = False
130.7669 	EXP 	text_2: autoDraw = False
130.9558 	EXP 	Sound probe reached end of file
130.9578 	EXP 	window1: recordFrameIntervals = False
130.9834 	EXP 	text_2: autoDraw = True
130.9844 	EXP 	window1: recordFrameIntervals = True
131.9943 	EXP 	New trial (rep=7, index=0): None
131.9954 	EXP 	Sound probe started
132.0215 	EXP 	text_2: autoDraw = False
132.0215 	EXP 	text_2: autoDraw = False
132.2152 	EXP 	Sound probe reached end of file
132.2157 	EXP 	window1: recordFrameIntervals = False
132.2466 	EXP 	text_2: autoDraw = True
132.2479 	EXP 	window1: recordFrameIntervals = True
133.2547 	EXP 	New trial (rep=8, index=0): None
133.2588 	EXP 	Sound probe started
133.2824 	EXP 	text_2: autoDraw = False
133.2824 	EXP 	text_2: autoDraw = False
133.4716 	EXP 	Sound probe reached end of file
133.4732 	EXP 	window1: recordFrameIntervals = False
133.5002 	EXP 	text_2: autoDraw = True
133.5018 	EXP 	window1: recordFrameIntervals = True
134.5155 	EXP 	New trial (rep=9, index=0): None
134.5167 	EXP 	Sound probe started
134.5367 	EXP 	text_2: autoDraw = False
134.5367 	EXP 	text_2: autoDraw = False
134.6268 	DATA 	Keypress: space
134.7316 	EXP 	Sound probe reached end of file
134.7324 	EXP 	window1: recordFrameIntervals = False
134.7533 	EXP 	text_2: autoDraw = True
134.7548 	EXP 	window1: recordFrameIntervals = True
135.7734 	EXP 	New trial (rep=10, index=0): None
135.7779 	EXP 	Sound probe started
135.8050 	EXP 	text_2: autoDraw = False
135.8050 	EXP 	text_2: autoDraw = False
135.9915 	EXP 	Sound probe reached end of file
135.9920 	EXP 	window1: recordFrameIntervals = False
136.0205 	EXP 	text_2: autoDraw = True
136.0215 	EXP 	window1: recordFrameIntervals = True
137.0576 	EXP 	text_2: autoDraw = False
137.0576 	EXP 	text_2: autoDraw = False
137.0576 	EXP 	break_txt: autoDraw = True
138.2773 	EXP 	New trial (rep=4, index=0): None
140.7658 	DATA 	Keypress: space
140.7820 	EXP 	break_txt: autoDraw = False
140.7820 	EXP 	text: text = 'RYTHME\n\nHAUTEUR'
140.7820 	EXP 	text: autoDraw = True
141.8042 	EXP 	Created sequence: sequential, trialTypes=1, nReps=11, seed=None
141.8043 	EXP 	New trial (rep=0, index=0): None
141.8056 	EXP 	Sound probe started
141.8350 	EXP 	text: autoDraw = False
141.8350 	EXP 	text: autoDraw = False
142.0235 	EXP 	Sound probe reached end of file
142.0239 	EXP 	window1: recordFrameIntervals = False
142.0527 	EXP 	text_2: autoDraw = True
142.0539 	EXP 	window1: recordFrameIntervals = True
143.0936 	EXP 	New trial (rep=1, index=0): None
143.0946 	EXP 	Sound probe started
143.1254 	EXP 	text_2: autoDraw = False
143.1254 	EXP 	text_2: autoDraw = False
143.3115 	EXP 	Sound probe reached end of file
143.3119 	EXP 	window1: recordFrameIntervals = False
143.3400 	EXP 	text_2: autoDraw = True
143.3411 	EXP 	window1: recordFrameIntervals = True
144.3948 	EXP 	New trial (rep=2, index=0): None
144.3961 	EXP 	Sound probe started
144.4163 	EXP 	text_2: autoDraw = False
144.4163 	EXP 	text_2: autoDraw = False
144.6115 	EXP 	Sound probe reached end of file
144.6122 	EXP 	window1: recordFrameIntervals = False
144.6403 	EXP 	text_2: autoDraw = True
144.6415 	EXP 	window1: recordFrameIntervals = True
145.6826 	EXP 	New trial (rep=3, index=0): None
145.6851 	EXP 	Sound probe started
145.7128 	EXP 	text_2: autoDraw = False
145.7128 	EXP 	text_2: autoDraw = False
145.9036 	EXP 	Sound probe reached end of file
145.9056 	EXP 	window1: recordFrameIntervals = False
145.9297 	EXP 	text_2: autoDraw = True
145.9313 	EXP 	window1: recordFrameIntervals = True
146.9771 	EXP 	New trial (rep=4, index=0): None
146.9784 	EXP 	Sound probe started
147.0072 	EXP 	text_2: autoDraw = False
147.0072 	EXP 	text_2: autoDraw = False
147.1942 	EXP 	Sound probe reached end of file
147.1946 	EXP 	window1: recordFrameIntervals = False
147.2271 	EXP 	text_2: autoDraw = True
147.2283 	EXP 	window1: recordFrameIntervals = True
148.2664 	EXP 	New trial (rep=5, index=0): None
148.2674 	EXP 	Sound probe started
148.2977 	EXP 	text_2: autoDraw = False
148.2977 	EXP 	text_2: autoDraw = False
148.4847 	EXP 	Sound probe reached end of file
148.4852 	EXP 	window1: recordFrameIntervals = False
148.5182 	EXP 	text_2: autoDraw = True
148.5208 	EXP 	window1: recordFrameIntervals = True
149.5612 	EXP 	New trial (rep=6, index=0): None
149.5636 	EXP 	Sound probe started
149.5843 	EXP 	text_2: autoDraw = False
149.5843 	EXP 	text_2: autoDraw = False
149.7834 	EXP 	Sound probe reached end of file
149.7838 	EXP 	window1: recordFrameIntervals = False
149.8161 	EXP 	text_2: autoDraw = True
149.8174 	EXP 	window1: recordFrameIntervals = True
150.8541 	EXP 	New trial (rep=7, index=0): None
150.8555 	EXP 	Sound probe started
150.8810 	EXP 	text_2: autoDraw = False
150.8810 	EXP 	text_2: autoDraw = False
151.0715 	EXP 	Sound probe reached end of file
151.0727 	EXP 	window1: recordFrameIntervals = False
151.0980 	EXP 	text_2: autoDraw = True
151.0992 	EXP 	window1: recordFrameIntervals = True
152.1453 	EXP 	New trial (rep=8, index=0): None
152.1485 	EXP 	Sound probe started
152.1710 	EXP 	text_2: autoDraw = False
152.1710 	EXP 	text_2: autoDraw = False
152.3636 	EXP 	Sound probe reached end of file
152.3656 	EXP 	window1: recordFrameIntervals = False
152.3912 	EXP 	text_2: autoDraw = True
152.3927 	EXP 	window1: recordFrameIntervals = True
153.4354 	EXP 	New trial (rep=9, index=0): None
153.4364 	EXP 	Sound probe started
153.4613 	EXP 	text_2: autoDraw = False
153.4613 	EXP 	text_2: autoDraw = False
153.6514 	EXP 	Sound probe reached end of file
153.6519 	EXP 	window1: recordFrameIntervals = False
153.6777 	EXP 	text_2: autoDraw = True
153.6788 	EXP 	window1: recordFrameIntervals = True
154.7224 	EXP 	New trial (rep=10, index=0): None
154.7233 	EXP 	Sound probe started
154.7501 	EXP 	text_2: autoDraw = False
154.7501 	EXP 	text_2: autoDraw = False
154.9436 	EXP 	Sound probe reached end of file
154.9453 	EXP 	window1: recordFrameIntervals = False
154.9710 	EXP 	text_2: autoDraw = True
154.9724 	EXP 	window1: recordFrameIntervals = True
156.0460 	EXP 	text_2: autoDraw = False
156.0460 	EXP 	text_2: autoDraw = False
156.0460 	EXP 	break_txt: autoDraw = True
157.3010 	EXP 	New trial (rep=5, index=0): None
161.0840 	DATA 	Keypress: space
161.1022 	EXP 	break_txt: autoDraw = False
161.1022 	EXP 	text: text = 'RYTHME\n\nHAUTEUR'
161.1022 	EXP 	text: autoDraw = True
162.0905 	EXP 	Created sequence: sequential, trialTypes=1, nReps=12, seed=None
162.0906 	EXP 	New trial (rep=0, index=0): None
162.0919 	EXP 	Sound probe started
162.1181 	EXP 	text: autoDraw = False
162.1181 	EXP 	text: autoDraw = False
162.3114 	EXP 	Sound probe reached end of file
162.3118 	EXP 	window1: recordFrameIntervals = False
162.3387 	EXP 	text_2: autoDraw = True
162.3400 	EXP 	window1: recordFrameIntervals = True
163.6836 	EXP 	New trial (rep=1, index=0): None
163.6846 	EXP 	Sound probe started
163.7157 	EXP 	text_2: autoDraw = False
163.7157 	EXP 	text_2: autoDraw = False
163.8994 	EXP 	Sound probe reached end of file
163.8998 	EXP 	window1: recordFrameIntervals = False
163.9317 	EXP 	text_2: autoDraw = True
163.9330 	EXP 	window1: recordFrameIntervals = True
165.2738 	EXP 	New trial (rep=2, index=0): None
165.2780 	EXP 	Sound probe started
165.2988 	EXP 	text_2: autoDraw = False
165.2988 	EXP 	text_2: autoDraw = False
165.4915 	EXP 	Sound probe reached end of file
165.4931 	EXP 	window1: recordFrameIntervals = False
165.5131 	EXP 	text_2: autoDraw = True
165.5143 	EXP 	window1: recordFrameIntervals = True
166.8666 	EXP 	New trial (rep=3, index=0): None
166.8677 	EXP 	Sound probe started
166.8958 	EXP 	text_2: autoDraw = False
166.8958 	EXP 	text_2: autoDraw = False
167.0795 	EXP 	Sound probe reached end of file
167.0813 	EXP 	window1: recordFrameIntervals = False
167.1137 	EXP 	text_2: autoDraw = True
167.1149 	EXP 	window1: recordFrameIntervals = True
168.4545 	EXP 	New trial (rep=4, index=0): None
168.4556 	EXP 	Sound probe started
168.4860 	EXP 	text_2: autoDraw = False
168.4860 	EXP 	text_2: autoDraw = False
168.6744 	EXP 	Sound probe reached end of file
168.6764 	EXP 	window1: recordFrameIntervals = False
168.7066 	EXP 	text_2: autoDraw = True
168.7079 	EXP 	window1: recordFrameIntervals = True
170.0533 	EXP 	New trial (rep=5, index=0): None
170.0545 	EXP 	Sound probe started
170.0769 	EXP 	text_2: autoDraw = False
170.0769 	EXP 	text_2: autoDraw = False
170.2714 	EXP 	Sound probe reached end of file
170.2719 	EXP 	window1: recordFrameIntervals = False
170.2938 	EXP 	text_2: autoDraw = True
170.2949 	EXP 	window1: recordFrameIntervals = True
171.6444 	EXP 	New trial (rep=6, index=0): None
171.6483 	EXP 	Sound probe started
171.6715 	EXP 	text_2: autoDraw = False
171.6715 	EXP 	text_2: autoDraw = False
171.8593 	EXP 	Sound probe reached end of file
171.8598 	EXP 	window1: recordFrameIntervals = False
171.8886 	EXP 	text_2: autoDraw = True
171.8904 	EXP 	window1: recordFrameIntervals = True
173.2336 	EXP 	New trial (rep=7, index=0): None
173.2371 	EXP 	Sound probe started
173.2563 	EXP 	text_2: autoDraw = False
173.2563 	EXP 	text_2: autoDraw = False
173.4515 	EXP 	Sound probe reached end of file
173.4532 	EXP 	window1: recordFrameIntervals = False
173.4726 	EXP 	text_2: autoDraw = True
173.4742 	EXP 	window1: recordFrameIntervals = True
174.8291 	EXP 	New trial (rep=8, index=0): None
174.8301 	EXP 	Sound probe started
174.8630 	EXP 	text_2: autoDraw = False
174.8630 	EXP 	text_2: autoDraw = False
175.0458 	EXP 	Sound probe reached end of file
175.0462 	EXP 	window1: recordFrameIntervals = False
175.0772 	EXP 	text_2: autoDraw = True
175.0784 	EXP 	window1: recordFrameIntervals = True
176.1950 	DATA 	Keypress: space
176.3516 	DATA 	Keypress: space
176.4225 	EXP 	New trial (rep=9, index=0): None
176.4249 	EXP 	Sound probe started
176.4444 	EXP 	text_2: autoDraw = False
176.4444 	EXP 	text_2: autoDraw = False
176.5801 	DATA 	Keypress: space
176.6314 	EXP 	Sound probe stopped
176.6321 	EXP 	window1: recordFrameIntervals = False
176.6645 	EXP 	text_2: autoDraw = True
176.6678 	EXP 	window1: recordFrameIntervals = True
177.7794 	DATA 	Keypress: space
178.0063 	EXP 	New trial (rep=10, index=0): None
178.0091 	EXP 	Sound probe started
178.0279 	EXP 	text_2: autoDraw = False
178.0279 	EXP 	text_2: autoDraw = False
178.2193 	EXP 	Sound probe reached end of file
178.2211 	EXP 	window1: recordFrameIntervals = False
178.2444 	EXP 	text_2: autoDraw = True
178.2457 	EXP 	window1: recordFrameIntervals = True
179.5958 	EXP 	New trial (rep=11, index=0): None
179.5968 	EXP 	Sound probe started
179.6238 	EXP 	text_2: autoDraw = False
179.6238 	EXP 	text_2: autoDraw = False
179.8113 	EXP 	Sound probe reached end of file
179.8117 	EXP 	window1: recordFrameIntervals = False
179.8407 	EXP 	text_2: autoDraw = True
179.8419 	EXP 	window1: recordFrameIntervals = True
181.2090 	EXP 	text_2: autoDraw = False
181.2090 	EXP 	text_2: autoDraw = False
181.2090 	EXP 	break_txt: autoDraw = True
182.0554 	EXP 	New trial (rep=6, index=0): None
183.1886 	DATA 	Keypress: space
183.2048 	EXP 	break_txt: autoDraw = False
183.2048 	EXP 	text: height = 0.05
183.2048 	EXP 	text: height = 0.05
183.2048 	EXP 	text: text = 'HAUTEUR'
183.2048 	EXP 	text: autoDraw = True
184.2233 	EXP 	Created sequence: sequential, trialTypes=1, nReps=9, seed=None
184.2235 	EXP 	New trial (rep=0, index=0): None
184.2248 	EXP 	Sound probe started
184.2561 	EXP 	text: autoDraw = False
184.2561 	EXP 	text: autoDraw = False
184.4397 	EXP 	Sound probe reached end of file
184.4420 	EXP 	window1: recordFrameIntervals = False
184.4681 	EXP 	text_2: autoDraw = True
184.4694 	EXP 	window1: recordFrameIntervals = True
185.9655 	EXP 	New trial (rep=1, index=0): None
185.9683 	EXP 	Sound probe started
185.9883 	EXP 	text_2: autoDraw = False
185.9883 	EXP 	text_2: autoDraw = False
186.1874 	EXP 	Sound probe reached end of file
186.1878 	EXP 	window1: recordFrameIntervals = False
186.2087 	EXP 	text_2: autoDraw = True
186.2098 	EXP 	window1: recordFrameIntervals = True
188.3539 	EXP 	New trial (rep=2, index=0): None
188.3565 	EXP 	Sound probe started
188.3788 	EXP 	text_2: autoDraw = False
188.3788 	EXP 	text_2: autoDraw = False
188.5673 	EXP 	Sound probe reached end of file
188.5678 	EXP 	window1: recordFrameIntervals = False
188.5961 	EXP 	text_2: autoDraw = True
188.5974 	EXP 	window1: recordFrameIntervals = True
190.8708 	EXP 	New trial (rep=3, index=0): None
190.8718 	EXP 	Sound probe started
190.8963 	EXP 	text_2: autoDraw = False
190.8963 	EXP 	text_2: autoDraw = False
191.0870 	EXP 	Sound probe reached end of file
191.0874 	EXP 	window1: recordFrameIntervals = False
191.1038 	EXP 	text_2: autoDraw = True
191.1049 	EXP 	window1: recordFrameIntervals = True
193.0438 	EXP 	New trial (rep=4, index=0): None
193.0448 	EXP 	Sound probe started
193.0707 	EXP 	text_2: autoDraw = False
193.0707 	EXP 	text_2: autoDraw = False
193.2593 	EXP 	Sound probe reached end of file
193.2597 	EXP 	window1: recordFrameIntervals = False
193.2885 	EXP 	text_2: autoDraw = True
193.2895 	EXP 	window1: recordFrameIntervals = True
194.5859 	EXP 	New trial (rep=5, index=0): None
194.5901 	EXP 	Sound probe started
194.6133 	EXP 	text_2: autoDraw = False
194.6133 	EXP 	text_2: autoDraw = False
194.8075 	EXP 	Sound probe reached end of file
194.8100 	EXP 	window1: recordFrameIntervals = False
194.8363 	EXP 	text_2: autoDraw = True
194.8393 	EXP 	window1: recordFrameIntervals = True
196.6134 	EXP 	New trial (rep=6, index=0): None
196.6145 	EXP 	Sound probe started
196.6418 	EXP 	text_2: autoDraw = False
196.6418 	EXP 	text_2: autoDraw = False
196.8273 	EXP 	Sound probe reached end of file
196.8277 	EXP 	window1: recordFrameIntervals = False
196.8558 	EXP 	text_2: autoDraw = True
196.8570 	EXP 	window1: recordFrameIntervals = True
197.9160 	EXP 	New trial (rep=7, index=0): None
197.9170 	EXP 	Sound probe started
197.9420 	EXP 	text_2: autoDraw = False
197.9420 	EXP 	text_2: autoDraw = False
198.1272 	EXP 	Sound probe reached end of file
198.1277 	EXP 	window1: recordFrameIntervals = False
198.1583 	EXP 	text_2: autoDraw = True
198.1597 	EXP 	window1: recordFrameIntervals = True
200.7784 	EXP 	New trial (rep=8, index=0): None
200.7821 	EXP 	Sound probe started
200.8014 	EXP 	text_2: autoDraw = False
200.8014 	EXP 	text_2: autoDraw = False
200.9995 	EXP 	Sound probe reached end of file
201.0013 	EXP 	window1: recordFrameIntervals = False
201.0224 	EXP 	text_2: autoDraw = True
201.0237 	EXP 	window1: recordFrameIntervals = True
202.9206 	EXP 	text_2: autoDraw = False
202.9206 	EXP 	text_2: autoDraw = False
202.9206 	EXP 	break_txt: autoDraw = True
204.1462 	EXP 	New trial (rep=7, index=0): None
208.1922 	DATA 	Keypress: space
208.2109 	EXP 	break_txt: autoDraw = False
208.2109 	EXP 	text: height = 0.05
208.2109 	EXP 	text: height = 0.05
208.2109 	EXP 	text: text = 'RYTHME'
208.2109 	EXP 	text: autoDraw = True
209.2254 	EXP 	Created sequence: sequential, trialTypes=1, nReps=15, seed=None
209.2255 	EXP 	New trial (rep=0, index=0): None
209.2270 	EXP 	Sound probe started
209.2552 	EXP 	text: autoDraw = False
209.2552 	EXP 	text: autoDraw = False
209.4407 	EXP 	Sound probe reached end of file
209.4412 	EXP 	window1: recordFrameIntervals = False
209.4701 	EXP 	text_2: autoDraw = True
209.4713 	EXP 	window1: recordFrameIntervals = True
211.3611 	EXP 	New trial (rep=1, index=0): None
211.3622 	EXP 	Sound probe started
211.3898 	EXP 	text_2: autoDraw = False
211.3898 	EXP 	text_2: autoDraw = False
211.5751 	EXP 	Sound probe reached end of file
211.5755 	EXP 	window1: recordFrameIntervals = False
211.6023 	EXP 	text_2: autoDraw = True
211.6036 	EXP 	window1: recordFrameIntervals = True
213.2706 	DATA 	Keypress: space
213.4967 	EXP 	New trial (rep=2, index=0): None
213.4978 	EXP 	Sound probe started
213.5249 	EXP 	text_2: autoDraw = False
213.5249 	EXP 	text_2: autoDraw = False
213.7153 	EXP 	Sound probe reached end of file
213.7157 	EXP 	window1: recordFrameIntervals = False
213.7454 	EXP 	text_2: autoDraw = True
213.7465 	EXP 	window1: recordFrameIntervals = True
215.6363 	EXP 	New trial (rep=3, index=0): None
215.6374 	EXP 	Sound probe started
215.6643 	EXP 	text_2: autoDraw = False
215.6643 	EXP 	text_2: autoDraw = False
215.8554 	EXP 	Sound probe reached end of file
215.8558 	EXP 	window1: recordFrameIntervals = False
215.8860 	EXP 	text_2: autoDraw = True
215.8873 	EXP 	window1: recordFrameIntervals = True
217.7811 	EXP 	New trial (rep=4, index=0): None
217.7845 	EXP 	Sound probe started
217.8036 	EXP 	text_2: autoDraw = False
217.8036 	EXP 	text_2: autoDraw = False
217.9956 	EXP 	Sound probe reached end of file
217.9977 	EXP 	window1: recordFrameIntervals = False
218.0258 	EXP 	text_2: autoDraw = True
218.0270 	EXP 	window1: recordFrameIntervals = True
219.6937 	DATA 	Keypress: space
219.9205 	EXP 	New trial (rep=5, index=0): None
219.9216 	EXP 	Sound probe started
219.9476 	EXP 	text_2: autoDraw = False
219.9476 	EXP 	text_2: autoDraw = False
220.1354 	EXP 	Sound probe reached end of file
220.1358 	EXP 	window1: recordFrameIntervals = False
220.1657 	EXP 	text_2: autoDraw = True
220.1670 	EXP 	window1: recordFrameIntervals = True
222.0558 	EXP 	New trial (rep=6, index=0): None
222.0569 	EXP 	Sound probe started
222.0847 	EXP 	text_2: autoDraw = False
222.0847 	EXP 	text_2: autoDraw = False
222.2755 	EXP 	Sound probe reached end of file
222.2774 	EXP 	window1: recordFrameIntervals = False
222.3068 	EXP 	text_2: autoDraw = True
222.3082 	EXP 	window1: recordFrameIntervals = True
223.9723 	DATA 	Keypress: space
224.2011 	EXP 	New trial (rep=7, index=0): None
224.2047 	EXP 	Sound probe started
224.2282 	EXP 	text_2: autoDraw = False
224.2282 	EXP 	text_2: autoDraw = False
224.4172 	EXP 	Sound probe reached end of file
224.4177 	EXP 	window1: recordFrameIntervals = False
224.4465 	EXP 	text_2: autoDraw = True
224.4477 	EXP 	window1: recordFrameIntervals = True
226.3421 	EXP 	New trial (rep=8, index=0): None
226.3440 	EXP 	Sound probe started
226.3659 	EXP 	text_2: autoDraw = False
226.3659 	EXP 	text_2: autoDraw = False
226.5555 	EXP 	Sound probe reached end of file
226.5575 	EXP 	window1: recordFrameIntervals = False
226.5816 	EXP 	text_2: autoDraw = True
226.5828 	EXP 	window1: recordFrameIntervals = True
228.2529 	DATA 	Keypress: space
228.4853 	EXP 	New trial (rep=9, index=0): None
228.4865 	EXP 	Sound probe started
228.5063 	EXP 	text_2: autoDraw = False
228.5063 	EXP 	text_2: autoDraw = False
228.6954 	EXP 	Sound probe reached end of file
228.6977 	EXP 	window1: recordFrameIntervals = False
228.7185 	EXP 	text_2: autoDraw = True
228.7197 	EXP 	window1: recordFrameIntervals = True
230.6178 	EXP 	New trial (rep=10, index=0): None
230.6190 	EXP 	Sound probe started
230.6449 	EXP 	text_2: autoDraw = False
230.6449 	EXP 	text_2: autoDraw = False
230.8352 	EXP 	Sound probe reached end of file
230.8357 	EXP 	window1: recordFrameIntervals = False
230.8654 	EXP 	text_2: autoDraw = True
230.8665 	EXP 	window1: recordFrameIntervals = True
232.7731 	EXP 	New trial (rep=11, index=0): None
232.7743 	EXP 	Sound probe started
232.7952 	EXP 	text_2: autoDraw = False
232.7952 	EXP 	text_2: autoDraw = False
232.9875 	EXP 	Sound probe reached end of file
232.9880 	EXP 	window1: recordFrameIntervals = False
233.0173 	EXP 	text_2: autoDraw = True
233.0183 	EXP 	window1: recordFrameIntervals = True
234.9111 	EXP 	New trial (rep=12, index=0): None
234.9147 	EXP 	Sound probe started
234.9374 	EXP 	text_2: autoDraw = False
234.9374 	EXP 	text_2: autoDraw = False
235.1234 	EXP 	Sound probe reached end of file
235.1238 	EXP 	window1: recordFrameIntervals = False
235.1534 	EXP 	text_2: autoDraw = True
235.1545 	EXP 	window1: recordFrameIntervals = True
237.0455 	EXP 	New trial (rep=13, index=0): None
237.0484 	EXP 	Sound probe started
237.0722 	EXP 	text_2: autoDraw = False
237.0722 	EXP 	text_2: autoDraw = False
237.2634 	EXP 	Sound probe reached end of file
237.2650 	EXP 	window1: recordFrameIntervals = False
237.2941 	EXP 	text_2: autoDraw = True
237.2969 	EXP 	window1: recordFrameIntervals = True
239.1890 	EXP 	New trial (rep=14, index=0): None
239.1905 	EXP 	Sound probe started
239.2095 	EXP 	text_2: autoDraw = False
239.2095 	EXP 	text_2: autoDraw = False
239.4036 	EXP 	Sound probe reached end of file
239.4056 	EXP 	window1: recordFrameIntervals = False
239.4248 	EXP 	text_2: autoDraw = True
239.4260 	EXP 	window1: recordFrameIntervals = True
241.3568 	EXP 	text_2: autoDraw = False
241.3568 	EXP 	text_2: autoDraw = False
241.3568 	EXP 	break_txt: autoDraw = True
242.3234 	EXP 	New trial (rep=8, index=0): None
244.0739 	DATA 	Keypress: space
244.0740 	DATA 	Keypress: space
244.0902 	EXP 	break_txt: autoDraw = False
244.0902 	EXP 	text: height = 0.05
244.0902 	EXP 	text: height = 0.05
244.0902 	EXP 	text: text = 'HAUTEUR'
244.0902 	EXP 	text: autoDraw = True
245.0851 	EXP 	Created sequence: sequential, trialTypes=1, nReps=14, seed=None
245.0852 	EXP 	New trial (rep=0, index=0): None
245.0864 	EXP 	Sound probe started
245.1185 	EXP 	text: autoDraw = False
245.1185 	EXP 	text: autoDraw = False
245.3035 	EXP 	Sound probe reached end of file
245.3040 	EXP 	window1: recordFrameIntervals = False
245.3354 	EXP 	text_2: autoDraw = True
245.3366 	EXP 	window1: recordFrameIntervals = True
246.7559 	EXP 	New trial (rep=1, index=0): None
246.7591 	EXP 	Sound probe started
246.7855 	EXP 	text_2: autoDraw = False
246.7855 	EXP 	text_2: autoDraw = False
246.9754 	EXP 	Sound probe reached end of file
246.9774 	EXP 	window1: recordFrameIntervals = False
247.0031 	EXP 	text_2: autoDraw = True
247.0044 	EXP 	window1: recordFrameIntervals = True
249.5017 	EXP 	New trial (rep=2, index=0): None
249.5029 	EXP 	Sound probe started
249.5288 	EXP 	text_2: autoDraw = False
249.5288 	EXP 	text_2: autoDraw = False
249.7152 	EXP 	Sound probe reached end of file
249.7156 	EXP 	window1: recordFrameIntervals = False
249.7477 	EXP 	text_2: autoDraw = True
249.7492 	EXP 	window1: recordFrameIntervals = True
252.1599 	EXP 	New trial (rep=3, index=0): None
252.1610 	EXP 	Sound probe started
252.1878 	EXP 	text_2: autoDraw = False
252.1878 	EXP 	text_2: autoDraw = False
252.3753 	EXP 	Sound probe reached end of file
252.3756 	EXP 	window1: recordFrameIntervals = False
252.4067 	EXP 	text_2: autoDraw = True
252.4081 	EXP 	window1: recordFrameIntervals = True
253.6650 	EXP 	New trial (rep=4, index=0): None
253.6685 	EXP 	Sound probe started
253.6938 	EXP 	text_2: autoDraw = False
253.6938 	EXP 	text_2: autoDraw = False
253.8835 	EXP 	Sound probe reached end of file
253.8851 	EXP 	window1: recordFrameIntervals = False
253.9062 	EXP 	text_2: autoDraw = True
253.9074 	EXP 	window1: recordFrameIntervals = True
255.3726 	EXP 	New trial (rep=5, index=0): None
255.3745 	EXP 	Sound probe started
255.3938 	EXP 	text_2: autoDraw = False
255.3938 	EXP 	text_2: autoDraw = False
255.5832 	EXP 	Sound probe reached end of file
255.5849 	EXP 	window1: recordFrameIntervals = False
255.6109 	EXP 	text_2: autoDraw = True
255.6122 	EXP 	window1: recordFrameIntervals = True
258.0273 	DATA 	Keypress: up
258.0276 	DATA 	Keypress: left
258.0277 	DATA 	Keypress: down
258.0278 	DATA 	Keypress: right
258.2548 	EXP 	New trial (rep=6, index=0): None
258.2586 	EXP 	Sound probe started
258.2800 	EXP 	text_2: autoDraw = False
258.2800 	EXP 	text_2: autoDraw = False
258.4755 	EXP 	Sound probe reached end of file
258.4774 	EXP 	window1: recordFrameIntervals = False
258.4997 	EXP 	text_2: autoDraw = True
258.5009 	EXP 	window1: recordFrameIntervals = True
260.7995 	EXP 	New trial (rep=7, index=0): None
260.8006 	EXP 	Sound probe started
260.8316 	EXP 	text_2: autoDraw = False
260.8316 	EXP 	text_2: autoDraw = False
261.0221 	EXP 	Sound probe reached end of file
261.0225 	EXP 	window1: recordFrameIntervals = False
261.0506 	EXP 	text_2: autoDraw = True
261.0517 	EXP 	window1: recordFrameIntervals = True
262.0738 	EXP 	New trial (rep=8, index=0): None
262.0772 	EXP 	Sound probe started
262.0991 	EXP 	text_2: autoDraw = False
262.0991 	EXP 	text_2: autoDraw = False
262.1273 	DATA 	Keypress: space
262.2915 	EXP 	Sound probe reached end of file
262.2934 	EXP 	window1: recordFrameIntervals = False
262.3245 	EXP 	text_2: autoDraw = True
262.3258 	EXP 	window1: recordFrameIntervals = True
265.2879 	EXP 	New trial (rep=9, index=0): None
265.2890 	EXP 	Sound probe started
265.3157 	EXP 	text_2: autoDraw = False
265.3157 	EXP 	text_2: autoDraw = False
265.5032 	EXP 	Sound probe reached end of file
265.5036 	EXP 	window1: recordFrameIntervals = False
265.5295 	EXP 	text_2: autoDraw = True
265.5306 	EXP 	window1: recordFrameIntervals = True
267.0244 	EXP 	New trial (rep=10, index=0): None
267.0257 	EXP 	Sound probe started
267.0464 	EXP 	text_2: autoDraw = False
267.0464 	EXP 	text_2: autoDraw = False
267.2315 	EXP 	Sound probe stopped
267.2336 	EXP 	window1: recordFrameIntervals = False
267.2578 	EXP 	text_2: autoDraw = True
267.2593 	EXP 	window1: recordFrameIntervals = True
269.3147 	EXP 	New trial (rep=11, index=0): None
269.3190 	EXP 	Sound probe started
269.3441 	EXP 	text_2: autoDraw = False
269.3441 	EXP 	text_2: autoDraw = False
269.5313 	EXP 	Sound probe reached end of file
269.5330 	EXP 	window1: recordFrameIntervals = False
269.5589 	EXP 	text_2: autoDraw = True
269.5603 	EXP 	window1: recordFrameIntervals = True
270.7967 	EXP 	New trial (rep=12, index=0): None
270.7979 	EXP 	Sound probe started
270.8178 	EXP 	text_2: autoDraw = False
270.8178 	EXP 	text_2: autoDraw = False
271.0113 	EXP 	Sound probe reached end of file
271.0117 	EXP 	window1: recordFrameIntervals = False
271.0385 	EXP 	text_2: autoDraw = True
271.0397 	EXP 	window1: recordFrameIntervals = True
272.7453 	EXP 	New trial (rep=13, index=0): None
272.7462 	EXP 	Sound probe started
272.7739 	EXP 	text_2: autoDraw = False
272.7739 	EXP 	text_2: autoDraw = False
272.9632 	EXP 	Sound probe reached end of file
272.9636 	EXP 	window1: recordFrameIntervals = False
272.9919 	EXP 	text_2: autoDraw = True
272.9930 	EXP 	window1: recordFrameIntervals = True
274.9570 	EXP 	text_2: autoDraw = False
274.9570 	EXP 	text_2: autoDraw = False
274.9570 	EXP 	break_txt: autoDraw = True
276.9213 	EXP 	New trial (rep=9, index=0): None
280.6565 	DATA 	Keypress: space
280.6730 	EXP 	break_txt: autoDraw = False
280.6730 	EXP 	text: height = 0.05
280.6730 	EXP 	text: height = 0.05
280.6730 	EXP 	text: text = 'RYTHME'
280.6730 	EXP 	text: autoDraw = True
281.6898 	EXP 	Created sequence: sequential, trialTypes=1, nReps=11, seed=None
281.6899 	EXP 	New trial (rep=0, index=0): None
281.6910 	EXP 	Sound probe started
281.7215 	EXP 	text: autoDraw = False
281.7215 	EXP 	text: autoDraw = False
281.9034 	EXP 	Sound probe stopped
281.9058 	EXP 	window1: recordFrameIntervals = False
281.9339 	EXP 	text_2: autoDraw = True
281.9351 	EXP 	window1: recordFrameIntervals = True
282.9518 	EXP 	New trial (rep=1, index=0): None
282.9545 	EXP 	Sound probe started
282.9738 	EXP 	text_2: autoDraw = False
282.9738 	EXP 	text_2: autoDraw = False
283.1632 	EXP 	Sound probe stopped
283.1649 	EXP 	window1: recordFrameIntervals = False
283.1933 	EXP 	text_2: autoDraw = True
283.1968 	EXP 	window1: recordFrameIntervals = True
284.2073 	EXP 	New trial (rep=2, index=0): None
284.2084 	EXP 	Sound probe started
284.2362 	EXP 	text_2: autoDraw = False
284.2362 	EXP 	text_2: autoDraw = False
284.4194 	EXP 	Sound probe reached end of file
284.4207 	EXP 	window1: recordFrameIntervals = False
284.4400 	EXP 	text_2: autoDraw = True
284.4416 	EXP 	window1: recordFrameIntervals = True
285.4765 	EXP 	New trial (rep=3, index=0): None
285.4778 	EXP 	Sound probe started
285.4993 	EXP 	text_2: autoDraw = False
285.4993 	EXP 	text_2: autoDraw = False
285.6915 	EXP 	Sound probe reached end of file
285.6921 	EXP 	window1: recordFrameIntervals = False
285.7151 	EXP 	text_2: autoDraw = True
285.7164 	EXP 	window1: recordFrameIntervals = True
286.7359 	EXP 	New trial (rep=4, index=0): None
286.7395 	EXP 	Sound probe started
286.7599 	EXP 	text_2: autoDraw = False
286.7599 	EXP 	text_2: autoDraw = False
286.9514 	EXP 	Sound probe stopped
286.9533 	EXP 	window1: recordFrameIntervals = False
286.9796 	EXP 	text_2: autoDraw = True
286.9809 	EXP 	window1: recordFrameIntervals = True
287.9965 	EXP 	New trial (rep=5, index=0): None
287.9975 	EXP 	Sound probe started
288.0244 	EXP 	text_2: autoDraw = False
288.0244 	EXP 	text_2: autoDraw = False
288.2114 	EXP 	Sound probe reached end of file
288.2118 	EXP 	window1: recordFrameIntervals = False
288.2409 	EXP 	text_2: autoDraw = True
288.2420 	EXP 	window1: recordFrameIntervals = True
289.2585 	EXP 	New trial (rep=6, index=0): None
289.2610 	EXP 	Sound probe started
289.2822 	EXP 	text_2: autoDraw = False
289.2822 	EXP 	text_2: autoDraw = False
289.4791 	EXP 	Sound probe reached end of file
289.4796 	EXP 	window1: recordFrameIntervals = False
289.5010 	EXP 	text_2: autoDraw = True
289.5021 	EXP 	window1: recordFrameIntervals = True
290.5258 	EXP 	New trial (rep=7, index=0): None
290.5281 	EXP 	Sound probe started
290.5471 	EXP 	text_2: autoDraw = False
290.5471 	EXP 	text_2: autoDraw = False
290.7394 	EXP 	Sound probe reached end of file
290.7417 	EXP 	window1: recordFrameIntervals = False
290.7694 	EXP 	text_2: autoDraw = True
290.7705 	EXP 	window1: recordFrameIntervals = True
291.7850 	EXP 	New trial (rep=8, index=0): None
291.7860 	EXP 	Sound probe started
291.8121 	EXP 	text_2: autoDraw = False
291.8121 	EXP 	text_2: autoDraw = False
291.9995 	EXP 	Sound probe reached end of file
292.0000 	EXP 	window1: recordFrameIntervals = False
292.0261 	EXP 	text_2: autoDraw = True
292.0273 	EXP 	window1: recordFrameIntervals = True
293.0447 	EXP 	New trial (rep=9, index=0): None
293.0473 	EXP 	Sound probe started
293.0687 	EXP 	text_2: autoDraw = False
293.0687 	EXP 	text_2: autoDraw = False
293.2594 	EXP 	Sound probe reached end of file
293.2610 	EXP 	window1: recordFrameIntervals = False
293.2830 	EXP 	text_2: autoDraw = True
293.2843 	EXP 	window1: recordFrameIntervals = True
294.3038 	EXP 	New trial (rep=10, index=0): None
294.3049 	EXP 	Sound probe started
294.3322 	EXP 	text_2: autoDraw = False
294.3322 	EXP 	text_2: autoDraw = False
294.5193 	EXP 	Sound probe reached end of file
294.5197 	EXP 	window1: recordFrameIntervals = False
294.5500 	EXP 	text_2: autoDraw = True
294.5512 	EXP 	window1: recordFrameIntervals = True
295.5874 	EXP 	text_2: autoDraw = False
295.5874 	EXP 	text_2: autoDraw = False
295.5874 	EXP 	break_txt: autoDraw = True
296.5080 	EXP 	New trial (rep=10, index=0): None
300.0230 	DATA 	Keypress: space
300.0395 	EXP 	break_txt: autoDraw = False
300.0395 	EXP 	text: height = 0.05
300.0395 	EXP 	text: height = 0.05
300.0395 	EXP 	text: text = 'RYTHME\n\nHAUTEUR'
300.0395 	EXP 	text: autoDraw = True
301.0448 	EXP 	Created sequence: sequential, trialTypes=1, nReps=8, seed=None
301.0449 	EXP 	New trial (rep=0, index=0): None
301.0462 	EXP 	Sound probe started
301.0767 	EXP 	text: autoDraw = False
301.0767 	EXP 	text: autoDraw = False
301.2594 	EXP 	Sound probe reached end of file
301.2619 	EXP 	window1: recordFrameIntervals = False
301.2879 	EXP 	text_2: autoDraw = True
301.2892 	EXP 	window1: recordFrameIntervals = True
303.2771 	EXP 	New trial (rep=1, index=0): None
303.2780 	EXP 	Sound probe started
303.3031 	EXP 	text_2: autoDraw = False
303.3031 	EXP 	text_2: autoDraw = False
303.4915 	EXP 	Sound probe reached end of file
303.4933 	EXP 	window1: recordFrameIntervals = False
303.5186 	EXP 	text_2: autoDraw = True
303.5200 	EXP 	window1: recordFrameIntervals = True
305.5068 	EXP 	New trial (rep=2, index=0): None
305.5100 	EXP 	Sound probe started
305.5287 	EXP 	text_2: autoDraw = False
305.5287 	EXP 	text_2: autoDraw = False
305.7194 	EXP 	Sound probe reached end of file
305.7210 	EXP 	window1: recordFrameIntervals = False
305.7446 	EXP 	text_2: autoDraw = True
305.7458 	EXP 	window1: recordFrameIntervals = True
307.7389 	EXP 	New trial (rep=3, index=0): None
307.7424 	EXP 	Sound probe started
307.7636 	EXP 	text_2: autoDraw = False
307.7636 	EXP 	text_2: autoDraw = False
307.9591 	EXP 	Sound probe reached end of file
307.9602 	EXP 	window1: recordFrameIntervals = False
307.9890 	EXP 	text_2: autoDraw = True
307.9902 	EXP 	window1: recordFrameIntervals = True
309.9710 	EXP 	New trial (rep=4, index=0): None
309.9721 	EXP 	Sound probe started
309.9981 	EXP 	text_2: autoDraw = False
309.9981 	EXP 	text_2: autoDraw = False
310.1872 	EXP 	Sound probe reached end of file
310.1876 	EXP 	window1: recordFrameIntervals = False
310.2158 	EXP 	text_2: autoDraw = True
310.2169 	EXP 	window1: recordFrameIntervals = True
312.2043 	EXP 	New trial (rep=5, index=0): None
312.2055 	EXP 	Sound probe started
312.2277 	EXP 	text_2: autoDraw = False
312.2277 	EXP 	text_2: autoDraw = False
312.3479 	DATA 	Keypress: space
312.4194 	EXP 	Sound probe reached end of file
312.4199 	EXP 	window1: recordFrameIntervals = False
312.4407 	EXP 	text_2: autoDraw = True
312.4424 	EXP 	window1: recordFrameIntervals = True
314.4355 	EXP 	New trial (rep=6, index=0): None
314.4369 	EXP 	Sound probe started
314.4590 	EXP 	text_2: autoDraw = False
314.4590 	EXP 	text_2: autoDraw = False
314.6474 	EXP 	Sound probe reached end of file
314.6495 	EXP 	window1: recordFrameIntervals = False
314.6743 	EXP 	text_2: autoDraw = True
314.6756 	EXP 	window1: recordFrameIntervals = True
316.6651 	EXP 	New trial (rep=7, index=0): None
316.6685 	EXP 	Sound probe started
316.6929 	EXP 	text_2: autoDraw = False
316.6929 	EXP 	text_2: autoDraw = False
316.8873 	EXP 	Sound probe reached end of file
316.8893 	EXP 	window1: recordFrameIntervals = False
316.9135 	EXP 	text_2: autoDraw = True
316.9148 	EXP 	window1: recordFrameIntervals = True
318.9266 	EXP 	text_2: autoDraw = False
318.9266 	EXP 	text_2: autoDraw = False
318.9266 	EXP 	break_txt: autoDraw = True
320.4683 	EXP 	New trial (rep=11, index=0): None
324.1792 	DATA 	Keypress: up
324.1986 	EXP 	break_txt: autoDraw = False
324.1986 	EXP 	text: text = 'RYTHME\n\nHAUTEUR'
324.1986 	EXP 	text: autoDraw = True
325.1990 	EXP 	Created sequence: sequential, trialTypes=1, nReps=8, seed=None
325.1992 	EXP 	New trial (rep=0, index=0): None
325.2008 	EXP 	Sound probe started
325.2351 	EXP 	text: autoDraw = False
325.2351 	EXP 	text: autoDraw = False
325.4195 	EXP 	Sound probe reached end of file
325.4206 	EXP 	window1: recordFrameIntervals = False
325.4433 	EXP 	text_2: autoDraw = True
325.4445 	EXP 	window1: recordFrameIntervals = True
326.8012 	EXP 	New trial (rep=1, index=0): None
326.8022 	EXP 	Sound probe started
326.8298 	EXP 	text_2: autoDraw = False
326.8298 	EXP 	text_2: autoDraw = False
327.0192 	EXP 	Sound probe reached end of file
327.0196 	EXP 	window1: recordFrameIntervals = False
327.0451 	EXP 	text_2: autoDraw = True
327.0461 	EXP 	window1: recordFrameIntervals = True
328.4027 	EXP 	New trial (rep=2, index=0): None
328.4038 	EXP 	Sound probe started
328.4264 	EXP 	text_2: autoDraw = False
328.4264 	EXP 	text_2: autoDraw = False
328.6193 	EXP 	Sound probe reached end of file
328.6214 	EXP 	window1: recordFrameIntervals = False
328.6438 	EXP 	text_2: autoDraw = True
328.6450 	EXP 	window1: recordFrameIntervals = True
330.0103 	EXP 	New trial (rep=3, index=0): None
330.0116 	EXP 	Sound probe started
330.0310 	EXP 	text_2: autoDraw = False
330.0310 	EXP 	text_2: autoDraw = False
330.2272 	EXP 	Sound probe reached end of file
330.2278 	EXP 	window1: recordFrameIntervals = False
330.2501 	EXP 	text_2: autoDraw = True
330.2514 	EXP 	window1: recordFrameIntervals = True
331.6066 	EXP 	New trial (rep=4, index=0): None
331.6076 	EXP 	Sound probe started
331.6324 	EXP 	text_2: autoDraw = False
331.6324 	EXP 	text_2: autoDraw = False
331.8272 	EXP 	Sound probe reached end of file
331.8276 	EXP 	window1: recordFrameIntervals = False
331.8603 	EXP 	text_2: autoDraw = True
331.8615 	EXP 	window1: recordFrameIntervals = True
332.9805 	DATA 	Keypress: space
333.2077 	EXP 	New trial (rep=5, index=0): None
333.2089 	EXP 	Sound probe started
333.2351 	EXP 	text_2: autoDraw = False
333.2351 	EXP 	text_2: autoDraw = False
333.4272 	EXP 	Sound probe reached end of file
333.4276 	EXP 	window1: recordFrameIntervals = False
333.4568 	EXP 	text_2: autoDraw = True
333.4579 	EXP 	window1: recordFrameIntervals = True
334.8165 	EXP 	New trial (rep=6, index=0): None
334.8176 	EXP 	Sound probe started
334.8378 	EXP 	text_2: autoDraw = False
334.8378 	EXP 	text_2: autoDraw = False
335.0356 	EXP 	Sound probe reached end of file
335.0373 	EXP 	window1: recordFrameIntervals = False
335.0592 	EXP 	text_2: autoDraw = True
335.0605 	EXP 	window1: recordFrameIntervals = True
336.4199 	EXP 	New trial (rep=7, index=0): None
336.4245 	EXP 	Sound probe started
336.4479 	EXP 	text_2: autoDraw = False
336.4479 	EXP 	text_2: autoDraw = False
336.6357 	EXP 	Sound probe reached end of file
336.6362 	EXP 	window1: recordFrameIntervals = False
336.6655 	EXP 	text_2: autoDraw = True
336.6669 	EXP 	window1: recordFrameIntervals = True
338.0443 	EXP 	text_2: autoDraw = False
338.0443 	EXP 	text_2: autoDraw = False
338.0443 	EXP 	break_txt: autoDraw = True
339.8024 	EXP 	New trial (rep=12, index=0): None
344.9790 	DATA 	Keypress: space
344.9956 	EXP 	break_txt: autoDraw = False
344.9956 	EXP 	text: height = 0.05
344.9956 	EXP 	text: height = 0.05
344.9956 	EXP 	text: text = 'RYTHME'
344.9956 	EXP 	text: autoDraw = True
346.0008 	EXP 	Created sequence: sequential, trialTypes=1, nReps=11, seed=None
346.0010 	EXP 	New trial (rep=0, index=0): None
346.0024 	EXP 	Sound probe started
346.0288 	EXP 	text: autoDraw = False
346.0288 	EXP 	text: autoDraw = False
346.2159 	EXP 	Sound probe reached end of file
346.2163 	EXP 	window1: recordFrameIntervals = False
346.2482 	EXP 	text_2: autoDraw = True
346.2494 	EXP 	window1: recordFrameIntervals = True
348.4779 	EXP 	New trial (rep=1, index=0): None
348.4789 	EXP 	Sound probe started
348.5003 	EXP 	text_2: autoDraw = False
348.5003 	EXP 	text_2: autoDraw = False
348.6951 	EXP 	Sound probe reached end of file
348.6959 	EXP 	window1: recordFrameIntervals = False
348.7176 	EXP 	text_2: autoDraw = True
348.7187 	EXP 	window1: recordFrameIntervals = True
350.9474 	EXP 	New trial (rep=2, index=0): None
350.9484 	EXP 	Sound probe started
350.9743 	EXP 	text_2: autoDraw = False
350.9743 	EXP 	text_2: autoDraw = False
351.1674 	EXP 	Sound probe reached end of file
351.1693 	EXP 	window1: recordFrameIntervals = False
351.1962 	EXP 	text_2: autoDraw = True
351.1975 	EXP 	window1: recordFrameIntervals = True
353.4258 	EXP 	New trial (rep=3, index=0): None
353.4277 	EXP 	Sound probe started
353.4475 	EXP 	text_2: autoDraw = False
353.4475 	EXP 	text_2: autoDraw = False
353.6354 	EXP 	Sound probe stopped
353.6370 	EXP 	window1: recordFrameIntervals = False
353.6669 	EXP 	text_2: autoDraw = True
353.6683 	EXP 	window1: recordFrameIntervals = True
355.6633 	DATA 	Keypress: space
355.9034 	EXP 	New trial (rep=4, index=0): None
355.9048 	EXP 	Sound probe started
355.9255 	EXP 	text_2: autoDraw = False
355.9255 	EXP 	text_2: autoDraw = False
356.1153 	EXP 	Sound probe reached end of file
356.1157 	EXP 	window1: recordFrameIntervals = False
356.1457 	EXP 	text_2: autoDraw = True
356.1468 	EXP 	window1: recordFrameIntervals = True
358.3720 	EXP 	New trial (rep=5, index=0): None
358.3735 	EXP 	Sound probe started
358.4040 	EXP 	text_2: autoDraw = False
358.4040 	EXP 	text_2: autoDraw = False
358.5871 	EXP 	Sound probe reached end of file
358.5875 	EXP 	window1: recordFrameIntervals = False
358.6189 	EXP 	text_2: autoDraw = True
358.6201 	EXP 	window1: recordFrameIntervals = True
360.8401 	EXP 	New trial (rep=6, index=0): None
360.8412 	EXP 	Sound probe started
360.8708 	EXP 	text_2: autoDraw = False
360.8708 	EXP 	text_2: autoDraw = False
361.0552 	EXP 	Sound probe reached end of file
361.0556 	EXP 	window1: recordFrameIntervals = False
361.0844 	EXP 	text_2: autoDraw = True
361.0855 	EXP 	window1: recordFrameIntervals = True
363.3108 	EXP 	New trial (rep=7, index=0): None
363.3119 	EXP 	Sound probe started
363.3397 	EXP 	text_2: autoDraw = False
363.3397 	EXP 	text_2: autoDraw = False
363.5231 	EXP 	Sound probe reached end of file
363.5235 	EXP 	window1: recordFrameIntervals = False
363.5552 	EXP 	text_2: autoDraw = True
363.5563 	EXP 	window1: recordFrameIntervals = True
365.7781 	EXP 	New trial (rep=8, index=0): None
365.7791 	EXP 	Sound probe started
365.8061 	EXP 	text_2: autoDraw = False
365.8061 	EXP 	text_2: autoDraw = False
365.9950 	EXP 	Sound probe reached end of file
365.9954 	EXP 	window1: recordFrameIntervals = False
366.0270 	EXP 	text_2: autoDraw = True
366.0283 	EXP 	window1: recordFrameIntervals = True
368.2489 	EXP 	New trial (rep=9, index=0): None
368.2501 	EXP 	Sound probe started
368.2787 	EXP 	text_2: autoDraw = False
368.2787 	EXP 	text_2: autoDraw = False
368.4633 	EXP 	Sound probe reached end of file
368.4637 	EXP 	window1: recordFrameIntervals = False
368.4927 	EXP 	text_2: autoDraw = True
368.4937 	EXP 	window1: recordFrameIntervals = True
370.4888 	DATA 	Keypress: space
370.7174 	EXP 	New trial (rep=10, index=0): None
370.7184 	EXP 	Sound probe started
370.7450 	EXP 	text_2: autoDraw = False
370.7450 	EXP 	text_2: autoDraw = False
370.9352 	EXP 	Sound probe reached end of file
370.9355 	EXP 	window1: recordFrameIntervals = False
370.9665 	EXP 	text_2: autoDraw = True
370.9677 	EXP 	window1: recordFrameIntervals = True
373.2189 	EXP 	text_2: autoDraw = False
373.2189 	EXP 	text_2: autoDraw = False
373.2189 	EXP 	break_txt: autoDraw = True
375.1359 	EXP 	New trial (rep=13, index=0): None
379.3405 	DATA 	Keypress: space
379.3568 	EXP 	break_txt: autoDraw = False
379.3568 	EXP 	text: height = 0.05
379.3568 	EXP 	text: height = 0.05
379.3568 	EXP 	text: text = 'RYTHME\n\nHAUTEUR'
379.3568 	EXP 	text: autoDraw = True
380.3590 	EXP 	Created sequence: sequential, trialTypes=1, nReps=10, seed=None
380.3592 	EXP 	New trial (rep=0, index=0): None
380.3605 	EXP 	Sound probe started
380.3891 	EXP 	text: autoDraw = False
380.3891 	EXP 	text: autoDraw = False
380.5799 	EXP 	Sound probe reached end of file
380.5808 	EXP 	window1: recordFrameIntervals = False
380.6115 	EXP 	text_2: autoDraw = True
380.6130 	EXP 	window1: recordFrameIntervals = True
382.2853 	EXP 	New trial (rep=1, index=0): None
382.2866 	EXP 	Sound probe started
382.3076 	EXP 	text_2: autoDraw = False
382.3076 	EXP 	text_2: autoDraw = False
382.5032 	EXP 	Sound probe reached end of file
382.5051 	EXP 	window1: recordFrameIntervals = False
382.5315 	EXP 	text_2: autoDraw = True
382.5330 	EXP 	window1: recordFrameIntervals = True
384.1979 	EXP 	New trial (rep=2, index=0): None
384.1990 	EXP 	Sound probe started
384.2265 	EXP 	text_2: autoDraw = False
384.2265 	EXP 	text_2: autoDraw = False
384.4150 	EXP 	Sound probe reached end of file
384.4155 	EXP 	window1: recordFrameIntervals = False
384.4457 	EXP 	text_2: autoDraw = True
384.4471 	EXP 	window1: recordFrameIntervals = True
386.1112 	EXP 	New trial (rep=3, index=0): None
386.1123 	EXP 	Sound probe started
386.1317 	EXP 	text_2: autoDraw = False
386.1317 	EXP 	text_2: autoDraw = False
386.1621 	DATA 	Keypress: space
386.3311 	EXP 	Sound probe reached end of file
386.3317 	EXP 	window1: recordFrameIntervals = False
386.3522 	EXP 	text_2: autoDraw = True
386.3545 	EXP 	window1: recordFrameIntervals = True
388.0282 	EXP 	New trial (rep=4, index=0): None
388.0308 	EXP 	Sound probe started
388.0512 	EXP 	text_2: autoDraw = False
388.0512 	EXP 	text_2: autoDraw = False
388.2432 	EXP 	Sound probe reached end of file
388.2451 	EXP 	window1: recordFrameIntervals = False
388.2696 	EXP 	text_2: autoDraw = True
388.2710 	EXP 	window1: recordFrameIntervals = True
389.9385 	EXP 	New trial (rep=5, index=0): None
389.9394 	EXP 	Sound probe started
389.9657 	EXP 	text_2: autoDraw = False
389.9657 	EXP 	text_2: autoDraw = False
390.1511 	EXP 	Sound probe reached end of file
390.1517 	EXP 	window1: recordFrameIntervals = False
390.1774 	EXP 	text_2: autoDraw = True
390.1784 	EXP 	window1: recordFrameIntervals = True
391.8472 	EXP 	New trial (rep=6, index=0): None
391.8510 	EXP 	Sound probe started
391.8708 	EXP 	text_2: autoDraw = False
391.8708 	EXP 	text_2: autoDraw = False
392.0713 	EXP 	Sound probe reached end of file
392.0717 	EXP 	window1: recordFrameIntervals = False
392.0927 	EXP 	text_2: autoDraw = True
392.0939 	EXP 	window1: recordFrameIntervals = True
393.7704 	EXP 	New trial (rep=7, index=0): None
393.7717 	EXP 	Sound probe started
393.7924 	EXP 	text_2: autoDraw = False
393.7924 	EXP 	text_2: autoDraw = False
393.9912 	EXP 	Sound probe reached end of file
393.9917 	EXP 	window1: recordFrameIntervals = False
394.0128 	EXP 	text_2: autoDraw = True
394.0141 	EXP 	window1: recordFrameIntervals = True
395.6892 	EXP 	New trial (rep=8, index=0): None
395.6903 	EXP 	Sound probe started
395.7100 	EXP 	text_2: autoDraw = False
395.7100 	EXP 	text_2: autoDraw = False
395.9032 	EXP 	Sound probe reached end of file
395.9052 	EXP 	window1: recordFrameIntervals = False
395.9270 	EXP 	text_2: autoDraw = True
395.9282 	EXP 	window1: recordFrameIntervals = True
397.3670 	DATA 	Keypress: space
397.5973 	EXP 	New trial (rep=9, index=0): None
397.5984 	EXP 	Sound probe started
397.6250 	EXP 	text_2: autoDraw = False
397.6250 	EXP 	text_2: autoDraw = False
397.8112 	EXP 	Sound probe reached end of file
397.8115 	EXP 	window1: recordFrameIntervals = False
397.8415 	EXP 	text_2: autoDraw = True
397.8428 	EXP 	window1: recordFrameIntervals = True
399.5277 	EXP 	text_2: autoDraw = False
399.5277 	EXP 	text_2: autoDraw = False
399.5277 	EXP 	break_txt: autoDraw = True
401.0725 	EXP 	New trial (rep=14, index=0): None
404.1421 	DATA 	Keypress: space
404.1591 	EXP 	break_txt: autoDraw = False
404.1591 	EXP 	text: height = 0.05
404.1591 	EXP 	text: height = 0.05
404.1591 	EXP 	text: text = 'HAUTEUR'
404.1591 	EXP 	text: autoDraw = True
405.1470 	EXP 	Created sequence: sequential, trialTypes=1, nReps=14, seed=None
405.1471 	EXP 	New trial (rep=0, index=0): None
405.1482 	EXP 	Sound probe started
405.1777 	EXP 	text: autoDraw = False
405.1777 	EXP 	text: autoDraw = False
405.3692 	EXP 	Sound probe reached end of file
405.3696 	EXP 	window1: recordFrameIntervals = False
405.4024 	EXP 	text_2: autoDraw = True
405.4041 	EXP 	window1: recordFrameIntervals = True
407.0898 	EXP 	New trial (rep=1, index=0): None
407.0907 	EXP 	Sound probe started
407.1200 	EXP 	text_2: autoDraw = False
407.1200 	EXP 	text_2: autoDraw = False
407.3030 	EXP 	Sound probe reached end of file
407.3033 	EXP 	window1: recordFrameIntervals = False
407.3320 	EXP 	text_2: autoDraw = True
407.3331 	EXP 	window1: recordFrameIntervals = True
408.5389 	EXP 	New trial (rep=2, index=0): None
408.5400 	EXP 	Sound probe started
408.5608 	EXP 	text_2: autoDraw = False
408.5608 	EXP 	text_2: autoDraw = False
408.7512 	EXP 	Sound probe reached end of file
408.7524 	EXP 	window1: recordFrameIntervals = False
408.7742 	EXP 	text_2: autoDraw = True
408.7755 	EXP 	window1: recordFrameIntervals = True
410.8323 	EXP 	New trial (rep=3, index=0): None
410.8337 	EXP 	Sound probe started
410.8551 	EXP 	text_2: autoDraw = False
410.8551 	EXP 	text_2: autoDraw = False
411.0512 	EXP 	Sound probe reached end of file
411.0532 	EXP 	window1: recordFrameIntervals = False
411.0779 	EXP 	text_2: autoDraw = True
411.0801 	EXP 	window1: recordFrameIntervals = True
413.0016 	EXP 	New trial (rep=4, index=0): None
413.0052 	EXP 	Sound probe started
413.0280 	EXP 	text_2: autoDraw = False
413.0280 	EXP 	text_2: autoDraw = False
413.2192 	EXP 	Sound probe reached end of file
413.2216 	EXP 	window1: recordFrameIntervals = False
413.2478 	EXP 	text_2: autoDraw = True
413.2492 	EXP 	window1: recordFrameIntervals = True
415.4252 	EXP 	New trial (rep=5, index=0): None
415.4267 	EXP 	Sound probe started
415.4497 	EXP 	text_2: autoDraw = False
415.4497 	EXP 	text_2: autoDraw = False
415.6393 	EXP 	Sound probe reached end of file
415.6413 	EXP 	window1: recordFrameIntervals = False
415.6655 	EXP 	text_2: autoDraw = True
415.6668 	EXP 	window1: recordFrameIntervals = True
417.7022 	EXP 	New trial (rep=6, index=0): None
417.7034 	EXP 	Sound probe started
417.7229 	EXP 	text_2: autoDraw = False
417.7229 	EXP 	text_2: autoDraw = False
417.9193 	EXP 	Sound probe reached end of file
417.9198 	EXP 	window1: recordFrameIntervals = False
417.9396 	EXP 	text_2: autoDraw = True
417.9406 	EXP 	window1: recordFrameIntervals = True
419.5410 	EXP 	New trial (rep=7, index=0): None
419.5425 	EXP 	Sound probe started
419.5642 	EXP 	text_2: autoDraw = False
419.5642 	EXP 	text_2: autoDraw = False
419.7595 	EXP 	Sound probe reached end of file
419.7619 	EXP 	window1: recordFrameIntervals = False
419.7855 	EXP 	text_2: autoDraw = True
419.7868 	EXP 	window1: recordFrameIntervals = True
422.1219 	EXP 	New trial (rep=8, index=0): None
422.1231 	EXP 	Sound probe started
422.1432 	EXP 	text_2: autoDraw = False
422.1432 	EXP 	text_2: autoDraw = False
422.2935 	DATA 	Keypress: space
422.3391 	EXP 	Sound probe reached end of file
422.3396 	EXP 	window1: recordFrameIntervals = False
422.3604 	EXP 	text_2: autoDraw = True
422.3616 	EXP 	window1: recordFrameIntervals = True
424.2407 	EXP 	New trial (rep=9, index=0): None
424.2419 	EXP 	Sound probe started
424.2617 	EXP 	text_2: autoDraw = False
424.2617 	EXP 	text_2: autoDraw = False
424.4589 	EXP 	Sound probe reached end of file
424.4593 	EXP 	window1: recordFrameIntervals = False
424.4791 	EXP 	text_2: autoDraw = True
424.4801 	EXP 	window1: recordFrameIntervals = True
426.0492 	EXP 	New trial (rep=10, index=0): None
426.0530 	EXP 	Sound probe started
426.0720 	EXP 	text_2: autoDraw = False
426.0720 	EXP 	text_2: autoDraw = False
426.2828 	EXP 	Sound probe reached end of file
426.2843 	EXP 	window1: recordFrameIntervals = False
426.3067 	EXP 	text_2: autoDraw = True
426.3080 	EXP 	window1: recordFrameIntervals = True
428.2334 	DATA 	Keypress: space
428.4666 	EXP 	New trial (rep=11, index=0): None
428.4719 	EXP 	Sound probe started
428.4924 	EXP 	text_2: autoDraw = False
428.4924 	EXP 	text_2: autoDraw = False
428.6912 	EXP 	Sound probe reached end of file
428.6917 	EXP 	window1: recordFrameIntervals = False
428.7123 	EXP 	text_2: autoDraw = True
428.7135 	EXP 	window1: recordFrameIntervals = True
430.6355 	EXP 	New trial (rep=12, index=0): None
430.6370 	EXP 	Sound probe started
430.6572 	EXP 	text_2: autoDraw = False
430.6572 	EXP 	text_2: autoDraw = False
430.8511 	EXP 	Sound probe reached end of file
430.8531 	EXP 	window1: recordFrameIntervals = False
430.8834 	EXP 	text_2: autoDraw = True
430.8846 	EXP 	window1: recordFrameIntervals = True
432.3958 	EXP 	New trial (rep=13, index=0): None
432.3969 	EXP 	Sound probe started
432.4173 	EXP 	text_2: autoDraw = False
432.4173 	EXP 	text_2: autoDraw = False
432.6110 	EXP 	Sound probe reached end of file
432.6126 	EXP 	window1: recordFrameIntervals = False
432.6333 	EXP 	text_2: autoDraw = True
432.6345 	EXP 	window1: recordFrameIntervals = True
433.7659 	DATA 	Keypress: space
434.0218 	EXP 	text_2: autoDraw = False
434.0218 	EXP 	text_2: autoDraw = False
434.0218 	EXP 	break_txt: autoDraw = True
438.3443 	EXP 	New trial (rep=15, index=0): None
440.7874 	DATA 	Keypress: space
440.8038 	EXP 	break_txt: autoDraw = False
440.8038 	EXP 	text: height = 0.05
440.8038 	EXP 	text: height = 0.05
440.8038 	EXP 	text: text = 'X'
440.8038 	EXP 	text: autoDraw = True
441.8122 	EXP 	Created sequence: sequential, trialTypes=1, nReps=10, seed=None
441.8128 	EXP 	New trial (rep=0, index=0): None
441.8164 	EXP 	Sound probe started
441.8389 	EXP 	text: autoDraw = False
441.8389 	EXP 	text: autoDraw = False
442.0271 	EXP 	Sound probe reached end of file
442.0275 	EXP 	window1: recordFrameIntervals = False
442.0543 	EXP 	text_2: autoDraw = True
442.0555 	EXP 	window1: recordFrameIntervals = True
444.8988 	EXP 	New trial (rep=1, index=0): None
444.9020 	EXP 	Sound probe started
444.9257 	EXP 	text_2: autoDraw = False
444.9257 	EXP 	text_2: autoDraw = False
445.1194 	EXP 	Sound probe reached end of file
445.1210 	EXP 	window1: recordFrameIntervals = False
445.1440 	EXP 	text_2: autoDraw = True
445.1454 	EXP 	window1: recordFrameIntervals = True
448.0186 	EXP 	New trial (rep=2, index=0): None
448.0216 	EXP 	Sound probe started
448.0444 	EXP 	text_2: autoDraw = False
448.0444 	EXP 	text_2: autoDraw = False
448.2392 	EXP 	Sound probe reached end of file
448.2415 	EXP 	window1: recordFrameIntervals = False
448.2649 	EXP 	text_2: autoDraw = True
448.2662 	EXP 	window1: recordFrameIntervals = True
450.5579 	EXP 	New trial (rep=3, index=0): None
450.5617 	EXP 	Sound probe started
450.5839 	EXP 	text_2: autoDraw = False
450.5839 	EXP 	text_2: autoDraw = False
450.7793 	EXP 	Sound probe reached end of file
450.7798 	EXP 	window1: recordFrameIntervals = False
450.8079 	EXP 	text_2: autoDraw = True
450.8093 	EXP 	window1: recordFrameIntervals = True
453.2940 	EXP 	New trial (rep=4, index=0): None
453.2976 	EXP 	Sound probe started
453.3206 	EXP 	text_2: autoDraw = False
453.3206 	EXP 	text_2: autoDraw = False
453.5070 	EXP 	Sound probe reached end of file
453.5083 	EXP 	window1: recordFrameIntervals = False
453.5372 	EXP 	text_2: autoDraw = True
453.5384 	EXP 	window1: recordFrameIntervals = True
456.5247 	EXP 	New trial (rep=5, index=0): None
456.5259 	EXP 	Sound probe started
456.5485 	EXP 	text_2: autoDraw = False
456.5485 	EXP 	text_2: autoDraw = False
456.7390 	EXP 	Sound probe reached end of file
456.7394 	EXP 	window1: recordFrameIntervals = False
456.7594 	EXP 	text_2: autoDraw = True
456.7613 	EXP 	window1: recordFrameIntervals = True
458.0880 	EXP 	New trial (rep=6, index=0): None
458.0892 	EXP 	Sound probe started
458.1114 	EXP 	text_2: autoDraw = False
458.1114 	EXP 	text_2: autoDraw = False
458.3073 	EXP 	Sound probe reached end of file
458.3077 	EXP 	window1: recordFrameIntervals = False
458.3345 	EXP 	text_2: autoDraw = True
458.3356 	EXP 	window1: recordFrameIntervals = True
460.5486 	EXP 	New trial (rep=7, index=0): None
460.5517 	EXP 	Sound probe started
460.5750 	EXP 	text_2: autoDraw = False
460.5750 	EXP 	text_2: autoDraw = False
460.7671 	EXP 	Sound probe reached end of file
460.7688 	EXP 	window1: recordFrameIntervals = False
460.7942 	EXP 	text_2: autoDraw = True
460.7956 	EXP 	window1: recordFrameIntervals = True
463.1458 	EXP 	New trial (rep=8, index=0): None
463.1471 	EXP 	Sound probe started
463.1691 	EXP 	text_2: autoDraw = False
463.1691 	EXP 	text_2: autoDraw = False
463.3671 	EXP 	Sound probe reached end of file
463.3676 	EXP 	window1: recordFrameIntervals = False
463.3884 	EXP 	text_2: autoDraw = True
463.3896 	EXP 	window1: recordFrameIntervals = True
466.2999 	EXP 	New trial (rep=9, index=0): None
466.3012 	EXP 	Sound probe started
466.3214 	EXP 	text_2: autoDraw = False
466.3214 	EXP 	text_2: autoDraw = False
466.5152 	EXP 	Sound probe reached end of file
466.5156 	EXP 	window1: recordFrameIntervals = False
466.5382 	EXP 	text_2: autoDraw = True
466.5394 	EXP 	window1: recordFrameIntervals = True
468.9754 	DATA 	Keypress: space
469.2370 	EXP 	text_2: autoDraw = False
469.2370 	EXP 	text_2: autoDraw = False
469.2370 	EXP 	break_txt: autoDraw = True
470.3476 	EXP 	New trial (rep=16, index=0): None
473.3906 	DATA 	Keypress: space
473.4071 	EXP 	break_txt: autoDraw = False
473.4071 	EXP 	text: height = 0.05
473.4071 	EXP 	text: height = 0.05
473.4071 	EXP 	text: text = 'HAUTEUR'
473.4071 	EXP 	text: autoDraw = True
474.4000 	EXP 	Created sequence: sequential, trialTypes=1, nReps=10, seed=None
474.4005 	EXP 	New trial (rep=0, index=0): None
474.4050 	EXP 	Sound probe started
474.4382 	EXP 	text: autoDraw = False
474.4382 	EXP 	text: autoDraw = False
474.6162 	EXP 	Sound probe reached end of file
474.6166 	EXP 	window1: recordFrameIntervals = False
474.6437 	EXP 	text_2: autoDraw = True
474.6448 	EXP 	window1: recordFrameIntervals = True
476.8485 	EXP 	New trial (rep=1, index=0): None
476.8498 	EXP 	Sound probe started
476.8706 	EXP 	text_2: autoDraw = False
476.8706 	EXP 	text_2: autoDraw = False
477.0671 	EXP 	Sound probe reached end of file
477.0694 	EXP 	window1: recordFrameIntervals = False
477.0997 	EXP 	text_2: autoDraw = True
477.1010 	EXP 	window1: recordFrameIntervals = True
478.1564 	EXP 	New trial (rep=2, index=0): None
478.1590 	EXP 	Sound probe started
478.1785 	EXP 	text_2: autoDraw = False
478.1785 	EXP 	text_2: autoDraw = False
478.3753 	EXP 	Sound probe reached end of file
478.3790 	EXP 	window1: recordFrameIntervals = False
478.4007 	EXP 	text_2: autoDraw = True
478.4018 	EXP 	window1: recordFrameIntervals = True
480.0675 	EXP 	New trial (rep=3, index=0): None
480.0688 	EXP 	Sound probe started
480.0899 	EXP 	text_2: autoDraw = False
480.0899 	EXP 	text_2: autoDraw = False
480.2868 	EXP 	Sound probe reached end of file
480.2872 	EXP 	window1: recordFrameIntervals = False
480.3065 	EXP 	text_2: autoDraw = True
480.3077 	EXP 	window1: recordFrameIntervals = True
482.6256 	EXP 	New trial (rep=4, index=0): None
482.6295 	EXP 	Sound probe started
482.6484 	EXP 	text_2: autoDraw = False
482.6484 	EXP 	text_2: autoDraw = False
482.8471 	EXP 	Sound probe reached end of file
482.8494 	EXP 	window1: recordFrameIntervals = False
482.8724 	EXP 	text_2: autoDraw = True
482.8735 	EXP 	window1: recordFrameIntervals = True
485.3194 	EXP 	New trial (rep=5, index=0): None
485.3205 	EXP 	Sound probe started
485.3408 	EXP 	text_2: autoDraw = False
485.3408 	EXP 	text_2: autoDraw = False
485.5351 	EXP 	Sound probe reached end of file
485.5355 	EXP 	window1: recordFrameIntervals = False
485.5561 	EXP 	text_2: autoDraw = True
485.5573 	EXP 	window1: recordFrameIntervals = True
488.3508 	EXP 	New trial (rep=6, index=0): None
488.3538 	EXP 	Sound probe started
488.3751 	EXP 	text_2: autoDraw = False
488.3751 	EXP 	text_2: autoDraw = False
488.5631 	EXP 	Sound probe reached end of file
488.5650 	EXP 	window1: recordFrameIntervals = False
488.5956 	EXP 	text_2: autoDraw = True
488.5970 	EXP 	window1: recordFrameIntervals = True
490.5440 	DATA 	Keypress: space
490.7826 	EXP 	New trial (rep=7, index=0): None
490.7839 	EXP 	Sound probe started
490.8029 	EXP 	text_2: autoDraw = False
490.8029 	EXP 	text_2: autoDraw = False
490.9950 	EXP 	Sound probe stopped
490.9955 	EXP 	window1: recordFrameIntervals = False
491.0185 	EXP 	text_2: autoDraw = True
491.0198 	EXP 	window1: recordFrameIntervals = True
492.1409 	EXP 	New trial (rep=8, index=0): None
492.1421 	EXP 	Sound probe started
492.1617 	EXP 	text_2: autoDraw = False
492.1617 	EXP 	text_2: autoDraw = False
492.3552 	EXP 	Sound probe reached end of file
492.3572 	EXP 	window1: recordFrameIntervals = False
492.3796 	EXP 	text_2: autoDraw = True
492.3808 	EXP 	window1: recordFrameIntervals = True
495.2889 	EXP 	New trial (rep=9, index=0): None
495.2918 	EXP 	Sound probe started
495.3121 	EXP 	text_2: autoDraw = False
495.3121 	EXP 	text_2: autoDraw = False
495.5031 	EXP 	Sound probe reached end of file
495.5050 	EXP 	window1: recordFrameIntervals = False
495.5342 	EXP 	text_2: autoDraw = True
495.5366 	EXP 	window1: recordFrameIntervals = True
498.1538 	EXP 	text_2: autoDraw = False
498.1538 	EXP 	text_2: autoDraw = False
498.1538 	EXP 	break_txt: autoDraw = True
499.2297 	EXP 	New trial (rep=17, index=0): None
501.7450 	DATA 	Keypress: space
501.7608 	EXP 	break_txt: autoDraw = False
501.7608 	EXP 	text: height = 0.05
501.7608 	EXP 	text: height = 0.05
501.7608 	EXP 	text: text = 'X'
501.7608 	EXP 	text: autoDraw = True
502.7544 	EXP 	Created sequence: sequential, trialTypes=1, nReps=8, seed=None
502.7546 	EXP 	New trial (rep=0, index=0): None
502.7558 	EXP 	Sound probe started
502.7862 	EXP 	text: autoDraw = False
502.7862 	EXP 	text: autoDraw = False
502.9750 	EXP 	Sound probe reached end of file
502.9755 	EXP 	window1: recordFrameIntervals = False
503.0076 	EXP 	text_2: autoDraw = True
503.0089 	EXP 	window1: recordFrameIntervals = True
505.8508 	EXP 	New trial (rep=1, index=0): None
505.8521 	EXP 	Sound probe started
505.8712 	EXP 	text_2: autoDraw = False
505.8712 	EXP 	text_2: autoDraw = False
506.0631 	EXP 	Sound probe reached end of file
506.0651 	EXP 	window1: recordFrameIntervals = False
506.0956 	EXP 	text_2: autoDraw = True
506.0970 	EXP 	window1: recordFrameIntervals = True
507.2069 	EXP 	New trial (rep=2, index=0): None
507.2079 	EXP 	Sound probe started
507.2297 	EXP 	text_2: autoDraw = False
507.2297 	EXP 	text_2: autoDraw = False
507.4231 	EXP 	Sound probe reached end of file
507.4248 	EXP 	window1: recordFrameIntervals = False
507.4462 	EXP 	text_2: autoDraw = True
507.4479 	EXP 	window1: recordFrameIntervals = True
509.2124 	EXP 	New trial (rep=3, index=0): None
509.2136 	EXP 	Sound probe started
509.2345 	EXP 	text_2: autoDraw = False
509.2345 	EXP 	text_2: autoDraw = False
509.4230 	EXP 	Sound probe reached end of file
509.4234 	EXP 	window1: recordFrameIntervals = False
509.4511 	EXP 	text_2: autoDraw = True
509.4524 	EXP 	window1: recordFrameIntervals = True
512.0169 	DATA 	Keypress: space
512.2542 	EXP 	New trial (rep=4, index=0): None
512.2556 	EXP 	Sound probe started
512.2763 	EXP 	text_2: autoDraw = False
512.2763 	EXP 	text_2: autoDraw = False
512.4713 	EXP 	Sound probe reached end of file
512.4728 	EXP 	window1: recordFrameIntervals = False
512.4951 	EXP 	text_2: autoDraw = True
512.4963 	EXP 	window1: recordFrameIntervals = True
514.3717 	EXP 	New trial (rep=5, index=0): None
514.3749 	EXP 	Sound probe started
514.4009 	EXP 	text_2: autoDraw = False
514.4009 	EXP 	text_2: autoDraw = False
514.5913 	EXP 	Sound probe reached end of file
514.5932 	EXP 	window1: recordFrameIntervals = False
514.6198 	EXP 	text_2: autoDraw = True
514.6211 	EXP 	window1: recordFrameIntervals = True
516.9530 	EXP 	New trial (rep=6, index=0): None
516.9542 	EXP 	Sound probe started
516.9748 	EXP 	text_2: autoDraw = False
516.9748 	EXP 	text_2: autoDraw = False
517.1712 	EXP 	Sound probe reached end of file
517.1732 	EXP 	window1: recordFrameIntervals = False
517.1986 	EXP 	text_2: autoDraw = True
517.1999 	EXP 	window1: recordFrameIntervals = True
519.4884 	EXP 	New trial (rep=7, index=0): None
519.4895 	EXP 	Sound probe started
519.5096 	EXP 	text_2: autoDraw = False
519.5096 	EXP 	text_2: autoDraw = False
519.7031 	EXP 	Sound probe reached end of file
519.7048 	EXP 	window1: recordFrameIntervals = False
519.7257 	EXP 	text_2: autoDraw = True
519.7270 	EXP 	window1: recordFrameIntervals = True
522.4761 	EXP 	text_2: autoDraw = False
522.4761 	EXP 	text_2: autoDraw = False
522.4761 	EXP 	break_txt: autoDraw = True
524.7693 	EXP 	New trial (rep=18, index=0): None
527.8884 	DATA 	Keypress: space
527.9066 	EXP 	break_txt: autoDraw = False
527.9066 	EXP 	text: text = 'X'
527.9066 	EXP 	text: autoDraw = True
528.8931 	EXP 	Created sequence: sequential, trialTypes=1, nReps=12, seed=None
528.8933 	EXP 	New trial (rep=0, index=0): None
528.8944 	EXP 	Sound probe started
528.9230 	EXP 	text: autoDraw = False
528.9230 	EXP 	text: autoDraw = False
529.1110 	EXP 	Sound probe reached end of file
529.1115 	EXP 	window1: recordFrameIntervals = False
529.1431 	EXP 	text_2: autoDraw = True
529.1444 	EXP 	window1: recordFrameIntervals = True
530.2236 	DATA 	Keypress: space
530.4145 	EXP 	New trial (rep=1, index=0): None
530.4156 	EXP 	Sound probe started
530.4357 	EXP 	text_2: autoDraw = False
530.4357 	EXP 	text_2: autoDraw = False
530.6311 	EXP 	Sound probe reached end of file
530.6332 	EXP 	window1: recordFrameIntervals = False
530.6562 	EXP 	text_2: autoDraw = True
530.6573 	EXP 	window1: recordFrameIntervals = True
531.8731 	EXP 	New trial (rep=2, index=0): None
531.8759 	EXP 	Sound probe started
531.8991 	EXP 	text_2: autoDraw = False
531.8991 	EXP 	text_2: autoDraw = False
532.0911 	EXP 	Sound probe reached end of file
532.0935 	EXP 	window1: recordFrameIntervals = False
532.1212 	EXP 	text_2: autoDraw = True
532.1225 	EXP 	window1: recordFrameIntervals = True
534.2843 	EXP 	New trial (rep=3, index=0): None
534.2875 	EXP 	Sound probe started
534.3098 	EXP 	text_2: autoDraw = False
534.3098 	EXP 	text_2: autoDraw = False
534.5029 	EXP 	Sound probe reached end of file
534.5034 	EXP 	window1: recordFrameIntervals = False
534.5282 	EXP 	text_2: autoDraw = True
534.5296 	EXP 	window1: recordFrameIntervals = True
536.4722 	EXP 	New trial (rep=4, index=0): None
536.4734 	EXP 	Sound probe started
536.4961 	EXP 	text_2: autoDraw = False
536.4961 	EXP 	text_2: autoDraw = False
536.6913 	EXP 	Sound probe reached end of file
536.6932 	EXP 	window1: recordFrameIntervals = False
536.7133 	EXP 	text_2: autoDraw = True
536.7146 	EXP 	window1: recordFrameIntervals = True
538.0517 	EXP 	New trial (rep=5, index=0): None
538.0551 	EXP 	Sound probe started
538.0766 	EXP 	text_2: autoDraw = False
538.0766 	EXP 	text_2: autoDraw = False
538.2709 	EXP 	Sound probe reached end of file
538.2728 	EXP 	window1: recordFrameIntervals = False
538.2944 	EXP 	text_2: autoDraw = True
538.2956 	EXP 	window1: recordFrameIntervals = True
540.9060 	EXP 	New trial (rep=6, index=0): None
540.9085 	EXP 	Sound probe started
540.9272 	EXP 	text_2: autoDraw = False
540.9272 	EXP 	text_2: autoDraw = False
541.1191 	EXP 	Sound probe reached end of file
541.1211 	EXP 	window1: recordFrameIntervals = False
541.1463 	EXP 	text_2: autoDraw = True
541.1475 	EXP 	window1: recordFrameIntervals = True
543.0303 	EXP 	New trial (rep=7, index=0): None
543.0319 	EXP 	Sound probe started
543.0529 	EXP 	text_2: autoDraw = False
543.0529 	EXP 	text_2: autoDraw = False
543.2508 	EXP 	Sound probe reached end of file
543.2513 	EXP 	window1: recordFrameIntervals = False
543.2727 	EXP 	text_2: autoDraw = True
543.2742 	EXP 	window1: recordFrameIntervals = True
545.6845 	EXP 	New trial (rep=8, index=0): None
545.6858 	EXP 	Sound probe started
545.7069 	EXP 	text_2: autoDraw = False
545.7069 	EXP 	text_2: autoDraw = False
545.8990 	EXP 	Sound probe reached end of file
545.8994 	EXP 	window1: recordFrameIntervals = False
545.9310 	EXP 	text_2: autoDraw = True
545.9323 	EXP 	window1: recordFrameIntervals = True
547.5058 	EXP 	New trial (rep=9, index=0): None
547.5071 	EXP 	Sound probe started
547.5292 	EXP 	text_2: autoDraw = False
547.5292 	EXP 	text_2: autoDraw = False
547.7189 	EXP 	Sound probe reached end of file
547.7194 	EXP 	window1: recordFrameIntervals = False
547.7400 	EXP 	text_2: autoDraw = True
547.7411 	EXP 	window1: recordFrameIntervals = True
550.0108 	EXP 	New trial (rep=10, index=0): None
550.0141 	EXP 	Sound probe started
550.0379 	EXP 	text_2: autoDraw = False
550.0379 	EXP 	text_2: autoDraw = False
550.2310 	EXP 	Sound probe reached end of file
550.2330 	EXP 	window1: recordFrameIntervals = False
550.2562 	EXP 	text_2: autoDraw = True
550.2574 	EXP 	window1: recordFrameIntervals = True
553.0691 	EXP 	New trial (rep=11, index=0): None
553.0705 	EXP 	Sound probe started
553.0948 	EXP 	text_2: autoDraw = False
553.0948 	EXP 	text_2: autoDraw = False
553.2789 	EXP 	Sound probe reached end of file
553.2805 	EXP 	window1: recordFrameIntervals = False
553.3092 	EXP 	text_2: autoDraw = True
553.3104 	EXP 	window1: recordFrameIntervals = True
556.2866 	EXP 	text_2: autoDraw = False
556.2866 	EXP 	text_2: autoDraw = False
556.2866 	EXP 	break_txt: autoDraw = True
557.1675 	DATA 	Keypress: space
557.1980 	EXP 	break_txt: autoDraw = False
557.1980 	EXP 	blank_text: autoDraw = True
558.2040 	EXP 	blank_text: autoDraw = False
558.2040 	EXP 	end_txt: autoDraw = True
563.2739 	DATA 	Keypress: space
563.3058 	EXP 	end_txt: autoDraw = False
563.4998 	EXP 	window1: mouseVisible = True
