15.4523 	WARNING 	User requested fullscreen with size [2560 1440], but screen is actually [3840, 2160]. Using actual size
18.2544 	WARNING 	Couldn't measure a consistent frame rate!
  - Is your graphics card set to sync to vertical blank?
  - Are you running other processes on your computer?

18.2547 	EXP 	Created window1 = Window(allowGUI=False, allowStencil=False, autoLog=True, backendConf=UNKNOWN, bitsMode=UNKNOWN, blendMode='avg', bpc=(8, 8, 8), color=array([0, 0, 0]), colorSpace='rgb', depthBits=8, fullscr=<method-wrapper '__getattribute__' of attributeSetter object at 0x0000023AB2FC8B20>, gamma=None, gammaErrorPolicy='raise', lms=UNKNOWN, monitor=<psychopy.monitors.calibTools.Monitor object at 0x0000023AB4C11400>, multiSample=False, name='window1', numSamples=2, pos=(0, 0), screen=0, size=array([3840, 2160]), stencilBits=0, stereo=False, units='height', useFBO=True, useRetina=False, viewOri=0.0, viewPos=None, viewScale=None, waitBlanking=True, winType='pyglet')
18.2551 	EXP 	window1: mouseVisible = True
18.2551 	EXP 	window1: Attempting to measure frame rate of screen (0) ...
18.2551 	EXP 	window1: recordFrameIntervals = False
18.4442 	EXP 	window1: recordFrameIntervals = True
18.5148 	WARNING 	t of last frame was 31.57ms (=1/31)
18.5453 	WARNING 	t of last frame was 20.60ms (=1/48)
18.6140 	WARNING 	t of last frame was 30.59ms (=1/32)
18.6460 	WARNING 	t of last frame was 21.59ms (=1/46)
18.7144 	WARNING 	Multiple dropped frames have occurred - I'll stop bothering you about them!
20.2156 	WARNING 	Couldn't measure a consistent frame rate!
  - Is your graphics card set to sync to vertical blank?
  - Are you running other processes on your computer?

21.9309 	EXP 	Created text = TextStim(__class__=<class 'psychopy.visual.text.TextStim'>, alignHoriz=method-wrapper(...), alignText='center', alignVert=method-wrapper(...), anchorHoriz='center', anchorVert='center', antialias=True, autoLog=True, bold=False, color=array([1., 1., 1.]), colorSpace='rgb', contrast=1.0, depth=-3.0, flipHoriz=False, flipVert=False, font='Open Sans', fontFiles=[], height=0.05, italic=False, languageStyle='LTR', name='text', opacity=1, ori=0.0, pos=array([0., 0.]), rgb=UNKNOWN, text=str(...), units='height', win=Window(...), wrapWidth=1)
21.9327 	EXP 	Created blank_txt = TextStim(__class__=<class 'psychopy.visual.text.TextStim'>, alignHoriz=method-wrapper(...), alignText='center', alignVert=method-wrapper(...), anchorHoriz='center', anchorVert='center', antialias=True, autoLog=True, bold=False, color=array([1., 1., 1.]), colorSpace='rgb', contrast=1.0, depth=0.0, flipHoriz=False, flipVert=False, font='Open Sans', fontFiles=[], height=0.1, italic=False, languageStyle='LTR', name='blank_txt', opacity=1, ori=0.0, pos=array([0., 0.]), rgb=UNKNOWN, text='', units='height', win=Window(...), wrapWidth=1)
21.9873 	EXP 	Sound tProbe set volume 1.000
21.9888 	EXP 	Created you_done_goofed = TextStim(__class__=<class 'psychopy.visual.text.TextStim'>, alignHoriz=method-wrapper(...), alignText='center', alignVert=method-wrapper(...), anchorHoriz='center', anchorVert='center', antialias=True, autoLog=True, bold=False, color=array([1., 1., 1.]), colorSpace='rgb', contrast=1.0, depth=-1.0, flipHoriz=False, flipVert=False, font='Open Sans', fontFiles=[], height=0.05, italic=False, languageStyle='LTR', name='you_done_goofed', opacity=1, ori=0.0, pos=array([0., 0.]), rgb=UNKNOWN, text='', units='height', win=Window(...), wrapWidth=1)
22.3002 	EXP 	Created text_2 = TextStim(__class__=<class 'psychopy.visual.text.TextStim'>, alignHoriz=method-wrapper(...), alignText='center', alignVert=method-wrapper(...), anchorHoriz='center', anchorVert='center', antialias=True, autoLog=True, bold=False, color=array([1., 1., 1.]), colorSpace='rgb', contrast=1.0, depth=-2.0, flipHoriz=False, flipVert=False, font='Open Sans', fontFiles=[], height=0.05, italic=False, languageStyle='LTR', name='text_2', opacity=1, ori=0.0, pos=array([0., 0.]), rgb=UNKNOWN, text='', units='height', win=Window(...), wrapWidth=1)
22.3019 	EXP 	Created blank_txt = TextStim(__class__=<class 'psychopy.visual.text.TextStim'>, alignHoriz=method-wrapper(...), alignText='center', alignVert=method-wrapper(...), anchorHoriz='center', anchorVert='center', antialias=True, autoLog=True, bold=False, color=array([1., 1., 1.]), colorSpace='rgb', contrast=1.0, depth=0.0, flipHoriz=False, flipVert=False, font='Open Sans', fontFiles=[], height=0.1, italic=False, languageStyle='LTR', name='blank_txt', opacity=1, ori=0.0, pos=array([0., 0.]), rgb=UNKNOWN, text='', units='height', win=Window(...), wrapWidth=1)
22.3141 	EXP 	Sound probe set volume 1.000
22.3244 	EXP 	Created goodbye_text = TextStim(__class__=<class 'psychopy.visual.text.TextStim'>, alignHoriz=method-wrapper(...), alignText='center', alignVert=method-wrapper(...), anchorHoriz='center', anchorVert='center', antialias=True, autoLog=True, bold=False, color=array([1., 1., 1.]), colorSpace='rgb', contrast=1.0, depth=0.0, flipHoriz=False, flipVert=False, font='Open Sans', fontFiles=[], height=0.05, italic=False, languageStyle='LTR', name='goodbye_text', opacity=1, ori=0.0, pos=array([0., 0.]), rgb=UNKNOWN, text=str(...), units='height', win=Window(...), wrapWidth=1)
22.3267 	EXP 	Created fixation_cross = ShapeStim(__class__=<class 'psychopy.visual.shape.ShapeStim'>, anchor=('center', 'center'), autoDraw=False, autoLog=True, closeShape=True, color=method-wrapper(...), colorSpace='rgb', contrast=None, depth=-3.0, fillColor=array([1, 1, 1]), fillColorSpace='rgb', fillRGB=array([1, 1, 1]), interpolate=True, lineColor=array([1., 1., 1.]), lineColorSpace='rgb', lineRGB=array([1, 1, 1]), lineWidth=1.0, name='fixation_cross', opacity=1, ori=0.0, pos=array([0., 0.]), size=array([0.15, 0.15]), units='height', vertices=ndarray(...), win=Window(...), windingRule=None)
22.3402 	EXP 	text: autoDraw = True
31.4401 	DATA 	Keypress: space
31.4612 	EXP 	text: autoDraw = False
31.4612 	EXP 	blank_txt: autoDraw = True
32.4434 	EXP 	Created sequence: random, trialTypes=1, nReps=3, seed=None
32.4442 	EXP 	New trial (rep=0, index=0): None
32.4633 	EXP 	blank_txt: autoDraw = False
33.4671 	EXP 	Sound tProbe started
33.6788 	EXP 	Sound tProbe reached end of file
33.9647 	DATA 	Keypress: space
35.5529 	EXP 	you_done_goofed: height = 0.05
35.5529 	EXP 	you_done_goofed: height = 0.05
35.5529 	EXP 	you_done_goofed: text = "C'est très bien! \n            \n\nAppuyez sur n'importe quelle touche pour poursuivre."
35.5529 	EXP 	you_done_goofed: autoDraw = True
37.8698 	EXP 	New trial (rep=1, index=0): None
37.8716 	DATA 	Keypress: space
37.8812 	EXP 	you_done_goofed: autoDraw = False
38.8691 	EXP 	Sound tProbe started
39.0783 	EXP 	Sound tProbe reached end of file
39.2711 	DATA 	Keypress: space
40.8992 	EXP 	you_done_goofed: text = "C'est très bien! \n            \n\nAppuyez sur n'importe quelle touche pour poursuivre."
40.8992 	EXP 	you_done_goofed: autoDraw = True
42.2752 	EXP 	New trial (rep=2, index=0): None
42.2769 	DATA 	Keypress: space
42.2866 	EXP 	you_done_goofed: autoDraw = False
43.2666 	EXP 	Sound tProbe started
43.4785 	EXP 	Sound tProbe reached end of file
43.6761 	DATA 	Keypress: space
45.3092 	EXP 	you_done_goofed: text = "C'est très bien! \n            \n\nAppuyez sur n'importe quelle touche pour poursuivre."
45.3092 	EXP 	you_done_goofed: autoDraw = True
46.3969 	EXP 	Created fixation_cross = ShapeStim(__class__=<class 'psychopy.visual.shape.ShapeStim'>, anchor=('center', 'center'), autoDraw=False, autoLog=True, closeShape=True, color=method-wrapper(...), colorSpace='rgb', contrast=None, depth=-3.0, fillColor=array([1, 1, 1]), fillColorSpace='rgb', fillRGB=array([1, 1, 1]), interpolate=True, lineColor=array([1., 1., 1.]), lineColorSpace='rgb', lineRGB=array([1, 1, 1]), lineWidth=1.0, name='fixation_cross', opacity=1, ori=0.0, pos=array([0., 0.]), size=array([0.15, 0.15]), units='height', vertices=ndarray(...), win=Window(...), windingRule=None)
46.4176 	DATA 	Keypress: space
46.4276 	EXP 	you_done_goofed: autoDraw = False
46.4276 	EXP 	text_2: height = 0.05
46.4276 	EXP 	text_2: height = 0.05
46.4276 	EXP 	text_2: text = "Appuyez sur la barre d'espace dès que vous entendez un son. \n\n Les réponses enregistrées plus d'une seconde après le son ne seront pas comptabilisées. \n\n\n Appuyez sur n'importe quelle touche pour démarrer."
46.4276 	EXP 	text_2: autoDraw = True
53.7392 	DATA 	Keypress: space
53.7485 	EXP 	text_2: autoDraw = False
53.7485 	EXP 	blank_txt: autoDraw = True
54.7603 	EXP 	Created sequence: random, trialTypes=1, nReps=999, seed=None
54.7627 	EXP 	New trial (rep=0, index=0): None
54.8379 	EXP 	Sound probe started
54.8461 	EXP 	blank_txt: autoDraw = False
55.0468 	EXP 	Sound probe reached end of file
55.1204 	DATA 	Keypress: space
58.1758 	EXP 	New trial (rep=1, index=0): None
58.2505 	EXP 	Sound probe started
58.4666 	EXP 	Sound probe reached end of file
58.6274 	DATA 	Keypress: space
61.8419 	EXP 	New trial (rep=2, index=0): None
61.9236 	EXP 	Sound probe started
62.1385 	EXP 	Sound probe reached end of file
62.3244 	DATA 	Keypress: space
65.6593 	EXP 	New trial (rep=3, index=0): None
65.7271 	EXP 	Sound probe started
65.9467 	EXP 	Sound probe reached end of file
66.3670 	DATA 	Keypress: space
69.3495 	EXP 	New trial (rep=4, index=0): None
69.3560 	EXP 	Sound probe started
69.5678 	EXP 	Sound probe reached end of file
71.6574 	EXP 	New trial (rep=5, index=0): None
71.7270 	EXP 	Sound probe started
71.9465 	EXP 	Sound probe reached end of file
74.6864 	EXP 	New trial (rep=6, index=0): None
74.7601 	EXP 	Sound probe started
74.9747 	EXP 	Sound probe reached end of file
78.0258 	EXP 	New trial (rep=7, index=0): None
78.1036 	EXP 	Sound probe started
78.3145 	EXP 	Sound probe reached end of file
78.6119 	DATA 	Keypress: space
81.3306 	EXP 	New trial (rep=8, index=0): None
81.4049 	EXP 	Sound probe started
81.6147 	EXP 	Sound probe reached end of file
85.3316 	EXP 	New trial (rep=9, index=0): None
85.4129 	EXP 	Sound probe started
85.6265 	EXP 	Sound probe reached end of file
85.8528 	DATA 	Keypress: space
87.4701 	EXP 	New trial (rep=10, index=0): None
87.4772 	EXP 	Sound probe started
87.6945 	EXP 	Sound probe reached end of file
90.3747 	EXP 	New trial (rep=11, index=0): None
90.4436 	EXP 	Sound probe started
90.6552 	EXP 	Sound probe reached end of file
94.2802 	EXP 	New trial (rep=12, index=0): None
94.3544 	EXP 	Sound probe started
94.5746 	EXP 	Sound probe reached end of file
94.6950 	DATA 	Keypress: space
97.3878 	EXP 	New trial (rep=13, index=0): None
97.4585 	EXP 	Sound probe started
97.6748 	EXP 	Sound probe reached end of file
100.0706 	EXP 	New trial (rep=14, index=0): None
100.1430 	EXP 	Sound probe started
100.3427 	EXP 	Sound probe stopped
100.5838 	DATA 	Keypress: space
103.4659 	EXP 	New trial (rep=15, index=0): None
103.4675 	EXP 	Sound probe started
103.6827 	EXP 	Sound probe reached end of file
105.7746 	DATA 	Keypress: space
106.1822 	EXP 	New trial (rep=16, index=0): None
106.2562 	EXP 	Sound probe started
106.4624 	EXP 	Sound probe stopped
108.5580 	EXP 	New trial (rep=17, index=0): None
108.6314 	EXP 	Sound probe started
108.8423 	EXP 	Sound probe reached end of file
109.0032 	DATA 	Keypress: space
111.6958 	EXP 	New trial (rep=18, index=0): None
111.7723 	EXP 	Sound probe started
111.9822 	EXP 	Sound probe reached end of file
114.1429 	EXP 	New trial (rep=19, index=0): None
114.2100 	EXP 	Sound probe started
114.4225 	EXP 	Sound probe reached end of file
114.6172 	DATA 	Keypress: space
117.4611 	EXP 	New trial (rep=20, index=0): None
117.5519 	EXP 	Sound probe started
117.7627 	EXP 	Sound probe reached end of file
121.2754 	EXP 	New trial (rep=21, index=0): None
121.2781 	EXP 	Sound probe started
121.4943 	EXP 	Sound probe reached end of file
124.8752 	EXP 	New trial (rep=22, index=0): None
124.9577 	EXP 	Sound probe started
125.1705 	EXP 	Sound probe reached end of file
125.3975 	DATA 	Keypress: space
127.2913 	EXP 	New trial (rep=23, index=0): None
127.3597 	EXP 	Sound probe started
127.5705 	EXP 	Sound probe reached end of file
131.0777 	EXP 	New trial (rep=24, index=0): None
131.1502 	EXP 	Sound probe started
131.3687 	EXP 	Sound probe reached end of file
131.6041 	DATA 	Keypress: space
135.0203 	EXP 	New trial (rep=25, index=0): None
135.0967 	EXP 	Sound probe started
135.3106 	EXP 	Sound probe reached end of file
137.1684 	EXP 	New trial (rep=26, index=0): None
137.1700 	EXP 	Sound probe started
137.3824 	EXP 	Sound probe reached end of file
139.7887 	EXP 	New trial (rep=27, index=0): None
139.8656 	EXP 	Sound probe started
140.0829 	EXP 	Sound probe reached end of file
141.2088 	DATA 	Keypress: space
142.5544 	EXP 	New trial (rep=28, index=0): None
142.6264 	EXP 	Sound probe started
142.8458 	EXP 	Sound probe reached end of file
143.0074 	DATA 	Keypress: space
144.9592 	EXP 	New trial (rep=29, index=0): None
145.0310 	EXP 	Sound probe started
145.2505 	EXP 	Sound probe reached end of file
145.5757 	DATA 	Keypress: space
148.4775 	EXP 	New trial (rep=30, index=0): None
148.5473 	EXP 	Sound probe started
148.7626 	EXP 	Sound probe reached end of file
151.1788 	EXP 	New trial (rep=31, index=0): None
152.2342 	EXP 	Sound probe started
152.4526 	EXP 	Sound probe reached end of file
152.7120 	DATA 	Keypress: space
156.2645 	EXP 	New trial (rep=32, index=0): None
157.3773 	EXP 	Sound probe started
157.5923 	EXP 	Sound probe reached end of file
157.9267 	DATA 	Keypress: space
159.6297 	DATA 	Keypress: space
160.9171 	EXP 	New trial (rep=33, index=0): None
162.0949 	EXP 	Sound probe started
162.0956 	DATA 	Keypress: space
162.3105 	EXP 	Sound probe reached end of file
164.9505 	EXP 	New trial (rep=34, index=0): None
164.9541 	EXP 	Sound probe started
165.1703 	EXP 	Sound probe reached end of file
167.3982 	EXP 	New trial (rep=35, index=0): None
168.8341 	EXP 	Sound probe started
169.0504 	EXP 	Sound probe reached end of file
169.4051 	DATA 	Keypress: space
172.3243 	EXP 	New trial (rep=36, index=0): None
174.4515 	EXP 	Sound probe started
174.6668 	EXP 	Sound probe reached end of file
177.4194 	EXP 	New trial (rep=37, index=0): None
179.2927 	EXP 	Sound probe started
179.5066 	EXP 	Sound probe reached end of file
179.8792 	DATA 	Keypress: space
182.1265 	EXP 	New trial (rep=38, index=0): None
182.1275 	EXP 	Sound probe started
182.3465 	EXP 	Sound probe reached end of file
184.6336 	EXP 	New trial (rep=39, index=0): None
187.0899 	EXP 	Sound probe started
187.3063 	EXP 	Sound probe reached end of file
189.1553 	EXP 	New trial (rep=40, index=0): None
190.9083 	EXP 	Sound probe started
191.1262 	EXP 	Sound probe reached end of file
191.4061 	DATA 	Keypress: space
193.7841 	EXP 	New trial (rep=41, index=0): None
196.9344 	EXP 	Sound probe started
197.1466 	EXP 	Sound probe reached end of file
200.8200 	EXP 	New trial (rep=42, index=0): None
202.6549 	EXP 	Sound probe started
202.8745 	EXP 	Sound probe reached end of file
204.7080 	EXP 	New trial (rep=43, index=0): None
206.4842 	EXP 	Sound probe started
206.6946 	EXP 	Sound probe reached end of file
209.0871 	EXP 	New trial (rep=44, index=0): None
209.0881 	EXP 	Sound probe started
209.3065 	EXP 	Sound probe reached end of file
211.8654 	EXP 	New trial (rep=45, index=0): None
213.7190 	EXP 	Sound probe started
213.9347 	EXP 	Sound probe reached end of file
216.2025 	EXP 	New trial (rep=46, index=0): None
217.9429 	EXP 	Sound probe started
218.1545 	EXP 	Sound probe reached end of file
221.3132 	EXP 	New trial (rep=47, index=0): None
223.0874 	EXP 	Sound probe started
223.3065 	EXP 	Sound probe reached end of file
226.1857 	EXP 	New trial (rep=48, index=0): None
227.9898 	EXP 	Sound probe started
228.2043 	EXP 	Sound probe reached end of file
230.6165 	EXP 	New trial (rep=49, index=0): None
232.3981 	EXP 	Sound probe started
232.6147 	EXP 	Sound probe reached end of file
236.3251 	EXP 	New trial (rep=50, index=0): None
238.5340 	EXP 	Sound probe started
238.7426 	EXP 	Sound probe reached end of file
240.7862 	EXP 	New trial (rep=51, index=0): None
242.9263 	EXP 	Sound probe started
243.1430 	EXP 	Sound probe reached end of file
245.2031 	EXP 	New trial (rep=52, index=0): None
245.2043 	EXP 	Sound probe started
245.4227 	EXP 	Sound probe reached end of file
248.9895 	EXP 	New trial (rep=53, index=0): None
250.8239 	EXP 	Sound probe started
251.0423 	EXP 	Sound probe reached end of file
251.3625 	DATA 	Keypress: space
253.9763 	EXP 	New trial (rep=54, index=0): None
255.8388 	EXP 	Sound probe started
256.0507 	EXP 	Sound probe reached end of file
256.4260 	DATA 	Keypress: space
258.1966 	EXP 	New trial (rep=55, index=0): None
260.1404 	EXP 	Sound probe started
260.3505 	EXP 	Sound probe reached end of file
262.3406 	EXP 	New trial (rep=56, index=0): None
264.2131 	EXP 	Sound probe started
264.4375 	EXP 	Sound probe reached end of file
264.7593 	DATA 	Keypress: space
268.0126 	EXP 	New trial (rep=57, index=0): None
270.2102 	EXP 	Sound probe started
270.4105 	EXP 	Sound probe stopped
270.8118 	DATA 	Keypress: space
273.4195 	EXP 	New trial (rep=58, index=0): None
275.3517 	EXP 	Sound probe started
275.5705 	EXP 	Sound probe reached end of file
275.8838 	DATA 	Keypress: space
277.8667 	EXP 	New trial (rep=59, index=0): None
279.8581 	EXP 	Sound probe started
280.0704 	EXP 	Sound probe reached end of file
282.4242 	EXP 	New trial (rep=60, index=0): None
284.4590 	EXP 	Sound probe started
284.6782 	EXP 	Sound probe reached end of file
287.3602 	EXP 	New trial (rep=61, index=0): None
289.3856 	EXP 	Sound probe started
289.5985 	EXP 	Sound probe reached end of file
293.1733 	EXP 	New trial (rep=62, index=0): None
293.1780 	EXP 	Sound probe started
293.3903 	EXP 	Sound probe reached end of file
296.5784 	EXP 	New trial (rep=63, index=0): None
299.1600 	EXP 	Sound probe started
299.1607 	DATA 	Keypress: space
299.3702 	EXP 	Sound probe stopped
302.7369 	EXP 	New trial (rep=64, index=0): None
302.7407 	EXP 	Sound probe stopped
302.7696 	EXP 	goodbye_text: autoDraw = True
324.6802 	DATA 	Keypress: space
324.6900 	EXP 	goodbye_text: autoDraw = False
324.7796 	EXP 	window1: mouseVisible = True
