90.9385 	WARNING 	User requested fullscreen with size [2560 1440], but screen is actually [3840, 2160]. Using actual size
94.4361 	WARNING 	Couldn't measure a consistent frame rate!
  - Is your graphics card set to sync to vertical blank?
  - Are you running other processes on your computer?

94.4380 	EXP 	Created window1 = Window(allowGUI=False, allowStencil=False, autoLog=True, backendConf=UNKNOWN, bitsMode=UNKNOWN, blendMode='avg', bpc=(8, 8, 8), color=array([0, 0, 0]), colorSpace='rgb', depthBits=8, fullscr=<method-wrapper '__getattribute__' of attributeSetter object at 0x000002BD7CCD8B20>, gamma=None, gammaErrorPolicy='raise', lms=UNKNOWN, monitor=<psychopy.monitors.calibTools.Monitor object at 0x000002BD7E9850A0>, multiSample=False, name='window1', numSamples=2, pos=(0, 0), screen=0, size=array([3840, 2160]), stencilBits=0, stereo=False, units='height', useFBO=True, useRetina=False, viewOri=0.0, viewPos=None, viewScale=None, waitBlanking=True, winType='pyglet')
94.4401 	EXP 	window1: mouseVisible = True
94.4403 	EXP 	window1: Attempting to measure frame rate of screen (0) ...
94.4403 	EXP 	window1: recordFrameIntervals = False
94.6492 	EXP 	window1: recordFrameIntervals = True
94.7102 	WARNING 	t of last frame was 29.95ms (=1/33)
94.7320 	WARNING 	t of last frame was 21.80ms (=1/45)
94.7819 	WARNING 	t of last frame was 33.81ms (=1/29)
94.8096 	WARNING 	t of last frame was 27.67ms (=1/36)
94.8455 	WARNING 	Multiple dropped frames have occurred - I'll stop bothering you about them!
96.8495 	WARNING 	Couldn't measure a consistent frame rate!
  - Is your graphics card set to sync to vertical blank?
  - Are you running other processes on your computer?

99.3715 	EXP 	Created text = TextStim(__class__=<class 'psychopy.visual.text.TextStim'>, alignHoriz=method-wrapper(...), alignText='center', alignVert=method-wrapper(...), anchorHoriz='center', anchorVert='center', antialias=True, autoLog=True, bold=False, color=array([1., 1., 1.]), colorSpace='rgb', contrast=1.0, depth=-3.0, flipHoriz=False, flipVert=False, font='Open Sans', fontFiles=[], height=0.05, italic=False, languageStyle='LTR', name='text', opacity=1, ori=0.0, pos=array([0., 0.]), rgb=UNKNOWN, text=str(...), units='height', win=Window(...), wrapWidth=1)
99.3733 	EXP 	Created blank_txt = TextStim(__class__=<class 'psychopy.visual.text.TextStim'>, alignHoriz=method-wrapper(...), alignText='center', alignVert=method-wrapper(...), anchorHoriz='center', anchorVert='center', antialias=True, autoLog=True, bold=False, color=array([1., 1., 1.]), colorSpace='rgb', contrast=1.0, depth=0.0, flipHoriz=False, flipVert=False, font='Open Sans', fontFiles=[], height=0.1, italic=False, languageStyle='LTR', name='blank_txt', opacity=1, ori=0.0, pos=array([0., 0.]), rgb=UNKNOWN, text='', units='height', win=Window(...), wrapWidth=1)
99.4659 	EXP 	Sound tProbe set volume 1.000
99.4671 	EXP 	Created you_done_goofed = TextStim(__class__=<class 'psychopy.visual.text.TextStim'>, alignHoriz=method-wrapper(...), alignText='center', alignVert=method-wrapper(...), anchorHoriz='center', anchorVert='center', antialias=True, autoLog=True, bold=False, color=array([1., 1., 1.]), colorSpace='rgb', contrast=1.0, depth=-1.0, flipHoriz=False, flipVert=False, font='Open Sans', fontFiles=[], height=0.05, italic=False, languageStyle='LTR', name='you_done_goofed', opacity=1, ori=0.0, pos=array([0., 0.]), rgb=UNKNOWN, text='', units='height', win=Window(...), wrapWidth=1)
99.7814 	EXP 	Created text_2 = TextStim(__class__=<class 'psychopy.visual.text.TextStim'>, alignHoriz=method-wrapper(...), alignText='center', alignVert=method-wrapper(...), anchorHoriz='center', anchorVert='center', antialias=True, autoLog=True, bold=False, color=array([1., 1., 1.]), colorSpace='rgb', contrast=1.0, depth=-2.0, flipHoriz=False, flipVert=False, font='Open Sans', fontFiles=[], height=0.05, italic=False, languageStyle='LTR', name='text_2', opacity=1, ori=0.0, pos=array([0., 0.]), rgb=UNKNOWN, text='', units='height', win=Window(...), wrapWidth=1)
99.7826 	EXP 	Created blank_txt = TextStim(__class__=<class 'psychopy.visual.text.TextStim'>, alignHoriz=method-wrapper(...), alignText='center', alignVert=method-wrapper(...), anchorHoriz='center', anchorVert='center', antialias=True, autoLog=True, bold=False, color=array([1., 1., 1.]), colorSpace='rgb', contrast=1.0, depth=0.0, flipHoriz=False, flipVert=False, font='Open Sans', fontFiles=[], height=0.1, italic=False, languageStyle='LTR', name='blank_txt', opacity=1, ori=0.0, pos=array([0., 0.]), rgb=UNKNOWN, text='', units='height', win=Window(...), wrapWidth=1)
99.7948 	EXP 	Sound probe set volume 1.000
99.8056 	EXP 	Created goodbye_text = TextStim(__class__=<class 'psychopy.visual.text.TextStim'>, alignHoriz=method-wrapper(...), alignText='center', alignVert=method-wrapper(...), anchorHoriz='center', anchorVert='center', antialias=True, autoLog=True, bold=False, color=array([1., 1., 1.]), colorSpace='rgb', contrast=1.0, depth=0.0, flipHoriz=False, flipVert=False, font='Open Sans', fontFiles=[], height=0.05, italic=False, languageStyle='LTR', name='goodbye_text', opacity=1, ori=0.0, pos=array([0., 0.]), rgb=UNKNOWN, text=str(...), units='height', win=Window(...), wrapWidth=1)
99.8078 	EXP 	Created fixation_cross = ShapeStim(__class__=<class 'psychopy.visual.shape.ShapeStim'>, anchor=('center', 'center'), autoDraw=False, autoLog=True, closeShape=True, color=method-wrapper(...), colorSpace='rgb', contrast=None, depth=-3.0, fillColor=array([1, 1, 1]), fillColorSpace='rgb', fillRGB=array([1, 1, 1]), interpolate=True, lineColor=array([1., 1., 1.]), lineColorSpace='rgb', lineRGB=array([1, 1, 1]), lineWidth=1.0, name='fixation_cross', opacity=1, ori=0.0, pos=array([0., 0.]), size=array([0.15, 0.15]), units='height', vertices=ndarray(...), win=Window(...), windingRule=None)
99.8211 	EXP 	text: autoDraw = True
140.9316 	DATA 	Keypress: space
140.9510 	EXP 	text: autoDraw = False
140.9510 	EXP 	blank_txt: autoDraw = True
141.9354 	EXP 	Created sequence: random, trialTypes=1, nReps=3, seed=None
141.9356 	EXP 	New trial (rep=0, index=0): None
141.9633 	EXP 	blank_txt: autoDraw = False
142.5967 	DATA 	Keypress: space
142.9321 	EXP 	Sound tProbe started
143.1486 	EXP 	Sound tProbe reached end of file
145.0053 	EXP 	you_done_goofed: height = 0.05
145.0053 	EXP 	you_done_goofed: height = 0.05
145.0053 	EXP 	you_done_goofed: text = "Vous avez appuyé trop tôt ! \n            \n\n Veuillez n'appuyer qu'une seule fois sur la barre d'espace,après avoir entendu un ton.\n            \n\nAppuyez sur n'importe quelle touche pour poursuivre."
145.0053 	EXP 	you_done_goofed: autoDraw = True
152.2625 	EXP 	New trial (rep=1, index=0): None
152.2684 	DATA 	Keypress: space
152.2782 	EXP 	you_done_goofed: autoDraw = False
153.2626 	EXP 	Sound tProbe started
153.4768 	EXP 	Sound tProbe reached end of file
153.6664 	DATA 	Keypress: space
155.3456 	EXP 	you_done_goofed: height = 0.05
155.3456 	EXP 	you_done_goofed: height = 0.05
155.3456 	EXP 	you_done_goofed: text = "C'est très bien! \n            \n\nAppuyez sur n'importe quelle touche pour poursuivre."
155.3456 	EXP 	you_done_goofed: autoDraw = True
155.6969 	EXP 	New trial (rep=2, index=0): None
155.7026 	DATA 	Keypress: space
155.7117 	EXP 	you_done_goofed: autoDraw = False
156.6996 	EXP 	Sound tProbe started
156.9168 	EXP 	Sound tProbe reached end of file
157.4148 	DATA 	Keypress: space
158.7701 	EXP 	you_done_goofed: text = "C'est très bien! \n            \n\nAppuyez sur n'importe quelle touche pour poursuivre."
158.7701 	EXP 	you_done_goofed: autoDraw = True
160.4839 	EXP 	Created fixation_cross = ShapeStim(__class__=<class 'psychopy.visual.shape.ShapeStim'>, anchor=('center', 'center'), autoDraw=False, autoLog=True, closeShape=True, color=method-wrapper(...), colorSpace='rgb', contrast=None, depth=-3.0, fillColor=array([1, 1, 1]), fillColorSpace='rgb', fillRGB=array([1, 1, 1]), interpolate=True, lineColor=array([1., 1., 1.]), lineColorSpace='rgb', lineRGB=array([1, 1, 1]), lineWidth=1.0, name='fixation_cross', opacity=1, ori=0.0, pos=array([0., 0.]), size=array([0.15, 0.15]), units='height', vertices=ndarray(...), win=Window(...), windingRule=None)
160.5052 	DATA 	Keypress: space
160.5162 	EXP 	you_done_goofed: autoDraw = False
160.5162 	EXP 	text_2: height = 0.05
160.5162 	EXP 	text_2: height = 0.05
160.5162 	EXP 	text_2: text = "Appuyez sur la barre d'espace dès que vous entendez un son. \n\n Les réponses enregistrées plus d'une seconde après le son ne seront pas comptabilisées. \n\n\n Appuyez sur n'importe quelle touche pour démarrer."
160.5162 	EXP 	text_2: autoDraw = True
163.2062 	DATA 	Keypress: space
163.2166 	EXP 	text_2: autoDraw = False
163.2166 	EXP 	blank_txt: autoDraw = True
164.2152 	EXP 	Created sequence: random, trialTypes=1, nReps=999, seed=None
164.2175 	EXP 	New trial (rep=0, index=0): None
164.2962 	EXP 	Sound probe started
164.3053 	EXP 	blank_txt: autoDraw = False
164.5047 	EXP 	Sound probe reached end of file
164.6431 	DATA 	Keypress: space
167.3303 	EXP 	New trial (rep=1, index=0): None
167.4013 	EXP 	Sound probe started
167.6167 	EXP 	Sound probe reached end of file
167.7142 	DATA 	Keypress: space
169.5451 	EXP 	New trial (rep=2, index=0): None
169.6234 	EXP 	Sound probe started
169.8368 	EXP 	Sound probe reached end of file
169.9486 	DATA 	Keypress: space
171.8010 	EXP 	New trial (rep=3, index=0): None
171.8070 	EXP 	Sound probe started
172.0247 	EXP 	Sound probe reached end of file
175.2832 	EXP 	New trial (rep=4, index=0): None
175.3559 	EXP 	Sound probe started
175.5644 	EXP 	Sound probe reached end of file
175.9383 	DATA 	Keypress: space
177.6832 	EXP 	New trial (rep=5, index=0): None
177.7552 	EXP 	Sound probe started
177.9731 	EXP 	Sound probe reached end of file
181.3386 	EXP 	New trial (rep=6, index=0): None
181.4122 	EXP 	Sound probe started
181.6244 	EXP 	Sound probe reached end of file
185.4241 	EXP 	New trial (rep=7, index=0): None
185.4923 	EXP 	Sound probe started
185.7067 	EXP 	Sound probe reached end of file
185.9507 	DATA 	Keypress: space
189.3780 	EXP 	New trial (rep=8, index=0): None
189.4562 	EXP 	Sound probe started
189.6646 	EXP 	Sound probe stopped
192.3829 	EXP 	New trial (rep=9, index=0): None
192.4548 	EXP 	Sound probe started
192.6728 	EXP 	Sound probe reached end of file
192.8564 	DATA 	Keypress: space
195.4932 	EXP 	New trial (rep=10, index=0): None
195.4980 	EXP 	Sound probe started
195.7126 	EXP 	Sound probe reached end of file
198.5281 	EXP 	New trial (rep=11, index=0): None
198.5966 	EXP 	Sound probe started
198.8126 	EXP 	Sound probe reached end of file
201.2868 	EXP 	New trial (rep=12, index=0): None
201.3570 	EXP 	Sound probe started
201.5727 	EXP 	Sound probe reached end of file
201.7514 	DATA 	Keypress: space
204.2023 	EXP 	New trial (rep=13, index=0): None
204.2712 	EXP 	Sound probe started
204.4807 	EXP 	Sound probe reached end of file
206.3381 	EXP 	New trial (rep=14, index=0): None
206.3434 	EXP 	Sound probe started
206.5608 	EXP 	Sound probe reached end of file
209.6960 	EXP 	New trial (rep=15, index=0): None
209.7655 	EXP 	Sound probe started
209.9806 	EXP 	Sound probe reached end of file
210.3264 	DATA 	Keypress: space
212.8475 	EXP 	New trial (rep=16, index=0): None
212.9221 	EXP 	Sound probe started
213.1406 	EXP 	Sound probe reached end of file
213.5284 	DATA 	Keypress: space
216.4381 	EXP 	New trial (rep=17, index=0): None
216.5170 	EXP 	Sound probe started
216.7326 	EXP 	Sound probe reached end of file
219.6173 	EXP 	New trial (rep=18, index=0): None
219.6875 	EXP 	Sound probe started
219.9006 	EXP 	Sound probe reached end of file
220.2277 	DATA 	Keypress: space
222.0553 	EXP 	New trial (rep=19, index=0): None
222.1253 	EXP 	Sound probe started
222.3406 	EXP 	Sound probe reached end of file
224.2275 	EXP 	New trial (rep=20, index=0): None
224.3022 	EXP 	Sound probe started
224.5210 	EXP 	Sound probe reached end of file
224.7073 	DATA 	Keypress: space
226.3385 	EXP 	New trial (rep=21, index=0): None
226.3401 	EXP 	Sound probe started
226.5487 	EXP 	Sound probe reached end of file
228.4838 	EXP 	New trial (rep=22, index=0): None
229.2354 	EXP 	Sound probe started
229.4486 	EXP 	Sound probe reached end of file
232.7960 	EXP 	New trial (rep=23, index=0): None
232.8684 	EXP 	Sound probe started
233.0886 	EXP 	Sound probe reached end of file
233.3954 	DATA 	Keypress: space
236.3372 	EXP 	New trial (rep=24, index=0): None
236.4098 	EXP 	Sound probe started
236.6284 	EXP 	Sound probe reached end of file
239.8077 	EXP 	New trial (rep=25, index=0): None
239.8132 	EXP 	Sound probe started
240.0285 	EXP 	Sound probe reached end of file
243.5422 	EXP 	New trial (rep=26, index=0): None
243.6195 	EXP 	Sound probe started
243.8286 	EXP 	Sound probe reached end of file
244.2622 	DATA 	Keypress: space
247.6260 	EXP 	New trial (rep=27, index=0): None
247.7032 	EXP 	Sound probe started
247.9086 	EXP 	Sound probe stopped
250.5591 	EXP 	New trial (rep=28, index=0): None
250.6260 	EXP 	Sound probe started
250.8406 	EXP 	Sound probe reached end of file
253.2498 	EXP 	New trial (rep=29, index=0): None
253.2565 	EXP 	Sound probe started
253.4685 	EXP 	Sound probe reached end of file
256.0839 	EXP 	New trial (rep=30, index=0): None
256.1641 	EXP 	Sound probe started
256.3766 	EXP 	Sound probe reached end of file
256.9725 	DATA 	Keypress: space
258.2884 	EXP 	New trial (rep=31, index=0): None
259.2806 	EXP 	Sound probe started
259.4968 	EXP 	Sound probe reached end of file
261.6374 	EXP 	New trial (rep=32, index=0): None
262.9823 	EXP 	Sound probe started
263.1886 	EXP 	Sound probe stopped
265.5424 	EXP 	New trial (rep=33, index=0): None
266.6765 	EXP 	Sound probe started
266.8966 	EXP 	Sound probe reached end of file
267.3494 	DATA 	Keypress: space
269.8340 	EXP 	New trial (rep=34, index=0): None
270.9470 	EXP 	Sound probe started
271.1487 	EXP 	Sound probe stopped
274.8850 	EXP 	New trial (rep=35, index=0): None
276.0330 	EXP 	Sound probe started
276.2366 	EXP 	Sound probe stopped
276.4940 	DATA 	Keypress: space
278.3154 	EXP 	New trial (rep=36, index=0): None
278.3164 	EXP 	Sound probe started
278.5366 	EXP 	Sound probe reached end of file
280.5810 	EXP 	New trial (rep=37, index=0): None
281.7865 	EXP 	Sound probe started
282.0046 	EXP 	Sound probe reached end of file
285.3549 	EXP 	New trial (rep=38, index=0): None
286.5693 	EXP 	Sound probe started
286.7846 	EXP 	Sound probe reached end of file
289.1520 	EXP 	New trial (rep=39, index=0): None
290.3562 	EXP 	Sound probe started
290.5649 	EXP 	Sound probe reached end of file
292.6588 	EXP 	New trial (rep=40, index=0): None
293.8769 	EXP 	Sound probe started
294.0968 	EXP 	Sound probe reached end of file
294.6135 	DATA 	Keypress: space
296.2021 	EXP 	New trial (rep=41, index=0): None
297.4896 	EXP 	Sound probe started
297.6965 	EXP 	Sound probe stopped
298.0847 	DATA 	Keypress: space
300.8674 	EXP 	New trial (rep=42, index=0): None
300.8708 	EXP 	Sound probe started
301.0877 	EXP 	Sound probe reached end of file
301.6190 	DATA 	Keypress: space
304.6188 	EXP 	New trial (rep=43, index=0): None
305.8805 	EXP 	Sound probe started
306.0846 	EXP 	Sound probe stopped
306.5573 	DATA 	Keypress: space
308.9767 	EXP 	New trial (rep=44, index=0): None
310.2587 	EXP 	Sound probe started
310.4723 	EXP 	Sound probe reached end of file
310.8007 	DATA 	Keypress: space
314.1034 	EXP 	New trial (rep=45, index=0): None
315.3863 	EXP 	Sound probe started
315.6045 	EXP 	Sound probe reached end of file
318.8516 	EXP 	New trial (rep=46, index=0): None
320.3483 	EXP 	Sound probe started
320.5643 	EXP 	Sound probe reached end of file
320.8999 	DATA 	Keypress: space
323.7370 	EXP 	New trial (rep=47, index=0): None
325.1075 	EXP 	Sound probe started
325.3247 	EXP 	Sound probe reached end of file
328.3623 	EXP 	New trial (rep=48, index=0): None
328.3656 	EXP 	Sound probe started
328.5806 	EXP 	Sound probe reached end of file
330.5634 	EXP 	New trial (rep=49, index=0): None
331.9743 	EXP 	Sound probe started
332.1926 	EXP 	Sound probe reached end of file
335.0431 	EXP 	New trial (rep=50, index=0): None
336.4760 	EXP 	Sound probe started
336.6926 	EXP 	Sound probe reached end of file
340.0745 	EXP 	New trial (rep=51, index=0): None
341.4409 	EXP 	Sound probe started
341.6604 	EXP 	Sound probe reached end of file
344.0177 	EXP 	New trial (rep=52, index=0): None
344.0218 	EXP 	Sound probe started
344.2406 	EXP 	Sound probe reached end of file
346.9807 	EXP 	New trial (rep=53, index=0): None
348.3794 	EXP 	Sound probe started
348.5924 	EXP 	Sound probe reached end of file
351.6404 	EXP 	New trial (rep=54, index=0): None
353.3222 	EXP 	Sound probe started
353.5405 	EXP 	Sound probe reached end of file
355.7161 	EXP 	New trial (rep=55, index=0): None
357.2208 	EXP 	Sound probe started
357.4287 	EXP 	Sound probe stopped
357.8178 	DATA 	Keypress: space
360.4646 	EXP 	New trial (rep=56, index=0): None
360.4656 	EXP 	Sound probe started
360.6806 	EXP 	Sound probe reached end of file
363.2395 	EXP 	New trial (rep=57, index=0): None
364.7544 	EXP 	Sound probe started
364.9685 	EXP 	Sound probe reached end of file
368.6435 	EXP 	New trial (rep=58, index=0): None
370.1728 	EXP 	Sound probe started
370.3803 	EXP 	Sound probe stopped
374.0482 	EXP 	New trial (rep=59, index=0): None
375.6140 	EXP 	Sound probe started
375.8285 	EXP 	Sound probe reached end of file
376.9318 	DATA 	Keypress: space
378.5632 	EXP 	New trial (rep=60, index=0): None
380.2998 	EXP 	Sound probe started
380.5163 	EXP 	Sound probe reached end of file
380.8465 	DATA 	Keypress: space
384.1987 	EXP 	New trial (rep=61, index=0): None
384.1996 	EXP 	Sound probe started
384.4167 	EXP 	Sound probe reached end of file
386.9287 	EXP 	New trial (rep=62, index=0): None
388.5071 	EXP 	Sound probe started
388.7165 	EXP 	Sound probe reached end of file
392.2576 	EXP 	New trial (rep=63, index=0): None
392.2618 	EXP 	Sound probe stopped
392.2868 	EXP 	goodbye_text: autoDraw = True
395.3892 	DATA 	Keypress: space
395.4000 	EXP 	goodbye_text: autoDraw = False
395.5005 	EXP 	window1: mouseVisible = True
