49.9944 	WARNING 	User requested fullscreen with size [2560 1440], but screen is actually [3840, 2160]. Using actual size
53.1757 	WARNING 	Couldn't measure a consistent frame rate!
  - Is your graphics card set to sync to vertical blank?
  - Are you running other processes on your computer?

53.1767 	EXP 	Created window1 = Window(allowGUI=False, allowStencil=False, autoLog=True, backendConf=UNKNOWN, bitsMode=UNKNOWN, blendMode='avg', bpc=(8, 8, 8), color=array([0, 0, 0]), colorSpace='rgb', depthBits=8, fullscr=<method-wrapper '__getattribute__' of attributeSetter object at 0x0000021D83E26B20>, gamma=None, gammaErrorPolicy='raise', lms=UNKNOWN, monitor=<psychopy.monitors.calibTools.Monitor object at 0x0000021D85AE6160>, multiSample=False, name='window1', numSamples=2, pos=(0, 0), screen=0, size=array([3840, 2160]), stencilBits=0, stereo=False, units='height', useFBO=True, useRetina=False, viewOri=0.0, viewPos=None, viewScale=None, waitBlanking=True, winType='pyglet')
53.1775 	EXP 	window1: mouseVisible = True
53.1775 	EXP 	window1: Attempting to measure frame rate of screen (0) ...
53.1776 	EXP 	window1: recordFrameIntervals = False
53.4071 	EXP 	window1: recordFrameIntervals = True
53.5239 	WARNING 	t of last frame was 20.88ms (=1/47)
53.5602 	WARNING 	t of last frame was 20.83ms (=1/47)
53.6094 	WARNING 	t of last frame was 20.39ms (=1/49)
53.6596 	WARNING 	t of last frame was 22.16ms (=1/45)
53.7066 	WARNING 	Multiple dropped frames have occurred - I'll stop bothering you about them!
55.4064 	WARNING 	Couldn't measure a consistent frame rate!
  - Is your graphics card set to sync to vertical blank?
  - Are you running other processes on your computer?

69.6732 	EXP 	Created text = TextStim(__class__=<class 'psychopy.visual.text.TextStim'>, alignHoriz=method-wrapper(...), alignText='center', alignVert=method-wrapper(...), anchorHoriz='center', anchorVert='center', antialias=True, autoLog=True, bold=False, color=array([1., 1., 1.]), colorSpace='rgb', contrast=1.0, depth=-3.0, flipHoriz=False, flipVert=False, font='Open Sans', fontFiles=[], height=0.05, italic=False, languageStyle='LTR', name='text', opacity=1, ori=0.0, pos=array([0., 0.]), rgb=UNKNOWN, text=str(...), units='height', win=Window(...), wrapWidth=1)
69.6753 	EXP 	Created blank_txt = TextStim(__class__=<class 'psychopy.visual.text.TextStim'>, alignHoriz=method-wrapper(...), alignText='center', alignVert=method-wrapper(...), anchorHoriz='center', anchorVert='center', antialias=True, autoLog=True, bold=False, color=array([1., 1., 1.]), colorSpace='rgb', contrast=1.0, depth=0.0, flipHoriz=False, flipVert=False, font='Open Sans', fontFiles=[], height=0.1, italic=False, languageStyle='LTR', name='blank_txt', opacity=1, ori=0.0, pos=array([0., 0.]), rgb=UNKNOWN, text='', units='height', win=Window(...), wrapWidth=1)
69.7715 	EXP 	Sound tProbe set volume 1.000
69.7728 	EXP 	Created you_done_goofed = TextStim(__class__=<class 'psychopy.visual.text.TextStim'>, alignHoriz=method-wrapper(...), alignText='center', alignVert=method-wrapper(...), anchorHoriz='center', anchorVert='center', antialias=True, autoLog=True, bold=False, color=array([1., 1., 1.]), colorSpace='rgb', contrast=1.0, depth=-1.0, flipHoriz=False, flipVert=False, font='Open Sans', fontFiles=[], height=0.05, italic=False, languageStyle='LTR', name='you_done_goofed', opacity=1, ori=0.0, pos=array([0., 0.]), rgb=UNKNOWN, text='', units='height', win=Window(...), wrapWidth=1)
70.0947 	EXP 	Created text_2 = TextStim(__class__=<class 'psychopy.visual.text.TextStim'>, alignHoriz=method-wrapper(...), alignText='center', alignVert=method-wrapper(...), anchorHoriz='center', anchorVert='center', antialias=True, autoLog=True, bold=False, color=array([1., 1., 1.]), colorSpace='rgb', contrast=1.0, depth=-2.0, flipHoriz=False, flipVert=False, font='Open Sans', fontFiles=[], height=0.05, italic=False, languageStyle='LTR', name='text_2', opacity=1, ori=0.0, pos=array([0., 0.]), rgb=UNKNOWN, text='', units='height', win=Window(...), wrapWidth=1)
70.0959 	EXP 	Created blank_txt = TextStim(__class__=<class 'psychopy.visual.text.TextStim'>, alignHoriz=method-wrapper(...), alignText='center', alignVert=method-wrapper(...), anchorHoriz='center', anchorVert='center', antialias=True, autoLog=True, bold=False, color=array([1., 1., 1.]), colorSpace='rgb', contrast=1.0, depth=0.0, flipHoriz=False, flipVert=False, font='Open Sans', fontFiles=[], height=0.1, italic=False, languageStyle='LTR', name='blank_txt', opacity=1, ori=0.0, pos=array([0., 0.]), rgb=UNKNOWN, text='', units='height', win=Window(...), wrapWidth=1)
70.1097 	EXP 	Sound probe set volume 1.000
70.1209 	EXP 	Created goodbye_text = TextStim(__class__=<class 'psychopy.visual.text.TextStim'>, alignHoriz=method-wrapper(...), alignText='center', alignVert=method-wrapper(...), anchorHoriz='center', anchorVert='center', antialias=True, autoLog=True, bold=False, color=array([1., 1., 1.]), colorSpace='rgb', contrast=1.0, depth=0.0, flipHoriz=False, flipVert=False, font='Open Sans', fontFiles=[], height=0.05, italic=False, languageStyle='LTR', name='goodbye_text', opacity=1, ori=0.0, pos=array([0., 0.]), rgb=UNKNOWN, text=str(...), units='height', win=Window(...), wrapWidth=1)
70.1246 	EXP 	Created fixation_cross = ShapeStim(__class__=<class 'psychopy.visual.shape.ShapeStim'>, anchor=('center', 'center'), autoDraw=False, autoLog=True, closeShape=True, color=method-wrapper(...), colorSpace='rgb', contrast=None, depth=-3.0, fillColor=array([1, 1, 1]), fillColorSpace='rgb', fillRGB=array([1, 1, 1]), interpolate=True, lineColor=array([1., 1., 1.]), lineColorSpace='rgb', lineRGB=array([1, 1, 1]), lineWidth=1.0, name='fixation_cross', opacity=1, ori=0.0, pos=array([0., 0.]), size=array([0.15, 0.15]), units='height', vertices=ndarray(...), win=Window(...), windingRule=None)
70.1387 	EXP 	text: autoDraw = True
98.4616 	DATA 	Keypress: k
98.4708 	EXP 	text: autoDraw = False
98.4708 	EXP 	blank_txt: autoDraw = True
99.4654 	EXP 	Created sequence: random, trialTypes=1, nReps=3, seed=None
99.4662 	EXP 	New trial (rep=0, index=0): None
99.4794 	EXP 	blank_txt: autoDraw = False
100.4686 	EXP 	Sound tProbe started
100.6826 	EXP 	Sound tProbe reached end of file
100.9590 	DATA 	Keypress: space
102.5558 	EXP 	you_done_goofed: height = 0.05
102.5558 	EXP 	you_done_goofed: height = 0.05
102.5558 	EXP 	you_done_goofed: text = "You're doing great! \n            \n\nPress any key to continue."
102.5558 	EXP 	you_done_goofed: autoDraw = True
104.7622 	EXP 	New trial (rep=1, index=0): None
104.7638 	DATA 	Keypress: comma
104.7734 	EXP 	you_done_goofed: autoDraw = False
105.7533 	EXP 	Sound tProbe started
105.9644 	EXP 	Sound tProbe reached end of file
106.1882 	DATA 	Keypress: space
107.8503 	EXP 	you_done_goofed: text = "You're doing great! \n            \n\nPress any key to continue."
107.8503 	EXP 	you_done_goofed: autoDraw = True
110.2167 	EXP 	New trial (rep=2, index=0): None
110.2221 	DATA 	Keypress: space
110.2371 	EXP 	you_done_goofed: autoDraw = False
111.2207 	EXP 	Sound tProbe started
111.4341 	EXP 	Sound tProbe reached end of file
111.7576 	DATA 	Keypress: space
113.2661 	EXP 	you_done_goofed: text = "You're doing great! \n            \n\nPress any key to continue."
113.2661 	EXP 	you_done_goofed: autoDraw = True
114.0287 	EXP 	Created fixation_cross = ShapeStim(__class__=<class 'psychopy.visual.shape.ShapeStim'>, anchor=('center', 'center'), autoDraw=False, autoLog=True, closeShape=True, color=method-wrapper(...), colorSpace='rgb', contrast=None, depth=-3.0, fillColor=array([1, 1, 1]), fillColorSpace='rgb', fillRGB=array([1, 1, 1]), interpolate=True, lineColor=array([1., 1., 1.]), lineColorSpace='rgb', lineRGB=array([1, 1, 1]), lineWidth=1.0, name='fixation_cross', opacity=1, ori=0.0, pos=array([0., 0.]), size=array([0.15, 0.15]), units='height', vertices=ndarray(...), win=Window(...), windingRule=None)
114.0537 	DATA 	Keypress: space
114.0650 	EXP 	you_done_goofed: autoDraw = False
114.0650 	EXP 	text_2: height = 0.05
114.0650 	EXP 	text_2: height = 0.05
114.0650 	EXP 	text_2: text = 'We can now start the experiment. \n\nPress <spacebar> as fast as possible each time you hear a sound. \n\n Please note that responses recorded later than 1 second after the sound will not be counted. \n\n\n Press any key to start.'
114.0650 	EXP 	text_2: autoDraw = True
117.8344 	DATA 	Keypress: space
117.8565 	EXP 	text_2: autoDraw = False
117.8565 	EXP 	blank_txt: autoDraw = True
118.8523 	EXP 	Created sequence: random, trialTypes=1, nReps=999, seed=None
118.8555 	EXP 	New trial (rep=0, index=0): None
118.9560 	EXP 	Sound probe started
118.9642 	EXP 	blank_txt: autoDraw = False
119.1744 	EXP 	Sound probe reached end of file
119.4821 	DATA 	Keypress: space
121.5669 	EXP 	New trial (rep=1, index=0): None
121.7154 	EXP 	Sound probe started
121.9320 	EXP 	Sound probe reached end of file
122.3154 	DATA 	Keypress: space
125.6976 	EXP 	New trial (rep=2, index=0): None
125.7709 	EXP 	Sound probe started
125.9904 	EXP 	Sound probe reached end of file
126.4135 	DATA 	Keypress: space
128.8987 	EXP 	New trial (rep=3, index=0): None
128.9004 	EXP 	Sound probe started
129.1106 	EXP 	Sound probe reached end of file
132.4215 	EXP 	New trial (rep=4, index=0): None
132.4947 	EXP 	Sound probe started
132.7103 	EXP 	Sound probe reached end of file
133.5492 	DATA 	Keypress: space
136.1572 	EXP 	New trial (rep=5, index=0): None
136.2297 	EXP 	Sound probe started
136.4513 	EXP 	Sound probe reached end of file
136.8210 	DATA 	Keypress: space
139.9053 	EXP 	New trial (rep=6, index=0): None
139.9811 	EXP 	Sound probe started
139.9818 	DATA 	Keypress: space
140.1904 	EXP 	Sound probe reached end of file
143.8310 	EXP 	New trial (rep=7, index=0): None
143.8323 	EXP 	Sound probe started
144.0426 	EXP 	Sound probe stopped
147.2124 	EXP 	New trial (rep=8, index=0): None
147.2938 	EXP 	Sound probe started
147.5105 	EXP 	Sound probe reached end of file
150.4039 	EXP 	New trial (rep=9, index=0): None
150.4788 	EXP 	Sound probe started
150.6985 	EXP 	Sound probe reached end of file
151.0010 	DATA 	Keypress: space
153.9870 	EXP 	New trial (rep=10, index=0): None
154.0647 	EXP 	Sound probe started
154.2783 	EXP 	Sound probe reached end of file
157.1445 	EXP 	New trial (rep=11, index=0): None
157.1460 	EXP 	Sound probe started
157.3501 	EXP 	Sound probe stopped
161.0602 	EXP 	New trial (rep=12, index=0): None
161.1512 	EXP 	Sound probe started
161.3702 	EXP 	Sound probe reached end of file
161.6690 	DATA 	Keypress: space
163.4634 	EXP 	New trial (rep=13, index=0): None
163.5327 	EXP 	Sound probe started
163.7503 	EXP 	Sound probe reached end of file
165.7659 	EXP 	New trial (rep=14, index=0): None
165.8480 	EXP 	Sound probe started
166.0584 	EXP 	Sound probe reached end of file
166.4278 	DATA 	Keypress: space
169.5382 	EXP 	New trial (rep=15, index=0): None
169.5401 	EXP 	Sound probe started
169.7583 	EXP 	Sound probe reached end of file
172.7886 	EXP 	New trial (rep=16, index=0): None
172.8634 	EXP 	Sound probe started
173.0786 	EXP 	Sound probe reached end of file
173.6901 	DATA 	Keypress: space
176.2823 	EXP 	New trial (rep=17, index=0): None
176.3618 	EXP 	Sound probe started
176.5784 	EXP 	Sound probe reached end of file
177.8949 	DATA 	Keypress: space
180.3041 	EXP 	New trial (rep=18, index=0): None
180.3799 	EXP 	Sound probe started
180.5862 	EXP 	Sound probe stopped
181.0301 	DATA 	Keypress: space
182.6530 	EXP 	New trial (rep=19, index=0): None
182.7251 	EXP 	Sound probe started
182.9382 	EXP 	Sound probe reached end of file
183.4066 	DATA 	Keypress: space
185.2825 	EXP 	New trial (rep=20, index=0): None
185.2891 	EXP 	Sound probe started
185.5063 	EXP 	Sound probe reached end of file
188.1118 	EXP 	New trial (rep=21, index=0): None
188.1902 	EXP 	Sound probe started
188.3984 	EXP 	Sound probe stopped
192.0217 	EXP 	New trial (rep=22, index=0): None
192.0997 	EXP 	Sound probe started
192.3183 	EXP 	Sound probe reached end of file
192.6115 	DATA 	Keypress: space
195.5605 	EXP 	New trial (rep=23, index=0): None
195.6353 	EXP 	Sound probe started
195.8461 	EXP 	Sound probe reached end of file
197.5098 	DATA 	Keypress: space
199.1973 	EXP 	New trial (rep=24, index=0): None
199.2044 	EXP 	Sound probe started
199.4143 	EXP 	Sound probe reached end of file
202.7485 	EXP 	New trial (rep=25, index=0): None
202.8192 	EXP 	Sound probe started
203.0342 	EXP 	Sound probe reached end of file
203.4138 	DATA 	Keypress: space
206.5051 	EXP 	New trial (rep=26, index=0): None
206.5805 	EXP 	Sound probe started
206.7942 	EXP 	Sound probe reached end of file
209.4689 	EXP 	New trial (rep=27, index=0): None
209.5448 	EXP 	Sound probe started
209.7543 	EXP 	Sound probe reached end of file
210.2376 	DATA 	Keypress: space
211.9872 	EXP 	New trial (rep=28, index=0): None
211.9891 	EXP 	Sound probe started
212.2063 	EXP 	Sound probe reached end of file
215.9230 	EXP 	New trial (rep=29, index=0): None
215.9966 	EXP 	Sound probe started
216.2143 	EXP 	Sound probe reached end of file
217.0904 	DATA 	Keypress: space
219.2293 	EXP 	New trial (rep=30, index=0): None
221.0631 	EXP 	Sound probe started
221.0638 	DATA 	Keypress: space
221.2742 	EXP 	Sound probe reached end of file
224.7027 	EXP 	New trial (rep=31, index=0): None
225.8374 	EXP 	Sound probe started
226.0544 	EXP 	Sound probe reached end of file
226.4093 	DATA 	Keypress: space
228.3824 	EXP 	New trial (rep=32, index=0): None
229.9121 	EXP 	Sound probe started
229.9127 	DATA 	Keypress: space
230.1223 	EXP 	Sound probe reached end of file
233.3674 	EXP 	New trial (rep=33, index=0): None
234.4184 	EXP 	Sound probe started
234.6341 	EXP 	Sound probe reached end of file
235.0525 	DATA 	Keypress: space
238.3850 	EXP 	New trial (rep=34, index=0): None
239.5197 	EXP 	Sound probe started
239.7342 	EXP 	Sound probe reached end of file
243.4284 	EXP 	New trial (rep=35, index=0): None
243.4296 	EXP 	Sound probe started
243.6422 	EXP 	Sound probe reached end of file
245.9812 	EXP 	New trial (rep=36, index=0): None
247.1637 	EXP 	Sound probe started
247.3825 	EXP 	Sound probe reached end of file
249.6808 	DATA 	Keypress: space
249.7196 	EXP 	New trial (rep=37, index=0): None
250.9221 	EXP 	Sound probe started
251.1422 	EXP 	Sound probe reached end of file
254.9261 	EXP 	New trial (rep=38, index=0): None
256.1106 	EXP 	Sound probe started
256.3223 	EXP 	Sound probe stopped
256.7549 	DATA 	Keypress: space
260.0627 	EXP 	New trial (rep=39, index=0): None
260.0660 	EXP 	Sound probe started
260.2823 	EXP 	Sound probe reached end of file
263.2164 	DATA 	Keypress: space
263.7195 	EXP 	New trial (rep=40, index=0): None
264.8697 	EXP 	Sound probe started
265.0704 	EXP 	Sound probe stopped
268.0340 	EXP 	New trial (rep=41, index=0): None
269.2773 	EXP 	Sound probe started
269.4902 	EXP 	Sound probe reached end of file
272.6739 	EXP 	New trial (rep=42, index=0): None
274.1394 	EXP 	Sound probe started
274.1402 	DATA 	Keypress: space
274.3502 	EXP 	Sound probe reached end of file
276.3128 	EXP 	New trial (rep=43, index=0): None
277.5426 	EXP 	Sound probe started
277.7503 	EXP 	Sound probe stopped
278.5026 	DATA 	Keypress: space
279.8855 	EXP 	New trial (rep=44, index=0): None
279.8896 	EXP 	Sound probe started
280.1018 	EXP 	Sound probe reached end of file
282.4166 	EXP 	New trial (rep=45, index=0): None
283.6903 	EXP 	Sound probe started
283.8984 	EXP 	Sound probe stopped
286.9830 	EXP 	New trial (rep=46, index=0): None
288.3345 	EXP 	Sound probe started
288.5503 	EXP 	Sound probe reached end of file
288.9648 	DATA 	Keypress: space
290.8929 	EXP 	New trial (rep=47, index=0): None
292.2236 	EXP 	Sound probe started
292.4304 	EXP 	Sound probe stopped
295.3759 	EXP 	New trial (rep=48, index=0): None
295.3770 	EXP 	Sound probe started
295.5901 	EXP 	Sound probe reached end of file
299.3014 	EXP 	New trial (rep=49, index=0): None
300.6658 	EXP 	Sound probe started
300.8662 	EXP 	Sound probe stopped
302.7223 	EXP 	New trial (rep=50, index=0): None
304.1361 	EXP 	Sound probe started
304.3465 	EXP 	Sound probe reached end of file
307.0755 	EXP 	New trial (rep=51, index=0): None
308.4510 	EXP 	Sound probe started
308.6659 	EXP 	Sound probe reached end of file
311.1143 	EXP 	New trial (rep=52, index=0): None
311.1153 	EXP 	Sound probe started
311.3262 	EXP 	Sound probe reached end of file
315.1186 	EXP 	New trial (rep=53, index=0): None
316.5022 	EXP 	Sound probe started
316.7183 	EXP 	Sound probe reached end of file
319.8812 	EXP 	New trial (rep=54, index=0): None
321.2826 	EXP 	Sound probe started
321.4983 	EXP 	Sound probe reached end of file
324.4836 	EXP 	New trial (rep=55, index=0): None
325.9836 	EXP 	Sound probe started
326.1939 	EXP 	Sound probe reached end of file
326.4141 	DATA 	Keypress: space
328.8793 	EXP 	New trial (rep=56, index=0): None
328.8803 	EXP 	Sound probe started
329.0941 	EXP 	Sound probe reached end of file
332.4924 	EXP 	New trial (rep=57, index=0): None
334.2728 	EXP 	Sound probe started
334.4914 	EXP 	Sound probe reached end of file
337.4789 	EXP 	New trial (rep=58, index=0): None
338.9818 	EXP 	Sound probe started
339.1942 	EXP 	Sound probe reached end of file
339.9326 	DATA 	Keypress: space
342.7869 	EXP 	New trial (rep=59, index=0): None
344.3255 	EXP 	Sound probe started
344.5339 	EXP 	Sound probe reached end of file
345.0108 	DATA 	Keypress: space
347.7803 	EXP 	New trial (rep=60, index=0): None
349.4179 	EXP 	Sound probe started
349.6264 	EXP 	Sound probe stopped
352.9556 	EXP 	New trial (rep=61, index=0): None
352.9566 	EXP 	Sound probe started
353.1744 	EXP 	Sound probe reached end of file
356.6195 	EXP 	New trial (rep=62, index=0): None
358.1829 	EXP 	Sound probe started
358.3939 	EXP 	Sound probe stopped
361.0811 	EXP 	New trial (rep=63, index=0): None
362.6035 	EXP 	Sound probe started
362.8141 	EXP 	Sound probe stopped
365.5442 	DATA 	Keypress: space
365.6767 	EXP 	New trial (rep=64, index=0): None
367.3431 	EXP 	Sound probe started
367.5622 	EXP 	Sound probe reached end of file
370.7803 	EXP 	New trial (rep=65, index=0): None
372.6878 	EXP 	Sound probe started
372.8941 	EXP 	Sound probe stopped
375.5797 	EXP 	New trial (rep=66, index=0): None
375.5809 	EXP 	Sound probe started
375.7940 	EXP 	Sound probe reached end of file
378.5759 	EXP 	New trial (rep=67, index=0): None
380.1489 	EXP 	Sound probe started
380.3623 	EXP 	Sound probe reached end of file
380.8614 	DATA 	Keypress: space
382.4889 	EXP 	New trial (rep=68, index=0): None
384.1809 	EXP 	Sound probe started
384.3899 	EXP 	Sound probe reached end of file
386.5971 	DATA 	Keypress: space
387.0943 	EXP 	New trial (rep=69, index=0): None
388.8722 	EXP 	Sound probe started
389.0818 	EXP 	Sound probe stopped
392.1885 	EXP 	New trial (rep=70, index=0): None
394.4142 	EXP 	Sound probe started
394.6225 	EXP 	Sound probe stopped
398.1709 	EXP 	New trial (rep=71, index=0): None
399.9459 	EXP 	Sound probe started
400.1623 	EXP 	Sound probe reached end of file
402.7070 	EXP 	New trial (rep=72, index=0): None
404.6187 	EXP 	Sound probe started
404.8301 	EXP 	Sound probe stopped
405.2205 	DATA 	Keypress: space
408.3025 	EXP 	New trial (rep=73, index=0): None
408.3061 	EXP 	Sound probe started
408.5178 	EXP 	Sound probe reached end of file
410.6417 	EXP 	New trial (rep=74, index=0): None
412.5053 	EXP 	Sound probe started
412.7201 	EXP 	Sound probe reached end of file
415.1116 	EXP 	New trial (rep=75, index=0): None
416.9212 	EXP 	Sound probe started
417.1381 	EXP 	Sound probe reached end of file
420.0204 	EXP 	New trial (rep=76, index=0): None
421.8667 	EXP 	Sound probe started
422.0781 	EXP 	Sound probe reached end of file
422.5947 	DATA 	Keypress: space
425.8302 	EXP 	New trial (rep=77, index=0): None
427.7089 	EXP 	Sound probe started
427.9181 	EXP 	Sound probe stopped
430.2551 	EXP 	New trial (rep=78, index=0): None
432.1349 	EXP 	Sound probe started
432.3461 	EXP 	Sound probe reached end of file
435.7218 	EXP 	New trial (rep=79, index=0): None
437.7018 	EXP 	Sound probe started
437.9059 	EXP 	Sound probe stopped
440.6406 	EXP 	New trial (rep=80, index=0): None
442.5890 	EXP 	Sound probe started
442.8063 	EXP 	Sound probe reached end of file
445.4784 	EXP 	New trial (rep=81, index=0): None
447.6103 	EXP 	Sound probe started
447.8061 	EXP 	Sound probe stopped
448.2297 	DATA 	Keypress: space
450.7073 	EXP 	New trial (rep=82, index=0): None
453.1437 	EXP 	Sound probe started
453.3539 	EXP 	Sound probe reached end of file
453.8024 	DATA 	Keypress: space
457.0582 	EXP 	New trial (rep=83, index=0): None
459.0963 	EXP 	Sound probe started
459.3140 	EXP 	Sound probe reached end of file
459.7665 	DATA 	Keypress: space
462.6517 	EXP 	New trial (rep=84, index=0): None
462.6528 	EXP 	Sound probe started
462.8660 	EXP 	Sound probe reached end of file
465.3314 	EXP 	New trial (rep=85, index=0): None
467.4160 	EXP 	Sound probe started
467.6341 	EXP 	Sound probe reached end of file
468.1500 	DATA 	Keypress: space
470.6711 	EXP 	New trial (rep=86, index=0): None
472.8925 	EXP 	Sound probe started
473.1060 	EXP 	Sound probe reached end of file
474.7608 	DATA 	Keypress: space
475.5352 	EXP 	New trial (rep=87, index=0): None
477.6680 	EXP 	Sound probe started
477.8740 	EXP 	Sound probe stopped
479.4983 	DATA 	Keypress: space
480.4428 	EXP 	New trial (rep=88, index=0): None
482.6184 	EXP 	Sound probe started
482.8338 	EXP 	Sound probe reached end of file
485.9515 	EXP 	New trial (rep=89, index=0): None
488.2619 	EXP 	Sound probe started
488.4820 	EXP 	Sound probe reached end of file
491.4285 	EXP 	New trial (rep=90, index=0): None
493.9146 	EXP 	Sound probe started
494.1337 	EXP 	Sound probe reached end of file
495.0708 	DATA 	Keypress: space
497.3093 	EXP 	New trial (rep=91, index=0): None
497.3108 	EXP 	Sound probe started
497.5220 	EXP 	Sound probe reached end of file
499.6876 	EXP 	New trial (rep=92, index=0): None
501.9592 	EXP 	Sound probe started
502.1619 	EXP 	Sound probe stopped
505.6643 	EXP 	New trial (rep=93, index=0): None
508.1650 	EXP 	Sound probe started
508.3697 	EXP 	Sound probe stopped
510.9738 	EXP 	New trial (rep=94, index=0): None
513.9865 	EXP 	Sound probe started
514.2018 	EXP 	Sound probe reached end of file
514.6336 	DATA 	Keypress: space
516.0886 	EXP 	New trial (rep=95, index=0): None
516.0896 	EXP 	Sound probe started
516.3018 	EXP 	Sound probe reached end of file
519.8137 	EXP 	New trial (rep=96, index=0): None
522.2195 	EXP 	Sound probe started
522.4299 	EXP 	Sound probe reached end of file
522.8122 	DATA 	Keypress: space
525.0528 	EXP 	New trial (rep=97, index=0): None
527.4351 	EXP 	Sound probe started
527.6498 	EXP 	Sound probe reached end of file
531.1948 	EXP 	New trial (rep=98, index=0): None
533.6169 	EXP 	Sound probe started
533.8298 	EXP 	Sound probe reached end of file
534.3416 	DATA 	Keypress: space
537.4023 	EXP 	New trial (rep=99, index=0): None
537.4055 	EXP 	Sound probe started
537.6179 	EXP 	Sound probe reached end of file
541.1691 	EXP 	New trial (rep=100, index=0): None
543.6246 	EXP 	Sound probe started
543.6253 	DATA 	Keypress: space
543.8379 	EXP 	Sound probe reached end of file
545.8794 	EXP 	New trial (rep=101, index=0): None
548.3182 	EXP 	Sound probe started
548.5378 	EXP 	Sound probe reached end of file
550.3546 	EXP 	New trial (rep=102, index=0): None
552.8246 	EXP 	Sound probe started
553.0378 	EXP 	Sound probe reached end of file
554.6069 	DATA 	Keypress: space
556.8593 	EXP 	New trial (rep=103, index=0): None
559.5247 	EXP 	Sound probe started
559.7377 	EXP 	Sound probe reached end of file
560.1549 	DATA 	Keypress: space
562.9983 	EXP 	New trial (rep=104, index=0): None
565.6494 	EXP 	Sound probe started
565.8661 	EXP 	Sound probe reached end of file
569.5164 	EXP 	New trial (rep=105, index=0): None
572.3900 	EXP 	Sound probe started
572.3907 	DATA 	Keypress: space
572.6060 	EXP 	Sound probe reached end of file
573.1587 	DATA 	Keypress: space
576.0231 	EXP 	New trial (rep=106, index=0): None
576.0241 	EXP 	Sound probe started
576.2377 	EXP 	Sound probe reached end of file
578.3809 	EXP 	New trial (rep=107, index=0): None
581.0919 	EXP 	Sound probe started
581.3060 	EXP 	Sound probe reached end of file
581.8764 	DATA 	Keypress: space
584.0020 	EXP 	New trial (rep=108, index=0): None
587.4007 	EXP 	Sound probe started
587.6139 	EXP 	Sound probe reached end of file
589.3961 	DATA 	Keypress: space
590.8971 	EXP 	New trial (rep=109, index=0): None
593.3941 	EXP 	Sound probe started
593.6135 	EXP 	Sound probe reached end of file
594.2847 	DATA 	Keypress: space
595.4658 	EXP 	New trial (rep=110, index=0): None
598.0967 	EXP 	Sound probe started
598.3203 	EXP 	Sound probe reached end of file
598.8176 	DATA 	Keypress: space
600.8338 	EXP 	New trial (rep=111, index=0): None
603.5233 	EXP 	Sound probe started
603.7339 	EXP 	Sound probe reached end of file
604.1009 	DATA 	Keypress: space
606.4769 	EXP 	New trial (rep=112, index=0): None
609.2051 	EXP 	Sound probe started
609.4138 	EXP 	Sound probe stopped
613.0829 	EXP 	New trial (rep=113, index=0): None
613.0878 	EXP 	Sound probe started
613.3017 	EXP 	Sound probe reached end of file
615.1849 	EXP 	New trial (rep=114, index=0): None
617.9776 	EXP 	Sound probe started
617.9783 	DATA 	Keypress: space
618.1941 	EXP 	Sound probe reached end of file
620.2614 	EXP 	New trial (rep=115, index=0): None
623.0556 	EXP 	Sound probe started
623.2618 	EXP 	Sound probe stopped
623.6398 	DATA 	Keypress: space
625.8186 	EXP 	New trial (rep=116, index=0): None
628.7668 	EXP 	Sound probe started
628.9815 	EXP 	Sound probe reached end of file
629.6797 	DATA 	Keypress: space
632.4956 	EXP 	New trial (rep=117, index=0): None
632.4966 	EXP 	Sound probe started
632.7100 	EXP 	Sound probe reached end of file
635.8623 	EXP 	New trial (rep=118, index=0): None
639.0696 	EXP 	Sound probe started
639.2820 	EXP 	Sound probe stopped
639.8899 	DATA 	Keypress: space
641.6099 	EXP 	New trial (rep=119, index=0): None
644.5550 	EXP 	Sound probe started
644.7697 	EXP 	Sound probe reached end of file
646.8151 	EXP 	New trial (rep=120, index=0): None
649.7966 	EXP 	Sound probe started
650.0097 	EXP 	Sound probe reached end of file
651.6308 	DATA 	Keypress: space
653.3375 	EXP 	New trial (rep=121, index=0): None
656.3635 	EXP 	Sound probe started
656.5777 	EXP 	Sound probe reached end of file
659.8436 	EXP 	New trial (rep=122, index=0): None
662.8379 	EXP 	Sound probe started
663.0577 	EXP 	Sound probe reached end of file
663.5736 	DATA 	Keypress: space
666.2138 	EXP 	New trial (rep=123, index=0): None
669.1896 	EXP 	Sound probe started
669.4100 	EXP 	Sound probe reached end of file
672.2132 	EXP 	New trial (rep=124, index=0): None
672.2174 	EXP 	Sound probe stopped
672.2436 	EXP 	goodbye_text: autoDraw = True
673.5619 	DATA 	Keypress: space
673.5827 	EXP 	goodbye_text: autoDraw = False
673.6749 	EXP 	window1: mouseVisible = True
