9.4898 	WARNING 	User requested fullscreen with size [2560 1440], but screen is actually [3840, 2160]. Using actual size
11.1818 	EXP 	Created window1 = Window(allowGUI=False, allowStencil=False, autoLog=True, backendConf=UNKNOWN, bitsMode=UNKNOWN, blendMode='avg', bpc=(8, 8, 8), color=array([ 0.6078, -0.2784, -0.2784]), colorSpace='rgb', depthBits=8, fullscr=<method-wrapper '__getattribute__' of attributeSetter object at 0x0000015B811CAB20>, gamma=None, gammaErrorPolicy='raise', lms=UNKNOWN, monitor=<psychopy.monitors.calibTools.Monitor object at 0x0000015B81475070>, multiSample=False, name='window1', numSamples=2, pos=(0, 0), screen=0, size=array([3840, 2160]), stencilBits=0, stereo=False, units='height', useFBO=True, useRetina=False, viewOri=0.0, viewPos=None, viewScale=None, waitBlanking=True, winType='pyglet')
11.1822 	EXP 	window1: mouseVisible = True
11.1822 	EXP 	window1: Attempting to measure frame rate of screen (0) ...
11.1822 	EXP 	window1: recordFrameIntervals = False
11.5137 	EXP 	window1: recordFrameIntervals = True
11.6120 	WARNING 	t of last frame was 46.21ms (=1/21)
12.1445 	WARNING 	t of last frame was 45.61ms (=1/21)
12.5711 	WARNING 	t of last frame was 41.40ms (=1/24)
12.8747 	WARNING 	t of last frame was 42.22ms (=1/23)
13.0818 	WARNING 	Multiple dropped frames have occurred - I'll stop bothering you about them!
14.5483 	WARNING 	Couldn't measure a consistent frame rate!
  - Is your graphics card set to sync to vertical blank?
  - Are you running other processes on your computer?

16.3376 	EXP 	window1: Attempting to measure frame rate of screen (0) ...
16.3377 	EXP 	window1: recordFrameIntervals = False
16.6239 	EXP 	window1: recordFrameIntervals = True
19.8570 	WARNING 	Couldn't measure a consistent frame rate!
  - Is your graphics card set to sync to vertical blank?
  - Are you running other processes on your computer?

19.9675 	EXP 	Created instructions = TextStim(__class__=<class 'psychopy.visual.text.TextStim'>, alignHoriz=method-wrapper(...), alignText='center', alignVert=method-wrapper(...), anchorHoriz='center', anchorVert='center', antialias=True, autoLog=True, bold=False, color=array([1., 1., 1.]), colorSpace='rgb', contrast=1.0, depth=-2.0, flipHoriz=False, flipVert=False, font='Open Sans', fontFiles=[], height=0.03, italic=False, languageStyle='LTR', name='instructions', opacity=1, ori=0.0, pos=array([0., 0.]), rgb=UNKNOWN, text=str(...), units='height', win=Window(...), wrapWidth=1)
19.9695 	EXP 	Created blank_text = TextStim(__class__=<class 'psychopy.visual.text.TextStim'>, alignHoriz=method-wrapper(...), alignText='center', alignVert=method-wrapper(...), anchorHoriz='center', anchorVert='center', antialias=True, autoLog=True, bold=False, color=array([1., 1., 1.]), colorSpace='rgb', contrast=1.0, depth=0.0, flipHoriz=False, flipVert=False, font='Open Sans', fontFiles=[], height=0.05, italic=False, languageStyle='LTR', name='blank_text', opacity=1, ori=0.0, pos=array([0., 0.]), rgb=UNKNOWN, text='', units='height', win=Window(...), wrapWidth=1)
19.9724 	EXP 	Created fixation_cross = ShapeStim(__class__=<class 'psychopy.visual.shape.ShapeStim'>, anchor=('center', 'center'), autoDraw=False, autoLog=True, closeShape=True, color=method-wrapper(...), colorSpace='rgb', contrast=None, depth=-3.0, fillColor=array([1, 1, 1]), fillColorSpace='rgb', fillRGB=array([1, 1, 1]), interpolate=True, lineColor=array([1., 1., 1.]), lineColorSpace='rgb', lineRGB=array([1, 1, 1]), lineWidth=1.0, name='fixation_cross', opacity=1, ori=0.0, pos=array([0., 0.]), size=array([0.15, 0.15]), units='height', vertices=ndarray(...), win=Window(...), windingRule=None)
19.9737 	EXP 	Created text = TextStim(__class__=<class 'psychopy.visual.text.TextStim'>, alignHoriz=method-wrapper(...), alignText='center', alignVert=method-wrapper(...), anchorHoriz='center', anchorVert='center', antialias=True, autoLog=True, bold=False, color=array([1., 1., 1.]), colorSpace='rgb', contrast=1.0, depth=-2.0, flipHoriz=False, flipVert=False, font='Open Sans', fontFiles=[], height=0.05, italic=False, languageStyle='LTR', name='text', opacity=1, ori=0.0, pos=array([0., 0.]), rgb=UNKNOWN, text='', units='height', win=Window(...), wrapWidth=1)
20.0385 	EXP 	Sound probe set volume 1.000
20.0402 	EXP 	Created text_2 = TextStim(__class__=<class 'psychopy.visual.text.TextStim'>, alignHoriz=method-wrapper(...), alignText='center', alignVert=method-wrapper(...), anchorHoriz='center', anchorVert='center', antialias=True, autoLog=True, bold=False, color=array([1., 1., 1.]), colorSpace='rgb', contrast=1.0, depth=-4.0, flipHoriz=False, flipVert=False, font='Open Sans', fontFiles=[], height=0.05, italic=False, languageStyle='LTR', name='text_2', opacity=1, ori=0.0, pos=array([0., 0.]), rgb=UNKNOWN, text='', units='height', win=Window(...), wrapWidth=1)
20.0587 	EXP 	Created break_txt = TextStim(__class__=<class 'psychopy.visual.text.TextStim'>, alignHoriz=method-wrapper(...), alignText='center', alignVert=method-wrapper(...), anchorHoriz='center', anchorVert='center', antialias=True, autoLog=True, bold=False, color=array([1., 1., 1.]), colorSpace='rgb', contrast=1.0, depth=0.0, flipHoriz=False, flipVert=False, font='Open Sans', fontFiles=[], height=0.04, italic=False, languageStyle='LTR', name='break_txt', opacity=1, ori=0.0, pos=array([0., 0.]), rgb=UNKNOWN, text=str(...), units='height', win=Window(...), wrapWidth=1)
20.0603 	EXP 	Created blank_text = TextStim(__class__=<class 'psychopy.visual.text.TextStim'>, alignHoriz=method-wrapper(...), alignText='center', alignVert=method-wrapper(...), anchorHoriz='center', anchorVert='center', antialias=True, autoLog=True, bold=False, color=array([1., 1., 1.]), colorSpace='rgb', contrast=1.0, depth=0.0, flipHoriz=False, flipVert=False, font='Open Sans', fontFiles=[], height=0.05, italic=False, languageStyle='LTR', name='blank_text', opacity=1, ori=0.0, pos=array([0., 0.]), rgb=UNKNOWN, text='', units='height', win=Window(...), wrapWidth=1)
20.0903 	EXP 	Created end_txt = TextStim(__class__=<class 'psychopy.visual.text.TextStim'>, alignHoriz=method-wrapper(...), alignText='center', alignVert=method-wrapper(...), anchorHoriz='center', anchorVert='center', antialias=True, autoLog=True, bold=False, color=array([1., 1., 1.]), colorSpace='rgb', contrast=1.0, depth=0.0, flipHoriz=False, flipVert=False, font='Open Sans', fontFiles=[], height=0.05, italic=False, languageStyle='LTR', name='end_txt', opacity=1, ori=0.0, pos=array([0., 0.]), rgb=UNKNOWN, text=str(...), units='height', win=Window(...), wrapWidth=1)
20.1120 	EXP 	instructions: autoDraw = True
44.4504 	DATA 	Keypress: space
44.4810 	EXP 	instructions: autoDraw = False
44.4810 	EXP 	blank_text: autoDraw = True
45.4563 	EXP 	Created sequence: fullRandom, trialTypes=1, nReps=999, seed=None
45.4589 	EXP 	New trial (rep=0, index=0): None
46.3319 	EXP 	blank_text: autoDraw = False
46.3319 	EXP 	text: height = 0.05
46.3319 	EXP 	text: height = 0.05
46.3319 	EXP 	text: text = 'HAUTEUR'
46.3319 	EXP 	text: autoDraw = True
47.3101 	EXP 	Created sequence: sequential, trialTypes=1, nReps=15, seed=None
47.3103 	EXP 	New trial (rep=0, index=0): None
47.3130 	EXP 	Sound probe started
47.3403 	EXP 	text: autoDraw = False
47.3403 	EXP 	text: autoDraw = False
47.5252 	EXP 	Sound probe reached end of file
47.5256 	EXP 	window1: recordFrameIntervals = False
47.5547 	EXP 	text_2: autoDraw = True
47.5561 	EXP 	window1: recordFrameIntervals = True
50.4477 	EXP 	New trial (rep=1, index=0): None
50.4486 	EXP 	Sound probe started
50.4751 	EXP 	text_2: autoDraw = False
50.4751 	EXP 	text_2: autoDraw = False
50.6652 	EXP 	Sound probe reached end of file
50.6656 	EXP 	window1: recordFrameIntervals = False
50.6931 	EXP 	text_2: autoDraw = True
50.6944 	EXP 	window1: recordFrameIntervals = True
53.2265 	EXP 	New trial (rep=2, index=0): None
53.2297 	EXP 	Sound probe started
53.2537 	EXP 	text_2: autoDraw = False
53.2537 	EXP 	text_2: autoDraw = False
53.4455 	EXP 	Sound probe reached end of file
53.4473 	EXP 	window1: recordFrameIntervals = False
53.4744 	EXP 	text_2: autoDraw = True
53.4758 	EXP 	window1: recordFrameIntervals = True
56.2440 	EXP 	New trial (rep=3, index=0): None
56.2452 	EXP 	Sound probe started
56.2722 	EXP 	text_2: autoDraw = False
56.2722 	EXP 	text_2: autoDraw = False
56.4652 	EXP 	Sound probe reached end of file
56.4672 	EXP 	window1: recordFrameIntervals = False
56.4925 	EXP 	text_2: autoDraw = True
56.4940 	EXP 	window1: recordFrameIntervals = True
57.5269 	DATA 	Keypress: space
57.7491 	EXP 	New trial (rep=4, index=0): None
57.7525 	EXP 	Sound probe started
57.7744 	EXP 	text_2: autoDraw = False
57.7744 	EXP 	text_2: autoDraw = False
57.9652 	EXP 	Sound probe reached end of file
57.9668 	EXP 	window1: recordFrameIntervals = False
57.9903 	EXP 	text_2: autoDraw = True
57.9916 	EXP 	window1: recordFrameIntervals = True
59.5278 	DATA 	Keypress: space
59.7486 	EXP 	New trial (rep=5, index=0): None
59.7509 	EXP 	Sound probe started
59.7760 	EXP 	text_2: autoDraw = False
59.7760 	EXP 	text_2: autoDraw = False
59.9653 	EXP 	Sound probe reached end of file
59.9657 	EXP 	window1: recordFrameIntervals = False
59.9960 	EXP 	text_2: autoDraw = True
59.9973 	EXP 	window1: recordFrameIntervals = True
62.6189 	DATA 	Keypress: space
62.8399 	EXP 	New trial (rep=6, index=0): None
62.8409 	EXP 	Sound probe started
62.8663 	EXP 	text_2: autoDraw = False
62.8663 	EXP 	text_2: autoDraw = False
63.0573 	EXP 	Sound probe reached end of file
63.0594 	EXP 	window1: recordFrameIntervals = False
63.0834 	EXP 	text_2: autoDraw = True
63.0846 	EXP 	window1: recordFrameIntervals = True
64.4196 	DATA 	Keypress: space
64.6480 	EXP 	New trial (rep=7, index=0): None
64.6491 	EXP 	Sound probe started
64.6694 	EXP 	text_2: autoDraw = False
64.6694 	EXP 	text_2: autoDraw = False
64.8574 	EXP 	Sound probe stopped
64.8592 	EXP 	window1: recordFrameIntervals = False
64.8856 	EXP 	text_2: autoDraw = True
64.8869 	EXP 	window1: recordFrameIntervals = True
65.9711 	EXP 	New trial (rep=8, index=0): None
65.9720 	EXP 	Sound probe started
65.9992 	EXP 	text_2: autoDraw = False
65.9992 	EXP 	text_2: autoDraw = False
66.0289 	DATA 	Keypress: space
66.1850 	EXP 	Sound probe reached end of file
66.1854 	EXP 	window1: recordFrameIntervals = False
66.2180 	EXP 	text_2: autoDraw = True
66.2191 	EXP 	window1: recordFrameIntervals = True
67.9643 	EXP 	New trial (rep=9, index=0): None
67.9653 	EXP 	Sound probe started
67.9918 	EXP 	text_2: autoDraw = False
67.9918 	EXP 	text_2: autoDraw = False
68.1855 	EXP 	Sound probe reached end of file
68.1861 	EXP 	window1: recordFrameIntervals = False
68.2069 	EXP 	text_2: autoDraw = True
68.2090 	EXP 	window1: recordFrameIntervals = True
69.7122 	EXP 	New trial (rep=10, index=0): None
69.7160 	EXP 	Sound probe started
69.7368 	EXP 	text_2: autoDraw = False
69.7368 	EXP 	text_2: autoDraw = False
69.9251 	EXP 	Sound probe reached end of file
69.9255 	EXP 	window1: recordFrameIntervals = False
69.9567 	EXP 	text_2: autoDraw = True
69.9580 	EXP 	window1: recordFrameIntervals = True
72.1322 	EXP 	New trial (rep=11, index=0): None
72.1360 	EXP 	Sound probe started
72.1583 	EXP 	text_2: autoDraw = False
72.1583 	EXP 	text_2: autoDraw = False
72.3532 	EXP 	Sound probe reached end of file
72.3556 	EXP 	window1: recordFrameIntervals = False
72.3780 	EXP 	text_2: autoDraw = True
72.3799 	EXP 	window1: recordFrameIntervals = True
73.2014 	DATA 	Keypress: space
73.4230 	EXP 	New trial (rep=12, index=0): None
73.4238 	EXP 	Sound probe started
73.4507 	EXP 	text_2: autoDraw = False
73.4507 	EXP 	text_2: autoDraw = False
73.6332 	EXP 	Sound probe reached end of file
73.6337 	EXP 	window1: recordFrameIntervals = False
73.6620 	EXP 	text_2: autoDraw = True
73.6633 	EXP 	window1: recordFrameIntervals = True
76.6078 	EXP 	New trial (rep=13, index=0): None
76.6089 	EXP 	Sound probe started
76.6359 	EXP 	text_2: autoDraw = False
76.6359 	EXP 	text_2: autoDraw = False
76.8253 	EXP 	Sound probe reached end of file
76.8258 	EXP 	window1: recordFrameIntervals = False
76.8536 	EXP 	text_2: autoDraw = True
76.8549 	EXP 	window1: recordFrameIntervals = True
78.3805 	EXP 	New trial (rep=14, index=0): None
78.3815 	EXP 	Sound probe started
78.4076 	EXP 	text_2: autoDraw = False
78.4076 	EXP 	text_2: autoDraw = False
78.5932 	EXP 	Sound probe reached end of file
78.5936 	EXP 	window1: recordFrameIntervals = False
78.6224 	EXP 	text_2: autoDraw = True
78.6236 	EXP 	window1: recordFrameIntervals = True
81.2935 	EXP 	text_2: autoDraw = False
81.2935 	EXP 	text_2: autoDraw = False
81.2935 	EXP 	break_txt: autoDraw = True
110.2035 	EXP 	New trial (rep=1, index=0): None
112.6492 	DATA 	Keypress: space
112.6659 	EXP 	break_txt: autoDraw = False
112.6659 	EXP 	text: text = 'HAUTEUR'
112.6659 	EXP 	text: autoDraw = True
113.6511 	EXP 	Created sequence: sequential, trialTypes=1, nReps=13, seed=None
113.6512 	EXP 	New trial (rep=0, index=0): None
113.6525 	EXP 	Sound probe started
113.6801 	EXP 	text: autoDraw = False
113.6801 	EXP 	text: autoDraw = False
113.8615 	EXP 	Sound probe reached end of file
113.8619 	EXP 	window1: recordFrameIntervals = False
113.8908 	EXP 	text_2: autoDraw = True
113.8923 	EXP 	window1: recordFrameIntervals = True
116.5592 	DATA 	Keypress: space
116.7363 	EXP 	New trial (rep=1, index=0): None
116.7377 	EXP 	Sound probe started
116.7581 	EXP 	text_2: autoDraw = False
116.7581 	EXP 	text_2: autoDraw = False
116.9532 	EXP 	Sound probe reached end of file
116.9537 	EXP 	window1: recordFrameIntervals = False
116.9757 	EXP 	text_2: autoDraw = True
116.9768 	EXP 	window1: recordFrameIntervals = True
117.8527 	DATA 	Keypress: space
118.0754 	EXP 	New trial (rep=2, index=0): None
118.0764 	EXP 	Sound probe started
118.1037 	EXP 	text_2: autoDraw = False
118.1037 	EXP 	text_2: autoDraw = False
118.2933 	EXP 	Sound probe reached end of file
118.2938 	EXP 	window1: recordFrameIntervals = False
118.3252 	EXP 	text_2: autoDraw = True
118.3265 	EXP 	window1: recordFrameIntervals = True
119.2365 	DATA 	Keypress: space
119.4581 	EXP 	New trial (rep=3, index=0): None
119.4592 	EXP 	Sound probe started
119.4868 	EXP 	text_2: autoDraw = False
119.4868 	EXP 	text_2: autoDraw = False
119.6732 	EXP 	Sound probe reached end of file
119.6737 	EXP 	window1: recordFrameIntervals = False
119.6999 	EXP 	text_2: autoDraw = True
119.7010 	EXP 	window1: recordFrameIntervals = True
122.0255 	DATA 	Keypress: space
122.2472 	EXP 	New trial (rep=4, index=0): None
122.2483 	EXP 	Sound probe started
122.2756 	EXP 	text_2: autoDraw = False
122.2756 	EXP 	text_2: autoDraw = False
122.4612 	EXP 	Sound probe reached end of file
122.4616 	EXP 	window1: recordFrameIntervals = False
122.4937 	EXP 	text_2: autoDraw = True
122.4951 	EXP 	window1: recordFrameIntervals = True
123.9783 	DATA 	Keypress: space
124.2088 	EXP 	New trial (rep=5, index=0): None
124.2106 	EXP 	Sound probe started
124.2305 	EXP 	text_2: autoDraw = False
124.2305 	EXP 	text_2: autoDraw = False
124.4291 	EXP 	Sound probe reached end of file
124.4297 	EXP 	window1: recordFrameIntervals = False
124.4507 	EXP 	text_2: autoDraw = True
124.4519 	EXP 	window1: recordFrameIntervals = True
127.1182 	DATA 	Keypress: space
127.3404 	EXP 	New trial (rep=6, index=0): None
127.3444 	EXP 	Sound probe started
127.3653 	EXP 	text_2: autoDraw = False
127.3653 	EXP 	text_2: autoDraw = False
127.5611 	EXP 	Sound probe reached end of file
127.5632 	EXP 	window1: recordFrameIntervals = False
127.5862 	EXP 	text_2: autoDraw = True
127.5885 	EXP 	window1: recordFrameIntervals = True
130.0177 	DATA 	Keypress: space
130.2394 	EXP 	New trial (rep=7, index=0): None
130.2406 	EXP 	Sound probe started
130.2668 	EXP 	text_2: autoDraw = False
130.2668 	EXP 	text_2: autoDraw = False
130.4490 	EXP 	Sound probe reached end of file
130.4494 	EXP 	window1: recordFrameIntervals = False
130.4817 	EXP 	text_2: autoDraw = True
130.4830 	EXP 	window1: recordFrameIntervals = True
132.1530 	DATA 	Keypress: space
132.3750 	EXP 	New trial (rep=8, index=0): None
132.3761 	EXP 	Sound probe started
132.4024 	EXP 	text_2: autoDraw = False
132.4024 	EXP 	text_2: autoDraw = False
132.5891 	EXP 	Sound probe reached end of file
132.5895 	EXP 	window1: recordFrameIntervals = False
132.6191 	EXP 	text_2: autoDraw = True
132.6201 	EXP 	window1: recordFrameIntervals = True
134.7591 	DATA 	Keypress: space
134.9878 	EXP 	New trial (rep=9, index=0): None
134.9895 	EXP 	Sound probe started
135.0100 	EXP 	text_2: autoDraw = False
135.0100 	EXP 	text_2: autoDraw = False
135.2013 	EXP 	Sound probe stopped
135.2037 	EXP 	window1: recordFrameIntervals = False
135.2270 	EXP 	text_2: autoDraw = True
135.2284 	EXP 	window1: recordFrameIntervals = True
137.5891 	DATA 	Keypress: space
137.8110 	EXP 	New trial (rep=10, index=0): None
137.8121 	EXP 	Sound probe started
137.8400 	EXP 	text_2: autoDraw = False
137.8400 	EXP 	text_2: autoDraw = False
138.0292 	EXP 	Sound probe reached end of file
138.0296 	EXP 	window1: recordFrameIntervals = False
138.0588 	EXP 	text_2: autoDraw = True
138.0600 	EXP 	window1: recordFrameIntervals = True
140.7909 	DATA 	Keypress: space
141.0129 	EXP 	New trial (rep=11, index=0): None
141.0139 	EXP 	Sound probe started
141.0394 	EXP 	text_2: autoDraw = False
141.0394 	EXP 	text_2: autoDraw = False
141.2293 	EXP 	Sound probe reached end of file
141.2297 	EXP 	window1: recordFrameIntervals = False
141.2592 	EXP 	text_2: autoDraw = True
141.2602 	EXP 	window1: recordFrameIntervals = True
143.9767 	EXP 	New trial (rep=12, index=0): None
143.9777 	EXP 	Sound probe started
144.0034 	EXP 	text_2: autoDraw = False
144.0034 	EXP 	text_2: autoDraw = False
144.1891 	EXP 	Sound probe reached end of file
144.1895 	EXP 	window1: recordFrameIntervals = False
144.2221 	EXP 	text_2: autoDraw = True
144.2233 	EXP 	window1: recordFrameIntervals = True
146.2404 	EXP 	text_2: autoDraw = False
146.2404 	EXP 	text_2: autoDraw = False
146.2404 	EXP 	break_txt: autoDraw = True
146.9257 	EXP 	New trial (rep=2, index=0): None
147.7974 	DATA 	Keypress: space
147.8141 	EXP 	break_txt: autoDraw = False
147.8141 	EXP 	text: height = 0.05
147.8141 	EXP 	text: height = 0.05
147.8141 	EXP 	text: text = 'RYTHME'
147.8141 	EXP 	text: autoDraw = True
148.7913 	EXP 	Created sequence: sequential, trialTypes=1, nReps=12, seed=None
148.7914 	EXP 	New trial (rep=0, index=0): None
148.7927 	EXP 	Sound probe started
148.8243 	EXP 	text: autoDraw = False
148.8243 	EXP 	text: autoDraw = False
149.0092 	EXP 	Sound probe reached end of file
149.0117 	EXP 	window1: recordFrameIntervals = False
149.0335 	EXP 	text_2: autoDraw = True
149.0348 	EXP 	window1: recordFrameIntervals = True
150.6633 	DATA 	Keypress: space
150.8863 	EXP 	New trial (rep=1, index=0): None
150.8873 	EXP 	Sound probe started
150.9131 	EXP 	text_2: autoDraw = False
150.9131 	EXP 	text_2: autoDraw = False
151.0971 	EXP 	Sound probe reached end of file
151.0976 	EXP 	window1: recordFrameIntervals = False
151.1257 	EXP 	text_2: autoDraw = True
151.1268 	EXP 	window1: recordFrameIntervals = True
152.7487 	DATA 	Keypress: space
152.9714 	EXP 	New trial (rep=2, index=0): None
152.9723 	EXP 	Sound probe started
153.0001 	EXP 	text_2: autoDraw = False
153.0001 	EXP 	text_2: autoDraw = False
153.1893 	EXP 	Sound probe reached end of file
153.1916 	EXP 	window1: recordFrameIntervals = False
153.2140 	EXP 	text_2: autoDraw = True
153.2152 	EXP 	window1: recordFrameIntervals = True
155.0666 	EXP 	New trial (rep=3, index=0): None
155.0698 	EXP 	Sound probe started
155.0936 	EXP 	text_2: autoDraw = False
155.0936 	EXP 	text_2: autoDraw = False
155.2892 	EXP 	Sound probe reached end of file
155.2913 	EXP 	window1: recordFrameIntervals = False
155.3141 	EXP 	text_2: autoDraw = True
155.3155 	EXP 	window1: recordFrameIntervals = True
156.9438 	DATA 	Keypress: space
157.1663 	EXP 	New trial (rep=4, index=0): None
157.1671 	EXP 	Sound probe started
157.1947 	EXP 	text_2: autoDraw = False
157.1947 	EXP 	text_2: autoDraw = False
157.3771 	EXP 	Sound probe reached end of file
157.3775 	EXP 	window1: recordFrameIntervals = False
157.4071 	EXP 	text_2: autoDraw = True
157.4082 	EXP 	window1: recordFrameIntervals = True
159.2518 	EXP 	New trial (rep=5, index=0): None
159.2528 	EXP 	Sound probe started
159.2811 	EXP 	text_2: autoDraw = False
159.2811 	EXP 	text_2: autoDraw = False
159.4691 	EXP 	Sound probe reached end of file
159.4695 	EXP 	window1: recordFrameIntervals = False
159.5008 	EXP 	text_2: autoDraw = True
159.5022 	EXP 	window1: recordFrameIntervals = True
161.3519 	EXP 	New trial (rep=6, index=0): None
161.3531 	EXP 	Sound probe started
161.3739 	EXP 	text_2: autoDraw = False
161.3739 	EXP 	text_2: autoDraw = False
161.5691 	EXP 	Sound probe reached end of file
161.5695 	EXP 	window1: recordFrameIntervals = False
161.5902 	EXP 	text_2: autoDraw = True
161.5915 	EXP 	window1: recordFrameIntervals = True
163.2225 	DATA 	Keypress: space
163.4518 	EXP 	New trial (rep=7, index=0): None
163.4529 	EXP 	Sound probe started
163.4730 	EXP 	text_2: autoDraw = False
163.4730 	EXP 	text_2: autoDraw = False
163.6692 	EXP 	Sound probe reached end of file
163.6703 	EXP 	window1: recordFrameIntervals = False
163.6914 	EXP 	text_2: autoDraw = True
163.6940 	EXP 	window1: recordFrameIntervals = True
165.5571 	EXP 	New trial (rep=8, index=0): None
165.5585 	EXP 	Sound probe started
165.5909 	EXP 	text_2: autoDraw = False
165.5909 	EXP 	text_2: autoDraw = False
165.7771 	EXP 	Sound probe reached end of file
165.7777 	EXP 	window1: recordFrameIntervals = False
165.8106 	EXP 	text_2: autoDraw = True
165.8120 	EXP 	window1: recordFrameIntervals = True
167.4295 	DATA 	Keypress: space
167.6539 	EXP 	New trial (rep=9, index=0): None
167.6550 	EXP 	Sound probe started
167.6843 	EXP 	text_2: autoDraw = False
167.6843 	EXP 	text_2: autoDraw = False
167.8756 	EXP 	Sound probe reached end of file
167.8760 	EXP 	window1: recordFrameIntervals = False
167.9087 	EXP 	text_2: autoDraw = True
167.9101 	EXP 	window1: recordFrameIntervals = True
169.5273 	DATA 	Keypress: space
169.7551 	EXP 	New trial (rep=10, index=0): None
169.7576 	EXP 	Sound probe started
169.7782 	EXP 	text_2: autoDraw = False
169.7782 	EXP 	text_2: autoDraw = False
169.9772 	EXP 	Sound probe reached end of file
169.9776 	EXP 	window1: recordFrameIntervals = False
169.9987 	EXP 	text_2: autoDraw = True
169.9999 	EXP 	window1: recordFrameIntervals = True
171.8559 	EXP 	New trial (rep=11, index=0): None
171.8596 	EXP 	Sound probe started
171.8797 	EXP 	text_2: autoDraw = False
171.8797 	EXP 	text_2: autoDraw = False
172.0772 	EXP 	Sound probe reached end of file
172.0786 	EXP 	window1: recordFrameIntervals = False
172.0995 	EXP 	text_2: autoDraw = True
172.1015 	EXP 	window1: recordFrameIntervals = True
173.9797 	EXP 	text_2: autoDraw = False
173.9797 	EXP 	text_2: autoDraw = False
173.9797 	EXP 	break_txt: autoDraw = True
174.6857 	EXP 	New trial (rep=3, index=0): None
175.5386 	DATA 	Keypress: space
175.5553 	EXP 	break_txt: autoDraw = False
175.5553 	EXP 	text: height = 0.05
175.5553 	EXP 	text: height = 0.05
175.5553 	EXP 	text: text = 'X'
175.5553 	EXP 	text: autoDraw = True
176.5505 	EXP 	Created sequence: sequential, trialTypes=1, nReps=13, seed=None
176.5506 	EXP 	New trial (rep=0, index=0): None
176.5519 	EXP 	Sound probe started
176.5839 	EXP 	text: autoDraw = False
176.5839 	EXP 	text: autoDraw = False
176.7654 	EXP 	Sound probe reached end of file
176.7672 	EXP 	window1: recordFrameIntervals = False
176.7947 	EXP 	text_2: autoDraw = True
176.7960 	EXP 	window1: recordFrameIntervals = True
178.9725 	EXP 	New trial (rep=1, index=0): None
178.9735 	EXP 	Sound probe started
179.0033 	EXP 	text_2: autoDraw = False
179.0033 	EXP 	text_2: autoDraw = False
179.1850 	EXP 	Sound probe reached end of file
179.1855 	EXP 	window1: recordFrameIntervals = False
179.2152 	EXP 	text_2: autoDraw = True
179.2163 	EXP 	window1: recordFrameIntervals = True
181.8500 	DATA 	Keypress: space
182.0737 	EXP 	New trial (rep=2, index=0): None
182.0747 	EXP 	Sound probe started
182.1028 	EXP 	text_2: autoDraw = False
182.1028 	EXP 	text_2: autoDraw = False
182.2852 	EXP 	Sound probe reached end of file
182.2857 	EXP 	window1: recordFrameIntervals = False
182.3131 	EXP 	text_2: autoDraw = True
182.3144 	EXP 	window1: recordFrameIntervals = True
184.3308 	EXP 	New trial (rep=3, index=0): None
184.3340 	EXP 	Sound probe started
184.3578 	EXP 	text_2: autoDraw = False
184.3578 	EXP 	text_2: autoDraw = False
184.5450 	EXP 	Sound probe reached end of file
184.5455 	EXP 	window1: recordFrameIntervals = False
184.5742 	EXP 	text_2: autoDraw = True
184.5755 	EXP 	window1: recordFrameIntervals = True
186.6295 	EXP 	New trial (rep=4, index=0): None
186.6305 	EXP 	Sound probe started
186.6592 	EXP 	text_2: autoDraw = False
186.6592 	EXP 	text_2: autoDraw = False
186.8452 	EXP 	Sound probe reached end of file
186.8456 	EXP 	window1: recordFrameIntervals = False
186.8748 	EXP 	text_2: autoDraw = True
186.8760 	EXP 	window1: recordFrameIntervals = True
188.2306 	DATA 	Keypress: space
188.4555 	EXP 	New trial (rep=5, index=0): None
188.4593 	EXP 	Sound probe started
188.4793 	EXP 	text_2: autoDraw = False
188.4793 	EXP 	text_2: autoDraw = False
188.6773 	EXP 	Sound probe reached end of file
188.6777 	EXP 	window1: recordFrameIntervals = False
188.6974 	EXP 	text_2: autoDraw = True
188.6986 	EXP 	window1: recordFrameIntervals = True
189.7706 	EXP 	New trial (rep=6, index=0): None
189.7737 	EXP 	Sound probe started
189.7967 	EXP 	text_2: autoDraw = False
189.7967 	EXP 	text_2: autoDraw = False
189.9851 	EXP 	Sound probe reached end of file
189.9861 	EXP 	window1: recordFrameIntervals = False
190.0187 	EXP 	text_2: autoDraw = True
190.0207 	EXP 	window1: recordFrameIntervals = True
192.7033 	EXP 	New trial (rep=7, index=0): None
192.7043 	EXP 	Sound probe started
192.7324 	EXP 	text_2: autoDraw = False
192.7324 	EXP 	text_2: autoDraw = False
192.9170 	EXP 	Sound probe reached end of file
192.9173 	EXP 	window1: recordFrameIntervals = False
192.9468 	EXP 	text_2: autoDraw = True
192.9478 	EXP 	window1: recordFrameIntervals = True
195.3323 	DATA 	Keypress: space
195.5554 	EXP 	New trial (rep=8, index=0): None
195.5563 	EXP 	Sound probe started
195.5846 	EXP 	text_2: autoDraw = False
195.5846 	EXP 	text_2: autoDraw = False
195.7651 	EXP 	Sound probe reached end of file
195.7654 	EXP 	window1: recordFrameIntervals = False
195.7948 	EXP 	text_2: autoDraw = True
195.7961 	EXP 	window1: recordFrameIntervals = True
198.0729 	DATA 	Keypress: space
198.2959 	EXP 	New trial (rep=9, index=0): None
198.2991 	EXP 	Sound probe started
198.3228 	EXP 	text_2: autoDraw = False
198.3228 	EXP 	text_2: autoDraw = False
198.5132 	EXP 	Sound probe reached end of file
198.5150 	EXP 	window1: recordFrameIntervals = False
198.5427 	EXP 	text_2: autoDraw = True
198.5444 	EXP 	window1: recordFrameIntervals = True
199.3761 	DATA 	Keypress: space
199.6039 	EXP 	New trial (rep=10, index=0): None
199.6049 	EXP 	Sound probe started
199.6315 	EXP 	text_2: autoDraw = False
199.6315 	EXP 	text_2: autoDraw = False
199.8253 	EXP 	Sound probe reached end of file
199.8279 	EXP 	window1: recordFrameIntervals = False
199.8532 	EXP 	text_2: autoDraw = True
199.8544 	EXP 	window1: recordFrameIntervals = True
201.9004 	DATA 	Keypress: space
202.1245 	EXP 	New trial (rep=11, index=0): None
202.1255 	EXP 	Sound probe started
202.1524 	EXP 	text_2: autoDraw = False
202.1524 	EXP 	text_2: autoDraw = False
202.3452 	EXP 	Sound probe reached end of file
202.3456 	EXP 	window1: recordFrameIntervals = False
202.3669 	EXP 	text_2: autoDraw = True
202.3681 	EXP 	window1: recordFrameIntervals = True
204.4171 	EXP 	New trial (rep=12, index=0): None
204.4181 	EXP 	Sound probe started
204.4451 	EXP 	text_2: autoDraw = False
204.4451 	EXP 	text_2: autoDraw = False
204.6332 	EXP 	Sound probe reached end of file
204.6336 	EXP 	window1: recordFrameIntervals = False
204.6629 	EXP 	text_2: autoDraw = True
204.6640 	EXP 	window1: recordFrameIntervals = True
206.5478 	DATA 	Keypress: space
206.7977 	EXP 	text_2: autoDraw = False
206.7977 	EXP 	text_2: autoDraw = False
206.7977 	EXP 	break_txt: autoDraw = True
207.4506 	EXP 	New trial (rep=4, index=0): None
209.8845 	DATA 	Keypress: space
209.9009 	EXP 	break_txt: autoDraw = False
209.9009 	EXP 	text: text = 'X'
209.9009 	EXP 	text: autoDraw = True
210.8849 	EXP 	Created sequence: sequential, trialTypes=1, nReps=8, seed=None
210.8850 	EXP 	New trial (rep=0, index=0): None
210.8863 	EXP 	Sound probe started
210.9187 	EXP 	text: autoDraw = False
210.9187 	EXP 	text: autoDraw = False
211.1051 	EXP 	Sound probe reached end of file
211.1072 	EXP 	window1: recordFrameIntervals = False
211.1286 	EXP 	text_2: autoDraw = True
211.1300 	EXP 	window1: recordFrameIntervals = True
212.4210 	EXP 	New trial (rep=1, index=0): None
212.4222 	EXP 	Sound probe started
212.4425 	EXP 	text_2: autoDraw = False
212.4425 	EXP 	text_2: autoDraw = False
212.6332 	EXP 	Sound probe reached end of file
212.6350 	EXP 	window1: recordFrameIntervals = False
212.6547 	EXP 	text_2: autoDraw = True
212.6560 	EXP 	window1: recordFrameIntervals = True
214.0005 	DATA 	Keypress: space
214.2238 	EXP 	New trial (rep=2, index=0): None
214.2248 	EXP 	Sound probe started
214.2507 	EXP 	text_2: autoDraw = False
214.2507 	EXP 	text_2: autoDraw = False
214.4331 	EXP 	Sound probe reached end of file
214.4335 	EXP 	window1: recordFrameIntervals = False
214.4615 	EXP 	text_2: autoDraw = True
214.4628 	EXP 	window1: recordFrameIntervals = True
216.0166 	DATA 	Keypress: space
216.2401 	EXP 	New trial (rep=3, index=0): None
216.2411 	EXP 	Sound probe started
216.2680 	EXP 	text_2: autoDraw = False
216.2680 	EXP 	text_2: autoDraw = False
216.4531 	EXP 	Sound probe reached end of file
216.4553 	EXP 	window1: recordFrameIntervals = False
216.4787 	EXP 	text_2: autoDraw = True
216.4799 	EXP 	window1: recordFrameIntervals = True
218.0248 	DATA 	Keypress: space
218.2480 	EXP 	New trial (rep=4, index=0): None
218.2490 	EXP 	Sound probe started
218.2765 	EXP 	text_2: autoDraw = False
218.2765 	EXP 	text_2: autoDraw = False
218.4650 	EXP 	Sound probe reached end of file
218.4654 	EXP 	window1: recordFrameIntervals = False
218.4968 	EXP 	text_2: autoDraw = True
218.4980 	EXP 	window1: recordFrameIntervals = True
219.9142 	DATA 	Keypress: space
220.1433 	EXP 	New trial (rep=5, index=0): None
220.1452 	EXP 	Sound probe started
220.1657 	EXP 	text_2: autoDraw = False
220.1657 	EXP 	text_2: autoDraw = False
220.3648 	EXP 	Sound probe reached end of file
220.3653 	EXP 	window1: recordFrameIntervals = False
220.3859 	EXP 	text_2: autoDraw = True
220.3871 	EXP 	window1: recordFrameIntervals = True
222.5811 	DATA 	Keypress: space
222.8058 	EXP 	New trial (rep=6, index=0): None
222.8088 	EXP 	Sound probe started
222.8311 	EXP 	text_2: autoDraw = False
222.8311 	EXP 	text_2: autoDraw = False
223.0212 	EXP 	Sound probe reached end of file
223.0226 	EXP 	window1: recordFrameIntervals = False
223.0520 	EXP 	text_2: autoDraw = True
223.0532 	EXP 	window1: recordFrameIntervals = True
225.2446 	EXP 	New trial (rep=7, index=0): None
225.2482 	EXP 	Sound probe started
225.2684 	EXP 	text_2: autoDraw = False
225.2684 	EXP 	text_2: autoDraw = False
225.4611 	EXP 	Sound probe reached end of file
225.4632 	EXP 	window1: recordFrameIntervals = False
225.4873 	EXP 	text_2: autoDraw = True
225.4889 	EXP 	window1: recordFrameIntervals = True
227.5758 	DATA 	Keypress: space
227.8279 	EXP 	text_2: autoDraw = False
227.8279 	EXP 	text_2: autoDraw = False
227.8279 	EXP 	break_txt: autoDraw = True
228.4423 	EXP 	New trial (rep=5, index=0): None
229.3689 	DATA 	Keypress: space
229.3859 	EXP 	break_txt: autoDraw = False
229.3859 	EXP 	text: height = 0.05
229.3859 	EXP 	text: height = 0.05
229.3859 	EXP 	text: text = 'RYTHME\n\nHAUTEUR'
229.3859 	EXP 	text: autoDraw = True
230.3676 	EXP 	Created sequence: sequential, trialTypes=1, nReps=11, seed=None
230.3677 	EXP 	New trial (rep=0, index=0): None
230.3690 	EXP 	Sound probe started
230.3967 	EXP 	text: autoDraw = False
230.3967 	EXP 	text: autoDraw = False
230.5812 	EXP 	Sound probe reached end of file
230.5817 	EXP 	window1: recordFrameIntervals = False
230.6142 	EXP 	text_2: autoDraw = True
230.6154 	EXP 	window1: recordFrameIntervals = True
231.7697 	EXP 	New trial (rep=1, index=0): None
231.7730 	EXP 	Sound probe started
231.7924 	EXP 	text_2: autoDraw = False
231.7924 	EXP 	text_2: autoDraw = False
231.9812 	EXP 	Sound probe stopped
231.9830 	EXP 	window1: recordFrameIntervals = False
232.0113 	EXP 	text_2: autoDraw = True
232.0126 	EXP 	window1: recordFrameIntervals = True
232.9427 	DATA 	Keypress: space
233.1684 	EXP 	New trial (rep=2, index=0): None
233.1721 	EXP 	Sound probe started
233.1930 	EXP 	text_2: autoDraw = False
233.1930 	EXP 	text_2: autoDraw = False
233.3811 	EXP 	Sound probe reached end of file
233.3815 	EXP 	window1: recordFrameIntervals = False
233.4082 	EXP 	text_2: autoDraw = True
233.4094 	EXP 	window1: recordFrameIntervals = True
234.5660 	EXP 	New trial (rep=3, index=0): None
234.5707 	EXP 	Sound probe started
234.5939 	EXP 	text_2: autoDraw = False
234.5939 	EXP 	text_2: autoDraw = False
234.7810 	EXP 	Sound probe reached end of file
234.7814 	EXP 	window1: recordFrameIntervals = False
234.8106 	EXP 	text_2: autoDraw = True
234.8118 	EXP 	window1: recordFrameIntervals = True
235.9653 	EXP 	New trial (rep=4, index=0): None
235.9662 	EXP 	Sound probe started
235.9944 	EXP 	text_2: autoDraw = False
235.9944 	EXP 	text_2: autoDraw = False
236.1811 	EXP 	Sound probe reached end of file
236.1815 	EXP 	window1: recordFrameIntervals = False
236.2106 	EXP 	text_2: autoDraw = True
236.2118 	EXP 	window1: recordFrameIntervals = True
237.3649 	EXP 	New trial (rep=5, index=0): None
237.3659 	EXP 	Sound probe started
237.3916 	EXP 	text_2: autoDraw = False
237.3916 	EXP 	text_2: autoDraw = False
237.5812 	EXP 	Sound probe reached end of file
237.5816 	EXP 	window1: recordFrameIntervals = False
237.6019 	EXP 	text_2: autoDraw = True
237.6032 	EXP 	window1: recordFrameIntervals = True
238.7659 	EXP 	New trial (rep=6, index=0): None
238.7667 	EXP 	Sound probe started
238.7935 	EXP 	text_2: autoDraw = False
238.7935 	EXP 	text_2: autoDraw = False
238.9809 	EXP 	Sound probe reached end of file
238.9814 	EXP 	window1: recordFrameIntervals = False
239.0109 	EXP 	text_2: autoDraw = True
239.0122 	EXP 	window1: recordFrameIntervals = True
240.1653 	EXP 	New trial (rep=7, index=0): None
240.1663 	EXP 	Sound probe started
240.1930 	EXP 	text_2: autoDraw = False
240.1930 	EXP 	text_2: autoDraw = False
240.3811 	EXP 	Sound probe reached end of file
240.3833 	EXP 	window1: recordFrameIntervals = False
240.4047 	EXP 	text_2: autoDraw = True
240.4060 	EXP 	window1: recordFrameIntervals = True
241.5677 	EXP 	New trial (rep=8, index=0): None
241.5687 	EXP 	Sound probe started
241.5944 	EXP 	text_2: autoDraw = False
241.5944 	EXP 	text_2: autoDraw = False
241.7809 	EXP 	Sound probe reached end of file
241.7813 	EXP 	window1: recordFrameIntervals = False
241.8091 	EXP 	text_2: autoDraw = True
241.8103 	EXP 	window1: recordFrameIntervals = True
242.9663 	EXP 	New trial (rep=9, index=0): None
242.9672 	EXP 	Sound probe started
242.9939 	EXP 	text_2: autoDraw = False
242.9939 	EXP 	text_2: autoDraw = False
243.1810 	EXP 	Sound probe reached end of file
243.1833 	EXP 	window1: recordFrameIntervals = False
243.2072 	EXP 	text_2: autoDraw = True
243.2084 	EXP 	window1: recordFrameIntervals = True
244.1436 	DATA 	Keypress: space
244.3679 	EXP 	New trial (rep=10, index=0): None
244.3688 	EXP 	Sound probe started
244.3954 	EXP 	text_2: autoDraw = False
244.3954 	EXP 	text_2: autoDraw = False
244.5810 	EXP 	Sound probe reached end of file
244.5815 	EXP 	window1: recordFrameIntervals = False
244.6093 	EXP 	text_2: autoDraw = True
244.6105 	EXP 	window1: recordFrameIntervals = True
245.5421 	DATA 	Keypress: space
245.7919 	EXP 	text_2: autoDraw = False
245.7919 	EXP 	text_2: autoDraw = False
245.7919 	EXP 	break_txt: autoDraw = True
246.9913 	EXP 	New trial (rep=6, index=0): None
248.9215 	DATA 	Keypress: space
248.9379 	EXP 	break_txt: autoDraw = False
248.9379 	EXP 	text: text = 'RYTHME\n\nHAUTEUR'
248.9379 	EXP 	text: autoDraw = True
249.9171 	EXP 	Created sequence: sequential, trialTypes=1, nReps=15, seed=None
249.9175 	EXP 	New trial (rep=0, index=0): None
249.9218 	EXP 	Sound probe started
249.9469 	EXP 	text: autoDraw = False
249.9469 	EXP 	text: autoDraw = False
250.1413 	EXP 	Sound probe reached end of file
250.1434 	EXP 	window1: recordFrameIntervals = False
250.1677 	EXP 	text_2: autoDraw = True
250.1689 	EXP 	window1: recordFrameIntervals = True
251.9619 	EXP 	New trial (rep=1, index=0): None
251.9629 	EXP 	Sound probe started
251.9886 	EXP 	text_2: autoDraw = False
251.9886 	EXP 	text_2: autoDraw = False
252.1812 	EXP 	Sound probe reached end of file
252.1825 	EXP 	window1: recordFrameIntervals = False
252.2035 	EXP 	text_2: autoDraw = True
252.2048 	EXP 	window1: recordFrameIntervals = True
254.0020 	EXP 	New trial (rep=2, index=0): None
254.0030 	EXP 	Sound probe started
254.0310 	EXP 	text_2: autoDraw = False
254.0310 	EXP 	text_2: autoDraw = False
254.2214 	EXP 	Sound probe reached end of file
254.2233 	EXP 	window1: recordFrameIntervals = False
254.2516 	EXP 	text_2: autoDraw = True
254.2528 	EXP 	window1: recordFrameIntervals = True
255.8180 	DATA 	Keypress: space
256.0470 	EXP 	New trial (rep=3, index=0): None
256.0489 	EXP 	Sound probe started
256.0686 	EXP 	text_2: autoDraw = False
256.0686 	EXP 	text_2: autoDraw = False
256.2610 	EXP 	Sound probe stopped
256.2631 	EXP 	window1: recordFrameIntervals = False
256.2868 	EXP 	text_2: autoDraw = True
256.2885 	EXP 	window1: recordFrameIntervals = True
257.8581 	DATA 	Keypress: space
258.0828 	EXP 	New trial (rep=4, index=0): None
258.0838 	EXP 	Sound probe started
258.1106 	EXP 	text_2: autoDraw = False
258.1106 	EXP 	text_2: autoDraw = False
258.3013 	EXP 	Sound probe reached end of file
258.3028 	EXP 	window1: recordFrameIntervals = False
258.3238 	EXP 	text_2: autoDraw = True
258.3253 	EXP 	window1: recordFrameIntervals = True
259.8963 	DATA 	Keypress: space
260.1214 	EXP 	New trial (rep=5, index=0): None
260.1223 	EXP 	Sound probe started
260.1489 	EXP 	text_2: autoDraw = False
260.1489 	EXP 	text_2: autoDraw = False
260.3413 	EXP 	Sound probe reached end of file
260.3419 	EXP 	window1: recordFrameIntervals = False
260.3713 	EXP 	text_2: autoDraw = True
260.3725 	EXP 	window1: recordFrameIntervals = True
261.9351 	DATA 	Keypress: space
262.1599 	EXP 	New trial (rep=6, index=0): None
262.1610 	EXP 	Sound probe started
262.1888 	EXP 	text_2: autoDraw = False
262.1888 	EXP 	text_2: autoDraw = False
262.3813 	EXP 	Sound probe reached end of file
262.3831 	EXP 	window1: recordFrameIntervals = False
262.4098 	EXP 	text_2: autoDraw = True
262.4111 	EXP 	window1: recordFrameIntervals = True
263.9780 	DATA 	Keypress: space
264.2073 	EXP 	New trial (rep=7, index=0): None
264.2085 	EXP 	Sound probe started
264.2282 	EXP 	text_2: autoDraw = False
264.2282 	EXP 	text_2: autoDraw = False
264.4211 	EXP 	Sound probe reached end of file
264.4233 	EXP 	window1: recordFrameIntervals = False
264.4459 	EXP 	text_2: autoDraw = True
264.4472 	EXP 	window1: recordFrameIntervals = True
266.0180 	DATA 	Keypress: space
266.2433 	EXP 	New trial (rep=8, index=0): None
266.2442 	EXP 	Sound probe started
266.2706 	EXP 	text_2: autoDraw = False
266.2706 	EXP 	text_2: autoDraw = False
266.4611 	EXP 	Sound probe reached end of file
266.4617 	EXP 	window1: recordFrameIntervals = False
266.4877 	EXP 	text_2: autoDraw = True
266.4890 	EXP 	window1: recordFrameIntervals = True
268.0564 	DATA 	Keypress: space
268.2816 	EXP 	New trial (rep=9, index=0): None
268.2825 	EXP 	Sound probe started
268.3110 	EXP 	text_2: autoDraw = False
268.3110 	EXP 	text_2: autoDraw = False
268.5011 	EXP 	Sound probe reached end of file
268.5015 	EXP 	window1: recordFrameIntervals = False
268.5330 	EXP 	text_2: autoDraw = True
268.5343 	EXP 	window1: recordFrameIntervals = True
270.0952 	DATA 	Keypress: space
270.3209 	EXP 	New trial (rep=10, index=0): None
270.3234 	EXP 	Sound probe started
270.3492 	EXP 	text_2: autoDraw = False
270.3492 	EXP 	text_2: autoDraw = False
270.5412 	EXP 	Sound probe reached end of file
270.5434 	EXP 	window1: recordFrameIntervals = False
270.5704 	EXP 	text_2: autoDraw = True
270.5728 	EXP 	window1: recordFrameIntervals = True
272.1387 	DATA 	Keypress: space
272.3717 	EXP 	New trial (rep=11, index=0): None
272.3729 	EXP 	Sound probe started
272.3931 	EXP 	text_2: autoDraw = False
272.3931 	EXP 	text_2: autoDraw = False
272.5890 	EXP 	Sound probe reached end of file
272.5894 	EXP 	window1: recordFrameIntervals = False
272.6096 	EXP 	text_2: autoDraw = True
272.6107 	EXP 	window1: recordFrameIntervals = True
274.1848 	DATA 	Keypress: space
274.4235 	EXP 	New trial (rep=12, index=0): None
274.4244 	EXP 	Sound probe started
274.4448 	EXP 	text_2: autoDraw = False
274.4448 	EXP 	text_2: autoDraw = False
274.6373 	EXP 	Sound probe reached end of file
274.6389 	EXP 	window1: recordFrameIntervals = False
274.6604 	EXP 	text_2: autoDraw = True
274.6617 	EXP 	window1: recordFrameIntervals = True
276.4579 	EXP 	New trial (rep=13, index=0): None
276.4589 	EXP 	Sound probe started
276.4873 	EXP 	text_2: autoDraw = False
276.4873 	EXP 	text_2: autoDraw = False
276.6771 	EXP 	Sound probe reached end of file
276.6776 	EXP 	window1: recordFrameIntervals = False
276.7041 	EXP 	text_2: autoDraw = True
276.7053 	EXP 	window1: recordFrameIntervals = True
278.2718 	DATA 	Keypress: space
278.4977 	EXP 	New trial (rep=14, index=0): None
278.5010 	EXP 	Sound probe started
278.5230 	EXP 	text_2: autoDraw = False
278.5230 	EXP 	text_2: autoDraw = False
278.7171 	EXP 	Sound probe reached end of file
278.7193 	EXP 	window1: recordFrameIntervals = False
278.7436 	EXP 	text_2: autoDraw = True
278.7451 	EXP 	window1: recordFrameIntervals = True
280.3144 	DATA 	Keypress: space
280.5681 	EXP 	text_2: autoDraw = False
280.5681 	EXP 	text_2: autoDraw = False
280.5681 	EXP 	break_txt: autoDraw = True
281.2471 	EXP 	New trial (rep=7, index=0): None
283.7638 	EXP 	window1: mouseVisible = True
