13.1172 	WARNING 	User requested fullscreen with size [2560 1440], but screen is actually [3840, 2160]. Using actual size
14.6712 	EXP 	Created window1 = Window(allowGUI=False, allowStencil=False, autoLog=True, backendConf=UNKNOWN, bitsMode=UNKNOWN, blendMode='avg', bpc=(8, 8, 8), color=array([ 0.6078, -0.2784, -0.2784]), colorSpace='rgb', depthBits=8, fullscr=<method-wrapper '__getattribute__' of attributeSetter object at 0x0000020CA5EF8B20>, gamma=None, gammaErrorPolicy='raise', lms=UNKNOWN, monitor=<psychopy.monitors.calibTools.Monitor object at 0x0000020CA7BA70D0>, multiSample=False, name='window1', numSamples=2, pos=(0, 0), screen=0, size=array([3840, 2160]), stencilBits=0, stereo=False, units='height', useFBO=True, useRetina=False, viewOri=0.0, viewPos=None, viewScale=None, waitBlanking=True, winType='pyglet')
14.6715 	EXP 	window1: mouseVisible = True
14.6716 	EXP 	window1: Attempting to measure frame rate of screen (0) ...
14.6716 	EXP 	window1: recordFrameIntervals = False
14.9468 	EXP 	window1: recordFrameIntervals = True
15.0598 	WARNING 	t of last frame was 40.75ms (=1/24)
15.9085 	WARNING 	t of last frame was 34.93ms (=1/28)
15.9417 	WARNING 	t of last frame was 33.25ms (=1/30)
15.9750 	WARNING 	t of last frame was 33.29ms (=1/30)
16.0086 	WARNING 	Multiple dropped frames have occurred - I'll stop bothering you about them!
17.2793 	EXP 	Screen (0) actual frame rate measured at 29.50Hz
17.2794 	EXP 	window1: recordFrameIntervals = False
18.9701 	EXP 	window1: Attempting to measure frame rate of screen (0) ...
18.9701 	EXP 	window1: recordFrameIntervals = False
19.2679 	EXP 	window1: recordFrameIntervals = True
22.5522 	WARNING 	Couldn't measure a consistent frame rate!
  - Is your graphics card set to sync to vertical blank?
  - Are you running other processes on your computer?

22.6434 	EXP 	Created instructions = TextStim(__class__=<class 'psychopy.visual.text.TextStim'>, alignHoriz=method-wrapper(...), alignText='center', alignVert=method-wrapper(...), anchorHoriz='center', anchorVert='center', antialias=True, autoLog=True, bold=False, color=array([1., 1., 1.]), colorSpace='rgb', contrast=1.0, depth=-2.0, flipHoriz=False, flipVert=False, font='Open Sans', fontFiles=[], height=0.03, italic=False, languageStyle='LTR', name='instructions', opacity=1, ori=0.0, pos=array([0., 0.]), rgb=UNKNOWN, text=str(...), units='height', win=Window(...), wrapWidth=1)
22.6452 	EXP 	Created blank_text = TextStim(__class__=<class 'psychopy.visual.text.TextStim'>, alignHoriz=method-wrapper(...), alignText='center', alignVert=method-wrapper(...), anchorHoriz='center', anchorVert='center', antialias=True, autoLog=True, bold=False, color=array([1., 1., 1.]), colorSpace='rgb', contrast=1.0, depth=0.0, flipHoriz=False, flipVert=False, font='Open Sans', fontFiles=[], height=0.05, italic=False, languageStyle='LTR', name='blank_text', opacity=1, ori=0.0, pos=array([0., 0.]), rgb=UNKNOWN, text='', units='height', win=Window(...), wrapWidth=1)
22.6478 	EXP 	Created fixation_cross = ShapeStim(__class__=<class 'psychopy.visual.shape.ShapeStim'>, anchor=('center', 'center'), autoDraw=False, autoLog=True, closeShape=True, color=method-wrapper(...), colorSpace='rgb', contrast=None, depth=-3.0, fillColor=array([1, 1, 1]), fillColorSpace='rgb', fillRGB=array([1, 1, 1]), interpolate=True, lineColor=array([1., 1., 1.]), lineColorSpace='rgb', lineRGB=array([1, 1, 1]), lineWidth=1.0, name='fixation_cross', opacity=1, ori=0.0, pos=array([0., 0.]), size=array([0.15, 0.15]), units='height', vertices=ndarray(...), win=Window(...), windingRule=None)
22.6489 	EXP 	Created text = TextStim(__class__=<class 'psychopy.visual.text.TextStim'>, alignHoriz=method-wrapper(...), alignText='center', alignVert=method-wrapper(...), anchorHoriz='center', anchorVert='center', antialias=True, autoLog=True, bold=False, color=array([1., 1., 1.]), colorSpace='rgb', contrast=1.0, depth=-2.0, flipHoriz=False, flipVert=False, font='Open Sans', fontFiles=[], height=0.05, italic=False, languageStyle='LTR', name='text', opacity=1, ori=0.0, pos=array([0., 0.]), rgb=UNKNOWN, text='', units='height', win=Window(...), wrapWidth=1)
22.7043 	EXP 	Sound probe set volume 1.000
22.7060 	EXP 	Created text_2 = TextStim(__class__=<class 'psychopy.visual.text.TextStim'>, alignHoriz=method-wrapper(...), alignText='center', alignVert=method-wrapper(...), anchorHoriz='center', anchorVert='center', antialias=True, autoLog=True, bold=False, color=array([1., 1., 1.]), colorSpace='rgb', contrast=1.0, depth=-4.0, flipHoriz=False, flipVert=False, font='Open Sans', fontFiles=[], height=0.05, italic=False, languageStyle='LTR', name='text_2', opacity=1, ori=0.0, pos=array([0., 0.]), rgb=UNKNOWN, text='', units='height', win=Window(...), wrapWidth=1)
22.7223 	EXP 	Created break_txt = TextStim(__class__=<class 'psychopy.visual.text.TextStim'>, alignHoriz=method-wrapper(...), alignText='center', alignVert=method-wrapper(...), anchorHoriz='center', anchorVert='center', antialias=True, autoLog=True, bold=False, color=array([1., 1., 1.]), colorSpace='rgb', contrast=1.0, depth=0.0, flipHoriz=False, flipVert=False, font='Open Sans', fontFiles=[], height=0.04, italic=False, languageStyle='LTR', name='break_txt', opacity=1, ori=0.0, pos=array([0., 0.]), rgb=UNKNOWN, text=str(...), units='height', win=Window(...), wrapWidth=1)
22.7237 	EXP 	Created blank_text = TextStim(__class__=<class 'psychopy.visual.text.TextStim'>, alignHoriz=method-wrapper(...), alignText='center', alignVert=method-wrapper(...), anchorHoriz='center', anchorVert='center', antialias=True, autoLog=True, bold=False, color=array([1., 1., 1.]), colorSpace='rgb', contrast=1.0, depth=0.0, flipHoriz=False, flipVert=False, font='Open Sans', fontFiles=[], height=0.05, italic=False, languageStyle='LTR', name='blank_text', opacity=1, ori=0.0, pos=array([0., 0.]), rgb=UNKNOWN, text='', units='height', win=Window(...), wrapWidth=1)
22.7475 	EXP 	Created end_txt = TextStim(__class__=<class 'psychopy.visual.text.TextStim'>, alignHoriz=method-wrapper(...), alignText='center', alignVert=method-wrapper(...), anchorHoriz='center', anchorVert='center', antialias=True, autoLog=True, bold=False, color=array([1., 1., 1.]), colorSpace='rgb', contrast=1.0, depth=0.0, flipHoriz=False, flipVert=False, font='Open Sans', fontFiles=[], height=0.05, italic=False, languageStyle='LTR', name='end_txt', opacity=1, ori=0.0, pos=array([0., 0.]), rgb=UNKNOWN, text=str(...), units='height', win=Window(...), wrapWidth=1)
22.7671 	EXP 	instructions: autoDraw = True
26.4700 	DATA 	Keypress: space
26.5026 	EXP 	instructions: autoDraw = False
26.5026 	EXP 	blank_text: autoDraw = True
27.4935 	EXP 	Created sequence: fullRandom, trialTypes=1, nReps=999, seed=None
27.4962 	EXP 	New trial (rep=0, index=0): None
28.9899 	EXP 	blank_text: autoDraw = False
28.9899 	EXP 	text: height = 0.05
28.9899 	EXP 	text: height = 0.05
28.9899 	EXP 	text: text = 'RYTHME'
28.9899 	EXP 	text: autoDraw = True
29.9992 	EXP 	Created sequence: sequential, trialTypes=1, nReps=10, seed=None
29.9994 	EXP 	New trial (rep=0, index=0): None
30.0017 	EXP 	Sound probe started
30.0300 	EXP 	text: autoDraw = False
30.0300 	EXP 	text: autoDraw = False
30.2298 	EXP 	Sound probe reached end of file
30.2303 	EXP 	window1: recordFrameIntervals = False
30.2614 	EXP 	text_2: autoDraw = True
30.2627 	EXP 	window1: recordFrameIntervals = True
31.4652 	EXP 	New trial (rep=1, index=0): None
31.4662 	EXP 	Sound probe started
31.4945 	EXP 	text_2: autoDraw = False
31.4945 	EXP 	text_2: autoDraw = False
31.6866 	EXP 	Sound probe reached end of file
31.6870 	EXP 	window1: recordFrameIntervals = False
31.7188 	EXP 	text_2: autoDraw = True
31.7200 	EXP 	window1: recordFrameIntervals = True
32.7005 	DATA 	Keypress: space
32.9232 	EXP 	New trial (rep=2, index=0): None
32.9240 	EXP 	Sound probe started
32.9515 	EXP 	text_2: autoDraw = False
32.9515 	EXP 	text_2: autoDraw = False
33.1471 	EXP 	Sound probe reached end of file
33.1496 	EXP 	window1: recordFrameIntervals = False
33.1792 	EXP 	text_2: autoDraw = True
33.1804 	EXP 	window1: recordFrameIntervals = True
34.3843 	EXP 	New trial (rep=3, index=0): None
34.3853 	EXP 	Sound probe started
34.4124 	EXP 	text_2: autoDraw = False
34.4124 	EXP 	text_2: autoDraw = False
34.6027 	EXP 	Sound probe reached end of file
34.6031 	EXP 	window1: recordFrameIntervals = False
34.6357 	EXP 	text_2: autoDraw = True
34.6372 	EXP 	window1: recordFrameIntervals = True
35.6164 	DATA 	Keypress: space
35.8393 	EXP 	New trial (rep=4, index=0): None
35.8403 	EXP 	Sound probe started
35.8690 	EXP 	text_2: autoDraw = False
35.8690 	EXP 	text_2: autoDraw = False
36.0659 	EXP 	Sound probe reached end of file
36.0662 	EXP 	window1: recordFrameIntervals = False
36.0839 	EXP 	text_2: autoDraw = True
36.0882 	EXP 	window1: recordFrameIntervals = True
37.0801 	DATA 	Keypress: space
37.3121 	EXP 	New trial (rep=5, index=0): None
37.3133 	EXP 	Sound probe started
37.3363 	EXP 	text_2: autoDraw = False
37.3363 	EXP 	text_2: autoDraw = False
37.5306 	EXP 	Sound probe reached end of file
37.5311 	EXP 	window1: recordFrameIntervals = False
37.5625 	EXP 	text_2: autoDraw = True
37.5637 	EXP 	window1: recordFrameIntervals = True
38.5438 	DATA 	Keypress: space
38.7663 	EXP 	New trial (rep=6, index=0): None
38.7674 	EXP 	Sound probe started
38.7971 	EXP 	text_2: autoDraw = False
38.7971 	EXP 	text_2: autoDraw = False
38.9816 	EXP 	Sound probe reached end of file
38.9820 	EXP 	window1: recordFrameIntervals = False
39.0138 	EXP 	text_2: autoDraw = True
39.0150 	EXP 	window1: recordFrameIntervals = True
39.9949 	DATA 	Keypress: space
40.2180 	EXP 	New trial (rep=7, index=0): None
40.2193 	EXP 	Sound probe started
40.2498 	EXP 	text_2: autoDraw = False
40.2498 	EXP 	text_2: autoDraw = False
40.4452 	EXP 	Sound probe reached end of file
40.4456 	EXP 	window1: recordFrameIntervals = False
40.4772 	EXP 	text_2: autoDraw = True
40.4784 	EXP 	window1: recordFrameIntervals = True
41.4581 	DATA 	Keypress: space
41.6815 	EXP 	New trial (rep=8, index=0): None
41.6826 	EXP 	Sound probe started
41.7117 	EXP 	text_2: autoDraw = False
41.7117 	EXP 	text_2: autoDraw = False
41.8972 	EXP 	Sound probe reached end of file
41.8997 	EXP 	window1: recordFrameIntervals = False
41.9226 	EXP 	text_2: autoDraw = True
41.9240 	EXP 	window1: recordFrameIntervals = True
42.9132 	DATA 	Keypress: space
43.1365 	EXP 	New trial (rep=9, index=0): None
43.1375 	EXP 	Sound probe started
43.1683 	EXP 	text_2: autoDraw = False
43.1683 	EXP 	text_2: autoDraw = False
43.3492 	EXP 	Sound probe stopped
43.3513 	EXP 	window1: recordFrameIntervals = False
43.3747 	EXP 	text_2: autoDraw = True
43.3759 	EXP 	window1: recordFrameIntervals = True
44.3644 	DATA 	Keypress: space
44.6203 	EXP 	text_2: autoDraw = False
44.6203 	EXP 	text_2: autoDraw = False
44.6203 	EXP 	break_txt: autoDraw = True
45.7330 	EXP 	New trial (rep=1, index=0): None
47.5043 	DATA 	Keypress: space
47.5218 	EXP 	break_txt: autoDraw = False
47.5218 	EXP 	text: text = 'RYTHME'
47.5218 	EXP 	text: autoDraw = True
48.4992 	EXP 	Created sequence: sequential, trialTypes=1, nReps=15, seed=None
48.4994 	EXP 	New trial (rep=0, index=0): None
48.5007 	EXP 	Sound probe started
48.5320 	EXP 	text: autoDraw = False
48.5320 	EXP 	text: autoDraw = False
48.7171 	EXP 	Sound probe reached end of file
48.7193 	EXP 	window1: recordFrameIntervals = False
48.7437 	EXP 	text_2: autoDraw = True
48.7452 	EXP 	window1: recordFrameIntervals = True
50.0544 	EXP 	New trial (rep=1, index=0): None
50.0555 	EXP 	Sound probe started
50.0844 	EXP 	text_2: autoDraw = False
50.0844 	EXP 	text_2: autoDraw = False
50.2654 	EXP 	Sound probe reached end of file
50.2678 	EXP 	window1: recordFrameIntervals = False
50.2990 	EXP 	text_2: autoDraw = True
50.3003 	EXP 	window1: recordFrameIntervals = True
51.3770 	DATA 	Keypress: space
51.6035 	EXP 	New trial (rep=2, index=0): None
51.6077 	EXP 	Sound probe started
51.6289 	EXP 	text_2: autoDraw = False
51.6289 	EXP 	text_2: autoDraw = False
51.8257 	EXP 	Sound probe reached end of file
51.8278 	EXP 	window1: recordFrameIntervals = False
51.8539 	EXP 	text_2: autoDraw = True
51.8554 	EXP 	window1: recordFrameIntervals = True
53.1601 	EXP 	New trial (rep=3, index=0): None
53.1611 	EXP 	Sound probe started
53.1862 	EXP 	text_2: autoDraw = False
53.1862 	EXP 	text_2: autoDraw = False
53.3772 	EXP 	Sound probe reached end of file
53.3778 	EXP 	window1: recordFrameIntervals = False
53.3985 	EXP 	text_2: autoDraw = True
53.3997 	EXP 	window1: recordFrameIntervals = True
54.4880 	DATA 	Keypress: space
54.7096 	EXP 	New trial (rep=4, index=0): None
54.7107 	EXP 	Sound probe started
54.7361 	EXP 	text_2: autoDraw = False
54.7361 	EXP 	text_2: autoDraw = False
54.9250 	EXP 	Sound probe reached end of file
54.9254 	EXP 	window1: recordFrameIntervals = False
54.9526 	EXP 	text_2: autoDraw = True
54.9539 	EXP 	window1: recordFrameIntervals = True
56.2636 	EXP 	New trial (rep=5, index=0): None
56.2646 	EXP 	Sound probe started
56.2850 	EXP 	text_2: autoDraw = False
56.2850 	EXP 	text_2: autoDraw = False
56.4771 	EXP 	Sound probe reached end of file
56.4791 	EXP 	window1: recordFrameIntervals = False
56.5009 	EXP 	text_2: autoDraw = True
56.5022 	EXP 	window1: recordFrameIntervals = True
57.8095 	EXP 	New trial (rep=6, index=0): None
57.8105 	EXP 	Sound probe started
57.8357 	EXP 	text_2: autoDraw = False
57.8357 	EXP 	text_2: autoDraw = False
58.0251 	EXP 	Sound probe reached end of file
58.0255 	EXP 	window1: recordFrameIntervals = False
58.0577 	EXP 	text_2: autoDraw = True
58.0590 	EXP 	window1: recordFrameIntervals = True
59.1357 	DATA 	Keypress: space
59.3577 	EXP 	New trial (rep=7, index=0): None
59.3613 	EXP 	Sound probe started
59.3829 	EXP 	text_2: autoDraw = False
59.3829 	EXP 	text_2: autoDraw = False
59.5772 	EXP 	Sound probe reached end of file
59.5788 	EXP 	window1: recordFrameIntervals = False
59.5995 	EXP 	text_2: autoDraw = True
59.6006 	EXP 	window1: recordFrameIntervals = True
60.6893 	DATA 	Keypress: space
60.9148 	EXP 	New trial (rep=8, index=0): None
60.9175 	EXP 	Sound probe started
60.9373 	EXP 	text_2: autoDraw = False
60.9373 	EXP 	text_2: autoDraw = False
61.1368 	EXP 	Sound probe reached end of file
61.1372 	EXP 	window1: recordFrameIntervals = False
61.1578 	EXP 	text_2: autoDraw = True
61.1590 	EXP 	window1: recordFrameIntervals = True
62.2472 	DATA 	Keypress: space
62.2479 	DATA 	Keypress: space
62.4686 	EXP 	New trial (rep=9, index=0): None
62.4696 	EXP 	Sound probe started
62.4962 	EXP 	text_2: autoDraw = False
62.4962 	EXP 	text_2: autoDraw = False
62.6852 	EXP 	Sound probe reached end of file
62.6872 	EXP 	window1: recordFrameIntervals = False
62.7079 	EXP 	text_2: autoDraw = True
62.7092 	EXP 	window1: recordFrameIntervals = True
63.7976 	DATA 	Keypress: space
64.0192 	EXP 	New trial (rep=10, index=0): None
64.0202 	EXP 	Sound probe started
64.0457 	EXP 	text_2: autoDraw = False
64.0457 	EXP 	text_2: autoDraw = False
64.2370 	EXP 	Sound probe reached end of file
64.2374 	EXP 	window1: recordFrameIntervals = False
64.2682 	EXP 	text_2: autoDraw = True
64.2694 	EXP 	window1: recordFrameIntervals = True
65.3471 	DATA 	Keypress: space
65.5720 	EXP 	New trial (rep=11, index=0): None
65.5730 	EXP 	Sound probe started
65.5991 	EXP 	text_2: autoDraw = False
65.5991 	EXP 	text_2: autoDraw = False
65.7851 	EXP 	Sound probe reached end of file
65.7867 	EXP 	window1: recordFrameIntervals = False
65.8075 	EXP 	text_2: autoDraw = True
65.8087 	EXP 	window1: recordFrameIntervals = True
66.8971 	DATA 	Keypress: space
67.1266 	EXP 	New trial (rep=12, index=0): None
67.1277 	EXP 	Sound probe started
67.1482 	EXP 	text_2: autoDraw = False
67.1482 	EXP 	text_2: autoDraw = False
67.3453 	EXP 	Sound probe reached end of file
67.3472 	EXP 	window1: recordFrameIntervals = False
67.3715 	EXP 	text_2: autoDraw = True
67.3727 	EXP 	window1: recordFrameIntervals = True
68.6801 	EXP 	New trial (rep=13, index=0): None
68.6815 	EXP 	Sound probe started
68.7094 	EXP 	text_2: autoDraw = False
68.7094 	EXP 	text_2: autoDraw = False
68.8971 	EXP 	Sound probe reached end of file
68.8975 	EXP 	window1: recordFrameIntervals = False
68.9252 	EXP 	text_2: autoDraw = True
68.9264 	EXP 	window1: recordFrameIntervals = True
70.0079 	DATA 	Keypress: space
70.2295 	EXP 	New trial (rep=14, index=0): None
70.2306 	EXP 	Sound probe started
70.2556 	EXP 	text_2: autoDraw = False
70.2556 	EXP 	text_2: autoDraw = False
70.4451 	EXP 	Sound probe reached end of file
70.4466 	EXP 	window1: recordFrameIntervals = False
70.4718 	EXP 	text_2: autoDraw = True
70.4730 	EXP 	window1: recordFrameIntervals = True
71.5569 	DATA 	Keypress: space
71.8052 	EXP 	text_2: autoDraw = False
71.8052 	EXP 	text_2: autoDraw = False
71.8052 	EXP 	break_txt: autoDraw = True
72.8028 	EXP 	New trial (rep=2, index=0): None
76.2164 	DATA 	Keypress: space
76.2328 	EXP 	break_txt: autoDraw = False
76.2328 	EXP 	text: height = 0.05
76.2328 	EXP 	text: height = 0.05
76.2328 	EXP 	text: text = 'RYTHME\n\nHAUTEUR'
76.2328 	EXP 	text: autoDraw = True
77.2122 	EXP 	Created sequence: sequential, trialTypes=1, nReps=10, seed=None
77.2124 	EXP 	New trial (rep=0, index=0): None
77.2139 	EXP 	Sound probe started
77.2508 	EXP 	text: autoDraw = False
77.2508 	EXP 	text: autoDraw = False
77.4334 	EXP 	Sound probe reached end of file
77.4359 	EXP 	window1: recordFrameIntervals = False
77.4629 	EXP 	text_2: autoDraw = True
77.4643 	EXP 	window1: recordFrameIntervals = True
78.5404 	DATA 	Keypress: space
78.7707 	EXP 	New trial (rep=1, index=0): None
78.7718 	EXP 	Sound probe started
78.7930 	EXP 	text_2: autoDraw = False
78.7930 	EXP 	text_2: autoDraw = False
78.9849 	EXP 	Sound probe reached end of file
78.9854 	EXP 	window1: recordFrameIntervals = False
79.0144 	EXP 	text_2: autoDraw = True
79.0156 	EXP 	window1: recordFrameIntervals = True
80.0895 	DATA 	Keypress: space
80.3137 	EXP 	New trial (rep=2, index=0): None
80.3175 	EXP 	Sound probe started
80.3395 	EXP 	text_2: autoDraw = False
80.3395 	EXP 	text_2: autoDraw = False
80.5332 	EXP 	Sound probe reached end of file
80.5362 	EXP 	window1: recordFrameIntervals = False
80.5616 	EXP 	text_2: autoDraw = True
80.5639 	EXP 	window1: recordFrameIntervals = True
81.6411 	DATA 	Keypress: space
81.8643 	EXP 	New trial (rep=3, index=0): None
81.8686 	EXP 	Sound probe started
81.8947 	EXP 	text_2: autoDraw = False
81.8947 	EXP 	text_2: autoDraw = False
82.0850 	EXP 	Sound probe reached end of file
82.0869 	EXP 	window1: recordFrameIntervals = False
82.1074 	EXP 	text_2: autoDraw = True
82.1086 	EXP 	window1: recordFrameIntervals = True
83.1921 	DATA 	Keypress: space
83.4174 	EXP 	New trial (rep=4, index=0): None
83.4210 	EXP 	Sound probe started
83.4417 	EXP 	text_2: autoDraw = False
83.4417 	EXP 	text_2: autoDraw = False
83.6331 	EXP 	Sound probe reached end of file
83.6352 	EXP 	window1: recordFrameIntervals = False
83.6636 	EXP 	text_2: autoDraw = True
83.6650 	EXP 	window1: recordFrameIntervals = True
84.7390 	DATA 	Keypress: space
84.9629 	EXP 	New trial (rep=5, index=0): None
84.9640 	EXP 	Sound probe started
84.9941 	EXP 	text_2: autoDraw = False
84.9941 	EXP 	text_2: autoDraw = False
85.1211 	DATA 	Keypress: space
85.1977 	EXP 	Sound probe reached end of file
85.1982 	EXP 	window1: recordFrameIntervals = False
85.2326 	EXP 	text_2: autoDraw = True
85.2357 	EXP 	window1: recordFrameIntervals = True
86.5261 	EXP 	New trial (rep=6, index=0): None
86.5272 	EXP 	Sound probe started
86.5541 	EXP 	text_2: autoDraw = False
86.5541 	EXP 	text_2: autoDraw = False
86.7451 	EXP 	Sound probe reached end of file
86.7480 	EXP 	window1: recordFrameIntervals = False
86.7711 	EXP 	text_2: autoDraw = True
86.7721 	EXP 	window1: recordFrameIntervals = True
87.8524 	DATA 	Keypress: space
88.0831 	EXP 	New trial (rep=7, index=0): None
88.0843 	EXP 	Sound probe started
88.1045 	EXP 	text_2: autoDraw = False
88.1045 	EXP 	text_2: autoDraw = False
88.2930 	EXP 	Sound probe reached end of file
88.2935 	EXP 	window1: recordFrameIntervals = False
88.3276 	EXP 	text_2: autoDraw = True
88.3290 	EXP 	window1: recordFrameIntervals = True
89.3983 	DATA 	Keypress: space
89.6212 	EXP 	New trial (rep=8, index=0): None
89.6222 	EXP 	Sound probe started
89.6493 	EXP 	text_2: autoDraw = False
89.6493 	EXP 	text_2: autoDraw = False
89.8331 	EXP 	Sound probe reached end of file
89.8335 	EXP 	window1: recordFrameIntervals = False
89.8635 	EXP 	text_2: autoDraw = True
89.8645 	EXP 	window1: recordFrameIntervals = True
91.1616 	EXP 	New trial (rep=9, index=0): None
91.1657 	EXP 	Sound probe started
91.1861 	EXP 	text_2: autoDraw = False
91.1861 	EXP 	text_2: autoDraw = False
91.3729 	EXP 	Sound probe stopped
91.3734 	EXP 	window1: recordFrameIntervals = False
91.4046 	EXP 	text_2: autoDraw = True
91.4059 	EXP 	window1: recordFrameIntervals = True
92.4786 	DATA 	Keypress: space
92.7276 	EXP 	text_2: autoDraw = False
92.7276 	EXP 	text_2: autoDraw = False
92.7276 	EXP 	break_txt: autoDraw = True
93.6301 	EXP 	New trial (rep=3, index=0): None
95.5108 	DATA 	Keypress: space
95.5265 	EXP 	break_txt: autoDraw = False
95.5265 	EXP 	text: height = 0.05
95.5265 	EXP 	text: height = 0.05
95.5265 	EXP 	text: text = 'X'
95.5265 	EXP 	text: autoDraw = True
96.5260 	EXP 	Created sequence: sequential, trialTypes=1, nReps=15, seed=None
96.5261 	EXP 	New trial (rep=0, index=0): None
96.5273 	EXP 	Sound probe started
96.5587 	EXP 	text: autoDraw = False
96.5587 	EXP 	text: autoDraw = False
96.7450 	EXP 	Sound probe reached end of file
96.7474 	EXP 	window1: recordFrameIntervals = False
96.7684 	EXP 	text_2: autoDraw = True
96.7696 	EXP 	window1: recordFrameIntervals = True
97.7608 	EXP 	New trial (rep=1, index=0): None
97.7618 	EXP 	Sound probe started
97.7895 	EXP 	text_2: autoDraw = False
97.7895 	EXP 	text_2: autoDraw = False
97.9730 	EXP 	Sound probe reached end of file
97.9734 	EXP 	window1: recordFrameIntervals = False
98.0024 	EXP 	text_2: autoDraw = True
98.0035 	EXP 	window1: recordFrameIntervals = True
98.8433 	DATA 	Keypress: space
99.0667 	EXP 	New trial (rep=2, index=0): None
99.0704 	EXP 	Sound probe started
99.0917 	EXP 	text_2: autoDraw = False
99.0917 	EXP 	text_2: autoDraw = False
99.2811 	EXP 	Sound probe reached end of file
99.2816 	EXP 	window1: recordFrameIntervals = False
99.3136 	EXP 	text_2: autoDraw = True
99.3150 	EXP 	window1: recordFrameIntervals = True
100.3503 	DATA 	Keypress: space
100.5729 	EXP 	New trial (rep=3, index=0): None
100.5739 	EXP 	Sound probe started
100.5995 	EXP 	text_2: autoDraw = False
100.5995 	EXP 	text_2: autoDraw = False
100.7930 	EXP 	Sound probe reached end of file
100.7941 	EXP 	window1: recordFrameIntervals = False
100.8152 	EXP 	text_2: autoDraw = True
100.8164 	EXP 	window1: recordFrameIntervals = True
102.6235 	DATA 	Keypress: space
102.8463 	EXP 	New trial (rep=4, index=0): None
102.8473 	EXP 	Sound probe started
102.8724 	EXP 	text_2: autoDraw = False
102.8724 	EXP 	text_2: autoDraw = False
103.0611 	EXP 	Sound probe reached end of file
103.0632 	EXP 	window1: recordFrameIntervals = False
103.0844 	EXP 	text_2: autoDraw = True
103.0856 	EXP 	window1: recordFrameIntervals = True
104.5723 	DATA 	Keypress: space
104.7948 	EXP 	New trial (rep=5, index=0): None
104.7956 	EXP 	Sound probe started
104.8210 	EXP 	text_2: autoDraw = False
104.8210 	EXP 	text_2: autoDraw = False
105.0131 	EXP 	Sound probe reached end of file
105.0152 	EXP 	window1: recordFrameIntervals = False
105.0376 	EXP 	text_2: autoDraw = True
105.0389 	EXP 	window1: recordFrameIntervals = True
106.7411 	EXP 	New trial (rep=6, index=0): None
106.7445 	EXP 	Sound probe started
106.7664 	EXP 	text_2: autoDraw = False
106.7664 	EXP 	text_2: autoDraw = False
106.9611 	EXP 	Sound probe reached end of file
106.9632 	EXP 	window1: recordFrameIntervals = False
106.9874 	EXP 	text_2: autoDraw = True
106.9886 	EXP 	window1: recordFrameIntervals = True
108.0612 	DATA 	Keypress: space
108.2840 	EXP 	New trial (rep=7, index=0): None
108.2850 	EXP 	Sound probe started
108.3115 	EXP 	text_2: autoDraw = False
108.3115 	EXP 	text_2: autoDraw = False
108.5012 	EXP 	Sound probe reached end of file
108.5029 	EXP 	window1: recordFrameIntervals = False
108.5237 	EXP 	text_2: autoDraw = True
108.5252 	EXP 	window1: recordFrameIntervals = True
109.5992 	DATA 	Keypress: space
109.8226 	EXP 	New trial (rep=8, index=0): None
109.8237 	EXP 	Sound probe started
109.8516 	EXP 	text_2: autoDraw = False
109.8516 	EXP 	text_2: autoDraw = False
110.0411 	EXP 	Sound probe reached end of file
110.0415 	EXP 	window1: recordFrameIntervals = False
110.0685 	EXP 	text_2: autoDraw = True
110.0698 	EXP 	window1: recordFrameIntervals = True
111.3132 	DATA 	Keypress: space
111.5358 	EXP 	New trial (rep=9, index=0): None
111.5368 	EXP 	Sound probe started
111.5626 	EXP 	text_2: autoDraw = False
111.5626 	EXP 	text_2: autoDraw = False
111.7529 	EXP 	Sound probe reached end of file
111.7549 	EXP 	window1: recordFrameIntervals = False
111.7776 	EXP 	text_2: autoDraw = True
111.7789 	EXP 	window1: recordFrameIntervals = True
113.6336 	DATA 	Keypress: space
113.8567 	EXP 	New trial (rep=10, index=0): None
113.8577 	EXP 	Sound probe started
113.8839 	EXP 	text_2: autoDraw = False
113.8839 	EXP 	text_2: autoDraw = False
114.0731 	EXP 	Sound probe reached end of file
114.0748 	EXP 	window1: recordFrameIntervals = False
114.0955 	EXP 	text_2: autoDraw = True
114.0967 	EXP 	window1: recordFrameIntervals = True
116.5684 	DATA 	Keypress: space
116.7942 	EXP 	New trial (rep=11, index=0): None
116.7960 	EXP 	Sound probe started
116.8220 	EXP 	text_2: autoDraw = False
116.8220 	EXP 	text_2: autoDraw = False
117.0127 	EXP 	Sound probe reached end of file
117.0134 	EXP 	window1: recordFrameIntervals = False
117.0454 	EXP 	text_2: autoDraw = True
117.0467 	EXP 	window1: recordFrameIntervals = True
118.8726 	DATA 	Keypress: space
119.0960 	EXP 	New trial (rep=12, index=0): None
119.0969 	EXP 	Sound probe started
119.1235 	EXP 	text_2: autoDraw = False
119.1235 	EXP 	text_2: autoDraw = False
119.3131 	EXP 	Sound probe reached end of file
119.3140 	EXP 	window1: recordFrameIntervals = False
119.3350 	EXP 	text_2: autoDraw = True
119.3362 	EXP 	window1: recordFrameIntervals = True
120.4227 	DATA 	Keypress: space
120.6460 	EXP 	New trial (rep=13, index=0): None
120.6471 	EXP 	Sound probe started
120.6737 	EXP 	text_2: autoDraw = False
120.6737 	EXP 	text_2: autoDraw = False
120.8610 	EXP 	Sound probe reached end of file
120.8628 	EXP 	window1: recordFrameIntervals = False
120.8916 	EXP 	text_2: autoDraw = True
120.8929 	EXP 	window1: recordFrameIntervals = True
123.4952 	DATA 	Keypress: space
123.7198 	EXP 	New trial (rep=14, index=0): None
123.7210 	EXP 	Sound probe started
123.7481 	EXP 	text_2: autoDraw = False
123.7481 	EXP 	text_2: autoDraw = False
123.9410 	EXP 	Sound probe reached end of file
123.9415 	EXP 	window1: recordFrameIntervals = False
123.9625 	EXP 	text_2: autoDraw = True
123.9637 	EXP 	window1: recordFrameIntervals = True
124.9306 	DATA 	Keypress: space
125.1808 	EXP 	text_2: autoDraw = False
125.1808 	EXP 	text_2: autoDraw = False
125.1808 	EXP 	break_txt: autoDraw = True
126.1242 	EXP 	New trial (rep=4, index=0): None
128.3633 	DATA 	Keypress: space
128.3792 	EXP 	break_txt: autoDraw = False
128.3792 	EXP 	text: height = 0.05
128.3792 	EXP 	text: height = 0.05
128.3792 	EXP 	text: text = 'RYTHME'
128.3792 	EXP 	text: autoDraw = True
129.3590 	EXP 	Created sequence: sequential, trialTypes=1, nReps=14, seed=None
129.3595 	EXP 	New trial (rep=0, index=0): None
129.3645 	EXP 	Sound probe started
129.3857 	EXP 	text: autoDraw = False
129.3857 	EXP 	text: autoDraw = False
129.5807 	EXP 	Sound probe reached end of file
129.5812 	EXP 	window1: recordFrameIntervals = False
129.5978 	EXP 	text_2: autoDraw = True
129.5991 	EXP 	window1: recordFrameIntervals = True
132.4129 	EXP 	New trial (rep=1, index=0): None
132.4139 	EXP 	Sound probe started
132.4409 	EXP 	text_2: autoDraw = False
132.4409 	EXP 	text_2: autoDraw = False
132.6290 	EXP 	Sound probe reached end of file
132.6295 	EXP 	window1: recordFrameIntervals = False
132.6507 	EXP 	text_2: autoDraw = True
132.6519 	EXP 	window1: recordFrameIntervals = True
135.2369 	DATA 	Keypress: space
135.4603 	EXP 	New trial (rep=2, index=0): None
135.4613 	EXP 	Sound probe started
135.4861 	EXP 	text_2: autoDraw = False
135.4861 	EXP 	text_2: autoDraw = False
135.6809 	EXP 	Sound probe reached end of file
135.6829 	EXP 	window1: recordFrameIntervals = False
135.7060 	EXP 	text_2: autoDraw = True
135.7074 	EXP 	window1: recordFrameIntervals = True
138.5157 	EXP 	New trial (rep=3, index=0): None
138.5167 	EXP 	Sound probe started
138.5429 	EXP 	text_2: autoDraw = False
138.5429 	EXP 	text_2: autoDraw = False
138.7290 	EXP 	Sound probe reached end of file
138.7310 	EXP 	window1: recordFrameIntervals = False
138.7551 	EXP 	text_2: autoDraw = True
138.7563 	EXP 	window1: recordFrameIntervals = True
141.5670 	EXP 	New trial (rep=4, index=0): None
141.5697 	EXP 	Sound probe started
141.5887 	EXP 	text_2: autoDraw = False
141.5887 	EXP 	text_2: autoDraw = False
141.7811 	EXP 	Sound probe stopped
141.7827 	EXP 	window1: recordFrameIntervals = False
141.8035 	EXP 	text_2: autoDraw = True
141.8047 	EXP 	window1: recordFrameIntervals = True
144.3912 	DATA 	Keypress: space
144.6176 	EXP 	New trial (rep=5, index=0): None
144.6211 	EXP 	Sound probe started
144.6412 	EXP 	text_2: autoDraw = False
144.6412 	EXP 	text_2: autoDraw = False
144.8289 	EXP 	Sound probe stopped
144.8293 	EXP 	window1: recordFrameIntervals = False
144.8603 	EXP 	text_2: autoDraw = True
144.8616 	EXP 	window1: recordFrameIntervals = True
147.6614 	EXP 	New trial (rep=6, index=0): None
147.6624 	EXP 	Sound probe started
147.6892 	EXP 	text_2: autoDraw = False
147.6892 	EXP 	text_2: autoDraw = False
147.8811 	EXP 	Sound probe reached end of file
147.8816 	EXP 	window1: recordFrameIntervals = False
147.9090 	EXP 	text_2: autoDraw = True
147.9102 	EXP 	window1: recordFrameIntervals = True
150.7134 	EXP 	New trial (rep=7, index=0): None
150.7143 	EXP 	Sound probe started
150.7394 	EXP 	text_2: autoDraw = False
150.7394 	EXP 	text_2: autoDraw = False
150.9292 	EXP 	Sound probe reached end of file
150.9308 	EXP 	window1: recordFrameIntervals = False
150.9525 	EXP 	text_2: autoDraw = True
150.9538 	EXP 	window1: recordFrameIntervals = True
153.7641 	EXP 	New trial (rep=8, index=0): None
153.7651 	EXP 	Sound probe started
153.7914 	EXP 	text_2: autoDraw = False
153.7914 	EXP 	text_2: autoDraw = False
153.9772 	EXP 	Sound probe reached end of file
153.9791 	EXP 	window1: recordFrameIntervals = False
154.0036 	EXP 	text_2: autoDraw = True
154.0048 	EXP 	window1: recordFrameIntervals = True
156.8128 	EXP 	New trial (rep=9, index=0): None
156.8158 	EXP 	Sound probe started
156.8400 	EXP 	text_2: autoDraw = False
156.8400 	EXP 	text_2: autoDraw = False
157.0290 	EXP 	Sound probe reached end of file
157.0313 	EXP 	window1: recordFrameIntervals = False
157.0575 	EXP 	text_2: autoDraw = True
157.0587 	EXP 	window1: recordFrameIntervals = True
159.8624 	EXP 	New trial (rep=10, index=0): None
159.8650 	EXP 	Sound probe started
159.8886 	EXP 	text_2: autoDraw = False
159.8886 	EXP 	text_2: autoDraw = False
160.0769 	EXP 	Sound probe reached end of file
160.0773 	EXP 	window1: recordFrameIntervals = False
160.1045 	EXP 	text_2: autoDraw = True
160.1058 	EXP 	window1: recordFrameIntervals = True
162.6851 	DATA 	Keypress: space
162.9088 	EXP 	New trial (rep=11, index=0): None
162.9098 	EXP 	Sound probe started
162.9356 	EXP 	text_2: autoDraw = False
162.9356 	EXP 	text_2: autoDraw = False
163.1290 	EXP 	Sound probe reached end of file
163.1294 	EXP 	window1: recordFrameIntervals = False
163.1499 	EXP 	text_2: autoDraw = True
163.1515 	EXP 	window1: recordFrameIntervals = True
165.9618 	EXP 	New trial (rep=12, index=0): None
165.9630 	EXP 	Sound probe started
165.9889 	EXP 	text_2: autoDraw = False
165.9889 	EXP 	text_2: autoDraw = False
166.1770 	EXP 	Sound probe reached end of file
166.1791 	EXP 	window1: recordFrameIntervals = False
166.2045 	EXP 	text_2: autoDraw = True
166.2058 	EXP 	window1: recordFrameIntervals = True
169.0178 	EXP 	New trial (rep=13, index=0): None
169.0189 	EXP 	Sound probe started
169.0393 	EXP 	text_2: autoDraw = False
169.0393 	EXP 	text_2: autoDraw = False
169.2366 	EXP 	Sound probe reached end of file
169.2371 	EXP 	window1: recordFrameIntervals = False
169.2579 	EXP 	text_2: autoDraw = True
169.2590 	EXP 	window1: recordFrameIntervals = True
171.8459 	DATA 	Keypress: space
172.0960 	EXP 	text_2: autoDraw = False
172.0960 	EXP 	text_2: autoDraw = False
172.0960 	EXP 	break_txt: autoDraw = True
173.2467 	EXP 	New trial (rep=5, index=0): None
175.7493 	DATA 	Keypress: space
175.7657 	EXP 	break_txt: autoDraw = False
175.7657 	EXP 	text: text = 'RYTHME'
175.7657 	EXP 	text: autoDraw = True
176.7478 	EXP 	Created sequence: sequential, trialTypes=1, nReps=9, seed=None
176.7479 	EXP 	New trial (rep=0, index=0): None
176.7492 	EXP 	Sound probe started
176.7800 	EXP 	text: autoDraw = False
176.7800 	EXP 	text: autoDraw = False
176.9685 	EXP 	Sound probe reached end of file
176.9706 	EXP 	window1: recordFrameIntervals = False
176.9962 	EXP 	text_2: autoDraw = True
176.9987 	EXP 	window1: recordFrameIntervals = True
178.3293 	EXP 	New trial (rep=1, index=0): None
178.3304 	EXP 	Sound probe started
178.3505 	EXP 	text_2: autoDraw = False
178.3505 	EXP 	text_2: autoDraw = False
178.5449 	EXP 	Sound probe reached end of file
178.5453 	EXP 	window1: recordFrameIntervals = False
178.5664 	EXP 	text_2: autoDraw = True
178.5675 	EXP 	window1: recordFrameIntervals = True
179.6730 	DATA 	Keypress: space
179.8977 	EXP 	New trial (rep=2, index=0): None
179.8987 	EXP 	Sound probe started
179.9260 	EXP 	text_2: autoDraw = False
179.9260 	EXP 	text_2: autoDraw = False
180.1169 	EXP 	Sound probe reached end of file
180.1174 	EXP 	window1: recordFrameIntervals = False
180.1382 	EXP 	text_2: autoDraw = True
180.1395 	EXP 	window1: recordFrameIntervals = True
181.2452 	DATA 	Keypress: space
181.4704 	EXP 	New trial (rep=3, index=0): None
181.4739 	EXP 	Sound probe started
181.4959 	EXP 	text_2: autoDraw = False
181.4959 	EXP 	text_2: autoDraw = False
181.6849 	EXP 	Sound probe reached end of file
181.6854 	EXP 	window1: recordFrameIntervals = False
181.7132 	EXP 	text_2: autoDraw = True
181.7146 	EXP 	window1: recordFrameIntervals = True
182.8131 	DATA 	Keypress: space
183.0378 	EXP 	New trial (rep=4, index=0): None
183.0410 	EXP 	Sound probe started
183.0635 	EXP 	text_2: autoDraw = False
183.0635 	EXP 	text_2: autoDraw = False
183.2571 	EXP 	Sound probe reached end of file
183.2593 	EXP 	window1: recordFrameIntervals = False
183.2820 	EXP 	text_2: autoDraw = True
183.2832 	EXP 	window1: recordFrameIntervals = True
184.3868 	DATA 	Keypress: space
184.6188 	EXP 	New trial (rep=5, index=0): None
184.6198 	EXP 	Sound probe started
184.6407 	EXP 	text_2: autoDraw = False
184.6407 	EXP 	text_2: autoDraw = False
184.8368 	EXP 	Sound probe reached end of file
184.8373 	EXP 	window1: recordFrameIntervals = False
184.8582 	EXP 	text_2: autoDraw = True
184.8595 	EXP 	window1: recordFrameIntervals = True
185.9650 	DATA 	Keypress: space
186.1894 	EXP 	New trial (rep=6, index=0): None
186.1903 	EXP 	Sound probe started
186.2160 	EXP 	text_2: autoDraw = False
186.2160 	EXP 	text_2: autoDraw = False
186.4050 	EXP 	Sound probe reached end of file
186.4054 	EXP 	window1: recordFrameIntervals = False
186.4337 	EXP 	text_2: autoDraw = True
186.4349 	EXP 	window1: recordFrameIntervals = True
187.5337 	DATA 	Keypress: space
187.7570 	EXP 	New trial (rep=7, index=0): None
187.7580 	EXP 	Sound probe started
187.7845 	EXP 	text_2: autoDraw = False
187.7845 	EXP 	text_2: autoDraw = False
187.9768 	EXP 	Sound probe reached end of file
187.9788 	EXP 	window1: recordFrameIntervals = False
188.0011 	EXP 	text_2: autoDraw = True
188.0024 	EXP 	window1: recordFrameIntervals = True
189.1059 	DATA 	Keypress: space
189.3342 	EXP 	New trial (rep=8, index=0): None
189.3362 	EXP 	Sound probe started
189.3553 	EXP 	text_2: autoDraw = False
189.3553 	EXP 	text_2: autoDraw = False
189.5450 	EXP 	Sound probe reached end of file
189.5472 	EXP 	window1: recordFrameIntervals = False
189.5753 	EXP 	text_2: autoDraw = True
189.5768 	EXP 	window1: recordFrameIntervals = True
190.6743 	DATA 	Keypress: space
190.9230 	EXP 	text_2: autoDraw = False
190.9230 	EXP 	text_2: autoDraw = False
190.9230 	EXP 	break_txt: autoDraw = True
191.8207 	EXP 	New trial (rep=6, index=0): None
194.0945 	DATA 	Keypress: space
194.1114 	EXP 	break_txt: autoDraw = False
194.1114 	EXP 	text: height = 0.05
194.1114 	EXP 	text: height = 0.05
194.1114 	EXP 	text: text = 'HAUTEUR'
194.1114 	EXP 	text: autoDraw = True
195.0929 	EXP 	Created sequence: sequential, trialTypes=1, nReps=9, seed=None
195.0931 	EXP 	New trial (rep=0, index=0): None
195.0944 	EXP 	Sound probe started
195.1292 	EXP 	text: autoDraw = False
195.1292 	EXP 	text: autoDraw = False
195.3048 	EXP 	Sound probe reached end of file
195.3068 	EXP 	window1: recordFrameIntervals = False
195.3322 	EXP 	text_2: autoDraw = True
195.3335 	EXP 	window1: recordFrameIntervals = True
196.3496 	DATA 	Keypress: space
196.5823 	EXP 	New trial (rep=1, index=0): None
196.5834 	EXP 	Sound probe started
196.6036 	EXP 	text_2: autoDraw = False
196.6036 	EXP 	text_2: autoDraw = False
196.7967 	EXP 	Sound probe reached end of file
196.7972 	EXP 	window1: recordFrameIntervals = False
196.8171 	EXP 	text_2: autoDraw = True
196.8193 	EXP 	window1: recordFrameIntervals = True
198.0944 	EXP 	New trial (rep=2, index=0): None
198.0956 	EXP 	Sound probe started
198.1156 	EXP 	text_2: autoDraw = False
198.1156 	EXP 	text_2: autoDraw = False
198.3048 	EXP 	Sound probe reached end of file
198.3066 	EXP 	window1: recordFrameIntervals = False
198.3292 	EXP 	text_2: autoDraw = True
198.3305 	EXP 	window1: recordFrameIntervals = True
200.4575 	DATA 	Keypress: space
200.6817 	EXP 	New trial (rep=3, index=0): None
200.6826 	EXP 	Sound probe started
200.7084 	EXP 	text_2: autoDraw = False
200.7084 	EXP 	text_2: autoDraw = False
200.8929 	EXP 	Sound probe reached end of file
200.8950 	EXP 	window1: recordFrameIntervals = False
200.9194 	EXP 	text_2: autoDraw = True
200.9207 	EXP 	window1: recordFrameIntervals = True
202.3476 	DATA 	Keypress: space
202.5729 	EXP 	New trial (rep=4, index=0): None
202.5746 	EXP 	Sound probe started
202.6012 	EXP 	text_2: autoDraw = False
202.6012 	EXP 	text_2: autoDraw = False
202.7931 	EXP 	Sound probe reached end of file
202.7950 	EXP 	window1: recordFrameIntervals = False
202.8224 	EXP 	text_2: autoDraw = True
202.8272 	EXP 	window1: recordFrameIntervals = True
203.9750 	DATA 	Keypress: space
204.2081 	EXP 	New trial (rep=5, index=0): None
204.2095 	EXP 	Sound probe started
204.2292 	EXP 	text_2: autoDraw = False
204.2292 	EXP 	text_2: autoDraw = False
204.4250 	EXP 	Sound probe reached end of file
204.4254 	EXP 	window1: recordFrameIntervals = False
204.4460 	EXP 	text_2: autoDraw = True
204.4472 	EXP 	window1: recordFrameIntervals = True
205.7139 	DATA 	Keypress: space
205.9385 	EXP 	New trial (rep=6, index=0): None
205.9395 	EXP 	Sound probe started
205.9644 	EXP 	text_2: autoDraw = False
205.9644 	EXP 	text_2: autoDraw = False
206.1530 	EXP 	Sound probe reached end of file
206.1549 	EXP 	window1: recordFrameIntervals = False
206.1773 	EXP 	text_2: autoDraw = True
206.1787 	EXP 	window1: recordFrameIntervals = True
207.5627 	EXP 	New trial (rep=7, index=0): None
207.5660 	EXP 	Sound probe started
207.5895 	EXP 	text_2: autoDraw = False
207.5895 	EXP 	text_2: autoDraw = False
207.7849 	EXP 	Sound probe reached end of file
207.7871 	EXP 	window1: recordFrameIntervals = False
207.8108 	EXP 	text_2: autoDraw = True
207.8121 	EXP 	window1: recordFrameIntervals = True
208.7558 	DATA 	Keypress: space
208.9791 	EXP 	New trial (rep=8, index=0): None
208.9800 	EXP 	Sound probe started
209.0070 	EXP 	text_2: autoDraw = False
209.0070 	EXP 	text_2: autoDraw = False
209.1928 	EXP 	Sound probe reached end of file
209.1933 	EXP 	window1: recordFrameIntervals = False
209.2226 	EXP 	text_2: autoDraw = True
209.2237 	EXP 	window1: recordFrameIntervals = True
210.2692 	DATA 	Keypress: space
210.5196 	EXP 	text_2: autoDraw = False
210.5196 	EXP 	text_2: autoDraw = False
210.5196 	EXP 	break_txt: autoDraw = True
211.5992 	EXP 	New trial (rep=7, index=0): None
216.4155 	DATA 	Keypress: space
216.4157 	DATA 	Keypress: space
216.4318 	EXP 	break_txt: autoDraw = False
216.4318 	EXP 	text: height = 0.05
216.4318 	EXP 	text: height = 0.05
216.4318 	EXP 	text: text = 'RYTHME\n\nHAUTEUR'
216.4318 	EXP 	text: autoDraw = True
217.4344 	EXP 	Created sequence: sequential, trialTypes=1, nReps=10, seed=None
217.4345 	EXP 	New trial (rep=0, index=0): None
217.4357 	EXP 	Sound probe started
217.4661 	EXP 	text: autoDraw = False
217.4661 	EXP 	text: autoDraw = False
217.6528 	EXP 	Sound probe reached end of file
217.6532 	EXP 	window1: recordFrameIntervals = False
217.6825 	EXP 	text_2: autoDraw = True
217.6836 	EXP 	window1: recordFrameIntervals = True
219.4628 	DATA 	Keypress: space
219.6886 	EXP 	New trial (rep=1, index=0): None
219.6896 	EXP 	Sound probe started
219.7175 	EXP 	text_2: autoDraw = False
219.7175 	EXP 	text_2: autoDraw = False
219.9048 	EXP 	Sound probe reached end of file
219.9053 	EXP 	window1: recordFrameIntervals = False
219.9315 	EXP 	text_2: autoDraw = True
219.9326 	EXP 	window1: recordFrameIntervals = True
221.7149 	DATA 	Keypress: space
221.9405 	EXP 	New trial (rep=2, index=0): None
221.9415 	EXP 	Sound probe started
221.9687 	EXP 	text_2: autoDraw = False
221.9687 	EXP 	text_2: autoDraw = False
222.1529 	EXP 	Sound probe reached end of file
222.1534 	EXP 	window1: recordFrameIntervals = False
222.1806 	EXP 	text_2: autoDraw = True
222.1818 	EXP 	window1: recordFrameIntervals = True
223.9633 	DATA 	Keypress: space
224.1952 	EXP 	New trial (rep=3, index=0): None
224.1964 	EXP 	Sound probe started
224.2163 	EXP 	text_2: autoDraw = False
224.2163 	EXP 	text_2: autoDraw = False
224.4129 	EXP 	Sound probe reached end of file
224.4134 	EXP 	window1: recordFrameIntervals = False
224.4346 	EXP 	text_2: autoDraw = True
224.4358 	EXP 	window1: recordFrameIntervals = True
226.2233 	DATA 	Keypress: space
226.4493 	EXP 	New trial (rep=4, index=0): None
226.4519 	EXP 	Sound probe started
226.4757 	EXP 	text_2: autoDraw = False
226.4757 	EXP 	text_2: autoDraw = False
226.6609 	EXP 	Sound probe reached end of file
226.6614 	EXP 	window1: recordFrameIntervals = False
226.6875 	EXP 	text_2: autoDraw = True
226.6886 	EXP 	window1: recordFrameIntervals = True
228.4710 	DATA 	Keypress: space
228.6963 	EXP 	New trial (rep=5, index=0): None
228.6973 	EXP 	Sound probe started
228.7227 	EXP 	text_2: autoDraw = False
228.7227 	EXP 	text_2: autoDraw = False
228.9128 	EXP 	Sound probe reached end of file
228.9132 	EXP 	window1: recordFrameIntervals = False
228.9391 	EXP 	text_2: autoDraw = True
228.9402 	EXP 	window1: recordFrameIntervals = True
230.7245 	DATA 	Keypress: space
230.9493 	EXP 	New trial (rep=6, index=0): None
230.9503 	EXP 	Sound probe started
230.9772 	EXP 	text_2: autoDraw = False
230.9772 	EXP 	text_2: autoDraw = False
231.1610 	EXP 	Sound probe reached end of file
231.1627 	EXP 	window1: recordFrameIntervals = False
231.1817 	EXP 	text_2: autoDraw = True
231.1830 	EXP 	window1: recordFrameIntervals = True
232.9722 	DATA 	Keypress: space
233.1977 	EXP 	New trial (rep=7, index=0): None
233.1986 	EXP 	Sound probe started
233.2252 	EXP 	text_2: autoDraw = False
233.2252 	EXP 	text_2: autoDraw = False
233.4128 	EXP 	Sound probe reached end of file
233.4148 	EXP 	window1: recordFrameIntervals = False
233.4392 	EXP 	text_2: autoDraw = True
233.4413 	EXP 	window1: recordFrameIntervals = True
235.2244 	DATA 	Keypress: space
235.4574 	EXP 	New trial (rep=8, index=0): None
235.4584 	EXP 	Sound probe started
235.4783 	EXP 	text_2: autoDraw = False
235.4783 	EXP 	text_2: autoDraw = False
235.6727 	EXP 	Sound probe reached end of file
235.6731 	EXP 	window1: recordFrameIntervals = False
235.7014 	EXP 	text_2: autoDraw = True
235.7026 	EXP 	window1: recordFrameIntervals = True
237.4839 	DATA 	Keypress: space
237.4845 	DATA 	Keypress: space
237.7094 	EXP 	New trial (rep=9, index=0): None
237.7102 	EXP 	Sound probe started
237.7376 	EXP 	text_2: autoDraw = False
237.7376 	EXP 	text_2: autoDraw = False
237.9208 	EXP 	Sound probe reached end of file
237.9213 	EXP 	window1: recordFrameIntervals = False
237.9481 	EXP 	text_2: autoDraw = True
237.9493 	EXP 	window1: recordFrameIntervals = True
239.9833 	EXP 	text_2: autoDraw = False
239.9833 	EXP 	text_2: autoDraw = False
239.9833 	EXP 	break_txt: autoDraw = True
245.4047 	EXP 	New trial (rep=8, index=0): None
248.7388 	DATA 	Keypress: space
248.7556 	EXP 	break_txt: autoDraw = False
248.7556 	EXP 	text: height = 0.05
248.7556 	EXP 	text: height = 0.05
248.7556 	EXP 	text: text = 'HAUTEUR'
248.7556 	EXP 	text: autoDraw = True
249.7585 	EXP 	Created sequence: sequential, trialTypes=1, nReps=15, seed=None
249.7588 	EXP 	New trial (rep=0, index=0): None
249.7632 	EXP 	Sound probe started
249.7893 	EXP 	text: autoDraw = False
249.7893 	EXP 	text: autoDraw = False
249.9729 	EXP 	Sound probe stopped
249.9749 	EXP 	window1: recordFrameIntervals = False
249.9978 	EXP 	text_2: autoDraw = True
249.9991 	EXP 	window1: recordFrameIntervals = True
250.8117 	DATA 	Keypress: space
251.0373 	EXP 	New trial (rep=1, index=0): None
251.0381 	EXP 	Sound probe started
251.0632 	EXP 	text_2: autoDraw = False
251.0632 	EXP 	text_2: autoDraw = False
251.2488 	EXP 	Sound probe reached end of file
251.2492 	EXP 	window1: recordFrameIntervals = False
251.2789 	EXP 	text_2: autoDraw = True
251.2801 	EXP 	window1: recordFrameIntervals = True
253.5029 	EXP 	New trial (rep=2, index=0): None
253.5039 	EXP 	Sound probe started
253.5299 	EXP 	text_2: autoDraw = False
253.5299 	EXP 	text_2: autoDraw = False
253.7209 	EXP 	Sound probe reached end of file
253.7219 	EXP 	window1: recordFrameIntervals = False
253.7425 	EXP 	text_2: autoDraw = True
253.7437 	EXP 	window1: recordFrameIntervals = True
255.9552 	DATA 	Keypress: space
256.1809 	EXP 	New trial (rep=3, index=0): None
256.1837 	EXP 	Sound probe started
256.2081 	EXP 	text_2: autoDraw = False
256.2081 	EXP 	text_2: autoDraw = False
256.4009 	EXP 	Sound probe reached end of file
256.4027 	EXP 	window1: recordFrameIntervals = False
256.4234 	EXP 	text_2: autoDraw = True
256.4246 	EXP 	window1: recordFrameIntervals = True
258.4993 	DATA 	Keypress: space
258.7319 	EXP 	New trial (rep=4, index=0): None
258.7336 	EXP 	Sound probe started
258.7537 	EXP 	text_2: autoDraw = False
258.7537 	EXP 	text_2: autoDraw = False
258.9488 	EXP 	Sound probe reached end of file
258.9493 	EXP 	window1: recordFrameIntervals = False
258.9700 	EXP 	text_2: autoDraw = True
258.9713 	EXP 	window1: recordFrameIntervals = True
260.5227 	DATA 	Keypress: space
260.7501 	EXP 	New trial (rep=5, index=0): None
260.7511 	EXP 	Sound probe started
260.7787 	EXP 	text_2: autoDraw = False
260.7787 	EXP 	text_2: autoDraw = False
260.9688 	EXP 	Sound probe reached end of file
260.9698 	EXP 	window1: recordFrameIntervals = False
260.9948 	EXP 	text_2: autoDraw = True
260.9961 	EXP 	window1: recordFrameIntervals = True
263.5444 	DATA 	Keypress: space
263.7699 	EXP 	New trial (rep=6, index=0): None
263.7709 	EXP 	Sound probe started
263.7996 	EXP 	text_2: autoDraw = False
263.7996 	EXP 	text_2: autoDraw = False
263.9889 	EXP 	Sound probe reached end of file
263.9907 	EXP 	window1: recordFrameIntervals = False
264.0188 	EXP 	text_2: autoDraw = True
264.0201 	EXP 	window1: recordFrameIntervals = True
265.1806 	DATA 	Keypress: space
265.4079 	EXP 	New trial (rep=7, index=0): None
265.4116 	EXP 	Sound probe started
265.4336 	EXP 	text_2: autoDraw = False
265.4336 	EXP 	text_2: autoDraw = False
265.6287 	EXP 	Sound probe reached end of file
265.6291 	EXP 	window1: recordFrameIntervals = False
265.6503 	EXP 	text_2: autoDraw = True
265.6516 	EXP 	window1: recordFrameIntervals = True
267.9964 	DATA 	Keypress: space
268.2222 	EXP 	New trial (rep=8, index=0): None
268.2232 	EXP 	Sound probe started
268.2502 	EXP 	text_2: autoDraw = False
268.2502 	EXP 	text_2: autoDraw = False
268.4407 	EXP 	Sound probe reached end of file
268.4411 	EXP 	window1: recordFrameIntervals = False
268.4668 	EXP 	text_2: autoDraw = True
268.4679 	EXP 	window1: recordFrameIntervals = True
271.3902 	EXP 	New trial (rep=9, index=0): None
271.3912 	EXP 	Sound probe started
271.4168 	EXP 	text_2: autoDraw = False
271.4168 	EXP 	text_2: autoDraw = False
271.6088 	EXP 	Sound probe reached end of file
271.6092 	EXP 	window1: recordFrameIntervals = False
271.6414 	EXP 	text_2: autoDraw = True
271.6428 	EXP 	window1: recordFrameIntervals = True
274.5449 	EXP 	New trial (rep=10, index=0): None
274.5459 	EXP 	Sound probe started
274.5712 	EXP 	text_2: autoDraw = False
274.5712 	EXP 	text_2: autoDraw = False
274.7609 	EXP 	Sound probe reached end of file
274.7615 	EXP 	window1: recordFrameIntervals = False
274.7823 	EXP 	text_2: autoDraw = True
274.7837 	EXP 	window1: recordFrameIntervals = True
275.9008 	EXP 	New trial (rep=11, index=0): None
275.9020 	EXP 	Sound probe started
275.9218 	EXP 	text_2: autoDraw = False
275.9218 	EXP 	text_2: autoDraw = False
276.1165 	EXP 	Sound probe reached end of file
276.1170 	EXP 	window1: recordFrameIntervals = False
276.1367 	EXP 	text_2: autoDraw = True
276.1378 	EXP 	window1: recordFrameIntervals = True
277.7350 	EXP 	New trial (rep=12, index=0): None
277.7362 	EXP 	Sound probe started
277.7562 	EXP 	text_2: autoDraw = False
277.7562 	EXP 	text_2: autoDraw = False
277.9487 	EXP 	Sound probe reached end of file
277.9492 	EXP 	window1: recordFrameIntervals = False
277.9700 	EXP 	text_2: autoDraw = True
277.9710 	EXP 	window1: recordFrameIntervals = True
279.5904 	EXP 	New trial (rep=13, index=0): None
279.5947 	EXP 	Sound probe started
279.6173 	EXP 	text_2: autoDraw = False
279.6173 	EXP 	text_2: autoDraw = False
279.8089 	EXP 	Sound probe reached end of file
279.8109 	EXP 	window1: recordFrameIntervals = False
279.8316 	EXP 	text_2: autoDraw = True
279.8329 	EXP 	window1: recordFrameIntervals = True
282.7889 	EXP 	New trial (rep=14, index=0): None
282.7899 	EXP 	Sound probe started
282.8180 	EXP 	text_2: autoDraw = False
282.8180 	EXP 	text_2: autoDraw = False
283.0088 	EXP 	Sound probe reached end of file
283.0103 	EXP 	window1: recordFrameIntervals = False
283.0346 	EXP 	text_2: autoDraw = True
283.0358 	EXP 	window1: recordFrameIntervals = True
284.4086 	DATA 	Keypress: space
284.6618 	EXP 	text_2: autoDraw = False
284.6618 	EXP 	text_2: autoDraw = False
284.6618 	EXP 	break_txt: autoDraw = True
285.4473 	EXP 	New trial (rep=9, index=0): None
291.5260 	DATA 	Keypress: space
291.5261 	DATA 	Keypress: space
291.5421 	EXP 	break_txt: autoDraw = False
291.5421 	EXP 	text: height = 0.05
291.5421 	EXP 	text: height = 0.05
291.5421 	EXP 	text: text = 'RYTHME\n\nHAUTEUR'
291.5421 	EXP 	text: autoDraw = True
292.5285 	EXP 	Created sequence: sequential, trialTypes=1, nReps=13, seed=None
292.5287 	EXP 	New trial (rep=0, index=0): None
292.5298 	EXP 	Sound probe started
292.5587 	EXP 	text: autoDraw = False
292.5587 	EXP 	text: autoDraw = False
292.7495 	EXP 	Sound probe reached end of file
292.7500 	EXP 	window1: recordFrameIntervals = False
292.7822 	EXP 	text_2: autoDraw = True
292.7834 	EXP 	window1: recordFrameIntervals = True
295.3486 	DATA 	Keypress: space
295.5856 	EXP 	New trial (rep=1, index=0): None
295.5867 	EXP 	Sound probe started
295.6077 	EXP 	text_2: autoDraw = False
295.6077 	EXP 	text_2: autoDraw = False
295.7968 	EXP 	Sound probe reached end of file
295.7990 	EXP 	window1: recordFrameIntervals = False
295.8209 	EXP 	text_2: autoDraw = True
295.8221 	EXP 	window1: recordFrameIntervals = True
298.3977 	DATA 	Keypress: space
298.6249 	EXP 	New trial (rep=2, index=0): None
298.6272 	EXP 	Sound probe started
298.6528 	EXP 	text_2: autoDraw = False
298.6528 	EXP 	text_2: autoDraw = False
298.8368 	EXP 	Sound probe reached end of file
298.8372 	EXP 	window1: recordFrameIntervals = False
298.8671 	EXP 	text_2: autoDraw = True
298.8686 	EXP 	window1: recordFrameIntervals = True
301.4361 	DATA 	Keypress: space
301.6643 	EXP 	New trial (rep=3, index=0): None
301.6681 	EXP 	Sound probe started
301.6890 	EXP 	text_2: autoDraw = False
301.6890 	EXP 	text_2: autoDraw = False
301.8848 	EXP 	Sound probe reached end of file
301.8869 	EXP 	window1: recordFrameIntervals = False
301.9094 	EXP 	text_2: autoDraw = True
301.9106 	EXP 	window1: recordFrameIntervals = True
304.4853 	DATA 	Keypress: space
304.7124 	EXP 	New trial (rep=4, index=0): None
304.7134 	EXP 	Sound probe started
304.7411 	EXP 	text_2: autoDraw = False
304.7411 	EXP 	text_2: autoDraw = False
304.9248 	EXP 	Sound probe reached end of file
304.9253 	EXP 	window1: recordFrameIntervals = False
304.9526 	EXP 	text_2: autoDraw = True
304.9538 	EXP 	window1: recordFrameIntervals = True
307.5245 	DATA 	Keypress: space
307.7565 	EXP 	New trial (rep=5, index=0): None
307.7601 	EXP 	Sound probe started
307.7796 	EXP 	text_2: autoDraw = False
307.7796 	EXP 	text_2: autoDraw = False
307.9766 	EXP 	Sound probe reached end of file
307.9786 	EXP 	window1: recordFrameIntervals = False
308.0005 	EXP 	text_2: autoDraw = True
308.0019 	EXP 	window1: recordFrameIntervals = True
310.5779 	DATA 	Keypress: space
310.8065 	EXP 	New trial (rep=6, index=0): None
310.8100 	EXP 	Sound probe started
310.8317 	EXP 	text_2: autoDraw = False
310.8317 	EXP 	text_2: autoDraw = False
311.0247 	EXP 	Sound probe reached end of file
311.0264 	EXP 	window1: recordFrameIntervals = False
311.0476 	EXP 	text_2: autoDraw = True
311.0488 	EXP 	window1: recordFrameIntervals = True
313.6249 	DATA 	Keypress: space
313.8547 	EXP 	New trial (rep=7, index=0): None
313.8557 	EXP 	Sound probe started
313.8841 	EXP 	text_2: autoDraw = False
313.8841 	EXP 	text_2: autoDraw = False
314.0647 	EXP 	Sound probe reached end of file
314.0652 	EXP 	window1: recordFrameIntervals = False
314.0924 	EXP 	text_2: autoDraw = True
314.0938 	EXP 	window1: recordFrameIntervals = True
316.6639 	DATA 	Keypress: space
316.8913 	EXP 	New trial (rep=8, index=0): None
316.8923 	EXP 	Sound probe started
316.9202 	EXP 	text_2: autoDraw = False
316.9202 	EXP 	text_2: autoDraw = False
317.1048 	EXP 	Sound probe reached end of file
317.1052 	EXP 	window1: recordFrameIntervals = False
317.1250 	EXP 	text_2: autoDraw = True
317.1262 	EXP 	window1: recordFrameIntervals = True
319.7044 	DATA 	Keypress: space
319.9355 	EXP 	New trial (rep=9, index=0): None
319.9396 	EXP 	Sound probe started
319.9608 	EXP 	text_2: autoDraw = False
319.9608 	EXP 	text_2: autoDraw = False
320.1446 	EXP 	Sound probe stopped
320.1451 	EXP 	window1: recordFrameIntervals = False
320.1724 	EXP 	text_2: autoDraw = True
320.1736 	EXP 	window1: recordFrameIntervals = True
322.7450 	DATA 	Keypress: space
322.9764 	EXP 	New trial (rep=10, index=0): None
322.9775 	EXP 	Sound probe started
322.9970 	EXP 	text_2: autoDraw = False
322.9970 	EXP 	text_2: autoDraw = False
323.1847 	EXP 	Sound probe stopped
323.1864 	EXP 	window1: recordFrameIntervals = False
323.2150 	EXP 	text_2: autoDraw = True
323.2163 	EXP 	window1: recordFrameIntervals = True
325.7853 	DATA 	Keypress: space
326.0204 	EXP 	New trial (rep=11, index=0): None
326.0214 	EXP 	Sound probe started
326.0421 	EXP 	text_2: autoDraw = False
326.0421 	EXP 	text_2: autoDraw = False
326.2326 	EXP 	Sound probe reached end of file
326.2330 	EXP 	window1: recordFrameIntervals = False
326.2532 	EXP 	text_2: autoDraw = True
326.2547 	EXP 	window1: recordFrameIntervals = True
329.0592 	EXP 	New trial (rep=12, index=0): None
329.0636 	EXP 	Sound probe started
329.0865 	EXP 	text_2: autoDraw = False
329.0865 	EXP 	text_2: autoDraw = False
329.2727 	EXP 	Sound probe reached end of file
329.2730 	EXP 	window1: recordFrameIntervals = False
329.3058 	EXP 	text_2: autoDraw = True
329.3070 	EXP 	window1: recordFrameIntervals = True
331.8717 	DATA 	Keypress: space
332.1253 	EXP 	text_2: autoDraw = False
332.1253 	EXP 	text_2: autoDraw = False
332.1253 	EXP 	break_txt: autoDraw = True
333.0287 	DATA 	Keypress: space
333.0588 	EXP 	New trial (rep=10, index=0): None
336.1258 	EXP 	break_txt: autoDraw = False
336.1258 	EXP 	text: height = 0.05
336.1258 	EXP 	text: height = 0.05
336.1258 	EXP 	text: text = 'HAUTEUR'
336.1258 	EXP 	text: autoDraw = True
337.1314 	EXP 	Created sequence: sequential, trialTypes=1, nReps=15, seed=None
337.1316 	EXP 	New trial (rep=0, index=0): None
337.1327 	EXP 	Sound probe started
337.1641 	EXP 	text: autoDraw = False
337.1641 	EXP 	text: autoDraw = False
337.3445 	EXP 	Sound probe stopped
337.3463 	EXP 	window1: recordFrameIntervals = False
337.3745 	EXP 	text_2: autoDraw = True
337.3757 	EXP 	window1: recordFrameIntervals = True
339.1250 	DATA 	Keypress: space
339.3579 	EXP 	New trial (rep=1, index=0): None
339.3606 	EXP 	Sound probe started
339.3801 	EXP 	text_2: autoDraw = False
339.3801 	EXP 	text_2: autoDraw = False
339.5728 	EXP 	Sound probe reached end of file
339.5749 	EXP 	window1: recordFrameIntervals = False
339.5989 	EXP 	text_2: autoDraw = True
339.6002 	EXP 	window1: recordFrameIntervals = True
341.8704 	DATA 	Keypress: space
342.0996 	EXP 	New trial (rep=2, index=0): None
342.1006 	EXP 	Sound probe started
342.1257 	EXP 	text_2: autoDraw = False
342.1257 	EXP 	text_2: autoDraw = False
342.3127 	EXP 	Sound probe reached end of file
342.3131 	EXP 	window1: recordFrameIntervals = False
342.3407 	EXP 	text_2: autoDraw = True
342.3419 	EXP 	window1: recordFrameIntervals = True
343.5462 	DATA 	Keypress: space
343.7778 	EXP 	New trial (rep=3, index=0): None
343.7815 	EXP 	Sound probe started
343.8019 	EXP 	text_2: autoDraw = False
343.8019 	EXP 	text_2: autoDraw = False
343.9928 	EXP 	Sound probe reached end of file
343.9951 	EXP 	window1: recordFrameIntervals = False
344.0199 	EXP 	text_2: autoDraw = True
344.0212 	EXP 	window1: recordFrameIntervals = True
345.4211 	EXP 	New trial (rep=4, index=0): None
345.4223 	EXP 	Sound probe started
345.4428 	EXP 	text_2: autoDraw = False
345.4428 	EXP 	text_2: autoDraw = False
345.6327 	EXP 	Sound probe reached end of file
345.6346 	EXP 	window1: recordFrameIntervals = False
345.6559 	EXP 	text_2: autoDraw = True
345.6571 	EXP 	window1: recordFrameIntervals = True
346.8282 	DATA 	Keypress: space
347.0575 	EXP 	New trial (rep=5, index=0): None
347.0587 	EXP 	Sound probe started
347.0869 	EXP 	text_2: autoDraw = False
347.0869 	EXP 	text_2: autoDraw = False
347.2727 	EXP 	Sound probe reached end of file
347.2733 	EXP 	window1: recordFrameIntervals = False
347.3054 	EXP 	text_2: autoDraw = True
347.3066 	EXP 	window1: recordFrameIntervals = True
348.4885 	DATA 	Keypress: space
348.7211 	EXP 	New trial (rep=6, index=0): None
348.7222 	EXP 	Sound probe started
348.7423 	EXP 	text_2: autoDraw = False
348.7423 	EXP 	text_2: autoDraw = False
348.9328 	EXP 	Sound probe reached end of file
348.9350 	EXP 	window1: recordFrameIntervals = False
348.9594 	EXP 	text_2: autoDraw = True
348.9606 	EXP 	window1: recordFrameIntervals = True
350.6864 	DATA 	Keypress: space
350.9164 	EXP 	New trial (rep=7, index=0): None
350.9201 	EXP 	Sound probe started
350.9410 	EXP 	text_2: autoDraw = False
350.9410 	EXP 	text_2: autoDraw = False
351.1327 	EXP 	Sound probe reached end of file
351.1344 	EXP 	window1: recordFrameIntervals = False
351.1567 	EXP 	text_2: autoDraw = True
351.1579 	EXP 	window1: recordFrameIntervals = True
352.4975 	DATA 	Keypress: space
352.7350 	EXP 	New trial (rep=8, index=0): None
352.7363 	EXP 	Sound probe started
352.7554 	EXP 	text_2: autoDraw = False
352.7554 	EXP 	text_2: autoDraw = False
352.9407 	EXP 	Sound probe stopped
352.9427 	EXP 	window1: recordFrameIntervals = False
352.9640 	EXP 	text_2: autoDraw = True
352.9653 	EXP 	window1: recordFrameIntervals = True
353.9253 	DATA 	Keypress: space
354.1584 	EXP 	New trial (rep=9, index=0): None
354.1608 	EXP 	Sound probe started
354.1806 	EXP 	text_2: autoDraw = False
354.1806 	EXP 	text_2: autoDraw = False
354.3804 	EXP 	Sound probe reached end of file
354.3809 	EXP 	window1: recordFrameIntervals = False
354.4010 	EXP 	text_2: autoDraw = True
354.4021 	EXP 	window1: recordFrameIntervals = True
356.9849 	DATA 	Keypress: space
357.2215 	EXP 	New trial (rep=10, index=0): None
357.2227 	EXP 	Sound probe started
357.2422 	EXP 	text_2: autoDraw = False
357.2422 	EXP 	text_2: autoDraw = False
357.4329 	EXP 	Sound probe stopped
357.4352 	EXP 	window1: recordFrameIntervals = False
357.4603 	EXP 	text_2: autoDraw = True
357.4616 	EXP 	window1: recordFrameIntervals = True
358.2979 	DATA 	Keypress: space
358.5309 	EXP 	New trial (rep=11, index=0): None
358.5320 	EXP 	Sound probe started
358.5516 	EXP 	text_2: autoDraw = False
358.5516 	EXP 	text_2: autoDraw = False
358.7406 	EXP 	Sound probe reached end of file
358.7422 	EXP 	window1: recordFrameIntervals = False
358.7663 	EXP 	text_2: autoDraw = True
358.7676 	EXP 	window1: recordFrameIntervals = True
361.1113 	EXP 	New trial (rep=12, index=0): None
361.1126 	EXP 	Sound probe started
361.1321 	EXP 	text_2: autoDraw = False
361.1321 	EXP 	text_2: autoDraw = False
361.3208 	EXP 	Sound probe stopped
361.3212 	EXP 	window1: recordFrameIntervals = False
361.3422 	EXP 	text_2: autoDraw = True
361.3434 	EXP 	window1: recordFrameIntervals = True
364.1932 	EXP 	New trial (rep=13, index=0): None
364.1942 	EXP 	Sound probe started
364.2205 	EXP 	text_2: autoDraw = False
364.2205 	EXP 	text_2: autoDraw = False
364.4128 	EXP 	Sound probe reached end of file
364.4133 	EXP 	window1: recordFrameIntervals = False
364.4341 	EXP 	text_2: autoDraw = True
364.4353 	EXP 	window1: recordFrameIntervals = True
367.3235 	EXP 	New trial (rep=14, index=0): None
367.3247 	EXP 	Sound probe started
367.3451 	EXP 	text_2: autoDraw = False
367.3451 	EXP 	text_2: autoDraw = False
367.5327 	EXP 	Sound probe stopped
367.5346 	EXP 	window1: recordFrameIntervals = False
367.5616 	EXP 	text_2: autoDraw = True
367.5628 	EXP 	window1: recordFrameIntervals = True
368.5591 	DATA 	Keypress: space
368.8149 	EXP 	text_2: autoDraw = False
368.8149 	EXP 	text_2: autoDraw = False
368.8149 	EXP 	break_txt: autoDraw = True
369.6327 	EXP 	New trial (rep=11, index=0): None
372.2699 	DATA 	Keypress: space
372.2857 	EXP 	break_txt: autoDraw = False
372.2857 	EXP 	text: height = 0.05
372.2857 	EXP 	text: height = 0.05
372.2857 	EXP 	text: text = 'RYTHME'
372.2857 	EXP 	text: autoDraw = True
373.2691 	EXP 	Created sequence: sequential, trialTypes=1, nReps=10, seed=None
373.2692 	EXP 	New trial (rep=0, index=0): None
373.2704 	EXP 	Sound probe started
373.3020 	EXP 	text: autoDraw = False
373.3020 	EXP 	text: autoDraw = False
373.4805 	EXP 	Sound probe reached end of file
373.4824 	EXP 	window1: recordFrameIntervals = False
373.5097 	EXP 	text_2: autoDraw = True
373.5109 	EXP 	window1: recordFrameIntervals = True
375.1646 	DATA 	Keypress: space
375.3986 	EXP 	New trial (rep=1, index=0): None
375.3998 	EXP 	Sound probe started
375.4199 	EXP 	text_2: autoDraw = False
375.4199 	EXP 	text_2: autoDraw = False
375.6128 	EXP 	Sound probe reached end of file
375.6144 	EXP 	window1: recordFrameIntervals = False
375.6340 	EXP 	text_2: autoDraw = True
375.6352 	EXP 	window1: recordFrameIntervals = True
377.2971 	DATA 	Keypress: space
377.5281 	EXP 	New trial (rep=2, index=0): None
377.5320 	EXP 	Sound probe started
377.5524 	EXP 	text_2: autoDraw = False
377.5524 	EXP 	text_2: autoDraw = False
377.7407 	EXP 	Sound probe stopped
377.7411 	EXP 	window1: recordFrameIntervals = False
377.7628 	EXP 	text_2: autoDraw = True
377.7641 	EXP 	window1: recordFrameIntervals = True
379.4233 	DATA 	Keypress: space
379.6567 	EXP 	New trial (rep=3, index=0): None
379.6578 	EXP 	Sound probe started
379.6789 	EXP 	text_2: autoDraw = False
379.6789 	EXP 	text_2: autoDraw = False
379.8687 	EXP 	Sound probe reached end of file
379.8697 	EXP 	window1: recordFrameIntervals = False
379.8888 	EXP 	text_2: autoDraw = True
379.8900 	EXP 	window1: recordFrameIntervals = True
381.7875 	EXP 	New trial (rep=4, index=0): None
381.7893 	EXP 	Sound probe started
381.8088 	EXP 	text_2: autoDraw = False
381.8088 	EXP 	text_2: autoDraw = False
382.0087 	EXP 	Sound probe reached end of file
382.0091 	EXP 	window1: recordFrameIntervals = False
382.0297 	EXP 	text_2: autoDraw = True
382.0307 	EXP 	window1: recordFrameIntervals = True
383.6917 	DATA 	Keypress: space
383.9250 	EXP 	New trial (rep=5, index=0): None
383.9264 	EXP 	Sound probe started
383.9466 	EXP 	text_2: autoDraw = False
383.9466 	EXP 	text_2: autoDraw = False
384.1407 	EXP 	Sound probe reached end of file
384.1427 	EXP 	window1: recordFrameIntervals = False
384.1640 	EXP 	text_2: autoDraw = True
384.1652 	EXP 	window1: recordFrameIntervals = True
386.0573 	EXP 	New trial (rep=6, index=0): None
386.0596 	EXP 	Sound probe started
386.0793 	EXP 	text_2: autoDraw = False
386.0793 	EXP 	text_2: autoDraw = False
386.2688 	EXP 	Sound probe reached end of file
386.2708 	EXP 	window1: recordFrameIntervals = False
386.2985 	EXP 	text_2: autoDraw = True
386.2997 	EXP 	window1: recordFrameIntervals = True
388.1904 	EXP 	New trial (rep=7, index=0): None
388.1914 	EXP 	Sound probe started
388.2111 	EXP 	text_2: autoDraw = False
388.2111 	EXP 	text_2: autoDraw = False
388.4086 	EXP 	Sound probe reached end of file
388.4095 	EXP 	window1: recordFrameIntervals = False
388.4324 	EXP 	text_2: autoDraw = True
388.4349 	EXP 	window1: recordFrameIntervals = True
390.3211 	EXP 	New trial (rep=8, index=0): None
390.3222 	EXP 	Sound probe started
390.3480 	EXP 	text_2: autoDraw = False
390.3480 	EXP 	text_2: autoDraw = False
390.5407 	EXP 	Sound probe reached end of file
390.5425 	EXP 	window1: recordFrameIntervals = False
390.5647 	EXP 	text_2: autoDraw = True
390.5661 	EXP 	window1: recordFrameIntervals = True
392.2247 	DATA 	Keypress: space
392.4623 	EXP 	New trial (rep=9, index=0): None
392.4660 	EXP 	Sound probe started
392.4860 	EXP 	text_2: autoDraw = False
392.4860 	EXP 	text_2: autoDraw = False
392.6807 	EXP 	Sound probe reached end of file
392.6826 	EXP 	window1: recordFrameIntervals = False
392.7053 	EXP 	text_2: autoDraw = True
392.7066 	EXP 	window1: recordFrameIntervals = True
394.3659 	DATA 	Keypress: space
394.6205 	EXP 	text_2: autoDraw = False
394.6205 	EXP 	text_2: autoDraw = False
394.6205 	EXP 	break_txt: autoDraw = True
395.4518 	EXP 	New trial (rep=12, index=0): None
398.0003 	DATA 	Keypress: space
398.0162 	EXP 	break_txt: autoDraw = False
398.0162 	EXP 	text: height = 0.05
398.0162 	EXP 	text: height = 0.05
398.0162 	EXP 	text: text = 'X'
398.0162 	EXP 	text: autoDraw = True
399.0208 	EXP 	Created sequence: sequential, trialTypes=1, nReps=15, seed=None
399.0209 	EXP 	New trial (rep=0, index=0): None
399.0223 	EXP 	Sound probe started
399.0496 	EXP 	text: autoDraw = False
399.0496 	EXP 	text: autoDraw = False
399.2407 	EXP 	Sound probe reached end of file
399.2429 	EXP 	window1: recordFrameIntervals = False
399.2697 	EXP 	text_2: autoDraw = True
399.2710 	EXP 	window1: recordFrameIntervals = True
401.5136 	EXP 	New trial (rep=1, index=0): None
401.5148 	EXP 	Sound probe started
401.5354 	EXP 	text_2: autoDraw = False
401.5354 	EXP 	text_2: autoDraw = False
401.7285 	EXP 	Sound probe reached end of file
401.7289 	EXP 	window1: recordFrameIntervals = False
401.7491 	EXP 	text_2: autoDraw = True
401.7504 	EXP 	window1: recordFrameIntervals = True
403.7997 	EXP 	New trial (rep=2, index=0): None
403.8007 	EXP 	Sound probe started
403.8283 	EXP 	text_2: autoDraw = False
403.8283 	EXP 	text_2: autoDraw = False
404.0167 	EXP 	Sound probe reached end of file
404.0171 	EXP 	window1: recordFrameIntervals = False
404.0442 	EXP 	text_2: autoDraw = True
404.0455 	EXP 	window1: recordFrameIntervals = True
406.4575 	EXP 	New trial (rep=3, index=0): None
406.4612 	EXP 	Sound probe started
406.4825 	EXP 	text_2: autoDraw = False
406.4825 	EXP 	text_2: autoDraw = False
406.6767 	EXP 	Sound probe reached end of file
406.6789 	EXP 	window1: recordFrameIntervals = False
406.7031 	EXP 	text_2: autoDraw = True
406.7043 	EXP 	window1: recordFrameIntervals = True
409.4207 	DATA 	Keypress: space
409.6547 	EXP 	New trial (rep=4, index=0): None
409.6558 	EXP 	Sound probe started
409.6767 	EXP 	text_2: autoDraw = False
409.6767 	EXP 	text_2: autoDraw = False
409.8686 	EXP 	Sound probe reached end of file
409.8690 	EXP 	window1: recordFrameIntervals = False
409.8885 	EXP 	text_2: autoDraw = True
409.8898 	EXP 	window1: recordFrameIntervals = True
412.7926 	EXP 	New trial (rep=5, index=0): None
412.7935 	EXP 	Sound probe started
412.8210 	EXP 	text_2: autoDraw = False
412.8210 	EXP 	text_2: autoDraw = False
413.0086 	EXP 	Sound probe reached end of file
413.0090 	EXP 	window1: recordFrameIntervals = False
413.0381 	EXP 	text_2: autoDraw = True
413.0392 	EXP 	window1: recordFrameIntervals = True
414.8603 	DATA 	Keypress: space
415.0968 	EXP 	New trial (rep=6, index=0): None
415.0981 	EXP 	Sound probe started
415.1185 	EXP 	text_2: autoDraw = False
415.1185 	EXP 	text_2: autoDraw = False
415.3167 	EXP 	Sound probe reached end of file
415.3171 	EXP 	window1: recordFrameIntervals = False
415.3364 	EXP 	text_2: autoDraw = True
415.3375 	EXP 	window1: recordFrameIntervals = True
416.7751 	DATA 	Keypress: space
417.0093 	EXP 	New trial (rep=7, index=0): None
417.0102 	EXP 	Sound probe started
417.0305 	EXP 	text_2: autoDraw = False
417.0305 	EXP 	text_2: autoDraw = False
417.2167 	EXP 	Sound probe stopped
417.2178 	EXP 	window1: recordFrameIntervals = False
417.2474 	EXP 	text_2: autoDraw = True
417.2486 	EXP 	window1: recordFrameIntervals = True
419.9652 	EXP 	New trial (rep=8, index=0): None
419.9663 	EXP 	Sound probe started
419.9872 	EXP 	text_2: autoDraw = False
419.9872 	EXP 	text_2: autoDraw = False
420.1766 	EXP 	Sound probe reached end of file
420.1784 	EXP 	window1: recordFrameIntervals = False
420.1981 	EXP 	text_2: autoDraw = True
420.1994 	EXP 	window1: recordFrameIntervals = True
421.5190 	EXP 	New trial (rep=9, index=0): None
421.5201 	EXP 	Sound probe started
421.5404 	EXP 	text_2: autoDraw = False
421.5404 	EXP 	text_2: autoDraw = False
421.7285 	EXP 	Sound probe stopped
421.7310 	EXP 	window1: recordFrameIntervals = False
421.7599 	EXP 	text_2: autoDraw = True
421.7612 	EXP 	window1: recordFrameIntervals = True
424.4097 	DATA 	Keypress: space
424.6401 	EXP 	New trial (rep=10, index=0): None
424.6413 	EXP 	Sound probe started
424.6676 	EXP 	text_2: autoDraw = False
424.6676 	EXP 	text_2: autoDraw = False
424.8567 	EXP 	Sound probe reached end of file
424.8571 	EXP 	window1: recordFrameIntervals = False
424.8843 	EXP 	text_2: autoDraw = True
424.8856 	EXP 	window1: recordFrameIntervals = True
427.0498 	EXP 	New trial (rep=11, index=0): None
427.0537 	EXP 	Sound probe started
427.0734 	EXP 	text_2: autoDraw = False
427.0734 	EXP 	text_2: autoDraw = False
427.2649 	EXP 	Sound probe reached end of file
427.2670 	EXP 	window1: recordFrameIntervals = False
427.2892 	EXP 	text_2: autoDraw = True
427.2904 	EXP 	window1: recordFrameIntervals = True
430.1641 	EXP 	New trial (rep=12, index=0): None
430.1669 	EXP 	Sound probe started
430.1908 	EXP 	text_2: autoDraw = False
430.1908 	EXP 	text_2: autoDraw = False
430.3848 	EXP 	Sound probe reached end of file
430.3864 	EXP 	window1: recordFrameIntervals = False
430.4070 	EXP 	text_2: autoDraw = True
430.4083 	EXP 	window1: recordFrameIntervals = True
432.9062 	DATA 	Keypress: space
433.1389 	EXP 	New trial (rep=13, index=0): None
433.1424 	EXP 	Sound probe started
433.1616 	EXP 	text_2: autoDraw = False
433.1616 	EXP 	text_2: autoDraw = False
433.3567 	EXP 	Sound probe reached end of file
433.3590 	EXP 	window1: recordFrameIntervals = False
433.3822 	EXP 	text_2: autoDraw = True
433.3834 	EXP 	window1: recordFrameIntervals = True
434.1565 	DATA 	Keypress: space
434.3903 	EXP 	New trial (rep=14, index=0): None
434.3937 	EXP 	Sound probe started
434.4127 	EXP 	text_2: autoDraw = False
434.4127 	EXP 	text_2: autoDraw = False
434.6048 	EXP 	Sound probe reached end of file
434.6069 	EXP 	window1: recordFrameIntervals = False
434.6331 	EXP 	text_2: autoDraw = True
434.6343 	EXP 	window1: recordFrameIntervals = True
437.4902 	EXP 	text_2: autoDraw = False
437.4902 	EXP 	text_2: autoDraw = False
437.4902 	EXP 	break_txt: autoDraw = True
438.2721 	EXP 	New trial (rep=13, index=0): None
441.3263 	DATA 	Keypress: space
441.3423 	EXP 	break_txt: autoDraw = False
441.3423 	EXP 	text: text = 'X'
441.3423 	EXP 	text: autoDraw = True
442.3366 	EXP 	Created sequence: sequential, trialTypes=1, nReps=15, seed=None
442.3368 	EXP 	New trial (rep=0, index=0): None
442.3380 	EXP 	Sound probe started
442.3709 	EXP 	text: autoDraw = False
442.3709 	EXP 	text: autoDraw = False
442.5565 	EXP 	Sound probe reached end of file
442.5586 	EXP 	window1: recordFrameIntervals = False
442.5806 	EXP 	text_2: autoDraw = True
442.5819 	EXP 	window1: recordFrameIntervals = True
444.7565 	EXP 	New trial (rep=1, index=0): None
444.7576 	EXP 	Sound probe started
444.7779 	EXP 	text_2: autoDraw = False
444.7779 	EXP 	text_2: autoDraw = False
444.9763 	EXP 	Sound probe reached end of file
444.9767 	EXP 	window1: recordFrameIntervals = False
444.9970 	EXP 	text_2: autoDraw = True
444.9981 	EXP 	window1: recordFrameIntervals = True
446.1284 	EXP 	New trial (rep=2, index=0): None
446.1296 	EXP 	Sound probe started
446.1499 	EXP 	text_2: autoDraw = False
446.1499 	EXP 	text_2: autoDraw = False
446.3444 	EXP 	Sound probe reached end of file
446.3448 	EXP 	window1: recordFrameIntervals = False
446.3652 	EXP 	text_2: autoDraw = True
446.3662 	EXP 	window1: recordFrameIntervals = True
448.9412 	DATA 	Keypress: space
449.1759 	EXP 	New trial (rep=3, index=0): None
449.1771 	EXP 	Sound probe started
449.1961 	EXP 	text_2: autoDraw = False
449.1961 	EXP 	text_2: autoDraw = False
449.3965 	EXP 	Sound probe reached end of file
449.3969 	EXP 	window1: recordFrameIntervals = False
449.4245 	EXP 	text_2: autoDraw = True
449.4256 	EXP 	window1: recordFrameIntervals = True
451.2354 	DATA 	Keypress: space
451.4741 	EXP 	New trial (rep=4, index=0): None
451.4753 	EXP 	Sound probe started
451.4938 	EXP 	text_2: autoDraw = False
451.4938 	EXP 	text_2: autoDraw = False
451.6845 	EXP 	Sound probe reached end of file
451.6850 	EXP 	window1: recordFrameIntervals = False
451.7055 	EXP 	text_2: autoDraw = True
451.7066 	EXP 	window1: recordFrameIntervals = True
452.4675 	DATA 	Keypress: space
452.7028 	EXP 	New trial (rep=5, index=0): None
452.7038 	EXP 	Sound probe started
452.7239 	EXP 	text_2: autoDraw = False
452.7239 	EXP 	text_2: autoDraw = False
452.9129 	EXP 	Sound probe reached end of file
452.9151 	EXP 	window1: recordFrameIntervals = False
452.9366 	EXP 	text_2: autoDraw = True
452.9378 	EXP 	window1: recordFrameIntervals = True
455.4674 	EXP 	New trial (rep=6, index=0): None
455.4686 	EXP 	Sound probe started
455.4883 	EXP 	text_2: autoDraw = False
455.4883 	EXP 	text_2: autoDraw = False
455.6727 	EXP 	Sound probe stopped
455.6732 	EXP 	window1: recordFrameIntervals = False
455.7042 	EXP 	text_2: autoDraw = True
455.7055 	EXP 	window1: recordFrameIntervals = True
457.5405 	DATA 	Keypress: space
457.7756 	EXP 	New trial (rep=7, index=0): None
457.7770 	EXP 	Sound probe started
457.7969 	EXP 	text_2: autoDraw = False
457.7969 	EXP 	text_2: autoDraw = False
457.9925 	EXP 	Sound probe reached end of file
457.9930 	EXP 	window1: recordFrameIntervals = False
458.0130 	EXP 	text_2: autoDraw = True
458.0141 	EXP 	window1: recordFrameIntervals = True
460.1274 	DATA 	Keypress: space
460.3622 	EXP 	New trial (rep=8, index=0): None
460.3656 	EXP 	Sound probe started
460.3897 	EXP 	text_2: autoDraw = False
460.3897 	EXP 	text_2: autoDraw = False
460.5848 	EXP 	Sound probe reached end of file
460.5864 	EXP 	window1: recordFrameIntervals = False
460.6063 	EXP 	text_2: autoDraw = True
460.6076 	EXP 	window1: recordFrameIntervals = True
461.8060 	EXP 	New trial (rep=9, index=0): None
461.8071 	EXP 	Sound probe started
461.8265 	EXP 	text_2: autoDraw = False
461.8265 	EXP 	text_2: autoDraw = False
462.0244 	EXP 	Sound probe reached end of file
462.0248 	EXP 	window1: recordFrameIntervals = False
462.0446 	EXP 	text_2: autoDraw = True
462.0460 	EXP 	window1: recordFrameIntervals = True
464.2412 	EXP 	New trial (rep=10, index=0): None
464.2426 	EXP 	Sound probe started
464.2619 	EXP 	text_2: autoDraw = False
464.2619 	EXP 	text_2: autoDraw = False
464.4526 	EXP 	Sound probe reached end of file
464.4547 	EXP 	window1: recordFrameIntervals = False
464.4807 	EXP 	text_2: autoDraw = True
464.4819 	EXP 	window1: recordFrameIntervals = True
467.2985 	EXP 	New trial (rep=11, index=0): None
467.3000 	EXP 	Sound probe started
467.3202 	EXP 	text_2: autoDraw = False
467.3202 	EXP 	text_2: autoDraw = False
467.5127 	EXP 	Sound probe reached end of file
467.5145 	EXP 	window1: recordFrameIntervals = False
467.5374 	EXP 	text_2: autoDraw = True
467.5386 	EXP 	window1: recordFrameIntervals = True
470.4566 	EXP 	New trial (rep=12, index=0): None
470.4595 	EXP 	Sound probe started
470.4837 	EXP 	text_2: autoDraw = False
470.4837 	EXP 	text_2: autoDraw = False
470.6725 	EXP 	Sound probe reached end of file
470.6729 	EXP 	window1: recordFrameIntervals = False
470.7038 	EXP 	text_2: autoDraw = True
470.7049 	EXP 	window1: recordFrameIntervals = True
472.0183 	DATA 	Keypress: space
472.2535 	EXP 	New trial (rep=13, index=0): None
472.2546 	EXP 	Sound probe started
472.2752 	EXP 	text_2: autoDraw = False
472.2752 	EXP 	text_2: autoDraw = False
472.4645 	EXP 	Sound probe stopped
472.4661 	EXP 	window1: recordFrameIntervals = False
472.4854 	EXP 	text_2: autoDraw = True
472.4867 	EXP 	window1: recordFrameIntervals = True
475.3088 	EXP 	New trial (rep=14, index=0): None
475.3097 	EXP 	Sound probe started
475.3297 	EXP 	text_2: autoDraw = False
475.3297 	EXP 	text_2: autoDraw = False
475.5246 	EXP 	Sound probe reached end of file
475.5252 	EXP 	window1: recordFrameIntervals = False
475.5461 	EXP 	text_2: autoDraw = True
475.5473 	EXP 	window1: recordFrameIntervals = True
477.2335 	DATA 	Keypress: space
477.3257 	EXP 	text_2: autoDraw = False
477.3257 	EXP 	text_2: autoDraw = False
477.3257 	EXP 	break_txt: autoDraw = True
480.9892 	EXP 	New trial (rep=14, index=0): None
484.1120 	DATA 	Keypress: space
484.1281 	EXP 	break_txt: autoDraw = False
484.1281 	EXP 	text: text = 'X'
484.1281 	EXP 	text: autoDraw = True
485.1117 	EXP 	Created sequence: sequential, trialTypes=1, nReps=10, seed=None
485.1118 	EXP 	New trial (rep=0, index=0): None
485.1133 	EXP 	Sound probe started
485.1433 	EXP 	text: autoDraw = False
485.1433 	EXP 	text: autoDraw = False
485.3324 	EXP 	Sound probe reached end of file
485.3327 	EXP 	window1: recordFrameIntervals = False
485.3618 	EXP 	text_2: autoDraw = True
485.3629 	EXP 	window1: recordFrameIntervals = True
487.8790 	DATA 	Keypress: space
488.1137 	EXP 	New trial (rep=1, index=0): None
488.1171 	EXP 	Sound probe started
488.1369 	EXP 	text_2: autoDraw = False
488.1369 	EXP 	text_2: autoDraw = False
488.3324 	EXP 	Sound probe reached end of file
488.3345 	EXP 	window1: recordFrameIntervals = False
488.3574 	EXP 	text_2: autoDraw = True
488.3588 	EXP 	window1: recordFrameIntervals = True
489.6308 	DATA 	Keypress: space
489.8659 	EXP 	New trial (rep=2, index=0): None
489.8693 	EXP 	Sound probe started
489.8887 	EXP 	text_2: autoDraw = False
489.8887 	EXP 	text_2: autoDraw = False
490.0807 	EXP 	Sound probe reached end of file
490.0824 	EXP 	window1: recordFrameIntervals = False
490.1030 	EXP 	text_2: autoDraw = True
490.1043 	EXP 	window1: recordFrameIntervals = True
490.9823 	DATA 	Keypress: space
491.2165 	EXP 	New trial (rep=3, index=0): None
491.2200 	EXP 	Sound probe started
491.2395 	EXP 	text_2: autoDraw = False
491.2395 	EXP 	text_2: autoDraw = False
491.4328 	EXP 	Sound probe reached end of file
491.4350 	EXP 	window1: recordFrameIntervals = False
491.4593 	EXP 	text_2: autoDraw = True
491.4606 	EXP 	window1: recordFrameIntervals = True
493.0495 	DATA 	Keypress: space
493.2814 	EXP 	New trial (rep=4, index=0): None
493.2849 	EXP 	Sound probe started
493.3072 	EXP 	text_2: autoDraw = False
493.3072 	EXP 	text_2: autoDraw = False
493.5005 	EXP 	Sound probe reached end of file
493.5027 	EXP 	window1: recordFrameIntervals = False
493.5285 	EXP 	text_2: autoDraw = True
493.5297 	EXP 	window1: recordFrameIntervals = True
494.6206 	EXP 	New trial (rep=5, index=0): None
494.6218 	EXP 	Sound probe started
494.6403 	EXP 	text_2: autoDraw = False
494.6403 	EXP 	text_2: autoDraw = False
494.8405 	EXP 	Sound probe reached end of file
494.8410 	EXP 	window1: recordFrameIntervals = False
494.8624 	EXP 	text_2: autoDraw = True
494.8637 	EXP 	window1: recordFrameIntervals = True
497.4109 	DATA 	Keypress: space
497.6476 	EXP 	New trial (rep=6, index=0): None
497.6486 	EXP 	Sound probe started
497.6695 	EXP 	text_2: autoDraw = False
497.6695 	EXP 	text_2: autoDraw = False
497.8605 	EXP 	Sound probe reached end of file
497.8624 	EXP 	window1: recordFrameIntervals = False
497.8835 	EXP 	text_2: autoDraw = True
497.8847 	EXP 	window1: recordFrameIntervals = True
499.8145 	DATA 	Keypress: space
500.0509 	EXP 	New trial (rep=7, index=0): None
500.0520 	EXP 	Sound probe started
500.0733 	EXP 	text_2: autoDraw = False
500.0733 	EXP 	text_2: autoDraw = False
500.2603 	EXP 	Sound probe reached end of file
500.2607 	EXP 	window1: recordFrameIntervals = False
500.2885 	EXP 	text_2: autoDraw = True
500.2901 	EXP 	window1: recordFrameIntervals = True
501.5104 	DATA 	Keypress: space
501.7463 	EXP 	New trial (rep=8, index=0): None
501.7483 	EXP 	Sound probe started
501.7678 	EXP 	text_2: autoDraw = False
501.7678 	EXP 	text_2: autoDraw = False
501.9606 	EXP 	Sound probe reached end of file
501.9628 	EXP 	window1: recordFrameIntervals = False
501.9870 	EXP 	text_2: autoDraw = True
501.9883 	EXP 	window1: recordFrameIntervals = True
503.6404 	EXP 	New trial (rep=9, index=0): None
503.6417 	EXP 	Sound probe started
503.6619 	EXP 	text_2: autoDraw = False
503.6619 	EXP 	text_2: autoDraw = False
503.8486 	EXP 	Sound probe stopped
503.8507 	EXP 	window1: recordFrameIntervals = False
503.8745 	EXP 	text_2: autoDraw = True
503.8758 	EXP 	window1: recordFrameIntervals = True
504.7274 	DATA 	Keypress: space
504.9865 	EXP 	text_2: autoDraw = False
504.9865 	EXP 	text_2: autoDraw = False
504.9865 	EXP 	break_txt: autoDraw = True
506.1747 	EXP 	New trial (rep=15, index=0): None
509.1858 	DATA 	Keypress: space
509.2022 	EXP 	break_txt: autoDraw = False
509.2022 	EXP 	text: height = 0.05
509.2022 	EXP 	text: height = 0.05
509.2022 	EXP 	text: text = 'RYTHME'
509.2022 	EXP 	text: autoDraw = True
510.1954 	EXP 	Created sequence: sequential, trialTypes=1, nReps=14, seed=None
510.1956 	EXP 	New trial (rep=0, index=0): None
510.1967 	EXP 	Sound probe started
510.2286 	EXP 	text: autoDraw = False
510.2286 	EXP 	text: autoDraw = False
510.4100 	EXP 	Sound probe reached end of file
510.4104 	EXP 	window1: recordFrameIntervals = False
510.4400 	EXP 	text_2: autoDraw = True
510.4410 	EXP 	window1: recordFrameIntervals = True
511.7598 	EXP 	New trial (rep=1, index=0): None
511.7609 	EXP 	Sound probe started
511.7807 	EXP 	text_2: autoDraw = False
511.7807 	EXP 	text_2: autoDraw = False
511.9687 	EXP 	Sound probe stopped
511.9706 	EXP 	window1: recordFrameIntervals = False
511.9973 	EXP 	text_2: autoDraw = True
511.9984 	EXP 	window1: recordFrameIntervals = True
513.3181 	EXP 	New trial (rep=2, index=0): None
513.3192 	EXP 	Sound probe started
513.3396 	EXP 	text_2: autoDraw = False
513.3396 	EXP 	text_2: autoDraw = False
513.5287 	EXP 	Sound probe reached end of file
513.5297 	EXP 	window1: recordFrameIntervals = False
513.5508 	EXP 	text_2: autoDraw = True
513.5521 	EXP 	window1: recordFrameIntervals = True
514.8783 	EXP 	New trial (rep=3, index=0): None
514.8795 	EXP 	Sound probe started
514.8985 	EXP 	text_2: autoDraw = False
514.8985 	EXP 	text_2: autoDraw = False
515.0886 	EXP 	Sound probe reached end of file
515.0908 	EXP 	window1: recordFrameIntervals = False
515.1184 	EXP 	text_2: autoDraw = True
515.1196 	EXP 	window1: recordFrameIntervals = True
516.4386 	EXP 	New trial (rep=4, index=0): None
516.4396 	EXP 	Sound probe started
516.4592 	EXP 	text_2: autoDraw = False
516.4592 	EXP 	text_2: autoDraw = False
516.6487 	EXP 	Sound probe reached end of file
516.6493 	EXP 	window1: recordFrameIntervals = False
516.6706 	EXP 	text_2: autoDraw = True
516.6723 	EXP 	window1: recordFrameIntervals = True
517.9970 	EXP 	New trial (rep=5, index=0): None
517.9989 	EXP 	Sound probe started
518.0178 	EXP 	text_2: autoDraw = False
518.0178 	EXP 	text_2: autoDraw = False
518.2084 	EXP 	Sound probe reached end of file
518.2105 	EXP 	window1: recordFrameIntervals = False
518.2383 	EXP 	text_2: autoDraw = True
518.2395 	EXP 	window1: recordFrameIntervals = True
519.3227 	DATA 	Keypress: space
519.5600 	EXP 	New trial (rep=6, index=0): None
519.5614 	EXP 	Sound probe started
519.5806 	EXP 	text_2: autoDraw = False
519.5806 	EXP 	text_2: autoDraw = False
519.7683 	EXP 	Sound probe stopped
519.7687 	EXP 	window1: recordFrameIntervals = False
519.7885 	EXP 	text_2: autoDraw = True
519.7897 	EXP 	window1: recordFrameIntervals = True
521.1168 	EXP 	New trial (rep=7, index=0): None
521.1194 	EXP 	Sound probe started
521.1383 	EXP 	text_2: autoDraw = False
521.1383 	EXP 	text_2: autoDraw = False
521.3285 	EXP 	Sound probe reached end of file
521.3306 	EXP 	window1: recordFrameIntervals = False
521.3570 	EXP 	text_2: autoDraw = True
521.3582 	EXP 	window1: recordFrameIntervals = True
522.6822 	EXP 	New trial (rep=8, index=0): None
522.6834 	EXP 	Sound probe started
522.7024 	EXP 	text_2: autoDraw = False
522.7024 	EXP 	text_2: autoDraw = False
522.9003 	EXP 	Sound probe reached end of file
522.9009 	EXP 	window1: recordFrameIntervals = False
522.9216 	EXP 	text_2: autoDraw = True
522.9228 	EXP 	window1: recordFrameIntervals = True
524.0124 	DATA 	Keypress: space
524.2541 	EXP 	New trial (rep=9, index=0): None
524.2553 	EXP 	Sound probe started
524.2736 	EXP 	text_2: autoDraw = False
524.2736 	EXP 	text_2: autoDraw = False
524.4684 	EXP 	Sound probe reached end of file
524.4705 	EXP 	window1: recordFrameIntervals = False
524.4957 	EXP 	text_2: autoDraw = True
524.4973 	EXP 	window1: recordFrameIntervals = True
525.8190 	EXP 	New trial (rep=10, index=0): None
525.8226 	EXP 	Sound probe started
525.8425 	EXP 	text_2: autoDraw = False
525.8425 	EXP 	text_2: autoDraw = False
526.0285 	EXP 	Sound probe stopped
526.0293 	EXP 	window1: recordFrameIntervals = False
526.0584 	EXP 	text_2: autoDraw = True
526.0595 	EXP 	window1: recordFrameIntervals = True
527.3795 	EXP 	New trial (rep=11, index=0): None
527.3806 	EXP 	Sound probe started
527.4010 	EXP 	text_2: autoDraw = False
527.4010 	EXP 	text_2: autoDraw = False
527.5886 	EXP 	Sound probe stopped
527.5907 	EXP 	window1: recordFrameIntervals = False
527.6140 	EXP 	text_2: autoDraw = True
527.6152 	EXP 	window1: recordFrameIntervals = True
528.9405 	EXP 	New trial (rep=12, index=0): None
528.9436 	EXP 	Sound probe started
528.9630 	EXP 	text_2: autoDraw = False
528.9630 	EXP 	text_2: autoDraw = False
529.1566 	EXP 	Sound probe reached end of file
529.1587 	EXP 	window1: recordFrameIntervals = False
529.1821 	EXP 	text_2: autoDraw = True
529.1834 	EXP 	window1: recordFrameIntervals = True
530.2701 	DATA 	Keypress: space
530.5077 	EXP 	New trial (rep=13, index=0): None
530.5114 	EXP 	Sound probe started
530.5304 	EXP 	text_2: autoDraw = False
530.5304 	EXP 	text_2: autoDraw = False
530.7165 	EXP 	Sound probe stopped
530.7169 	EXP 	window1: recordFrameIntervals = False
530.7493 	EXP 	text_2: autoDraw = True
530.7505 	EXP 	window1: recordFrameIntervals = True
531.8284 	DATA 	Keypress: space
532.0871 	EXP 	text_2: autoDraw = False
532.0871 	EXP 	text_2: autoDraw = False
532.0871 	EXP 	break_txt: autoDraw = True
533.0181 	DATA 	Keypress: space
533.0428 	EXP 	break_txt: autoDraw = False
533.0428 	EXP 	blank_text: autoDraw = True
534.0517 	EXP 	blank_text: autoDraw = False
534.0517 	EXP 	end_txt: autoDraw = True
535.4541 	DATA 	Keypress: space
535.4741 	EXP 	end_txt: autoDraw = False
535.5988 	EXP 	window1: mouseVisible = True
