8.5674 	WARNING 	User requested fullscreen with size [2560 1440], but screen is actually [3840, 2160]. Using actual size
12.5034 	WARNING 	Couldn't measure a consistent frame rate!
  - Is your graphics card set to sync to vertical blank?
  - Are you running other processes on your computer?

12.5054 	EXP 	Created window1 = Window(allowGUI=False, allowStencil=False, autoLog=True, backendConf=UNKNOWN, bitsMode=UNKNOWN, blendMode='avg', bpc=(8, 8, 8), color=array([ 0.6078, -0.2784, -0.2784]), colorSpace='rgb', depthBits=8, fullscr=<method-wrapper '__getattribute__' of attributeSetter object at 0x000001D763EB8B20>, gamma=None, gammaErrorPolicy='raise', lms=UNKNOWN, monitor=<psychopy.monitors.calibTools.Monitor object at 0x000001D765B760D0>, multiSample=False, name='window1', numSamples=2, pos=(0, 0), screen=0, size=array([3840, 2160]), stencilBits=0, stereo=False, units='height', useFBO=True, useRetina=False, viewOri=0.0, viewPos=None, viewScale=None, waitBlanking=True, winType='pyglet')
12.5071 	EXP 	window1: mouseVisible = True
12.5073 	EXP 	window1: Attempting to measure frame rate of screen (0) ...
12.5073 	EXP 	window1: recordFrameIntervals = False
12.7797 	EXP 	window1: recordFrameIntervals = True
12.8480 	WARNING 	t of last frame was 27.67ms (=1/36)
12.8757 	WARNING 	t of last frame was 27.74ms (=1/36)
12.9046 	WARNING 	t of last frame was 28.89ms (=1/34)
12.9315 	WARNING 	t of last frame was 26.92ms (=1/37)
12.9884 	WARNING 	Multiple dropped frames have occurred - I'll stop bothering you about them!
15.5874 	WARNING 	Couldn't measure a consistent frame rate!
  - Is your graphics card set to sync to vertical blank?
  - Are you running other processes on your computer?

17.3465 	EXP 	window1: Attempting to measure frame rate of screen (0) ...
17.3465 	EXP 	window1: recordFrameIntervals = False
17.6151 	EXP 	window1: recordFrameIntervals = True
20.4867 	WARNING 	Couldn't measure a consistent frame rate!
  - Is your graphics card set to sync to vertical blank?
  - Are you running other processes on your computer?

20.5824 	EXP 	Created instructions = TextStim(__class__=<class 'psychopy.visual.text.TextStim'>, alignHoriz=method-wrapper(...), alignText='center', alignVert=method-wrapper(...), anchorHoriz='center', anchorVert='center', antialias=True, autoLog=True, bold=False, color=array([1., 1., 1.]), colorSpace='rgb', contrast=1.0, depth=-2.0, flipHoriz=False, flipVert=False, font='Open Sans', fontFiles=[], height=0.03, italic=False, languageStyle='LTR', name='instructions', opacity=1, ori=0.0, pos=array([0., 0.]), rgb=UNKNOWN, text=str(...), units='height', win=Window(...), wrapWidth=1)
20.5842 	EXP 	Created blank_text = TextStim(__class__=<class 'psychopy.visual.text.TextStim'>, alignHoriz=method-wrapper(...), alignText='center', alignVert=method-wrapper(...), anchorHoriz='center', anchorVert='center', antialias=True, autoLog=True, bold=False, color=array([1., 1., 1.]), colorSpace='rgb', contrast=1.0, depth=0.0, flipHoriz=False, flipVert=False, font='Open Sans', fontFiles=[], height=0.05, italic=False, languageStyle='LTR', name='blank_text', opacity=1, ori=0.0, pos=array([0., 0.]), rgb=UNKNOWN, text='', units='height', win=Window(...), wrapWidth=1)
20.5893 	EXP 	Created fixation_cross = ShapeStim(__class__=<class 'psychopy.visual.shape.ShapeStim'>, anchor=('center', 'center'), autoDraw=False, autoLog=True, closeShape=True, color=method-wrapper(...), colorSpace='rgb', contrast=None, depth=-3.0, fillColor=array([1, 1, 1]), fillColorSpace='rgb', fillRGB=array([1, 1, 1]), interpolate=True, lineColor=array([1., 1., 1.]), lineColorSpace='rgb', lineRGB=array([1, 1, 1]), lineWidth=1.0, name='fixation_cross', opacity=1, ori=0.0, pos=array([0., 0.]), size=array([0.15, 0.15]), units='height', vertices=ndarray(...), win=Window(...), windingRule=None)
20.5904 	EXP 	Created text = TextStim(__class__=<class 'psychopy.visual.text.TextStim'>, alignHoriz=method-wrapper(...), alignText='center', alignVert=method-wrapper(...), anchorHoriz='center', anchorVert='center', antialias=True, autoLog=True, bold=False, color=array([1., 1., 1.]), colorSpace='rgb', contrast=1.0, depth=-2.0, flipHoriz=False, flipVert=False, font='Open Sans', fontFiles=[], height=0.05, italic=False, languageStyle='LTR', name='text', opacity=1, ori=0.0, pos=array([0., 0.]), rgb=UNKNOWN, text='', units='height', win=Window(...), wrapWidth=1)
20.6462 	EXP 	Sound probe set volume 1.000
20.6479 	EXP 	Created text_2 = TextStim(__class__=<class 'psychopy.visual.text.TextStim'>, alignHoriz=method-wrapper(...), alignText='center', alignVert=method-wrapper(...), anchorHoriz='center', anchorVert='center', antialias=True, autoLog=True, bold=False, color=array([1., 1., 1.]), colorSpace='rgb', contrast=1.0, depth=-4.0, flipHoriz=False, flipVert=False, font='Open Sans', fontFiles=[], height=0.05, italic=False, languageStyle='LTR', name='text_2', opacity=1, ori=0.0, pos=array([0., 0.]), rgb=UNKNOWN, text='', units='height', win=Window(...), wrapWidth=1)
20.6637 	EXP 	Created break_txt = TextStim(__class__=<class 'psychopy.visual.text.TextStim'>, alignHoriz=method-wrapper(...), alignText='center', alignVert=method-wrapper(...), anchorHoriz='center', anchorVert='center', antialias=True, autoLog=True, bold=False, color=array([1., 1., 1.]), colorSpace='rgb', contrast=1.0, depth=0.0, flipHoriz=False, flipVert=False, font='Open Sans', fontFiles=[], height=0.04, italic=False, languageStyle='LTR', name='break_txt', opacity=1, ori=0.0, pos=array([0., 0.]), rgb=UNKNOWN, text=str(...), units='height', win=Window(...), wrapWidth=1)
20.6651 	EXP 	Created blank_text = TextStim(__class__=<class 'psychopy.visual.text.TextStim'>, alignHoriz=method-wrapper(...), alignText='center', alignVert=method-wrapper(...), anchorHoriz='center', anchorVert='center', antialias=True, autoLog=True, bold=False, color=array([1., 1., 1.]), colorSpace='rgb', contrast=1.0, depth=0.0, flipHoriz=False, flipVert=False, font='Open Sans', fontFiles=[], height=0.05, italic=False, languageStyle='LTR', name='blank_text', opacity=1, ori=0.0, pos=array([0., 0.]), rgb=UNKNOWN, text='', units='height', win=Window(...), wrapWidth=1)
20.6899 	EXP 	Created end_txt = TextStim(__class__=<class 'psychopy.visual.text.TextStim'>, alignHoriz=method-wrapper(...), alignText='center', alignVert=method-wrapper(...), anchorHoriz='center', anchorVert='center', antialias=True, autoLog=True, bold=False, color=array([1., 1., 1.]), colorSpace='rgb', contrast=1.0, depth=0.0, flipHoriz=False, flipVert=False, font='Open Sans', fontFiles=[], height=0.05, italic=False, languageStyle='LTR', name='end_txt', opacity=1, ori=0.0, pos=array([0., 0.]), rgb=UNKNOWN, text=str(...), units='height', win=Window(...), wrapWidth=1)
20.7081 	EXP 	instructions: autoDraw = True
41.3320 	DATA 	Keypress: space
41.3630 	EXP 	instructions: autoDraw = False
41.3630 	EXP 	blank_text: autoDraw = True
42.3658 	EXP 	Created sequence: fullRandom, trialTypes=1, nReps=999, seed=None
42.3690 	EXP 	New trial (rep=0, index=0): None
43.3922 	EXP 	blank_text: autoDraw = False
43.3922 	EXP 	text: height = 0.05
43.3922 	EXP 	text: height = 0.05
43.3922 	EXP 	text: text = 'X'
43.3922 	EXP 	text: autoDraw = True
44.4072 	EXP 	Created sequence: sequential, trialTypes=1, nReps=9, seed=None
44.4075 	EXP 	New trial (rep=0, index=0): None
44.4212 	EXP 	Sound probe started
44.4442 	EXP 	text: autoDraw = False
44.4442 	EXP 	text: autoDraw = False
44.6375 	EXP 	Sound probe reached end of file
44.6393 	EXP 	window1: recordFrameIntervals = False
44.6610 	EXP 	text_2: autoDraw = True
44.6623 	EXP 	window1: recordFrameIntervals = True
46.8789 	DATA 	Keypress: space
47.0994 	EXP 	New trial (rep=1, index=0): None
47.1004 	EXP 	Sound probe started
47.1258 	EXP 	text_2: autoDraw = False
47.1258 	EXP 	text_2: autoDraw = False
47.3135 	EXP 	Sound probe reached end of file
47.3140 	EXP 	window1: recordFrameIntervals = False
47.3418 	EXP 	text_2: autoDraw = True
47.3431 	EXP 	window1: recordFrameIntervals = True
48.7952 	DATA 	Keypress: space
49.0157 	EXP 	New trial (rep=2, index=0): None
49.0167 	EXP 	Sound probe started
49.0422 	EXP 	text_2: autoDraw = False
49.0422 	EXP 	text_2: autoDraw = False
49.2337 	EXP 	Sound probe reached end of file
49.2344 	EXP 	window1: recordFrameIntervals = False
49.2557 	EXP 	text_2: autoDraw = True
49.2573 	EXP 	window1: recordFrameIntervals = True
50.2832 	EXP 	New trial (rep=3, index=0): None
50.2840 	EXP 	Sound probe started
50.3093 	EXP 	text_2: autoDraw = False
50.3093 	EXP 	text_2: autoDraw = False
50.4935 	EXP 	Sound probe reached end of file
50.4957 	EXP 	window1: recordFrameIntervals = False
50.5218 	EXP 	text_2: autoDraw = True
50.5230 	EXP 	window1: recordFrameIntervals = True
52.1992 	EXP 	New trial (rep=4, index=0): None
52.2001 	EXP 	Sound probe started
52.2250 	EXP 	text_2: autoDraw = False
52.2250 	EXP 	text_2: autoDraw = False
52.4137 	EXP 	Sound probe reached end of file
52.4158 	EXP 	window1: recordFrameIntervals = False
52.4403 	EXP 	text_2: autoDraw = True
52.4415 	EXP 	window1: recordFrameIntervals = True
53.6479 	DATA 	Keypress: space
53.8681 	EXP 	New trial (rep=5, index=0): None
53.8691 	EXP 	Sound probe started
53.8939 	EXP 	text_2: autoDraw = False
53.8939 	EXP 	text_2: autoDraw = False
54.0856 	EXP 	Sound probe reached end of file
54.0875 	EXP 	window1: recordFrameIntervals = False
54.1095 	EXP 	text_2: autoDraw = True
54.1108 	EXP 	window1: recordFrameIntervals = True
55.3384 	EXP 	New trial (rep=6, index=0): None
55.3393 	EXP 	Sound probe started
55.3650 	EXP 	text_2: autoDraw = False
55.3650 	EXP 	text_2: autoDraw = False
55.5534 	EXP 	Sound probe reached end of file
55.5537 	EXP 	window1: recordFrameIntervals = False
55.5834 	EXP 	text_2: autoDraw = True
55.5846 	EXP 	window1: recordFrameIntervals = True
57.6433 	DATA 	Keypress: space
57.8640 	EXP 	New trial (rep=7, index=0): None
57.8649 	EXP 	Sound probe started
57.8920 	EXP 	text_2: autoDraw = False
57.8920 	EXP 	text_2: autoDraw = False
58.0736 	EXP 	Sound probe reached end of file
58.0740 	EXP 	window1: recordFrameIntervals = False
58.1012 	EXP 	text_2: autoDraw = True
58.1024 	EXP 	window1: recordFrameIntervals = True
60.0480 	DATA 	Keypress: space
60.2721 	EXP 	New trial (rep=8, index=0): None
60.2757 	EXP 	Sound probe started
60.2966 	EXP 	text_2: autoDraw = False
60.2966 	EXP 	text_2: autoDraw = False
60.4938 	EXP 	Sound probe reached end of file
60.4942 	EXP 	window1: recordFrameIntervals = False
60.5132 	EXP 	text_2: autoDraw = True
60.5145 	EXP 	window1: recordFrameIntervals = True
61.3754 	DATA 	Keypress: space
61.6281 	EXP 	text_2: autoDraw = False
61.6281 	EXP 	text_2: autoDraw = False
61.6281 	EXP 	break_txt: autoDraw = True
64.2569 	EXP 	New trial (rep=1, index=0): None
65.4463 	DATA 	Keypress: space
65.4623 	EXP 	break_txt: autoDraw = False
65.4623 	EXP 	text: height = 0.05
65.4623 	EXP 	text: height = 0.05
65.4623 	EXP 	text: text = 'HAUTEUR'
65.4623 	EXP 	text: autoDraw = True
66.4777 	EXP 	Created sequence: sequential, trialTypes=1, nReps=15, seed=None
66.4779 	EXP 	New trial (rep=0, index=0): None
66.4790 	EXP 	Sound probe started
66.5042 	EXP 	text: autoDraw = False
66.5042 	EXP 	text: autoDraw = False
66.6937 	EXP 	Sound probe reached end of file
66.6947 	EXP 	window1: recordFrameIntervals = False
66.7154 	EXP 	text_2: autoDraw = True
66.7166 	EXP 	window1: recordFrameIntervals = True
69.0079 	DATA 	Keypress: space
69.2301 	EXP 	New trial (rep=1, index=0): None
69.2340 	EXP 	Sound probe started
69.2553 	EXP 	text_2: autoDraw = False
69.2553 	EXP 	text_2: autoDraw = False
69.4454 	EXP 	Sound probe stopped
69.4469 	EXP 	window1: recordFrameIntervals = False
69.4707 	EXP 	text_2: autoDraw = True
69.4719 	EXP 	window1: recordFrameIntervals = True
70.2768 	DATA 	Keypress: space
70.5043 	EXP 	New trial (rep=2, index=0): None
70.5061 	EXP 	Sound probe started
70.5255 	EXP 	text_2: autoDraw = False
70.5255 	EXP 	text_2: autoDraw = False
70.7134 	EXP 	Sound probe stopped
70.7153 	EXP 	window1: recordFrameIntervals = False
70.7433 	EXP 	text_2: autoDraw = True
70.7445 	EXP 	window1: recordFrameIntervals = True
73.7259 	EXP 	New trial (rep=3, index=0): None
73.7271 	EXP 	Sound probe started
73.7474 	EXP 	text_2: autoDraw = False
73.7474 	EXP 	text_2: autoDraw = False
73.9416 	EXP 	Sound probe reached end of file
73.9435 	EXP 	window1: recordFrameIntervals = False
73.9646 	EXP 	text_2: autoDraw = True
73.9658 	EXP 	window1: recordFrameIntervals = True
76.3781 	DATA 	Keypress: space
76.5996 	EXP 	New trial (rep=4, index=0): None
76.6006 	EXP 	Sound probe started
76.6279 	EXP 	text_2: autoDraw = False
76.6279 	EXP 	text_2: autoDraw = False
76.8135 	EXP 	Sound probe reached end of file
76.8139 	EXP 	window1: recordFrameIntervals = False
76.8448 	EXP 	text_2: autoDraw = True
76.8460 	EXP 	window1: recordFrameIntervals = True
78.9892 	DATA 	Keypress: space
79.2103 	EXP 	New trial (rep=5, index=0): None
79.2112 	EXP 	Sound probe started
79.2363 	EXP 	text_2: autoDraw = False
79.2363 	EXP 	text_2: autoDraw = False
79.4216 	EXP 	Sound probe reached end of file
79.4222 	EXP 	window1: recordFrameIntervals = False
79.4523 	EXP 	text_2: autoDraw = True
79.4535 	EXP 	window1: recordFrameIntervals = True
81.1787 	DATA 	Keypress: space
81.3999 	EXP 	New trial (rep=6, index=0): None
81.4009 	EXP 	Sound probe started
81.4268 	EXP 	text_2: autoDraw = False
81.4268 	EXP 	text_2: autoDraw = False
81.6134 	EXP 	Sound probe reached end of file
81.6139 	EXP 	window1: recordFrameIntervals = False
81.6440 	EXP 	text_2: autoDraw = True
81.6451 	EXP 	window1: recordFrameIntervals = True
84.2139 	DATA 	Keypress: space
84.4354 	EXP 	New trial (rep=7, index=0): None
84.4364 	EXP 	Sound probe started
84.4627 	EXP 	text_2: autoDraw = False
84.4627 	EXP 	text_2: autoDraw = False
84.6535 	EXP 	Sound probe reached end of file
84.6540 	EXP 	window1: recordFrameIntervals = False
84.6866 	EXP 	text_2: autoDraw = True
84.6878 	EXP 	window1: recordFrameIntervals = True
86.5390 	EXP 	New trial (rep=8, index=0): None
86.5400 	EXP 	Sound probe started
86.5593 	EXP 	text_2: autoDraw = False
86.5593 	EXP 	text_2: autoDraw = False
86.7534 	EXP 	Sound probe reached end of file
86.7553 	EXP 	window1: recordFrameIntervals = False
86.7773 	EXP 	text_2: autoDraw = True
86.7786 	EXP 	window1: recordFrameIntervals = True
89.1038 	EXP 	New trial (rep=9, index=0): None
89.1046 	EXP 	Sound probe started
89.1301 	EXP 	text_2: autoDraw = False
89.1301 	EXP 	text_2: autoDraw = False
89.3215 	EXP 	Sound probe reached end of file
89.3235 	EXP 	window1: recordFrameIntervals = False
89.3467 	EXP 	text_2: autoDraw = True
89.3482 	EXP 	window1: recordFrameIntervals = True
90.5275 	EXP 	New trial (rep=10, index=0): None
90.5285 	EXP 	Sound probe started
90.5538 	EXP 	text_2: autoDraw = False
90.5538 	EXP 	text_2: autoDraw = False
90.7415 	EXP 	Sound probe reached end of file
90.7433 	EXP 	window1: recordFrameIntervals = False
90.7650 	EXP 	text_2: autoDraw = True
90.7662 	EXP 	window1: recordFrameIntervals = True
91.7890 	DATA 	Keypress: space
92.0107 	EXP 	New trial (rep=11, index=0): None
92.0118 	EXP 	Sound probe started
92.0392 	EXP 	text_2: autoDraw = False
92.0392 	EXP 	text_2: autoDraw = False
92.2302 	EXP 	Sound probe reached end of file
92.2314 	EXP 	window1: recordFrameIntervals = False
92.2623 	EXP 	text_2: autoDraw = True
92.2634 	EXP 	window1: recordFrameIntervals = True
94.3945 	EXP 	New trial (rep=12, index=0): None
94.3954 	EXP 	Sound probe started
94.4205 	EXP 	text_2: autoDraw = False
94.4205 	EXP 	text_2: autoDraw = False
94.6134 	EXP 	Sound probe reached end of file
94.6150 	EXP 	window1: recordFrameIntervals = False
94.6359 	EXP 	text_2: autoDraw = True
94.6371 	EXP 	window1: recordFrameIntervals = True
96.6553 	DATA 	Keypress: space
96.8834 	EXP 	New trial (rep=13, index=0): None
96.8845 	EXP 	Sound probe started
96.9048 	EXP 	text_2: autoDraw = False
96.9048 	EXP 	text_2: autoDraw = False
97.0895 	EXP 	Sound probe stopped
97.0899 	EXP 	window1: recordFrameIntervals = False
97.1209 	EXP 	text_2: autoDraw = True
97.1224 	EXP 	window1: recordFrameIntervals = True
98.5953 	DATA 	Keypress: space
98.8169 	EXP 	New trial (rep=14, index=0): None
98.8179 	EXP 	Sound probe started
98.8436 	EXP 	text_2: autoDraw = False
98.8436 	EXP 	text_2: autoDraw = False
99.0295 	EXP 	Sound probe reached end of file
99.0300 	EXP 	window1: recordFrameIntervals = False
99.0615 	EXP 	text_2: autoDraw = True
99.0627 	EXP 	window1: recordFrameIntervals = True
100.8872 	EXP 	text_2: autoDraw = False
100.8872 	EXP 	text_2: autoDraw = False
100.8872 	EXP 	break_txt: autoDraw = True
106.0038 	EXP 	New trial (rep=2, index=0): None
107.6910 	DATA 	Keypress: space
107.7070 	EXP 	break_txt: autoDraw = False
107.7070 	EXP 	text: height = 0.05
107.7070 	EXP 	text: height = 0.05
107.7070 	EXP 	text: text = 'X'
107.7070 	EXP 	text: autoDraw = True
108.7154 	EXP 	Created sequence: sequential, trialTypes=1, nReps=14, seed=None
108.7156 	EXP 	New trial (rep=0, index=0): None
108.7167 	EXP 	Sound probe started
108.7456 	EXP 	text: autoDraw = False
108.7456 	EXP 	text: autoDraw = False
108.9316 	EXP 	Sound probe reached end of file
108.9321 	EXP 	window1: recordFrameIntervals = False
108.9638 	EXP 	text_2: autoDraw = True
108.9651 	EXP 	window1: recordFrameIntervals = True
111.5800 	DATA 	Keypress: space
111.8021 	EXP 	New trial (rep=1, index=0): None
111.8030 	EXP 	Sound probe started
111.8304 	EXP 	text_2: autoDraw = False
111.8304 	EXP 	text_2: autoDraw = False
112.0216 	EXP 	Sound probe reached end of file
112.0237 	EXP 	window1: recordFrameIntervals = False
112.0473 	EXP 	text_2: autoDraw = True
112.0485 	EXP 	window1: recordFrameIntervals = True
113.2142 	EXP 	New trial (rep=2, index=0): None
113.2152 	EXP 	Sound probe started
113.2400 	EXP 	text_2: autoDraw = False
113.2400 	EXP 	text_2: autoDraw = False
113.4296 	EXP 	Sound probe reached end of file
113.4312 	EXP 	window1: recordFrameIntervals = False
113.4513 	EXP 	text_2: autoDraw = True
113.4525 	EXP 	window1: recordFrameIntervals = True
115.9724 	EXP 	New trial (rep=3, index=0): None
115.9736 	EXP 	Sound probe started
115.9941 	EXP 	text_2: autoDraw = False
115.9941 	EXP 	text_2: autoDraw = False
116.1814 	EXP 	Sound probe stopped
116.1834 	EXP 	window1: recordFrameIntervals = False
116.2082 	EXP 	text_2: autoDraw = True
116.2095 	EXP 	window1: recordFrameIntervals = True
117.3020 	EXP 	New trial (rep=4, index=0): None
117.3030 	EXP 	Sound probe started
117.3294 	EXP 	text_2: autoDraw = False
117.3294 	EXP 	text_2: autoDraw = False
117.5213 	EXP 	Sound probe reached end of file
117.5217 	EXP 	window1: recordFrameIntervals = False
117.5542 	EXP 	text_2: autoDraw = True
117.5554 	EXP 	window1: recordFrameIntervals = True
119.9190 	DATA 	Keypress: space
120.1405 	EXP 	New trial (rep=5, index=0): None
120.1417 	EXP 	Sound probe started
120.1674 	EXP 	text_2: autoDraw = False
120.1674 	EXP 	text_2: autoDraw = False
120.3616 	EXP 	Sound probe reached end of file
120.3637 	EXP 	window1: recordFrameIntervals = False
120.3896 	EXP 	text_2: autoDraw = True
120.3908 	EXP 	window1: recordFrameIntervals = True
121.8894 	EXP 	New trial (rep=6, index=0): None
121.8904 	EXP 	Sound probe started
121.9153 	EXP 	text_2: autoDraw = False
121.9153 	EXP 	text_2: autoDraw = False
122.1094 	EXP 	Sound probe reached end of file
122.1110 	EXP 	window1: recordFrameIntervals = False
122.1318 	EXP 	text_2: autoDraw = True
122.1330 	EXP 	window1: recordFrameIntervals = True
123.9481 	EXP 	New trial (rep=7, index=0): None
123.9493 	EXP 	Sound probe started
123.9775 	EXP 	text_2: autoDraw = False
123.9775 	EXP 	text_2: autoDraw = False
124.1694 	EXP 	Sound probe reached end of file
124.1712 	EXP 	window1: recordFrameIntervals = False
124.1894 	EXP 	text_2: autoDraw = True
124.1909 	EXP 	window1: recordFrameIntervals = True
126.2436 	DATA 	Keypress: space
126.4658 	EXP 	New trial (rep=8, index=0): None
126.4668 	EXP 	Sound probe started
126.4922 	EXP 	text_2: autoDraw = False
126.4922 	EXP 	text_2: autoDraw = False
126.6775 	EXP 	Sound probe reached end of file
126.6797 	EXP 	window1: recordFrameIntervals = False
126.7027 	EXP 	text_2: autoDraw = True
126.7039 	EXP 	window1: recordFrameIntervals = True
127.8967 	EXP 	New trial (rep=9, index=0): None
127.8978 	EXP 	Sound probe started
127.9228 	EXP 	text_2: autoDraw = False
127.9228 	EXP 	text_2: autoDraw = False
128.1176 	EXP 	Sound probe reached end of file
128.1188 	EXP 	window1: recordFrameIntervals = False
128.1505 	EXP 	text_2: autoDraw = True
128.1540 	EXP 	window1: recordFrameIntervals = True
130.9802 	EXP 	New trial (rep=10, index=0): None
130.9837 	EXP 	Sound probe started
131.0040 	EXP 	text_2: autoDraw = False
131.0040 	EXP 	text_2: autoDraw = False
131.1976 	EXP 	Sound probe reached end of file
131.1997 	EXP 	window1: recordFrameIntervals = False
131.2234 	EXP 	text_2: autoDraw = True
131.2246 	EXP 	window1: recordFrameIntervals = True
132.6153 	DATA 	Keypress: space
132.8376 	EXP 	New trial (rep=11, index=0): None
132.8387 	EXP 	Sound probe started
132.8647 	EXP 	text_2: autoDraw = False
132.8647 	EXP 	text_2: autoDraw = False
133.0576 	EXP 	Sound probe reached end of file
133.0580 	EXP 	window1: recordFrameIntervals = False
133.0780 	EXP 	text_2: autoDraw = True
133.0791 	EXP 	window1: recordFrameIntervals = True
134.3190 	EXP 	New trial (rep=12, index=0): None
134.3199 	EXP 	Sound probe started
134.3457 	EXP 	text_2: autoDraw = False
134.3457 	EXP 	text_2: autoDraw = False
134.5374 	EXP 	Sound probe reached end of file
134.5379 	EXP 	window1: recordFrameIntervals = False
134.5701 	EXP 	text_2: autoDraw = True
134.5713 	EXP 	window1: recordFrameIntervals = True
136.3080 	EXP 	New trial (rep=13, index=0): None
136.3090 	EXP 	Sound probe started
136.3354 	EXP 	text_2: autoDraw = False
136.3354 	EXP 	text_2: autoDraw = False
136.5174 	EXP 	Sound probe reached end of file
136.5196 	EXP 	window1: recordFrameIntervals = False
136.5461 	EXP 	text_2: autoDraw = True
136.5473 	EXP 	window1: recordFrameIntervals = True
138.4726 	DATA 	Keypress: space
138.7211 	EXP 	text_2: autoDraw = False
138.7211 	EXP 	text_2: autoDraw = False
138.7211 	EXP 	break_txt: autoDraw = True
140.4684 	EXP 	New trial (rep=3, index=0): None
141.8766 	DATA 	Keypress: space
141.8923 	EXP 	break_txt: autoDraw = False
141.8923 	EXP 	text: height = 0.05
141.8923 	EXP 	text: height = 0.05
141.8923 	EXP 	text: text = 'HAUTEUR'
141.8923 	EXP 	text: autoDraw = True
142.9012 	EXP 	Created sequence: sequential, trialTypes=1, nReps=14, seed=None
142.9013 	EXP 	New trial (rep=0, index=0): None
142.9027 	EXP 	Sound probe started
142.9354 	EXP 	text: autoDraw = False
142.9354 	EXP 	text: autoDraw = False
143.1176 	EXP 	Sound probe reached end of file
143.1197 	EXP 	window1: recordFrameIntervals = False
143.1458 	EXP 	text_2: autoDraw = True
143.1471 	EXP 	window1: recordFrameIntervals = True
145.7851 	EXP 	New trial (rep=1, index=0): None
145.7861 	EXP 	Sound probe started
145.8125 	EXP 	text_2: autoDraw = False
145.8125 	EXP 	text_2: autoDraw = False
145.9973 	EXP 	Sound probe reached end of file
146.0191 	EXP 	window1: recordFrameIntervals = False
146.0451 	EXP 	text_2: autoDraw = True
146.0462 	EXP 	window1: recordFrameIntervals = True
147.3746 	EXP 	New trial (rep=2, index=0): None
147.3756 	EXP 	Sound probe started
147.4035 	EXP 	text_2: autoDraw = False
147.4035 	EXP 	text_2: autoDraw = False
147.5853 	EXP 	Sound probe reached end of file
147.5857 	EXP 	window1: recordFrameIntervals = False
147.6145 	EXP 	text_2: autoDraw = True
147.6156 	EXP 	window1: recordFrameIntervals = True
148.7228 	EXP 	New trial (rep=3, index=0): None
148.7239 	EXP 	Sound probe started
148.7447 	EXP 	text_2: autoDraw = False
148.7447 	EXP 	text_2: autoDraw = False
148.9375 	EXP 	Sound probe reached end of file
148.9396 	EXP 	window1: recordFrameIntervals = False
148.9607 	EXP 	text_2: autoDraw = True
148.9624 	EXP 	window1: recordFrameIntervals = True
150.9531 	EXP 	New trial (rep=4, index=0): None
150.9564 	EXP 	Sound probe started
150.9758 	EXP 	text_2: autoDraw = False
150.9758 	EXP 	text_2: autoDraw = False
151.1655 	EXP 	Sound probe reached end of file
151.1675 	EXP 	window1: recordFrameIntervals = False
151.1949 	EXP 	text_2: autoDraw = True
151.1961 	EXP 	window1: recordFrameIntervals = True
152.7687 	EXP 	New trial (rep=5, index=0): None
152.7725 	EXP 	Sound probe started
152.7937 	EXP 	text_2: autoDraw = False
152.7937 	EXP 	text_2: autoDraw = False
152.9855 	EXP 	Sound probe reached end of file
152.9878 	EXP 	window1: recordFrameIntervals = False
153.0134 	EXP 	text_2: autoDraw = True
153.0147 	EXP 	window1: recordFrameIntervals = True
155.0290 	DATA 	Keypress: space
155.2519 	EXP 	New trial (rep=6, index=0): None
155.2548 	EXP 	Sound probe started
155.2788 	EXP 	text_2: autoDraw = False
155.2788 	EXP 	text_2: autoDraw = False
155.4655 	EXP 	Sound probe reached end of file
155.4658 	EXP 	window1: recordFrameIntervals = False
155.4953 	EXP 	text_2: autoDraw = True
155.4963 	EXP 	window1: recordFrameIntervals = True
157.7669 	EXP 	New trial (rep=7, index=0): None
157.7679 	EXP 	Sound probe started
157.7955 	EXP 	text_2: autoDraw = False
157.7955 	EXP 	text_2: autoDraw = False
157.9853 	EXP 	Sound probe reached end of file
157.9858 	EXP 	window1: recordFrameIntervals = False
158.0062 	EXP 	text_2: autoDraw = True
158.0073 	EXP 	window1: recordFrameIntervals = True
160.4246 	DATA 	Keypress: space
160.6483 	EXP 	New trial (rep=8, index=0): None
160.6492 	EXP 	Sound probe started
160.6747 	EXP 	text_2: autoDraw = False
160.6747 	EXP 	text_2: autoDraw = False
160.8653 	EXP 	Sound probe reached end of file
160.8657 	EXP 	window1: recordFrameIntervals = False
160.8969 	EXP 	text_2: autoDraw = True
160.8982 	EXP 	window1: recordFrameIntervals = True
163.2935 	DATA 	Keypress: space
163.5251 	EXP 	New trial (rep=9, index=0): None
163.5262 	EXP 	Sound probe started
163.5465 	EXP 	text_2: autoDraw = False
163.5465 	EXP 	text_2: autoDraw = False
163.7373 	EXP 	Sound probe stopped
163.7398 	EXP 	window1: recordFrameIntervals = False
163.7681 	EXP 	text_2: autoDraw = True
163.7693 	EXP 	window1: recordFrameIntervals = True
164.5619 	DATA 	Keypress: space
164.7857 	EXP 	New trial (rep=10, index=0): None
164.7867 	EXP 	Sound probe started
164.8119 	EXP 	text_2: autoDraw = False
164.8119 	EXP 	text_2: autoDraw = False
165.0055 	EXP 	Sound probe reached end of file
165.0074 	EXP 	window1: recordFrameIntervals = False
165.0341 	EXP 	text_2: autoDraw = True
165.0354 	EXP 	window1: recordFrameIntervals = True
165.9671 	DATA 	Keypress: space
166.1906 	EXP 	New trial (rep=11, index=0): None
166.1916 	EXP 	Sound probe started
166.2167 	EXP 	text_2: autoDraw = False
166.2167 	EXP 	text_2: autoDraw = False
166.4054 	EXP 	Sound probe reached end of file
166.4073 	EXP 	window1: recordFrameIntervals = False
166.4312 	EXP 	text_2: autoDraw = True
166.4324 	EXP 	window1: recordFrameIntervals = True
168.5987 	EXP 	New trial (rep=12, index=0): None
168.6009 	EXP 	Sound probe started
168.6268 	EXP 	text_2: autoDraw = False
168.6268 	EXP 	text_2: autoDraw = False
168.8174 	EXP 	Sound probe reached end of file
168.8193 	EXP 	window1: recordFrameIntervals = False
168.8473 	EXP 	text_2: autoDraw = True
168.8486 	EXP 	window1: recordFrameIntervals = True
169.9803 	EXP 	New trial (rep=13, index=0): None
169.9812 	EXP 	Sound probe started
170.0019 	EXP 	text_2: autoDraw = False
170.0019 	EXP 	text_2: autoDraw = False
170.1856 	EXP 	Sound probe stopped
170.1881 	EXP 	window1: recordFrameIntervals = False
170.2146 	EXP 	text_2: autoDraw = True
170.2159 	EXP 	window1: recordFrameIntervals = True
172.9404 	EXP 	text_2: autoDraw = False
172.9404 	EXP 	text_2: autoDraw = False
172.9404 	EXP 	break_txt: autoDraw = True
174.3393 	EXP 	New trial (rep=4, index=0): None
176.0411 	DATA 	Keypress: space
176.0571 	EXP 	break_txt: autoDraw = False
176.0571 	EXP 	text: text = 'HAUTEUR'
176.0571 	EXP 	text: autoDraw = True
177.0654 	EXP 	Created sequence: sequential, trialTypes=1, nReps=10, seed=None
177.0656 	EXP 	New trial (rep=0, index=0): None
177.0668 	EXP 	Sound probe started
177.0949 	EXP 	text: autoDraw = False
177.0949 	EXP 	text: autoDraw = False
177.2854 	EXP 	Sound probe reached end of file
177.2876 	EXP 	window1: recordFrameIntervals = False
177.3150 	EXP 	text_2: autoDraw = True
177.3162 	EXP 	window1: recordFrameIntervals = True
179.1380 	EXP 	New trial (rep=1, index=0): None
179.1390 	EXP 	Sound probe started
179.1642 	EXP 	text_2: autoDraw = False
179.1642 	EXP 	text_2: autoDraw = False
179.3535 	EXP 	Sound probe reached end of file
179.3555 	EXP 	window1: recordFrameIntervals = False
179.3776 	EXP 	text_2: autoDraw = True
179.3788 	EXP 	window1: recordFrameIntervals = True
181.2565 	EXP 	New trial (rep=2, index=0): None
181.2575 	EXP 	Sound probe started
181.2831 	EXP 	text_2: autoDraw = False
181.2831 	EXP 	text_2: autoDraw = False
181.4734 	EXP 	Sound probe reached end of file
181.4739 	EXP 	window1: recordFrameIntervals = False
181.4949 	EXP 	text_2: autoDraw = True
181.4965 	EXP 	window1: recordFrameIntervals = True
182.8992 	EXP 	New trial (rep=3, index=0): None
182.9025 	EXP 	Sound probe started
182.9241 	EXP 	text_2: autoDraw = False
182.9241 	EXP 	text_2: autoDraw = False
183.1133 	EXP 	Sound probe reached end of file
183.1137 	EXP 	window1: recordFrameIntervals = False
183.1405 	EXP 	text_2: autoDraw = True
183.1417 	EXP 	window1: recordFrameIntervals = True
184.8190 	EXP 	New trial (rep=4, index=0): None
184.8229 	EXP 	Sound probe started
184.8433 	EXP 	text_2: autoDraw = False
184.8433 	EXP 	text_2: autoDraw = False
185.0334 	EXP 	Sound probe reached end of file
185.0352 	EXP 	window1: recordFrameIntervals = False
185.0639 	EXP 	text_2: autoDraw = True
185.0651 	EXP 	window1: recordFrameIntervals = True
187.8685 	EXP 	New trial (rep=5, index=0): None
187.8697 	EXP 	Sound probe started
187.8957 	EXP 	text_2: autoDraw = False
187.8957 	EXP 	text_2: autoDraw = False
188.0853 	EXP 	Sound probe reached end of file
188.0857 	EXP 	window1: recordFrameIntervals = False
188.1119 	EXP 	text_2: autoDraw = True
188.1132 	EXP 	window1: recordFrameIntervals = True
190.3025 	EXP 	New trial (rep=6, index=0): None
190.3035 	EXP 	Sound probe started
190.3308 	EXP 	text_2: autoDraw = False
190.3308 	EXP 	text_2: autoDraw = False
190.5135 	EXP 	Sound probe reached end of file
190.5153 	EXP 	window1: recordFrameIntervals = False
190.5375 	EXP 	text_2: autoDraw = True
190.5387 	EXP 	window1: recordFrameIntervals = True
192.2046 	DATA 	Keypress: space
192.4333 	EXP 	New trial (rep=7, index=0): None
192.4344 	EXP 	Sound probe started
192.4541 	EXP 	text_2: autoDraw = False
192.4541 	EXP 	text_2: autoDraw = False
192.6454 	EXP 	Sound probe stopped
192.6471 	EXP 	window1: recordFrameIntervals = False
192.6674 	EXP 	text_2: autoDraw = True
192.6686 	EXP 	window1: recordFrameIntervals = True
194.9549 	EXP 	New trial (rep=8, index=0): None
194.9560 	EXP 	Sound probe started
194.9819 	EXP 	text_2: autoDraw = False
194.9819 	EXP 	text_2: autoDraw = False
195.1655 	EXP 	Sound probe stopped
195.1679 	EXP 	window1: recordFrameIntervals = False
195.1967 	EXP 	text_2: autoDraw = True
195.1979 	EXP 	window1: recordFrameIntervals = True
197.5838 	DATA 	Keypress: space
197.8073 	EXP 	New trial (rep=9, index=0): None
197.8083 	EXP 	Sound probe started
197.8337 	EXP 	text_2: autoDraw = False
197.8337 	EXP 	text_2: autoDraw = False
198.0218 	EXP 	Sound probe reached end of file
198.0237 	EXP 	window1: recordFrameIntervals = False
198.0448 	EXP 	text_2: autoDraw = True
198.0460 	EXP 	window1: recordFrameIntervals = True
198.8702 	DATA 	Keypress: space
199.1224 	EXP 	text_2: autoDraw = False
199.1224 	EXP 	text_2: autoDraw = False
199.1224 	EXP 	break_txt: autoDraw = True
200.6361 	EXP 	New trial (rep=5, index=0): None
202.6024 	DATA 	Keypress: space
202.6184 	EXP 	break_txt: autoDraw = False
202.6184 	EXP 	text: text = 'HAUTEUR'
202.6184 	EXP 	text: autoDraw = True
203.6252 	EXP 	Created sequence: sequential, trialTypes=1, nReps=10, seed=None
203.6254 	EXP 	New trial (rep=0, index=0): None
203.6266 	EXP 	Sound probe started
203.6536 	EXP 	text: autoDraw = False
203.6536 	EXP 	text: autoDraw = False
203.8412 	EXP 	Sound probe reached end of file
203.8417 	EXP 	window1: recordFrameIntervals = False
203.8724 	EXP 	text_2: autoDraw = True
203.8736 	EXP 	window1: recordFrameIntervals = True
204.7004 	DATA 	Keypress: space
204.9291 	EXP 	New trial (rep=1, index=0): None
204.9306 	EXP 	Sound probe started
204.9498 	EXP 	text_2: autoDraw = False
204.9498 	EXP 	text_2: autoDraw = False
205.1416 	EXP 	Sound probe reached end of file
205.1432 	EXP 	window1: recordFrameIntervals = False
205.1642 	EXP 	text_2: autoDraw = True
205.1655 	EXP 	window1: recordFrameIntervals = True
208.0634 	EXP 	New trial (rep=2, index=0): None
208.0665 	EXP 	Sound probe started
208.0854 	EXP 	text_2: autoDraw = False
208.0854 	EXP 	text_2: autoDraw = False
208.2815 	EXP 	Sound probe reached end of file
208.2836 	EXP 	window1: recordFrameIntervals = False
208.3065 	EXP 	text_2: autoDraw = True
208.3079 	EXP 	window1: recordFrameIntervals = True
210.8917 	DATA 	Keypress: space
211.1195 	EXP 	New trial (rep=3, index=0): None
211.1207 	EXP 	Sound probe started
211.1402 	EXP 	text_2: autoDraw = False
211.1402 	EXP 	text_2: autoDraw = False
211.3334 	EXP 	Sound probe reached end of file
211.3354 	EXP 	window1: recordFrameIntervals = False
211.3590 	EXP 	text_2: autoDraw = True
211.3601 	EXP 	window1: recordFrameIntervals = True
212.3324 	DATA 	Keypress: space
212.5559 	EXP 	New trial (rep=4, index=0): None
212.5569 	EXP 	Sound probe started
212.5821 	EXP 	text_2: autoDraw = False
212.5821 	EXP 	text_2: autoDraw = False
212.7732 	EXP 	Sound probe reached end of file
212.7738 	EXP 	window1: recordFrameIntervals = False
212.7947 	EXP 	text_2: autoDraw = True
212.7967 	EXP 	window1: recordFrameIntervals = True
215.1101 	EXP 	New trial (rep=5, index=0): None
215.1111 	EXP 	Sound probe started
215.1360 	EXP 	text_2: autoDraw = False
215.1360 	EXP 	text_2: autoDraw = False
215.3213 	EXP 	Sound probe reached end of file
215.3232 	EXP 	window1: recordFrameIntervals = False
215.3462 	EXP 	text_2: autoDraw = True
215.3474 	EXP 	window1: recordFrameIntervals = True
217.7762 	DATA 	Keypress: space
218.0005 	EXP 	New trial (rep=6, index=0): None
218.0021 	EXP 	Sound probe started
218.0272 	EXP 	text_2: autoDraw = False
218.0272 	EXP 	text_2: autoDraw = False
218.2213 	EXP 	Sound probe reached end of file
218.2218 	EXP 	window1: recordFrameIntervals = False
218.2428 	EXP 	text_2: autoDraw = True
218.2440 	EXP 	window1: recordFrameIntervals = True
219.3844 	DATA 	Keypress: space
219.6123 	EXP 	New trial (rep=7, index=0): None
219.6134 	EXP 	Sound probe started
219.6331 	EXP 	text_2: autoDraw = False
219.6331 	EXP 	text_2: autoDraw = False
219.8214 	EXP 	Sound probe stopped
219.8235 	EXP 	window1: recordFrameIntervals = False
219.8499 	EXP 	text_2: autoDraw = True
219.8520 	EXP 	window1: recordFrameIntervals = True
221.9589 	DATA 	Keypress: space
222.1830 	EXP 	New trial (rep=8, index=0): None
222.1840 	EXP 	Sound probe started
222.2101 	EXP 	text_2: autoDraw = False
222.2101 	EXP 	text_2: autoDraw = False
222.4015 	EXP 	Sound probe reached end of file
222.4025 	EXP 	window1: recordFrameIntervals = False
222.4237 	EXP 	text_2: autoDraw = True
222.4252 	EXP 	window1: recordFrameIntervals = True
223.9571 	DATA 	Keypress: space
224.1889 	EXP 	New trial (rep=9, index=0): None
224.1899 	EXP 	Sound probe started
224.2108 	EXP 	text_2: autoDraw = False
224.2108 	EXP 	text_2: autoDraw = False
224.4013 	EXP 	Sound probe stopped
224.4032 	EXP 	window1: recordFrameIntervals = False
224.4274 	EXP 	text_2: autoDraw = True
224.4287 	EXP 	window1: recordFrameIntervals = True
226.5886 	EXP 	text_2: autoDraw = False
226.5886 	EXP 	text_2: autoDraw = False
226.5886 	EXP 	break_txt: autoDraw = True
227.5494 	EXP 	New trial (rep=6, index=0): None
229.7608 	DATA 	Keypress: space
229.7770 	EXP 	break_txt: autoDraw = False
229.7770 	EXP 	text: text = 'HAUTEUR'
229.7770 	EXP 	text: autoDraw = True
230.7904 	EXP 	Created sequence: sequential, trialTypes=1, nReps=11, seed=None
230.7905 	EXP 	New trial (rep=0, index=0): None
230.7917 	EXP 	Sound probe started
230.8233 	EXP 	text: autoDraw = False
230.8233 	EXP 	text: autoDraw = False
231.0094 	EXP 	Sound probe reached end of file
231.0112 	EXP 	window1: recordFrameIntervals = False
231.0341 	EXP 	text_2: autoDraw = True
231.0354 	EXP 	window1: recordFrameIntervals = True
232.5615 	EXP 	New trial (rep=1, index=0): None
232.5623 	EXP 	Sound probe started
232.5873 	EXP 	text_2: autoDraw = False
232.5873 	EXP 	text_2: autoDraw = False
232.7812 	EXP 	Sound probe reached end of file
232.7828 	EXP 	window1: recordFrameIntervals = False
232.7992 	EXP 	text_2: autoDraw = True
232.8005 	EXP 	window1: recordFrameIntervals = True
234.8442 	EXP 	New trial (rep=2, index=0): None
234.8452 	EXP 	Sound probe started
234.8711 	EXP 	text_2: autoDraw = False
234.8711 	EXP 	text_2: autoDraw = False
235.0614 	EXP 	Sound probe reached end of file
235.0637 	EXP 	window1: recordFrameIntervals = False
235.0855 	EXP 	text_2: autoDraw = True
235.0866 	EXP 	window1: recordFrameIntervals = True
236.6571 	DATA 	Keypress: space
236.8812 	EXP 	New trial (rep=3, index=0): None
236.8822 	EXP 	Sound probe started
236.9082 	EXP 	text_2: autoDraw = False
236.9082 	EXP 	text_2: autoDraw = False
237.1012 	EXP 	Sound probe reached end of file
237.1019 	EXP 	window1: recordFrameIntervals = False
237.1309 	EXP 	text_2: autoDraw = True
237.1327 	EXP 	window1: recordFrameIntervals = True
239.3012 	EXP 	New trial (rep=4, index=0): None
239.3022 	EXP 	Sound probe started
239.3274 	EXP 	text_2: autoDraw = False
239.3274 	EXP 	text_2: autoDraw = False
239.5216 	EXP 	Sound probe reached end of file
239.5222 	EXP 	window1: recordFrameIntervals = False
239.5435 	EXP 	text_2: autoDraw = True
239.5447 	EXP 	window1: recordFrameIntervals = True
241.6233 	DATA 	Keypress: space
241.8523 	EXP 	New trial (rep=5, index=0): None
241.8535 	EXP 	Sound probe started
241.8737 	EXP 	text_2: autoDraw = False
241.8737 	EXP 	text_2: autoDraw = False
242.0613 	EXP 	Sound probe stopped
242.0632 	EXP 	window1: recordFrameIntervals = False
242.0857 	EXP 	text_2: autoDraw = True
242.0869 	EXP 	window1: recordFrameIntervals = True
243.3595 	EXP 	New trial (rep=6, index=0): None
243.3605 	EXP 	Sound probe started
243.3881 	EXP 	text_2: autoDraw = False
243.3881 	EXP 	text_2: autoDraw = False
243.5690 	EXP 	Sound probe reached end of file
243.5694 	EXP 	window1: recordFrameIntervals = False
243.5966 	EXP 	text_2: autoDraw = True
243.5978 	EXP 	window1: recordFrameIntervals = True
245.5632 	EXP 	New trial (rep=7, index=0): None
245.5658 	EXP 	Sound probe started
245.5903 	EXP 	text_2: autoDraw = False
245.5903 	EXP 	text_2: autoDraw = False
245.7812 	EXP 	Sound probe reached end of file
245.7831 	EXP 	window1: recordFrameIntervals = False
245.8065 	EXP 	text_2: autoDraw = True
245.8077 	EXP 	window1: recordFrameIntervals = True
246.9550 	EXP 	New trial (rep=8, index=0): None
246.9574 	EXP 	Sound probe started
246.9771 	EXP 	text_2: autoDraw = False
246.9771 	EXP 	text_2: autoDraw = False
247.1695 	EXP 	Sound probe reached end of file
247.1724 	EXP 	window1: recordFrameIntervals = False
247.1981 	EXP 	text_2: autoDraw = True
247.2031 	EXP 	window1: recordFrameIntervals = True
248.8667 	DATA 	Keypress: space
249.0980 	EXP 	New trial (rep=9, index=0): None
249.0991 	EXP 	Sound probe started
249.1193 	EXP 	text_2: autoDraw = False
249.1193 	EXP 	text_2: autoDraw = False
249.3093 	EXP 	Sound probe stopped
249.3115 	EXP 	window1: recordFrameIntervals = False
249.3326 	EXP 	text_2: autoDraw = True
249.3338 	EXP 	window1: recordFrameIntervals = True
250.2474 	DATA 	Keypress: space
250.4751 	EXP 	New trial (rep=10, index=0): None
250.4784 	EXP 	Sound probe started
250.4977 	EXP 	text_2: autoDraw = False
250.4977 	EXP 	text_2: autoDraw = False
250.6893 	EXP 	Sound probe stopped
250.6913 	EXP 	window1: recordFrameIntervals = False
250.7162 	EXP 	text_2: autoDraw = True
250.7175 	EXP 	window1: recordFrameIntervals = True
252.0370 	DATA 	Keypress: space
252.3373 	EXP 	text_2: autoDraw = False
252.3373 	EXP 	text_2: autoDraw = False
252.3373 	EXP 	break_txt: autoDraw = True
253.3210 	EXP 	New trial (rep=7, index=0): None
255.4454 	DATA 	Keypress: space
255.4614 	EXP 	break_txt: autoDraw = False
255.4614 	EXP 	text: height = 0.05
255.4614 	EXP 	text: height = 0.05
255.4614 	EXP 	text: text = 'X'
255.4614 	EXP 	text: autoDraw = True
256.4590 	EXP 	Created sequence: sequential, trialTypes=1, nReps=12, seed=None
256.4592 	EXP 	New trial (rep=0, index=0): None
256.4605 	EXP 	Sound probe started
256.4941 	EXP 	text: autoDraw = False
256.4941 	EXP 	text: autoDraw = False
256.6777 	EXP 	Sound probe reached end of file
256.6794 	EXP 	window1: recordFrameIntervals = False
256.7063 	EXP 	text_2: autoDraw = True
256.7076 	EXP 	window1: recordFrameIntervals = True
257.7319 	EXP 	New trial (rep=1, index=0): None
257.7347 	EXP 	Sound probe started
257.7540 	EXP 	text_2: autoDraw = False
257.7540 	EXP 	text_2: autoDraw = False
257.9493 	EXP 	Sound probe reached end of file
257.9512 	EXP 	window1: recordFrameIntervals = False
257.9738 	EXP 	text_2: autoDraw = True
257.9751 	EXP 	window1: recordFrameIntervals = True
259.0384 	EXP 	New trial (rep=2, index=0): None
259.0395 	EXP 	Sound probe started
259.0599 	EXP 	text_2: autoDraw = False
259.0599 	EXP 	text_2: autoDraw = False
259.2494 	EXP 	Sound probe stopped
259.2513 	EXP 	window1: recordFrameIntervals = False
259.2721 	EXP 	text_2: autoDraw = True
259.2733 	EXP 	window1: recordFrameIntervals = True
261.9228 	EXP 	New trial (rep=3, index=0): None
261.9242 	EXP 	Sound probe started
261.9442 	EXP 	text_2: autoDraw = False
261.9442 	EXP 	text_2: autoDraw = False
262.1375 	EXP 	Sound probe reached end of file
262.1392 	EXP 	window1: recordFrameIntervals = False
262.1590 	EXP 	text_2: autoDraw = True
262.1628 	EXP 	window1: recordFrameIntervals = True
263.7762 	EXP 	New trial (rep=4, index=0): None
263.7772 	EXP 	Sound probe started
263.8035 	EXP 	text_2: autoDraw = False
263.8035 	EXP 	text_2: autoDraw = False
263.9970 	EXP 	Sound probe reached end of file
263.9974 	EXP 	window1: recordFrameIntervals = False
264.0177 	EXP 	text_2: autoDraw = True
264.0188 	EXP 	window1: recordFrameIntervals = True
266.7407 	DATA 	Keypress: space
266.9653 	EXP 	New trial (rep=5, index=0): None
266.9663 	EXP 	Sound probe started
266.9935 	EXP 	text_2: autoDraw = False
266.9935 	EXP 	text_2: autoDraw = False
267.1774 	EXP 	Sound probe reached end of file
267.1790 	EXP 	window1: recordFrameIntervals = False
267.1992 	EXP 	text_2: autoDraw = True
267.2004 	EXP 	window1: recordFrameIntervals = True
269.6948 	EXP 	New trial (rep=6, index=0): None
269.6987 	EXP 	Sound probe started
269.7183 	EXP 	text_2: autoDraw = False
269.7183 	EXP 	text_2: autoDraw = False
269.9093 	EXP 	Sound probe stopped
269.9110 	EXP 	window1: recordFrameIntervals = False
269.9323 	EXP 	text_2: autoDraw = True
269.9336 	EXP 	window1: recordFrameIntervals = True
271.0194 	EXP 	New trial (rep=7, index=0): None
271.0204 	EXP 	Sound probe started
271.0466 	EXP 	text_2: autoDraw = False
271.0466 	EXP 	text_2: autoDraw = False
271.2373 	EXP 	Sound probe reached end of file
271.2376 	EXP 	window1: recordFrameIntervals = False
271.2675 	EXP 	text_2: autoDraw = True
271.2685 	EXP 	window1: recordFrameIntervals = True
273.0871 	EXP 	New trial (rep=8, index=0): None
273.0880 	EXP 	Sound probe started
273.1135 	EXP 	text_2: autoDraw = False
273.1135 	EXP 	text_2: autoDraw = False
273.2975 	EXP 	Sound probe reached end of file
273.2995 	EXP 	window1: recordFrameIntervals = False
273.3231 	EXP 	text_2: autoDraw = True
273.3244 	EXP 	window1: recordFrameIntervals = True
274.1045 	DATA 	Keypress: space
274.3317 	EXP 	New trial (rep=9, index=0): None
274.3352 	EXP 	Sound probe started
274.3558 	EXP 	text_2: autoDraw = False
274.3558 	EXP 	text_2: autoDraw = False
274.5455 	EXP 	Sound probe reached end of file
274.5472 	EXP 	window1: recordFrameIntervals = False
274.5747 	EXP 	text_2: autoDraw = True
274.5759 	EXP 	window1: recordFrameIntervals = True
277.1929 	EXP 	New trial (rep=10, index=0): None
277.1939 	EXP 	Sound probe started
277.2236 	EXP 	text_2: autoDraw = False
277.2236 	EXP 	text_2: autoDraw = False
277.4052 	EXP 	Sound probe reached end of file
277.4056 	EXP 	window1: recordFrameIntervals = False
277.4341 	EXP 	text_2: autoDraw = True
277.4351 	EXP 	window1: recordFrameIntervals = True
279.7352 	DATA 	Keypress: space
279.9602 	EXP 	New trial (rep=11, index=0): None
279.9613 	EXP 	Sound probe started
279.9870 	EXP 	text_2: autoDraw = False
279.9870 	EXP 	text_2: autoDraw = False
280.1775 	EXP 	Sound probe reached end of file
280.1782 	EXP 	window1: recordFrameIntervals = False
280.1988 	EXP 	text_2: autoDraw = True
280.2001 	EXP 	window1: recordFrameIntervals = True
282.4755 	DATA 	Keypress: space
282.7284 	EXP 	text_2: autoDraw = False
282.7284 	EXP 	text_2: autoDraw = False
282.7284 	EXP 	break_txt: autoDraw = True
283.5992 	EXP 	New trial (rep=8, index=0): None
284.5719 	DATA 	Keypress: space
284.5877 	EXP 	break_txt: autoDraw = False
284.5877 	EXP 	text: height = 0.05
284.5877 	EXP 	text: height = 0.05
284.5877 	EXP 	text: text = 'RYTHME'
284.5877 	EXP 	text: autoDraw = True
285.5953 	EXP 	Created sequence: sequential, trialTypes=1, nReps=10, seed=None
285.5955 	EXP 	New trial (rep=0, index=0): None
285.5966 	EXP 	Sound probe started
285.6234 	EXP 	text: autoDraw = False
285.6234 	EXP 	text: autoDraw = False
285.8053 	EXP 	Sound probe reached end of file
285.8057 	EXP 	window1: recordFrameIntervals = False
285.8371 	EXP 	text_2: autoDraw = True
285.8383 	EXP 	window1: recordFrameIntervals = True
288.4733 	EXP 	New trial (rep=1, index=0): None
288.4744 	EXP 	Sound probe started
288.5022 	EXP 	text_2: autoDraw = False
288.5022 	EXP 	text_2: autoDraw = False
288.6853 	EXP 	Sound probe reached end of file
288.6857 	EXP 	window1: recordFrameIntervals = False
288.7053 	EXP 	text_2: autoDraw = True
288.7065 	EXP 	window1: recordFrameIntervals = True
291.1270 	DATA 	Keypress: space
291.3590 	EXP 	New trial (rep=2, index=0): None
291.3601 	EXP 	Sound probe started
291.3803 	EXP 	text_2: autoDraw = False
291.3803 	EXP 	text_2: autoDraw = False
291.5652 	EXP 	Sound probe stopped
291.5675 	EXP 	window1: recordFrameIntervals = False
291.5941 	EXP 	text_2: autoDraw = True
291.5953 	EXP 	window1: recordFrameIntervals = True
294.2379 	EXP 	New trial (rep=3, index=0): None
294.2404 	EXP 	Sound probe started
294.2599 	EXP 	text_2: autoDraw = False
294.2599 	EXP 	text_2: autoDraw = False
294.4451 	EXP 	Sound probe stopped
294.4456 	EXP 	window1: recordFrameIntervals = False
294.4753 	EXP 	text_2: autoDraw = True
294.4768 	EXP 	window1: recordFrameIntervals = True
297.1111 	EXP 	New trial (rep=4, index=0): None
297.1121 	EXP 	Sound probe started
297.1384 	EXP 	text_2: autoDraw = False
297.1384 	EXP 	text_2: autoDraw = False
297.3252 	EXP 	Sound probe reached end of file
297.3272 	EXP 	window1: recordFrameIntervals = False
297.3492 	EXP 	text_2: autoDraw = True
297.3506 	EXP 	window1: recordFrameIntervals = True
299.7688 	DATA 	Keypress: space
300.0009 	EXP 	New trial (rep=5, index=0): None
300.0021 	EXP 	Sound probe started
300.0227 	EXP 	text_2: autoDraw = False
300.0227 	EXP 	text_2: autoDraw = False
300.2132 	EXP 	Sound probe reached end of file
300.2151 	EXP 	window1: recordFrameIntervals = False
300.2368 	EXP 	text_2: autoDraw = True
300.2381 	EXP 	window1: recordFrameIntervals = True
302.8825 	EXP 	New trial (rep=6, index=0): None
302.8836 	EXP 	Sound probe started
302.9113 	EXP 	text_2: autoDraw = False
302.9113 	EXP 	text_2: autoDraw = False
303.1040 	EXP 	Sound probe reached end of file
303.1045 	EXP 	window1: recordFrameIntervals = False
303.1366 	EXP 	text_2: autoDraw = True
303.1379 	EXP 	window1: recordFrameIntervals = True
305.5467 	DATA 	Keypress: space
305.7724 	EXP 	New trial (rep=7, index=0): None
305.7734 	EXP 	Sound probe started
305.7988 	EXP 	text_2: autoDraw = False
305.7988 	EXP 	text_2: autoDraw = False
305.9223 	DATA 	Keypress: space
305.9932 	EXP 	Sound probe reached end of file
305.9937 	EXP 	window1: recordFrameIntervals = False
306.0145 	EXP 	text_2: autoDraw = True
306.0158 	EXP 	window1: recordFrameIntervals = True
308.6617 	EXP 	New trial (rep=8, index=0): None
308.6628 	EXP 	Sound probe started
308.6900 	EXP 	text_2: autoDraw = False
308.6900 	EXP 	text_2: autoDraw = False
308.8733 	EXP 	Sound probe reached end of file
308.8738 	EXP 	window1: recordFrameIntervals = False
308.9010 	EXP 	text_2: autoDraw = True
308.9023 	EXP 	window1: recordFrameIntervals = True
311.5489 	EXP 	New trial (rep=9, index=0): None
311.5500 	EXP 	Sound probe started
311.5701 	EXP 	text_2: autoDraw = False
311.5701 	EXP 	text_2: autoDraw = False
311.7652 	EXP 	Sound probe reached end of file
311.7656 	EXP 	window1: recordFrameIntervals = False
311.7859 	EXP 	text_2: autoDraw = True
311.7870 	EXP 	window1: recordFrameIntervals = True
314.4624 	EXP 	text_2: autoDraw = False
314.4624 	EXP 	text_2: autoDraw = False
314.4624 	EXP 	break_txt: autoDraw = True
315.4940 	EXP 	New trial (rep=9, index=0): None
316.8128 	DATA 	Keypress: space
316.8287 	EXP 	break_txt: autoDraw = False
316.8287 	EXP 	text: text = 'RYTHME'
316.8287 	EXP 	text: autoDraw = True
317.8287 	EXP 	Created sequence: sequential, trialTypes=1, nReps=13, seed=None
317.8289 	EXP 	New trial (rep=0, index=0): None
317.8301 	EXP 	Sound probe started
317.8570 	EXP 	text: autoDraw = False
317.8570 	EXP 	text: autoDraw = False
318.0451 	EXP 	Sound probe reached end of file
318.0456 	EXP 	window1: recordFrameIntervals = False
318.0727 	EXP 	text_2: autoDraw = True
318.0741 	EXP 	window1: recordFrameIntervals = True
320.8863 	EXP 	New trial (rep=1, index=0): None
320.8873 	EXP 	Sound probe started
320.9136 	EXP 	text_2: autoDraw = False
320.9136 	EXP 	text_2: autoDraw = False
321.1052 	EXP 	Sound probe reached end of file
321.1057 	EXP 	window1: recordFrameIntervals = False
321.1268 	EXP 	text_2: autoDraw = True
321.1279 	EXP 	window1: recordFrameIntervals = True
323.9472 	EXP 	New trial (rep=2, index=0): None
323.9506 	EXP 	Sound probe started
323.9730 	EXP 	text_2: autoDraw = False
323.9730 	EXP 	text_2: autoDraw = False
324.1612 	EXP 	Sound probe reached end of file
324.1616 	EXP 	window1: recordFrameIntervals = False
324.1890 	EXP 	text_2: autoDraw = True
324.1902 	EXP 	window1: recordFrameIntervals = True
327.0049 	EXP 	New trial (rep=3, index=0): None
327.0083 	EXP 	Sound probe started
327.0285 	EXP 	text_2: autoDraw = False
327.0285 	EXP 	text_2: autoDraw = False
327.2213 	EXP 	Sound probe reached end of file
327.2233 	EXP 	window1: recordFrameIntervals = False
327.2481 	EXP 	text_2: autoDraw = True
327.2493 	EXP 	window1: recordFrameIntervals = True
330.0654 	EXP 	New trial (rep=4, index=0): None
330.0662 	EXP 	Sound probe started
330.0935 	EXP 	text_2: autoDraw = False
330.0935 	EXP 	text_2: autoDraw = False
330.2813 	EXP 	Sound probe reached end of file
330.2817 	EXP 	window1: recordFrameIntervals = False
330.3020 	EXP 	text_2: autoDraw = True
330.3043 	EXP 	window1: recordFrameIntervals = True
333.1211 	EXP 	New trial (rep=5, index=0): None
333.1221 	EXP 	Sound probe started
333.1492 	EXP 	text_2: autoDraw = False
333.1492 	EXP 	text_2: autoDraw = False
333.3412 	EXP 	Sound probe reached end of file
333.3432 	EXP 	window1: recordFrameIntervals = False
333.3701 	EXP 	text_2: autoDraw = True
333.3715 	EXP 	window1: recordFrameIntervals = True
336.1852 	EXP 	New trial (rep=6, index=0): None
336.1862 	EXP 	Sound probe started
336.2122 	EXP 	text_2: autoDraw = False
336.2122 	EXP 	text_2: autoDraw = False
336.4012 	EXP 	Sound probe reached end of file
336.4016 	EXP 	window1: recordFrameIntervals = False
336.4315 	EXP 	text_2: autoDraw = True
336.4326 	EXP 	window1: recordFrameIntervals = True
339.0174 	DATA 	Keypress: space
339.2434 	EXP 	New trial (rep=7, index=0): None
339.2444 	EXP 	Sound probe started
339.2738 	EXP 	text_2: autoDraw = False
339.2738 	EXP 	text_2: autoDraw = False
339.4611 	EXP 	Sound probe reached end of file
339.4616 	EXP 	window1: recordFrameIntervals = False
339.4896 	EXP 	text_2: autoDraw = True
339.4909 	EXP 	window1: recordFrameIntervals = True
342.0776 	DATA 	Keypress: space
342.3074 	EXP 	New trial (rep=8, index=0): None
342.3085 	EXP 	Sound probe started
342.3283 	EXP 	text_2: autoDraw = False
342.3283 	EXP 	text_2: autoDraw = False
342.5212 	EXP 	Sound probe reached end of file
342.5231 	EXP 	window1: recordFrameIntervals = False
342.5467 	EXP 	text_2: autoDraw = True
342.5479 	EXP 	window1: recordFrameIntervals = True
345.3645 	EXP 	New trial (rep=9, index=0): None
345.3655 	EXP 	Sound probe started
345.3930 	EXP 	text_2: autoDraw = False
345.3930 	EXP 	text_2: autoDraw = False
345.5812 	EXP 	Sound probe reached end of file
345.5815 	EXP 	window1: recordFrameIntervals = False
345.6129 	EXP 	text_2: autoDraw = True
345.6141 	EXP 	window1: recordFrameIntervals = True
348.4221 	EXP 	New trial (rep=10, index=0): None
348.4248 	EXP 	Sound probe started
348.4489 	EXP 	text_2: autoDraw = False
348.4489 	EXP 	text_2: autoDraw = False
348.6411 	EXP 	Sound probe reached end of file
348.6417 	EXP 	window1: recordFrameIntervals = False
348.6625 	EXP 	text_2: autoDraw = True
348.6638 	EXP 	window1: recordFrameIntervals = True
351.4910 	EXP 	New trial (rep=11, index=0): None
351.4921 	EXP 	Sound probe started
351.5121 	EXP 	text_2: autoDraw = False
351.5121 	EXP 	text_2: autoDraw = False
351.7171 	EXP 	Sound probe reached end of file
351.7175 	EXP 	window1: recordFrameIntervals = False
351.7460 	EXP 	text_2: autoDraw = True
351.7471 	EXP 	window1: recordFrameIntervals = True
354.5584 	EXP 	New trial (rep=12, index=0): None
354.5593 	EXP 	Sound probe started
354.5861 	EXP 	text_2: autoDraw = False
354.5861 	EXP 	text_2: autoDraw = False
354.7754 	EXP 	Sound probe reached end of file
354.7758 	EXP 	window1: recordFrameIntervals = False
354.8048 	EXP 	text_2: autoDraw = True
354.8059 	EXP 	window1: recordFrameIntervals = True
357.3919 	DATA 	Keypress: space
357.6423 	EXP 	text_2: autoDraw = False
357.6423 	EXP 	text_2: autoDraw = False
357.6423 	EXP 	break_txt: autoDraw = True
359.6245 	EXP 	New trial (rep=10, index=0): None
361.6315 	EXP 	window1: mouseVisible = True
