30.7015 	WARNING 	User requested fullscreen with size [2560 1440], but screen is actually [3840, 2160]. Using actual size
33.7847 	WARNING 	Couldn't measure a consistent frame rate!
  - Is your graphics card set to sync to vertical blank?
  - Are you running other processes on your computer?

33.7857 	EXP 	Created window1 = Window(allowGUI=False, allowStencil=False, autoLog=True, backendConf=UNKNOWN, bitsMode=UNKNOWN, blendMode='avg', bpc=(8, 8, 8), color=array([0, 0, 0]), colorSpace='rgb', depthBits=8, fullscr=<method-wrapper '__getattribute__' of attributeSetter object at 0x0000018F3DA86B20>, gamma=None, gammaErrorPolicy='raise', lms=UNKNOWN, monitor=<psychopy.monitors.calibTools.Monitor object at 0x0000018F3F737160>, multiSample=False, name='window1', numSamples=2, pos=(0, 0), screen=0, size=array([3840, 2160]), stencilBits=0, stereo=False, units='height', useFBO=True, useRetina=False, viewOri=0.0, viewPos=None, viewScale=None, waitBlanking=True, winType='pyglet')
33.7865 	EXP 	window1: mouseVisible = True
33.7866 	EXP 	window1: Attempting to measure frame rate of screen (0) ...
33.7867 	EXP 	window1: recordFrameIntervals = False
34.0232 	EXP 	window1: recordFrameIntervals = True
34.0741 	WARNING 	t of last frame was 20.79ms (=1/48)
34.1250 	WARNING 	t of last frame was 21.01ms (=1/47)
34.1534 	WARNING 	t of last frame was 28.36ms (=1/35)
34.1751 	WARNING 	t of last frame was 21.75ms (=1/45)
34.2075 	WARNING 	Multiple dropped frames have occurred - I'll stop bothering you about them!
35.9871 	WARNING 	Couldn't measure a consistent frame rate!
  - Is your graphics card set to sync to vertical blank?
  - Are you running other processes on your computer?

37.7272 	EXP 	Created text = TextStim(__class__=<class 'psychopy.visual.text.TextStim'>, alignHoriz=method-wrapper(...), alignText='center', alignVert=method-wrapper(...), anchorHoriz='center', anchorVert='center', antialias=True, autoLog=True, bold=False, color=array([1., 1., 1.]), colorSpace='rgb', contrast=1.0, depth=-3.0, flipHoriz=False, flipVert=False, font='Open Sans', fontFiles=[], height=0.05, italic=False, languageStyle='LTR', name='text', opacity=1, ori=0.0, pos=array([0., 0.]), rgb=UNKNOWN, text=str(...), units='height', win=Window(...), wrapWidth=1)
37.7290 	EXP 	Created blank_txt = TextStim(__class__=<class 'psychopy.visual.text.TextStim'>, alignHoriz=method-wrapper(...), alignText='center', alignVert=method-wrapper(...), anchorHoriz='center', anchorVert='center', antialias=True, autoLog=True, bold=False, color=array([1., 1., 1.]), colorSpace='rgb', contrast=1.0, depth=0.0, flipHoriz=False, flipVert=False, font='Open Sans', fontFiles=[], height=0.1, italic=False, languageStyle='LTR', name='blank_txt', opacity=1, ori=0.0, pos=array([0., 0.]), rgb=UNKNOWN, text='', units='height', win=Window(...), wrapWidth=1)
37.8200 	EXP 	Sound tProbe set volume 1.000
37.8213 	EXP 	Created you_done_goofed = TextStim(__class__=<class 'psychopy.visual.text.TextStim'>, alignHoriz=method-wrapper(...), alignText='center', alignVert=method-wrapper(...), anchorHoriz='center', anchorVert='center', antialias=True, autoLog=True, bold=False, color=array([1., 1., 1.]), colorSpace='rgb', contrast=1.0, depth=-1.0, flipHoriz=False, flipVert=False, font='Open Sans', fontFiles=[], height=0.05, italic=False, languageStyle='LTR', name='you_done_goofed', opacity=1, ori=0.0, pos=array([0., 0.]), rgb=UNKNOWN, text='', units='height', win=Window(...), wrapWidth=1)
38.1307 	EXP 	Created text_2 = TextStim(__class__=<class 'psychopy.visual.text.TextStim'>, alignHoriz=method-wrapper(...), alignText='center', alignVert=method-wrapper(...), anchorHoriz='center', anchorVert='center', antialias=True, autoLog=True, bold=False, color=array([1., 1., 1.]), colorSpace='rgb', contrast=1.0, depth=-2.0, flipHoriz=False, flipVert=False, font='Open Sans', fontFiles=[], height=0.05, italic=False, languageStyle='LTR', name='text_2', opacity=1, ori=0.0, pos=array([0., 0.]), rgb=UNKNOWN, text='', units='height', win=Window(...), wrapWidth=1)
38.1319 	EXP 	Created blank_txt = TextStim(__class__=<class 'psychopy.visual.text.TextStim'>, alignHoriz=method-wrapper(...), alignText='center', alignVert=method-wrapper(...), anchorHoriz='center', anchorVert='center', antialias=True, autoLog=True, bold=False, color=array([1., 1., 1.]), colorSpace='rgb', contrast=1.0, depth=0.0, flipHoriz=False, flipVert=False, font='Open Sans', fontFiles=[], height=0.1, italic=False, languageStyle='LTR', name='blank_txt', opacity=1, ori=0.0, pos=array([0., 0.]), rgb=UNKNOWN, text='', units='height', win=Window(...), wrapWidth=1)
38.1435 	EXP 	Sound probe set volume 1.000
38.1535 	EXP 	Created goodbye_text = TextStim(__class__=<class 'psychopy.visual.text.TextStim'>, alignHoriz=method-wrapper(...), alignText='center', alignVert=method-wrapper(...), anchorHoriz='center', anchorVert='center', antialias=True, autoLog=True, bold=False, color=array([1., 1., 1.]), colorSpace='rgb', contrast=1.0, depth=0.0, flipHoriz=False, flipVert=False, font='Open Sans', fontFiles=[], height=0.05, italic=False, languageStyle='LTR', name='goodbye_text', opacity=1, ori=0.0, pos=array([0., 0.]), rgb=UNKNOWN, text=str(...), units='height', win=Window(...), wrapWidth=1)
38.1560 	EXP 	Created fixation_cross = ShapeStim(__class__=<class 'psychopy.visual.shape.ShapeStim'>, anchor=('center', 'center'), autoDraw=False, autoLog=True, closeShape=True, color=method-wrapper(...), colorSpace='rgb', contrast=None, depth=-3.0, fillColor=array([1, 1, 1]), fillColorSpace='rgb', fillRGB=array([1, 1, 1]), interpolate=True, lineColor=array([1., 1., 1.]), lineColorSpace='rgb', lineRGB=array([1, 1, 1]), lineWidth=1.0, name='fixation_cross', opacity=1, ori=0.0, pos=array([0., 0.]), size=array([0.15, 0.15]), units='height', vertices=ndarray(...), win=Window(...), windingRule=None)
38.1689 	EXP 	text: autoDraw = True
120.1690 	DATA 	Keypress: m
120.1985 	EXP 	text: autoDraw = False
120.1985 	EXP 	blank_txt: autoDraw = True
121.1975 	EXP 	Created sequence: random, trialTypes=1, nReps=3, seed=None
121.1976 	EXP 	New trial (rep=0, index=0): None
121.2099 	EXP 	blank_txt: autoDraw = False
122.1991 	EXP 	Sound tProbe started
122.4192 	EXP 	Sound tProbe reached end of file
122.6386 	DATA 	Keypress: space
124.2456 	EXP 	you_done_goofed: height = 0.05
124.2456 	EXP 	you_done_goofed: height = 0.05
124.2456 	EXP 	you_done_goofed: text = "C'est très bien! \n            \n\nAppuyez sur n'importe quelle touche pour poursuivre."
124.2456 	EXP 	you_done_goofed: autoDraw = True
127.1433 	EXP 	New trial (rep=1, index=0): None
127.1451 	DATA 	Keypress: m
127.1547 	EXP 	you_done_goofed: autoDraw = False
128.1438 	EXP 	Sound tProbe started
128.3594 	EXP 	Sound tProbe reached end of file
128.5283 	DATA 	Keypress: space
130.1733 	EXP 	you_done_goofed: text = "C'est très bien! \n            \n\nAppuyez sur n'importe quelle touche pour poursuivre."
130.1733 	EXP 	you_done_goofed: autoDraw = True
131.3068 	EXP 	New trial (rep=2, index=0): None
131.3083 	DATA 	Keypress: k
131.3175 	EXP 	you_done_goofed: autoDraw = False
132.3127 	EXP 	Sound tProbe started
132.5314 	EXP 	Sound tProbe reached end of file
132.7151 	DATA 	Keypress: space
134.3484 	EXP 	you_done_goofed: text = "C'est très bien! \n            \n\nAppuyez sur n'importe quelle touche pour poursuivre."
134.3484 	EXP 	you_done_goofed: autoDraw = True
135.2457 	EXP 	Created fixation_cross = ShapeStim(__class__=<class 'psychopy.visual.shape.ShapeStim'>, anchor=('center', 'center'), autoDraw=False, autoLog=True, closeShape=True, color=method-wrapper(...), colorSpace='rgb', contrast=None, depth=-3.0, fillColor=array([1, 1, 1]), fillColorSpace='rgb', fillRGB=array([1, 1, 1]), interpolate=True, lineColor=array([1., 1., 1.]), lineColorSpace='rgb', lineRGB=array([1, 1, 1]), lineWidth=1.0, name='fixation_cross', opacity=1, ori=0.0, pos=array([0., 0.]), size=array([0.15, 0.15]), units='height', vertices=ndarray(...), win=Window(...), windingRule=None)
135.2646 	DATA 	Keypress: k
135.2791 	EXP 	you_done_goofed: autoDraw = False
135.2791 	EXP 	text_2: height = 0.05
135.2791 	EXP 	text_2: height = 0.05
135.2791 	EXP 	text_2: text = "Appuyez sur la barre d'espace dès que vous entendez un son. \n\n Les réponses enregistrées plus d'une seconde après le son ne seront pas comptabilisées. \n\n\n Appuyez sur n'importe quelle touche pour démarrer."
135.2791 	EXP 	text_2: autoDraw = True
139.6332 	DATA 	Keypress: k
139.6549 	EXP 	text_2: autoDraw = False
139.6549 	EXP 	blank_txt: autoDraw = True
140.6407 	EXP 	Created sequence: random, trialTypes=1, nReps=999, seed=None
140.6443 	EXP 	New trial (rep=0, index=0): None
140.7308 	EXP 	Sound probe started
140.7397 	EXP 	blank_txt: autoDraw = False
140.9392 	EXP 	Sound probe stopped
141.1190 	DATA 	Keypress: space
144.3593 	EXP 	New trial (rep=1, index=0): None
144.4307 	EXP 	Sound probe started
144.6472 	EXP 	Sound probe reached end of file
144.7281 	DATA 	Keypress: space
147.3151 	EXP 	New trial (rep=2, index=0): None
147.3861 	EXP 	Sound probe started
147.6001 	EXP 	Sound probe reached end of file
147.6634 	DATA 	Keypress: space
150.1143 	EXP 	New trial (rep=3, index=0): None
150.1195 	EXP 	Sound probe started
150.3393 	EXP 	Sound probe reached end of file
153.7518 	EXP 	New trial (rep=4, index=0): None
153.8295 	EXP 	Sound probe started
154.0473 	EXP 	Sound probe reached end of file
154.7176 	DATA 	Keypress: space
156.9753 	EXP 	New trial (rep=5, index=0): None
157.0512 	EXP 	Sound probe started
157.2594 	EXP 	Sound probe stopped
160.4028 	EXP 	New trial (rep=6, index=0): None
160.4751 	EXP 	Sound probe started
160.6874 	EXP 	Sound probe reached end of file
161.5168 	DATA 	Keypress: space
162.5628 	EXP 	New trial (rep=7, index=0): None
162.6346 	EXP 	Sound probe started
162.8472 	EXP 	Sound probe reached end of file
163.0845 	DATA 	Keypress: space
166.3320 	EXP 	New trial (rep=8, index=0): None
166.4064 	EXP 	Sound probe started
166.4444 	DATA 	Keypress: space
166.6154 	EXP 	Sound probe reached end of file
168.5382 	EXP 	New trial (rep=9, index=0): None
168.6110 	EXP 	Sound probe started
168.8272 	EXP 	Sound probe reached end of file
171.0582 	EXP 	New trial (rep=10, index=0): None
171.0602 	EXP 	Sound probe started
171.2755 	EXP 	Sound probe reached end of file
173.9069 	EXP 	New trial (rep=11, index=0): None
173.9842 	EXP 	Sound probe started
174.1953 	EXP 	Sound probe reached end of file
174.6224 	DATA 	Keypress: space
177.2446 	EXP 	New trial (rep=12, index=0): None
177.3382 	EXP 	Sound probe started
177.5550 	EXP 	Sound probe reached end of file
179.7602 	EXP 	New trial (rep=13, index=0): None
179.8334 	EXP 	Sound probe started
180.0473 	EXP 	Sound probe reached end of file
180.1952 	DATA 	Keypress: space
182.9839 	EXP 	New trial (rep=14, index=0): None
182.9921 	EXP 	Sound probe started
183.2073 	EXP 	Sound probe reached end of file
186.4642 	EXP 	New trial (rep=15, index=0): None
186.5393 	EXP 	Sound probe started
186.7552 	EXP 	Sound probe reached end of file
188.7892 	EXP 	New trial (rep=16, index=0): None
188.8652 	EXP 	Sound probe started
189.0750 	EXP 	Sound probe reached end of file
189.2353 	DATA 	Keypress: space
192.8392 	EXP 	New trial (rep=17, index=0): None
192.9256 	EXP 	Sound probe started
193.1440 	EXP 	Sound probe reached end of file
195.5629 	EXP 	New trial (rep=18, index=0): None
195.5692 	EXP 	Sound probe started
195.7830 	EXP 	Sound probe reached end of file
198.1448 	EXP 	New trial (rep=19, index=0): None
198.2166 	EXP 	Sound probe started
198.4352 	EXP 	Sound probe reached end of file
198.5846 	DATA 	Keypress: space
201.8831 	EXP 	New trial (rep=20, index=0): None
201.9535 	EXP 	Sound probe started
202.1633 	EXP 	Sound probe reached end of file
204.4701 	EXP 	New trial (rep=21, index=0): None
204.5442 	EXP 	Sound probe started
204.7633 	EXP 	Sound probe reached end of file
204.9242 	DATA 	Keypress: space
207.8479 	EXP 	New trial (rep=22, index=0): None
207.8498 	EXP 	Sound probe started
208.0629 	EXP 	Sound probe reached end of file
210.0915 	EXP 	New trial (rep=23, index=0): None
210.1606 	EXP 	Sound probe started
210.3752 	EXP 	Sound probe reached end of file
213.7130 	EXP 	New trial (rep=24, index=0): None
213.7907 	EXP 	Sound probe started
214.0032 	EXP 	Sound probe reached end of file
214.1993 	DATA 	Keypress: space
215.9615 	EXP 	New trial (rep=25, index=0): None
216.0377 	EXP 	Sound probe started
216.2554 	EXP 	Sound probe reached end of file
219.6201 	EXP 	New trial (rep=26, index=0): None
219.6259 	EXP 	Sound probe started
219.8433 	EXP 	Sound probe reached end of file
222.7546 	EXP 	New trial (rep=27, index=0): None
222.8288 	EXP 	Sound probe started
223.0431 	EXP 	Sound probe reached end of file
223.2419 	DATA 	Keypress: space
225.6595 	EXP 	New trial (rep=28, index=0): None
225.7355 	EXP 	Sound probe started
225.9512 	EXP 	Sound probe reached end of file
227.9097 	EXP 	New trial (rep=29, index=0): None
227.9799 	EXP 	Sound probe started
228.1914 	EXP 	Sound probe reached end of file
231.3613 	EXP 	New trial (rep=30, index=0): None
231.4336 	EXP 	Sound probe started
231.6509 	EXP 	Sound probe reached end of file
231.8731 	DATA 	Keypress: space
233.9160 	EXP 	New trial (rep=31, index=0): None
234.9425 	EXP 	Sound probe started
235.1511 	EXP 	Sound probe reached end of file
237.8390 	EXP 	New trial (rep=32, index=0): None
238.9461 	EXP 	Sound probe started
239.1632 	EXP 	Sound probe reached end of file
239.3832 	DATA 	Keypress: space
241.2744 	EXP 	New trial (rep=33, index=0): None
241.2767 	EXP 	Sound probe started
241.4912 	EXP 	Sound probe reached end of file
245.1178 	EXP 	New trial (rep=34, index=0): None
246.2985 	EXP 	Sound probe started
246.5113 	EXP 	Sound probe reached end of file
249.4516 	EXP 	New trial (rep=35, index=0): None
250.8429 	EXP 	Sound probe started
251.0595 	EXP 	Sound probe reached end of file
251.2820 	DATA 	Keypress: space
254.0827 	EXP 	New trial (rep=36, index=0): None
255.4746 	EXP 	Sound probe started
255.6912 	EXP 	Sound probe reached end of file
258.8596 	EXP 	New trial (rep=37, index=0): None
260.6060 	EXP 	Sound probe started
260.8193 	EXP 	Sound probe reached end of file
261.0069 	DATA 	Keypress: space
264.6413 	EXP 	New trial (rep=38, index=0): None
264.6452 	EXP 	Sound probe started
264.8592 	EXP 	Sound probe reached end of file
268.2630 	EXP 	New trial (rep=39, index=0): None
269.7528 	EXP 	Sound probe started
269.7535 	DATA 	Keypress: space
269.9673 	EXP 	Sound probe reached end of file
273.5529 	EXP 	New trial (rep=40, index=0): None
275.0732 	EXP 	Sound probe started
275.2869 	EXP 	Sound probe reached end of file
277.5406 	EXP 	New trial (rep=41, index=0): None
279.0915 	EXP 	Sound probe started
279.3072 	EXP 	Sound probe reached end of file
279.6007 	DATA 	Keypress: space
281.8213 	EXP 	New trial (rep=42, index=0): None
283.5051 	EXP 	Sound probe started
283.7189 	EXP 	Sound probe reached end of file
286.5223 	EXP 	New trial (rep=43, index=0): None
287.9476 	EXP 	Sound probe started
288.1590 	EXP 	Sound probe stopped
288.4000 	DATA 	Keypress: space
291.6346 	EXP 	New trial (rep=44, index=0): None
293.2652 	EXP 	Sound probe started
293.4751 	EXP 	Sound probe reached end of file
293.7731 	DATA 	Keypress: space
296.4152 	EXP 	New trial (rep=45, index=0): None
296.4162 	EXP 	Sound probe started
296.6352 	EXP 	Sound probe reached end of file
299.6706 	EXP 	New trial (rep=46, index=0): None
301.7660 	EXP 	Sound probe started
301.9777 	EXP 	Sound probe reached end of file
302.2372 	DATA 	Keypress: space
303.9274 	EXP 	New trial (rep=47, index=0): None
305.9965 	EXP 	Sound probe started
306.2152 	EXP 	Sound probe reached end of file
309.6812 	EXP 	New trial (rep=48, index=0): None
311.1502 	EXP 	Sound probe started
311.3671 	EXP 	Sound probe reached end of file
313.7552 	EXP 	New trial (rep=49, index=0): None
315.3024 	EXP 	Sound probe started
315.5070 	EXP 	Sound probe stopped
315.8727 	DATA 	Keypress: space
319.0588 	EXP 	New trial (rep=50, index=0): None
319.0599 	EXP 	Sound probe started
319.2750 	EXP 	Sound probe reached end of file
322.7809 	EXP 	New trial (rep=51, index=0): None
324.3895 	EXP 	Sound probe started
324.6028 	EXP 	Sound probe reached end of file
325.0057 	DATA 	Keypress: space
327.7025 	EXP 	New trial (rep=52, index=0): None
329.3264 	EXP 	Sound probe started
329.5432 	EXP 	Sound probe reached end of file
330.2431 	DATA 	Keypress: space
333.0111 	EXP 	New trial (rep=53, index=0): None
334.7908 	EXP 	Sound probe started
335.0030 	EXP 	Sound probe reached end of file
338.3367 	EXP 	New trial (rep=54, index=0): None
339.9658 	EXP 	Sound probe started
340.1628 	EXP 	Sound probe stopped
343.6209 	EXP 	New trial (rep=55, index=0): None
343.6221 	EXP 	Sound probe started
343.8311 	EXP 	Sound probe reached end of file
347.1937 	EXP 	New trial (rep=56, index=0): None
348.8863 	EXP 	Sound probe started
349.0911 	EXP 	Sound probe stopped
352.0658 	EXP 	New trial (rep=57, index=0): None
354.0533 	EXP 	Sound probe started
354.2629 	EXP 	Sound probe stopped
354.5961 	DATA 	Keypress: space
356.2875 	EXP 	New trial (rep=58, index=0): None
358.3087 	EXP 	Sound probe started
358.5232 	EXP 	Sound probe reached end of file
358.8744 	DATA 	Keypress: space
361.6790 	EXP 	New trial (rep=59, index=0): None
363.7964 	EXP 	Sound probe started
364.0110 	EXP 	Sound probe reached end of file
366.6654 	EXP 	New trial (rep=60, index=0): None
368.7161 	EXP 	Sound probe started
368.9314 	EXP 	Sound probe reached end of file
371.2540 	EXP 	New trial (rep=61, index=0): None
371.2551 	EXP 	Sound probe started
371.4712 	EXP 	Sound probe reached end of file
373.4048 	EXP 	New trial (rep=62, index=0): None
375.7068 	EXP 	Sound probe started
375.9187 	EXP 	Sound probe reached end of file
378.1154 	EXP 	New trial (rep=63, index=0): None
378.1187 	EXP 	Sound probe stopped
378.1430 	EXP 	goodbye_text: autoDraw = True
381.4335 	DATA 	Keypress: k
381.4541 	EXP 	goodbye_text: autoDraw = False
381.5561 	EXP 	window1: mouseVisible = True
