23.7671 	WARNING 	User requested fullscreen with size [2560 1440], but screen is actually [3840, 2160]. Using actual size
26.7162 	WARNING 	Couldn't measure a consistent frame rate!
  - Is your graphics card set to sync to vertical blank?
  - Are you running other processes on your computer?

26.7165 	EXP 	Created window1 = Window(allowGUI=False, allowStencil=False, autoLog=True, backendConf=UNKNOWN, bitsMode=UNKNOWN, blendMode='avg', bpc=(8, 8, 8), color=array([0, 0, 0]), colorSpace='rgb', depthBits=8, fullscr=<method-wrapper '__getattribute__' of attributeSetter object at 0x000002047A8D9B20>, gamma=None, gammaErrorPolicy='raise', lms=UNKNOWN, monitor=<psychopy.monitors.calibTools.Monitor object at 0x000002047C586070>, multiSample=False, name='window1', numSamples=2, pos=(0, 0), screen=0, size=array([3840, 2160]), stencilBits=0, stereo=False, units='height', useFBO=True, useRetina=False, viewOri=0.0, viewPos=None, viewScale=None, waitBlanking=True, winType='pyglet')
26.7166 	EXP 	window1: mouseVisible = True
26.7167 	EXP 	window1: Attempting to measure frame rate of screen (0) ...
26.7167 	EXP 	window1: recordFrameIntervals = False
26.8824 	EXP 	window1: recordFrameIntervals = True
26.9163 	WARNING 	t of last frame was 24.05ms (=1/41)
26.9503 	WARNING 	t of last frame was 24.28ms (=1/41)
26.9832 	WARNING 	t of last frame was 22.69ms (=1/44)
27.0170 	WARNING 	t of last frame was 23.68ms (=1/42)
27.0498 	WARNING 	Multiple dropped frames have occurred - I'll stop bothering you about them!
28.5620 	WARNING 	Couldn't measure a consistent frame rate!
  - Is your graphics card set to sync to vertical blank?
  - Are you running other processes on your computer?

32.6870 	EXP 	Created text = TextStim(__class__=<class 'psychopy.visual.text.TextStim'>, alignHoriz=method-wrapper(...), alignText='center', alignVert=method-wrapper(...), anchorHoriz='center', anchorVert='center', antialias=True, autoLog=True, bold=False, color=array([1., 1., 1.]), colorSpace='rgb', contrast=1.0, depth=-3.0, flipHoriz=False, flipVert=False, font='Open Sans', fontFiles=[], height=0.05, italic=False, languageStyle='LTR', name='text', opacity=1, ori=0.0, pos=array([0., 0.]), rgb=UNKNOWN, text=str(...), units='height', win=Window(...), wrapWidth=1)
32.6890 	EXP 	Created blank_txt = TextStim(__class__=<class 'psychopy.visual.text.TextStim'>, alignHoriz=method-wrapper(...), alignText='center', alignVert=method-wrapper(...), anchorHoriz='center', anchorVert='center', antialias=True, autoLog=True, bold=False, color=array([1., 1., 1.]), colorSpace='rgb', contrast=1.0, depth=0.0, flipHoriz=False, flipVert=False, font='Open Sans', fontFiles=[], height=0.1, italic=False, languageStyle='LTR', name='blank_txt', opacity=1, ori=0.0, pos=array([0., 0.]), rgb=UNKNOWN, text='', units='height', win=Window(...), wrapWidth=1)
32.7828 	EXP 	Sound tProbe set volume 1.000
32.7843 	EXP 	Created you_done_goofed = TextStim(__class__=<class 'psychopy.visual.text.TextStim'>, alignHoriz=method-wrapper(...), alignText='center', alignVert=method-wrapper(...), anchorHoriz='center', anchorVert='center', antialias=True, autoLog=True, bold=False, color=array([1., 1., 1.]), colorSpace='rgb', contrast=1.0, depth=-1.0, flipHoriz=False, flipVert=False, font='Open Sans', fontFiles=[], height=0.05, italic=False, languageStyle='LTR', name='you_done_goofed', opacity=1, ori=0.0, pos=array([0., 0.]), rgb=UNKNOWN, text='', units='height', win=Window(...), wrapWidth=1)
33.0907 	EXP 	Created text_2 = TextStim(__class__=<class 'psychopy.visual.text.TextStim'>, alignHoriz=method-wrapper(...), alignText='center', alignVert=method-wrapper(...), anchorHoriz='center', anchorVert='center', antialias=True, autoLog=True, bold=False, color=array([1., 1., 1.]), colorSpace='rgb', contrast=1.0, depth=-2.0, flipHoriz=False, flipVert=False, font='Open Sans', fontFiles=[], height=0.05, italic=False, languageStyle='LTR', name='text_2', opacity=1, ori=0.0, pos=array([0., 0.]), rgb=UNKNOWN, text='', units='height', win=Window(...), wrapWidth=1)
33.0920 	EXP 	Created blank_txt = TextStim(__class__=<class 'psychopy.visual.text.TextStim'>, alignHoriz=method-wrapper(...), alignText='center', alignVert=method-wrapper(...), anchorHoriz='center', anchorVert='center', antialias=True, autoLog=True, bold=False, color=array([1., 1., 1.]), colorSpace='rgb', contrast=1.0, depth=0.0, flipHoriz=False, flipVert=False, font='Open Sans', fontFiles=[], height=0.1, italic=False, languageStyle='LTR', name='blank_txt', opacity=1, ori=0.0, pos=array([0., 0.]), rgb=UNKNOWN, text='', units='height', win=Window(...), wrapWidth=1)
33.1116 	EXP 	Sound probe set volume 1.000
33.1244 	EXP 	Created goodbye_text = TextStim(__class__=<class 'psychopy.visual.text.TextStim'>, alignHoriz=method-wrapper(...), alignText='center', alignVert=method-wrapper(...), anchorHoriz='center', anchorVert='center', antialias=True, autoLog=True, bold=False, color=array([1., 1., 1.]), colorSpace='rgb', contrast=1.0, depth=0.0, flipHoriz=False, flipVert=False, font='Open Sans', fontFiles=[], height=0.05, italic=False, languageStyle='LTR', name='goodbye_text', opacity=1, ori=0.0, pos=array([0., 0.]), rgb=UNKNOWN, text=str(...), units='height', win=Window(...), wrapWidth=1)
33.1278 	EXP 	Created fixation_cross = ShapeStim(__class__=<class 'psychopy.visual.shape.ShapeStim'>, anchor=('center', 'center'), autoDraw=False, autoLog=True, closeShape=True, color=method-wrapper(...), colorSpace='rgb', contrast=None, depth=-3.0, fillColor=array([1, 1, 1]), fillColorSpace='rgb', fillRGB=array([1, 1, 1]), interpolate=True, lineColor=array([1., 1., 1.]), lineColorSpace='rgb', lineRGB=array([1, 1, 1]), lineWidth=1.0, name='fixation_cross', opacity=1, ori=0.0, pos=array([0., 0.]), size=array([0.15, 0.15]), units='height', vertices=ndarray(...), win=Window(...), windingRule=None)
33.1444 	EXP 	text: autoDraw = True
64.4075 	EXP 	text: autoDraw = False
64.4075 	EXP 	blank_txt: autoDraw = True
65.4003 	EXP 	Created sequence: random, trialTypes=1, nReps=3, seed=None
65.4005 	EXP 	New trial (rep=0, index=0): None
65.4281 	EXP 	blank_txt: autoDraw = False
66.4029 	EXP 	Sound tProbe started
66.6201 	EXP 	Sound tProbe reached end of file
68.5107 	EXP 	you_done_goofed: height = 0.05
68.5107 	EXP 	you_done_goofed: height = 0.05
68.5107 	EXP 	you_done_goofed: text = 'Please press the spacebar less than 1 second after hearing a tone.\n            \n\n Press any key to continue.'
68.5107 	EXP 	you_done_goofed: autoDraw = True
73.2338 	EXP 	New trial (rep=1, index=0): None
73.2578 	EXP 	you_done_goofed: autoDraw = False
74.2375 	EXP 	Sound tProbe started
74.4574 	EXP 	Sound tProbe reached end of file
76.3064 	EXP 	you_done_goofed: text = 'Please press the spacebar less than 1 second after hearing a tone.\n            \n\n Press any key to continue.'
76.3064 	EXP 	you_done_goofed: autoDraw = True
77.7712 	EXP 	New trial (rep=2, index=0): None
77.7830 	EXP 	you_done_goofed: autoDraw = False
78.7818 	EXP 	Sound tProbe started
79.0007 	EXP 	Sound tProbe reached end of file
80.8844 	EXP 	you_done_goofed: text = 'Please press the spacebar less than 1 second after hearing a tone.\n            \n\n Press any key to continue.'
80.8844 	EXP 	you_done_goofed: autoDraw = True
82.7867 	EXP 	Created fixation_cross = ShapeStim(__class__=<class 'psychopy.visual.shape.ShapeStim'>, anchor=('center', 'center'), autoDraw=False, autoLog=True, closeShape=True, color=method-wrapper(...), colorSpace='rgb', contrast=None, depth=-3.0, fillColor=array([1, 1, 1]), fillColorSpace='rgb', fillRGB=array([1, 1, 1]), interpolate=True, lineColor=array([1., 1., 1.]), lineColorSpace='rgb', lineRGB=array([1, 1, 1]), lineWidth=1.0, name='fixation_cross', opacity=1, ori=0.0, pos=array([0., 0.]), size=array([0.15, 0.15]), units='height', vertices=ndarray(...), win=Window(...), windingRule=None)
82.8289 	EXP 	you_done_goofed: autoDraw = False
82.8289 	EXP 	text_2: height = 0.05
82.8289 	EXP 	text_2: height = 0.05
82.8289 	EXP 	text_2: text = 'We can now start the experiment. \n\nPress <spacebar> as fast as possible each time you hear a sound. \n\n Please note that responses recorded later than 1 second after the sound will not be counted. \n\n\n Press any key to start.'
82.8289 	EXP 	text_2: autoDraw = True
88.6662 	EXP 	text_2: autoDraw = False
88.6662 	EXP 	blank_txt: autoDraw = True
89.6625 	EXP 	Created sequence: random, trialTypes=1, nReps=999, seed=None
89.6652 	EXP 	New trial (rep=0, index=0): None
89.7524 	EXP 	Sound probe started
89.7619 	EXP 	blank_txt: autoDraw = False
89.9703 	EXP 	Sound probe reached end of file
92.1276 	EXP 	New trial (rep=1, index=0): None
92.3273 	EXP 	Sound probe started
92.5402 	EXP 	Sound probe reached end of file
96.3343 	EXP 	New trial (rep=2, index=0): None
96.4095 	EXP 	Sound probe started
96.6206 	EXP 	Sound probe reached end of file
99.0588 	EXP 	New trial (rep=3, index=0): None
99.1336 	EXP 	Sound probe started
99.3506 	EXP 	Sound probe reached end of file
101.6885 	EXP 	New trial (rep=4, index=0): None
101.7616 	EXP 	Sound probe started
101.9808 	EXP 	Sound probe reached end of file
102.5666 	EXP 	window1: mouseVisible = True
