13.1034 	WARNING 	User requested fullscreen with size [2560 1440], but screen is actually [3840, 2160]. Using actual size
14.7609 	EXP 	Created window1 = Window(allowGUI=False, allowStencil=False, autoLog=True, backendConf=UNKNOWN, bitsMode=UNKNOWN, blendMode='avg', bpc=(8, 8, 8), color=array([-0.63137255, -0.38039216, -0.38039216]), colorSpace='rgb', depthBits=8, fullscr=<method-wrapper '__getattribute__' of attributeSetter object at 0x0000025093EF3A60>, gamma=None, gammaErrorPolicy='raise', lms=UNKNOWN, monitor=<psychopy.monitors.calibTools.Monitor object at 0x0000025096BC1760>, multiSample=False, name='window1', numSamples=2, pos=(0, 0), screen=0, size=array([3840, 2160]), stencilBits=0, stereo=False, units='height', useFBO=True, useRetina=False, viewOri=0.0, viewPos=None, viewScale=None, waitBlanking=True, winType='pyglet')
14.7612 	EXP 	window1: mouseVisible = True
14.7612 	EXP 	window1: Attempting to measure frame rate of screen (0) ...
14.7612 	EXP 	window1: recordFrameIntervals = False
15.0452 	EXP 	window1: recordFrameIntervals = True
15.1033 	WARNING 	t of last frame was 41.15ms (=1/24)
15.2144 	WARNING 	t of last frame was 39.52ms (=1/25)
15.7567 	EXP 	Screen (0) actual frame rate measured at 35.43Hz
15.7567 	EXP 	window1: recordFrameIntervals = False
17.2709 	EXP 	Created tStart_text = TextStim(__class__=<class 'psychopy.visual.text.TextStim'>, alignHoriz=method-wrapper(...), alignText='center', alignVert=method-wrapper(...), anchorHoriz='center', anchorVert='center', antialias=True, autoLog=True, bold=False, color=array([1., 1., 1.]), colorSpace='rgb', contrast=1.0, depth=-2.0, flipHoriz=False, flipVert=False, font='Open Sans', fontFiles=[], height=0.03, italic=False, languageStyle='LTR', name='tStart_text', opacity=1, ori=0.0, pos=array([0., 0.]), rgb=UNKNOWN, text=str(...), units='height', win=Window(...), wrapWidth=1)
17.2728 	EXP 	Created tBlank_text = TextStim(__class__=<class 'psychopy.visual.text.TextStim'>, alignHoriz=method-wrapper(...), alignText='center', alignVert=method-wrapper(...), anchorHoriz='center', anchorVert='center', antialias=True, autoLog=True, bold=False, color=array([1., 1., 1.]), colorSpace='rgb', contrast=1.0, depth=-1.0, flipHoriz=False, flipVert=False, font='Open Sans', fontFiles=[], height=0.05, italic=False, languageStyle='LTR', name='tBlank_text', opacity=1, ori=0.0, pos=array([0., 0.]), rgb=UNKNOWN, text='', units='height', win=Window(...), wrapWidth=1)
17.2754 	EXP 	Created tCue_visual_cue = ShapeStim(__class__=<class 'psychopy.visual.shape.ShapeStim'>, anchor=('center', 'center'), autoDraw=False, autoLog=True, closeShape=True, color=method-wrapper(...), colorSpace='rgb', contrast=None, depth=-3.0, fillColor=array([1, 1, 1]), fillColorSpace='rgb', fillRGB=array([1, 1, 1]), interpolate=True, lineColor=array([1., 1., 1.]), lineColorSpace='rgb', lineRGB=array([1, 1, 1]), lineWidth=1.0, name='tCue_visual_cue', opacity=1, ori=0.0, pos=array([0., 0.]), size=array([0.1, 0.1]), units='height', vertices=ndarray(...), win=Window(...), windingRule=None)
17.2793 	EXP 	Created tProbe_visual_cue = ShapeStim(__class__=<class 'psychopy.visual.shape.ShapeStim'>, anchor=('center', 'center'), autoDraw=False, autoLog=True, closeShape=True, color=method-wrapper(...), colorSpace='rgb', contrast=None, depth=-4.0, fillColor=array([1, 1, 1]), fillColorSpace='rgb', fillRGB=array([1, 1, 1]), interpolate=True, lineColor=array([1., 1., 1.]), lineColorSpace='rgb', lineRGB=array([1, 1, 1]), lineWidth=1.0, name='tProbe_visual_cue', opacity=1, ori=0.0, pos=array([0., 0.]), size=array([0.1, 0.1]), units='height', vertices=ndarray(...), win=Window(...), windingRule=None)
17.2804 	EXP 	Created right_or_wrong = TextStim(__class__=<class 'psychopy.visual.text.TextStim'>, alignHoriz=method-wrapper(...), alignText='center', alignVert=method-wrapper(...), anchorHoriz='center', anchorVert='center', antialias=True, autoLog=True, bold=False, color=array([1., 1., 1.]), colorSpace='rgb', contrast=1.0, depth=-2.0, flipHoriz=False, flipVert=False, font='Open Sans', fontFiles=[], height=0.03, italic=False, languageStyle='LTR', name='right_or_wrong', opacity=1, ori=0.0, pos=array([0., 0.]), rgb=UNKNOWN, text='', units='height', win=Window(...), wrapWidth=1)
17.3190 	EXP 	Created more_instructions = TextStim(__class__=<class 'psychopy.visual.text.TextStim'>, alignHoriz=method-wrapper(...), alignText='center', alignVert=method-wrapper(...), anchorHoriz='center', anchorVert='center', antialias=True, autoLog=True, bold=False, color=array([1., 1., 1.]), colorSpace='rgb', contrast=1.0, depth=-1.0, flipHoriz=False, flipVert=False, font='Open Sans', fontFiles=[], height=0.03, italic=False, languageStyle='LTR', name='more_instructions', opacity=1, ori=0.0, pos=array([0., 0.]), rgb=UNKNOWN, text=str(...), units='height', win=Window(...), wrapWidth=1)
17.3253 	EXP 	Created txt_rhythm = TextStim(__class__=<class 'psychopy.visual.text.TextStim'>, alignHoriz=method-wrapper(...), alignText='center', alignVert=method-wrapper(...), anchorHoriz='center', anchorVert='center', antialias=True, autoLog=True, bold=False, color=array([1., 1., 1.]), colorSpace='rgb', contrast=1.0, depth=0.0, flipHoriz=False, flipVert=False, font='Open Sans', fontFiles=[], height=0.05, italic=False, languageStyle='LTR', name='txt_rhythm', opacity=1, ori=0.0, pos=array([0., 0.]), rgb=UNKNOWN, text='RYTHME', units='height', win=Window(...), wrapWidth=1)
17.3681 	EXP 	Sound sound_1 set volume 0.002
17.3685 	EXP 	Sound sound_2 set volume 0.002
17.3688 	EXP 	Sound sound_3 set volume 0.002
17.3691 	EXP 	Sound sound_4 set volume 0.002
17.3712 	EXP 	Created cross = ShapeStim(__class__=<class 'psychopy.visual.shape.ShapeStim'>, anchor=('center', 'center'), autoDraw=False, autoLog=True, closeShape=True, color=method-wrapper(...), colorSpace='rgb', contrast=None, depth=-5.0, fillColor=array([1, 1, 1]), fillColorSpace='rgb', fillRGB=array([1, 1, 1]), interpolate=True, lineColor=array([1., 1., 1.]), lineColorSpace='rgb', lineRGB=array([1, 1, 1]), lineWidth=1.0, name='cross', opacity=1, ori=0.0, pos=array([0., 0.]), size=array([0.1, 0.1]), units='height', vertices=ndarray(...), win=Window(...), windingRule=None)
17.3715 	EXP 	Sound sound_5 set volume 0.002
17.3764 	EXP 	Created circle = ShapeStim(__class__=<class 'psychopy.visual.shape.ShapeStim'>, anchor=('center', 'center'), autoDraw=False, autoLog=True, closeShape=True, color=method-wrapper(...), colorSpace='rgb', contrast=None, depth=-7.0, fillColor=array([1, 1, 1]), fillColorSpace='rgb', fillRGB=array([1, 1, 1]), interpolate=True, lineColor=array([1., 1., 1.]), lineColorSpace='rgb', lineRGB=array([1, 1, 1]), lineWidth=1.0, name='circle', opacity=1, ori=0.0, pos=array([0., 0.]), size=array([0.1, 0.1]), units='height', vertices=ndarray(...), win=Window(...), windingRule=None)
17.3774 	EXP 	Created rhytm_ready_txt = TextStim(__class__=<class 'psychopy.visual.text.TextStim'>, alignHoriz=method-wrapper(...), alignText='center', alignVert=method-wrapper(...), anchorHoriz='center', anchorVert='center', antialias=True, autoLog=True, bold=False, color=array([1., 1., 1.]), colorSpace='rgb', contrast=1.0, depth=-9.0, flipHoriz=False, flipVert=False, font='Open Sans', fontFiles=[], height=0.05, italic=False, languageStyle='LTR', name='rhytm_ready_txt', opacity=1, ori=0.0, pos=array([0., 0.]), rgb=UNKNOWN, text='', units='height', win=Window(...), wrapWidth=1)
17.3826 	EXP 	Created txt_freq = TextStim(__class__=<class 'psychopy.visual.text.TextStim'>, alignHoriz=method-wrapper(...), alignText='center', alignVert=method-wrapper(...), anchorHoriz='center', anchorVert='center', antialias=True, autoLog=True, bold=False, color=array([1., 1., 1.]), colorSpace='rgb', contrast=1.0, depth=0.0, flipHoriz=False, flipVert=False, font='Open Sans', fontFiles=[], height=0.05, italic=False, languageStyle='LTR', name='txt_freq', opacity=1, ori=0.0, pos=array([0., 0.]), rgb=UNKNOWN, text='HAUTEUR', units='height', win=Window(...), wrapWidth=1)
17.3830 	EXP 	Sound sound_6 set volume 0.002
17.3833 	EXP 	Sound sound_7 set volume 0.002
17.3836 	EXP 	Sound sound_8 set volume 0.002
17.3839 	EXP 	Sound sound_9 set volume 0.002
17.3857 	EXP 	Created cross_2 = ShapeStim(__class__=<class 'psychopy.visual.shape.ShapeStim'>, anchor=('center', 'center'), autoDraw=False, autoLog=True, closeShape=True, color=method-wrapper(...), colorSpace='rgb', contrast=None, depth=-5.0, fillColor=array([1, 1, 1]), fillColorSpace='rgb', fillRGB=array([1, 1, 1]), interpolate=True, lineColor=array([1., 1., 1.]), lineColorSpace='rgb', lineRGB=array([1, 1, 1]), lineWidth=1.0, name='cross_2', opacity=1, ori=0.0, pos=array([0., 0.]), size=array([0.1, 0.1]), units='height', vertices=ndarray(...), win=Window(...), windingRule=None)
17.3862 	EXP 	Sound sound_10 set volume 0.002
17.3900 	EXP 	Created circle_2 = ShapeStim(__class__=<class 'psychopy.visual.shape.ShapeStim'>, anchor=('center', 'center'), autoDraw=False, autoLog=True, closeShape=True, color=method-wrapper(...), colorSpace='rgb', contrast=None, depth=-7.0, fillColor=array([1, 1, 1]), fillColorSpace='rgb', fillRGB=array([1, 1, 1]), interpolate=True, lineColor=array([1., 1., 1.]), lineColorSpace='rgb', lineRGB=array([1, 1, 1]), lineWidth=1.0, name='circle_2', opacity=1, ori=0.0, pos=array([0., 0.]), size=array([0.1, 0.1]), units='height', vertices=ndarray(...), win=Window(...), windingRule=None)
17.3910 	EXP 	Created freq_ready_txt = TextStim(__class__=<class 'psychopy.visual.text.TextStim'>, alignHoriz=method-wrapper(...), alignText='center', alignVert=method-wrapper(...), anchorHoriz='center', anchorVert='center', antialias=True, autoLog=True, bold=False, color=array([1., 1., 1.]), colorSpace='rgb', contrast=1.0, depth=-9.0, flipHoriz=False, flipVert=False, font='Open Sans', fontFiles=[], height=0.05, italic=False, languageStyle='LTR', name='freq_ready_txt', opacity=1, ori=0.0, pos=array([0., 0.]), rgb=UNKNOWN, text='', units='height', win=Window(...), wrapWidth=1)
17.3960 	EXP 	Created txt_freq_2 = TextStim(__class__=<class 'psychopy.visual.text.TextStim'>, alignHoriz=method-wrapper(...), alignText='center', alignVert=method-wrapper(...), anchorHoriz='center', anchorVert='center', antialias=True, autoLog=True, bold=False, color=array([1., 1., 1.]), colorSpace='rgb', contrast=1.0, depth=0.0, flipHoriz=False, flipVert=False, font='Open Sans', fontFiles=[], height=0.05, italic=False, languageStyle='LTR', name='txt_freq_2', opacity=1, ori=0.0, pos=array([0., 0.]), rgb=UNKNOWN, text='HAUTEUR\n\nRYTHME', units='height', win=Window(...), wrapWidth=1)
17.3964 	EXP 	Sound sound_11 set volume 0.002
17.3967 	EXP 	Sound sound_12 set volume 0.002
17.3970 	EXP 	Sound sound_13 set volume 0.002
17.3973 	EXP 	Sound sound_14 set volume 0.002
17.3991 	EXP 	Created cross_3 = ShapeStim(__class__=<class 'psychopy.visual.shape.ShapeStim'>, anchor=('center', 'center'), autoDraw=False, autoLog=True, closeShape=True, color=method-wrapper(...), colorSpace='rgb', contrast=None, depth=-5.0, fillColor=array([1, 1, 1]), fillColorSpace='rgb', fillRGB=array([1, 1, 1]), interpolate=True, lineColor=array([1., 1., 1.]), lineColorSpace='rgb', lineRGB=array([1, 1, 1]), lineWidth=1.0, name='cross_3', opacity=1, ori=0.0, pos=array([0., 0.]), size=array([0.1, 0.1]), units='height', vertices=ndarray(...), win=Window(...), windingRule=None)
17.3994 	EXP 	Sound sound_15 set volume 0.002
17.4032 	EXP 	Created circle_3 = ShapeStim(__class__=<class 'psychopy.visual.shape.ShapeStim'>, anchor=('center', 'center'), autoDraw=False, autoLog=True, closeShape=True, color=method-wrapper(...), colorSpace='rgb', contrast=None, depth=-7.0, fillColor=array([1, 1, 1]), fillColorSpace='rgb', fillRGB=array([1, 1, 1]), interpolate=True, lineColor=array([1., 1., 1.]), lineColorSpace='rgb', lineRGB=array([1, 1, 1]), lineWidth=1.0, name='circle_3', opacity=1, ori=0.0, pos=array([0., 0.]), size=array([0.1, 0.1]), units='height', vertices=ndarray(...), win=Window(...), windingRule=None)
17.4042 	EXP 	Created freq_ready_txt_2 = TextStim(__class__=<class 'psychopy.visual.text.TextStim'>, alignHoriz=method-wrapper(...), alignText='center', alignVert=method-wrapper(...), anchorHoriz='center', anchorVert='center', antialias=True, autoLog=True, bold=False, color=array([1., 1., 1.]), colorSpace='rgb', contrast=1.0, depth=-9.0, flipHoriz=False, flipVert=False, font='Open Sans', fontFiles=[], height=0.05, italic=False, languageStyle='LTR', name='freq_ready_txt_2', opacity=1, ori=0.0, pos=array([0., 0.]), rgb=UNKNOWN, text='', units='height', win=Window(...), wrapWidth=1)
17.4072 	EXP 	Created txt_freq_3 = TextStim(__class__=<class 'psychopy.visual.text.TextStim'>, alignHoriz=method-wrapper(...), alignText='center', alignVert=method-wrapper(...), anchorHoriz='center', anchorVert='center', antialias=True, autoLog=True, bold=False, color=array([1., 1., 1.]), colorSpace='rgb', contrast=1.0, depth=0.0, flipHoriz=False, flipVert=False, font='Open Sans', fontFiles=[], height=0.05, italic=False, languageStyle='LTR', name='txt_freq_3', opacity=1, ori=0.0, pos=array([0., 0.]), rgb=UNKNOWN, text='X', units='height', win=Window(...), wrapWidth=1)
17.4076 	EXP 	Sound sound_16 set volume 0.002
17.4079 	EXP 	Sound sound_17 set volume 0.002
17.4082 	EXP 	Sound sound_18 set volume 0.002
17.4085 	EXP 	Sound sound_19 set volume 0.002
17.4103 	EXP 	Created cross_4 = ShapeStim(__class__=<class 'psychopy.visual.shape.ShapeStim'>, anchor=('center', 'center'), autoDraw=False, autoLog=True, closeShape=True, color=method-wrapper(...), colorSpace='rgb', contrast=None, depth=-5.0, fillColor=array([1, 1, 1]), fillColorSpace='rgb', fillRGB=array([1, 1, 1]), interpolate=True, lineColor=array([1., 1., 1.]), lineColorSpace='rgb', lineRGB=array([1, 1, 1]), lineWidth=1.0, name='cross_4', opacity=1, ori=0.0, pos=array([0., 0.]), size=array([0.1, 0.1]), units='height', vertices=ndarray(...), win=Window(...), windingRule=None)
17.4107 	EXP 	Sound sound_20 set volume 0.002
17.4143 	EXP 	Created circle_4 = ShapeStim(__class__=<class 'psychopy.visual.shape.ShapeStim'>, anchor=('center', 'center'), autoDraw=False, autoLog=True, closeShape=True, color=method-wrapper(...), colorSpace='rgb', contrast=None, depth=-7.0, fillColor=array([1, 1, 1]), fillColorSpace='rgb', fillRGB=array([1, 1, 1]), interpolate=True, lineColor=array([1., 1., 1.]), lineColorSpace='rgb', lineRGB=array([1, 1, 1]), lineWidth=1.0, name='circle_4', opacity=1, ori=0.0, pos=array([0., 0.]), size=array([0.1, 0.1]), units='height', vertices=ndarray(...), win=Window(...), windingRule=None)
17.4156 	EXP 	Created freq_ready_txt_3 = TextStim(__class__=<class 'psychopy.visual.text.TextStim'>, alignHoriz=method-wrapper(...), alignText='center', alignVert=method-wrapper(...), anchorHoriz='center', anchorVert='center', antialias=True, autoLog=True, bold=False, color=array([1., 1., 1.]), colorSpace='rgb', contrast=1.0, depth=-8.0, flipHoriz=False, flipVert=False, font='Open Sans', fontFiles=[], height=0.05, italic=False, languageStyle='LTR', name='freq_ready_txt_3', opacity=1, ori=0.0, pos=array([0., 0.]), rgb=UNKNOWN, text='', units='height', win=Window(...), wrapWidth=1)
17.4169 	EXP 	Created tBlank_text = TextStim(__class__=<class 'psychopy.visual.text.TextStim'>, alignHoriz=method-wrapper(...), alignText='center', alignVert=method-wrapper(...), anchorHoriz='center', anchorVert='center', antialias=True, autoLog=True, bold=False, color=array([1., 1., 1.]), colorSpace='rgb', contrast=1.0, depth=-1.0, flipHoriz=False, flipVert=False, font='Open Sans', fontFiles=[], height=0.05, italic=False, languageStyle='LTR', name='tBlank_text', opacity=1, ori=0.0, pos=array([0., 0.]), rgb=UNKNOWN, text='', units='height', win=Window(...), wrapWidth=1)
17.4606 	EXP 	Created tStart_text_2 = TextStim(__class__=<class 'psychopy.visual.text.TextStim'>, alignHoriz=method-wrapper(...), alignText='center', alignVert=method-wrapper(...), anchorHoriz='center', anchorVert='center', antialias=True, autoLog=True, bold=False, color=array([1., 1., 1.]), colorSpace='rgb', contrast=1.0, depth=-2.0, flipHoriz=False, flipVert=False, font='Open Sans', fontFiles=[], height=0.03, italic=False, languageStyle='LTR', name='tStart_text_2', opacity=1, ori=0.0, pos=array([0., 0.]), rgb=UNKNOWN, text=str(...), units='height', win=Window(...), wrapWidth=1)
17.4694 	EXP 	Created blank_text = TextStim(__class__=<class 'psychopy.visual.text.TextStim'>, alignHoriz=method-wrapper(...), alignText='center', alignVert=method-wrapper(...), anchorHoriz='center', anchorVert='center', antialias=True, autoLog=True, bold=False, color=array([1., 1., 1.]), colorSpace='rgb', contrast=1.0, depth=0.0, flipHoriz=False, flipVert=False, font='Open Sans', fontFiles=[], height=0.05, italic=False, languageStyle='LTR', name='blank_text', opacity=1, ori=0.0, pos=array([0., 0.]), rgb=UNKNOWN, text='', units='height', win=Window(...), wrapWidth=1)
17.4704 	EXP 	Created this_trial_is = TextStim(__class__=<class 'psychopy.visual.text.TextStim'>, alignHoriz=method-wrapper(...), alignText='center', alignVert=method-wrapper(...), anchorHoriz='center', anchorVert='center', antialias=True, autoLog=True, bold=False, color=array([1., 1., 1.]), colorSpace='rgb', contrast=1.0, depth=-1.0, flipHoriz=False, flipVert=False, font='Open Sans', fontFiles=[], height=0.05, italic=False, languageStyle='LTR', name='this_trial_is', opacity=1, ori=0.0, pos=array([0., 0.]), rgb=UNKNOWN, text='', units='height', win=Window(...), wrapWidth=1)
17.7950 	EXP 	Created cue_visual_cue = ShapeStim(__class__=<class 'psychopy.visual.shape.ShapeStim'>, anchor=('center', 'center'), autoDraw=False, autoLog=True, closeShape=True, color=method-wrapper(...), colorSpace='rgb', contrast=None, depth=-2.0, fillColor=array([1, 1, 1]), fillColorSpace='rgb', fillRGB=array([1, 1, 1]), interpolate=True, lineColor=array([1., 1., 1.]), lineColorSpace='rgb', lineRGB=array([1, 1, 1]), lineWidth=1.0, name='cue_visual_cue', opacity=1, ori=0.0, pos=array([0., 0.]), size=array([0.1, 0.1]), units='height', vertices=ndarray(...), win=Window(...), windingRule=None)
17.7986 	EXP 	Created probe_visual_cue = ShapeStim(__class__=<class 'psychopy.visual.shape.ShapeStim'>, anchor=('center', 'center'), autoDraw=False, autoLog=True, closeShape=True, color=method-wrapper(...), colorSpace='rgb', contrast=None, depth=-3.0, fillColor=array([1, 1, 1]), fillColorSpace='rgb', fillRGB=array([1, 1, 1]), interpolate=True, lineColor=array([1., 1., 1.]), lineColorSpace='rgb', lineRGB=array([1, 1, 1]), lineWidth=1.0, name='probe_visual_cue', opacity=1, ori=0.0, pos=array([0., 0.]), size=array([0.1, 0.1]), units='height', vertices=ndarray(...), win=Window(...), windingRule=None)
17.8000 	EXP 	Created blank_text = TextStim(__class__=<class 'psychopy.visual.text.TextStim'>, alignHoriz=method-wrapper(...), alignText='center', alignVert=method-wrapper(...), anchorHoriz='center', anchorVert='center', antialias=True, autoLog=True, bold=False, color=array([1., 1., 1.]), colorSpace='rgb', contrast=1.0, depth=0.0, flipHoriz=False, flipVert=False, font='Open Sans', fontFiles=[], height=0.05, italic=False, languageStyle='LTR', name='blank_text', opacity=1, ori=0.0, pos=array([0., 0.]), rgb=UNKNOWN, text='', units='height', win=Window(...), wrapWidth=1)
17.8010 	EXP 	Created break_text = TextStim(__class__=<class 'psychopy.visual.text.TextStim'>, alignHoriz=method-wrapper(...), alignText='center', alignVert=method-wrapper(...), anchorHoriz='center', anchorVert='center', antialias=True, autoLog=True, bold=False, color=array([1., 1., 1.]), colorSpace='rgb', contrast=1.0, depth=-1.0, flipHoriz=False, flipVert=False, font='Open Sans', fontFiles=[], height=0.05, italic=False, languageStyle='LTR', name='break_text', opacity=1, ori=0.0, pos=array([0., 0.]), rgb=UNKNOWN, text='', units='height', win=Window(...), wrapWidth=1)
17.8213 	EXP 	Created goodbye_text = TextStim(__class__=<class 'psychopy.visual.text.TextStim'>, alignHoriz=method-wrapper(...), alignText='center', alignVert=method-wrapper(...), anchorHoriz='center', anchorVert='center', antialias=True, autoLog=True, bold=False, color=array([1., 1., 1.]), colorSpace='rgb', contrast=1.0, depth=0.0, flipHoriz=False, flipVert=False, font='Open Sans', fontFiles=[], height=0.05, italic=False, languageStyle='LTR', name='goodbye_text', opacity=1, ori=0.0, pos=array([0., 0.]), rgb=UNKNOWN, text=str(...), units='height', win=Window(...), wrapWidth=1)
17.8424 	EXP 	tStart_text: autoDraw = True
25.7039 	DATA 	Keypress: space
25.7358 	EXP 	tStart_text: autoDraw = False
25.7358 	EXP 	tBlank_text: autoDraw = True
26.2248 	EXP 	Created sequence: random, trialTypes=1, nReps=5, seed=None
26.2250 	EXP 	New trial (rep=0, index=0): None
26.7251 	EXP 	Sound  started
26.7429 	EXP 	tBlank_text: autoDraw = False
26.7429 	EXP 	tCue_visual_cue: autoDraw = True
29.4686 	EXP 	tCue_visual_cue: autoDraw = False
29.4686 	EXP 	tProbe_visual_cue: autoDraw = True
30.2329 	EXP 	Sound  reached end of file
30.5031 	DATA 	Keypress: space
30.7025 	EXP 	tProbe_visual_cue: autoDraw = False
32.7451 	EXP 	tCue_visual_cue: autoDraw = False
32.7451 	EXP 	tProbe_visual_cue: autoDraw = False
32.7451 	EXP 	right_or_wrong: height = 0.03
32.7451 	EXP 	right_or_wrong: height = 0.03
32.7451 	EXP 	right_or_wrong: text = "Bonne réponse ! \n\n Continuez d'appuyer sur la barre d'espace si vous entendez un son quand le CERCLE est visible à l'écran. \n\n Appuyez sur la barre d'espace pour continuer."
32.7451 	EXP 	right_or_wrong: autoDraw = True
35.4422 	EXP 	New trial (rep=1, index=0): None
35.7429 	DATA 	Keypress: space
35.9425 	EXP 	Sound  started
35.9595 	EXP 	right_or_wrong: autoDraw = False
35.9595 	EXP 	tCue_visual_cue: autoDraw = True
38.6786 	EXP 	tCue_visual_cue: autoDraw = False
38.6786 	EXP 	tProbe_visual_cue: autoDraw = True
39.2123 	DATA 	Keypress: space
39.4450 	EXP 	Sound  reached end of file
39.9130 	EXP 	tProbe_visual_cue: autoDraw = False
41.9447 	EXP 	tCue_visual_cue: autoDraw = False
41.9447 	EXP 	tProbe_visual_cue: autoDraw = False
41.9447 	EXP 	right_or_wrong: text = "Bonne réponse ! \n\n Continuez d'appuyer sur la barre d'espace si vous entendez un son quand le CERCLE est visible à l'écran. \n\n Appuyez sur la barre d'espace pour continuer."
41.9447 	EXP 	right_or_wrong: autoDraw = True
43.4178 	EXP 	New trial (rep=2, index=0): None
43.7186 	DATA 	Keypress: space
43.9185 	EXP 	Sound  started
43.9356 	EXP 	right_or_wrong: autoDraw = False
43.9356 	EXP 	tCue_visual_cue: autoDraw = True
46.4856 	EXP 	tCue_visual_cue: autoDraw = False
46.4856 	EXP 	tProbe_visual_cue: autoDraw = True
46.9887 	EXP 	Sound  reached end of file
47.7213 	EXP 	tProbe_visual_cue: autoDraw = False
49.6862 	EXP 	tCue_visual_cue: autoDraw = False
49.6862 	EXP 	tProbe_visual_cue: autoDraw = False
49.6862 	EXP 	right_or_wrong: height = 0.03
49.6862 	EXP 	right_or_wrong: height = 0.03
49.6862 	EXP 	right_or_wrong: text = "Bonne réponse ! \n\n Aucun son n'était présenté en même temps que le CERCLE. \n\n Appuyez sur la barre d'espace pour continuer."
49.6862 	EXP 	right_or_wrong: autoDraw = True
50.8612 	EXP 	New trial (rep=3, index=0): None
51.1613 	DATA 	Keypress: space
51.3610 	EXP 	Sound  started
51.3779 	EXP 	right_or_wrong: autoDraw = False
51.3779 	EXP 	tCue_visual_cue: autoDraw = True
53.7602 	EXP 	tCue_visual_cue: autoDraw = False
53.7602 	EXP 	tProbe_visual_cue: autoDraw = True
54.4075 	EXP 	Sound  reached end of file
54.6311 	DATA 	Keypress: space
54.9925 	EXP 	tProbe_visual_cue: autoDraw = False
56.8698 	EXP 	tCue_visual_cue: autoDraw = False
56.8698 	EXP 	tProbe_visual_cue: autoDraw = False
56.8698 	EXP 	right_or_wrong: height = 0.03
56.8698 	EXP 	right_or_wrong: height = 0.03
56.8698 	EXP 	right_or_wrong: text = "Bonne réponse ! \n\n Continuez d'appuyer sur la barre d'espace si vous entendez un son quand le CERCLE est visible à l'écran. \n\n Appuyez sur la barre d'espace pour continuer."
56.8698 	EXP 	right_or_wrong: autoDraw = True
57.5023 	EXP 	New trial (rep=4, index=0): None
57.8030 	DATA 	Keypress: space
58.0025 	EXP 	Sound  started
58.0195 	EXP 	right_or_wrong: autoDraw = False
58.0195 	EXP 	tCue_visual_cue: autoDraw = True
60.8326 	EXP 	tCue_visual_cue: autoDraw = False
60.8326 	EXP 	tProbe_visual_cue: autoDraw = True
61.2801 	EXP 	Sound  reached end of file
62.0365 	EXP 	tProbe_visual_cue: autoDraw = False
63.9764 	EXP 	tCue_visual_cue: autoDraw = False
63.9764 	EXP 	tProbe_visual_cue: autoDraw = False
63.9764 	EXP 	right_or_wrong: height = 0.03
63.9764 	EXP 	right_or_wrong: height = 0.03
63.9764 	EXP 	right_or_wrong: text = "Bonne réponse ! \n\n Aucun son n'était présenté en même temps que le CERCLE. \n\n Appuyez sur la barre d'espace pour continuer."
63.9764 	EXP 	right_or_wrong: autoDraw = True
64.6766 	DATA 	Keypress: space
64.7090 	EXP 	right_or_wrong: autoDraw = False
64.7090 	EXP 	more_instructions: autoDraw = True
107.0513 	DATA 	Keypress: space
107.0817 	EXP 	more_instructions: autoDraw = False
107.0817 	EXP 	rhytm_ready_txt: height = 0.05
107.0817 	EXP 	rhytm_ready_txt: height = 0.05
107.0817 	EXP 	rhytm_ready_txt: text = "Appuyez sur n'importe quelle touche pour voir l'exemple suivant."
107.0817 	EXP 	txt_rhythm: autoDraw = True
108.0838 	EXP 	txt_rhythm: autoDraw = False
108.4426 	EXP 	cross: autoDraw = True
108.5360 	EXP 	Sound sound_1 started
108.7362 	EXP 	Sound sound_1 reached end of file
109.0581 	EXP 	Sound sound_2 started
109.2576 	EXP 	Sound sound_2 stopped
109.5549 	EXP 	Sound sound_3 started
109.7550 	EXP 	Sound sound_3 reached end of file
110.0554 	EXP 	Sound sound_4 started
110.2403 	EXP 	cross: autoDraw = False
110.2403 	EXP 	circle: autoDraw = True
110.2557 	EXP 	Sound sound_4 reached end of file
110.5390 	EXP 	Sound sound_5 started
110.7391 	EXP 	Sound sound_5 reached end of file
111.0433 	EXP 	circle: autoDraw = False
111.2532 	EXP 	rhytm_ready_txt: autoDraw = True
111.3356 	DATA 	Keypress: space
111.3590 	EXP 	txt_rhythm: autoDraw = False
111.3590 	EXP 	cross: autoDraw = False
111.3590 	EXP 	circle: autoDraw = False
111.3590 	EXP 	rhytm_ready_txt: autoDraw = False
111.3590 	EXP 	freq_ready_txt: height = 0.05
111.3590 	EXP 	freq_ready_txt: height = 0.05
111.3590 	EXP 	freq_ready_txt: text = "Appuyez sur n'importe quelle touche pour voir l'exemple suivant."
111.3590 	EXP 	txt_freq: autoDraw = True
112.3843 	EXP 	txt_freq: autoDraw = False
112.7146 	EXP 	cross_2: autoDraw = True
112.8349 	EXP 	Sound sound_6 started
113.0255 	EXP 	Sound sound_6 stopped
113.1131 	EXP 	Sound sound_7 started
113.3135 	EXP 	Sound sound_7 reached end of file
113.8278 	EXP 	Sound sound_8 started
114.0257 	EXP 	Sound sound_8 stopped
114.2367 	EXP 	Sound sound_9 started
114.4255 	EXP 	Sound sound_9 stopped
114.5180 	EXP 	cross_2: autoDraw = False
114.5180 	EXP 	circle_2: autoDraw = True
114.8178 	EXP 	Sound sound_10 started
115.0179 	EXP 	Sound sound_10 reached end of file
115.2600 	DATA 	Keypress: space
115.3272 	EXP 	circle_2: autoDraw = False
115.5162 	EXP 	freq_ready_txt: autoDraw = True
119.9797 	DATA 	Keypress: space
120.0023 	EXP 	txt_freq: autoDraw = False
120.0023 	EXP 	cross_2: autoDraw = False
120.0023 	EXP 	circle_2: autoDraw = False
120.0023 	EXP 	freq_ready_txt: autoDraw = False
120.0023 	EXP 	freq_ready_txt_2: height = 0.05
120.0023 	EXP 	freq_ready_txt_2: height = 0.05
120.0023 	EXP 	freq_ready_txt_2: text = "Appuyez sur n'importe quelle touche pour voir l'exemple suivant."
120.0023 	EXP 	txt_freq_2: autoDraw = True
121.0141 	EXP 	txt_freq_2: autoDraw = False
121.3729 	EXP 	cross_3: autoDraw = True
121.4604 	EXP 	Sound sound_11 started
121.6606 	EXP 	Sound sound_11 reached end of file
121.9595 	EXP 	Sound sound_12 started
122.1594 	EXP 	Sound sound_12 reached end of file
122.4595 	EXP 	Sound sound_13 started
122.6599 	EXP 	Sound sound_13 reached end of file
122.9548 	EXP 	Sound sound_14 started
123.1537 	EXP 	Sound sound_14 reached end of file
123.1840 	EXP 	cross_3: autoDraw = False
123.1840 	EXP 	circle_3: autoDraw = True
123.4801 	EXP 	Sound sound_15 started
123.6734 	EXP 	Sound sound_15 stopped
123.8309 	DATA 	Keypress: space
124.0127 	EXP 	circle_3: autoDraw = False
124.1605 	EXP 	freq_ready_txt_2: autoDraw = True
125.3573 	DATA 	Keypress: space
125.3847 	EXP 	txt_freq_2: autoDraw = False
125.3847 	EXP 	cross_3: autoDraw = False
125.3847 	EXP 	circle_3: autoDraw = False
125.3847 	EXP 	freq_ready_txt_2: autoDraw = False
125.3847 	EXP 	freq_ready_txt_3: text = ''
125.3847 	EXP 	txt_freq_3: autoDraw = True
126.3947 	EXP 	txt_freq_3: autoDraw = False
126.7531 	EXP 	cross_4: autoDraw = True
126.8453 	EXP 	Sound sound_16 started
127.0333 	EXP 	Sound sound_16 stopped
127.1544 	EXP 	Sound sound_17 started
127.3534 	EXP 	Sound sound_17 reached end of file
127.8579 	EXP 	Sound sound_18 started
128.0536 	EXP 	Sound sound_18 stopped
128.2533 	EXP 	Sound sound_19 started
128.4535 	EXP 	Sound sound_19 reached end of file
128.5351 	EXP 	cross_4: autoDraw = False
128.5351 	EXP 	circle_4: autoDraw = True
128.8361 	EXP 	Sound sound_20 started
129.0385 	EXP 	Sound sound_20 reached end of file
129.3410 	EXP 	circle_4: autoDraw = False
129.5215 	DATA 	Keypress: space
129.5521 	EXP 	freq_ready_txt_3: autoDraw = True
130.0716 	EXP 	freq_ready_txt_3: autoDraw = False
130.0716 	EXP 	txt_freq_3: autoDraw = False
130.0716 	EXP 	cross_4: autoDraw = False
130.0716 	EXP 	circle_4: autoDraw = False
130.0716 	EXP 	freq_ready_txt_3: autoDraw = False
130.0716 	EXP 	tBlank_text: autoDraw = True
130.5870 	EXP 	tBlank_text: autoDraw = False
130.5870 	EXP 	tStart_text_2: autoDraw = True
168.7025 	EXP 	Created sequence: random, trialTypes=1, nReps=99, seed=None
168.7029 	EXP 	New trial (rep=0, index=0): None
168.7043 	DATA 	Keypress: space
168.7329 	EXP 	tStart_text_2: autoDraw = False
168.7329 	EXP 	blank_text: autoDraw = True
169.2327 	EXP 	Created sequence: random, trialTypes=1, nReps=20, seed=None
169.2329 	EXP 	New trial (rep=0, index=0): None
169.2706 	EXP 	blank_text: autoDraw = False
169.2706 	EXP 	this_trial_is: height = 0.05
169.2706 	EXP 	this_trial_is: height = 0.05
169.2706 	EXP 	this_trial_is: text = 'Rythme'
169.2706 	EXP 	this_trial_is: autoDraw = True
171.1995 	EXP 	Sound  started
171.2695 	EXP 	window1: mouseVisible = True
