9.4686 	WARNING 	User requested fullscreen with size [2560 1440], but screen is actually [3840, 2160]. Using actual size
13.3550 	WARNING 	Couldn't measure a consistent frame rate!
  - Is your graphics card set to sync to vertical blank?
  - Are you running other processes on your computer?

13.3564 	EXP 	Created window1 = Window(allowGUI=False, allowStencil=False, autoLog=True, backendConf=UNKNOWN, bitsMode=UNKNOWN, blendMode='avg', bpc=(8, 8, 8), color=array([ 0.6078, -0.2784, -0.2784]), colorSpace='rgb', depthBits=8, fullscr=<method-wrapper '__getattribute__' of attributeSetter object at 0x0000014A72B69B20>, gamma=None, gammaErrorPolicy='raise', lms=UNKNOWN, monitor=<psychopy.monitors.calibTools.Monitor object at 0x0000014A748160A0>, multiSample=False, name='window1', numSamples=2, pos=(0, 0), screen=0, size=array([3840, 2160]), stencilBits=0, stereo=False, units='height', useFBO=True, useRetina=False, viewOri=0.0, viewPos=None, viewScale=None, waitBlanking=True, winType='pyglet')
13.3571 	EXP 	window1: mouseVisible = True
13.3572 	EXP 	window1: Attempting to measure frame rate of screen (0) ...
13.3573 	EXP 	window1: recordFrameIntervals = False
13.6241 	EXP 	window1: recordFrameIntervals = True
13.6780 	WARNING 	t of last frame was 27.37ms (=1/36)
13.7313 	WARNING 	t of last frame was 38.10ms (=1/26)
13.7579 	WARNING 	t of last frame was 26.63ms (=1/37)
13.7855 	WARNING 	t of last frame was 27.61ms (=1/36)
13.8119 	WARNING 	Multiple dropped frames have occurred - I'll stop bothering you about them!
15.1513 	EXP 	Screen (0) actual frame rate measured at 37.44Hz
15.1514 	EXP 	window1: recordFrameIntervals = True
16.8315 	EXP 	window1: Attempting to measure frame rate of screen (0) ...
16.8315 	EXP 	window1: recordFrameIntervals = False
17.1038 	EXP 	window1: recordFrameIntervals = True
18.6765 	EXP 	Screen (0) actual frame rate measured at 36.08Hz
18.6766 	EXP 	window1: recordFrameIntervals = True
18.7775 	EXP 	Created instructions = TextStim(__class__=<class 'psychopy.visual.text.TextStim'>, alignHoriz=method-wrapper(...), alignText='center', alignVert=method-wrapper(...), anchorHoriz='center', anchorVert='center', antialias=True, autoLog=True, bold=False, color=array([1., 1., 1.]), colorSpace='rgb', contrast=1.0, depth=-2.0, flipHoriz=False, flipVert=False, font='Open Sans', fontFiles=[], height=0.03, italic=False, languageStyle='LTR', name='instructions', opacity=1, ori=0.0, pos=array([0., 0.]), rgb=UNKNOWN, text=str(...), units='height', win=Window(...), wrapWidth=1)
18.7791 	EXP 	Created blank_text = TextStim(__class__=<class 'psychopy.visual.text.TextStim'>, alignHoriz=method-wrapper(...), alignText='center', alignVert=method-wrapper(...), anchorHoriz='center', anchorVert='center', antialias=True, autoLog=True, bold=False, color=array([1., 1., 1.]), colorSpace='rgb', contrast=1.0, depth=0.0, flipHoriz=False, flipVert=False, font='Open Sans', fontFiles=[], height=0.05, italic=False, languageStyle='LTR', name='blank_text', opacity=1, ori=0.0, pos=array([0., 0.]), rgb=UNKNOWN, text='', units='height', win=Window(...), wrapWidth=1)
18.7843 	EXP 	Created fixation_cross = ShapeStim(__class__=<class 'psychopy.visual.shape.ShapeStim'>, anchor=('center', 'center'), autoDraw=False, autoLog=True, closeShape=True, color=method-wrapper(...), colorSpace='rgb', contrast=None, depth=-3.0, fillColor=array([1, 1, 1]), fillColorSpace='rgb', fillRGB=array([1, 1, 1]), interpolate=True, lineColor=array([1., 1., 1.]), lineColorSpace='rgb', lineRGB=array([1, 1, 1]), lineWidth=1.0, name='fixation_cross', opacity=1, ori=0.0, pos=array([0., 0.]), size=array([0.15, 0.15]), units='height', vertices=ndarray(...), win=Window(...), windingRule=None)
18.7852 	EXP 	Created text = TextStim(__class__=<class 'psychopy.visual.text.TextStim'>, alignHoriz=method-wrapper(...), alignText='center', alignVert=method-wrapper(...), anchorHoriz='center', anchorVert='center', antialias=True, autoLog=True, bold=False, color=array([1., 1., 1.]), colorSpace='rgb', contrast=1.0, depth=-2.0, flipHoriz=False, flipVert=False, font='Open Sans', fontFiles=[], height=0.05, italic=False, languageStyle='LTR', name='text', opacity=1, ori=0.0, pos=array([0., 0.]), rgb=UNKNOWN, text='', units='height', win=Window(...), wrapWidth=1)
18.8373 	EXP 	Sound probe set volume 1.000
18.8392 	EXP 	Created text_2 = TextStim(__class__=<class 'psychopy.visual.text.TextStim'>, alignHoriz=method-wrapper(...), alignText='center', alignVert=method-wrapper(...), anchorHoriz='center', anchorVert='center', antialias=True, autoLog=True, bold=False, color=array([1., 1., 1.]), colorSpace='rgb', contrast=1.0, depth=-4.0, flipHoriz=False, flipVert=False, font='Open Sans', fontFiles=[], height=0.05, italic=False, languageStyle='LTR', name='text_2', opacity=1, ori=0.0, pos=array([0., 0.]), rgb=UNKNOWN, text='', units='height', win=Window(...), wrapWidth=1)
18.8558 	EXP 	Created break_txt = TextStim(__class__=<class 'psychopy.visual.text.TextStim'>, alignHoriz=method-wrapper(...), alignText='center', alignVert=method-wrapper(...), anchorHoriz='center', anchorVert='center', antialias=True, autoLog=True, bold=False, color=array([1., 1., 1.]), colorSpace='rgb', contrast=1.0, depth=0.0, flipHoriz=False, flipVert=False, font='Open Sans', fontFiles=[], height=0.04, italic=False, languageStyle='LTR', name='break_txt', opacity=1, ori=0.0, pos=array([0., 0.]), rgb=UNKNOWN, text=str(...), units='height', win=Window(...), wrapWidth=1)
18.8572 	EXP 	Created blank_text = TextStim(__class__=<class 'psychopy.visual.text.TextStim'>, alignHoriz=method-wrapper(...), alignText='center', alignVert=method-wrapper(...), anchorHoriz='center', anchorVert='center', antialias=True, autoLog=True, bold=False, color=array([1., 1., 1.]), colorSpace='rgb', contrast=1.0, depth=0.0, flipHoriz=False, flipVert=False, font='Open Sans', fontFiles=[], height=0.05, italic=False, languageStyle='LTR', name='blank_text', opacity=1, ori=0.0, pos=array([0., 0.]), rgb=UNKNOWN, text='', units='height', win=Window(...), wrapWidth=1)
18.8819 	EXP 	Created end_txt = TextStim(__class__=<class 'psychopy.visual.text.TextStim'>, alignHoriz=method-wrapper(...), alignText='center', alignVert=method-wrapper(...), anchorHoriz='center', anchorVert='center', antialias=True, autoLog=True, bold=False, color=array([1., 1., 1.]), colorSpace='rgb', contrast=1.0, depth=0.0, flipHoriz=False, flipVert=False, font='Open Sans', fontFiles=[], height=0.05, italic=False, languageStyle='LTR', name='end_txt', opacity=1, ori=0.0, pos=array([0., 0.]), rgb=UNKNOWN, text=str(...), units='height', win=Window(...), wrapWidth=1)
18.8999 	EXP 	instructions: autoDraw = True
33.6949 	DATA 	Keypress: space
33.7251 	EXP 	instructions: autoDraw = False
33.7251 	EXP 	blank_text: autoDraw = True
34.7044 	EXP 	Created sequence: fullRandom, trialTypes=1, nReps=999, seed=None
34.7067 	EXP 	New trial (rep=0, index=0): None
35.8006 	EXP 	blank_text: autoDraw = False
35.8006 	EXP 	text: height = 0.05
35.8006 	EXP 	text: height = 0.05
35.8006 	EXP 	text: text = 'HAUTEUR'
35.8006 	EXP 	text: autoDraw = True
36.7957 	EXP 	Created sequence: sequential, trialTypes=1, nReps=15, seed=None
36.7959 	EXP 	New trial (rep=0, index=0): None
36.8003 	EXP 	Sound probe started
36.8264 	EXP 	text: autoDraw = False
36.8264 	EXP 	text: autoDraw = False
37.0139 	EXP 	Sound probe reached end of file
37.0143 	EXP 	window1: recordFrameIntervals = False
37.0341 	EXP 	text_2: autoDraw = True
37.0353 	EXP 	window1: recordFrameIntervals = True
39.1638 	EXP 	New trial (rep=1, index=0): None
39.1647 	EXP 	Sound probe started
39.1897 	EXP 	text_2: autoDraw = False
39.1897 	EXP 	text_2: autoDraw = False
39.3740 	EXP 	Sound probe reached end of file
39.3744 	EXP 	window1: recordFrameIntervals = False
39.4044 	EXP 	text_2: autoDraw = True
39.4059 	EXP 	window1: recordFrameIntervals = True
40.6124 	EXP 	New trial (rep=2, index=0): None
40.6134 	EXP 	Sound probe started
40.6379 	EXP 	text_2: autoDraw = False
40.6379 	EXP 	text_2: autoDraw = False
40.8261 	EXP 	Sound probe reached end of file
40.8280 	EXP 	window1: recordFrameIntervals = False
40.8529 	EXP 	text_2: autoDraw = True
40.8542 	EXP 	window1: recordFrameIntervals = True
42.6973 	DATA 	Keypress: space
42.9184 	EXP 	New trial (rep=3, index=0): None
42.9194 	EXP 	Sound probe started
42.9444 	EXP 	text_2: autoDraw = False
42.9444 	EXP 	text_2: autoDraw = False
43.1340 	EXP 	Sound probe reached end of file
43.1346 	EXP 	window1: recordFrameIntervals = False
43.1530 	EXP 	text_2: autoDraw = True
43.1542 	EXP 	window1: recordFrameIntervals = True
45.3551 	DATA 	Keypress: space
45.5755 	EXP 	New trial (rep=4, index=0): None
45.5765 	EXP 	Sound probe started
45.6031 	EXP 	text_2: autoDraw = False
45.6031 	EXP 	text_2: autoDraw = False
45.7939 	EXP 	Sound probe reached end of file
45.7958 	EXP 	window1: recordFrameIntervals = False
45.8170 	EXP 	text_2: autoDraw = True
45.8182 	EXP 	window1: recordFrameIntervals = True
47.4799 	EXP 	New trial (rep=5, index=0): None
47.4811 	EXP 	Sound probe started
47.5063 	EXP 	text_2: autoDraw = False
47.5063 	EXP 	text_2: autoDraw = False
47.6939 	EXP 	Sound probe reached end of file
47.6956 	EXP 	window1: recordFrameIntervals = False
47.7191 	EXP 	text_2: autoDraw = True
47.7207 	EXP 	window1: recordFrameIntervals = True
50.2560 	DATA 	Keypress: space
50.4767 	EXP 	New trial (rep=6, index=0): None
50.4776 	EXP 	Sound probe started
50.5027 	EXP 	text_2: autoDraw = False
50.5027 	EXP 	text_2: autoDraw = False
50.6939 	EXP 	Sound probe reached end of file
50.6951 	EXP 	window1: recordFrameIntervals = False
50.7271 	EXP 	text_2: autoDraw = True
50.7283 	EXP 	window1: recordFrameIntervals = True
53.4621 	DATA 	Keypress: space
53.6824 	EXP 	New trial (rep=7, index=0): None
53.6834 	EXP 	Sound probe started
53.7096 	EXP 	text_2: autoDraw = False
53.7096 	EXP 	text_2: autoDraw = False
53.9020 	EXP 	Sound probe reached end of file
53.9041 	EXP 	window1: recordFrameIntervals = False
53.9243 	EXP 	text_2: autoDraw = True
53.9257 	EXP 	window1: recordFrameIntervals = True
56.0813 	DATA 	Keypress: space
56.3017 	EXP 	New trial (rep=8, index=0): None
56.3027 	EXP 	Sound probe started
56.3275 	EXP 	text_2: autoDraw = False
56.3275 	EXP 	text_2: autoDraw = False
56.5216 	EXP 	Sound probe reached end of file
56.5221 	EXP 	window1: recordFrameIntervals = False
56.5415 	EXP 	text_2: autoDraw = True
56.5426 	EXP 	window1: recordFrameIntervals = True
58.7719 	DATA 	Keypress: space
58.9921 	EXP 	New trial (rep=9, index=0): None
58.9931 	EXP 	Sound probe started
59.0181 	EXP 	text_2: autoDraw = False
59.0181 	EXP 	text_2: autoDraw = False
59.2018 	EXP 	Sound probe reached end of file
59.2022 	EXP 	window1: recordFrameIntervals = False
59.2288 	EXP 	text_2: autoDraw = True
59.2301 	EXP 	window1: recordFrameIntervals = True
60.4624 	DATA 	Keypress: space
60.6825 	EXP 	New trial (rep=10, index=0): None
60.6835 	EXP 	Sound probe started
60.7081 	EXP 	text_2: autoDraw = False
60.7081 	EXP 	text_2: autoDraw = False
60.9019 	EXP 	Sound probe reached end of file
60.9040 	EXP 	window1: recordFrameIntervals = False
60.9246 	EXP 	text_2: autoDraw = True
60.9258 	EXP 	window1: recordFrameIntervals = True
62.2966 	EXP 	New trial (rep=11, index=0): None
62.2996 	EXP 	Sound probe started
62.3223 	EXP 	text_2: autoDraw = False
62.3223 	EXP 	text_2: autoDraw = False
62.5139 	EXP 	Sound probe reached end of file
62.5158 	EXP 	window1: recordFrameIntervals = False
62.5345 	EXP 	text_2: autoDraw = True
62.5356 	EXP 	window1: recordFrameIntervals = True
63.6291 	EXP 	New trial (rep=12, index=0): None
63.6301 	EXP 	Sound probe started
63.6572 	EXP 	text_2: autoDraw = False
63.6572 	EXP 	text_2: autoDraw = False
63.8419 	EXP 	Sound probe reached end of file
63.8425 	EXP 	window1: recordFrameIntervals = False
63.8682 	EXP 	text_2: autoDraw = True
63.8694 	EXP 	window1: recordFrameIntervals = True
66.2602 	EXP 	New trial (rep=13, index=0): None
66.2612 	EXP 	Sound probe started
66.2879 	EXP 	text_2: autoDraw = False
66.2879 	EXP 	text_2: autoDraw = False
66.4738 	EXP 	Sound probe reached end of file
66.4743 	EXP 	window1: recordFrameIntervals = False
66.5061 	EXP 	text_2: autoDraw = True
66.5074 	EXP 	window1: recordFrameIntervals = True
69.0359 	DATA 	Keypress: space
69.2628 	EXP 	New trial (rep=14, index=0): None
69.2639 	EXP 	Sound probe started
69.2835 	EXP 	text_2: autoDraw = False
69.2835 	EXP 	text_2: autoDraw = False
69.4698 	EXP 	Sound probe stopped
69.4703 	EXP 	window1: recordFrameIntervals = False
69.4997 	EXP 	text_2: autoDraw = True
69.5010 	EXP 	window1: recordFrameIntervals = True
71.0338 	DATA 	Keypress: space
71.2828 	EXP 	text_2: autoDraw = False
71.2828 	EXP 	text_2: autoDraw = False
71.2828 	EXP 	break_txt: autoDraw = True
72.8901 	EXP 	New trial (rep=1, index=0): None
74.0223 	DATA 	Keypress: space
74.0379 	EXP 	break_txt: autoDraw = False
74.0379 	EXP 	text: height = 0.05
74.0379 	EXP 	text: height = 0.05
74.0379 	EXP 	text: text = 'RYTHME'
74.0379 	EXP 	text: autoDraw = True
75.0460 	EXP 	Created sequence: sequential, trialTypes=1, nReps=10, seed=None
75.0461 	EXP 	New trial (rep=0, index=0): None
75.0470 	EXP 	Sound probe started
75.0740 	EXP 	text: autoDraw = False
75.0740 	EXP 	text: autoDraw = False
75.2620 	EXP 	Sound probe reached end of file
75.2636 	EXP 	window1: recordFrameIntervals = False
75.2852 	EXP 	text_2: autoDraw = True
75.2864 	EXP 	window1: recordFrameIntervals = True
76.4672 	EXP 	New trial (rep=1, index=0): None
76.4682 	EXP 	Sound probe started
76.4932 	EXP 	text_2: autoDraw = False
76.4932 	EXP 	text_2: autoDraw = False
76.6978 	EXP 	Sound probe reached end of file
76.6982 	EXP 	window1: recordFrameIntervals = False
76.7256 	EXP 	text_2: autoDraw = True
76.7268 	EXP 	window1: recordFrameIntervals = True
77.9037 	EXP 	New trial (rep=2, index=0): None
77.9047 	EXP 	Sound probe started
77.9292 	EXP 	text_2: autoDraw = False
77.9292 	EXP 	text_2: autoDraw = False
78.1218 	EXP 	Sound probe reached end of file
78.1223 	EXP 	window1: recordFrameIntervals = False
78.1531 	EXP 	text_2: autoDraw = True
78.1544 	EXP 	window1: recordFrameIntervals = True
79.1068 	DATA 	Keypress: space
79.3284 	EXP 	New trial (rep=3, index=0): None
79.3294 	EXP 	Sound probe started
79.3565 	EXP 	text_2: autoDraw = False
79.3565 	EXP 	text_2: autoDraw = False
79.5418 	EXP 	Sound probe reached end of file
79.5423 	EXP 	window1: recordFrameIntervals = False
79.5619 	EXP 	text_2: autoDraw = True
79.5632 	EXP 	window1: recordFrameIntervals = True
80.7472 	EXP 	New trial (rep=4, index=0): None
80.7482 	EXP 	Sound probe started
80.7746 	EXP 	text_2: autoDraw = False
80.7746 	EXP 	text_2: autoDraw = False
80.9620 	EXP 	Sound probe reached end of file
80.9637 	EXP 	window1: recordFrameIntervals = False
80.9876 	EXP 	text_2: autoDraw = True
80.9888 	EXP 	window1: recordFrameIntervals = True
82.1710 	EXP 	New trial (rep=5, index=0): None
82.1743 	EXP 	Sound probe started
82.1940 	EXP 	text_2: autoDraw = False
82.1940 	EXP 	text_2: autoDraw = False
82.3818 	EXP 	Sound probe stopped
82.3823 	EXP 	window1: recordFrameIntervals = False
82.4018 	EXP 	text_2: autoDraw = True
82.4029 	EXP 	window1: recordFrameIntervals = True
83.3669 	DATA 	Keypress: space
83.5902 	EXP 	New trial (rep=6, index=0): None
83.5937 	EXP 	Sound probe started
83.6133 	EXP 	text_2: autoDraw = False
83.6133 	EXP 	text_2: autoDraw = False
83.8020 	EXP 	Sound probe stopped
83.8039 	EXP 	window1: recordFrameIntervals = False
83.8228 	EXP 	text_2: autoDraw = True
83.8242 	EXP 	window1: recordFrameIntervals = True
85.0092 	EXP 	New trial (rep=7, index=0): None
85.0103 	EXP 	Sound probe started
85.0348 	EXP 	text_2: autoDraw = False
85.0348 	EXP 	text_2: autoDraw = False
85.2299 	EXP 	Sound probe reached end of file
85.2304 	EXP 	window1: recordFrameIntervals = False
85.2503 	EXP 	text_2: autoDraw = True
85.2515 	EXP 	window1: recordFrameIntervals = True
86.4367 	EXP 	New trial (rep=8, index=0): None
86.4377 	EXP 	Sound probe started
86.4638 	EXP 	text_2: autoDraw = False
86.4638 	EXP 	text_2: autoDraw = False
86.6498 	EXP 	Sound probe reached end of file
86.6503 	EXP 	window1: recordFrameIntervals = False
86.6698 	EXP 	text_2: autoDraw = True
86.6712 	EXP 	window1: recordFrameIntervals = True
87.8555 	EXP 	New trial (rep=9, index=0): None
87.8566 	EXP 	Sound probe started
87.8821 	EXP 	text_2: autoDraw = False
87.8821 	EXP 	text_2: autoDraw = False
88.0701 	EXP 	Sound probe reached end of file
88.0723 	EXP 	window1: recordFrameIntervals = False
88.0916 	EXP 	text_2: autoDraw = True
88.0931 	EXP 	window1: recordFrameIntervals = True
89.3039 	EXP 	text_2: autoDraw = False
89.3039 	EXP 	text_2: autoDraw = False
89.3039 	EXP 	break_txt: autoDraw = True
90.7667 	EXP 	New trial (rep=2, index=0): None
91.8326 	DATA 	Keypress: space
91.8479 	EXP 	break_txt: autoDraw = False
91.8479 	EXP 	text: height = 0.05
91.8479 	EXP 	text: height = 0.05
91.8479 	EXP 	text: text = 'RYTHME\n\nHAUTEUR'
91.8479 	EXP 	text: autoDraw = True
92.8581 	EXP 	Created sequence: sequential, trialTypes=1, nReps=11, seed=None
92.8586 	EXP 	New trial (rep=0, index=0): None
92.8630 	EXP 	Sound probe started
92.8824 	EXP 	text: autoDraw = False
92.8824 	EXP 	text: autoDraw = False
93.0698 	EXP 	Sound probe stopped
93.0703 	EXP 	window1: recordFrameIntervals = False
93.1010 	EXP 	text_2: autoDraw = True
93.1023 	EXP 	window1: recordFrameIntervals = True
94.0377 	DATA 	Keypress: space
94.2594 	EXP 	New trial (rep=1, index=0): None
94.2605 	EXP 	Sound probe started
94.2871 	EXP 	text_2: autoDraw = False
94.2871 	EXP 	text_2: autoDraw = False
94.4780 	EXP 	Sound probe reached end of file
94.4801 	EXP 	window1: recordFrameIntervals = False
94.4994 	EXP 	text_2: autoDraw = True
94.5006 	EXP 	window1: recordFrameIntervals = True
95.4471 	DATA 	Keypress: space
95.6757 	EXP 	New trial (rep=2, index=0): None
95.6768 	EXP 	Sound probe started
95.6961 	EXP 	text_2: autoDraw = False
95.6961 	EXP 	text_2: autoDraw = False
95.8898 	EXP 	Sound probe reached end of file
95.8902 	EXP 	window1: recordFrameIntervals = False
95.9083 	EXP 	text_2: autoDraw = True
95.9094 	EXP 	window1: recordFrameIntervals = True
96.8564 	DATA 	Keypress: space
97.0776 	EXP 	New trial (rep=3, index=0): None
97.0785 	EXP 	Sound probe started
97.1031 	EXP 	text_2: autoDraw = False
97.1031 	EXP 	text_2: autoDraw = False
97.2898 	EXP 	Sound probe stopped
97.2918 	EXP 	window1: recordFrameIntervals = False
97.3131 	EXP 	text_2: autoDraw = True
97.3144 	EXP 	window1: recordFrameIntervals = True
98.2602 	DATA 	Keypress: space
98.4821 	EXP 	New trial (rep=4, index=0): None
98.4832 	EXP 	Sound probe started
98.5101 	EXP 	text_2: autoDraw = False
98.5101 	EXP 	text_2: autoDraw = False
98.6979 	EXP 	Sound probe reached end of file
98.6983 	EXP 	window1: recordFrameIntervals = False
98.7180 	EXP 	text_2: autoDraw = True
98.7190 	EXP 	window1: recordFrameIntervals = True
99.6658 	DATA 	Keypress: space
99.8913 	EXP 	New trial (rep=5, index=0): None
99.8948 	EXP 	Sound probe started
99.9132 	EXP 	text_2: autoDraw = False
99.9132 	EXP 	text_2: autoDraw = False
100.0978 	EXP 	Sound probe stopped
100.0983 	EXP 	window1: recordFrameIntervals = False
100.1180 	EXP 	text_2: autoDraw = True
100.1193 	EXP 	window1: recordFrameIntervals = True
101.2863 	EXP 	New trial (rep=6, index=0): None
101.2872 	EXP 	Sound probe started
101.3132 	EXP 	text_2: autoDraw = False
101.3132 	EXP 	text_2: autoDraw = False
101.4982 	EXP 	Sound probe reached end of file
101.4994 	EXP 	window1: recordFrameIntervals = False
101.5217 	EXP 	text_2: autoDraw = True
101.5255 	EXP 	window1: recordFrameIntervals = True
102.4663 	DATA 	Keypress: space
102.6874 	EXP 	New trial (rep=7, index=0): None
102.6885 	EXP 	Sound probe started
102.7152 	EXP 	text_2: autoDraw = False
102.7152 	EXP 	text_2: autoDraw = False
102.8980 	EXP 	Sound probe reached end of file
102.8993 	EXP 	window1: recordFrameIntervals = False
102.9199 	EXP 	text_2: autoDraw = True
102.9212 	EXP 	window1: recordFrameIntervals = True
103.8653 	DATA 	Keypress: space
104.0871 	EXP 	New trial (rep=8, index=0): None
104.0881 	EXP 	Sound probe started
104.1145 	EXP 	text_2: autoDraw = False
104.1145 	EXP 	text_2: autoDraw = False
104.2981 	EXP 	Sound probe reached end of file
104.3000 	EXP 	window1: recordFrameIntervals = False
104.3208 	EXP 	text_2: autoDraw = True
104.3220 	EXP 	window1: recordFrameIntervals = True
105.4885 	EXP 	New trial (rep=9, index=0): None
105.4893 	EXP 	Sound probe started
105.5161 	EXP 	text_2: autoDraw = False
105.5161 	EXP 	text_2: autoDraw = False
105.6979 	EXP 	Sound probe reached end of file
105.6999 	EXP 	window1: recordFrameIntervals = False
105.7215 	EXP 	text_2: autoDraw = True
105.7227 	EXP 	window1: recordFrameIntervals = True
106.8863 	EXP 	New trial (rep=10, index=0): None
106.8873 	EXP 	Sound probe started
106.9128 	EXP 	text_2: autoDraw = False
106.9128 	EXP 	text_2: autoDraw = False
107.0979 	EXP 	Sound probe reached end of file
107.1001 	EXP 	window1: recordFrameIntervals = False
107.1226 	EXP 	text_2: autoDraw = True
107.1238 	EXP 	window1: recordFrameIntervals = True
108.0662 	DATA 	Keypress: space
108.3134 	EXP 	text_2: autoDraw = False
108.3134 	EXP 	text_2: autoDraw = False
108.3134 	EXP 	break_txt: autoDraw = True
110.3402 	EXP 	New trial (rep=3, index=0): None
111.8706 	DATA 	Keypress: space
111.8861 	EXP 	break_txt: autoDraw = False
111.8861 	EXP 	text: height = 0.05
111.8861 	EXP 	text: height = 0.05
111.8861 	EXP 	text: text = 'HAUTEUR'
111.8861 	EXP 	text: autoDraw = True
112.8734 	EXP 	Created sequence: sequential, trialTypes=1, nReps=10, seed=None
112.8735 	EXP 	New trial (rep=0, index=0): None
112.8749 	EXP 	Sound probe started
112.9009 	EXP 	text: autoDraw = False
112.9009 	EXP 	text: autoDraw = False
113.0898 	EXP 	Sound probe reached end of file
113.0902 	EXP 	window1: recordFrameIntervals = False
113.1210 	EXP 	text_2: autoDraw = True
113.1223 	EXP 	window1: recordFrameIntervals = True
115.7405 	DATA 	Keypress: space
115.9623 	EXP 	New trial (rep=1, index=0): None
115.9633 	EXP 	Sound probe started
115.9888 	EXP 	text_2: autoDraw = False
115.9888 	EXP 	text_2: autoDraw = False
116.1778 	EXP 	Sound probe reached end of file
116.1784 	EXP 	window1: recordFrameIntervals = False
116.1963 	EXP 	text_2: autoDraw = True
116.1975 	EXP 	window1: recordFrameIntervals = True
117.7008 	DATA 	Keypress: space
117.9248 	EXP 	New trial (rep=2, index=0): None
117.9283 	EXP 	Sound probe started
117.9479 	EXP 	text_2: autoDraw = False
117.9479 	EXP 	text_2: autoDraw = False
118.1379 	EXP 	Sound probe reached end of file
118.1400 	EXP 	window1: recordFrameIntervals = False
118.1568 	EXP 	text_2: autoDraw = True
118.1580 	EXP 	window1: recordFrameIntervals = True
120.8302 	DATA 	Keypress: space
121.0517 	EXP 	New trial (rep=3, index=0): None
121.0526 	EXP 	Sound probe started
121.0778 	EXP 	text_2: autoDraw = False
121.0778 	EXP 	text_2: autoDraw = False
121.2657 	EXP 	Sound probe reached end of file
121.2662 	EXP 	window1: recordFrameIntervals = False
121.2960 	EXP 	text_2: autoDraw = True
121.2973 	EXP 	window1: recordFrameIntervals = True
122.8861 	DATA 	Keypress: space
123.1077 	EXP 	New trial (rep=4, index=0): None
123.1086 	EXP 	Sound probe started
123.1355 	EXP 	text_2: autoDraw = False
123.1355 	EXP 	text_2: autoDraw = False
123.3258 	EXP 	Sound probe reached end of file
123.3263 	EXP 	window1: recordFrameIntervals = False
123.3456 	EXP 	text_2: autoDraw = True
123.3467 	EXP 	window1: recordFrameIntervals = True
124.7187 	EXP 	New trial (rep=5, index=0): None
124.7197 	EXP 	Sound probe started
124.7444 	EXP 	text_2: autoDraw = False
124.7444 	EXP 	text_2: autoDraw = False
124.9378 	EXP 	Sound probe reached end of file
124.9383 	EXP 	window1: recordFrameIntervals = False
124.9588 	EXP 	text_2: autoDraw = True
124.9602 	EXP 	window1: recordFrameIntervals = True
126.0661 	DATA 	Keypress: space
126.2877 	EXP 	New trial (rep=6, index=0): None
126.2887 	EXP 	Sound probe started
126.3131 	EXP 	text_2: autoDraw = False
126.3131 	EXP 	text_2: autoDraw = False
126.5061 	EXP 	Sound probe reached end of file
126.5079 	EXP 	window1: recordFrameIntervals = False
126.5348 	EXP 	text_2: autoDraw = True
126.5360 	EXP 	window1: recordFrameIntervals = True
127.8831 	DATA 	Keypress: space
128.1047 	EXP 	New trial (rep=7, index=0): None
128.1057 	EXP 	Sound probe started
128.1304 	EXP 	text_2: autoDraw = False
128.1304 	EXP 	text_2: autoDraw = False
128.3259 	EXP 	Sound probe reached end of file
128.3270 	EXP 	window1: recordFrameIntervals = False
128.3469 	EXP 	text_2: autoDraw = True
128.3482 	EXP 	window1: recordFrameIntervals = True
130.4337 	DATA 	Keypress: space
130.6620 	EXP 	New trial (rep=8, index=0): None
130.6631 	EXP 	Sound probe started
130.6827 	EXP 	text_2: autoDraw = False
130.6827 	EXP 	text_2: autoDraw = False
130.8658 	EXP 	Sound probe stopped
130.8663 	EXP 	window1: recordFrameIntervals = False
130.8933 	EXP 	text_2: autoDraw = True
130.8945 	EXP 	window1: recordFrameIntervals = True
132.5233 	EXP 	New trial (rep=9, index=0): None
132.5263 	EXP 	Sound probe started
132.5462 	EXP 	text_2: autoDraw = False
132.5462 	EXP 	text_2: autoDraw = False
132.7375 	EXP 	Sound probe stopped
132.7380 	EXP 	window1: recordFrameIntervals = False
132.7567 	EXP 	text_2: autoDraw = True
132.7578 	EXP 	window1: recordFrameIntervals = True
135.2064 	EXP 	text_2: autoDraw = False
135.2064 	EXP 	text_2: autoDraw = False
135.2064 	EXP 	break_txt: autoDraw = True
137.7896 	EXP 	New trial (rep=4, index=0): None
139.6198 	DATA 	Keypress: space
139.6354 	EXP 	break_txt: autoDraw = False
139.6354 	EXP 	text: text = 'HAUTEUR'
139.6354 	EXP 	text: autoDraw = True
140.6414 	EXP 	Created sequence: sequential, trialTypes=1, nReps=9, seed=None
140.6419 	EXP 	New trial (rep=0, index=0): None
140.6463 	EXP 	Sound probe started
140.6658 	EXP 	text: autoDraw = False
140.6658 	EXP 	text: autoDraw = False
140.8577 	EXP 	Sound probe stopped
140.8598 	EXP 	window1: recordFrameIntervals = False
140.8825 	EXP 	text_2: autoDraw = True
140.8839 	EXP 	window1: recordFrameIntervals = True
143.4977 	DATA 	Keypress: space
143.7283 	EXP 	New trial (rep=1, index=0): None
143.7297 	EXP 	Sound probe started
143.7492 	EXP 	text_2: autoDraw = False
143.7492 	EXP 	text_2: autoDraw = False
143.9379 	EXP 	Sound probe stopped
143.9399 	EXP 	window1: recordFrameIntervals = False
143.9621 	EXP 	text_2: autoDraw = True
143.9633 	EXP 	window1: recordFrameIntervals = True
146.0976 	EXP 	New trial (rep=2, index=0): None
146.0986 	EXP 	Sound probe started
146.1253 	EXP 	text_2: autoDraw = False
146.1253 	EXP 	text_2: autoDraw = False
146.3137 	EXP 	Sound probe reached end of file
146.3142 	EXP 	window1: recordFrameIntervals = False
146.3344 	EXP 	text_2: autoDraw = True
146.3364 	EXP 	window1: recordFrameIntervals = True
148.3819 	DATA 	Keypress: space
148.6045 	EXP 	New trial (rep=3, index=0): None
148.6079 	EXP 	Sound probe started
148.6296 	EXP 	text_2: autoDraw = False
148.6296 	EXP 	text_2: autoDraw = False
148.8141 	EXP 	Sound probe stopped
148.8149 	EXP 	window1: recordFrameIntervals = False
148.8346 	EXP 	text_2: autoDraw = True
148.8358 	EXP 	window1: recordFrameIntervals = True
151.6169 	EXP 	New trial (rep=4, index=0): None
151.6180 	EXP 	Sound probe started
151.6369 	EXP 	text_2: autoDraw = False
151.6369 	EXP 	text_2: autoDraw = False
151.8258 	EXP 	Sound probe stopped
151.8274 	EXP 	window1: recordFrameIntervals = False
151.8486 	EXP 	text_2: autoDraw = True
151.8499 	EXP 	window1: recordFrameIntervals = True
153.4508 	DATA 	Keypress: space
153.6729 	EXP 	New trial (rep=5, index=0): None
153.6739 	EXP 	Sound probe started
153.7003 	EXP 	text_2: autoDraw = False
153.7003 	EXP 	text_2: autoDraw = False
153.8859 	EXP 	Sound probe stopped
153.8866 	EXP 	window1: recordFrameIntervals = False
153.9063 	EXP 	text_2: autoDraw = True
153.9075 	EXP 	window1: recordFrameIntervals = True
155.7544 	EXP 	New trial (rep=6, index=0): None
155.7554 	EXP 	Sound probe started
155.7809 	EXP 	text_2: autoDraw = False
155.7809 	EXP 	text_2: autoDraw = False
155.9737 	EXP 	Sound probe reached end of file
155.9757 	EXP 	window1: recordFrameIntervals = False
155.9977 	EXP 	text_2: autoDraw = True
155.9990 	EXP 	window1: recordFrameIntervals = True
158.4914 	EXP 	New trial (rep=7, index=0): None
158.4924 	EXP 	Sound probe started
158.5182 	EXP 	text_2: autoDraw = False
158.5182 	EXP 	text_2: autoDraw = False
158.7057 	EXP 	Sound probe reached end of file
158.7081 	EXP 	window1: recordFrameIntervals = False
158.7348 	EXP 	text_2: autoDraw = True
158.7360 	EXP 	window1: recordFrameIntervals = True
159.7300 	EXP 	New trial (rep=8, index=0): None
159.7308 	EXP 	Sound probe started
159.7575 	EXP 	text_2: autoDraw = False
159.7575 	EXP 	text_2: autoDraw = False
159.9459 	EXP 	Sound probe reached end of file
159.9479 	EXP 	window1: recordFrameIntervals = False
159.9651 	EXP 	text_2: autoDraw = True
159.9666 	EXP 	window1: recordFrameIntervals = True
161.8136 	EXP 	text_2: autoDraw = False
161.8136 	EXP 	text_2: autoDraw = False
161.8136 	EXP 	break_txt: autoDraw = True
166.2053 	EXP 	New trial (rep=5, index=0): None
167.4784 	DATA 	Keypress: space
167.4939 	EXP 	break_txt: autoDraw = False
167.4939 	EXP 	text: height = 0.05
167.4939 	EXP 	text: height = 0.05
167.4939 	EXP 	text: text = 'X'
167.4939 	EXP 	text: autoDraw = True
168.4945 	EXP 	Created sequence: sequential, trialTypes=1, nReps=11, seed=None
168.4947 	EXP 	New trial (rep=0, index=0): None
168.4957 	EXP 	Sound probe started
168.5222 	EXP 	text: autoDraw = False
168.5222 	EXP 	text: autoDraw = False
168.7137 	EXP 	Sound probe reached end of file
168.7141 	EXP 	window1: recordFrameIntervals = False
168.7432 	EXP 	text_2: autoDraw = True
168.7445 	EXP 	window1: recordFrameIntervals = True
171.6341 	EXP 	New trial (rep=1, index=0): None
171.6350 	EXP 	Sound probe started
171.6597 	EXP 	text_2: autoDraw = False
171.6597 	EXP 	text_2: autoDraw = False
171.8541 	EXP 	Sound probe reached end of file
171.8563 	EXP 	window1: recordFrameIntervals = False
171.8805 	EXP 	text_2: autoDraw = True
171.8817 	EXP 	window1: recordFrameIntervals = True
174.0407 	DATA 	Keypress: space
174.2632 	EXP 	New trial (rep=2, index=0): None
174.2642 	EXP 	Sound probe started
174.2896 	EXP 	text_2: autoDraw = False
174.2896 	EXP 	text_2: autoDraw = False
174.4817 	EXP 	Sound probe reached end of file
174.4822 	EXP 	window1: recordFrameIntervals = False
174.5011 	EXP 	text_2: autoDraw = True
174.5022 	EXP 	window1: recordFrameIntervals = True
176.0558 	EXP 	New trial (rep=3, index=0): None
176.0587 	EXP 	Sound probe started
176.0771 	EXP 	text_2: autoDraw = False
176.0771 	EXP 	text_2: autoDraw = False
176.2619 	EXP 	Sound probe stopped
176.2643 	EXP 	window1: recordFrameIntervals = False
176.2814 	EXP 	text_2: autoDraw = True
176.2825 	EXP 	window1: recordFrameIntervals = True
178.3359 	EXP 	New trial (rep=4, index=0): None
178.3390 	EXP 	Sound probe started
178.3618 	EXP 	text_2: autoDraw = False
178.3618 	EXP 	text_2: autoDraw = False
178.5537 	EXP 	Sound probe reached end of file
178.5552 	EXP 	window1: recordFrameIntervals = False
178.5770 	EXP 	text_2: autoDraw = True
178.5783 	EXP 	window1: recordFrameIntervals = True
181.2131 	EXP 	New trial (rep=5, index=0): None
181.2147 	EXP 	Sound probe started
181.2331 	EXP 	text_2: autoDraw = False
181.2331 	EXP 	text_2: autoDraw = False
181.4217 	EXP 	Sound probe stopped
181.4222 	EXP 	window1: recordFrameIntervals = False
181.4411 	EXP 	text_2: autoDraw = True
181.4422 	EXP 	window1: recordFrameIntervals = True
182.4936 	DATA 	Keypress: space
182.7181 	EXP 	New trial (rep=6, index=0): None
182.7192 	EXP 	Sound probe started
182.7445 	EXP 	text_2: autoDraw = False
182.7445 	EXP 	text_2: autoDraw = False
182.9338 	EXP 	Sound probe reached end of file
182.9343 	EXP 	window1: recordFrameIntervals = False
182.9650 	EXP 	text_2: autoDraw = True
182.9662 	EXP 	window1: recordFrameIntervals = True
185.5637 	EXP 	New trial (rep=7, index=0): None
185.5669 	EXP 	Sound probe started
185.5878 	EXP 	text_2: autoDraw = False
185.5878 	EXP 	text_2: autoDraw = False
185.7738 	EXP 	Sound probe stopped
185.7748 	EXP 	window1: recordFrameIntervals = False
185.7945 	EXP 	text_2: autoDraw = True
185.7957 	EXP 	window1: recordFrameIntervals = True
188.3425 	EXP 	New trial (rep=8, index=0): None
188.3434 	EXP 	Sound probe started
188.3699 	EXP 	text_2: autoDraw = False
188.3699 	EXP 	text_2: autoDraw = False
188.5617 	EXP 	Sound probe reached end of file
188.5623 	EXP 	window1: recordFrameIntervals = False
188.5815 	EXP 	text_2: autoDraw = True
188.5825 	EXP 	window1: recordFrameIntervals = True
189.5607 	DATA 	Keypress: space
189.7860 	EXP 	New trial (rep=9, index=0): None
189.7893 	EXP 	Sound probe started
189.8075 	EXP 	text_2: autoDraw = False
189.8075 	EXP 	text_2: autoDraw = False
189.9937 	EXP 	Sound probe stopped
189.9942 	EXP 	window1: recordFrameIntervals = False
190.0149 	EXP 	text_2: autoDraw = True
190.0160 	EXP 	window1: recordFrameIntervals = True
192.4761 	EXP 	New trial (rep=10, index=0): None
192.4770 	EXP 	Sound probe started
192.5036 	EXP 	text_2: autoDraw = False
192.5036 	EXP 	text_2: autoDraw = False
192.6937 	EXP 	Sound probe reached end of file
192.6946 	EXP 	window1: recordFrameIntervals = False
192.7151 	EXP 	text_2: autoDraw = True
192.7164 	EXP 	window1: recordFrameIntervals = True
194.4457 	DATA 	Keypress: space
194.6946 	EXP 	text_2: autoDraw = False
194.6946 	EXP 	text_2: autoDraw = False
194.6946 	EXP 	break_txt: autoDraw = True
196.8306 	DATA 	Keypress: space
196.8643 	EXP 	New trial (rep=6, index=0): None
198.6085 	EXP 	break_txt: autoDraw = False
198.6085 	EXP 	text: height = 0.05
198.6085 	EXP 	text: height = 0.05
198.6085 	EXP 	text: text = 'RYTHME'
198.6085 	EXP 	text: autoDraw = True
199.6005 	EXP 	Created sequence: sequential, trialTypes=1, nReps=9, seed=None
199.6006 	EXP 	New trial (rep=0, index=0): None
199.6017 	EXP 	Sound probe started
199.6322 	EXP 	text: autoDraw = False
199.6322 	EXP 	text: autoDraw = False
199.8217 	EXP 	Sound probe reached end of file
199.8221 	EXP 	window1: recordFrameIntervals = False
199.8486 	EXP 	text_2: autoDraw = True
199.8499 	EXP 	window1: recordFrameIntervals = True
201.9457 	EXP 	New trial (rep=1, index=0): None
201.9491 	EXP 	Sound probe started
201.9694 	EXP 	text_2: autoDraw = False
201.9694 	EXP 	text_2: autoDraw = False
202.1498 	EXP 	Sound probe stopped
202.1517 	EXP 	window1: recordFrameIntervals = False
202.1769 	EXP 	text_2: autoDraw = True
202.1782 	EXP 	window1: recordFrameIntervals = True
204.0517 	DATA 	Keypress: space
204.2748 	EXP 	New trial (rep=2, index=0): None
204.2758 	EXP 	Sound probe started
204.3024 	EXP 	text_2: autoDraw = False
204.3024 	EXP 	text_2: autoDraw = False
204.4897 	EXP 	Sound probe reached end of file
204.4917 	EXP 	window1: recordFrameIntervals = False
204.5138 	EXP 	text_2: autoDraw = True
204.5150 	EXP 	window1: recordFrameIntervals = True
206.6149 	EXP 	New trial (rep=3, index=0): None
206.6175 	EXP 	Sound probe started
206.6406 	EXP 	text_2: autoDraw = False
206.6406 	EXP 	text_2: autoDraw = False
206.8296 	EXP 	Sound probe reached end of file
206.8301 	EXP 	window1: recordFrameIntervals = False
206.8499 	EXP 	text_2: autoDraw = True
206.8511 	EXP 	window1: recordFrameIntervals = True
208.7297 	DATA 	Keypress: space
208.9554 	EXP 	New trial (rep=4, index=0): None
208.9593 	EXP 	Sound probe started
208.9776 	EXP 	text_2: autoDraw = False
208.9776 	EXP 	text_2: autoDraw = False
209.1618 	EXP 	Sound probe stopped
209.1640 	EXP 	window1: recordFrameIntervals = False
209.1846 	EXP 	text_2: autoDraw = True
209.1859 	EXP 	window1: recordFrameIntervals = True
211.2903 	EXP 	New trial (rep=5, index=0): None
211.2938 	EXP 	Sound probe started
211.3133 	EXP 	text_2: autoDraw = False
211.3133 	EXP 	text_2: autoDraw = False
211.5017 	EXP 	Sound probe stopped
211.5022 	EXP 	window1: recordFrameIntervals = False
211.5220 	EXP 	text_2: autoDraw = True
211.5233 	EXP 	window1: recordFrameIntervals = True
213.6302 	EXP 	New trial (rep=6, index=0): None
213.6319 	EXP 	Sound probe started
213.6505 	EXP 	text_2: autoDraw = False
213.6505 	EXP 	text_2: autoDraw = False
213.8299 	EXP 	Sound probe stopped
213.8321 	EXP 	window1: recordFrameIntervals = False
213.8556 	EXP 	text_2: autoDraw = True
213.8569 	EXP 	window1: recordFrameIntervals = True
215.9552 	EXP 	New trial (rep=7, index=0): None
215.9561 	EXP 	Sound probe started
215.9824 	EXP 	text_2: autoDraw = False
215.9824 	EXP 	text_2: autoDraw = False
216.1697 	EXP 	Sound probe reached end of file
216.1717 	EXP 	window1: recordFrameIntervals = False
216.1917 	EXP 	text_2: autoDraw = True
216.1929 	EXP 	window1: recordFrameIntervals = True
218.0721 	DATA 	Keypress: space
218.2968 	EXP 	New trial (rep=8, index=0): None
218.3003 	EXP 	Sound probe started
218.3203 	EXP 	text_2: autoDraw = False
218.3203 	EXP 	text_2: autoDraw = False
218.5096 	EXP 	Sound probe reached end of file
218.5101 	EXP 	window1: recordFrameIntervals = False
218.5298 	EXP 	text_2: autoDraw = True
218.5311 	EXP 	window1: recordFrameIntervals = True
220.6585 	EXP 	text_2: autoDraw = False
220.6585 	EXP 	text_2: autoDraw = False
220.6585 	EXP 	break_txt: autoDraw = True
224.2197 	EXP 	New trial (rep=7, index=0): None
227.6878 	DATA 	Keypress: space
227.7036 	EXP 	break_txt: autoDraw = False
227.7036 	EXP 	text: text = 'RYTHME'
227.7036 	EXP 	text: autoDraw = True
228.6918 	EXP 	Created sequence: sequential, trialTypes=1, nReps=8, seed=None
228.6922 	EXP 	New trial (rep=0, index=0): None
228.6965 	EXP 	Sound probe started
228.7182 	EXP 	text: autoDraw = False
228.7182 	EXP 	text: autoDraw = False
228.9097 	EXP 	Sound probe reached end of file
228.9117 	EXP 	window1: recordFrameIntervals = False
228.9367 	EXP 	text_2: autoDraw = True
228.9379 	EXP 	window1: recordFrameIntervals = True
230.9787 	DATA 	Keypress: space
231.2023 	EXP 	New trial (rep=1, index=0): None
231.2033 	EXP 	Sound probe started
231.2277 	EXP 	text_2: autoDraw = False
231.2277 	EXP 	text_2: autoDraw = False
231.4178 	EXP 	Sound probe reached end of file
231.4197 	EXP 	window1: recordFrameIntervals = False
231.4405 	EXP 	text_2: autoDraw = True
231.4418 	EXP 	window1: recordFrameIntervals = True
233.4867 	DATA 	Keypress: space
233.7107 	EXP 	New trial (rep=2, index=0): None
233.7132 	EXP 	Sound probe started
233.7361 	EXP 	text_2: autoDraw = False
233.7361 	EXP 	text_2: autoDraw = False
233.9294 	EXP 	Sound probe reached end of file
233.9299 	EXP 	window1: recordFrameIntervals = False
233.9495 	EXP 	text_2: autoDraw = True
233.9507 	EXP 	window1: recordFrameIntervals = True
236.2236 	EXP 	New trial (rep=3, index=0): None
236.2247 	EXP 	Sound probe started
236.2441 	EXP 	text_2: autoDraw = False
236.2441 	EXP 	text_2: autoDraw = False
236.4298 	EXP 	Sound probe stopped
236.4306 	EXP 	window1: recordFrameIntervals = False
236.4548 	EXP 	text_2: autoDraw = True
236.4560 	EXP 	window1: recordFrameIntervals = True
238.4976 	DATA 	Keypress: space
238.7274 	EXP 	New trial (rep=4, index=0): None
238.7285 	EXP 	Sound probe started
238.7481 	EXP 	text_2: autoDraw = False
238.7481 	EXP 	text_2: autoDraw = False
238.9378 	EXP 	Sound probe reached end of file
238.9394 	EXP 	window1: recordFrameIntervals = False
238.9581 	EXP 	text_2: autoDraw = True
238.9593 	EXP 	window1: recordFrameIntervals = True
241.2295 	EXP 	New trial (rep=5, index=0): None
241.2304 	EXP 	Sound probe started
241.2549 	EXP 	text_2: autoDraw = False
241.2549 	EXP 	text_2: autoDraw = False
241.4380 	EXP 	Sound probe stopped
241.4402 	EXP 	window1: recordFrameIntervals = False
241.4644 	EXP 	text_2: autoDraw = True
241.4657 	EXP 	window1: recordFrameIntervals = True
243.5065 	DATA 	Keypress: space
243.7303 	EXP 	New trial (rep=6, index=0): None
243.7313 	EXP 	Sound probe started
243.7566 	EXP 	text_2: autoDraw = False
243.7566 	EXP 	text_2: autoDraw = False
243.9497 	EXP 	Sound probe reached end of file
243.9501 	EXP 	window1: recordFrameIntervals = False
243.9693 	EXP 	text_2: autoDraw = True
243.9706 	EXP 	window1: recordFrameIntervals = True
246.0176 	DATA 	Keypress: space
246.2427 	EXP 	New trial (rep=7, index=0): None
246.2462 	EXP 	Sound probe started
246.2666 	EXP 	text_2: autoDraw = False
246.2666 	EXP 	text_2: autoDraw = False
246.4575 	EXP 	Sound probe stopped
246.4580 	EXP 	window1: recordFrameIntervals = False
246.4775 	EXP 	text_2: autoDraw = True
246.4787 	EXP 	window1: recordFrameIntervals = True
248.5239 	DATA 	Keypress: space
248.7707 	EXP 	text_2: autoDraw = False
248.7707 	EXP 	text_2: autoDraw = False
248.7707 	EXP 	break_txt: autoDraw = True
255.9255 	EXP 	New trial (rep=8, index=0): None
257.6778 	DATA 	Keypress: space
257.6937 	EXP 	break_txt: autoDraw = False
257.6937 	EXP 	text: height = 0.05
257.6937 	EXP 	text: height = 0.05
257.6937 	EXP 	text: text = 'X'
257.6937 	EXP 	text: autoDraw = True
258.7111 	EXP 	Created sequence: sequential, trialTypes=1, nReps=9, seed=None
258.7113 	EXP 	New trial (rep=0, index=0): None
258.7125 	EXP 	Sound probe started
258.7413 	EXP 	text: autoDraw = False
258.7413 	EXP 	text: autoDraw = False
258.9258 	EXP 	Sound probe reached end of file
258.9277 	EXP 	window1: recordFrameIntervals = False
258.9492 	EXP 	text_2: autoDraw = True
258.9506 	EXP 	window1: recordFrameIntervals = True
261.6818 	EXP 	New trial (rep=1, index=0): None
261.6828 	EXP 	Sound probe started
261.7078 	EXP 	text_2: autoDraw = False
261.7078 	EXP 	text_2: autoDraw = False
261.8977 	EXP 	Sound probe reached end of file
261.8998 	EXP 	window1: recordFrameIntervals = False
261.9205 	EXP 	text_2: autoDraw = True
261.9217 	EXP 	window1: recordFrameIntervals = True
263.7643 	EXP 	New trial (rep=2, index=0): None
263.7675 	EXP 	Sound probe started
263.7860 	EXP 	text_2: autoDraw = False
263.7860 	EXP 	text_2: autoDraw = False
263.9776 	EXP 	Sound probe stopped
263.9793 	EXP 	window1: recordFrameIntervals = False
264.0007 	EXP 	text_2: autoDraw = True
264.0021 	EXP 	window1: recordFrameIntervals = True
265.4222 	EXP 	New trial (rep=3, index=0): None
265.4231 	EXP 	Sound probe started
265.4476 	EXP 	text_2: autoDraw = False
265.4476 	EXP 	text_2: autoDraw = False
265.6383 	EXP 	Sound probe reached end of file
265.6387 	EXP 	window1: recordFrameIntervals = False
265.6804 	EXP 	text_2: autoDraw = True
265.6816 	EXP 	window1: recordFrameIntervals = True
266.8116 	DATA 	Keypress: space
267.0422 	EXP 	New trial (rep=4, index=0): None
267.0434 	EXP 	Sound probe started
267.0626 	EXP 	text_2: autoDraw = False
267.0626 	EXP 	text_2: autoDraw = False
267.2456 	EXP 	Sound probe stopped
267.2460 	EXP 	window1: recordFrameIntervals = False
267.2709 	EXP 	text_2: autoDraw = True
267.2721 	EXP 	window1: recordFrameIntervals = True
269.8141 	EXP 	New trial (rep=5, index=0): None
269.8150 	EXP 	Sound probe started
269.8408 	EXP 	text_2: autoDraw = False
269.8408 	EXP 	text_2: autoDraw = False
270.0257 	EXP 	Sound probe reached end of file
270.0266 	EXP 	window1: recordFrameIntervals = False
270.0468 	EXP 	text_2: autoDraw = True
270.0482 	EXP 	window1: recordFrameIntervals = True
270.9981 	DATA 	Keypress: space
271.2260 	EXP 	New trial (rep=6, index=0): None
271.2270 	EXP 	Sound probe started
271.2460 	EXP 	text_2: autoDraw = False
271.2460 	EXP 	text_2: autoDraw = False
271.4453 	EXP 	Sound probe reached end of file
271.4458 	EXP 	window1: recordFrameIntervals = False
271.4657 	EXP 	text_2: autoDraw = True
271.4675 	EXP 	window1: recordFrameIntervals = True
273.5158 	EXP 	New trial (rep=7, index=0): None
273.5167 	EXP 	Sound probe started
273.5432 	EXP 	text_2: autoDraw = False
273.5432 	EXP 	text_2: autoDraw = False
273.7336 	EXP 	Sound probe reached end of file
273.7341 	EXP 	window1: recordFrameIntervals = False
273.7535 	EXP 	text_2: autoDraw = True
273.7545 	EXP 	window1: recordFrameIntervals = True
276.1180 	EXP 	New trial (rep=8, index=0): None
276.1190 	EXP 	Sound probe started
276.1454 	EXP 	text_2: autoDraw = False
276.1454 	EXP 	text_2: autoDraw = False
276.3336 	EXP 	Sound probe reached end of file
276.3341 	EXP 	window1: recordFrameIntervals = False
276.3540 	EXP 	text_2: autoDraw = True
276.3552 	EXP 	window1: recordFrameIntervals = True
278.8176 	DATA 	Keypress: space
279.0672 	EXP 	text_2: autoDraw = False
279.0672 	EXP 	text_2: autoDraw = False
279.0672 	EXP 	break_txt: autoDraw = True
281.1047 	EXP 	New trial (rep=9, index=0): None
282.5581 	DATA 	Keypress: space
282.5738 	EXP 	break_txt: autoDraw = False
282.5738 	EXP 	text: height = 0.05
282.5738 	EXP 	text: height = 0.05
282.5738 	EXP 	text: text = 'RYTHME\n\nHAUTEUR'
282.5738 	EXP 	text: autoDraw = True
283.5866 	EXP 	Created sequence: sequential, trialTypes=1, nReps=13, seed=None
283.5868 	EXP 	New trial (rep=0, index=0): None
283.5879 	EXP 	Sound probe started
283.6138 	EXP 	text: autoDraw = False
283.6138 	EXP 	text: autoDraw = False
283.7935 	EXP 	Sound probe stopped
283.7940 	EXP 	window1: recordFrameIntervals = False
283.8202 	EXP 	text_2: autoDraw = True
283.8214 	EXP 	window1: recordFrameIntervals = True
284.8589 	DATA 	Keypress: space
285.0858 	EXP 	New trial (rep=1, index=0): None
285.0894 	EXP 	Sound probe started
285.1081 	EXP 	text_2: autoDraw = False
285.1081 	EXP 	text_2: autoDraw = False
285.2936 	EXP 	Sound probe stopped
285.2941 	EXP 	window1: recordFrameIntervals = False
285.3203 	EXP 	text_2: autoDraw = True
285.3217 	EXP 	window1: recordFrameIntervals = True
286.3593 	DATA 	Keypress: space
286.5844 	EXP 	New trial (rep=2, index=0): None
286.5875 	EXP 	Sound probe started
286.6096 	EXP 	text_2: autoDraw = False
286.6096 	EXP 	text_2: autoDraw = False
286.8056 	EXP 	Sound probe reached end of file
286.8072 	EXP 	window1: recordFrameIntervals = False
286.8260 	EXP 	text_2: autoDraw = True
286.8274 	EXP 	window1: recordFrameIntervals = True
288.0956 	EXP 	New trial (rep=3, index=0): None
288.0966 	EXP 	Sound probe started
288.1211 	EXP 	text_2: autoDraw = False
288.1211 	EXP 	text_2: autoDraw = False
288.3135 	EXP 	Sound probe reached end of file
288.3140 	EXP 	window1: recordFrameIntervals = False
288.3340 	EXP 	text_2: autoDraw = True
288.3351 	EXP 	window1: recordFrameIntervals = True
289.3790 	DATA 	Keypress: space
289.6052 	EXP 	New trial (rep=4, index=0): None
289.6086 	EXP 	Sound probe started
289.6291 	EXP 	text_2: autoDraw = False
289.6291 	EXP 	text_2: autoDraw = False
289.8136 	EXP 	Sound probe stopped
289.8141 	EXP 	window1: recordFrameIntervals = False
289.8338 	EXP 	text_2: autoDraw = True
289.8351 	EXP 	window1: recordFrameIntervals = True
290.8801 	DATA 	Keypress: space
291.1049 	EXP 	New trial (rep=5, index=0): None
291.1086 	EXP 	Sound probe started
291.1312 	EXP 	text_2: autoDraw = False
291.1312 	EXP 	text_2: autoDraw = False
291.3137 	EXP 	Sound probe stopped
291.3146 	EXP 	window1: recordFrameIntervals = False
291.3345 	EXP 	text_2: autoDraw = True
291.3357 	EXP 	window1: recordFrameIntervals = True
292.3802 	DATA 	Keypress: space
292.6054 	EXP 	New trial (rep=6, index=0): None
292.6071 	EXP 	Sound probe started
292.6325 	EXP 	text_2: autoDraw = False
292.6325 	EXP 	text_2: autoDraw = False
292.8137 	EXP 	Sound probe stopped
292.8157 	EXP 	window1: recordFrameIntervals = False
292.8360 	EXP 	text_2: autoDraw = True
292.8373 	EXP 	window1: recordFrameIntervals = True
294.1059 	EXP 	New trial (rep=7, index=0): None
294.1069 	EXP 	Sound probe started
294.1328 	EXP 	text_2: autoDraw = False
294.1328 	EXP 	text_2: autoDraw = False
294.3136 	EXP 	Sound probe stopped
294.3158 	EXP 	window1: recordFrameIntervals = False
294.3369 	EXP 	text_2: autoDraw = True
294.3383 	EXP 	window1: recordFrameIntervals = True
295.6054 	EXP 	New trial (rep=8, index=0): None
295.6064 	EXP 	Sound probe started
295.6332 	EXP 	text_2: autoDraw = False
295.6332 	EXP 	text_2: autoDraw = False
295.8216 	EXP 	Sound probe reached end of file
295.8221 	EXP 	window1: recordFrameIntervals = False
295.8418 	EXP 	text_2: autoDraw = True
295.8439 	EXP 	window1: recordFrameIntervals = True
296.8877 	DATA 	Keypress: space
297.1147 	EXP 	New trial (rep=9, index=0): None
297.1187 	EXP 	Sound probe started
297.1380 	EXP 	text_2: autoDraw = False
297.1380 	EXP 	text_2: autoDraw = False
297.3216 	EXP 	Sound probe stopped
297.3221 	EXP 	window1: recordFrameIntervals = False
297.3425 	EXP 	text_2: autoDraw = True
297.3439 	EXP 	window1: recordFrameIntervals = True
298.3872 	DATA 	Keypress: space
298.6120 	EXP 	New trial (rep=10, index=0): None
298.6146 	EXP 	Sound probe started
298.6384 	EXP 	text_2: autoDraw = False
298.6384 	EXP 	text_2: autoDraw = False
298.8217 	EXP 	Sound probe stopped
298.8231 	EXP 	window1: recordFrameIntervals = False
298.8429 	EXP 	text_2: autoDraw = True
298.8441 	EXP 	window1: recordFrameIntervals = True
300.1156 	EXP 	New trial (rep=11, index=0): None
300.1192 	EXP 	Sound probe started
300.1397 	EXP 	text_2: autoDraw = False
300.1397 	EXP 	text_2: autoDraw = False
300.3335 	EXP 	Sound probe reached end of file
300.3352 	EXP 	window1: recordFrameIntervals = False
300.3556 	EXP 	text_2: autoDraw = True
300.3570 	EXP 	window1: recordFrameIntervals = True
301.4003 	DATA 	Keypress: space
301.6257 	EXP 	New trial (rep=12, index=0): None
301.6267 	EXP 	Sound probe started
301.6539 	EXP 	text_2: autoDraw = False
301.6539 	EXP 	text_2: autoDraw = False
301.8417 	EXP 	Sound probe reached end of file
301.8421 	EXP 	window1: recordFrameIntervals = False
301.8715 	EXP 	text_2: autoDraw = True
301.8726 	EXP 	window1: recordFrameIntervals = True
302.9072 	DATA 	Keypress: space
303.1588 	EXP 	text_2: autoDraw = False
303.1588 	EXP 	text_2: autoDraw = False
303.1588 	EXP 	break_txt: autoDraw = True
306.2900 	EXP 	New trial (rep=10, index=0): None
311.0133 	DATA 	Keypress: space
311.0289 	EXP 	break_txt: autoDraw = False
311.0289 	EXP 	text: height = 0.05
311.0289 	EXP 	text: height = 0.05
311.0289 	EXP 	text: text = 'HAUTEUR'
311.0289 	EXP 	text: autoDraw = True
312.0417 	EXP 	Created sequence: sequential, trialTypes=1, nReps=10, seed=None
312.0418 	EXP 	New trial (rep=0, index=0): None
312.0430 	EXP 	Sound probe started
312.0703 	EXP 	text: autoDraw = False
312.0703 	EXP 	text: autoDraw = False
312.2614 	EXP 	Sound probe reached end of file
312.2630 	EXP 	window1: recordFrameIntervals = False
312.2849 	EXP 	text_2: autoDraw = True
312.2862 	EXP 	window1: recordFrameIntervals = True
314.1634 	DATA 	Keypress: space
314.3887 	EXP 	New trial (rep=1, index=0): None
314.3896 	EXP 	Sound probe started
314.4148 	EXP 	text_2: autoDraw = False
314.4148 	EXP 	text_2: autoDraw = False
314.6016 	EXP 	Sound probe reached end of file
314.6032 	EXP 	window1: recordFrameIntervals = False
314.6216 	EXP 	text_2: autoDraw = True
314.6228 	EXP 	window1: recordFrameIntervals = True
315.5149 	DATA 	Keypress: space
315.7459 	EXP 	New trial (rep=2, index=0): None
315.7475 	EXP 	Sound probe started
315.7781 	EXP 	text_2: autoDraw = False
315.7781 	EXP 	text_2: autoDraw = False
315.9617 	EXP 	Sound probe reached end of file
315.9622 	EXP 	window1: recordFrameIntervals = False
315.9838 	EXP 	text_2: autoDraw = True
315.9851 	EXP 	window1: recordFrameIntervals = True
318.5941 	DATA 	Keypress: space
318.8225 	EXP 	New trial (rep=3, index=0): None
318.8257 	EXP 	Sound probe started
318.8449 	EXP 	text_2: autoDraw = False
318.8449 	EXP 	text_2: autoDraw = False
319.0415 	EXP 	Sound probe reached end of file
319.0424 	EXP 	window1: recordFrameIntervals = False
319.0607 	EXP 	text_2: autoDraw = True
319.0619 	EXP 	window1: recordFrameIntervals = True
321.6398 	DATA 	Keypress: space
321.8655 	EXP 	New trial (rep=4, index=0): None
321.8663 	EXP 	Sound probe started
321.8929 	EXP 	text_2: autoDraw = False
321.8929 	EXP 	text_2: autoDraw = False
322.0815 	EXP 	Sound probe reached end of file
322.0819 	EXP 	window1: recordFrameIntervals = False
322.1019 	EXP 	text_2: autoDraw = True
322.1033 	EXP 	window1: recordFrameIntervals = True
324.1526 	EXP 	New trial (rep=5, index=0): None
324.1536 	EXP 	Sound probe started
324.1801 	EXP 	text_2: autoDraw = False
324.1801 	EXP 	text_2: autoDraw = False
324.3695 	EXP 	Sound probe reached end of file
324.3705 	EXP 	window1: recordFrameIntervals = False
324.3942 	EXP 	text_2: autoDraw = True
324.3956 	EXP 	window1: recordFrameIntervals = True
326.7434 	EXP 	New trial (rep=6, index=0): None
326.7472 	EXP 	Sound probe started
326.7684 	EXP 	text_2: autoDraw = False
326.7684 	EXP 	text_2: autoDraw = False
326.9497 	EXP 	Sound probe stopped
326.9517 	EXP 	window1: recordFrameIntervals = False
326.9720 	EXP 	text_2: autoDraw = True
326.9732 	EXP 	window1: recordFrameIntervals = True
328.0068 	EXP 	New trial (rep=7, index=0): None
328.0078 	EXP 	Sound probe started
328.0343 	EXP 	text_2: autoDraw = False
328.0343 	EXP 	text_2: autoDraw = False
328.2215 	EXP 	Sound probe reached end of file
328.2220 	EXP 	window1: recordFrameIntervals = False
328.2426 	EXP 	text_2: autoDraw = True
328.2448 	EXP 	window1: recordFrameIntervals = True
329.5520 	DATA 	Keypress: space
329.7773 	EXP 	New trial (rep=8, index=0): None
329.7785 	EXP 	Sound probe started
329.8043 	EXP 	text_2: autoDraw = False
329.8043 	EXP 	text_2: autoDraw = False
329.9895 	EXP 	Sound probe reached end of file
329.9900 	EXP 	window1: recordFrameIntervals = False
330.0105 	EXP 	text_2: autoDraw = True
330.0121 	EXP 	window1: recordFrameIntervals = True
332.1299 	EXP 	New trial (rep=9, index=0): None
332.1314 	EXP 	Sound probe started
332.1569 	EXP 	text_2: autoDraw = False
332.1569 	EXP 	text_2: autoDraw = False
332.3414 	EXP 	Sound probe stopped
332.3419 	EXP 	window1: recordFrameIntervals = False
332.3685 	EXP 	text_2: autoDraw = True
332.3697 	EXP 	window1: recordFrameIntervals = True
333.9460 	DATA 	Keypress: space
334.1947 	EXP 	text_2: autoDraw = False
334.1947 	EXP 	text_2: autoDraw = False
334.1947 	EXP 	break_txt: autoDraw = True
338.0486 	EXP 	New trial (rep=11, index=0): None
340.2413 	DATA 	Keypress: space
340.2568 	EXP 	break_txt: autoDraw = False
340.2568 	EXP 	text: text = 'HAUTEUR'
340.2568 	EXP 	text: autoDraw = True
341.2580 	EXP 	Created sequence: sequential, trialTypes=1, nReps=8, seed=None
341.2583 	EXP 	New trial (rep=0, index=0): None
341.2627 	EXP 	Sound probe started
341.2869 	EXP 	text: autoDraw = False
341.2869 	EXP 	text: autoDraw = False
341.4695 	EXP 	Sound probe stopped
341.4699 	EXP 	window1: recordFrameIntervals = False
341.4947 	EXP 	text_2: autoDraw = True
341.4958 	EXP 	window1: recordFrameIntervals = True
344.0272 	DATA 	Keypress: space
344.2529 	EXP 	New trial (rep=1, index=0): None
344.2539 	EXP 	Sound probe started
344.2790 	EXP 	text_2: autoDraw = False
344.2790 	EXP 	text_2: autoDraw = False
344.4696 	EXP 	Sound probe reached end of file
344.4709 	EXP 	window1: recordFrameIntervals = False
344.4909 	EXP 	text_2: autoDraw = True
344.4921 	EXP 	window1: recordFrameIntervals = True
345.9733 	DATA 	Keypress: space
346.2018 	EXP 	New trial (rep=2, index=0): None
346.2046 	EXP 	Sound probe started
346.2228 	EXP 	text_2: autoDraw = False
346.2228 	EXP 	text_2: autoDraw = False
346.4093 	EXP 	Sound probe stopped
346.4098 	EXP 	window1: recordFrameIntervals = False
346.4296 	EXP 	text_2: autoDraw = True
346.4336 	EXP 	window1: recordFrameIntervals = True
347.4769 	EXP 	New trial (rep=3, index=0): None
347.4779 	EXP 	Sound probe started
347.5047 	EXP 	text_2: autoDraw = False
347.5047 	EXP 	text_2: autoDraw = False
347.6976 	EXP 	Sound probe reached end of file
347.6998 	EXP 	window1: recordFrameIntervals = False
347.7198 	EXP 	text_2: autoDraw = True
347.7210 	EXP 	window1: recordFrameIntervals = True
349.4548 	DATA 	Keypress: space
349.6812 	EXP 	New trial (rep=4, index=0): None
349.6822 	EXP 	Sound probe started
349.7081 	EXP 	text_2: autoDraw = False
349.7081 	EXP 	text_2: autoDraw = False
349.8976 	EXP 	Sound probe reached end of file
349.8996 	EXP 	window1: recordFrameIntervals = False
349.9200 	EXP 	text_2: autoDraw = True
349.9213 	EXP 	window1: recordFrameIntervals = True
351.2120 	DATA 	Keypress: space
351.4413 	EXP 	New trial (rep=5, index=0): None
351.4443 	EXP 	Sound probe started
351.4628 	EXP 	text_2: autoDraw = False
351.4628 	EXP 	text_2: autoDraw = False
351.6494 	EXP 	Sound probe stopped
351.6500 	EXP 	window1: recordFrameIntervals = False
351.6693 	EXP 	text_2: autoDraw = True
351.6704 	EXP 	window1: recordFrameIntervals = True
354.2848 	DATA 	Keypress: space
354.5157 	EXP 	New trial (rep=6, index=0): None
354.5167 	EXP 	Sound probe started
354.5364 	EXP 	text_2: autoDraw = False
354.5364 	EXP 	text_2: autoDraw = False
354.7175 	EXP 	Sound probe stopped
354.7180 	EXP 	window1: recordFrameIntervals = False
354.7441 	EXP 	text_2: autoDraw = True
354.7453 	EXP 	window1: recordFrameIntervals = True
357.0029 	DATA 	Keypress: space
357.2331 	EXP 	New trial (rep=7, index=0): None
357.2340 	EXP 	Sound probe started
357.2528 	EXP 	text_2: autoDraw = False
357.2528 	EXP 	text_2: autoDraw = False
357.4376 	EXP 	Sound probe stopped
357.4380 	EXP 	window1: recordFrameIntervals = False
357.4644 	EXP 	text_2: autoDraw = True
357.4657 	EXP 	window1: recordFrameIntervals = True
359.2377 	EXP 	text_2: autoDraw = False
359.2377 	EXP 	text_2: autoDraw = False
359.2377 	EXP 	break_txt: autoDraw = True
362.3482 	EXP 	New trial (rep=12, index=0): None
365.5208 	DATA 	Keypress: space
365.5366 	EXP 	break_txt: autoDraw = False
365.5366 	EXP 	text: height = 0.05
365.5366 	EXP 	text: height = 0.05
365.5366 	EXP 	text: text = 'X'
365.5366 	EXP 	text: autoDraw = True
366.5360 	EXP 	Created sequence: sequential, trialTypes=1, nReps=10, seed=None
366.5362 	EXP 	New trial (rep=0, index=0): None
366.5373 	EXP 	Sound probe started
366.5642 	EXP 	text: autoDraw = False
366.5642 	EXP 	text: autoDraw = False
366.7577 	EXP 	Sound probe reached end of file
366.7589 	EXP 	window1: recordFrameIntervals = False
366.7770 	EXP 	text_2: autoDraw = True
366.7783 	EXP 	window1: recordFrameIntervals = True
367.5691 	DATA 	Keypress: space
367.7960 	EXP 	New trial (rep=1, index=0): None
367.7969 	EXP 	Sound probe started
367.8226 	EXP 	text_2: autoDraw = False
367.8226 	EXP 	text_2: autoDraw = False
368.0094 	EXP 	Sound probe reached end of file
368.0099 	EXP 	window1: recordFrameIntervals = False
368.0415 	EXP 	text_2: autoDraw = True
368.0427 	EXP 	window1: recordFrameIntervals = True
368.9879 	DATA 	Keypress: space
369.2151 	EXP 	New trial (rep=2, index=0): None
369.2161 	EXP 	Sound probe started
369.2409 	EXP 	text_2: autoDraw = False
369.2409 	EXP 	text_2: autoDraw = False
369.4295 	EXP 	Sound probe reached end of file
369.4307 	EXP 	window1: recordFrameIntervals = False
369.4503 	EXP 	text_2: autoDraw = True
369.4516 	EXP 	window1: recordFrameIntervals = True
371.0828 	EXP 	New trial (rep=3, index=0): None
371.0839 	EXP 	Sound probe started
371.1033 	EXP 	text_2: autoDraw = False
371.1033 	EXP 	text_2: autoDraw = False
371.2855 	EXP 	Sound probe stopped
371.2860 	EXP 	window1: recordFrameIntervals = False
371.3141 	EXP 	text_2: autoDraw = True
371.3157 	EXP 	window1: recordFrameIntervals = True
373.0404 	EXP 	New trial (rep=4, index=0): None
373.0429 	EXP 	Sound probe started
373.0669 	EXP 	text_2: autoDraw = False
373.0669 	EXP 	text_2: autoDraw = False
373.2576 	EXP 	Sound probe reached end of file
373.2595 	EXP 	window1: recordFrameIntervals = False
373.2780 	EXP 	text_2: autoDraw = True
373.2792 	EXP 	window1: recordFrameIntervals = True
374.6689 	EXP 	New trial (rep=5, index=0): None
374.6699 	EXP 	Sound probe started
374.6888 	EXP 	text_2: autoDraw = False
374.6888 	EXP 	text_2: autoDraw = False
374.8776 	EXP 	Sound probe stopped
374.8794 	EXP 	window1: recordFrameIntervals = False
374.9006 	EXP 	text_2: autoDraw = True
374.9019 	EXP 	window1: recordFrameIntervals = True
377.3172 	DATA 	Keypress: space
377.5438 	EXP 	New trial (rep=6, index=0): None
377.5448 	EXP 	Sound probe started
377.5707 	EXP 	text_2: autoDraw = False
377.5707 	EXP 	text_2: autoDraw = False
377.7576 	EXP 	Sound probe reached end of file
377.7598 	EXP 	window1: recordFrameIntervals = False
377.7813 	EXP 	text_2: autoDraw = True
377.7825 	EXP 	window1: recordFrameIntervals = True
380.0887 	DATA 	Keypress: space
380.3183 	EXP 	New trial (rep=7, index=0): None
380.3215 	EXP 	Sound probe started
380.3413 	EXP 	text_2: autoDraw = False
380.3413 	EXP 	text_2: autoDraw = False
380.5255 	EXP 	Sound probe stopped
380.5262 	EXP 	window1: recordFrameIntervals = False
380.5508 	EXP 	text_2: autoDraw = True
380.5520 	EXP 	window1: recordFrameIntervals = True
381.6979 	EXP 	New trial (rep=8, index=0): None
381.6989 	EXP 	Sound probe started
381.7249 	EXP 	text_2: autoDraw = False
381.7249 	EXP 	text_2: autoDraw = False
381.9176 	EXP 	Sound probe reached end of file
381.9180 	EXP 	window1: recordFrameIntervals = False
381.9376 	EXP 	text_2: autoDraw = True
381.9388 	EXP 	window1: recordFrameIntervals = True
384.7610 	EXP 	New trial (rep=9, index=0): None
384.7624 	EXP 	Sound probe started
384.7813 	EXP 	text_2: autoDraw = False
384.7813 	EXP 	text_2: autoDraw = False
384.9656 	EXP 	Sound probe stopped
384.9678 	EXP 	window1: recordFrameIntervals = False
384.9881 	EXP 	text_2: autoDraw = True
384.9894 	EXP 	window1: recordFrameIntervals = True
385.8197 	DATA 	Keypress: space
386.0742 	EXP 	text_2: autoDraw = False
386.0742 	EXP 	text_2: autoDraw = False
386.0742 	EXP 	break_txt: autoDraw = True
389.6763 	EXP 	New trial (rep=13, index=0): None
392.3201 	DATA 	Keypress: space
392.3360 	EXP 	break_txt: autoDraw = False
392.3360 	EXP 	text: height = 0.05
392.3360 	EXP 	text: height = 0.05
392.3360 	EXP 	text: text = 'RYTHME'
392.3360 	EXP 	text: autoDraw = True
393.3420 	EXP 	Created sequence: sequential, trialTypes=1, nReps=13, seed=None
393.3421 	EXP 	New trial (rep=0, index=0): None
393.3433 	EXP 	Sound probe started
393.3717 	EXP 	text: autoDraw = False
393.3717 	EXP 	text: autoDraw = False
393.5574 	EXP 	Sound probe reached end of file
393.5578 	EXP 	window1: recordFrameIntervals = False
393.5829 	EXP 	text_2: autoDraw = True
393.5839 	EXP 	window1: recordFrameIntervals = True
395.6306 	DATA 	Keypress: space
395.8643 	EXP 	New trial (rep=1, index=0): None
395.8655 	EXP 	Sound probe started
395.8845 	EXP 	text_2: autoDraw = False
395.8845 	EXP 	text_2: autoDraw = False
396.0916 	EXP 	Sound probe reached end of file
396.0920 	EXP 	window1: recordFrameIntervals = False
396.1231 	EXP 	text_2: autoDraw = True
396.1278 	EXP 	window1: recordFrameIntervals = True
398.1654 	DATA 	Keypress: space
398.3968 	EXP 	New trial (rep=2, index=0): None
398.3979 	EXP 	Sound probe started
398.4174 	EXP 	text_2: autoDraw = False
398.4174 	EXP 	text_2: autoDraw = False
398.6136 	EXP 	Sound probe reached end of file
398.6140 	EXP 	window1: recordFrameIntervals = False
398.6345 	EXP 	text_2: autoDraw = True
398.6356 	EXP 	window1: recordFrameIntervals = True
400.6879 	DATA 	Keypress: space
400.9154 	EXP 	New trial (rep=3, index=0): None
400.9163 	EXP 	Sound probe started
400.9432 	EXP 	text_2: autoDraw = False
400.9432 	EXP 	text_2: autoDraw = False
401.1255 	EXP 	Sound probe stopped
401.1276 	EXP 	window1: recordFrameIntervals = False
401.1495 	EXP 	text_2: autoDraw = True
401.1508 	EXP 	window1: recordFrameIntervals = True
403.4325 	EXP 	New trial (rep=4, index=0): None
403.4336 	EXP 	Sound probe started
403.4524 	EXP 	text_2: autoDraw = False
403.4524 	EXP 	text_2: autoDraw = False
403.6453 	EXP 	Sound probe stopped
403.6470 	EXP 	window1: recordFrameIntervals = False
403.6669 	EXP 	text_2: autoDraw = True
403.6681 	EXP 	window1: recordFrameIntervals = True
405.7199 	DATA 	Keypress: space
405.9514 	EXP 	New trial (rep=5, index=0): None
405.9525 	EXP 	Sound probe started
405.9714 	EXP 	text_2: autoDraw = False
405.9714 	EXP 	text_2: autoDraw = False
406.1536 	EXP 	Sound probe stopped
406.1540 	EXP 	window1: recordFrameIntervals = False
406.1792 	EXP 	text_2: autoDraw = True
406.1802 	EXP 	window1: recordFrameIntervals = True
408.2272 	DATA 	Keypress: space
408.4616 	EXP 	New trial (rep=6, index=0): None
408.4629 	EXP 	Sound probe started
408.4816 	EXP 	text_2: autoDraw = False
408.4816 	EXP 	text_2: autoDraw = False
408.6826 	EXP 	Sound probe reached end of file
408.6832 	EXP 	window1: recordFrameIntervals = False
408.7103 	EXP 	text_2: autoDraw = True
408.7116 	EXP 	window1: recordFrameIntervals = True
410.7558 	DATA 	Keypress: space
410.9866 	EXP 	New trial (rep=7, index=0): None
410.9899 	EXP 	Sound probe started
411.0081 	EXP 	text_2: autoDraw = False
411.0081 	EXP 	text_2: autoDraw = False
411.1935 	EXP 	Sound probe stopped
411.1958 	EXP 	window1: recordFrameIntervals = False
411.2146 	EXP 	text_2: autoDraw = True
411.2158 	EXP 	window1: recordFrameIntervals = True
413.2688 	DATA 	Keypress: space
413.4964 	EXP 	New trial (rep=8, index=0): None
413.4973 	EXP 	Sound probe started
413.5241 	EXP 	text_2: autoDraw = False
413.5241 	EXP 	text_2: autoDraw = False
413.7135 	EXP 	Sound probe reached end of file
413.7139 	EXP 	window1: recordFrameIntervals = False
413.7336 	EXP 	text_2: autoDraw = True
413.7347 	EXP 	window1: recordFrameIntervals = True
415.7862 	DATA 	Keypress: space
416.0211 	EXP 	New trial (rep=9, index=0): None
416.0223 	EXP 	Sound probe started
416.0410 	EXP 	text_2: autoDraw = False
416.0410 	EXP 	text_2: autoDraw = False
416.2335 	EXP 	Sound probe reached end of file
416.2585 	EXP 	window1: recordFrameIntervals = False
416.2891 	EXP 	text_2: autoDraw = True
416.2905 	EXP 	window1: recordFrameIntervals = True
418.5630 	EXP 	New trial (rep=10, index=0): None
418.5644 	EXP 	Sound probe started
418.5829 	EXP 	text_2: autoDraw = False
418.5829 	EXP 	text_2: autoDraw = False
418.7735 	EXP 	Sound probe reached end of file
418.7754 	EXP 	window1: recordFrameIntervals = False
418.7973 	EXP 	text_2: autoDraw = True
418.7984 	EXP 	window1: recordFrameIntervals = True
421.0753 	EXP 	New trial (rep=11, index=0): None
421.0785 	EXP 	Sound probe started
421.1001 	EXP 	text_2: autoDraw = False
421.1001 	EXP 	text_2: autoDraw = False
421.2854 	EXP 	Sound probe stopped
421.2858 	EXP 	window1: recordFrameIntervals = False
421.3055 	EXP 	text_2: autoDraw = True
421.3067 	EXP 	window1: recordFrameIntervals = True
423.3591 	DATA 	Keypress: space
423.5928 	EXP 	New trial (rep=12, index=0): None
423.5940 	EXP 	Sound probe started
423.6130 	EXP 	text_2: autoDraw = False
423.6130 	EXP 	text_2: autoDraw = False
423.8210 	EXP 	Sound probe reached end of file
423.8229 	EXP 	window1: recordFrameIntervals = False
423.8472 	EXP 	text_2: autoDraw = True
423.8484 	EXP 	window1: recordFrameIntervals = True
425.8964 	DATA 	Keypress: space
426.1514 	EXP 	text_2: autoDraw = False
426.1514 	EXP 	text_2: autoDraw = False
426.1514 	EXP 	break_txt: autoDraw = True
428.6123 	EXP 	New trial (rep=14, index=0): None
430.9665 	DATA 	Keypress: space
430.9821 	EXP 	break_txt: autoDraw = False
430.9821 	EXP 	text: height = 0.05
430.9821 	EXP 	text: height = 0.05
430.9821 	EXP 	text: text = 'RYTHME\n\nHAUTEUR'
430.9821 	EXP 	text: autoDraw = True
431.9909 	EXP 	Created sequence: sequential, trialTypes=1, nReps=9, seed=None
431.9910 	EXP 	New trial (rep=0, index=0): None
431.9922 	EXP 	Sound probe started
432.0181 	EXP 	text: autoDraw = False
432.0181 	EXP 	text: autoDraw = False
432.2020 	EXP 	Sound probe reached end of file
432.2035 	EXP 	window1: recordFrameIntervals = False
432.2234 	EXP 	text_2: autoDraw = True
432.2246 	EXP 	window1: recordFrameIntervals = True
434.3655 	DATA 	Keypress: space
434.5972 	EXP 	New trial (rep=1, index=0): None
434.5984 	EXP 	Sound probe started
434.6168 	EXP 	text_2: autoDraw = False
434.6168 	EXP 	text_2: autoDraw = False
434.8015 	EXP 	Sound probe stopped
434.8019 	EXP 	window1: recordFrameIntervals = False
434.8284 	EXP 	text_2: autoDraw = True
434.8296 	EXP 	window1: recordFrameIntervals = True
437.1917 	EXP 	New trial (rep=2, index=0): None
437.1947 	EXP 	Sound probe started
437.2173 	EXP 	text_2: autoDraw = False
437.2173 	EXP 	text_2: autoDraw = False
437.4015 	EXP 	Sound probe stopped
437.4024 	EXP 	window1: recordFrameIntervals = False
437.4227 	EXP 	text_2: autoDraw = True
437.4239 	EXP 	window1: recordFrameIntervals = True
439.7922 	EXP 	New trial (rep=3, index=0): None
439.7933 	EXP 	Sound probe started
439.8196 	EXP 	text_2: autoDraw = False
439.8196 	EXP 	text_2: autoDraw = False
440.0015 	EXP 	Sound probe stopped
440.0035 	EXP 	window1: recordFrameIntervals = False
440.0239 	EXP 	text_2: autoDraw = True
440.0252 	EXP 	window1: recordFrameIntervals = True
442.3933 	EXP 	New trial (rep=4, index=0): None
442.3943 	EXP 	Sound probe started
442.4212 	EXP 	text_2: autoDraw = False
442.4212 	EXP 	text_2: autoDraw = False
442.6132 	EXP 	Sound probe reached end of file
442.6136 	EXP 	window1: recordFrameIntervals = False
442.6326 	EXP 	text_2: autoDraw = True
442.6336 	EXP 	window1: recordFrameIntervals = True
444.7759 	DATA 	Keypress: space
445.0076 	EXP 	New trial (rep=5, index=0): None
445.0090 	EXP 	Sound probe started
445.0272 	EXP 	text_2: autoDraw = False
445.0272 	EXP 	text_2: autoDraw = False
445.2268 	EXP 	Sound probe reached end of file
445.2272 	EXP 	window1: recordFrameIntervals = False
445.2554 	EXP 	text_2: autoDraw = True
445.2565 	EXP 	window1: recordFrameIntervals = True
447.6162 	EXP 	New trial (rep=6, index=0): None
447.6171 	EXP 	Sound probe started
447.6439 	EXP 	text_2: autoDraw = False
447.6439 	EXP 	text_2: autoDraw = False
447.8296 	EXP 	Sound probe reached end of file
447.8318 	EXP 	window1: recordFrameIntervals = False
447.8553 	EXP 	text_2: autoDraw = True
447.8565 	EXP 	window1: recordFrameIntervals = True
450.2211 	EXP 	New trial (rep=7, index=0): None
450.2222 	EXP 	Sound probe started
450.2475 	EXP 	text_2: autoDraw = False
450.2475 	EXP 	text_2: autoDraw = False
450.4411 	EXP 	Sound probe reached end of file
450.4416 	EXP 	window1: recordFrameIntervals = False
450.4582 	EXP 	text_2: autoDraw = True
450.4596 	EXP 	window1: recordFrameIntervals = True
452.6029 	DATA 	Keypress: space
452.8348 	EXP 	New trial (rep=8, index=0): None
452.8359 	EXP 	Sound probe started
452.8551 	EXP 	text_2: autoDraw = False
452.8551 	EXP 	text_2: autoDraw = False
453.0415 	EXP 	Sound probe stopped
453.0429 	EXP 	window1: recordFrameIntervals = False
453.0667 	EXP 	text_2: autoDraw = True
453.0679 	EXP 	window1: recordFrameIntervals = True
455.4560 	EXP 	text_2: autoDraw = False
455.4560 	EXP 	text_2: autoDraw = False
455.4560 	EXP 	break_txt: autoDraw = True
458.5936 	EXP 	New trial (rep=15, index=0): None
460.6903 	DATA 	Keypress: space
460.7058 	EXP 	break_txt: autoDraw = False
460.7058 	EXP 	text: height = 0.05
460.7058 	EXP 	text: height = 0.05
460.7058 	EXP 	text: text = 'RYTHME'
460.7058 	EXP 	text: autoDraw = True
461.7174 	EXP 	Created sequence: sequential, trialTypes=1, nReps=8, seed=None
461.7176 	EXP 	New trial (rep=0, index=0): None
461.7219 	EXP 	Sound probe started
461.7460 	EXP 	text: autoDraw = False
461.7460 	EXP 	text: autoDraw = False
461.9415 	EXP 	Sound probe reached end of file
461.9433 	EXP 	window1: recordFrameIntervals = False
461.9692 	EXP 	text_2: autoDraw = True
461.9705 	EXP 	window1: recordFrameIntervals = True
464.2296 	EXP 	New trial (rep=1, index=0): None
464.2306 	EXP 	Sound probe started
464.2493 	EXP 	text_2: autoDraw = False
464.2493 	EXP 	text_2: autoDraw = False
464.4415 	EXP 	Sound probe stopped
464.4431 	EXP 	window1: recordFrameIntervals = False
464.4623 	EXP 	text_2: autoDraw = True
464.4636 	EXP 	window1: recordFrameIntervals = True
466.4972 	DATA 	Keypress: space
466.7287 	EXP 	New trial (rep=2, index=0): None
466.7317 	EXP 	Sound probe started
466.7499 	EXP 	text_2: autoDraw = False
466.7499 	EXP 	text_2: autoDraw = False
466.9517 	EXP 	Sound probe reached end of file
466.9522 	EXP 	window1: recordFrameIntervals = False
466.9770 	EXP 	text_2: autoDraw = True
466.9782 	EXP 	window1: recordFrameIntervals = True
469.0065 	DATA 	Keypress: space
469.2429 	EXP 	New trial (rep=3, index=0): None
469.2441 	EXP 	Sound probe started
469.2627 	EXP 	text_2: autoDraw = False
469.2627 	EXP 	text_2: autoDraw = False
469.4663 	EXP 	Sound probe reached end of file
469.4681 	EXP 	window1: recordFrameIntervals = False
469.4925 	EXP 	text_2: autoDraw = True
469.4937 	EXP 	window1: recordFrameIntervals = True
471.5225 	DATA 	Keypress: space
471.7608 	EXP 	New trial (rep=4, index=0): None
471.7618 	EXP 	Sound probe started
471.7810 	EXP 	text_2: autoDraw = False
471.7810 	EXP 	text_2: autoDraw = False
471.9813 	EXP 	Sound probe reached end of file
471.9817 	EXP 	window1: recordFrameIntervals = False
472.0083 	EXP 	text_2: autoDraw = True
472.0094 	EXP 	window1: recordFrameIntervals = True
474.2640 	EXP 	New trial (rep=5, index=0): None
474.2667 	EXP 	Sound probe started
474.2897 	EXP 	text_2: autoDraw = False
474.2897 	EXP 	text_2: autoDraw = False
474.4774 	EXP 	Sound probe reached end of file
474.4779 	EXP 	window1: recordFrameIntervals = False
474.4976 	EXP 	text_2: autoDraw = True
474.4987 	EXP 	window1: recordFrameIntervals = True
476.5331 	DATA 	Keypress: space
476.7689 	EXP 	New trial (rep=6, index=0): None
476.7702 	EXP 	Sound probe started
476.7892 	EXP 	text_2: autoDraw = False
476.7892 	EXP 	text_2: autoDraw = False
476.9893 	EXP 	Sound probe reached end of file
476.9897 	EXP 	window1: recordFrameIntervals = False
477.0190 	EXP 	text_2: autoDraw = True
477.0202 	EXP 	window1: recordFrameIntervals = True
479.0440 	DATA 	Keypress: space
479.2763 	EXP 	New trial (rep=7, index=0): None
479.2785 	EXP 	Sound probe started
479.2969 	EXP 	text_2: autoDraw = False
479.2969 	EXP 	text_2: autoDraw = False
479.4980 	EXP 	Sound probe reached end of file
479.4985 	EXP 	window1: recordFrameIntervals = False
479.5234 	EXP 	text_2: autoDraw = True
479.5245 	EXP 	window1: recordFrameIntervals = True
481.5534 	DATA 	Keypress: space
481.8060 	EXP 	text_2: autoDraw = False
481.8060 	EXP 	text_2: autoDraw = False
481.8060 	EXP 	break_txt: autoDraw = True
483.2795 	DATA 	Keypress: space
483.3190 	EXP 	New trial (rep=16, index=0): None
485.5828 	EXP 	break_txt: autoDraw = False
485.5828 	EXP 	text: text = 'RYTHME'
485.5828 	EXP 	text: autoDraw = True
486.5815 	EXP 	Created sequence: sequential, trialTypes=1, nReps=8, seed=None
486.5820 	EXP 	New trial (rep=0, index=0): None
486.5860 	EXP 	Sound probe started
486.6073 	EXP 	text: autoDraw = False
486.6073 	EXP 	text: autoDraw = False
486.7975 	EXP 	Sound probe reached end of file
486.7980 	EXP 	window1: recordFrameIntervals = False
486.8178 	EXP 	text_2: autoDraw = True
486.8192 	EXP 	window1: recordFrameIntervals = True
489.3519 	DATA 	Keypress: space
489.5816 	EXP 	New trial (rep=1, index=0): None
489.5850 	EXP 	Sound probe started
489.6057 	EXP 	text_2: autoDraw = False
489.6057 	EXP 	text_2: autoDraw = False
489.7972 	EXP 	Sound probe reached end of file
489.7977 	EXP 	window1: recordFrameIntervals = False
489.8164 	EXP 	text_2: autoDraw = True
489.8176 	EXP 	window1: recordFrameIntervals = True
492.3514 	DATA 	Keypress: space
492.5807 	EXP 	New trial (rep=2, index=0): None
492.5817 	EXP 	Sound probe started
492.6091 	EXP 	text_2: autoDraw = False
492.6091 	EXP 	text_2: autoDraw = False
492.7973 	EXP 	Sound probe reached end of file
492.7978 	EXP 	window1: recordFrameIntervals = False
492.8180 	EXP 	text_2: autoDraw = True
492.8191 	EXP 	window1: recordFrameIntervals = True
495.3512 	DATA 	Keypress: space
495.5896 	EXP 	New trial (rep=3, index=0): None
495.5906 	EXP 	Sound probe started
495.6086 	EXP 	text_2: autoDraw = False
495.6086 	EXP 	text_2: autoDraw = False
495.8092 	EXP 	Sound probe reached end of file
495.8096 	EXP 	window1: recordFrameIntervals = False
495.8377 	EXP 	text_2: autoDraw = True
495.8389 	EXP 	window1: recordFrameIntervals = True
498.5956 	EXP 	New trial (rep=4, index=0): None
498.5991 	EXP 	Sound probe started
498.6176 	EXP 	text_2: autoDraw = False
498.6176 	EXP 	text_2: autoDraw = False
498.8175 	EXP 	Sound probe reached end of file
498.8180 	EXP 	window1: recordFrameIntervals = False
498.8461 	EXP 	text_2: autoDraw = True
498.8472 	EXP 	window1: recordFrameIntervals = True
501.3712 	DATA 	Keypress: space
501.6045 	EXP 	New trial (rep=5, index=0): None
501.6056 	EXP 	Sound probe started
501.6252 	EXP 	text_2: autoDraw = False
501.6252 	EXP 	text_2: autoDraw = False
501.8252 	EXP 	Sound probe reached end of file
501.8256 	EXP 	window1: recordFrameIntervals = False
501.8548 	EXP 	text_2: autoDraw = True
501.8560 	EXP 	window1: recordFrameIntervals = True
504.3789 	DATA 	Keypress: space
504.6175 	EXP 	New trial (rep=6, index=0): None
504.6187 	EXP 	Sound probe started
504.6365 	EXP 	text_2: autoDraw = False
504.6365 	EXP 	text_2: autoDraw = False
504.8372 	EXP 	Sound probe reached end of file
504.8377 	EXP 	window1: recordFrameIntervals = False
504.8681 	EXP 	text_2: autoDraw = True
504.8694 	EXP 	window1: recordFrameIntervals = True
507.3924 	DATA 	Keypress: space
507.6257 	EXP 	New trial (rep=7, index=0): None
507.6268 	EXP 	Sound probe started
507.6461 	EXP 	text_2: autoDraw = False
507.6461 	EXP 	text_2: autoDraw = False
507.8470 	EXP 	Sound probe reached end of file
507.8473 	EXP 	window1: recordFrameIntervals = False
507.8754 	EXP 	text_2: autoDraw = True
507.8765 	EXP 	window1: recordFrameIntervals = True
510.4009 	DATA 	Keypress: space
510.6586 	EXP 	text_2: autoDraw = False
510.6586 	EXP 	text_2: autoDraw = False
510.6586 	EXP 	break_txt: autoDraw = True
512.4838 	EXP 	New trial (rep=17, index=0): None
516.0042 	DATA 	Keypress: space
516.0198 	EXP 	break_txt: autoDraw = False
516.0198 	EXP 	text: height = 0.05
516.0198 	EXP 	text: height = 0.05
516.0198 	EXP 	text: text = 'RYTHME\n\nHAUTEUR'
516.0198 	EXP 	text: autoDraw = True
517.0172 	EXP 	Created sequence: sequential, trialTypes=1, nReps=9, seed=None
517.0174 	EXP 	New trial (rep=0, index=0): None
517.0186 	EXP 	Sound probe started
517.0489 	EXP 	text: autoDraw = False
517.0489 	EXP 	text: autoDraw = False
517.2374 	EXP 	Sound probe reached end of file
517.2378 	EXP 	window1: recordFrameIntervals = False
517.2663 	EXP 	text_2: autoDraw = True
517.2673 	EXP 	window1: recordFrameIntervals = True
518.2901 	DATA 	Keypress: space
518.5235 	EXP 	New trial (rep=1, index=0): None
518.5244 	EXP 	Sound probe started
518.5440 	EXP 	text_2: autoDraw = False
518.5440 	EXP 	text_2: autoDraw = False
518.7375 	EXP 	Sound probe reached end of file
518.7396 	EXP 	window1: recordFrameIntervals = False
518.7606 	EXP 	text_2: autoDraw = True
518.7618 	EXP 	window1: recordFrameIntervals = True
520.0228 	EXP 	New trial (rep=2, index=0): None
520.0239 	EXP 	Sound probe started
520.0431 	EXP 	text_2: autoDraw = False
520.0431 	EXP 	text_2: autoDraw = False
520.2253 	EXP 	Sound probe stopped
520.2257 	EXP 	window1: recordFrameIntervals = False
520.2522 	EXP 	text_2: autoDraw = True
520.2534 	EXP 	window1: recordFrameIntervals = True
521.5121 	EXP 	New trial (rep=3, index=0): None
521.5133 	EXP 	Sound probe started
521.5327 	EXP 	text_2: autoDraw = False
521.5327 	EXP 	text_2: autoDraw = False
521.7337 	EXP 	Sound probe reached end of file
521.7341 	EXP 	window1: recordFrameIntervals = False
521.7609 	EXP 	text_2: autoDraw = True
521.7620 	EXP 	window1: recordFrameIntervals = True
523.0187 	EXP 	New trial (rep=4, index=0): None
523.0223 	EXP 	Sound probe started
523.0416 	EXP 	text_2: autoDraw = False
523.0416 	EXP 	text_2: autoDraw = False
523.2335 	EXP 	Sound probe reached end of file
523.2340 	EXP 	window1: recordFrameIntervals = False
523.2540 	EXP 	text_2: autoDraw = True
523.2552 	EXP 	window1: recordFrameIntervals = True
524.2875 	DATA 	Keypress: space
524.5180 	EXP 	New trial (rep=5, index=0): None
524.5214 	EXP 	Sound probe started
524.5424 	EXP 	text_2: autoDraw = False
524.5424 	EXP 	text_2: autoDraw = False
524.7333 	EXP 	Sound probe reached end of file
524.7337 	EXP 	window1: recordFrameIntervals = False
524.7526 	EXP 	text_2: autoDraw = True
524.7537 	EXP 	window1: recordFrameIntervals = True
526.0167 	EXP 	New trial (rep=6, index=0): None
526.0177 	EXP 	Sound probe started
526.0440 	EXP 	text_2: autoDraw = False
526.0440 	EXP 	text_2: autoDraw = False
526.2333 	EXP 	Sound probe reached end of file
526.2338 	EXP 	window1: recordFrameIntervals = False
526.2529 	EXP 	text_2: autoDraw = True
526.2540 	EXP 	window1: recordFrameIntervals = True
527.2868 	DATA 	Keypress: space
527.5181 	EXP 	New trial (rep=7, index=0): None
527.5190 	EXP 	Sound probe started
527.5457 	EXP 	text_2: autoDraw = False
527.5457 	EXP 	text_2: autoDraw = False
527.7332 	EXP 	Sound probe reached end of file
527.7337 	EXP 	window1: recordFrameIntervals = False
527.7535 	EXP 	text_2: autoDraw = True
527.7546 	EXP 	window1: recordFrameIntervals = True
529.0196 	EXP 	New trial (rep=8, index=0): None
529.0208 	EXP 	Sound probe started
529.0407 	EXP 	text_2: autoDraw = False
529.0407 	EXP 	text_2: autoDraw = False
529.2401 	EXP 	Sound probe reached end of file
529.2406 	EXP 	window1: recordFrameIntervals = False
529.2680 	EXP 	text_2: autoDraw = True
529.2691 	EXP 	window1: recordFrameIntervals = True
530.5488 	EXP 	text_2: autoDraw = False
530.5488 	EXP 	text_2: autoDraw = False
530.5488 	EXP 	break_txt: autoDraw = True
532.6838 	EXP 	New trial (rep=18, index=0): None
537.1162 	DATA 	Keypress: space
537.1318 	EXP 	break_txt: autoDraw = False
537.1318 	EXP 	text: text = 'RYTHME\n\nHAUTEUR'
537.1318 	EXP 	text: autoDraw = True
538.1362 	EXP 	Created sequence: sequential, trialTypes=1, nReps=8, seed=None
538.1366 	EXP 	New trial (rep=0, index=0): None
538.1401 	EXP 	Sound probe started
538.1585 	EXP 	text: autoDraw = False
538.1585 	EXP 	text: autoDraw = False
538.3534 	EXP 	Sound probe reached end of file
538.3554 	EXP 	window1: recordFrameIntervals = False
538.3797 	EXP 	text_2: autoDraw = True
538.3813 	EXP 	window1: recordFrameIntervals = True
540.6777 	DATA 	Keypress: space
540.9116 	EXP 	New trial (rep=1, index=0): None
540.9127 	EXP 	Sound probe started
540.9316 	EXP 	text_2: autoDraw = False
540.9316 	EXP 	text_2: autoDraw = False
541.1315 	EXP 	Sound probe reached end of file
541.1319 	EXP 	window1: recordFrameIntervals = False
541.1627 	EXP 	text_2: autoDraw = True
541.1639 	EXP 	window1: recordFrameIntervals = True
543.4544 	DATA 	Keypress: space
543.6852 	EXP 	New trial (rep=2, index=0): None
543.6862 	EXP 	Sound probe started
543.7125 	EXP 	text_2: autoDraw = False
543.7125 	EXP 	text_2: autoDraw = False
543.8934 	EXP 	Sound probe stopped
543.8957 	EXP 	window1: recordFrameIntervals = False
543.9181 	EXP 	text_2: autoDraw = True
543.9193 	EXP 	window1: recordFrameIntervals = True
546.4516 	EXP 	New trial (rep=3, index=0): None
546.4527 	EXP 	Sound probe started
546.4722 	EXP 	text_2: autoDraw = False
546.4722 	EXP 	text_2: autoDraw = False
546.6713 	EXP 	Sound probe reached end of file
546.6717 	EXP 	window1: recordFrameIntervals = False
546.7000 	EXP 	text_2: autoDraw = True
546.7011 	EXP 	window1: recordFrameIntervals = True
548.9956 	DATA 	Keypress: space
549.2262 	EXP 	New trial (rep=4, index=0): None
549.2288 	EXP 	Sound probe started
549.2519 	EXP 	text_2: autoDraw = False
549.2519 	EXP 	text_2: autoDraw = False
549.4413 	EXP 	Sound probe reached end of file
549.4417 	EXP 	window1: recordFrameIntervals = False
549.4680 	EXP 	text_2: autoDraw = True
549.4691 	EXP 	window1: recordFrameIntervals = True
551.7651 	DATA 	Keypress: space
551.9963 	EXP 	New trial (rep=5, index=0): None
551.9993 	EXP 	Sound probe started
552.0221 	EXP 	text_2: autoDraw = False
552.0221 	EXP 	text_2: autoDraw = False
552.2132 	EXP 	Sound probe reached end of file
552.2137 	EXP 	window1: recordFrameIntervals = False
552.2333 	EXP 	text_2: autoDraw = True
552.2345 	EXP 	window1: recordFrameIntervals = True
554.5367 	DATA 	Keypress: space
554.7688 	EXP 	New trial (rep=6, index=0): None
554.7721 	EXP 	Sound probe started
554.7916 	EXP 	text_2: autoDraw = False
554.7916 	EXP 	text_2: autoDraw = False
554.9812 	EXP 	Sound probe reached end of file
554.9817 	EXP 	window1: recordFrameIntervals = False
555.0014 	EXP 	text_2: autoDraw = True
555.0027 	EXP 	window1: recordFrameIntervals = True
557.3040 	DATA 	Keypress: space
557.5366 	EXP 	New trial (rep=7, index=0): None
557.5397 	EXP 	Sound probe started
557.5608 	EXP 	text_2: autoDraw = False
557.5608 	EXP 	text_2: autoDraw = False
557.7530 	EXP 	Sound probe reached end of file
557.7535 	EXP 	window1: recordFrameIntervals = False
557.7734 	EXP 	text_2: autoDraw = True
557.7746 	EXP 	window1: recordFrameIntervals = True
560.3303 	EXP 	text_2: autoDraw = False
560.3303 	EXP 	text_2: autoDraw = False
560.3303 	EXP 	break_txt: autoDraw = True
564.1501 	EXP 	New trial (rep=19, index=0): None
567.8048 	DATA 	Keypress: space
567.8201 	EXP 	break_txt: autoDraw = False
567.8201 	EXP 	text: height = 0.05
567.8201 	EXP 	text: height = 0.05
567.8201 	EXP 	text: text = 'X'
567.8201 	EXP 	text: autoDraw = True
568.8127 	EXP 	Created sequence: sequential, trialTypes=1, nReps=10, seed=None
568.8129 	EXP 	New trial (rep=0, index=0): None
568.8152 	EXP 	Sound probe started
568.8434 	EXP 	text: autoDraw = False
568.8434 	EXP 	text: autoDraw = False
569.0334 	EXP 	Sound probe reached end of file
569.0350 	EXP 	window1: recordFrameIntervals = False
569.0560 	EXP 	text_2: autoDraw = True
569.0575 	EXP 	window1: recordFrameIntervals = True
570.6661 	DATA 	Keypress: space
570.8982 	EXP 	New trial (rep=1, index=0): None
570.8996 	EXP 	Sound probe started
570.9249 	EXP 	text_2: autoDraw = False
570.9249 	EXP 	text_2: autoDraw = False
571.1132 	EXP 	Sound probe reached end of file
571.1137 	EXP 	window1: recordFrameIntervals = False
571.1333 	EXP 	text_2: autoDraw = True
571.1343 	EXP 	window1: recordFrameIntervals = True
573.4703 	DATA 	Keypress: space
573.5181 	DATA 	Keypress: space
573.7018 	EXP 	New trial (rep=2, index=0): None
573.7044 	EXP 	Sound probe started
573.7275 	EXP 	text_2: autoDraw = False
573.7275 	EXP 	text_2: autoDraw = False
573.9091 	EXP 	Sound probe stopped
573.9095 	EXP 	window1: recordFrameIntervals = False
573.9352 	EXP 	text_2: autoDraw = True
573.9365 	EXP 	window1: recordFrameIntervals = True
576.0922 	EXP 	New trial (rep=3, index=0): None
576.0958 	EXP 	Sound probe started
576.1146 	EXP 	text_2: autoDraw = False
576.1146 	EXP 	text_2: autoDraw = False
576.3175 	EXP 	Sound probe reached end of file
576.3179 	EXP 	window1: recordFrameIntervals = False
576.3441 	EXP 	text_2: autoDraw = True
576.3453 	EXP 	window1: recordFrameIntervals = True
578.5854 	DATA 	Keypress: space
578.8198 	EXP 	New trial (rep=4, index=0): None
578.8208 	EXP 	Sound probe started
578.8405 	EXP 	text_2: autoDraw = False
578.8405 	EXP 	text_2: autoDraw = False
579.0291 	EXP 	Sound probe reached end of file
579.0308 	EXP 	window1: recordFrameIntervals = False
579.0499 	EXP 	text_2: autoDraw = True
579.0511 	EXP 	window1: recordFrameIntervals = True
580.8214 	EXP 	New trial (rep=5, index=0): None
580.8224 	EXP 	Sound probe started
580.8419 	EXP 	text_2: autoDraw = False
580.8419 	EXP 	text_2: autoDraw = False
581.0412 	EXP 	Sound probe reached end of file
581.0416 	EXP 	window1: recordFrameIntervals = False
581.0698 	EXP 	text_2: autoDraw = True
581.0708 	EXP 	window1: recordFrameIntervals = True
582.9847 	DATA 	Keypress: space
583.2182 	EXP 	New trial (rep=6, index=0): None
583.2210 	EXP 	Sound probe started
583.2392 	EXP 	text_2: autoDraw = False
583.2392 	EXP 	text_2: autoDraw = False
583.4411 	EXP 	Sound probe reached end of file
583.4415 	EXP 	window1: recordFrameIntervals = False
583.4611 	EXP 	text_2: autoDraw = True
583.4645 	EXP 	window1: recordFrameIntervals = True
585.2729 	EXP 	New trial (rep=7, index=0): None
585.2740 	EXP 	Sound probe started
585.2931 	EXP 	text_2: autoDraw = False
585.2931 	EXP 	text_2: autoDraw = False
585.4954 	EXP 	Sound probe reached end of file
585.4957 	EXP 	window1: recordFrameIntervals = False
585.5262 	EXP 	text_2: autoDraw = True
585.5275 	EXP 	window1: recordFrameIntervals = True
587.2188 	DATA 	Keypress: space
587.4503 	EXP 	New trial (rep=8, index=0): None
587.4535 	EXP 	Sound probe started
587.4759 	EXP 	text_2: autoDraw = False
587.4759 	EXP 	text_2: autoDraw = False
587.6769 	EXP 	Sound probe reached end of file
587.6773 	EXP 	window1: recordFrameIntervals = False
587.6963 	EXP 	text_2: autoDraw = True
587.6976 	EXP 	window1: recordFrameIntervals = True
590.3326 	DATA 	Keypress: space
590.5669 	EXP 	New trial (rep=9, index=0): None
590.5680 	EXP 	Sound probe started
590.5874 	EXP 	text_2: autoDraw = False
590.5874 	EXP 	text_2: autoDraw = False
590.7841 	EXP 	Sound probe reached end of file
590.7845 	EXP 	window1: recordFrameIntervals = False
590.8126 	EXP 	text_2: autoDraw = True
590.8137 	EXP 	window1: recordFrameIntervals = True
591.9728 	DATA 	Keypress: space
592.2307 	EXP 	text_2: autoDraw = False
592.2307 	EXP 	text_2: autoDraw = False
592.2307 	EXP 	break_txt: autoDraw = True
595.6072 	EXP 	New trial (rep=20, index=0): None
600.1710 	DATA 	Keypress: space
600.1867 	EXP 	break_txt: autoDraw = False
600.1867 	EXP 	text: height = 0.05
600.1867 	EXP 	text: height = 0.05
600.1867 	EXP 	text: text = 'RYTHME\n\nHAUTEUR'
600.1867 	EXP 	text: autoDraw = True
601.1978 	EXP 	Created sequence: sequential, trialTypes=1, nReps=8, seed=None
601.1980 	EXP 	New trial (rep=0, index=0): None
601.1992 	EXP 	Sound probe started
601.2259 	EXP 	text: autoDraw = False
601.2259 	EXP 	text: autoDraw = False
601.4173 	EXP 	Sound probe reached end of file
601.4191 	EXP 	window1: recordFrameIntervals = False
601.4395 	EXP 	text_2: autoDraw = True
601.4408 	EXP 	window1: recordFrameIntervals = True
602.7110 	EXP 	New trial (rep=1, index=0): None
602.7122 	EXP 	Sound probe started
602.7320 	EXP 	text_2: autoDraw = False
602.7320 	EXP 	text_2: autoDraw = False
602.9304 	EXP 	Sound probe reached end of file
602.9308 	EXP 	window1: recordFrameIntervals = False
602.9591 	EXP 	text_2: autoDraw = True
602.9601 	EXP 	window1: recordFrameIntervals = True
603.9838 	DATA 	Keypress: space
604.2249 	EXP 	New trial (rep=2, index=0): None
604.2261 	EXP 	Sound probe started
604.2435 	EXP 	text_2: autoDraw = False
604.2435 	EXP 	text_2: autoDraw = False
604.4440 	EXP 	Sound probe reached end of file
604.4444 	EXP 	window1: recordFrameIntervals = False
604.4725 	EXP 	text_2: autoDraw = True
604.4736 	EXP 	window1: recordFrameIntervals = True
605.4988 	DATA 	Keypress: space
605.7343 	EXP 	New trial (rep=3, index=0): None
605.7354 	EXP 	Sound probe started
605.7549 	EXP 	text_2: autoDraw = False
605.7549 	EXP 	text_2: autoDraw = False
605.9536 	EXP 	Sound probe reached end of file
605.9541 	EXP 	window1: recordFrameIntervals = False
605.9822 	EXP 	text_2: autoDraw = True
605.9835 	EXP 	window1: recordFrameIntervals = True
607.0079 	DATA 	Keypress: space
607.2437 	EXP 	New trial (rep=4, index=0): None
607.2467 	EXP 	Sound probe started
607.2667 	EXP 	text_2: autoDraw = False
607.2667 	EXP 	text_2: autoDraw = False
607.4573 	EXP 	Sound probe reached end of file
607.4578 	EXP 	window1: recordFrameIntervals = False
607.4780 	EXP 	text_2: autoDraw = True
607.4792 	EXP 	window1: recordFrameIntervals = True
608.7451 	EXP 	New trial (rep=5, index=0): None
608.7479 	EXP 	Sound probe started
608.7660 	EXP 	text_2: autoDraw = False
608.7660 	EXP 	text_2: autoDraw = False
608.9572 	EXP 	Sound probe reached end of file
608.9588 	EXP 	window1: recordFrameIntervals = False
608.9785 	EXP 	text_2: autoDraw = True
608.9797 	EXP 	window1: recordFrameIntervals = True
610.0130 	DATA 	Keypress: space
610.2495 	EXP 	New trial (rep=6, index=0): None
610.2506 	EXP 	Sound probe started
610.2692 	EXP 	text_2: autoDraw = False
610.2692 	EXP 	text_2: autoDraw = False
610.4691 	EXP 	Sound probe reached end of file
610.4696 	EXP 	window1: recordFrameIntervals = False
610.4989 	EXP 	text_2: autoDraw = True
610.4999 	EXP 	window1: recordFrameIntervals = True
611.5228 	DATA 	Keypress: space
611.7590 	EXP 	New trial (rep=7, index=0): None
611.7606 	EXP 	Sound probe started
611.7804 	EXP 	text_2: autoDraw = False
611.7804 	EXP 	text_2: autoDraw = False
611.9774 	EXP 	Sound probe reached end of file
611.9804 	EXP 	window1: recordFrameIntervals = False
612.0067 	EXP 	text_2: autoDraw = True
612.0080 	EXP 	window1: recordFrameIntervals = True
613.0343 	DATA 	Keypress: space
613.2911 	EXP 	text_2: autoDraw = False
613.2911 	EXP 	text_2: autoDraw = False
613.2911 	EXP 	break_txt: autoDraw = True
614.9472 	EXP 	New trial (rep=21, index=0): None
618.8512 	DATA 	Keypress: space
618.8666 	EXP 	break_txt: autoDraw = False
618.8666 	EXP 	text: height = 0.05
618.8666 	EXP 	text: height = 0.05
618.8666 	EXP 	text: text = 'X'
618.8666 	EXP 	text: autoDraw = True
619.8686 	EXP 	Created sequence: sequential, trialTypes=1, nReps=9, seed=None
619.8689 	EXP 	New trial (rep=0, index=0): None
619.8734 	EXP 	Sound probe started
619.8974 	EXP 	text: autoDraw = False
619.8974 	EXP 	text: autoDraw = False
620.0894 	EXP 	Sound probe reached end of file
620.0911 	EXP 	window1: recordFrameIntervals = False
620.1104 	EXP 	text_2: autoDraw = True
620.1118 	EXP 	window1: recordFrameIntervals = True
622.1355 	EXP 	New trial (rep=1, index=0): None
622.1368 	EXP 	Sound probe started
622.1560 	EXP 	text_2: autoDraw = False
622.1560 	EXP 	text_2: autoDraw = False
622.3565 	EXP 	Sound probe reached end of file
622.3570 	EXP 	window1: recordFrameIntervals = False
622.3838 	EXP 	text_2: autoDraw = True
622.3849 	EXP 	window1: recordFrameIntervals = True
623.4116 	EXP 	New trial (rep=2, index=0): None
623.4128 	EXP 	Sound probe started
623.4305 	EXP 	text_2: autoDraw = False
623.4305 	EXP 	text_2: autoDraw = False
623.6338 	EXP 	Sound probe reached end of file
623.6342 	EXP 	window1: recordFrameIntervals = False
623.6648 	EXP 	text_2: autoDraw = True
623.6659 	EXP 	window1: recordFrameIntervals = True
625.8401 	EXP 	New trial (rep=3, index=0): None
625.8414 	EXP 	Sound probe started
625.8605 	EXP 	text_2: autoDraw = False
625.8605 	EXP 	text_2: autoDraw = False
626.0613 	EXP 	Sound probe reached end of file
626.0618 	EXP 	window1: recordFrameIntervals = False
626.0885 	EXP 	text_2: autoDraw = True
626.0896 	EXP 	window1: recordFrameIntervals = True
628.9270 	EXP 	New trial (rep=4, index=0): None
628.9283 	EXP 	Sound probe started
628.9472 	EXP 	text_2: autoDraw = False
628.9472 	EXP 	text_2: autoDraw = False
629.1474 	EXP 	Sound probe reached end of file
629.1479 	EXP 	window1: recordFrameIntervals = False
629.1744 	EXP 	text_2: autoDraw = True
629.1755 	EXP 	window1: recordFrameIntervals = True
631.8949 	EXP 	New trial (rep=5, index=0): None
631.8960 	EXP 	Sound probe started
631.9153 	EXP 	text_2: autoDraw = False
631.9153 	EXP 	text_2: autoDraw = False
632.1054 	EXP 	Sound probe reached end of file
632.1058 	EXP 	window1: recordFrameIntervals = False
632.1239 	EXP 	text_2: autoDraw = True
632.1251 	EXP 	window1: recordFrameIntervals = True
634.3916 	DATA 	Keypress: space
634.6281 	EXP 	New trial (rep=6, index=0): None
634.6290 	EXP 	Sound probe started
634.6485 	EXP 	text_2: autoDraw = False
634.6485 	EXP 	text_2: autoDraw = False
634.8473 	EXP 	Sound probe reached end of file
634.8476 	EXP 	window1: recordFrameIntervals = False
634.8758 	EXP 	text_2: autoDraw = True
634.8769 	EXP 	window1: recordFrameIntervals = True
635.9025 	EXP 	New trial (rep=7, index=0): None
635.9038 	EXP 	Sound probe started
635.9046 	DATA 	Keypress: space
635.9226 	EXP 	text_2: autoDraw = False
635.9226 	EXP 	text_2: autoDraw = False
636.1238 	EXP 	Sound probe reached end of file
636.1243 	EXP 	window1: recordFrameIntervals = False
636.1531 	EXP 	text_2: autoDraw = True
636.1543 	EXP 	window1: recordFrameIntervals = True
638.0537 	EXP 	New trial (rep=8, index=0): None
638.0547 	EXP 	Sound probe started
638.0737 	EXP 	text_2: autoDraw = False
638.0737 	EXP 	text_2: autoDraw = False
638.2730 	EXP 	Sound probe reached end of file
638.2735 	EXP 	window1: recordFrameIntervals = False
638.3007 	EXP 	text_2: autoDraw = True
638.3018 	EXP 	window1: recordFrameIntervals = True
639.5933 	DATA 	Keypress: space
639.8505 	EXP 	text_2: autoDraw = False
639.8505 	EXP 	text_2: autoDraw = False
639.8505 	EXP 	break_txt: autoDraw = True
645.0079 	EXP 	New trial (rep=22, index=0): None
648.6361 	DATA 	Keypress: space
648.6516 	EXP 	break_txt: autoDraw = False
648.6516 	EXP 	text: text = 'X'
648.6516 	EXP 	text: autoDraw = True
649.6548 	EXP 	Created sequence: sequential, trialTypes=1, nReps=9, seed=None
649.6550 	EXP 	New trial (rep=0, index=0): None
649.6561 	EXP 	Sound probe started
649.6839 	EXP 	text: autoDraw = False
649.6839 	EXP 	text: autoDraw = False
649.8733 	EXP 	Sound probe reached end of file
649.8751 	EXP 	window1: recordFrameIntervals = False
649.8955 	EXP 	text_2: autoDraw = True
649.8968 	EXP 	window1: recordFrameIntervals = True
650.7921 	DATA 	Keypress: space
651.0289 	EXP 	New trial (rep=1, index=0): None
651.0300 	EXP 	Sound probe started
651.0499 	EXP 	text_2: autoDraw = False
651.0499 	EXP 	text_2: autoDraw = False
651.2477 	EXP 	Sound probe reached end of file
651.2481 	EXP 	window1: recordFrameIntervals = False
651.2760 	EXP 	text_2: autoDraw = True
651.2771 	EXP 	window1: recordFrameIntervals = True
653.7911 	EXP 	New trial (rep=2, index=0): None
653.7942 	EXP 	Sound probe started
653.8130 	EXP 	text_2: autoDraw = False
653.8130 	EXP 	text_2: autoDraw = False
654.0133 	EXP 	Sound probe reached end of file
654.0137 	EXP 	window1: recordFrameIntervals = False
654.0436 	EXP 	text_2: autoDraw = True
654.0480 	EXP 	window1: recordFrameIntervals = True
655.0223 	DATA 	Keypress: space
655.2576 	EXP 	New trial (rep=3, index=0): None
655.2612 	EXP 	Sound probe started
655.2818 	EXP 	text_2: autoDraw = False
655.2818 	EXP 	text_2: autoDraw = False
655.4732 	EXP 	Sound probe reached end of file
655.4748 	EXP 	window1: recordFrameIntervals = False
655.4966 	EXP 	text_2: autoDraw = True
655.4980 	EXP 	window1: recordFrameIntervals = True
657.7472 	DATA 	Keypress: space
657.9843 	EXP 	New trial (rep=4, index=0): None
657.9854 	EXP 	Sound probe started
658.0042 	EXP 	text_2: autoDraw = False
658.0042 	EXP 	text_2: autoDraw = False
658.2051 	EXP 	Sound probe reached end of file
658.2055 	EXP 	window1: recordFrameIntervals = False
658.2368 	EXP 	text_2: autoDraw = True
658.2381 	EXP 	window1: recordFrameIntervals = True
659.4429 	DATA 	Keypress: space
659.6849 	EXP 	New trial (rep=5, index=0): None
659.6861 	EXP 	Sound probe started
659.7032 	EXP 	text_2: autoDraw = False
659.7032 	EXP 	text_2: autoDraw = False
659.9056 	EXP 	Sound probe reached end of file
659.9060 	EXP 	window1: recordFrameIntervals = False
659.9330 	EXP 	text_2: autoDraw = True
659.9343 	EXP 	window1: recordFrameIntervals = True
661.2312 	DATA 	Keypress: space
661.4697 	EXP 	New trial (rep=6, index=0): None
661.4710 	EXP 	Sound probe started
661.4897 	EXP 	text_2: autoDraw = False
661.4897 	EXP 	text_2: autoDraw = False
661.6923 	EXP 	Sound probe reached end of file
661.6926 	EXP 	window1: recordFrameIntervals = False
661.7206 	EXP 	text_2: autoDraw = True
661.7217 	EXP 	window1: recordFrameIntervals = True
663.2911 	DATA 	Keypress: space
663.5285 	EXP 	New trial (rep=7, index=0): None
663.5297 	EXP 	Sound probe started
663.5491 	EXP 	text_2: autoDraw = False
663.5491 	EXP 	text_2: autoDraw = False
663.7453 	EXP 	Sound probe reached end of file
663.7458 	EXP 	window1: recordFrameIntervals = False
663.7758 	EXP 	text_2: autoDraw = True
663.7771 	EXP 	window1: recordFrameIntervals = True
665.4191 	DATA 	Keypress: space
665.6580 	EXP 	New trial (rep=8, index=0): None
665.6590 	EXP 	Sound probe started
665.6780 	EXP 	text_2: autoDraw = False
665.6780 	EXP 	text_2: autoDraw = False
665.8801 	EXP 	Sound probe reached end of file
665.8805 	EXP 	window1: recordFrameIntervals = False
665.9086 	EXP 	text_2: autoDraw = True
665.9097 	EXP 	window1: recordFrameIntervals = True
667.8640 	EXP 	text_2: autoDraw = False
667.8640 	EXP 	text_2: autoDraw = False
667.8640 	EXP 	break_txt: autoDraw = True
668.8251 	DATA 	Keypress: space
668.8513 	EXP 	break_txt: autoDraw = False
668.8513 	EXP 	blank_text: autoDraw = True
669.8802 	EXP 	blank_text: autoDraw = False
669.8802 	EXP 	end_txt: autoDraw = True
672.4419 	DATA 	Keypress: space
672.4686 	EXP 	end_txt: autoDraw = False
672.6275 	EXP 	window1: mouseVisible = True
