7.8766 	WARNING 	User requested fullscreen with size [2560 1440], but screen is actually [3840, 2160]. Using actual size
10.9150 	WARNING 	Couldn't measure a consistent frame rate!
  - Is your graphics card set to sync to vertical blank?
  - Are you running other processes on your computer?

10.9161 	EXP 	Created window1 = Window(allowGUI=False, allowStencil=False, autoLog=True, backendConf=UNKNOWN, bitsMode=UNKNOWN, blendMode='avg', bpc=(8, 8, 8), color=array([0, 0, 0]), colorSpace='rgb', depthBits=8, fullscr=<method-wrapper '__getattribute__' of attributeSetter object at 0x000002AEA4D46B20>, gamma=None, gammaErrorPolicy='raise', lms=UNKNOWN, monitor=<psychopy.monitors.calibTools.Monitor object at 0x000002AEA69F7100>, multiSample=False, name='window1', numSamples=2, pos=(0, 0), screen=0, size=array([3840, 2160]), stencilBits=0, stereo=False, units='height', useFBO=True, useRetina=False, viewOri=0.0, viewPos=None, viewScale=None, waitBlanking=True, winType='pyglet')
10.9169 	EXP 	window1: mouseVisible = True
10.9170 	EXP 	window1: Attempting to measure frame rate of screen (0) ...
10.9170 	EXP 	window1: recordFrameIntervals = False
11.1151 	EXP 	window1: recordFrameIntervals = True
11.1833 	WARNING 	t of last frame was 27.16ms (=1/36)
11.2145 	WARNING 	t of last frame was 31.21ms (=1/32)
11.2505 	WARNING 	t of last frame was 26.09ms (=1/38)
11.2827 	WARNING 	t of last frame was 21.96ms (=1/45)
11.3117 	WARNING 	Multiple dropped frames have occurred - I'll stop bothering you about them!
13.3512 	WARNING 	Couldn't measure a consistent frame rate!
  - Is your graphics card set to sync to vertical blank?
  - Are you running other processes on your computer?

15.2007 	EXP 	Created text = TextStim(__class__=<class 'psychopy.visual.text.TextStim'>, alignHoriz=method-wrapper(...), alignText='center', alignVert=method-wrapper(...), anchorHoriz='center', anchorVert='center', antialias=True, autoLog=True, bold=False, color=array([1., 1., 1.]), colorSpace='rgb', contrast=1.0, depth=-3.0, flipHoriz=False, flipVert=False, font='Open Sans', fontFiles=[], height=0.05, italic=False, languageStyle='LTR', name='text', opacity=1, ori=0.0, pos=array([0., 0.]), rgb=UNKNOWN, text=str(...), units='height', win=Window(...), wrapWidth=1)
15.2027 	EXP 	Created blank_txt = TextStim(__class__=<class 'psychopy.visual.text.TextStim'>, alignHoriz=method-wrapper(...), alignText='center', alignVert=method-wrapper(...), anchorHoriz='center', anchorVert='center', antialias=True, autoLog=True, bold=False, color=array([1., 1., 1.]), colorSpace='rgb', contrast=1.0, depth=0.0, flipHoriz=False, flipVert=False, font='Open Sans', fontFiles=[], height=0.1, italic=False, languageStyle='LTR', name='blank_txt', opacity=1, ori=0.0, pos=array([0., 0.]), rgb=UNKNOWN, text='', units='height', win=Window(...), wrapWidth=1)
15.2602 	EXP 	Sound tProbe set volume 1.000
15.2615 	EXP 	Created you_done_goofed = TextStim(__class__=<class 'psychopy.visual.text.TextStim'>, alignHoriz=method-wrapper(...), alignText='center', alignVert=method-wrapper(...), anchorHoriz='center', anchorVert='center', antialias=True, autoLog=True, bold=False, color=array([1., 1., 1.]), colorSpace='rgb', contrast=1.0, depth=-1.0, flipHoriz=False, flipVert=False, font='Open Sans', fontFiles=[], height=0.05, italic=False, languageStyle='LTR', name='you_done_goofed', opacity=1, ori=0.0, pos=array([0., 0.]), rgb=UNKNOWN, text='', units='height', win=Window(...), wrapWidth=1)
15.5709 	EXP 	Created text_2 = TextStim(__class__=<class 'psychopy.visual.text.TextStim'>, alignHoriz=method-wrapper(...), alignText='center', alignVert=method-wrapper(...), anchorHoriz='center', anchorVert='center', antialias=True, autoLog=True, bold=False, color=array([1., 1., 1.]), colorSpace='rgb', contrast=1.0, depth=-2.0, flipHoriz=False, flipVert=False, font='Open Sans', fontFiles=[], height=0.05, italic=False, languageStyle='LTR', name='text_2', opacity=1, ori=0.0, pos=array([0., 0.]), rgb=UNKNOWN, text='', units='height', win=Window(...), wrapWidth=1)
15.5731 	EXP 	Created blank_txt = TextStim(__class__=<class 'psychopy.visual.text.TextStim'>, alignHoriz=method-wrapper(...), alignText='center', alignVert=method-wrapper(...), anchorHoriz='center', anchorVert='center', antialias=True, autoLog=True, bold=False, color=array([1., 1., 1.]), colorSpace='rgb', contrast=1.0, depth=0.0, flipHoriz=False, flipVert=False, font='Open Sans', fontFiles=[], height=0.1, italic=False, languageStyle='LTR', name='blank_txt', opacity=1, ori=0.0, pos=array([0., 0.]), rgb=UNKNOWN, text='', units='height', win=Window(...), wrapWidth=1)
15.5922 	EXP 	Sound probe set volume 1.000
15.6038 	EXP 	Created goodbye_text = TextStim(__class__=<class 'psychopy.visual.text.TextStim'>, alignHoriz=method-wrapper(...), alignText='center', alignVert=method-wrapper(...), anchorHoriz='center', anchorVert='center', antialias=True, autoLog=True, bold=False, color=array([1., 1., 1.]), colorSpace='rgb', contrast=1.0, depth=0.0, flipHoriz=False, flipVert=False, font='Open Sans', fontFiles=[], height=0.05, italic=False, languageStyle='LTR', name='goodbye_text', opacity=1, ori=0.0, pos=array([0., 0.]), rgb=UNKNOWN, text=str(...), units='height', win=Window(...), wrapWidth=1)
15.6063 	EXP 	Created fixation_cross = ShapeStim(__class__=<class 'psychopy.visual.shape.ShapeStim'>, anchor=('center', 'center'), autoDraw=False, autoLog=True, closeShape=True, color=method-wrapper(...), colorSpace='rgb', contrast=None, depth=-3.0, fillColor=array([1, 1, 1]), fillColorSpace='rgb', fillRGB=array([1, 1, 1]), interpolate=True, lineColor=array([1., 1., 1.]), lineColorSpace='rgb', lineRGB=array([1, 1, 1]), lineWidth=1.0, name='fixation_cross', opacity=1, ori=0.0, pos=array([0., 0.]), size=array([0.15, 0.15]), units='height', vertices=ndarray(...), win=Window(...), windingRule=None)
15.6206 	EXP 	text: autoDraw = True
16.2286 	DATA 	Keypress: space
16.2383 	EXP 	text: autoDraw = False
16.2383 	EXP 	blank_txt: autoDraw = True
17.2283 	EXP 	Created sequence: random, trialTypes=1, nReps=3, seed=None
17.2285 	EXP 	New trial (rep=0, index=0): None
17.2571 	EXP 	blank_txt: autoDraw = False
18.2212 	EXP 	Sound tProbe started
18.4345 	EXP 	Sound tProbe reached end of file
18.5600 	DATA 	Keypress: space
20.2666 	EXP 	you_done_goofed: height = 0.05
20.2666 	EXP 	you_done_goofed: height = 0.05
20.2666 	EXP 	you_done_goofed: text = "C'est très bien! \n            \n\nAppuyez sur n'importe quelle touche pour poursuivre."
20.2666 	EXP 	you_done_goofed: autoDraw = True
21.4318 	EXP 	New trial (rep=1, index=0): None
21.4335 	DATA 	Keypress: space
21.4434 	EXP 	you_done_goofed: autoDraw = False
22.4237 	EXP 	Sound tProbe started
22.6427 	EXP 	Sound tProbe reached end of file
22.8659 	DATA 	Keypress: space
24.5023 	EXP 	you_done_goofed: text = "C'est très bien! \n            \n\nAppuyez sur n'importe quelle touche pour poursuivre."
24.5023 	EXP 	you_done_goofed: autoDraw = True
24.8347 	EXP 	New trial (rep=2, index=0): None
24.8367 	DATA 	Keypress: space
24.8464 	EXP 	you_done_goofed: autoDraw = False
25.8339 	EXP 	Sound tProbe started
26.0425 	EXP 	Sound tProbe reached end of file
26.2683 	DATA 	Keypress: space
27.9050 	EXP 	you_done_goofed: text = "C'est très bien! \n            \n\nAppuyez sur n'importe quelle touche pour poursuivre."
27.9050 	EXP 	you_done_goofed: autoDraw = True
28.6060 	EXP 	Created fixation_cross = ShapeStim(__class__=<class 'psychopy.visual.shape.ShapeStim'>, anchor=('center', 'center'), autoDraw=False, autoLog=True, closeShape=True, color=method-wrapper(...), colorSpace='rgb', contrast=None, depth=-3.0, fillColor=array([1, 1, 1]), fillColorSpace='rgb', fillRGB=array([1, 1, 1]), interpolate=True, lineColor=array([1., 1., 1.]), lineColorSpace='rgb', lineRGB=array([1, 1, 1]), lineWidth=1.0, name='fixation_cross', opacity=1, ori=0.0, pos=array([0., 0.]), size=array([0.15, 0.15]), units='height', vertices=ndarray(...), win=Window(...), windingRule=None)
28.6300 	DATA 	Keypress: space
28.6419 	EXP 	you_done_goofed: autoDraw = False
28.6419 	EXP 	text_2: height = 0.05
28.6419 	EXP 	text_2: height = 0.05
28.6419 	EXP 	text_2: text = "Appuyez sur la barre d'espace dès que vous entendez un son. \n\n Les réponses enregistrées plus d'une seconde après le son ne seront pas comptabilisées. \n\n\n Appuyez sur n'importe quelle touche pour démarrer."
28.6419 	EXP 	text_2: autoDraw = True
29.4478 	DATA 	Keypress: space
29.4688 	EXP 	text_2: autoDraw = False
29.4688 	EXP 	blank_txt: autoDraw = True
30.4778 	EXP 	Created sequence: random, trialTypes=1, nReps=999, seed=None
30.4801 	EXP 	New trial (rep=0, index=0): None
30.5587 	EXP 	Sound probe started
30.5670 	EXP 	blank_txt: autoDraw = False
30.7744 	EXP 	Sound probe reached end of file
31.0083 	DATA 	Keypress: space
34.6004 	EXP 	New trial (rep=1, index=0): None
34.6659 	EXP 	Sound probe started
34.8825 	EXP 	Sound probe reached end of file
34.9625 	DATA 	Keypress: space
38.0618 	EXP 	New trial (rep=2, index=0): None
38.1354 	EXP 	Sound probe started
38.3545 	EXP 	Sound probe reached end of file
38.4219 	DATA 	Keypress: space
40.2129 	EXP 	New trial (rep=3, index=0): None
40.2784 	EXP 	Sound probe started
40.4945 	EXP 	Sound probe reached end of file
40.7549 	DATA 	Keypress: space
43.9149 	EXP 	New trial (rep=4, index=0): None
43.9879 	EXP 	Sound probe started
44.2028 	EXP 	Sound probe reached end of file
46.9429 	EXP 	New trial (rep=5, index=0): None
47.0195 	EXP 	Sound probe started
47.2305 	EXP 	Sound probe reached end of file
49.5970 	EXP 	New trial (rep=6, index=0): None
49.6696 	EXP 	Sound probe started
49.8823 	EXP 	Sound probe reached end of file
50.0634 	DATA 	Keypress: space
52.0591 	EXP 	New trial (rep=7, index=0): None
52.0607 	EXP 	Sound probe started
52.2705 	EXP 	Sound probe reached end of file
55.0480 	EXP 	New trial (rep=8, index=0): None
55.1317 	EXP 	Sound probe started
55.3507 	EXP 	Sound probe reached end of file
57.3766 	EXP 	New trial (rep=9, index=0): None
57.4513 	EXP 	Sound probe started
57.6705 	EXP 	Sound probe reached end of file
57.8518 	DATA 	Keypress: space
59.6660 	EXP 	New trial (rep=10, index=0): None
59.7383 	EXP 	Sound probe started
59.9504 	EXP 	Sound probe reached end of file
62.6773 	EXP 	New trial (rep=11, index=0): None
62.6790 	EXP 	Sound probe started
62.8908 	EXP 	Sound probe reached end of file
65.8231 	EXP 	New trial (rep=12, index=0): None
65.8982 	EXP 	Sound probe started
66.1105 	EXP 	Sound probe reached end of file
66.2582 	DATA 	Keypress: space
69.7262 	EXP 	New trial (rep=13, index=0): None
69.8043 	EXP 	Sound probe started
70.0184 	EXP 	Sound probe reached end of file
72.9874 	EXP 	New trial (rep=14, index=0): None
73.0551 	EXP 	Sound probe started
73.2705 	EXP 	Sound probe reached end of file
73.4453 	DATA 	Keypress: space
76.3057 	EXP 	New trial (rep=15, index=0): None
76.3096 	EXP 	Sound probe started
76.5187 	EXP 	Sound probe reached end of file
78.7186 	EXP 	New trial (rep=16, index=0): None
78.7901 	EXP 	Sound probe started
78.9986 	EXP 	Sound probe reached end of file
81.3854 	EXP 	New trial (rep=17, index=0): None
81.4506 	EXP 	Sound probe started
81.6705 	EXP 	Sound probe reached end of file
81.7920 	DATA 	Keypress: space
85.3083 	EXP 	New trial (rep=18, index=0): None
85.3790 	EXP 	Sound probe started
85.5988 	EXP 	Sound probe reached end of file
87.4793 	EXP 	New trial (rep=19, index=0): None
87.4842 	EXP 	Sound probe started
87.6982 	EXP 	Sound probe reached end of file
90.0175 	EXP 	New trial (rep=20, index=0): None
90.0883 	EXP 	Sound probe started
90.2988 	EXP 	Sound probe reached end of file
92.3262 	EXP 	New trial (rep=21, index=0): None
92.3945 	EXP 	Sound probe started
92.6066 	EXP 	Sound probe reached end of file
92.9262 	DATA 	Keypress: space
95.8243 	EXP 	New trial (rep=22, index=0): None
95.8991 	EXP 	Sound probe started
96.1187 	EXP 	Sound probe reached end of file
99.9099 	EXP 	New trial (rep=23, index=0): None
99.9787 	EXP 	Sound probe started
100.1867 	EXP 	Sound probe stopped
100.3802 	DATA 	Keypress: space
103.5382 	EXP 	New trial (rep=24, index=0): None
103.5414 	EXP 	Sound probe started
103.7585 	EXP 	Sound probe reached end of file
106.9648 	EXP 	New trial (rep=25, index=0): None
107.0380 	EXP 	Sound probe started
107.2466 	EXP 	Sound probe reached end of file
109.2038 	EXP 	New trial (rep=26, index=0): None
109.2836 	EXP 	Sound probe started
109.4865 	EXP 	Sound probe stopped
109.9776 	DATA 	Keypress: space
111.4183 	EXP 	New trial (rep=27, index=0): None
111.4847 	EXP 	Sound probe started
111.6984 	EXP 	Sound probe reached end of file
114.6631 	EXP 	New trial (rep=28, index=0): None
114.6648 	EXP 	Sound probe started
114.8787 	EXP 	Sound probe reached end of file
117.4969 	EXP 	New trial (rep=29, index=0): None
117.5714 	EXP 	Sound probe started
117.7746 	EXP 	Sound probe stopped
118.2599 	DATA 	Keypress: space
119.7674 	EXP 	New trial (rep=30, index=0): None
119.8384 	EXP 	Sound probe started
120.0549 	EXP 	Sound probe reached end of file
122.1837 	EXP 	New trial (rep=31, index=0): None
122.2534 	EXP 	Sound probe started
122.4663 	EXP 	Sound probe reached end of file
122.7654 	DATA 	Keypress: space
124.4187 	EXP 	New trial (rep=32, index=0): None
124.4247 	EXP 	Sound probe started
124.6359 	EXP 	Sound probe reached end of file
128.0946 	EXP 	New trial (rep=33, index=0): None
131.5025 	EXP 	Sound probe started
131.7144 	EXP 	Sound probe reached end of file
132.0004 	DATA 	Keypress: space
134.7386 	EXP 	New trial (rep=34, index=0): None
136.3532 	EXP 	Sound probe started
136.5664 	EXP 	Sound probe reached end of file
136.8724 	DATA 	Keypress: space
138.5973 	EXP 	New trial (rep=35, index=0): None
139.6808 	EXP 	Sound probe started
139.8865 	EXP 	Sound probe stopped
140.2580 	DATA 	Keypress: space
143.6056 	EXP 	New trial (rep=36, index=0): None
143.6065 	EXP 	Sound probe started
143.8222 	EXP 	Sound probe reached end of file
147.5423 	EXP 	New trial (rep=37, index=0): None
148.5840 	EXP 	Sound probe started
148.8027 	EXP 	Sound probe reached end of file
149.2291 	DATA 	Keypress: space
152.6292 	EXP 	New trial (rep=38, index=0): None
153.6877 	EXP 	Sound probe started
153.9024 	EXP 	Sound probe reached end of file
154.1797 	DATA 	Keypress: space
156.9777 	EXP 	New trial (rep=39, index=0): None
158.1282 	EXP 	Sound probe started
158.3426 	EXP 	Sound probe reached end of file
161.8613 	EXP 	New trial (rep=40, index=0): None
161.8656 	EXP 	Sound probe started
162.0825 	EXP 	Sound probe reached end of file
164.6987 	EXP 	New trial (rep=41, index=0): None
165.8370 	EXP 	Sound probe started
166.0425 	EXP 	Sound probe stopped
168.1310 	EXP 	New trial (rep=42, index=0): None
169.6079 	EXP 	Sound probe started
169.8224 	EXP 	Sound probe reached end of file
170.1393 	DATA 	Keypress: space
172.6824 	EXP 	New trial (rep=43, index=0): None
173.8252 	EXP 	Sound probe started
174.0428 	EXP 	Sound probe reached end of file
175.9183 	EXP 	New trial (rep=44, index=0): None
175.9193 	EXP 	Sound probe started
176.1305 	EXP 	Sound probe reached end of file
178.9246 	EXP 	New trial (rep=45, index=0): None
180.1628 	EXP 	Sound probe started
180.3824 	EXP 	Sound probe reached end of file
180.8263 	DATA 	Keypress: space
182.7723 	EXP 	New trial (rep=46, index=0): None
183.9298 	EXP 	Sound probe started
184.1305 	EXP 	Sound probe stopped
187.6196 	EXP 	New trial (rep=47, index=0): None
188.8557 	EXP 	Sound probe started
189.0705 	EXP 	Sound probe reached end of file
191.3217 	EXP 	New trial (rep=48, index=0): None
192.6067 	EXP 	Sound probe started
192.8223 	EXP 	Sound probe reached end of file
195.4255 	EXP 	New trial (rep=49, index=0): None
195.4271 	EXP 	Sound probe started
195.6436 	EXP 	Sound probe reached end of file
199.3647 	EXP 	New trial (rep=50, index=0): None
200.5383 	EXP 	Sound probe started
200.7505 	EXP 	Sound probe stopped
204.1012 	EXP 	New trial (rep=51, index=0): None
205.2636 	EXP 	Sound probe started
205.4785 	EXP 	Sound probe reached end of file
208.2252 	EXP 	New trial (rep=52, index=0): None
209.4697 	EXP 	Sound probe started
209.6789 	EXP 	Sound probe reached end of file
212.1470 	EXP 	New trial (rep=53, index=0): None
213.4361 	EXP 	Sound probe started
213.6383 	EXP 	Sound probe stopped
216.6834 	EXP 	New trial (rep=54, index=0): None
217.9833 	EXP 	Sound probe started
218.1982 	EXP 	Sound probe reached end of file
218.5583 	DATA 	Keypress: space
221.4091 	EXP 	New trial (rep=55, index=0): None
222.6846 	EXP 	Sound probe started
222.8982 	EXP 	Sound probe reached end of file
226.2130 	EXP 	New trial (rep=56, index=0): None
226.2171 	EXP 	Sound probe started
226.4266 	EXP 	Sound probe reached end of file
230.1554 	EXP 	New trial (rep=57, index=0): None
231.4627 	EXP 	Sound probe started
231.6785 	EXP 	Sound probe reached end of file
234.0973 	EXP 	New trial (rep=58, index=0): None
235.4455 	EXP 	Sound probe started
235.6583 	EXP 	Sound probe reached end of file
236.2149 	DATA 	Keypress: space
239.3769 	EXP 	New trial (rep=59, index=0): None
240.7405 	EXP 	Sound probe started
240.9588 	EXP 	Sound probe reached end of file
241.6399 	DATA 	Keypress: space
244.0739 	EXP 	New trial (rep=60, index=0): None
245.3927 	EXP 	Sound probe started
245.5944 	EXP 	Sound probe stopped
248.5084 	EXP 	New trial (rep=61, index=0): None
249.9235 	EXP 	Sound probe started
250.1344 	EXP 	Sound probe reached end of file
252.6434 	EXP 	New trial (rep=62, index=0): None
254.0397 	EXP 	Sound probe started
254.2542 	EXP 	Sound probe reached end of file
254.7308 	DATA 	Keypress: space
257.7205 	EXP 	New trial (rep=63, index=0): None
257.7242 	EXP 	Sound probe stopped
257.7491 	EXP 	goodbye_text: autoDraw = True
259.1655 	DATA 	Keypress: space
259.1751 	EXP 	goodbye_text: autoDraw = False
259.2593 	EXP 	window1: mouseVisible = True
