21.0597 	WARNING 	User requested fullscreen with size [2560 1440], but screen is actually [3840, 2160]. Using actual size
24.2080 	WARNING 	Couldn't measure a consistent frame rate!
  - Is your graphics card set to sync to vertical blank?
  - Are you running other processes on your computer?

24.2087 	EXP 	Created window1 = Window(allowGUI=False, allowStencil=False, autoLog=True, backendConf=UNKNOWN, bitsMode=UNKNOWN, blendMode='avg', bpc=(8, 8, 8), color=array([0, 0, 0]), colorSpace='rgb', depthBits=8, fullscr=<method-wrapper '__getattribute__' of attributeSetter object at 0x0000026595CC6B20>, gamma=None, gammaErrorPolicy='raise', lms=UNKNOWN, monitor=<psychopy.monitors.calibTools.Monitor object at 0x0000026597984100>, multiSample=False, name='window1', numSamples=2, pos=(0, 0), screen=0, size=array([3840, 2160]), stencilBits=0, stereo=False, units='height', useFBO=True, useRetina=False, viewOri=0.0, viewPos=None, viewScale=None, waitBlanking=True, winType='pyglet')
24.2094 	EXP 	window1: mouseVisible = True
24.2094 	EXP 	window1: Attempting to measure frame rate of screen (0) ...
24.2095 	EXP 	window1: recordFrameIntervals = False
24.4457 	EXP 	window1: recordFrameIntervals = True
24.5076 	WARNING 	t of last frame was 27.88ms (=1/35)
24.5430 	WARNING 	t of last frame was 25.28ms (=1/39)
24.5642 	WARNING 	t of last frame was 21.17ms (=1/47)
24.6137 	WARNING 	t of last frame was 20.17ms (=1/49)
24.6637 	WARNING 	Multiple dropped frames have occurred - I'll stop bothering you about them!
26.6148 	WARNING 	Couldn't measure a consistent frame rate!
  - Is your graphics card set to sync to vertical blank?
  - Are you running other processes on your computer?

29.7495 	EXP 	Created text = TextStim(__class__=<class 'psychopy.visual.text.TextStim'>, alignHoriz=method-wrapper(...), alignText='center', alignVert=method-wrapper(...), anchorHoriz='center', anchorVert='center', antialias=True, autoLog=True, bold=False, color=array([1., 1., 1.]), colorSpace='rgb', contrast=1.0, depth=-3.0, flipHoriz=False, flipVert=False, font='Open Sans', fontFiles=[], height=0.05, italic=False, languageStyle='LTR', name='text', opacity=1, ori=0.0, pos=array([0., 0.]), rgb=UNKNOWN, text=str(...), units='height', win=Window(...), wrapWidth=1)
29.7513 	EXP 	Created blank_txt = TextStim(__class__=<class 'psychopy.visual.text.TextStim'>, alignHoriz=method-wrapper(...), alignText='center', alignVert=method-wrapper(...), anchorHoriz='center', anchorVert='center', antialias=True, autoLog=True, bold=False, color=array([1., 1., 1.]), colorSpace='rgb', contrast=1.0, depth=0.0, flipHoriz=False, flipVert=False, font='Open Sans', fontFiles=[], height=0.1, italic=False, languageStyle='LTR', name='blank_txt', opacity=1, ori=0.0, pos=array([0., 0.]), rgb=UNKNOWN, text='', units='height', win=Window(...), wrapWidth=1)
29.8373 	EXP 	Sound tProbe set volume 1.000
29.8385 	EXP 	Created you_done_goofed = TextStim(__class__=<class 'psychopy.visual.text.TextStim'>, alignHoriz=method-wrapper(...), alignText='center', alignVert=method-wrapper(...), anchorHoriz='center', anchorVert='center', antialias=True, autoLog=True, bold=False, color=array([1., 1., 1.]), colorSpace='rgb', contrast=1.0, depth=-1.0, flipHoriz=False, flipVert=False, font='Open Sans', fontFiles=[], height=0.05, italic=False, languageStyle='LTR', name='you_done_goofed', opacity=1, ori=0.0, pos=array([0., 0.]), rgb=UNKNOWN, text='', units='height', win=Window(...), wrapWidth=1)
30.1410 	EXP 	Created text_2 = TextStim(__class__=<class 'psychopy.visual.text.TextStim'>, alignHoriz=method-wrapper(...), alignText='center', alignVert=method-wrapper(...), anchorHoriz='center', anchorVert='center', antialias=True, autoLog=True, bold=False, color=array([1., 1., 1.]), colorSpace='rgb', contrast=1.0, depth=-2.0, flipHoriz=False, flipVert=False, font='Open Sans', fontFiles=[], height=0.05, italic=False, languageStyle='LTR', name='text_2', opacity=1, ori=0.0, pos=array([0., 0.]), rgb=UNKNOWN, text='', units='height', win=Window(...), wrapWidth=1)
30.1423 	EXP 	Created blank_txt = TextStim(__class__=<class 'psychopy.visual.text.TextStim'>, alignHoriz=method-wrapper(...), alignText='center', alignVert=method-wrapper(...), anchorHoriz='center', anchorVert='center', antialias=True, autoLog=True, bold=False, color=array([1., 1., 1.]), colorSpace='rgb', contrast=1.0, depth=0.0, flipHoriz=False, flipVert=False, font='Open Sans', fontFiles=[], height=0.1, italic=False, languageStyle='LTR', name='blank_txt', opacity=1, ori=0.0, pos=array([0., 0.]), rgb=UNKNOWN, text='', units='height', win=Window(...), wrapWidth=1)
30.1538 	EXP 	Sound probe set volume 1.000
30.1644 	EXP 	Created goodbye_text = TextStim(__class__=<class 'psychopy.visual.text.TextStim'>, alignHoriz=method-wrapper(...), alignText='center', alignVert=method-wrapper(...), anchorHoriz='center', anchorVert='center', antialias=True, autoLog=True, bold=False, color=array([1., 1., 1.]), colorSpace='rgb', contrast=1.0, depth=0.0, flipHoriz=False, flipVert=False, font='Open Sans', fontFiles=[], height=0.05, italic=False, languageStyle='LTR', name='goodbye_text', opacity=1, ori=0.0, pos=array([0., 0.]), rgb=UNKNOWN, text=str(...), units='height', win=Window(...), wrapWidth=1)
30.1789 	EXP 	Created fixation_cross = ShapeStim(__class__=<class 'psychopy.visual.shape.ShapeStim'>, anchor=('center', 'center'), autoDraw=False, autoLog=True, closeShape=True, color=method-wrapper(...), colorSpace='rgb', contrast=None, depth=-3.0, fillColor=array([1, 1, 1]), fillColorSpace='rgb', fillRGB=array([1, 1, 1]), interpolate=True, lineColor=array([1., 1., 1.]), lineColorSpace='rgb', lineRGB=array([1, 1, 1]), lineWidth=1.0, name='fixation_cross', opacity=1, ori=0.0, pos=array([0., 0.]), size=array([0.15, 0.15]), units='height', vertices=ndarray(...), win=Window(...), windingRule=None)
30.1917 	EXP 	text: autoDraw = True
36.4205 	DATA 	Keypress: space
36.4302 	EXP 	text: autoDraw = False
36.4302 	EXP 	blank_txt: autoDraw = True
37.4224 	EXP 	Created sequence: random, trialTypes=1, nReps=3, seed=None
37.4226 	EXP 	New trial (rep=0, index=0): None
37.4449 	EXP 	blank_txt: autoDraw = False
38.4152 	EXP 	Sound tProbe started
38.6259 	EXP 	Sound tProbe reached end of file
38.7734 	DATA 	Keypress: space
40.4641 	EXP 	you_done_goofed: height = 0.05
40.4641 	EXP 	you_done_goofed: height = 0.05
40.4641 	EXP 	you_done_goofed: text = "C'est très bien! \n            \n\nAppuyez sur n'importe quelle touche pour poursuivre."
40.4641 	EXP 	you_done_goofed: autoDraw = True
42.4955 	EXP 	New trial (rep=1, index=0): None
42.4971 	DATA 	Keypress: space
42.5172 	EXP 	you_done_goofed: autoDraw = False
43.4992 	EXP 	Sound tProbe started
43.7180 	EXP 	Sound tProbe reached end of file
43.9080 	DATA 	Keypress: space
45.5642 	EXP 	you_done_goofed: text = "C'est très bien! \n            \n\nAppuyez sur n'importe quelle touche pour poursuivre."
45.5642 	EXP 	you_done_goofed: autoDraw = True
46.9366 	EXP 	New trial (rep=2, index=0): None
46.9382 	DATA 	Keypress: space
46.9478 	EXP 	you_done_goofed: autoDraw = False
47.9244 	EXP 	Sound tProbe started
48.1378 	EXP 	Sound tProbe reached end of file
48.3268 	DATA 	Keypress: space
50.0051 	EXP 	you_done_goofed: text = "C'est très bien! \n            \n\nAppuyez sur n'importe quelle touche pour poursuivre."
50.0051 	EXP 	you_done_goofed: autoDraw = True
51.4142 	EXP 	Created fixation_cross = ShapeStim(__class__=<class 'psychopy.visual.shape.ShapeStim'>, anchor=('center', 'center'), autoDraw=False, autoLog=True, closeShape=True, color=method-wrapper(...), colorSpace='rgb', contrast=None, depth=-3.0, fillColor=array([1, 1, 1]), fillColorSpace='rgb', fillRGB=array([1, 1, 1]), interpolate=True, lineColor=array([1., 1., 1.]), lineColorSpace='rgb', lineRGB=array([1, 1, 1]), lineWidth=1.0, name='fixation_cross', opacity=1, ori=0.0, pos=array([0., 0.]), size=array([0.15, 0.15]), units='height', vertices=ndarray(...), win=Window(...), windingRule=None)
51.4371 	DATA 	Keypress: space
51.4486 	EXP 	you_done_goofed: autoDraw = False
51.4486 	EXP 	text_2: height = 0.05
51.4486 	EXP 	text_2: height = 0.05
51.4486 	EXP 	text_2: text = "Appuyez sur la barre d'espace dès que vous entendez un son. \n\n Les réponses enregistrées plus d'une seconde après le son ne seront pas comptabilisées. \n\n\n Appuyez sur n'importe quelle touche pour démarrer."
51.4486 	EXP 	text_2: autoDraw = True
54.6049 	DATA 	Keypress: space
54.6145 	EXP 	text_2: autoDraw = False
54.6145 	EXP 	blank_txt: autoDraw = True
55.6203 	EXP 	Created sequence: random, trialTypes=1, nReps=999, seed=None
55.6230 	EXP 	New trial (rep=0, index=0): None
55.6999 	EXP 	Sound probe started
55.7079 	EXP 	blank_txt: autoDraw = False
55.9139 	EXP 	Sound probe reached end of file
56.1024 	DATA 	Keypress: space
58.1650 	EXP 	New trial (rep=1, index=0): None
58.4512 	EXP 	Sound probe started
58.6657 	EXP 	Sound probe reached end of file
58.7835 	DATA 	Keypress: space
61.6360 	EXP 	New trial (rep=2, index=0): None
61.7057 	EXP 	Sound probe started
61.9259 	EXP 	Sound probe reached end of file
62.1198 	DATA 	Keypress: space
64.5542 	EXP 	New trial (rep=3, index=0): None
64.6228 	EXP 	Sound probe started
64.8337 	EXP 	Sound probe reached end of file
65.1571 	DATA 	Keypress: space
68.6452 	EXP 	New trial (rep=4, index=0): None
68.6500 	EXP 	Sound probe started
68.8657 	EXP 	Sound probe reached end of file
71.7118 	EXP 	New trial (rep=5, index=0): None
71.7832 	EXP 	Sound probe started
71.9937 	EXP 	Sound probe reached end of file
74.0129 	EXP 	New trial (rep=6, index=0): None
74.0894 	EXP 	Sound probe started
74.3060 	EXP 	Sound probe reached end of file
77.9630 	EXP 	New trial (rep=7, index=0): None
78.0306 	EXP 	Sound probe started
78.2458 	EXP 	Sound probe reached end of file
78.5341 	DATA 	Keypress: space
80.8766 	EXP 	New trial (rep=8, index=0): None
80.9449 	EXP 	Sound probe started
81.1542 	EXP 	Sound probe reached end of file
84.9804 	EXP 	New trial (rep=9, index=0): None
85.0477 	EXP 	Sound probe started
85.2620 	EXP 	Sound probe reached end of file
85.4458 	DATA 	Keypress: space
87.9845 	EXP 	New trial (rep=10, index=0): None
87.9860 	EXP 	Sound probe started
88.2020 	EXP 	Sound probe reached end of file
91.9557 	EXP 	New trial (rep=11, index=0): None
92.0245 	EXP 	Sound probe started
92.2420 	EXP 	Sound probe reached end of file
94.3011 	EXP 	New trial (rep=12, index=0): None
94.3743 	EXP 	Sound probe started
94.5937 	EXP 	Sound probe reached end of file
94.7878 	DATA 	Keypress: space
97.7064 	EXP 	New trial (rep=13, index=0): None
97.7845 	EXP 	Sound probe started
97.9941 	EXP 	Sound probe stopped
98.9591 	DATA 	Keypress: space
101.4813 	EXP 	New trial (rep=14, index=0): None
101.4853 	EXP 	Sound probe started
101.7018 	EXP 	Sound probe reached end of file
102.8258 	DATA 	Keypress: space
104.7641 	EXP 	New trial (rep=15, index=0): None
104.8428 	EXP 	Sound probe started
105.0539 	EXP 	Sound probe stopped
105.3546 	DATA 	Keypress: space
108.2843 	EXP 	New trial (rep=16, index=0): None
108.3503 	EXP 	Sound probe started
108.5698 	EXP 	Sound probe reached end of file
111.1729 	EXP 	New trial (rep=17, index=0): None
111.2399 	EXP 	Sound probe started
111.4499 	EXP 	Sound probe reached end of file
111.7029 	DATA 	Keypress: space
114.6094 	EXP 	New trial (rep=18, index=0): None
114.6157 	EXP 	Sound probe started
114.8297 	EXP 	Sound probe reached end of file
117.9793 	EXP 	New trial (rep=19, index=0): None
118.0548 	EXP 	Sound probe started
118.2698 	EXP 	Sound probe reached end of file
121.3939 	EXP 	New trial (rep=20, index=0): None
121.4624 	EXP 	Sound probe started
121.6816 	EXP 	Sound probe reached end of file
121.9519 	DATA 	Keypress: space
125.4655 	EXP 	New trial (rep=21, index=0): None
125.5623 	EXP 	Sound probe started
125.7817 	EXP 	Sound probe reached end of file
128.8993 	EXP 	New trial (rep=22, index=0): None
128.9011 	EXP 	Sound probe started
129.1167 	EXP 	Sound probe reached end of file
131.2623 	EXP 	New trial (rep=23, index=0): None
131.3330 	EXP 	Sound probe started
131.5498 	EXP 	Sound probe reached end of file
131.7823 	DATA 	Keypress: space
133.6329 	EXP 	New trial (rep=24, index=0): None
133.7202 	EXP 	Sound probe started
133.9375 	EXP 	Sound probe reached end of file
136.4035 	EXP 	New trial (rep=25, index=0): None
136.4771 	EXP 	Sound probe started
136.6897 	EXP 	Sound probe reached end of file
136.9030 	DATA 	Keypress: space
139.8056 	EXP 	New trial (rep=26, index=0): None
139.8799 	EXP 	Sound probe started
140.0978 	EXP 	Sound probe reached end of file
142.9408 	EXP 	New trial (rep=27, index=0): None
142.9472 	EXP 	Sound probe started
143.1592 	EXP 	Sound probe reached end of file
144.9789 	EXP 	New trial (rep=28, index=0): None
145.0574 	EXP 	Sound probe started
145.2697 	EXP 	Sound probe reached end of file
145.5540 	DATA 	Keypress: space
147.7679 	EXP 	New trial (rep=29, index=0): None
147.8345 	EXP 	Sound probe started
148.0496 	EXP 	Sound probe reached end of file
151.2334 	EXP 	New trial (rep=30, index=0): None
151.3150 	EXP 	Sound probe started
151.5177 	EXP 	Sound probe stopped
155.0527 	EXP 	New trial (rep=31, index=0): None
155.1271 	EXP 	Sound probe started
155.3378 	EXP 	Sound probe reached end of file
155.6397 	DATA 	Keypress: space
158.2276 	EXP 	New trial (rep=32, index=0): None
159.9719 	EXP 	Sound probe started
160.1856 	EXP 	Sound probe reached end of file
163.4965 	EXP 	New trial (rep=33, index=0): None
164.6825 	EXP 	Sound probe started
164.8979 	EXP 	Sound probe reached end of file
167.2003 	EXP 	New trial (rep=34, index=0): None
168.9381 	EXP 	Sound probe started
169.1577 	EXP 	Sound probe reached end of file
171.5373 	EXP 	New trial (rep=35, index=0): None
171.5414 	EXP 	Sound probe started
171.7576 	EXP 	Sound probe reached end of file
174.6434 	EXP 	New trial (rep=36, index=0): None
176.3435 	EXP 	Sound probe started
176.5579 	EXP 	Sound probe reached end of file
176.7872 	DATA 	Keypress: space
179.3468 	EXP 	New trial (rep=37, index=0): None
180.5121 	EXP 	Sound probe started
180.7177 	EXP 	Sound probe stopped
183.9863 	EXP 	New trial (rep=38, index=0): None
185.1402 	EXP 	Sound probe started
185.3537 	EXP 	Sound probe reached end of file
187.3209 	EXP 	New trial (rep=39, index=0): None
187.3250 	EXP 	Sound probe started
187.5338 	EXP 	Sound probe reached end of file
190.4896 	EXP 	New trial (rep=40, index=0): None
191.8019 	EXP 	Sound probe started
192.0137 	EXP 	Sound probe reached end of file
195.2540 	EXP 	New trial (rep=41, index=0): None
196.5465 	EXP 	Sound probe started
196.7659 	EXP 	Sound probe reached end of file
197.0284 	DATA 	Keypress: space
199.0724 	EXP 	New trial (rep=42, index=0): None
200.3255 	EXP 	Sound probe started
200.5456 	EXP 	Sound probe reached end of file
200.9240 	DATA 	Keypress: space
204.3180 	EXP 	New trial (rep=43, index=0): None
204.3191 	EXP 	Sound probe started
204.5337 	EXP 	Sound probe reached end of file
207.3234 	EXP 	New trial (rep=44, index=0): None
208.6612 	EXP 	Sound probe started
208.8738 	EXP 	Sound probe reached end of file
209.1599 	DATA 	Keypress: space
211.6211 	EXP 	New trial (rep=45, index=0): None
212.9171 	EXP 	Sound probe started
213.1338 	EXP 	Sound probe reached end of file
215.7648 	EXP 	New trial (rep=46, index=0): None
217.0834 	EXP 	Sound probe started
217.2937 	EXP 	Sound probe stopped
217.8758 	DATA 	Keypress: space
220.4158 	EXP 	New trial (rep=47, index=0): None
220.4196 	EXP 	Sound probe started
220.6379 	EXP 	Sound probe reached end of file
223.1424 	EXP 	New trial (rep=48, index=0): None
224.4876 	EXP 	Sound probe started
224.7026 	EXP 	Sound probe reached end of file
224.9377 	DATA 	Keypress: space
227.5938 	EXP 	New trial (rep=49, index=0): None
229.0885 	EXP 	Sound probe started
229.2936 	EXP 	Sound probe stopped
229.5760 	DATA 	Keypress: space
232.3273 	EXP 	New trial (rep=50, index=0): None
233.9879 	EXP 	Sound probe started
234.2016 	EXP 	Sound probe reached end of file
238.0046 	EXP 	New trial (rep=51, index=0): None
239.4820 	EXP 	Sound probe started
239.6896 	EXP 	Sound probe stopped
240.0383 	DATA 	Keypress: space
242.9455 	EXP 	New trial (rep=52, index=0): None
244.4149 	EXP 	Sound probe started
244.6293 	EXP 	Sound probe reached end of file
244.9359 	DATA 	Keypress: space
246.5205 	EXP 	New trial (rep=53, index=0): None
246.5216 	EXP 	Sound probe started
246.7416 	EXP 	Sound probe reached end of file
250.4378 	EXP 	New trial (rep=54, index=0): None
251.9611 	EXP 	Sound probe started
252.1693 	EXP 	Sound probe reached end of file
255.3902 	EXP 	New trial (rep=55, index=0): None
256.8587 	EXP 	Sound probe started
257.0699 	EXP 	Sound probe reached end of file
257.5593 	DATA 	Keypress: space
259.8645 	EXP 	New trial (rep=56, index=0): None
261.3916 	EXP 	Sound probe started
261.6016 	EXP 	Sound probe stopped
261.9523 	DATA 	Keypress: space
264.3619 	EXP 	New trial (rep=57, index=0): None
266.2451 	EXP 	Sound probe started
266.4576 	EXP 	Sound probe reached end of file
268.4505 	EXP 	New trial (rep=58, index=0): None
269.9829 	EXP 	Sound probe started
270.1897 	EXP 	Sound probe stopped
270.5246 	DATA 	Keypress: space
273.9952 	EXP 	New trial (rep=59, index=0): None
273.9963 	EXP 	Sound probe started
274.2095 	EXP 	Sound probe reached end of file
277.0304 	EXP 	New trial (rep=60, index=0): None
278.6183 	EXP 	Sound probe started
278.8293 	EXP 	Sound probe stopped
281.2070 	EXP 	New trial (rep=61, index=0): None
282.7825 	EXP 	Sound probe started
282.9976 	EXP 	Sound probe reached end of file
283.7163 	DATA 	Keypress: space
285.7904 	EXP 	New trial (rep=62, index=0): None
287.4740 	EXP 	Sound probe started
287.6855 	EXP 	Sound probe reached end of file
288.0431 	DATA 	Keypress: space
290.1953 	EXP 	New trial (rep=63, index=0): None
290.2030 	EXP 	Sound probe stopped
290.2281 	EXP 	goodbye_text: autoDraw = True
291.8341 	DATA 	Keypress: space
291.8467 	EXP 	goodbye_text: autoDraw = False
291.9689 	EXP 	window1: mouseVisible = True
